[2024-12-04T08:41:05.265+0000] {local_task_job_runner.py:123} INFO - ::group::Pre task execution logs
[2024-12-04T08:41:05.301+0000] {taskinstance.py:2613} INFO - Dependencies all met for dep_context=non-requeueable deps ti=<TaskInstance: dag1.process_task_tag2 scheduled__2024-12-03T00:00:00+00:00 [queued]>
[2024-12-04T08:41:05.337+0000] {taskinstance.py:2613} INFO - Dependencies all met for dep_context=requeueable deps ti=<TaskInstance: dag1.process_task_tag2 scheduled__2024-12-03T00:00:00+00:00 [queued]>
[2024-12-04T08:41:05.339+0000] {taskinstance.py:2866} INFO - Starting attempt 3 of 1
[2024-12-04T08:41:05.407+0000] {taskinstance.py:2889} INFO - Executing <Task(PythonOperator): process_task_tag2> on 2024-12-03 00:00:00+00:00
[2024-12-04T08:41:05.433+0000] {logging_mixin.py:190} WARNING - /home/airflow/.local/lib/python3.12/site-packages/airflow/task/task_runner/standard_task_runner.py:70 DeprecationWarning: This process (pid=134) is multi-threaded, use of fork() may lead to deadlocks in the child.
[2024-12-04T08:41:05.430+0000] {standard_task_runner.py:104} INFO - Running: ['airflow', 'tasks', 'run', 'dag1', 'process_task_tag2', 'scheduled__2024-12-03T00:00:00+00:00', '--job-id', '190', '--raw', '--subdir', 'DAGS_FOLDER/dag_data.py', '--cfg-path', '/tmp/tmprc8p5s15']
[2024-12-04T08:41:05.435+0000] {standard_task_runner.py:72} INFO - Started process 148 to run task
[2024-12-04T08:41:05.436+0000] {standard_task_runner.py:105} INFO - Job 190: Subtask process_task_tag2
[2024-12-04T08:41:05.876+0000] {task_command.py:467} INFO - Running <TaskInstance: dag1.process_task_tag2 scheduled__2024-12-03T00:00:00+00:00 [running]> on host 45770b1a429e
[2024-12-04T08:41:06.113+0000] {taskinstance.py:3132} INFO - Exporting env vars: AIRFLOW_CTX_DAG_OWNER='admin' AIRFLOW_CTX_DAG_ID='dag1' AIRFLOW_CTX_TASK_ID='process_task_tag2' AIRFLOW_CTX_EXECUTION_DATE='2024-12-03T00:00:00+00:00' AIRFLOW_CTX_TRY_NUMBER='3' AIRFLOW_CTX_DAG_RUN_ID='scheduled__2024-12-03T00:00:00+00:00'
[2024-12-04T08:41:06.114+0000] {taskinstance.py:731} INFO - ::endgroup::
[2024-12-04T08:41:06.201+0000] {dag_data.py:49} INFO - Processing chunk:     Invoice ID Branch       City Customer type  Gender  ...      Payment    cogs  gross margin percentage  gross income  Rating
0  750-67-8428      A     Yangon        Member  Female  ...      Ewallet  522.83                 4.761905       26.1415     9.1
1  226-31-3081      C  Naypyitaw        Normal  Female  ...         Cash   76.40                 4.761905        3.8200     9.6
2  631-41-3108      A     Yangon        Normal    Male  ...  Credit card  324.31                 4.761905       16.2155     7.4
3  123-19-1176      A     Yangon        Member    Male  ...      Ewallet  465.76                 4.761905       23.2880     8.4
4  373-73-7910      A     Yangon        Normal    Male  ...      Ewallet  604.17                 4.761905       30.2085     5.3

[5 rows x 17 columns]
[2024-12-04T08:41:36.222+0000] {dag_data.py:49} INFO - Processing chunk:      Invoice ID Branch       City Customer type  Gender  ...      Payment    cogs  gross margin percentage  gross income  Rating
50  326-78-5178      C  Naypyitaw        Member    Male  ...         Cash  639.80                 4.761905       31.9900     9.5
51  162-48-8011      A     Yangon        Member  Female  ...         Cash  222.95                 4.761905       11.1475     8.5
52  616-24-2851      B   Mandalay        Member  Female  ...      Ewallet   71.48                 4.761905        3.5740     6.5
53  778-71-5554      C  Naypyitaw        Member    Male  ...  Credit card   15.43                 4.761905        0.7715     6.1
54  242-55-6721      B   Mandalay        Normal    Male  ...      Ewallet   32.32                 4.761905        1.6160     6.5

[5 rows x 17 columns]
[2024-12-04T08:42:06.236+0000] {dag_data.py:49} INFO - Processing chunk:       Invoice ID Branch       City Customer type  Gender  ... Payment    cogs  gross margin percentage  gross income  Rating
100  163-56-7055      C  Naypyitaw        Member    Male  ...    Cash   48.71                 4.761905        2.4355     4.1
101  189-98-2939      C  Naypyitaw        Normal    Male  ...    Cash  706.95                 4.761905       35.3475     7.2
102  551-21-3069      C  Naypyitaw        Normal  Female  ...    Cash  207.63                 4.761905       10.3815     4.9
103  212-62-1842      A     Yangon        Normal    Male  ...    Cash  349.56                 4.761905       17.4780     9.9
104  716-39-1409      B   Mandalay        Normal    Male  ...    Cash  212.45                 4.761905       10.6225     8.0

[5 rows x 17 columns]
[2024-12-04T08:42:36.244+0000] {dag_data.py:49} INFO - Processing chunk:       Invoice ID Branch       City Customer type  Gender  ...      Payment    cogs  gross margin percentage  gross income  Rating
150  608-96-3517      B   Mandalay        Member  Female  ...  Credit card  366.16                 4.761905        18.308     4.8
151  584-86-7256      C  Naypyitaw        Member    Male  ...  Credit card  241.92                 4.761905        12.096     7.3
152  746-94-0204      A     Yangon        Normal    Male  ...  Credit card  749.16                 4.761905        37.458     7.4
153  214-17-6927      C  Naypyitaw        Normal  Female  ...      Ewallet   98.88                 4.761905         4.944     9.9
154  400-89-4171      C  Naypyitaw        Normal  Female  ...         Cash  647.76                 4.761905        32.388     9.3

[5 rows x 17 columns]
[2024-12-04T08:43:06.255+0000] {dag_data.py:49} INFO - Processing chunk:       Invoice ID Branch       City Customer type  Gender  ...      Payment    cogs  gross margin percentage  gross income  Rating
200  606-80-4905      C  Naypyitaw        Member  Female  ...  Credit card  114.90                 4.761905        5.7450     6.8
201  542-41-0513      B   Mandalay        Member  Female  ...         Cash  229.96                 4.761905       11.4980     6.6
202  426-39-2418      C  Naypyitaw        Normal    Male  ...         Cash  429.87                 4.761905       21.4935     9.8
203  875-46-5808      B   Mandalay        Member    Male  ...      Ewallet  259.00                 4.761905       12.9500     8.7
204  394-43-4238      B   Mandalay        Member    Male  ...  Credit card   88.85                 4.761905        4.4425     5.4

[5 rows x 17 columns]
[2024-12-04T08:43:36.267+0000] {dag_data.py:49} INFO - Processing chunk:       Invoice ID Branch       City Customer type  Gender  ...      Payment    cogs  gross margin percentage  gross income  Rating
250  845-51-0542      B   Mandalay        Member    Male  ...      Ewallet  418.95                 4.761905       20.9475     6.4
251  662-47-5456      C  Naypyitaw        Member    Male  ...  Credit card  351.90                 4.761905       17.5950     8.4
252  883-17-4236      C  Naypyitaw        Normal  Female  ...  Credit card   28.78                 4.761905        1.4390     7.2
253  290-68-2984      A     Yangon        Normal    Male  ...         Cash   95.00                 4.761905        4.7500     5.2
254  704-11-6354      A     Yangon        Member    Male  ...         Cash  471.20                 4.761905       23.5600     8.9

[5 rows x 17 columns]
[2024-12-04T08:44:06.271+0000] {dag_data.py:49} INFO - Processing chunk:       Invoice ID Branch       City Customer type  Gender  ...      Payment    cogs  gross margin percentage  gross income  Rating
300  446-47-6729      C  Naypyitaw        Normal    Male  ...  Credit card  199.64                 4.761905        9.9820     6.7
301  573-10-3877      B   Mandalay        Member    Male  ...  Credit card   39.01                 4.761905        1.9505     4.7
302  735-06-4124      C  Naypyitaw        Normal    Male  ...         Cash   48.61                 4.761905        2.4305     4.4
303  439-54-7422      A     Yangon        Normal  Female  ...  Credit card  204.76                 4.761905       10.2380     4.7
304  396-90-2219      B   Mandalay        Normal  Female  ...         Cash  119.68                 4.761905        5.9840     8.6

[5 rows x 17 columns]
[2024-12-04T08:44:36.286+0000] {dag_data.py:49} INFO - Processing chunk:       Invoice ID Branch       City Customer type  Gender  ...      Payment    cogs  gross margin percentage  gross income  Rating
350  860-79-0874      C  Naypyitaw        Member  Female  ...  Credit card  993.00                 4.761905       49.6500     6.6
351  834-61-8124      A     Yangon        Normal    Male  ...         Cash  361.83                 4.761905       18.0915     5.5
352  115-99-4379      B   Mandalay        Member  Female  ...  Credit card  383.11                 4.761905       19.1555     8.5
353  565-67-6697      B   Mandalay        Member    Male  ...         Cash  243.00                 4.761905       12.1500     4.8
354  320-49-6392      C  Naypyitaw        Normal  Female  ...         Cash   30.24                 4.761905        1.5120     8.4

[5 rows x 17 columns]
[2024-12-04T08:45:06.306+0000] {dag_data.py:49} INFO - Processing chunk:       Invoice ID Branch       City Customer type  Gender  ...      Payment    cogs  gross margin percentage  gross income  Rating
400  110-05-6330      C  Naypyitaw        Normal  Female  ...  Credit card  236.58                 4.761905       11.8290     9.4
401  651-61-0874      C  Naypyitaw        Normal    Male  ...  Credit card  184.88                 4.761905        9.2440     6.2
402  236-86-3015      C  Naypyitaw        Member    Male  ...      Ewallet   13.98                 4.761905        0.6990     9.8
403  831-64-0259      B   Mandalay        Normal  Female  ...      Ewallet  198.75                 4.761905        9.9375     9.6
404  587-03-7455      C  Naypyitaw        Member  Female  ...      Ewallet  684.53                 4.761905       34.2265     4.9

[5 rows x 17 columns]
[2024-12-04T08:45:36.319+0000] {dag_data.py:49} INFO - Processing chunk:       Invoice ID Branch      City Customer type  Gender  ...  Payment    cogs  gross margin percentage  gross income  Rating
450  891-01-7034      B  Mandalay        Normal  Female  ...     Cash  448.26                 4.761905       22.4130     6.7
451  744-09-5786      B  Mandalay        Normal    Male  ...     Cash  132.06                 4.761905        6.6030     7.6
452  727-17-0390      A    Yangon        Normal  Female  ...  Ewallet  318.05                 4.761905       15.9025     4.8
453  568-88-3448      A    Yangon        Normal    Male  ...  Ewallet   25.00                 4.761905        1.2500     5.5
454  187-83-5490      A    Yangon        Member    Male  ...     Cash   83.08                 4.761905        4.1540     4.7

[5 rows x 17 columns]
[2024-12-04T08:46:06.332+0000] {dag_data.py:49} INFO - Processing chunk:       Invoice ID Branch       City Customer type  Gender  ...      Payment    cogs  gross margin percentage  gross income  Rating
500  277-63-2961      B   Mandalay        Member    Male  ...  Credit card   73.97                 4.761905        3.6985     5.4
501  573-98-8548      C  Naypyitaw        Member  Female  ...      Ewallet   31.90                 4.761905        1.5950     9.1
502  620-02-2046      C  Naypyitaw        Normal    Male  ...      Ewallet  138.80                 4.761905        6.9400     9.0
503  282-35-2475      B   Mandalay        Normal  Female  ...         Cash  186.62                 4.761905        9.3310     6.3
504  511-54-3087      B   Mandalay        Normal    Male  ...  Credit card   88.45                 4.761905        4.4225     9.5

[5 rows x 17 columns]
[2024-12-04T08:46:36.348+0000] {dag_data.py:49} INFO - Processing chunk:       Invoice ID Branch       City Customer type  Gender  ...      Payment    cogs  gross margin percentage  gross income  Rating
550  747-58-7183      B   Mandalay        Normal    Male  ...      Ewallet  171.81                 4.761905        8.5905     6.5
551  582-52-8065      B   Mandalay        Normal  Female  ...         Cash  488.79                 4.761905       24.4395     8.9
552  210-57-1719      B   Mandalay        Normal  Female  ...         Cash  524.16                 4.761905       26.2080     9.7
553  399-69-4630      C  Naypyitaw        Normal    Male  ...  Credit card  133.26                 4.761905        6.6630     8.6
554  134-75-2619      A     Yangon        Member    Male  ...         Cash  135.24                 4.761905        6.7620     6.9

[5 rows x 17 columns]
[2024-12-04T08:47:06.360+0000] {dag_data.py:49} INFO - Processing chunk:       Invoice ID Branch       City Customer type  Gender  ...      Payment    cogs  gross margin percentage  gross income  Rating
600  219-61-4139      C  Naypyitaw        Normal    Male  ...      Ewallet   83.08                 4.761905        4.1540     6.4
601  881-41-7302      C  Naypyitaw        Normal  Female  ...  Credit card   64.99                 4.761905        3.2495     4.5
602  373-09-4567      C  Naypyitaw        Normal    Male  ...      Ewallet  775.60                 4.761905       38.7800     6.9
603  642-30-6693      B   Mandalay        Normal  Female  ...      Ewallet  327.06                 4.761905       16.3530     7.8
604  484-22-8230      C  Naypyitaw        Member  Female  ...         Cash  363.23                 4.761905       18.1615     4.5

[5 rows x 17 columns]
[2024-12-04T08:47:36.374+0000] {dag_data.py:49} INFO - Processing chunk:       Invoice ID Branch      City Customer type  Gender  ...      Payment    cogs  gross margin percentage  gross income  Rating
650  369-82-2676      B  Mandalay        Normal    Male  ...      Ewallet  378.30                 4.761905        18.915     7.8
651  563-47-4072      B  Mandalay        Normal  Female  ...         Cash  334.86                 4.761905        16.743     9.9
652  742-04-5161      A    Yangon        Member    Male  ...         Cash  727.80                 4.761905        36.390     7.3
653  149-15-7606      B  Mandalay        Member    Male  ...      Ewallet  335.88                 4.761905        16.794     5.1
654  133-77-3154      B  Mandalay        Member    Male  ...  Credit card  240.72                 4.761905        12.036     9.4

[5 rows x 17 columns]
[2024-12-04T08:47:58.585+0000] {local_task_job_runner.py:346} WARNING - State of this instance has been externally set to success. Terminating instance.
[2024-12-04T08:47:58.588+0000] {local_task_job_runner.py:245} INFO - ::endgroup::
[2024-12-04T08:47:58.591+0000] {process_utils.py:132} INFO - Sending 15 to group 148. PIDs of all processes in the group: [148]
[2024-12-04T08:47:58.593+0000] {process_utils.py:87} INFO - Sending the signal 15 to group 148
[2024-12-04T08:47:58.594+0000] {taskinstance.py:3093} ERROR - Received SIGTERM. Terminating subprocesses.
[2024-12-04T08:47:58.685+0000] {taskinstance.py:340} INFO - ::group::Post task execution logs
[2024-12-04T08:47:58.727+0000] {process_utils.py:80} INFO - Process psutil.Process(pid=148, status='terminated', exitcode=0, started='08:41:04') (148) terminated with exit code 0
