[2024-12-01T00:00:08.823+0000] {local_task_job_runner.py:123} INFO - ::group::Pre task execution logs
[2024-12-01T00:00:08.851+0000] {taskinstance.py:2613} INFO - Dependencies all met for dep_context=non-requeueable deps ti=<TaskInstance: dag1.process_task_tag2 scheduled__2024-11-30T00:00:00+00:00 [queued]>
[2024-12-01T00:00:08.870+0000] {taskinstance.py:2613} INFO - Dependencies all met for dep_context=requeueable deps ti=<TaskInstance: dag1.process_task_tag2 scheduled__2024-11-30T00:00:00+00:00 [queued]>
[2024-12-01T00:00:08.871+0000] {taskinstance.py:2866} INFO - Starting attempt 1 of 1
[2024-12-01T00:00:08.924+0000] {taskinstance.py:2889} INFO - Executing <Task(PythonOperator): process_task_tag2> on 2024-11-30 00:00:00+00:00
[2024-12-01T00:00:08.936+0000] {logging_mixin.py:190} WARNING - /home/airflow/.local/lib/python3.12/site-packages/airflow/task/task_runner/standard_task_runner.py:70 DeprecationWarning: This process (pid=1432) is multi-threaded, use of fork() may lead to deadlocks in the child.
[2024-12-01T00:00:08.938+0000] {standard_task_runner.py:72} INFO - Started process 1446 to run task
[2024-12-01T00:00:08.937+0000] {standard_task_runner.py:104} INFO - Running: ['airflow', 'tasks', 'run', 'dag1', 'process_task_tag2', 'scheduled__2024-11-30T00:00:00+00:00', '--job-id', '34', '--raw', '--subdir', 'DAGS_FOLDER/dag_data.py', '--cfg-path', '/tmp/tmp0z5ntnoc']
[2024-12-01T00:00:08.941+0000] {standard_task_runner.py:105} INFO - Job 34: Subtask process_task_tag2
[2024-12-01T00:00:09.085+0000] {task_command.py:467} INFO - Running <TaskInstance: dag1.process_task_tag2 scheduled__2024-11-30T00:00:00+00:00 [running]> on host 45770b1a429e
[2024-12-01T00:00:09.312+0000] {taskinstance.py:3132} INFO - Exporting env vars: AIRFLOW_CTX_DAG_OWNER='admin' AIRFLOW_CTX_DAG_ID='dag1' AIRFLOW_CTX_TASK_ID='process_task_tag2' AIRFLOW_CTX_EXECUTION_DATE='2024-11-30T00:00:00+00:00' AIRFLOW_CTX_TRY_NUMBER='1' AIRFLOW_CTX_DAG_RUN_ID='scheduled__2024-11-30T00:00:00+00:00'
[2024-12-01T00:00:09.314+0000] {taskinstance.py:731} INFO - ::endgroup::
[2024-12-01T00:00:09.470+0000] {dag_data.py:49} INFO - Processing chunk:     Invoice ID Branch       City  ... gross margin percentage gross income Rating
0  750-67-8428      A     Yangon  ...                4.761905      26.1415    9.1
1  226-31-3081      C  Naypyitaw  ...                4.761905       3.8200    9.6
2  631-41-3108      A     Yangon  ...                4.761905      16.2155    7.4
3  123-19-1176      A     Yangon  ...                4.761905      23.2880    8.4
4  373-73-7910      A     Yangon  ...                4.761905      30.2085    5.3

[5 rows x 17 columns]
[2024-12-01T00:00:39.490+0000] {dag_data.py:49} INFO - Processing chunk:      Invoice ID Branch  ... gross income Rating
50  326-78-5178      C  ...      31.9900    9.5
51  162-48-8011      A  ...      11.1475    8.5
52  616-24-2851      B  ...       3.5740    6.5
53  778-71-5554      C  ...       0.7715    6.1
54  242-55-6721      B  ...       1.6160    6.5

[5 rows x 17 columns]
[2024-12-01T00:06:57.889+0000] {dag_data.py:49} INFO - Processing chunk:       Invoice ID Branch  ... gross income Rating
100  163-56-7055      C  ...       2.4355    4.1
101  189-98-2939      C  ...      35.3475    7.2
102  551-21-3069      C  ...      10.3815    4.9
103  212-62-1842      A  ...      17.4780    9.9
104  716-39-1409      B  ...      10.6225    8.0

[5 rows x 17 columns]
[2024-12-01T00:06:58.937+0000] {job.py:229} INFO - Heartbeat recovered after 359.08 seconds
[2024-12-01T00:07:27.983+0000] {dag_data.py:49} INFO - Processing chunk:       Invoice ID Branch  ... gross income Rating
150  608-96-3517      B  ...       18.308    4.8
151  584-86-7256      C  ...       12.096    7.3
152  746-94-0204      A  ...       37.458    7.4
153  214-17-6927      C  ...        4.944    9.9
154  400-89-4171      C  ...       32.388    9.3

[5 rows x 17 columns]
[2024-12-01T00:07:58.003+0000] {dag_data.py:49} INFO - Processing chunk:       Invoice ID Branch  ... gross income Rating
200  606-80-4905      C  ...       5.7450    6.8
201  542-41-0513      B  ...      11.4980    6.6
202  426-39-2418      C  ...      21.4935    9.8
203  875-46-5808      B  ...      12.9500    8.7
204  394-43-4238      B  ...       4.4425    5.4

[5 rows x 17 columns]
[2024-12-01T00:08:28.030+0000] {dag_data.py:49} INFO - Processing chunk:       Invoice ID Branch  ... gross income Rating
250  845-51-0542      B  ...      20.9475    6.4
251  662-47-5456      C  ...      17.5950    8.4
252  883-17-4236      C  ...       1.4390    7.2
253  290-68-2984      A  ...       4.7500    5.2
254  704-11-6354      A  ...      23.5600    8.9

[5 rows x 17 columns]
[2024-12-01T00:08:58.054+0000] {dag_data.py:49} INFO - Processing chunk:       Invoice ID Branch  ... gross income Rating
300  446-47-6729      C  ...       9.9820    6.7
301  573-10-3877      B  ...       1.9505    4.7
302  735-06-4124      C  ...       2.4305    4.4
303  439-54-7422      A  ...      10.2380    4.7
304  396-90-2219      B  ...       5.9840    8.6

[5 rows x 17 columns]
[2024-12-01T00:09:28.083+0000] {dag_data.py:49} INFO - Processing chunk:       Invoice ID Branch  ... gross income Rating
350  860-79-0874      C  ...      49.6500    6.6
351  834-61-8124      A  ...      18.0915    5.5
352  115-99-4379      B  ...      19.1555    8.5
353  565-67-6697      B  ...      12.1500    4.8
354  320-49-6392      C  ...       1.5120    8.4

[5 rows x 17 columns]
[2024-12-01T00:09:58.110+0000] {dag_data.py:49} INFO - Processing chunk:       Invoice ID Branch  ... gross income Rating
400  110-05-6330      C  ...      11.8290    9.4
401  651-61-0874      C  ...       9.2440    6.2
402  236-86-3015      C  ...       0.6990    9.8
403  831-64-0259      B  ...       9.9375    9.6
404  587-03-7455      C  ...      34.2265    4.9

[5 rows x 17 columns]
[2024-12-01T00:10:28.135+0000] {dag_data.py:49} INFO - Processing chunk:       Invoice ID Branch  ... gross income Rating
450  891-01-7034      B  ...      22.4130    6.7
451  744-09-5786      B  ...       6.6030    7.6
452  727-17-0390      A  ...      15.9025    4.8
453  568-88-3448      A  ...       1.2500    5.5
454  187-83-5490      A  ...       4.1540    4.7

[5 rows x 17 columns]
[2024-12-01T00:10:58.154+0000] {dag_data.py:49} INFO - Processing chunk:       Invoice ID Branch  ... gross income Rating
500  277-63-2961      B  ...       3.6985    5.4
501  573-98-8548      C  ...       1.5950    9.1
502  620-02-2046      C  ...       6.9400    9.0
503  282-35-2475      B  ...       9.3310    6.3
504  511-54-3087      B  ...       4.4225    9.5

[5 rows x 17 columns]
[2024-12-01T00:11:28.185+0000] {dag_data.py:49} INFO - Processing chunk:       Invoice ID Branch  ... gross income Rating
550  747-58-7183      B  ...       8.5905    6.5
551  582-52-8065      B  ...      24.4395    8.9
552  210-57-1719      B  ...      26.2080    9.7
553  399-69-4630      C  ...       6.6630    8.6
554  134-75-2619      A  ...       6.7620    6.9

[5 rows x 17 columns]
[2024-12-01T00:11:58.218+0000] {dag_data.py:49} INFO - Processing chunk:       Invoice ID Branch  ... gross income Rating
600  219-61-4139      C  ...       4.1540    6.4
601  881-41-7302      C  ...       3.2495    4.5
602  373-09-4567      C  ...      38.7800    6.9
603  642-30-6693      B  ...      16.3530    7.8
604  484-22-8230      C  ...      18.1615    4.5

[5 rows x 17 columns]
[2024-12-01T00:12:28.242+0000] {dag_data.py:49} INFO - Processing chunk:       Invoice ID Branch  ... gross income Rating
650  369-82-2676      B  ...       18.915    7.8
651  563-47-4072      B  ...       16.743    9.9
652  742-04-5161      A  ...       36.390    7.3
653  149-15-7606      B  ...       16.794    5.1
654  133-77-3154      B  ...       12.036    9.4

[5 rows x 17 columns]
[2024-12-01T00:12:58.260+0000] {dag_data.py:49} INFO - Processing chunk:       Invoice ID Branch  ... gross income Rating
700  626-43-7888      C  ...      24.1640    9.6
701  176-64-7711      B  ...       4.8480    4.3
702  191-29-0321      B  ...       9.8850    5.0
703  729-06-2010      B  ...      36.2115    9.2
704  640-48-5028      B  ...      39.7755    6.3

[5 rows x 17 columns]
[2024-12-01T00:13:28.278+0000] {dag_data.py:49} INFO - Processing chunk:       Invoice ID Branch  ... gross income Rating
750  210-30-7976      B  ...       4.4640    4.1
751  585-86-8361      A  ...       6.8200    8.6
752  807-14-7833      A  ...       8.7100    7.0
753  775-72-1988      B  ...      18.3200    8.4
754  288-38-3758      C  ...      12.7305    7.4

[5 rows x 17 columns]
[2024-12-01T00:13:58.306+0000] {dag_data.py:49} INFO - Processing chunk:       Invoice ID Branch  ... gross income Rating
800  751-15-6198      B  ...       6.9030    7.9
801  324-41-6833      C  ...      12.0800    5.1
802  474-33-8305      C  ...      23.5865    6.9
803  759-29-9521      A  ...      22.0320    8.0
804  831-81-6575      B  ...      34.0155    8.0

[5 rows x 17 columns]
[2024-12-01T00:14:28.334+0000] {dag_data.py:49} INFO - Processing chunk:       Invoice ID Branch  ... gross income Rating
850  843-73-4724      A  ...       3.7050    9.2
851  409-33-9708      A  ...       9.8480    9.2
852  658-66-3967      C  ...      18.6165    5.0
853  866-70-2814      B  ...      26.3950   10.0
854  160-22-2687      A  ...      23.9875    8.8

[5 rows x 17 columns]
[2024-12-01T00:14:58.359+0000] {dag_data.py:49} INFO - Processing chunk:       Invoice ID Branch  ... gross income Rating
900  377-79-7592      C  ...      20.1780    7.5
901  509-10-0516      B  ...       9.1940    5.1
902  595-94-9924      A  ...       6.9325    4.2
903  865-41-9075      A  ...       4.0355    8.1
904  545-07-8534      C  ...       5.8320    6.0

[5 rows x 17 columns]
[2024-12-01T00:15:28.388+0000] {dag_data.py:49} INFO - Processing chunk:       Invoice ID Branch  ... gross income Rating
950  503-21-4385      B  ...       5.9865    9.3
951  305-89-2768      B  ...       3.2850    4.7
952  574-80-1489      B  ...      12.5700    8.7
953  784-08-0310      C  ...       4.2080    7.6
954  200-40-6154      B  ...      19.7730    5.7

[5 rows x 17 columns]
[2024-12-01T00:15:58.408+0000] {dag_data.py:22} INFO - Message delivered to api [0]
[2024-12-01T00:15:58.409+0000] {dag_data.py:22} INFO - Message delivered to api [0]
[2024-12-01T00:15:58.410+0000] {dag_data.py:22} INFO - Message delivered to api [0]
[2024-12-01T00:15:58.411+0000] {dag_data.py:22} INFO - Message delivered to api [0]
[2024-12-01T00:15:58.412+0000] {dag_data.py:22} INFO - Message delivered to api [0]
[2024-12-01T00:15:58.412+0000] {dag_data.py:22} INFO - Message delivered to api [0]
[2024-12-01T00:15:58.413+0000] {dag_data.py:22} INFO - Message delivered to api [0]
[2024-12-01T00:15:58.414+0000] {dag_data.py:22} INFO - Message delivered to api [0]
[2024-12-01T00:15:58.415+0000] {dag_data.py:22} INFO - Message delivered to api [0]
[2024-12-01T00:15:58.416+0000] {dag_data.py:22} INFO - Message delivered to api [0]
[2024-12-01T00:15:58.417+0000] {dag_data.py:22} INFO - Message delivered to api [0]
[2024-12-01T00:15:58.417+0000] {dag_data.py:22} INFO - Message delivered to api [0]
[2024-12-01T00:15:58.418+0000] {dag_data.py:22} INFO - Message delivered to api [0]
[2024-12-01T00:15:58.419+0000] {dag_data.py:22} INFO - Message delivered to api [0]
[2024-12-01T00:15:58.420+0000] {dag_data.py:22} INFO - Message delivered to api [0]
[2024-12-01T00:15:58.420+0000] {dag_data.py:22} INFO - Message delivered to api [0]
[2024-12-01T00:15:58.421+0000] {dag_data.py:22} INFO - Message delivered to api [0]
[2024-12-01T00:15:58.422+0000] {dag_data.py:22} INFO - Message delivered to api [0]
[2024-12-01T00:15:58.423+0000] {dag_data.py:22} INFO - Message delivered to api [0]
[2024-12-01T00:15:58.423+0000] {dag_data.py:22} INFO - Message delivered to api [0]
[2024-12-01T00:15:58.424+0000] {dag_data.py:22} INFO - Message delivered to api [0]
[2024-12-01T00:15:58.425+0000] {dag_data.py:22} INFO - Message delivered to api [0]
[2024-12-01T00:15:58.426+0000] {dag_data.py:22} INFO - Message delivered to api [0]
[2024-12-01T00:15:58.426+0000] {dag_data.py:22} INFO - Message delivered to api [0]
[2024-12-01T00:15:58.427+0000] {dag_data.py:22} INFO - Message delivered to api [0]
[2024-12-01T00:15:58.428+0000] {dag_data.py:22} INFO - Message delivered to api [0]
[2024-12-01T00:15:58.428+0000] {dag_data.py:22} INFO - Message delivered to api [0]
[2024-12-01T00:15:58.429+0000] {dag_data.py:22} INFO - Message delivered to api [0]
[2024-12-01T00:15:58.429+0000] {dag_data.py:22} INFO - Message delivered to api [0]
[2024-12-01T00:15:58.430+0000] {dag_data.py:22} INFO - Message delivered to api [0]
[2024-12-01T00:15:58.431+0000] {dag_data.py:22} INFO - Message delivered to api [0]
[2024-12-01T00:15:58.432+0000] {dag_data.py:22} INFO - Message delivered to api [0]
[2024-12-01T00:15:58.432+0000] {dag_data.py:22} INFO - Message delivered to api [0]
[2024-12-01T00:15:58.433+0000] {dag_data.py:22} INFO - Message delivered to api [0]
[2024-12-01T00:15:58.434+0000] {dag_data.py:22} INFO - Message delivered to api [0]
[2024-12-01T00:15:58.434+0000] {dag_data.py:22} INFO - Message delivered to api [0]
[2024-12-01T00:15:58.435+0000] {dag_data.py:22} INFO - Message delivered to api [0]
[2024-12-01T00:15:58.435+0000] {dag_data.py:22} INFO - Message delivered to api [0]
[2024-12-01T00:15:58.436+0000] {dag_data.py:22} INFO - Message delivered to api [0]
[2024-12-01T00:15:58.437+0000] {dag_data.py:22} INFO - Message delivered to api [0]
[2024-12-01T00:15:58.437+0000] {dag_data.py:22} INFO - Message delivered to api [0]
[2024-12-01T00:15:58.438+0000] {dag_data.py:22} INFO - Message delivered to api [0]
[2024-12-01T00:15:58.439+0000] {dag_data.py:22} INFO - Message delivered to api [0]
[2024-12-01T00:15:58.439+0000] {dag_data.py:22} INFO - Message delivered to api [0]
[2024-12-01T00:15:58.440+0000] {dag_data.py:22} INFO - Message delivered to api [0]
[2024-12-01T00:15:58.441+0000] {dag_data.py:22} INFO - Message delivered to api [0]
[2024-12-01T00:15:58.442+0000] {dag_data.py:22} INFO - Message delivered to api [0]
[2024-12-01T00:15:58.442+0000] {dag_data.py:22} INFO - Message delivered to api [0]
[2024-12-01T00:15:58.443+0000] {dag_data.py:22} INFO - Message delivered to api [0]
[2024-12-01T00:15:58.444+0000] {dag_data.py:22} INFO - Message delivered to api [0]
[2024-12-01T00:15:58.444+0000] {dag_data.py:22} INFO - Message delivered to api [0]
[2024-12-01T00:15:58.445+0000] {dag_data.py:22} INFO - Message delivered to api [0]
[2024-12-01T00:15:58.446+0000] {dag_data.py:22} INFO - Message delivered to api [0]
[2024-12-01T00:15:58.446+0000] {dag_data.py:22} INFO - Message delivered to api [0]
[2024-12-01T00:15:58.447+0000] {dag_data.py:22} INFO - Message delivered to api [0]
[2024-12-01T00:15:58.448+0000] {dag_data.py:22} INFO - Message delivered to api [0]
[2024-12-01T00:15:58.448+0000] {dag_data.py:22} INFO - Message delivered to api [0]
[2024-12-01T00:15:58.449+0000] {dag_data.py:22} INFO - Message delivered to api [0]
[2024-12-01T00:15:58.450+0000] {dag_data.py:22} INFO - Message delivered to api [0]
[2024-12-01T00:15:58.450+0000] {dag_data.py:22} INFO - Message delivered to api [0]
[2024-12-01T00:15:58.451+0000] {dag_data.py:22} INFO - Message delivered to api [0]
[2024-12-01T00:15:58.452+0000] {dag_data.py:22} INFO - Message delivered to api [0]
[2024-12-01T00:15:58.452+0000] {dag_data.py:22} INFO - Message delivered to api [0]
[2024-12-01T00:15:58.453+0000] {dag_data.py:22} INFO - Message delivered to api [0]
[2024-12-01T00:15:58.453+0000] {dag_data.py:22} INFO - Message delivered to api [0]
[2024-12-01T00:15:58.454+0000] {dag_data.py:22} INFO - Message delivered to api [0]
[2024-12-01T00:15:58.455+0000] {dag_data.py:22} INFO - Message delivered to api [0]
[2024-12-01T00:15:58.455+0000] {dag_data.py:22} INFO - Message delivered to api [0]
[2024-12-01T00:15:58.456+0000] {dag_data.py:22} INFO - Message delivered to api [0]
[2024-12-01T00:15:58.457+0000] {dag_data.py:22} INFO - Message delivered to api [0]
[2024-12-01T00:15:58.457+0000] {dag_data.py:22} INFO - Message delivered to api [0]
[2024-12-01T00:15:58.458+0000] {dag_data.py:22} INFO - Message delivered to api [0]
[2024-12-01T00:15:58.459+0000] {dag_data.py:22} INFO - Message delivered to api [0]
[2024-12-01T00:15:58.459+0000] {dag_data.py:22} INFO - Message delivered to api [0]
[2024-12-01T00:15:58.460+0000] {dag_data.py:22} INFO - Message delivered to api [0]
[2024-12-01T00:15:58.461+0000] {dag_data.py:22} INFO - Message delivered to api [0]
[2024-12-01T00:15:58.461+0000] {dag_data.py:22} INFO - Message delivered to api [0]
[2024-12-01T00:15:58.462+0000] {dag_data.py:22} INFO - Message delivered to api [0]
[2024-12-01T00:15:58.463+0000] {dag_data.py:22} INFO - Message delivered to api [0]
[2024-12-01T00:15:58.463+0000] {dag_data.py:22} INFO - Message delivered to api [0]
[2024-12-01T00:15:58.464+0000] {dag_data.py:22} INFO - Message delivered to api [0]
[2024-12-01T00:15:58.465+0000] {dag_data.py:22} INFO - Message delivered to api [0]
[2024-12-01T00:15:58.465+0000] {dag_data.py:22} INFO - Message delivered to api [0]
[2024-12-01T00:15:58.466+0000] {dag_data.py:22} INFO - Message delivered to api [0]
[2024-12-01T00:15:58.467+0000] {dag_data.py:22} INFO - Message delivered to api [0]
[2024-12-01T00:15:58.467+0000] {dag_data.py:22} INFO - Message delivered to api [0]
[2024-12-01T00:15:58.468+0000] {dag_data.py:22} INFO - Message delivered to api [0]
[2024-12-01T00:15:58.469+0000] {dag_data.py:22} INFO - Message delivered to api [0]
[2024-12-01T00:15:58.469+0000] {dag_data.py:22} INFO - Message delivered to api [0]
[2024-12-01T00:15:58.470+0000] {dag_data.py:22} INFO - Message delivered to api [0]
[2024-12-01T00:15:58.471+0000] {dag_data.py:22} INFO - Message delivered to api [0]
[2024-12-01T00:15:58.472+0000] {dag_data.py:22} INFO - Message delivered to api [0]
[2024-12-01T00:15:58.473+0000] {dag_data.py:22} INFO - Message delivered to api [0]
[2024-12-01T00:15:58.473+0000] {dag_data.py:22} INFO - Message delivered to api [0]
[2024-12-01T00:15:58.474+0000] {dag_data.py:22} INFO - Message delivered to api [0]
[2024-12-01T00:15:58.475+0000] {dag_data.py:22} INFO - Message delivered to api [0]
[2024-12-01T00:15:58.476+0000] {dag_data.py:22} INFO - Message delivered to api [0]
[2024-12-01T00:15:58.476+0000] {dag_data.py:22} INFO - Message delivered to api [0]
[2024-12-01T00:15:58.477+0000] {dag_data.py:22} INFO - Message delivered to api [0]
[2024-12-01T00:15:58.478+0000] {dag_data.py:22} INFO - Message delivered to api [0]
[2024-12-01T00:15:58.479+0000] {dag_data.py:22} INFO - Message delivered to api [0]
[2024-12-01T00:15:58.479+0000] {dag_data.py:22} INFO - Message delivered to api [0]
[2024-12-01T00:15:58.480+0000] {dag_data.py:22} INFO - Message delivered to api [0]
[2024-12-01T00:15:58.480+0000] {dag_data.py:22} INFO - Message delivered to api [0]
[2024-12-01T00:15:58.481+0000] {dag_data.py:22} INFO - Message delivered to api [0]
[2024-12-01T00:15:58.482+0000] {dag_data.py:22} INFO - Message delivered to api [0]
[2024-12-01T00:15:58.482+0000] {dag_data.py:22} INFO - Message delivered to api [0]
[2024-12-01T00:15:58.483+0000] {dag_data.py:22} INFO - Message delivered to api [0]
[2024-12-01T00:15:58.484+0000] {dag_data.py:22} INFO - Message delivered to api [0]
[2024-12-01T00:15:58.484+0000] {dag_data.py:22} INFO - Message delivered to api [0]
[2024-12-01T00:15:58.485+0000] {dag_data.py:22} INFO - Message delivered to api [0]
[2024-12-01T00:15:58.485+0000] {dag_data.py:22} INFO - Message delivered to api [0]
[2024-12-01T00:15:58.486+0000] {dag_data.py:22} INFO - Message delivered to api [0]
[2024-12-01T00:15:58.487+0000] {dag_data.py:22} INFO - Message delivered to api [0]
[2024-12-01T00:15:58.487+0000] {dag_data.py:22} INFO - Message delivered to api [0]
[2024-12-01T00:15:58.488+0000] {dag_data.py:22} INFO - Message delivered to api [0]
[2024-12-01T00:15:58.489+0000] {dag_data.py:22} INFO - Message delivered to api [0]
[2024-12-01T00:15:58.490+0000] {dag_data.py:22} INFO - Message delivered to api [0]
[2024-12-01T00:15:58.491+0000] {dag_data.py:22} INFO - Message delivered to api [0]
[2024-12-01T00:15:58.492+0000] {dag_data.py:22} INFO - Message delivered to api [0]
[2024-12-01T00:15:58.492+0000] {dag_data.py:22} INFO - Message delivered to api [0]
[2024-12-01T00:15:58.493+0000] {dag_data.py:22} INFO - Message delivered to api [0]
[2024-12-01T00:15:58.494+0000] {dag_data.py:22} INFO - Message delivered to api [0]
[2024-12-01T00:15:58.494+0000] {dag_data.py:22} INFO - Message delivered to api [0]
[2024-12-01T00:15:58.495+0000] {dag_data.py:22} INFO - Message delivered to api [0]
[2024-12-01T00:15:58.495+0000] {dag_data.py:22} INFO - Message delivered to api [0]
[2024-12-01T00:15:58.496+0000] {dag_data.py:22} INFO - Message delivered to api [0]
[2024-12-01T00:15:58.497+0000] {dag_data.py:22} INFO - Message delivered to api [0]
[2024-12-01T00:15:58.497+0000] {dag_data.py:22} INFO - Message delivered to api [0]
[2024-12-01T00:15:58.498+0000] {dag_data.py:22} INFO - Message delivered to api [0]
[2024-12-01T00:15:58.499+0000] {dag_data.py:22} INFO - Message delivered to api [0]
[2024-12-01T00:15:58.499+0000] {dag_data.py:22} INFO - Message delivered to api [0]
[2024-12-01T00:15:58.500+0000] {dag_data.py:22} INFO - Message delivered to api [0]
[2024-12-01T00:15:58.501+0000] {dag_data.py:22} INFO - Message delivered to api [0]
[2024-12-01T00:15:58.501+0000] {dag_data.py:22} INFO - Message delivered to api [0]
[2024-12-01T00:15:58.502+0000] {dag_data.py:22} INFO - Message delivered to api [0]
[2024-12-01T00:15:58.503+0000] {dag_data.py:22} INFO - Message delivered to api [0]
[2024-12-01T00:15:58.504+0000] {dag_data.py:22} INFO - Message delivered to api [0]
[2024-12-01T00:15:58.504+0000] {dag_data.py:22} INFO - Message delivered to api [0]
[2024-12-01T00:15:58.505+0000] {dag_data.py:22} INFO - Message delivered to api [0]
[2024-12-01T00:15:58.506+0000] {dag_data.py:22} INFO - Message delivered to api [0]
[2024-12-01T00:15:58.506+0000] {dag_data.py:22} INFO - Message delivered to api [0]
[2024-12-01T00:15:58.507+0000] {dag_data.py:22} INFO - Message delivered to api [0]
[2024-12-01T00:15:58.507+0000] {dag_data.py:22} INFO - Message delivered to api [0]
[2024-12-01T00:15:58.508+0000] {dag_data.py:22} INFO - Message delivered to api [0]
[2024-12-01T00:15:58.509+0000] {dag_data.py:22} INFO - Message delivered to api [0]
[2024-12-01T00:15:58.509+0000] {dag_data.py:22} INFO - Message delivered to api [0]
[2024-12-01T00:15:58.510+0000] {dag_data.py:22} INFO - Message delivered to api [0]
[2024-12-01T00:15:58.511+0000] {dag_data.py:22} INFO - Message delivered to api [0]
[2024-12-01T00:15:58.511+0000] {dag_data.py:22} INFO - Message delivered to api [0]
[2024-12-01T00:15:58.512+0000] {dag_data.py:22} INFO - Message delivered to api [0]
[2024-12-01T00:15:58.513+0000] {dag_data.py:22} INFO - Message delivered to api [0]
[2024-12-01T00:15:58.513+0000] {dag_data.py:22} INFO - Message delivered to api [0]
[2024-12-01T00:15:58.514+0000] {dag_data.py:22} INFO - Message delivered to api [0]
[2024-12-01T00:15:58.514+0000] {dag_data.py:22} INFO - Message delivered to api [0]
[2024-12-01T00:15:58.515+0000] {dag_data.py:22} INFO - Message delivered to api [0]
[2024-12-01T00:15:58.516+0000] {dag_data.py:22} INFO - Message delivered to api [0]
[2024-12-01T00:15:58.517+0000] {dag_data.py:22} INFO - Message delivered to api [0]
[2024-12-01T00:15:58.518+0000] {dag_data.py:22} INFO - Message delivered to api [0]
[2024-12-01T00:15:58.518+0000] {dag_data.py:22} INFO - Message delivered to api [0]
[2024-12-01T00:15:58.519+0000] {dag_data.py:22} INFO - Message delivered to api [0]
[2024-12-01T00:15:58.520+0000] {dag_data.py:22} INFO - Message delivered to api [0]
[2024-12-01T00:15:58.520+0000] {dag_data.py:22} INFO - Message delivered to api [0]
[2024-12-01T00:15:58.521+0000] {dag_data.py:22} INFO - Message delivered to api [0]
[2024-12-01T00:15:58.521+0000] {dag_data.py:22} INFO - Message delivered to api [0]
[2024-12-01T00:15:58.523+0000] {dag_data.py:22} INFO - Message delivered to api [0]
[2024-12-01T00:15:58.523+0000] {dag_data.py:22} INFO - Message delivered to api [0]
[2024-12-01T00:15:58.524+0000] {dag_data.py:22} INFO - Message delivered to api [0]
[2024-12-01T00:15:58.525+0000] {dag_data.py:22} INFO - Message delivered to api [0]
[2024-12-01T00:15:58.525+0000] {dag_data.py:22} INFO - Message delivered to api [0]
[2024-12-01T00:15:58.526+0000] {dag_data.py:22} INFO - Message delivered to api [0]
[2024-12-01T00:15:58.527+0000] {dag_data.py:22} INFO - Message delivered to api [0]
[2024-12-01T00:15:58.527+0000] {dag_data.py:22} INFO - Message delivered to api [0]
[2024-12-01T00:15:58.528+0000] {dag_data.py:22} INFO - Message delivered to api [0]
[2024-12-01T00:15:58.529+0000] {dag_data.py:22} INFO - Message delivered to api [0]
[2024-12-01T00:15:58.530+0000] {dag_data.py:22} INFO - Message delivered to api [0]
[2024-12-01T00:15:58.530+0000] {dag_data.py:22} INFO - Message delivered to api [0]
[2024-12-01T00:15:58.531+0000] {dag_data.py:22} INFO - Message delivered to api [0]
[2024-12-01T00:15:58.532+0000] {dag_data.py:22} INFO - Message delivered to api [0]
[2024-12-01T00:15:58.533+0000] {dag_data.py:22} INFO - Message delivered to api [0]
[2024-12-01T00:15:58.533+0000] {dag_data.py:22} INFO - Message delivered to api [0]
[2024-12-01T00:15:58.534+0000] {dag_data.py:22} INFO - Message delivered to api [0]
[2024-12-01T00:15:58.535+0000] {dag_data.py:22} INFO - Message delivered to api [0]
[2024-12-01T00:15:58.536+0000] {dag_data.py:22} INFO - Message delivered to api [0]
[2024-12-01T00:15:58.536+0000] {dag_data.py:22} INFO - Message delivered to api [0]
[2024-12-01T00:15:58.537+0000] {dag_data.py:22} INFO - Message delivered to api [0]
[2024-12-01T00:15:58.538+0000] {dag_data.py:22} INFO - Message delivered to api [0]
[2024-12-01T00:15:58.538+0000] {dag_data.py:22} INFO - Message delivered to api [0]
[2024-12-01T00:15:58.539+0000] {dag_data.py:22} INFO - Message delivered to api [0]
[2024-12-01T00:15:58.540+0000] {dag_data.py:22} INFO - Message delivered to api [0]
[2024-12-01T00:15:58.540+0000] {dag_data.py:22} INFO - Message delivered to api [0]
[2024-12-01T00:15:58.541+0000] {dag_data.py:22} INFO - Message delivered to api [0]
[2024-12-01T00:15:58.542+0000] {dag_data.py:22} INFO - Message delivered to api [0]
[2024-12-01T00:15:58.543+0000] {dag_data.py:22} INFO - Message delivered to api [0]
[2024-12-01T00:15:58.544+0000] {dag_data.py:22} INFO - Message delivered to api [0]
[2024-12-01T00:15:58.544+0000] {dag_data.py:22} INFO - Message delivered to api [0]
[2024-12-01T00:15:58.545+0000] {dag_data.py:22} INFO - Message delivered to api [0]
[2024-12-01T00:15:58.546+0000] {dag_data.py:22} INFO - Message delivered to api [0]
[2024-12-01T00:15:58.546+0000] {dag_data.py:22} INFO - Message delivered to api [0]
[2024-12-01T00:15:58.547+0000] {dag_data.py:22} INFO - Message delivered to api [0]
[2024-12-01T00:15:58.548+0000] {dag_data.py:22} INFO - Message delivered to api [0]
[2024-12-01T00:15:58.549+0000] {dag_data.py:22} INFO - Message delivered to api [0]
[2024-12-01T00:15:58.550+0000] {dag_data.py:22} INFO - Message delivered to api [0]
[2024-12-01T00:15:58.550+0000] {dag_data.py:22} INFO - Message delivered to api [0]
[2024-12-01T00:15:58.551+0000] {dag_data.py:22} INFO - Message delivered to api [0]
[2024-12-01T00:15:58.551+0000] {dag_data.py:22} INFO - Message delivered to api [0]
[2024-12-01T00:15:58.552+0000] {dag_data.py:22} INFO - Message delivered to api [0]
[2024-12-01T00:15:58.553+0000] {dag_data.py:22} INFO - Message delivered to api [0]
[2024-12-01T00:15:58.553+0000] {dag_data.py:22} INFO - Message delivered to api [0]
[2024-12-01T00:15:58.554+0000] {dag_data.py:22} INFO - Message delivered to api [0]
[2024-12-01T00:15:58.554+0000] {dag_data.py:22} INFO - Message delivered to api [0]
[2024-12-01T00:15:58.555+0000] {dag_data.py:22} INFO - Message delivered to api [0]
[2024-12-01T00:15:58.556+0000] {dag_data.py:22} INFO - Message delivered to api [0]
[2024-12-01T00:15:58.557+0000] {dag_data.py:22} INFO - Message delivered to api [0]
[2024-12-01T00:15:58.557+0000] {dag_data.py:22} INFO - Message delivered to api [0]
[2024-12-01T00:15:58.558+0000] {dag_data.py:22} INFO - Message delivered to api [0]
[2024-12-01T00:15:58.559+0000] {dag_data.py:22} INFO - Message delivered to api [0]
[2024-12-01T00:15:58.559+0000] {dag_data.py:22} INFO - Message delivered to api [0]
[2024-12-01T00:15:58.560+0000] {dag_data.py:22} INFO - Message delivered to api [0]
[2024-12-01T00:15:58.561+0000] {dag_data.py:22} INFO - Message delivered to api [0]
[2024-12-01T00:15:58.561+0000] {dag_data.py:22} INFO - Message delivered to api [0]
[2024-12-01T00:15:58.562+0000] {dag_data.py:22} INFO - Message delivered to api [0]
[2024-12-01T00:15:58.563+0000] {dag_data.py:22} INFO - Message delivered to api [0]
[2024-12-01T00:15:58.563+0000] {dag_data.py:22} INFO - Message delivered to api [0]
[2024-12-01T00:15:58.564+0000] {dag_data.py:22} INFO - Message delivered to api [0]
[2024-12-01T00:15:58.565+0000] {dag_data.py:22} INFO - Message delivered to api [0]
[2024-12-01T00:15:58.565+0000] {dag_data.py:22} INFO - Message delivered to api [0]
[2024-12-01T00:15:58.566+0000] {dag_data.py:22} INFO - Message delivered to api [0]
[2024-12-01T00:15:58.567+0000] {dag_data.py:22} INFO - Message delivered to api [0]
[2024-12-01T00:15:58.567+0000] {dag_data.py:22} INFO - Message delivered to api [0]
[2024-12-01T00:15:58.568+0000] {dag_data.py:22} INFO - Message delivered to api [0]
[2024-12-01T00:15:58.568+0000] {dag_data.py:22} INFO - Message delivered to api [0]
[2024-12-01T00:15:58.569+0000] {dag_data.py:22} INFO - Message delivered to api [0]
[2024-12-01T00:15:58.570+0000] {dag_data.py:22} INFO - Message delivered to api [0]
[2024-12-01T00:15:58.571+0000] {dag_data.py:22} INFO - Message delivered to api [0]
[2024-12-01T00:15:58.571+0000] {dag_data.py:22} INFO - Message delivered to api [0]
[2024-12-01T00:15:58.572+0000] {dag_data.py:22} INFO - Message delivered to api [0]
[2024-12-01T00:15:58.572+0000] {dag_data.py:22} INFO - Message delivered to api [0]
[2024-12-01T00:15:58.573+0000] {dag_data.py:22} INFO - Message delivered to api [0]
[2024-12-01T00:15:58.574+0000] {dag_data.py:22} INFO - Message delivered to api [0]
[2024-12-01T00:15:58.574+0000] {dag_data.py:22} INFO - Message delivered to api [0]
[2024-12-01T00:15:58.575+0000] {dag_data.py:22} INFO - Message delivered to api [0]
[2024-12-01T00:15:58.576+0000] {dag_data.py:22} INFO - Message delivered to api [0]
[2024-12-01T00:15:58.576+0000] {dag_data.py:22} INFO - Message delivered to api [0]
[2024-12-01T00:15:58.577+0000] {dag_data.py:22} INFO - Message delivered to api [0]
[2024-12-01T00:15:58.578+0000] {dag_data.py:22} INFO - Message delivered to api [0]
[2024-12-01T00:15:58.578+0000] {dag_data.py:22} INFO - Message delivered to api [0]
[2024-12-01T00:15:58.579+0000] {dag_data.py:22} INFO - Message delivered to api [0]
[2024-12-01T00:15:58.579+0000] {dag_data.py:22} INFO - Message delivered to api [0]
[2024-12-01T00:15:58.580+0000] {dag_data.py:22} INFO - Message delivered to api [0]
[2024-12-01T00:15:58.580+0000] {dag_data.py:22} INFO - Message delivered to api [0]
[2024-12-01T00:15:58.581+0000] {dag_data.py:22} INFO - Message delivered to api [0]
[2024-12-01T00:15:58.582+0000] {dag_data.py:22} INFO - Message delivered to api [0]
[2024-12-01T00:15:58.582+0000] {dag_data.py:22} INFO - Message delivered to api [0]
[2024-12-01T00:15:58.583+0000] {dag_data.py:22} INFO - Message delivered to api [0]
[2024-12-01T00:15:58.584+0000] {dag_data.py:22} INFO - Message delivered to api [0]
[2024-12-01T00:15:58.584+0000] {dag_data.py:22} INFO - Message delivered to api [0]
[2024-12-01T00:15:58.585+0000] {dag_data.py:22} INFO - Message delivered to api [0]
[2024-12-01T00:15:58.586+0000] {dag_data.py:22} INFO - Message delivered to api [0]
[2024-12-01T00:15:58.586+0000] {dag_data.py:22} INFO - Message delivered to api [0]
[2024-12-01T00:15:58.587+0000] {dag_data.py:22} INFO - Message delivered to api [0]
[2024-12-01T00:15:58.588+0000] {dag_data.py:22} INFO - Message delivered to api [0]
[2024-12-01T00:15:58.588+0000] {dag_data.py:22} INFO - Message delivered to api [0]
[2024-12-01T00:15:58.589+0000] {dag_data.py:22} INFO - Message delivered to api [0]
[2024-12-01T00:15:58.590+0000] {dag_data.py:22} INFO - Message delivered to api [0]
[2024-12-01T00:15:58.590+0000] {dag_data.py:22} INFO - Message delivered to api [0]
[2024-12-01T00:15:58.591+0000] {dag_data.py:22} INFO - Message delivered to api [0]
[2024-12-01T00:15:58.591+0000] {dag_data.py:22} INFO - Message delivered to api [0]
[2024-12-01T00:15:58.592+0000] {dag_data.py:22} INFO - Message delivered to api [0]
[2024-12-01T00:15:58.593+0000] {dag_data.py:22} INFO - Message delivered to api [0]
[2024-12-01T00:15:58.594+0000] {dag_data.py:22} INFO - Message delivered to api [0]
[2024-12-01T00:15:58.594+0000] {dag_data.py:22} INFO - Message delivered to api [0]
[2024-12-01T00:15:58.595+0000] {dag_data.py:22} INFO - Message delivered to api [0]
[2024-12-01T00:15:58.596+0000] {dag_data.py:22} INFO - Message delivered to api [0]
[2024-12-01T00:15:58.596+0000] {dag_data.py:22} INFO - Message delivered to api [0]
[2024-12-01T00:15:58.597+0000] {dag_data.py:22} INFO - Message delivered to api [0]
[2024-12-01T00:15:58.598+0000] {dag_data.py:22} INFO - Message delivered to api [0]
[2024-12-01T00:15:58.598+0000] {dag_data.py:22} INFO - Message delivered to api [0]
[2024-12-01T00:15:58.599+0000] {dag_data.py:22} INFO - Message delivered to api [0]
[2024-12-01T00:15:58.600+0000] {dag_data.py:22} INFO - Message delivered to api [0]
[2024-12-01T00:15:58.600+0000] {dag_data.py:22} INFO - Message delivered to api [0]
[2024-12-01T00:15:58.601+0000] {dag_data.py:22} INFO - Message delivered to api [0]
[2024-12-01T00:15:58.602+0000] {dag_data.py:22} INFO - Message delivered to api [0]
[2024-12-01T00:15:58.602+0000] {dag_data.py:22} INFO - Message delivered to api [0]
[2024-12-01T00:15:58.603+0000] {dag_data.py:22} INFO - Message delivered to api [0]
[2024-12-01T00:15:58.603+0000] {dag_data.py:22} INFO - Message delivered to api [0]
[2024-12-01T00:15:58.604+0000] {dag_data.py:22} INFO - Message delivered to api [0]
[2024-12-01T00:15:58.605+0000] {dag_data.py:22} INFO - Message delivered to api [0]
[2024-12-01T00:15:58.605+0000] {dag_data.py:22} INFO - Message delivered to api [0]
[2024-12-01T00:15:58.606+0000] {dag_data.py:22} INFO - Message delivered to api [0]
[2024-12-01T00:15:58.607+0000] {dag_data.py:22} INFO - Message delivered to api [0]
[2024-12-01T00:15:58.607+0000] {dag_data.py:22} INFO - Message delivered to api [0]
[2024-12-01T00:15:58.608+0000] {dag_data.py:22} INFO - Message delivered to api [0]
[2024-12-01T00:15:58.609+0000] {dag_data.py:22} INFO - Message delivered to api [0]
[2024-12-01T00:15:58.609+0000] {dag_data.py:22} INFO - Message delivered to api [0]
[2024-12-01T00:15:58.610+0000] {dag_data.py:22} INFO - Message delivered to api [0]
[2024-12-01T00:15:58.610+0000] {dag_data.py:22} INFO - Message delivered to api [0]
[2024-12-01T00:15:58.611+0000] {dag_data.py:22} INFO - Message delivered to api [0]
[2024-12-01T00:15:58.612+0000] {dag_data.py:22} INFO - Message delivered to api [0]
[2024-12-01T00:15:58.612+0000] {dag_data.py:22} INFO - Message delivered to api [0]
[2024-12-01T00:15:58.613+0000] {dag_data.py:22} INFO - Message delivered to api [0]
[2024-12-01T00:15:58.613+0000] {dag_data.py:22} INFO - Message delivered to api [0]
[2024-12-01T00:15:58.614+0000] {dag_data.py:22} INFO - Message delivered to api [0]
[2024-12-01T00:15:58.615+0000] {dag_data.py:22} INFO - Message delivered to api [0]
[2024-12-01T00:15:58.615+0000] {dag_data.py:22} INFO - Message delivered to api [0]
[2024-12-01T00:15:58.616+0000] {dag_data.py:22} INFO - Message delivered to api [0]
[2024-12-01T00:15:58.617+0000] {dag_data.py:22} INFO - Message delivered to api [0]
[2024-12-01T00:15:58.617+0000] {dag_data.py:22} INFO - Message delivered to api [0]
[2024-12-01T00:15:58.618+0000] {dag_data.py:22} INFO - Message delivered to api [0]
[2024-12-01T00:15:58.618+0000] {dag_data.py:22} INFO - Message delivered to api [0]
[2024-12-01T00:15:58.619+0000] {dag_data.py:22} INFO - Message delivered to api [0]
[2024-12-01T00:15:58.620+0000] {dag_data.py:22} INFO - Message delivered to api [0]
[2024-12-01T00:15:58.620+0000] {dag_data.py:22} INFO - Message delivered to api [0]
[2024-12-01T00:15:58.621+0000] {dag_data.py:22} INFO - Message delivered to api [0]
[2024-12-01T00:15:58.622+0000] {dag_data.py:22} INFO - Message delivered to api [0]
[2024-12-01T00:15:58.622+0000] {dag_data.py:22} INFO - Message delivered to api [0]
[2024-12-01T00:15:58.623+0000] {dag_data.py:22} INFO - Message delivered to api [0]
[2024-12-01T00:15:58.624+0000] {dag_data.py:22} INFO - Message delivered to api [0]
[2024-12-01T00:15:58.624+0000] {dag_data.py:22} INFO - Message delivered to api [0]
[2024-12-01T00:15:58.625+0000] {dag_data.py:22} INFO - Message delivered to api [0]
[2024-12-01T00:15:58.626+0000] {dag_data.py:22} INFO - Message delivered to api [0]
[2024-12-01T00:15:58.626+0000] {dag_data.py:22} INFO - Message delivered to api [0]
[2024-12-01T00:15:58.627+0000] {dag_data.py:22} INFO - Message delivered to api [0]
[2024-12-01T00:15:58.628+0000] {dag_data.py:22} INFO - Message delivered to api [0]
[2024-12-01T00:15:58.628+0000] {dag_data.py:22} INFO - Message delivered to api [0]
[2024-12-01T00:15:58.629+0000] {dag_data.py:22} INFO - Message delivered to api [0]
[2024-12-01T00:15:58.629+0000] {dag_data.py:22} INFO - Message delivered to api [0]
[2024-12-01T00:15:58.630+0000] {dag_data.py:22} INFO - Message delivered to api [0]
[2024-12-01T00:15:58.631+0000] {dag_data.py:22} INFO - Message delivered to api [0]
[2024-12-01T00:15:58.631+0000] {dag_data.py:22} INFO - Message delivered to api [0]
[2024-12-01T00:15:58.632+0000] {dag_data.py:22} INFO - Message delivered to api [0]
[2024-12-01T00:15:58.633+0000] {dag_data.py:22} INFO - Message delivered to api [0]
[2024-12-01T00:15:58.633+0000] {dag_data.py:22} INFO - Message delivered to api [0]
[2024-12-01T00:15:58.634+0000] {dag_data.py:22} INFO - Message delivered to api [0]
[2024-12-01T00:15:58.635+0000] {dag_data.py:22} INFO - Message delivered to api [0]
[2024-12-01T00:15:58.636+0000] {dag_data.py:22} INFO - Message delivered to api [0]
[2024-12-01T00:15:58.636+0000] {dag_data.py:22} INFO - Message delivered to api [0]
[2024-12-01T00:15:58.637+0000] {dag_data.py:22} INFO - Message delivered to api [0]
[2024-12-01T00:15:58.637+0000] {dag_data.py:22} INFO - Message delivered to api [0]
[2024-12-01T00:15:58.638+0000] {dag_data.py:22} INFO - Message delivered to api [0]
[2024-12-01T00:15:58.639+0000] {dag_data.py:22} INFO - Message delivered to api [0]
[2024-12-01T00:15:58.639+0000] {dag_data.py:22} INFO - Message delivered to api [0]
[2024-12-01T00:15:58.640+0000] {dag_data.py:22} INFO - Message delivered to api [0]
[2024-12-01T00:15:58.641+0000] {dag_data.py:22} INFO - Message delivered to api [0]
[2024-12-01T00:15:58.642+0000] {dag_data.py:22} INFO - Message delivered to api [0]
[2024-12-01T00:15:58.642+0000] {dag_data.py:22} INFO - Message delivered to api [0]
[2024-12-01T00:15:58.643+0000] {dag_data.py:22} INFO - Message delivered to api [0]
[2024-12-01T00:15:58.644+0000] {dag_data.py:22} INFO - Message delivered to api [0]
[2024-12-01T00:15:58.644+0000] {dag_data.py:22} INFO - Message delivered to api [0]
[2024-12-01T00:15:58.645+0000] {dag_data.py:22} INFO - Message delivered to api [0]
[2024-12-01T00:15:58.646+0000] {dag_data.py:22} INFO - Message delivered to api [0]
[2024-12-01T00:15:58.646+0000] {dag_data.py:22} INFO - Message delivered to api [0]
[2024-12-01T00:15:58.647+0000] {dag_data.py:22} INFO - Message delivered to api [0]
[2024-12-01T00:15:58.647+0000] {dag_data.py:22} INFO - Message delivered to api [0]
[2024-12-01T00:15:58.648+0000] {dag_data.py:22} INFO - Message delivered to api [0]
[2024-12-01T00:15:58.649+0000] {dag_data.py:22} INFO - Message delivered to api [0]
[2024-12-01T00:15:58.649+0000] {dag_data.py:22} INFO - Message delivered to api [0]
[2024-12-01T00:15:58.650+0000] {dag_data.py:22} INFO - Message delivered to api [0]
[2024-12-01T00:15:58.651+0000] {dag_data.py:22} INFO - Message delivered to api [0]
[2024-12-01T00:15:58.651+0000] {dag_data.py:22} INFO - Message delivered to api [0]
[2024-12-01T00:15:58.652+0000] {dag_data.py:22} INFO - Message delivered to api [0]
[2024-12-01T00:15:58.653+0000] {dag_data.py:22} INFO - Message delivered to api [0]
[2024-12-01T00:15:58.653+0000] {dag_data.py:22} INFO - Message delivered to api [0]
[2024-12-01T00:15:58.654+0000] {dag_data.py:22} INFO - Message delivered to api [0]
[2024-12-01T00:15:58.655+0000] {dag_data.py:22} INFO - Message delivered to api [0]
[2024-12-01T00:15:58.656+0000] {dag_data.py:22} INFO - Message delivered to api [0]
[2024-12-01T00:15:58.656+0000] {dag_data.py:22} INFO - Message delivered to api [0]
[2024-12-01T00:15:58.657+0000] {dag_data.py:22} INFO - Message delivered to api [0]
[2024-12-01T00:15:58.658+0000] {dag_data.py:22} INFO - Message delivered to api [0]
[2024-12-01T00:15:58.658+0000] {dag_data.py:22} INFO - Message delivered to api [0]
[2024-12-01T00:15:58.659+0000] {dag_data.py:22} INFO - Message delivered to api [0]
[2024-12-01T00:15:58.660+0000] {dag_data.py:22} INFO - Message delivered to api [0]
[2024-12-01T00:15:58.661+0000] {dag_data.py:22} INFO - Message delivered to api [0]
[2024-12-01T00:15:58.661+0000] {dag_data.py:22} INFO - Message delivered to api [0]
[2024-12-01T00:15:58.662+0000] {dag_data.py:22} INFO - Message delivered to api [0]
[2024-12-01T00:15:58.663+0000] {dag_data.py:22} INFO - Message delivered to api [0]
[2024-12-01T00:15:58.663+0000] {dag_data.py:22} INFO - Message delivered to api [0]
[2024-12-01T00:15:58.664+0000] {dag_data.py:22} INFO - Message delivered to api [0]
[2024-12-01T00:15:58.665+0000] {dag_data.py:22} INFO - Message delivered to api [0]
[2024-12-01T00:15:58.665+0000] {dag_data.py:22} INFO - Message delivered to api [0]
[2024-12-01T00:15:58.666+0000] {dag_data.py:22} INFO - Message delivered to api [0]
[2024-12-01T00:15:58.666+0000] {dag_data.py:22} INFO - Message delivered to api [0]
[2024-12-01T00:15:58.667+0000] {dag_data.py:22} INFO - Message delivered to api [0]
[2024-12-01T00:15:58.668+0000] {dag_data.py:22} INFO - Message delivered to api [0]
[2024-12-01T00:15:58.668+0000] {dag_data.py:22} INFO - Message delivered to api [0]
[2024-12-01T00:15:58.669+0000] {dag_data.py:22} INFO - Message delivered to api [0]
[2024-12-01T00:15:58.670+0000] {dag_data.py:22} INFO - Message delivered to api [0]
[2024-12-01T00:15:58.670+0000] {dag_data.py:22} INFO - Message delivered to api [0]
[2024-12-01T00:15:58.671+0000] {dag_data.py:22} INFO - Message delivered to api [0]
[2024-12-01T00:15:58.672+0000] {dag_data.py:22} INFO - Message delivered to api [0]
[2024-12-01T00:15:58.672+0000] {dag_data.py:22} INFO - Message delivered to api [0]
[2024-12-01T00:15:58.673+0000] {dag_data.py:22} INFO - Message delivered to api [0]
[2024-12-01T00:15:58.674+0000] {dag_data.py:22} INFO - Message delivered to api [0]
[2024-12-01T00:15:58.674+0000] {dag_data.py:22} INFO - Message delivered to api [0]
[2024-12-01T00:15:58.675+0000] {dag_data.py:22} INFO - Message delivered to api [0]
[2024-12-01T00:15:58.676+0000] {dag_data.py:22} INFO - Message delivered to api [0]
[2024-12-01T00:15:58.677+0000] {dag_data.py:22} INFO - Message delivered to api [0]
[2024-12-01T00:15:58.677+0000] {dag_data.py:22} INFO - Message delivered to api [0]
[2024-12-01T00:15:58.678+0000] {dag_data.py:22} INFO - Message delivered to api [0]
[2024-12-01T00:15:58.678+0000] {dag_data.py:22} INFO - Message delivered to api [0]
[2024-12-01T00:15:58.679+0000] {dag_data.py:22} INFO - Message delivered to api [0]
[2024-12-01T00:15:58.680+0000] {dag_data.py:22} INFO - Message delivered to api [0]
[2024-12-01T00:15:58.681+0000] {dag_data.py:22} INFO - Message delivered to api [0]
[2024-12-01T00:15:58.681+0000] {dag_data.py:22} INFO - Message delivered to api [0]
[2024-12-01T00:15:58.682+0000] {dag_data.py:22} INFO - Message delivered to api [0]
[2024-12-01T00:15:58.683+0000] {dag_data.py:22} INFO - Message delivered to api [0]
[2024-12-01T00:15:58.683+0000] {dag_data.py:22} INFO - Message delivered to api [0]
[2024-12-01T00:15:58.684+0000] {dag_data.py:22} INFO - Message delivered to api [0]
[2024-12-01T00:15:58.685+0000] {dag_data.py:22} INFO - Message delivered to api [0]
[2024-12-01T00:15:58.685+0000] {dag_data.py:22} INFO - Message delivered to api [0]
[2024-12-01T00:15:58.686+0000] {dag_data.py:22} INFO - Message delivered to api [0]
[2024-12-01T00:15:58.687+0000] {dag_data.py:22} INFO - Message delivered to api [0]
[2024-12-01T00:15:58.687+0000] {dag_data.py:22} INFO - Message delivered to api [0]
[2024-12-01T00:15:58.688+0000] {dag_data.py:22} INFO - Message delivered to api [0]
[2024-12-01T00:15:58.689+0000] {dag_data.py:22} INFO - Message delivered to api [0]
[2024-12-01T00:15:58.689+0000] {dag_data.py:22} INFO - Message delivered to api [0]
[2024-12-01T00:15:58.690+0000] {dag_data.py:22} INFO - Message delivered to api [0]
[2024-12-01T00:15:58.691+0000] {dag_data.py:22} INFO - Message delivered to api [0]
[2024-12-01T00:15:58.691+0000] {dag_data.py:22} INFO - Message delivered to api [0]
[2024-12-01T00:15:58.692+0000] {dag_data.py:22} INFO - Message delivered to api [0]
[2024-12-01T00:15:58.693+0000] {dag_data.py:22} INFO - Message delivered to api [0]
[2024-12-01T00:15:58.693+0000] {dag_data.py:22} INFO - Message delivered to api [0]
[2024-12-01T00:15:58.694+0000] {dag_data.py:22} INFO - Message delivered to api [0]
[2024-12-01T00:15:58.695+0000] {dag_data.py:22} INFO - Message delivered to api [0]
[2024-12-01T00:15:58.695+0000] {dag_data.py:22} INFO - Message delivered to api [0]
[2024-12-01T00:15:58.696+0000] {dag_data.py:22} INFO - Message delivered to api [0]
[2024-12-01T00:15:58.697+0000] {dag_data.py:22} INFO - Message delivered to api [0]
[2024-12-01T00:15:58.697+0000] {dag_data.py:22} INFO - Message delivered to api [0]
[2024-12-01T00:15:58.698+0000] {dag_data.py:22} INFO - Message delivered to api [0]
[2024-12-01T00:15:58.698+0000] {dag_data.py:22} INFO - Message delivered to api [0]
[2024-12-01T00:15:58.699+0000] {dag_data.py:22} INFO - Message delivered to api [0]
[2024-12-01T00:15:58.700+0000] {dag_data.py:22} INFO - Message delivered to api [0]
[2024-12-01T00:15:58.700+0000] {dag_data.py:22} INFO - Message delivered to api [0]
[2024-12-01T00:15:58.701+0000] {dag_data.py:22} INFO - Message delivered to api [0]
[2024-12-01T00:15:58.702+0000] {dag_data.py:22} INFO - Message delivered to api [0]
[2024-12-01T00:15:58.702+0000] {dag_data.py:22} INFO - Message delivered to api [0]
[2024-12-01T00:15:58.703+0000] {dag_data.py:22} INFO - Message delivered to api [0]
[2024-12-01T00:15:58.704+0000] {dag_data.py:22} INFO - Message delivered to api [0]
[2024-12-01T00:15:58.704+0000] {dag_data.py:22} INFO - Message delivered to api [0]
[2024-12-01T00:15:58.705+0000] {dag_data.py:22} INFO - Message delivered to api [0]
[2024-12-01T00:15:58.706+0000] {dag_data.py:22} INFO - Message delivered to api [0]
[2024-12-01T00:15:58.706+0000] {dag_data.py:22} INFO - Message delivered to api [0]
[2024-12-01T00:15:58.707+0000] {dag_data.py:22} INFO - Message delivered to api [0]
[2024-12-01T00:15:58.708+0000] {dag_data.py:22} INFO - Message delivered to api [0]
[2024-12-01T00:15:58.708+0000] {dag_data.py:22} INFO - Message delivered to api [0]
[2024-12-01T00:15:58.709+0000] {dag_data.py:22} INFO - Message delivered to api [0]
[2024-12-01T00:15:58.710+0000] {dag_data.py:22} INFO - Message delivered to api [0]
[2024-12-01T00:15:58.710+0000] {dag_data.py:22} INFO - Message delivered to api [0]
[2024-12-01T00:15:58.711+0000] {dag_data.py:22} INFO - Message delivered to api [0]
[2024-12-01T00:15:58.711+0000] {dag_data.py:22} INFO - Message delivered to api [0]
[2024-12-01T00:15:58.712+0000] {dag_data.py:22} INFO - Message delivered to api [0]
[2024-12-01T00:15:58.713+0000] {dag_data.py:22} INFO - Message delivered to api [0]
[2024-12-01T00:15:58.713+0000] {dag_data.py:22} INFO - Message delivered to api [0]
[2024-12-01T00:15:58.714+0000] {dag_data.py:22} INFO - Message delivered to api [0]
[2024-12-01T00:15:58.714+0000] {dag_data.py:22} INFO - Message delivered to api [0]
[2024-12-01T00:15:58.715+0000] {dag_data.py:22} INFO - Message delivered to api [0]
[2024-12-01T00:15:58.716+0000] {dag_data.py:22} INFO - Message delivered to api [0]
[2024-12-01T00:15:58.716+0000] {dag_data.py:22} INFO - Message delivered to api [0]
[2024-12-01T00:15:58.717+0000] {dag_data.py:22} INFO - Message delivered to api [0]
[2024-12-01T00:15:58.718+0000] {dag_data.py:22} INFO - Message delivered to api [0]
[2024-12-01T00:15:58.718+0000] {dag_data.py:22} INFO - Message delivered to api [0]
[2024-12-01T00:15:58.719+0000] {dag_data.py:22} INFO - Message delivered to api [0]
[2024-12-01T00:15:58.720+0000] {dag_data.py:22} INFO - Message delivered to api [0]
[2024-12-01T00:15:58.720+0000] {dag_data.py:22} INFO - Message delivered to api [0]
[2024-12-01T00:15:58.721+0000] {dag_data.py:22} INFO - Message delivered to api [0]
[2024-12-01T00:15:58.722+0000] {dag_data.py:22} INFO - Message delivered to api [0]
[2024-12-01T00:15:58.722+0000] {dag_data.py:22} INFO - Message delivered to api [0]
[2024-12-01T00:15:58.723+0000] {dag_data.py:22} INFO - Message delivered to api [0]
[2024-12-01T00:15:58.724+0000] {dag_data.py:22} INFO - Message delivered to api [0]
[2024-12-01T00:15:58.724+0000] {dag_data.py:22} INFO - Message delivered to api [0]
[2024-12-01T00:15:58.725+0000] {dag_data.py:22} INFO - Message delivered to api [0]
[2024-12-01T00:15:58.726+0000] {dag_data.py:22} INFO - Message delivered to api [0]
[2024-12-01T00:15:58.726+0000] {dag_data.py:22} INFO - Message delivered to api [0]
[2024-12-01T00:15:58.727+0000] {dag_data.py:22} INFO - Message delivered to api [0]
[2024-12-01T00:15:58.728+0000] {dag_data.py:22} INFO - Message delivered to api [0]
[2024-12-01T00:15:58.728+0000] {dag_data.py:22} INFO - Message delivered to api [0]
[2024-12-01T00:15:58.729+0000] {dag_data.py:22} INFO - Message delivered to api [0]
[2024-12-01T00:15:58.729+0000] {dag_data.py:22} INFO - Message delivered to api [0]
[2024-12-01T00:15:58.730+0000] {dag_data.py:22} INFO - Message delivered to api [0]
[2024-12-01T00:15:58.731+0000] {dag_data.py:22} INFO - Message delivered to api [0]
[2024-12-01T00:15:58.731+0000] {dag_data.py:22} INFO - Message delivered to api [0]
[2024-12-01T00:15:58.732+0000] {dag_data.py:22} INFO - Message delivered to api [0]
[2024-12-01T00:15:58.733+0000] {dag_data.py:22} INFO - Message delivered to api [0]
[2024-12-01T00:15:58.733+0000] {dag_data.py:22} INFO - Message delivered to api [0]
[2024-12-01T00:15:58.734+0000] {dag_data.py:22} INFO - Message delivered to api [0]
[2024-12-01T00:15:58.734+0000] {dag_data.py:22} INFO - Message delivered to api [0]
[2024-12-01T00:15:58.735+0000] {dag_data.py:22} INFO - Message delivered to api [0]
[2024-12-01T00:15:58.736+0000] {dag_data.py:22} INFO - Message delivered to api [0]
[2024-12-01T00:15:58.736+0000] {dag_data.py:22} INFO - Message delivered to api [0]
[2024-12-01T00:15:58.737+0000] {dag_data.py:22} INFO - Message delivered to api [0]
[2024-12-01T00:15:58.737+0000] {dag_data.py:22} INFO - Message delivered to api [0]
[2024-12-01T00:15:58.738+0000] {dag_data.py:22} INFO - Message delivered to api [0]
[2024-12-01T00:15:58.739+0000] {dag_data.py:22} INFO - Message delivered to api [0]
[2024-12-01T00:15:58.739+0000] {dag_data.py:22} INFO - Message delivered to api [0]
[2024-12-01T00:15:58.740+0000] {dag_data.py:22} INFO - Message delivered to api [0]
[2024-12-01T00:15:58.740+0000] {dag_data.py:22} INFO - Message delivered to api [0]
[2024-12-01T00:15:58.741+0000] {dag_data.py:22} INFO - Message delivered to api [0]
[2024-12-01T00:15:58.742+0000] {dag_data.py:22} INFO - Message delivered to api [0]
[2024-12-01T00:15:58.742+0000] {dag_data.py:22} INFO - Message delivered to api [0]
[2024-12-01T00:15:58.743+0000] {dag_data.py:22} INFO - Message delivered to api [0]
[2024-12-01T00:15:58.744+0000] {dag_data.py:22} INFO - Message delivered to api [0]
[2024-12-01T00:15:58.744+0000] {dag_data.py:22} INFO - Message delivered to api [0]
[2024-12-01T00:15:58.745+0000] {dag_data.py:22} INFO - Message delivered to api [0]
[2024-12-01T00:15:58.746+0000] {dag_data.py:22} INFO - Message delivered to api [0]
[2024-12-01T00:15:58.746+0000] {dag_data.py:22} INFO - Message delivered to api [0]
[2024-12-01T00:15:58.747+0000] {dag_data.py:22} INFO - Message delivered to api [0]
[2024-12-01T00:15:58.747+0000] {dag_data.py:22} INFO - Message delivered to api [0]
[2024-12-01T00:15:58.748+0000] {dag_data.py:22} INFO - Message delivered to api [0]
[2024-12-01T00:15:58.749+0000] {dag_data.py:22} INFO - Message delivered to api [0]
[2024-12-01T00:15:58.749+0000] {dag_data.py:22} INFO - Message delivered to api [0]
[2024-12-01T00:15:58.750+0000] {dag_data.py:22} INFO - Message delivered to api [0]
[2024-12-01T00:15:58.751+0000] {dag_data.py:22} INFO - Message delivered to api [0]
[2024-12-01T00:15:58.751+0000] {dag_data.py:22} INFO - Message delivered to api [0]
[2024-12-01T00:15:58.752+0000] {dag_data.py:22} INFO - Message delivered to api [0]
[2024-12-01T00:15:58.752+0000] {dag_data.py:22} INFO - Message delivered to api [0]
[2024-12-01T00:15:58.753+0000] {dag_data.py:22} INFO - Message delivered to api [0]
[2024-12-01T00:15:58.754+0000] {dag_data.py:22} INFO - Message delivered to api [0]
[2024-12-01T00:15:58.754+0000] {dag_data.py:22} INFO - Message delivered to api [0]
[2024-12-01T00:15:58.755+0000] {dag_data.py:22} INFO - Message delivered to api [0]
[2024-12-01T00:15:58.755+0000] {dag_data.py:22} INFO - Message delivered to api [0]
[2024-12-01T00:15:58.756+0000] {dag_data.py:22} INFO - Message delivered to api [0]
[2024-12-01T00:15:58.757+0000] {dag_data.py:22} INFO - Message delivered to api [0]
[2024-12-01T00:15:58.757+0000] {dag_data.py:22} INFO - Message delivered to api [0]
[2024-12-01T00:15:58.758+0000] {dag_data.py:22} INFO - Message delivered to api [0]
[2024-12-01T00:15:58.758+0000] {dag_data.py:22} INFO - Message delivered to api [0]
[2024-12-01T00:15:58.759+0000] {dag_data.py:22} INFO - Message delivered to api [0]
[2024-12-01T00:15:58.760+0000] {dag_data.py:22} INFO - Message delivered to api [0]
[2024-12-01T00:15:58.761+0000] {dag_data.py:22} INFO - Message delivered to api [0]
[2024-12-01T00:15:58.761+0000] {dag_data.py:22} INFO - Message delivered to api [0]
[2024-12-01T00:15:58.762+0000] {dag_data.py:22} INFO - Message delivered to api [0]
[2024-12-01T00:15:58.763+0000] {dag_data.py:22} INFO - Message delivered to api [0]
[2024-12-01T00:15:58.763+0000] {dag_data.py:22} INFO - Message delivered to api [0]
[2024-12-01T00:15:58.764+0000] {dag_data.py:22} INFO - Message delivered to api [0]
[2024-12-01T00:15:58.764+0000] {dag_data.py:22} INFO - Message delivered to api [0]
[2024-12-01T00:15:58.765+0000] {dag_data.py:22} INFO - Message delivered to api [0]
[2024-12-01T00:15:58.766+0000] {dag_data.py:22} INFO - Message delivered to api [0]
[2024-12-01T00:15:58.766+0000] {dag_data.py:22} INFO - Message delivered to api [0]
[2024-12-01T00:15:58.767+0000] {dag_data.py:22} INFO - Message delivered to api [0]
[2024-12-01T00:15:58.768+0000] {dag_data.py:22} INFO - Message delivered to api [0]
[2024-12-01T00:15:58.768+0000] {dag_data.py:22} INFO - Message delivered to api [0]
[2024-12-01T00:15:58.769+0000] {dag_data.py:22} INFO - Message delivered to api [0]
[2024-12-01T00:15:58.770+0000] {dag_data.py:22} INFO - Message delivered to api [0]
[2024-12-01T00:15:58.770+0000] {dag_data.py:22} INFO - Message delivered to api [0]
[2024-12-01T00:15:58.771+0000] {dag_data.py:22} INFO - Message delivered to api [0]
[2024-12-01T00:15:58.771+0000] {dag_data.py:22} INFO - Message delivered to api [0]
[2024-12-01T00:15:58.772+0000] {dag_data.py:22} INFO - Message delivered to api [0]
[2024-12-01T00:15:58.772+0000] {dag_data.py:22} INFO - Message delivered to api [0]
[2024-12-01T00:15:58.773+0000] {dag_data.py:22} INFO - Message delivered to api [0]
[2024-12-01T00:15:58.774+0000] {dag_data.py:22} INFO - Message delivered to api [0]
[2024-12-01T00:15:58.774+0000] {dag_data.py:22} INFO - Message delivered to api [0]
[2024-12-01T00:15:58.775+0000] {dag_data.py:22} INFO - Message delivered to api [0]
[2024-12-01T00:15:58.776+0000] {dag_data.py:22} INFO - Message delivered to api [0]
[2024-12-01T00:15:58.776+0000] {dag_data.py:22} INFO - Message delivered to api [0]
[2024-12-01T00:15:58.777+0000] {dag_data.py:22} INFO - Message delivered to api [0]
[2024-12-01T00:15:58.778+0000] {dag_data.py:22} INFO - Message delivered to api [0]
[2024-12-01T00:15:58.778+0000] {dag_data.py:22} INFO - Message delivered to api [0]
[2024-12-01T00:15:58.779+0000] {dag_data.py:22} INFO - Message delivered to api [0]
[2024-12-01T00:15:58.779+0000] {dag_data.py:22} INFO - Message delivered to api [0]
[2024-12-01T00:15:58.780+0000] {dag_data.py:22} INFO - Message delivered to api [0]
[2024-12-01T00:15:58.781+0000] {dag_data.py:22} INFO - Message delivered to api [0]
[2024-12-01T00:15:58.781+0000] {dag_data.py:22} INFO - Message delivered to api [0]
[2024-12-01T00:15:58.782+0000] {dag_data.py:22} INFO - Message delivered to api [0]
[2024-12-01T00:15:58.783+0000] {dag_data.py:22} INFO - Message delivered to api [0]
[2024-12-01T00:15:58.783+0000] {dag_data.py:22} INFO - Message delivered to api [0]
[2024-12-01T00:15:58.784+0000] {dag_data.py:22} INFO - Message delivered to api [0]
[2024-12-01T00:15:58.785+0000] {dag_data.py:22} INFO - Message delivered to api [0]
[2024-12-01T00:15:58.785+0000] {dag_data.py:22} INFO - Message delivered to api [0]
[2024-12-01T00:15:58.786+0000] {dag_data.py:22} INFO - Message delivered to api [0]
[2024-12-01T00:15:58.787+0000] {dag_data.py:22} INFO - Message delivered to api [0]
[2024-12-01T00:15:58.788+0000] {dag_data.py:22} INFO - Message delivered to api [0]
[2024-12-01T00:15:58.788+0000] {dag_data.py:22} INFO - Message delivered to api [0]
[2024-12-01T00:15:58.789+0000] {dag_data.py:22} INFO - Message delivered to api [0]
[2024-12-01T00:15:58.790+0000] {dag_data.py:22} INFO - Message delivered to api [0]
[2024-12-01T00:15:58.791+0000] {dag_data.py:22} INFO - Message delivered to api [0]
[2024-12-01T00:15:58.791+0000] {dag_data.py:22} INFO - Message delivered to api [0]
[2024-12-01T00:15:58.792+0000] {dag_data.py:22} INFO - Message delivered to api [0]
[2024-12-01T00:15:58.793+0000] {dag_data.py:22} INFO - Message delivered to api [0]
[2024-12-01T00:15:58.794+0000] {dag_data.py:22} INFO - Message delivered to api [0]
[2024-12-01T00:15:58.794+0000] {dag_data.py:22} INFO - Message delivered to api [0]
[2024-12-01T00:15:58.795+0000] {dag_data.py:22} INFO - Message delivered to api [0]
[2024-12-01T00:15:58.796+0000] {dag_data.py:22} INFO - Message delivered to api [0]
[2024-12-01T00:15:58.797+0000] {dag_data.py:22} INFO - Message delivered to api [0]
[2024-12-01T00:15:58.797+0000] {dag_data.py:22} INFO - Message delivered to api [0]
[2024-12-01T00:15:58.799+0000] {dag_data.py:22} INFO - Message delivered to api [0]
[2024-12-01T00:15:58.800+0000] {dag_data.py:22} INFO - Message delivered to api [0]
[2024-12-01T00:15:58.801+0000] {dag_data.py:22} INFO - Message delivered to api [0]
[2024-12-01T00:15:58.802+0000] {dag_data.py:22} INFO - Message delivered to api [0]
[2024-12-01T00:15:58.802+0000] {dag_data.py:22} INFO - Message delivered to api [0]
[2024-12-01T00:15:58.803+0000] {dag_data.py:22} INFO - Message delivered to api [0]
[2024-12-01T00:15:58.804+0000] {dag_data.py:22} INFO - Message delivered to api [0]
[2024-12-01T00:15:58.804+0000] {dag_data.py:22} INFO - Message delivered to api [0]
[2024-12-01T00:15:58.805+0000] {dag_data.py:22} INFO - Message delivered to api [0]
[2024-12-01T00:15:58.806+0000] {dag_data.py:22} INFO - Message delivered to api [0]
[2024-12-01T00:15:58.807+0000] {dag_data.py:22} INFO - Message delivered to api [0]
[2024-12-01T00:15:58.807+0000] {dag_data.py:22} INFO - Message delivered to api [0]
[2024-12-01T00:15:58.808+0000] {dag_data.py:22} INFO - Message delivered to api [0]
[2024-12-01T00:15:58.809+0000] {dag_data.py:22} INFO - Message delivered to api [0]
[2024-12-01T00:15:58.810+0000] {dag_data.py:22} INFO - Message delivered to api [0]
[2024-12-01T00:15:58.810+0000] {dag_data.py:22} INFO - Message delivered to api [0]
[2024-12-01T00:15:58.811+0000] {dag_data.py:22} INFO - Message delivered to api [0]
[2024-12-01T00:15:58.812+0000] {dag_data.py:22} INFO - Message delivered to api [0]
[2024-12-01T00:15:58.812+0000] {dag_data.py:22} INFO - Message delivered to api [0]
[2024-12-01T00:15:58.813+0000] {dag_data.py:22} INFO - Message delivered to api [0]
[2024-12-01T00:15:58.814+0000] {dag_data.py:22} INFO - Message delivered to api [0]
[2024-12-01T00:15:58.814+0000] {dag_data.py:22} INFO - Message delivered to api [0]
[2024-12-01T00:15:58.815+0000] {dag_data.py:22} INFO - Message delivered to api [0]
[2024-12-01T00:15:58.815+0000] {dag_data.py:22} INFO - Message delivered to api [0]
[2024-12-01T00:15:58.816+0000] {dag_data.py:22} INFO - Message delivered to api [0]
[2024-12-01T00:15:58.817+0000] {dag_data.py:22} INFO - Message delivered to api [0]
[2024-12-01T00:15:58.817+0000] {dag_data.py:22} INFO - Message delivered to api [0]
[2024-12-01T00:15:58.818+0000] {dag_data.py:22} INFO - Message delivered to api [0]
[2024-12-01T00:15:58.819+0000] {dag_data.py:22} INFO - Message delivered to api [0]
[2024-12-01T00:15:58.819+0000] {dag_data.py:22} INFO - Message delivered to api [0]
[2024-12-01T00:15:58.820+0000] {dag_data.py:22} INFO - Message delivered to api [0]
[2024-12-01T00:15:58.820+0000] {dag_data.py:22} INFO - Message delivered to api [0]
[2024-12-01T00:15:58.821+0000] {dag_data.py:22} INFO - Message delivered to api [0]
[2024-12-01T00:15:58.822+0000] {dag_data.py:22} INFO - Message delivered to api [0]
[2024-12-01T00:15:58.822+0000] {dag_data.py:22} INFO - Message delivered to api [0]
[2024-12-01T00:15:58.823+0000] {dag_data.py:22} INFO - Message delivered to api [0]
[2024-12-01T00:15:58.823+0000] {dag_data.py:22} INFO - Message delivered to api [0]
[2024-12-01T00:15:58.824+0000] {dag_data.py:22} INFO - Message delivered to api [0]
[2024-12-01T00:15:58.825+0000] {dag_data.py:22} INFO - Message delivered to api [0]
[2024-12-01T00:15:58.825+0000] {dag_data.py:22} INFO - Message delivered to api [0]
[2024-12-01T00:15:58.826+0000] {dag_data.py:22} INFO - Message delivered to api [0]
[2024-12-01T00:15:58.827+0000] {dag_data.py:22} INFO - Message delivered to api [0]
[2024-12-01T00:15:58.827+0000] {dag_data.py:22} INFO - Message delivered to api [0]
[2024-12-01T00:15:58.828+0000] {dag_data.py:22} INFO - Message delivered to api [0]
[2024-12-01T00:15:58.829+0000] {dag_data.py:22} INFO - Message delivered to api [0]
[2024-12-01T00:15:58.829+0000] {dag_data.py:22} INFO - Message delivered to api [0]
[2024-12-01T00:15:58.830+0000] {dag_data.py:22} INFO - Message delivered to api [0]
[2024-12-01T00:15:58.830+0000] {dag_data.py:22} INFO - Message delivered to api [0]
[2024-12-01T00:15:58.831+0000] {dag_data.py:22} INFO - Message delivered to api [0]
[2024-12-01T00:15:58.832+0000] {dag_data.py:22} INFO - Message delivered to api [0]
[2024-12-01T00:15:58.832+0000] {dag_data.py:22} INFO - Message delivered to api [0]
[2024-12-01T00:15:58.833+0000] {dag_data.py:22} INFO - Message delivered to api [0]
[2024-12-01T00:15:58.833+0000] {dag_data.py:22} INFO - Message delivered to api [0]
[2024-12-01T00:15:58.834+0000] {dag_data.py:22} INFO - Message delivered to api [0]
[2024-12-01T00:15:58.835+0000] {dag_data.py:22} INFO - Message delivered to api [0]
[2024-12-01T00:15:58.835+0000] {dag_data.py:22} INFO - Message delivered to api [0]
[2024-12-01T00:15:58.836+0000] {dag_data.py:22} INFO - Message delivered to api [0]
[2024-12-01T00:15:58.837+0000] {dag_data.py:22} INFO - Message delivered to api [0]
[2024-12-01T00:15:58.837+0000] {dag_data.py:22} INFO - Message delivered to api [0]
[2024-12-01T00:15:58.838+0000] {dag_data.py:22} INFO - Message delivered to api [0]
[2024-12-01T00:15:58.838+0000] {dag_data.py:22} INFO - Message delivered to api [0]
[2024-12-01T00:15:58.839+0000] {dag_data.py:22} INFO - Message delivered to api [0]
[2024-12-01T00:15:58.840+0000] {dag_data.py:22} INFO - Message delivered to api [0]
[2024-12-01T00:15:58.840+0000] {dag_data.py:22} INFO - Message delivered to api [0]
[2024-12-01T00:15:58.841+0000] {dag_data.py:22} INFO - Message delivered to api [0]
[2024-12-01T00:15:58.841+0000] {dag_data.py:22} INFO - Message delivered to api [0]
[2024-12-01T00:15:58.842+0000] {dag_data.py:22} INFO - Message delivered to api [0]
[2024-12-01T00:15:58.843+0000] {dag_data.py:22} INFO - Message delivered to api [0]
[2024-12-01T00:15:58.844+0000] {dag_data.py:22} INFO - Message delivered to api [0]
[2024-12-01T00:15:58.844+0000] {dag_data.py:22} INFO - Message delivered to api [0]
[2024-12-01T00:15:58.845+0000] {dag_data.py:22} INFO - Message delivered to api [0]
[2024-12-01T00:15:58.846+0000] {dag_data.py:22} INFO - Message delivered to api [0]
[2024-12-01T00:15:58.846+0000] {dag_data.py:22} INFO - Message delivered to api [0]
[2024-12-01T00:15:58.847+0000] {dag_data.py:22} INFO - Message delivered to api [0]
[2024-12-01T00:15:58.847+0000] {dag_data.py:22} INFO - Message delivered to api [0]
[2024-12-01T00:15:58.848+0000] {dag_data.py:22} INFO - Message delivered to api [0]
[2024-12-01T00:15:58.849+0000] {dag_data.py:22} INFO - Message delivered to api [0]
[2024-12-01T00:15:58.849+0000] {dag_data.py:22} INFO - Message delivered to api [0]
[2024-12-01T00:15:58.850+0000] {dag_data.py:22} INFO - Message delivered to api [0]
[2024-12-01T00:15:58.851+0000] {dag_data.py:22} INFO - Message delivered to api [0]
[2024-12-01T00:15:58.851+0000] {dag_data.py:22} INFO - Message delivered to api [0]
[2024-12-01T00:15:58.852+0000] {dag_data.py:22} INFO - Message delivered to api [0]
[2024-12-01T00:15:58.853+0000] {dag_data.py:22} INFO - Message delivered to api [0]
[2024-12-01T00:15:58.853+0000] {dag_data.py:22} INFO - Message delivered to api [0]
[2024-12-01T00:15:58.854+0000] {dag_data.py:22} INFO - Message delivered to api [0]
[2024-12-01T00:15:58.855+0000] {dag_data.py:22} INFO - Message delivered to api [0]
[2024-12-01T00:15:58.855+0000] {dag_data.py:22} INFO - Message delivered to api [0]
[2024-12-01T00:15:58.856+0000] {dag_data.py:22} INFO - Message delivered to api [0]
[2024-12-01T00:15:58.856+0000] {dag_data.py:22} INFO - Message delivered to api [0]
[2024-12-01T00:15:58.857+0000] {dag_data.py:22} INFO - Message delivered to api [0]
[2024-12-01T00:15:58.858+0000] {dag_data.py:22} INFO - Message delivered to api [0]
[2024-12-01T00:15:58.858+0000] {dag_data.py:22} INFO - Message delivered to api [0]
[2024-12-01T00:15:58.859+0000] {dag_data.py:22} INFO - Message delivered to api [0]
[2024-12-01T00:15:58.859+0000] {dag_data.py:22} INFO - Message delivered to api [0]
[2024-12-01T00:15:58.860+0000] {dag_data.py:22} INFO - Message delivered to api [0]
[2024-12-01T00:15:58.861+0000] {dag_data.py:22} INFO - Message delivered to api [0]
[2024-12-01T00:15:58.861+0000] {dag_data.py:22} INFO - Message delivered to api [0]
[2024-12-01T00:15:58.862+0000] {dag_data.py:22} INFO - Message delivered to api [0]
[2024-12-01T00:15:58.862+0000] {dag_data.py:22} INFO - Message delivered to api [0]
[2024-12-01T00:15:58.863+0000] {dag_data.py:22} INFO - Message delivered to api [0]
[2024-12-01T00:15:58.864+0000] {dag_data.py:22} INFO - Message delivered to api [0]
[2024-12-01T00:15:58.864+0000] {dag_data.py:22} INFO - Message delivered to api [0]
[2024-12-01T00:15:58.865+0000] {dag_data.py:22} INFO - Message delivered to api [0]
[2024-12-01T00:15:58.865+0000] {dag_data.py:22} INFO - Message delivered to api [0]
[2024-12-01T00:15:58.866+0000] {dag_data.py:22} INFO - Message delivered to api [0]
[2024-12-01T00:15:58.867+0000] {dag_data.py:22} INFO - Message delivered to api [0]
[2024-12-01T00:15:58.867+0000] {dag_data.py:22} INFO - Message delivered to api [0]
[2024-12-01T00:15:58.868+0000] {dag_data.py:22} INFO - Message delivered to api [0]
[2024-12-01T00:15:58.869+0000] {dag_data.py:22} INFO - Message delivered to api [0]
[2024-12-01T00:15:58.869+0000] {dag_data.py:22} INFO - Message delivered to api [0]
[2024-12-01T00:15:58.870+0000] {dag_data.py:22} INFO - Message delivered to api [0]
[2024-12-01T00:15:58.870+0000] {dag_data.py:22} INFO - Message delivered to api [0]
[2024-12-01T00:15:58.871+0000] {dag_data.py:22} INFO - Message delivered to api [0]
[2024-12-01T00:15:58.872+0000] {dag_data.py:22} INFO - Message delivered to api [0]
[2024-12-01T00:15:58.872+0000] {dag_data.py:22} INFO - Message delivered to api [0]
[2024-12-01T00:15:58.873+0000] {dag_data.py:22} INFO - Message delivered to api [0]
[2024-12-01T00:15:58.873+0000] {dag_data.py:22} INFO - Message delivered to api [0]
[2024-12-01T00:15:58.874+0000] {dag_data.py:22} INFO - Message delivered to api [0]
[2024-12-01T00:15:58.875+0000] {dag_data.py:22} INFO - Message delivered to api [0]
[2024-12-01T00:15:58.875+0000] {dag_data.py:22} INFO - Message delivered to api [0]
[2024-12-01T00:15:58.876+0000] {dag_data.py:22} INFO - Message delivered to api [0]
[2024-12-01T00:15:58.877+0000] {dag_data.py:22} INFO - Message delivered to api [0]
[2024-12-01T00:15:58.877+0000] {dag_data.py:22} INFO - Message delivered to api [0]
[2024-12-01T00:15:58.878+0000] {dag_data.py:22} INFO - Message delivered to api [0]
[2024-12-01T00:15:58.879+0000] {dag_data.py:22} INFO - Message delivered to api [0]
[2024-12-01T00:15:58.879+0000] {dag_data.py:22} INFO - Message delivered to api [0]
[2024-12-01T00:15:58.880+0000] {dag_data.py:22} INFO - Message delivered to api [0]
[2024-12-01T00:15:58.880+0000] {dag_data.py:22} INFO - Message delivered to api [0]
[2024-12-01T00:15:58.881+0000] {dag_data.py:22} INFO - Message delivered to api [0]
[2024-12-01T00:15:58.882+0000] {dag_data.py:22} INFO - Message delivered to api [0]
[2024-12-01T00:15:58.882+0000] {dag_data.py:22} INFO - Message delivered to api [0]
[2024-12-01T00:15:58.883+0000] {dag_data.py:22} INFO - Message delivered to api [0]
[2024-12-01T00:15:58.884+0000] {dag_data.py:22} INFO - Message delivered to api [0]
[2024-12-01T00:15:58.884+0000] {dag_data.py:22} INFO - Message delivered to api [0]
[2024-12-01T00:15:58.885+0000] {dag_data.py:22} INFO - Message delivered to api [0]
[2024-12-01T00:15:58.886+0000] {dag_data.py:22} INFO - Message delivered to api [0]
[2024-12-01T00:15:58.886+0000] {dag_data.py:22} INFO - Message delivered to api [0]
[2024-12-01T00:15:58.887+0000] {dag_data.py:22} INFO - Message delivered to api [0]
[2024-12-01T00:15:58.887+0000] {dag_data.py:22} INFO - Message delivered to api [0]
[2024-12-01T00:15:58.888+0000] {dag_data.py:22} INFO - Message delivered to api [0]
[2024-12-01T00:15:58.888+0000] {dag_data.py:22} INFO - Message delivered to api [0]
[2024-12-01T00:15:58.889+0000] {dag_data.py:22} INFO - Message delivered to api [0]
[2024-12-01T00:15:58.890+0000] {dag_data.py:22} INFO - Message delivered to api [0]
[2024-12-01T00:15:58.890+0000] {dag_data.py:22} INFO - Message delivered to api [0]
[2024-12-01T00:15:58.891+0000] {dag_data.py:22} INFO - Message delivered to api [0]
[2024-12-01T00:15:58.892+0000] {dag_data.py:22} INFO - Message delivered to api [0]
[2024-12-01T00:15:58.892+0000] {dag_data.py:22} INFO - Message delivered to api [0]
[2024-12-01T00:15:58.893+0000] {dag_data.py:22} INFO - Message delivered to api [0]
[2024-12-01T00:15:58.894+0000] {dag_data.py:22} INFO - Message delivered to api [0]
[2024-12-01T00:15:58.894+0000] {dag_data.py:22} INFO - Message delivered to api [0]
[2024-12-01T00:15:58.895+0000] {dag_data.py:22} INFO - Message delivered to api [0]
[2024-12-01T00:15:58.896+0000] {dag_data.py:22} INFO - Message delivered to api [0]
[2024-12-01T00:15:58.896+0000] {dag_data.py:22} INFO - Message delivered to api [0]
[2024-12-01T00:15:58.897+0000] {dag_data.py:22} INFO - Message delivered to api [0]
[2024-12-01T00:15:58.897+0000] {dag_data.py:22} INFO - Message delivered to api [0]
[2024-12-01T00:15:58.898+0000] {dag_data.py:22} INFO - Message delivered to api [0]
[2024-12-01T00:15:58.899+0000] {dag_data.py:22} INFO - Message delivered to api [0]
[2024-12-01T00:15:58.899+0000] {dag_data.py:22} INFO - Message delivered to api [0]
[2024-12-01T00:15:58.900+0000] {dag_data.py:22} INFO - Message delivered to api [0]
[2024-12-01T00:15:58.901+0000] {dag_data.py:22} INFO - Message delivered to api [0]
[2024-12-01T00:15:58.901+0000] {dag_data.py:22} INFO - Message delivered to api [0]
[2024-12-01T00:15:58.902+0000] {dag_data.py:22} INFO - Message delivered to api [0]
[2024-12-01T00:15:58.903+0000] {dag_data.py:22} INFO - Message delivered to api [0]
[2024-12-01T00:15:58.903+0000] {dag_data.py:22} INFO - Message delivered to api [0]
[2024-12-01T00:15:58.904+0000] {dag_data.py:22} INFO - Message delivered to api [0]
[2024-12-01T00:15:58.904+0000] {dag_data.py:22} INFO - Message delivered to api [0]
[2024-12-01T00:15:58.905+0000] {dag_data.py:22} INFO - Message delivered to api [0]
[2024-12-01T00:15:58.906+0000] {dag_data.py:22} INFO - Message delivered to api [0]
[2024-12-01T00:15:58.907+0000] {dag_data.py:22} INFO - Message delivered to api [0]
[2024-12-01T00:15:58.907+0000] {dag_data.py:22} INFO - Message delivered to api [0]
[2024-12-01T00:15:58.908+0000] {dag_data.py:22} INFO - Message delivered to api [0]
[2024-12-01T00:15:58.908+0000] {dag_data.py:22} INFO - Message delivered to api [0]
[2024-12-01T00:15:58.909+0000] {dag_data.py:22} INFO - Message delivered to api [0]
[2024-12-01T00:15:58.910+0000] {dag_data.py:22} INFO - Message delivered to api [0]
[2024-12-01T00:15:58.910+0000] {dag_data.py:22} INFO - Message delivered to api [0]
[2024-12-01T00:15:58.911+0000] {dag_data.py:22} INFO - Message delivered to api [0]
[2024-12-01T00:15:58.912+0000] {dag_data.py:22} INFO - Message delivered to api [0]
[2024-12-01T00:15:58.912+0000] {dag_data.py:22} INFO - Message delivered to api [0]
[2024-12-01T00:15:58.913+0000] {dag_data.py:22} INFO - Message delivered to api [0]
[2024-12-01T00:15:58.913+0000] {dag_data.py:22} INFO - Message delivered to api [0]
[2024-12-01T00:15:58.914+0000] {dag_data.py:22} INFO - Message delivered to api [0]
[2024-12-01T00:15:58.915+0000] {dag_data.py:22} INFO - Message delivered to api [0]
[2024-12-01T00:15:58.915+0000] {dag_data.py:22} INFO - Message delivered to api [0]
[2024-12-01T00:15:58.916+0000] {dag_data.py:22} INFO - Message delivered to api [0]
[2024-12-01T00:15:58.916+0000] {dag_data.py:22} INFO - Message delivered to api [0]
[2024-12-01T00:15:58.917+0000] {dag_data.py:22} INFO - Message delivered to api [0]
[2024-12-01T00:15:58.918+0000] {dag_data.py:22} INFO - Message delivered to api [0]
[2024-12-01T00:15:58.918+0000] {dag_data.py:22} INFO - Message delivered to api [0]
[2024-12-01T00:15:58.919+0000] {dag_data.py:22} INFO - Message delivered to api [0]
[2024-12-01T00:15:58.919+0000] {dag_data.py:22} INFO - Message delivered to api [0]
[2024-12-01T00:15:58.920+0000] {dag_data.py:22} INFO - Message delivered to api [0]
[2024-12-01T00:15:58.920+0000] {dag_data.py:22} INFO - Message delivered to api [0]
[2024-12-01T00:15:58.921+0000] {dag_data.py:22} INFO - Message delivered to api [0]
[2024-12-01T00:15:58.922+0000] {dag_data.py:22} INFO - Message delivered to api [0]
[2024-12-01T00:15:58.922+0000] {dag_data.py:22} INFO - Message delivered to api [0]
[2024-12-01T00:15:58.923+0000] {dag_data.py:22} INFO - Message delivered to api [0]
[2024-12-01T00:15:58.924+0000] {dag_data.py:22} INFO - Message delivered to api [0]
[2024-12-01T00:15:58.924+0000] {dag_data.py:22} INFO - Message delivered to api [0]
[2024-12-01T00:15:58.925+0000] {dag_data.py:22} INFO - Message delivered to api [0]
[2024-12-01T00:15:58.926+0000] {dag_data.py:22} INFO - Message delivered to api [0]
[2024-12-01T00:15:58.926+0000] {dag_data.py:22} INFO - Message delivered to api [0]
[2024-12-01T00:15:58.927+0000] {dag_data.py:22} INFO - Message delivered to api [0]
[2024-12-01T00:15:58.928+0000] {dag_data.py:22} INFO - Message delivered to api [0]
[2024-12-01T00:15:58.928+0000] {dag_data.py:22} INFO - Message delivered to api [0]
[2024-12-01T00:15:58.929+0000] {dag_data.py:22} INFO - Message delivered to api [0]
[2024-12-01T00:15:58.930+0000] {dag_data.py:22} INFO - Message delivered to api [0]
[2024-12-01T00:15:58.930+0000] {dag_data.py:22} INFO - Message delivered to api [0]
[2024-12-01T00:15:58.931+0000] {dag_data.py:22} INFO - Message delivered to api [0]
[2024-12-01T00:15:58.931+0000] {dag_data.py:22} INFO - Message delivered to api [0]
[2024-12-01T00:15:58.932+0000] {dag_data.py:22} INFO - Message delivered to api [0]
[2024-12-01T00:15:58.933+0000] {dag_data.py:22} INFO - Message delivered to api [0]
[2024-12-01T00:15:58.933+0000] {dag_data.py:22} INFO - Message delivered to api [0]
[2024-12-01T00:15:58.934+0000] {dag_data.py:22} INFO - Message delivered to api [0]
[2024-12-01T00:15:58.935+0000] {dag_data.py:22} INFO - Message delivered to api [0]
[2024-12-01T00:15:58.935+0000] {dag_data.py:22} INFO - Message delivered to api [0]
[2024-12-01T00:15:58.936+0000] {dag_data.py:22} INFO - Message delivered to api [0]
[2024-12-01T00:15:58.936+0000] {dag_data.py:22} INFO - Message delivered to api [0]
[2024-12-01T00:15:58.937+0000] {dag_data.py:22} INFO - Message delivered to api [0]
[2024-12-01T00:15:58.938+0000] {dag_data.py:22} INFO - Message delivered to api [0]
[2024-12-01T00:15:58.938+0000] {dag_data.py:22} INFO - Message delivered to api [0]
[2024-12-01T00:15:58.939+0000] {dag_data.py:22} INFO - Message delivered to api [0]
[2024-12-01T00:15:58.940+0000] {dag_data.py:22} INFO - Message delivered to api [0]
[2024-12-01T00:15:58.940+0000] {dag_data.py:22} INFO - Message delivered to api [0]
[2024-12-01T00:15:58.941+0000] {dag_data.py:22} INFO - Message delivered to api [0]
[2024-12-01T00:15:58.941+0000] {dag_data.py:22} INFO - Message delivered to api [0]
[2024-12-01T00:15:58.942+0000] {dag_data.py:22} INFO - Message delivered to api [0]
[2024-12-01T00:15:58.943+0000] {dag_data.py:22} INFO - Message delivered to api [0]
[2024-12-01T00:15:58.943+0000] {dag_data.py:22} INFO - Message delivered to api [0]
[2024-12-01T00:15:58.944+0000] {dag_data.py:22} INFO - Message delivered to api [0]
[2024-12-01T00:15:58.945+0000] {dag_data.py:22} INFO - Message delivered to api [0]
[2024-12-01T00:15:58.945+0000] {dag_data.py:22} INFO - Message delivered to api [0]
[2024-12-01T00:15:58.946+0000] {dag_data.py:22} INFO - Message delivered to api [0]
[2024-12-01T00:15:58.946+0000] {dag_data.py:22} INFO - Message delivered to api [0]
[2024-12-01T00:15:58.947+0000] {dag_data.py:22} INFO - Message delivered to api [0]
[2024-12-01T00:15:58.947+0000] {dag_data.py:22} INFO - Message delivered to api [0]
[2024-12-01T00:15:58.948+0000] {dag_data.py:22} INFO - Message delivered to api [0]
[2024-12-01T00:15:58.949+0000] {dag_data.py:22} INFO - Message delivered to api [0]
[2024-12-01T00:15:58.950+0000] {dag_data.py:22} INFO - Message delivered to api [0]
[2024-12-01T00:15:58.950+0000] {dag_data.py:22} INFO - Message delivered to api [0]
[2024-12-01T00:15:58.951+0000] {dag_data.py:22} INFO - Message delivered to api [0]
[2024-12-01T00:15:58.951+0000] {dag_data.py:22} INFO - Message delivered to api [0]
[2024-12-01T00:15:58.952+0000] {dag_data.py:22} INFO - Message delivered to api [0]
[2024-12-01T00:15:58.953+0000] {dag_data.py:22} INFO - Message delivered to api [0]
[2024-12-01T00:15:58.953+0000] {dag_data.py:22} INFO - Message delivered to api [0]
[2024-12-01T00:15:58.954+0000] {dag_data.py:22} INFO - Message delivered to api [0]
[2024-12-01T00:15:58.955+0000] {dag_data.py:22} INFO - Message delivered to api [0]
[2024-12-01T00:15:58.955+0000] {dag_data.py:22} INFO - Message delivered to api [0]
[2024-12-01T00:15:58.956+0000] {dag_data.py:22} INFO - Message delivered to api [0]
[2024-12-01T00:15:58.956+0000] {dag_data.py:22} INFO - Message delivered to api [0]
[2024-12-01T00:15:58.957+0000] {dag_data.py:22} INFO - Message delivered to api [0]
[2024-12-01T00:15:58.957+0000] {dag_data.py:22} INFO - Message delivered to api [0]
[2024-12-01T00:15:58.958+0000] {dag_data.py:22} INFO - Message delivered to api [0]
[2024-12-01T00:15:58.959+0000] {dag_data.py:22} INFO - Message delivered to api [0]
[2024-12-01T00:15:58.959+0000] {dag_data.py:22} INFO - Message delivered to api [0]
[2024-12-01T00:15:58.960+0000] {dag_data.py:22} INFO - Message delivered to api [0]
[2024-12-01T00:15:58.961+0000] {dag_data.py:22} INFO - Message delivered to api [0]
[2024-12-01T00:15:58.961+0000] {dag_data.py:22} INFO - Message delivered to api [0]
[2024-12-01T00:15:58.962+0000] {dag_data.py:22} INFO - Message delivered to api [0]
[2024-12-01T00:15:58.962+0000] {dag_data.py:22} INFO - Message delivered to api [0]
[2024-12-01T00:15:58.963+0000] {dag_data.py:22} INFO - Message delivered to api [0]
[2024-12-01T00:15:58.964+0000] {dag_data.py:22} INFO - Message delivered to api [0]
[2024-12-01T00:15:58.964+0000] {dag_data.py:22} INFO - Message delivered to api [0]
[2024-12-01T00:15:58.965+0000] {dag_data.py:22} INFO - Message delivered to api [0]
[2024-12-01T00:15:58.965+0000] {dag_data.py:22} INFO - Message delivered to api [0]
[2024-12-01T00:15:58.966+0000] {dag_data.py:22} INFO - Message delivered to api [0]
[2024-12-01T00:15:58.967+0000] {dag_data.py:22} INFO - Message delivered to api [0]
[2024-12-01T00:15:58.967+0000] {dag_data.py:22} INFO - Message delivered to api [0]
[2024-12-01T00:15:58.968+0000] {dag_data.py:22} INFO - Message delivered to api [0]
[2024-12-01T00:15:58.968+0000] {dag_data.py:22} INFO - Message delivered to api [0]
[2024-12-01T00:15:58.969+0000] {dag_data.py:22} INFO - Message delivered to api [0]
[2024-12-01T00:15:58.970+0000] {dag_data.py:22} INFO - Message delivered to api [0]
[2024-12-01T00:15:58.970+0000] {dag_data.py:22} INFO - Message delivered to api [0]
[2024-12-01T00:15:58.971+0000] {dag_data.py:22} INFO - Message delivered to api [0]
[2024-12-01T00:15:58.971+0000] {dag_data.py:22} INFO - Message delivered to api [0]
[2024-12-01T00:15:58.972+0000] {dag_data.py:22} INFO - Message delivered to api [0]
[2024-12-01T00:15:58.972+0000] {dag_data.py:22} INFO - Message delivered to api [0]
[2024-12-01T00:15:58.973+0000] {dag_data.py:22} INFO - Message delivered to api [0]
[2024-12-01T00:15:58.974+0000] {dag_data.py:22} INFO - Message delivered to api [0]
[2024-12-01T00:15:58.974+0000] {dag_data.py:22} INFO - Message delivered to api [0]
[2024-12-01T00:15:58.975+0000] {dag_data.py:22} INFO - Message delivered to api [0]
[2024-12-01T00:15:58.976+0000] {dag_data.py:22} INFO - Message delivered to api [0]
[2024-12-01T00:15:58.976+0000] {dag_data.py:22} INFO - Message delivered to api [0]
[2024-12-01T00:15:58.977+0000] {dag_data.py:22} INFO - Message delivered to api [0]
[2024-12-01T00:15:58.978+0000] {dag_data.py:22} INFO - Message delivered to api [0]
[2024-12-01T00:15:58.978+0000] {dag_data.py:22} INFO - Message delivered to api [0]
[2024-12-01T00:15:58.979+0000] {dag_data.py:22} INFO - Message delivered to api [0]
[2024-12-01T00:15:58.979+0000] {dag_data.py:22} INFO - Message delivered to api [0]
[2024-12-01T00:15:58.980+0000] {dag_data.py:22} INFO - Message delivered to api [0]
[2024-12-01T00:15:58.981+0000] {dag_data.py:22} INFO - Message delivered to api [0]
[2024-12-01T00:15:58.981+0000] {dag_data.py:22} INFO - Message delivered to api [0]
[2024-12-01T00:15:58.982+0000] {dag_data.py:22} INFO - Message delivered to api [0]
[2024-12-01T00:15:58.983+0000] {dag_data.py:22} INFO - Message delivered to api [0]
[2024-12-01T00:15:58.983+0000] {dag_data.py:22} INFO - Message delivered to api [0]
[2024-12-01T00:15:58.984+0000] {dag_data.py:22} INFO - Message delivered to api [0]
[2024-12-01T00:15:58.984+0000] {dag_data.py:22} INFO - Message delivered to api [0]
[2024-12-01T00:15:58.985+0000] {dag_data.py:22} INFO - Message delivered to api [0]
[2024-12-01T00:15:58.986+0000] {dag_data.py:22} INFO - Message delivered to api [0]
[2024-12-01T00:15:58.986+0000] {dag_data.py:22} INFO - Message delivered to api [0]
[2024-12-01T00:15:58.987+0000] {dag_data.py:22} INFO - Message delivered to api [0]
[2024-12-01T00:15:58.988+0000] {dag_data.py:22} INFO - Message delivered to api [0]
[2024-12-01T00:15:58.988+0000] {dag_data.py:22} INFO - Message delivered to api [0]
[2024-12-01T00:15:58.989+0000] {dag_data.py:22} INFO - Message delivered to api [0]
[2024-12-01T00:15:58.989+0000] {dag_data.py:22} INFO - Message delivered to api [0]
[2024-12-01T00:15:58.990+0000] {dag_data.py:22} INFO - Message delivered to api [0]
[2024-12-01T00:15:58.991+0000] {dag_data.py:22} INFO - Message delivered to api [0]
[2024-12-01T00:15:58.991+0000] {dag_data.py:22} INFO - Message delivered to api [0]
[2024-12-01T00:15:58.992+0000] {dag_data.py:22} INFO - Message delivered to api [0]
[2024-12-01T00:15:58.993+0000] {dag_data.py:22} INFO - Message delivered to api [0]
[2024-12-01T00:15:58.993+0000] {dag_data.py:22} INFO - Message delivered to api [0]
[2024-12-01T00:15:58.994+0000] {dag_data.py:22} INFO - Message delivered to api [0]
[2024-12-01T00:15:58.995+0000] {dag_data.py:22} INFO - Message delivered to api [0]
[2024-12-01T00:15:58.995+0000] {dag_data.py:22} INFO - Message delivered to api [0]
[2024-12-01T00:15:58.996+0000] {dag_data.py:22} INFO - Message delivered to api [0]
[2024-12-01T00:15:58.996+0000] {dag_data.py:22} INFO - Message delivered to api [0]
[2024-12-01T00:15:58.997+0000] {dag_data.py:22} INFO - Message delivered to api [0]
[2024-12-01T00:15:58.998+0000] {dag_data.py:22} INFO - Message delivered to api [0]
[2024-12-01T00:15:58.998+0000] {dag_data.py:22} INFO - Message delivered to api [0]
[2024-12-01T00:15:58.999+0000] {dag_data.py:22} INFO - Message delivered to api [0]
[2024-12-01T00:15:58.999+0000] {dag_data.py:22} INFO - Message delivered to api [0]
[2024-12-01T00:15:59.000+0000] {dag_data.py:22} INFO - Message delivered to api [0]
[2024-12-01T00:15:59.001+0000] {dag_data.py:22} INFO - Message delivered to api [0]
[2024-12-01T00:15:59.002+0000] {dag_data.py:22} INFO - Message delivered to api [0]
[2024-12-01T00:15:59.002+0000] {dag_data.py:22} INFO - Message delivered to api [0]
[2024-12-01T00:15:59.003+0000] {dag_data.py:22} INFO - Message delivered to api [0]
[2024-12-01T00:15:59.003+0000] {dag_data.py:22} INFO - Message delivered to api [0]
[2024-12-01T00:15:59.004+0000] {dag_data.py:22} INFO - Message delivered to api [0]
[2024-12-01T00:15:59.005+0000] {dag_data.py:22} INFO - Message delivered to api [0]
[2024-12-01T00:15:59.005+0000] {dag_data.py:22} INFO - Message delivered to api [0]
[2024-12-01T00:15:59.006+0000] {dag_data.py:22} INFO - Message delivered to api [0]
[2024-12-01T00:15:59.007+0000] {dag_data.py:22} INFO - Message delivered to api [0]
[2024-12-01T00:15:59.007+0000] {dag_data.py:22} INFO - Message delivered to api [0]
[2024-12-01T00:15:59.008+0000] {dag_data.py:22} INFO - Message delivered to api [0]
[2024-12-01T00:15:59.009+0000] {dag_data.py:22} INFO - Message delivered to api [0]
[2024-12-01T00:15:59.009+0000] {dag_data.py:22} INFO - Message delivered to api [0]
[2024-12-01T00:15:59.010+0000] {dag_data.py:22} INFO - Message delivered to api [0]
[2024-12-01T00:15:59.011+0000] {dag_data.py:22} INFO - Message delivered to api [0]
[2024-12-01T00:15:59.011+0000] {dag_data.py:22} INFO - Message delivered to api [0]
[2024-12-01T00:15:59.012+0000] {dag_data.py:22} INFO - Message delivered to api [0]
[2024-12-01T00:15:59.013+0000] {dag_data.py:22} INFO - Message delivered to api [0]
[2024-12-01T00:15:59.013+0000] {dag_data.py:22} INFO - Message delivered to api [0]
[2024-12-01T00:15:59.014+0000] {dag_data.py:22} INFO - Message delivered to api [0]
[2024-12-01T00:15:59.015+0000] {dag_data.py:22} INFO - Message delivered to api [0]
[2024-12-01T00:15:59.015+0000] {dag_data.py:22} INFO - Message delivered to api [0]
[2024-12-01T00:15:59.016+0000] {dag_data.py:22} INFO - Message delivered to api [0]
[2024-12-01T00:15:59.016+0000] {dag_data.py:22} INFO - Message delivered to api [0]
[2024-12-01T00:15:59.017+0000] {dag_data.py:22} INFO - Message delivered to api [0]
[2024-12-01T00:15:59.018+0000] {dag_data.py:22} INFO - Message delivered to api [0]
[2024-12-01T00:15:59.018+0000] {dag_data.py:22} INFO - Message delivered to api [0]
[2024-12-01T00:15:59.019+0000] {dag_data.py:22} INFO - Message delivered to api [0]
[2024-12-01T00:15:59.020+0000] {dag_data.py:22} INFO - Message delivered to api [0]
[2024-12-01T00:15:59.020+0000] {dag_data.py:22} INFO - Message delivered to api [0]
[2024-12-01T00:15:59.021+0000] {dag_data.py:22} INFO - Message delivered to api [0]
[2024-12-01T00:15:59.021+0000] {dag_data.py:22} INFO - Message delivered to api [0]
[2024-12-01T00:15:59.022+0000] {dag_data.py:22} INFO - Message delivered to api [0]
[2024-12-01T00:15:59.023+0000] {dag_data.py:22} INFO - Message delivered to api [0]
[2024-12-01T00:15:59.023+0000] {dag_data.py:22} INFO - Message delivered to api [0]
[2024-12-01T00:15:59.024+0000] {dag_data.py:22} INFO - Message delivered to api [0]
[2024-12-01T00:15:59.025+0000] {dag_data.py:22} INFO - Message delivered to api [0]
[2024-12-01T00:15:59.025+0000] {dag_data.py:22} INFO - Message delivered to api [0]
[2024-12-01T00:15:59.026+0000] {dag_data.py:22} INFO - Message delivered to api [0]
[2024-12-01T00:15:59.027+0000] {dag_data.py:22} INFO - Message delivered to api [0]
[2024-12-01T00:15:59.027+0000] {dag_data.py:22} INFO - Message delivered to api [0]
[2024-12-01T00:15:59.028+0000] {dag_data.py:22} INFO - Message delivered to api [0]
[2024-12-01T00:15:59.028+0000] {dag_data.py:22} INFO - Message delivered to api [0]
[2024-12-01T00:15:59.029+0000] {dag_data.py:22} INFO - Message delivered to api [0]
[2024-12-01T00:15:59.030+0000] {dag_data.py:22} INFO - Message delivered to api [0]
[2024-12-01T00:15:59.030+0000] {dag_data.py:22} INFO - Message delivered to api [0]
[2024-12-01T00:15:59.031+0000] {dag_data.py:22} INFO - Message delivered to api [0]
[2024-12-01T00:15:59.032+0000] {dag_data.py:22} INFO - Message delivered to api [0]
[2024-12-01T00:15:59.032+0000] {dag_data.py:22} INFO - Message delivered to api [0]
[2024-12-01T00:15:59.033+0000] {dag_data.py:22} INFO - Message delivered to api [0]
[2024-12-01T00:15:59.033+0000] {dag_data.py:22} INFO - Message delivered to api [0]
[2024-12-01T00:15:59.034+0000] {dag_data.py:22} INFO - Message delivered to api [0]
[2024-12-01T00:15:59.035+0000] {dag_data.py:22} INFO - Message delivered to api [0]
[2024-12-01T00:15:59.035+0000] {dag_data.py:22} INFO - Message delivered to api [0]
[2024-12-01T00:15:59.036+0000] {dag_data.py:22} INFO - Message delivered to api [0]
[2024-12-01T00:15:59.036+0000] {dag_data.py:22} INFO - Message delivered to api [0]
[2024-12-01T00:15:59.037+0000] {dag_data.py:22} INFO - Message delivered to api [0]
[2024-12-01T00:15:59.038+0000] {dag_data.py:22} INFO - Message delivered to api [0]
[2024-12-01T00:15:59.038+0000] {dag_data.py:22} INFO - Message delivered to api [0]
[2024-12-01T00:15:59.039+0000] {dag_data.py:22} INFO - Message delivered to api [0]
[2024-12-01T00:15:59.040+0000] {dag_data.py:22} INFO - Message delivered to api [0]
[2024-12-01T00:15:59.040+0000] {dag_data.py:22} INFO - Message delivered to api [0]
[2024-12-01T00:15:59.041+0000] {dag_data.py:22} INFO - Message delivered to api [0]
[2024-12-01T00:15:59.042+0000] {dag_data.py:22} INFO - Message delivered to api [0]
[2024-12-01T00:15:59.042+0000] {dag_data.py:22} INFO - Message delivered to api [0]
[2024-12-01T00:15:59.043+0000] {dag_data.py:22} INFO - Message delivered to api [0]
[2024-12-01T00:15:59.044+0000] {dag_data.py:22} INFO - Message delivered to api [0]
[2024-12-01T00:15:59.044+0000] {dag_data.py:22} INFO - Message delivered to api [0]
[2024-12-01T00:15:59.045+0000] {dag_data.py:22} INFO - Message delivered to api [0]
[2024-12-01T00:15:59.045+0000] {dag_data.py:22} INFO - Message delivered to api [0]
[2024-12-01T00:15:59.046+0000] {dag_data.py:22} INFO - Message delivered to api [0]
[2024-12-01T00:15:59.047+0000] {dag_data.py:22} INFO - Message delivered to api [0]
[2024-12-01T00:15:59.047+0000] {dag_data.py:22} INFO - Message delivered to api [0]
[2024-12-01T00:15:59.048+0000] {dag_data.py:22} INFO - Message delivered to api [0]
[2024-12-01T00:15:59.049+0000] {dag_data.py:22} INFO - Message delivered to api [0]
[2024-12-01T00:15:59.049+0000] {dag_data.py:22} INFO - Message delivered to api [0]
[2024-12-01T00:15:59.050+0000] {dag_data.py:22} INFO - Message delivered to api [0]
[2024-12-01T00:15:59.050+0000] {dag_data.py:22} INFO - Message delivered to api [0]
[2024-12-01T00:15:59.051+0000] {dag_data.py:22} INFO - Message delivered to api [0]
[2024-12-01T00:15:59.052+0000] {dag_data.py:22} INFO - Message delivered to api [0]
[2024-12-01T00:15:59.052+0000] {dag_data.py:22} INFO - Message delivered to api [0]
[2024-12-01T00:15:59.053+0000] {dag_data.py:22} INFO - Message delivered to api [0]
[2024-12-01T00:15:59.054+0000] {dag_data.py:22} INFO - Message delivered to api [0]
[2024-12-01T00:15:59.054+0000] {dag_data.py:22} INFO - Message delivered to api [0]
[2024-12-01T00:15:59.055+0000] {dag_data.py:22} INFO - Message delivered to api [0]
[2024-12-01T00:15:59.055+0000] {dag_data.py:22} INFO - Message delivered to api [0]
[2024-12-01T00:15:59.056+0000] {dag_data.py:22} INFO - Message delivered to api [0]
[2024-12-01T00:15:59.057+0000] {dag_data.py:22} INFO - Message delivered to api [0]
[2024-12-01T00:15:59.057+0000] {dag_data.py:22} INFO - Message delivered to api [0]
[2024-12-01T00:15:59.058+0000] {dag_data.py:22} INFO - Message delivered to api [0]
[2024-12-01T00:15:59.059+0000] {dag_data.py:22} INFO - Message delivered to api [0]
[2024-12-01T00:15:59.059+0000] {dag_data.py:22} INFO - Message delivered to api [0]
[2024-12-01T00:15:59.060+0000] {dag_data.py:22} INFO - Message delivered to api [0]
[2024-12-01T00:15:59.061+0000] {dag_data.py:22} INFO - Message delivered to api [0]
[2024-12-01T00:15:59.061+0000] {dag_data.py:22} INFO - Message delivered to api [0]
[2024-12-01T00:15:59.062+0000] {dag_data.py:22} INFO - Message delivered to api [0]
[2024-12-01T00:15:59.062+0000] {dag_data.py:80} INFO - Toutes les donnes de sales.csv ont t publies avec succs.
[2024-12-01T00:15:59.064+0000] {python.py:240} INFO - Done. Returned value was: None
[2024-12-01T00:15:59.083+0000] {taskinstance.py:340} INFO - ::group::Post task execution logs
[2024-12-01T00:15:59.084+0000] {taskinstance.py:352} INFO - Marking task as SUCCESS. dag_id=dag1, task_id=process_task_tag2, run_id=scheduled__2024-11-30T00:00:00+00:00, execution_date=20241130T000000, start_date=20241201T000008, end_date=20241201T001559
[2024-12-01T00:15:59.182+0000] {local_task_job_runner.py:266} INFO - Task exited with return code 0
[2024-12-01T00:15:59.211+0000] {taskinstance.py:3895} INFO - 0 downstream tasks scheduled from follow-on schedule check
[2024-12-01T00:15:59.214+0000] {local_task_job_runner.py:245} INFO - ::endgroup::
