[2024-12-01T20:52:18.661+0000] {local_task_job_runner.py:123} INFO - ::group::Pre task execution logs
[2024-12-01T20:52:18.695+0000] {taskinstance.py:2613} INFO - Dependencies all met for dep_context=non-requeueable deps ti=<TaskInstance: consume_kafka_to_hive.consume_kafka_messages manual__2024-12-01T20:52:10.501135+00:00 [queued]>
[2024-12-01T20:52:18.715+0000] {taskinstance.py:2613} INFO - Dependencies all met for dep_context=requeueable deps ti=<TaskInstance: consume_kafka_to_hive.consume_kafka_messages manual__2024-12-01T20:52:10.501135+00:00 [queued]>
[2024-12-01T20:52:18.717+0000] {taskinstance.py:2866} INFO - Starting attempt 1 of 2
[2024-12-01T20:52:18.769+0000] {taskinstance.py:2889} INFO - Executing <Task(PythonOperator): consume_kafka_messages> on 2024-12-01 20:52:10.501135+00:00
[2024-12-01T20:52:18.778+0000] {standard_task_runner.py:72} INFO - Started process 321 to run task
[2024-12-01T20:52:18.782+0000] {standard_task_runner.py:104} INFO - Running: ['airflow', 'tasks', 'run', 'consume_kafka_to_hive', 'consume_kafka_messages', 'manual__2024-12-01T20:52:10.501135+00:00', '--job-id', '73', '--raw', '--subdir', 'DAGS_FOLDER/consume_kafka_to_hive.py', '--cfg-path', '/tmp/tmp41xg19g3']
[2024-12-01T20:52:18.785+0000] {standard_task_runner.py:105} INFO - Job 73: Subtask consume_kafka_messages
[2024-12-01T20:52:18.957+0000] {task_command.py:467} INFO - Running <TaskInstance: consume_kafka_to_hive.consume_kafka_messages manual__2024-12-01T20:52:10.501135+00:00 [running]> on host 45770b1a429e
[2024-12-01T20:52:19.215+0000] {taskinstance.py:3132} INFO - Exporting env vars: AIRFLOW_CTX_DAG_OWNER='airflow' AIRFLOW_CTX_DAG_ID='consume_kafka_to_hive' AIRFLOW_CTX_TASK_ID='consume_kafka_messages' AIRFLOW_CTX_EXECUTION_DATE='2024-12-01T20:52:10.501135+00:00' AIRFLOW_CTX_TRY_NUMBER='1' AIRFLOW_CTX_DAG_RUN_ID='manual__2024-12-01T20:52:10.501135+00:00'
[2024-12-01T20:52:19.218+0000] {taskinstance.py:731} INFO - ::endgroup::
[2024-12-01T20:52:19.844+0000] {hive.py:475} INFO - USE `default`
[2024-12-01T20:52:20.234+0000] {hive.py:475} INFO - 
    CREATE TABLE IF NOT EXISTS sales (
        id STRING,
        invoice_id STRING,
        branch STRING,
        city STRING,
        customer_type STRING,
        gender STRING,
        product_line STRING,
        unit_price FLOAT,
        quantity INT,
        tax_5_percent FLOAT,
        total FLOAT,
        `date` STRING,
        time STRING,
        payment STRING,
        cogs FLOAT,
        gross_margin_percentage FLOAT,
        gross_income FLOAT,
        rating FLOAT
    ) STORED AS ORC
    
[2024-12-01T20:52:20.361+0000] {logging_mixin.py:190} INFO - Subscribed to topic 'tohive'
[2024-12-01T20:52:21.362+0000] {logging_mixin.py:190} INFO - No messages received within timeout
[2024-12-01T20:52:22.363+0000] {logging_mixin.py:190} INFO - No messages received within timeout
[2024-12-01T20:52:23.364+0000] {logging_mixin.py:190} INFO - No messages received within timeout
[2024-12-01T20:52:24.366+0000] {logging_mixin.py:190} INFO - No messages received within timeout
[2024-12-01T20:52:25.367+0000] {logging_mixin.py:190} INFO - No messages received within timeout
[2024-12-01T20:52:26.368+0000] {logging_mixin.py:190} INFO - No messages received within timeout
[2024-12-01T20:52:27.369+0000] {logging_mixin.py:190} INFO - No messages received within timeout
[2024-12-01T20:52:28.370+0000] {logging_mixin.py:190} INFO - No messages received within timeout
[2024-12-01T20:52:29.372+0000] {logging_mixin.py:190} INFO - No messages received within timeout
[2024-12-01T20:52:30.373+0000] {logging_mixin.py:190} INFO - No messages received within timeout
[2024-12-01T20:52:31.374+0000] {logging_mixin.py:190} INFO - No messages received within timeout
[2024-12-01T20:52:32.375+0000] {logging_mixin.py:190} INFO - No messages received within timeout
[2024-12-01T20:52:33.376+0000] {logging_mixin.py:190} INFO - No messages received within timeout
[2024-12-01T20:52:34.377+0000] {logging_mixin.py:190} INFO - No messages received within timeout
[2024-12-01T20:52:35.378+0000] {logging_mixin.py:190} INFO - No messages received within timeout
[2024-12-01T20:52:36.379+0000] {logging_mixin.py:190} INFO - No messages received within timeout
[2024-12-01T20:52:37.380+0000] {logging_mixin.py:190} INFO - No messages received within timeout
[2024-12-01T20:52:38.381+0000] {logging_mixin.py:190} INFO - No messages received within timeout
[2024-12-01T20:52:39.383+0000] {logging_mixin.py:190} INFO - No messages received within timeout
[2024-12-01T20:52:40.384+0000] {logging_mixin.py:190} INFO - No messages received within timeout
[2024-12-01T20:52:41.385+0000] {logging_mixin.py:190} INFO - No messages received within timeout
[2024-12-01T20:52:42.387+0000] {logging_mixin.py:190} INFO - No messages received within timeout
[2024-12-01T20:52:43.388+0000] {logging_mixin.py:190} INFO - No messages received within timeout
[2024-12-01T20:52:44.390+0000] {logging_mixin.py:190} INFO - No messages received within timeout
[2024-12-01T20:52:45.391+0000] {logging_mixin.py:190} INFO - No messages received within timeout
[2024-12-01T20:52:46.392+0000] {logging_mixin.py:190} INFO - No messages received within timeout
[2024-12-01T20:52:47.394+0000] {logging_mixin.py:190} INFO - No messages received within timeout
[2024-12-01T20:52:48.395+0000] {logging_mixin.py:190} INFO - No messages received within timeout
[2024-12-01T20:52:49.397+0000] {logging_mixin.py:190} INFO - No messages received within timeout
[2024-12-01T20:52:50.400+0000] {logging_mixin.py:190} INFO - No messages received within timeout
[2024-12-01T20:52:51.402+0000] {logging_mixin.py:190} INFO - No messages received within timeout
[2024-12-01T20:52:52.403+0000] {logging_mixin.py:190} INFO - No messages received within timeout
[2024-12-01T20:52:53.404+0000] {logging_mixin.py:190} INFO - No messages received within timeout
[2024-12-01T20:52:54.406+0000] {logging_mixin.py:190} INFO - No messages received within timeout
[2024-12-01T20:52:55.407+0000] {logging_mixin.py:190} INFO - No messages received within timeout
[2024-12-01T20:52:56.408+0000] {logging_mixin.py:190} INFO - No messages received within timeout
[2024-12-01T20:52:57.410+0000] {logging_mixin.py:190} INFO - No messages received within timeout
[2024-12-01T20:52:58.411+0000] {logging_mixin.py:190} INFO - No messages received within timeout
[2024-12-01T20:52:59.412+0000] {logging_mixin.py:190} INFO - No messages received within timeout
[2024-12-01T20:53:00.413+0000] {logging_mixin.py:190} INFO - No messages received within timeout
[2024-12-01T20:53:01.413+0000] {logging_mixin.py:190} INFO - No messages received within timeout
[2024-12-01T20:53:02.414+0000] {logging_mixin.py:190} INFO - No messages received within timeout
[2024-12-01T20:53:03.416+0000] {logging_mixin.py:190} INFO - No messages received within timeout
[2024-12-01T20:53:04.417+0000] {logging_mixin.py:190} INFO - No messages received within timeout
[2024-12-01T20:53:05.417+0000] {logging_mixin.py:190} INFO - No messages received within timeout
[2024-12-01T20:53:06.418+0000] {logging_mixin.py:190} INFO - No messages received within timeout
[2024-12-01T20:53:07.419+0000] {logging_mixin.py:190} INFO - No messages received within timeout
[2024-12-01T20:53:08.420+0000] {logging_mixin.py:190} INFO - No messages received within timeout
[2024-12-01T20:53:09.421+0000] {logging_mixin.py:190} INFO - No messages received within timeout
[2024-12-01T20:53:10.422+0000] {logging_mixin.py:190} INFO - No messages received within timeout
[2024-12-01T20:53:11.423+0000] {logging_mixin.py:190} INFO - No messages received within timeout
[2024-12-01T20:53:12.424+0000] {logging_mixin.py:190} INFO - No messages received within timeout
[2024-12-01T20:53:13.426+0000] {logging_mixin.py:190} INFO - No messages received within timeout
[2024-12-01T20:53:14.426+0000] {logging_mixin.py:190} INFO - No messages received within timeout
[2024-12-01T20:53:15.428+0000] {logging_mixin.py:190} INFO - No messages received within timeout
[2024-12-01T20:53:16.429+0000] {logging_mixin.py:190} INFO - No messages received within timeout
[2024-12-01T20:53:17.430+0000] {logging_mixin.py:190} INFO - No messages received within timeout
[2024-12-01T20:53:18.431+0000] {logging_mixin.py:190} INFO - No messages received within timeout
[2024-12-01T20:53:19.433+0000] {logging_mixin.py:190} INFO - No messages received within timeout
[2024-12-01T20:53:20.434+0000] {logging_mixin.py:190} INFO - No messages received within timeout
[2024-12-01T20:53:21.436+0000] {logging_mixin.py:190} INFO - No messages received within timeout
[2024-12-01T20:53:22.437+0000] {logging_mixin.py:190} INFO - No messages received within timeout
[2024-12-01T20:53:23.439+0000] {logging_mixin.py:190} INFO - No messages received within timeout
[2024-12-01T20:53:24.440+0000] {logging_mixin.py:190} INFO - No messages received within timeout
[2024-12-01T20:53:25.441+0000] {logging_mixin.py:190} INFO - No messages received within timeout
[2024-12-01T20:53:26.443+0000] {logging_mixin.py:190} INFO - No messages received within timeout
[2024-12-01T20:53:27.444+0000] {logging_mixin.py:190} INFO - No messages received within timeout
[2024-12-01T20:53:28.445+0000] {logging_mixin.py:190} INFO - No messages received within timeout
[2024-12-01T20:53:29.446+0000] {logging_mixin.py:190} INFO - No messages received within timeout
[2024-12-01T20:53:30.448+0000] {logging_mixin.py:190} INFO - No messages received within timeout
[2024-12-01T20:53:31.449+0000] {logging_mixin.py:190} INFO - No messages received within timeout
[2024-12-01T20:53:32.451+0000] {logging_mixin.py:190} INFO - No messages received within timeout
[2024-12-01T20:53:33.452+0000] {logging_mixin.py:190} INFO - No messages received within timeout
[2024-12-01T20:53:34.454+0000] {logging_mixin.py:190} INFO - No messages received within timeout
[2024-12-01T20:53:35.456+0000] {logging_mixin.py:190} INFO - No messages received within timeout
[2024-12-01T20:53:36.457+0000] {logging_mixin.py:190} INFO - No messages received within timeout
[2024-12-01T20:53:37.458+0000] {logging_mixin.py:190} INFO - No messages received within timeout
[2024-12-01T20:53:38.460+0000] {logging_mixin.py:190} INFO - No messages received within timeout
[2024-12-01T20:53:39.461+0000] {logging_mixin.py:190} INFO - No messages received within timeout
[2024-12-01T20:53:40.463+0000] {logging_mixin.py:190} INFO - No messages received within timeout
[2024-12-01T20:53:41.464+0000] {logging_mixin.py:190} INFO - No messages received within timeout
[2024-12-01T20:53:42.467+0000] {logging_mixin.py:190} INFO - No messages received within timeout
[2024-12-01T20:53:43.468+0000] {logging_mixin.py:190} INFO - No messages received within timeout
[2024-12-01T20:53:44.469+0000] {logging_mixin.py:190} INFO - No messages received within timeout
[2024-12-01T20:53:45.470+0000] {logging_mixin.py:190} INFO - No messages received within timeout
[2024-12-01T20:53:46.471+0000] {logging_mixin.py:190} INFO - No messages received within timeout
[2024-12-01T20:53:47.472+0000] {logging_mixin.py:190} INFO - No messages received within timeout
[2024-12-01T20:53:48.474+0000] {logging_mixin.py:190} INFO - No messages received within timeout
[2024-12-01T20:53:49.475+0000] {logging_mixin.py:190} INFO - No messages received within timeout
[2024-12-01T20:53:50.476+0000] {logging_mixin.py:190} INFO - No messages received within timeout
[2024-12-01T20:53:51.478+0000] {logging_mixin.py:190} INFO - No messages received within timeout
[2024-12-01T20:53:52.479+0000] {logging_mixin.py:190} INFO - No messages received within timeout
[2024-12-01T20:53:53.480+0000] {logging_mixin.py:190} INFO - No messages received within timeout
[2024-12-01T20:53:54.481+0000] {logging_mixin.py:190} INFO - No messages received within timeout
[2024-12-01T20:53:55.482+0000] {logging_mixin.py:190} INFO - No messages received within timeout
[2024-12-01T20:53:56.483+0000] {logging_mixin.py:190} INFO - No messages received within timeout
[2024-12-01T20:53:57.484+0000] {logging_mixin.py:190} INFO - No messages received within timeout
[2024-12-01T20:53:58.485+0000] {logging_mixin.py:190} INFO - No messages received within timeout
[2024-12-01T20:53:59.486+0000] {logging_mixin.py:190} INFO - No messages received within timeout
[2024-12-01T20:54:00.487+0000] {logging_mixin.py:190} INFO - No messages received within timeout
[2024-12-01T20:54:01.488+0000] {logging_mixin.py:190} INFO - No messages received within timeout
[2024-12-01T20:54:02.490+0000] {logging_mixin.py:190} INFO - No messages received within timeout
[2024-12-01T20:54:03.491+0000] {logging_mixin.py:190} INFO - No messages received within timeout
[2024-12-01T20:54:04.492+0000] {logging_mixin.py:190} INFO - No messages received within timeout
[2024-12-01T20:54:05.493+0000] {logging_mixin.py:190} INFO - No messages received within timeout
[2024-12-01T20:54:06.494+0000] {logging_mixin.py:190} INFO - No messages received within timeout
[2024-12-01T20:54:07.495+0000] {logging_mixin.py:190} INFO - No messages received within timeout
[2024-12-01T20:54:08.496+0000] {logging_mixin.py:190} INFO - No messages received within timeout
[2024-12-01T20:54:09.497+0000] {logging_mixin.py:190} INFO - No messages received within timeout
[2024-12-01T20:54:10.498+0000] {logging_mixin.py:190} INFO - No messages received within timeout
[2024-12-01T20:54:11.500+0000] {logging_mixin.py:190} INFO - No messages received within timeout
[2024-12-01T20:54:12.501+0000] {logging_mixin.py:190} INFO - No messages received within timeout
[2024-12-01T20:54:13.503+0000] {logging_mixin.py:190} INFO - No messages received within timeout
[2024-12-01T20:54:14.504+0000] {logging_mixin.py:190} INFO - No messages received within timeout
[2024-12-01T20:54:15.505+0000] {logging_mixin.py:190} INFO - No messages received within timeout
[2024-12-01T20:54:16.506+0000] {logging_mixin.py:190} INFO - No messages received within timeout
[2024-12-01T20:54:17.507+0000] {logging_mixin.py:190} INFO - No messages received within timeout
[2024-12-01T20:54:18.508+0000] {logging_mixin.py:190} INFO - No messages received within timeout
[2024-12-01T20:54:19.509+0000] {logging_mixin.py:190} INFO - No messages received within timeout
[2024-12-01T20:54:20.511+0000] {logging_mixin.py:190} INFO - No messages received within timeout
[2024-12-01T20:54:21.512+0000] {logging_mixin.py:190} INFO - No messages received within timeout
[2024-12-01T20:54:22.513+0000] {logging_mixin.py:190} INFO - No messages received within timeout
[2024-12-01T20:54:23.514+0000] {logging_mixin.py:190} INFO - No messages received within timeout
[2024-12-01T20:54:24.515+0000] {logging_mixin.py:190} INFO - No messages received within timeout
[2024-12-01T20:54:25.516+0000] {logging_mixin.py:190} INFO - No messages received within timeout
[2024-12-01T20:54:26.517+0000] {logging_mixin.py:190} INFO - No messages received within timeout
[2024-12-01T20:54:27.518+0000] {logging_mixin.py:190} INFO - No messages received within timeout
[2024-12-01T20:54:28.519+0000] {logging_mixin.py:190} INFO - No messages received within timeout
[2024-12-01T20:54:29.521+0000] {logging_mixin.py:190} INFO - No messages received within timeout
[2024-12-01T20:54:30.521+0000] {logging_mixin.py:190} INFO - No messages received within timeout
[2024-12-01T20:54:31.523+0000] {logging_mixin.py:190} INFO - No messages received within timeout
[2024-12-01T20:54:32.524+0000] {logging_mixin.py:190} INFO - No messages received within timeout
[2024-12-01T20:54:33.525+0000] {logging_mixin.py:190} INFO - No messages received within timeout
[2024-12-01T20:54:34.526+0000] {logging_mixin.py:190} INFO - No messages received within timeout
[2024-12-01T20:54:35.527+0000] {logging_mixin.py:190} INFO - No messages received within timeout
[2024-12-01T20:54:36.528+0000] {logging_mixin.py:190} INFO - No messages received within timeout
[2024-12-01T20:54:37.530+0000] {logging_mixin.py:190} INFO - No messages received within timeout
[2024-12-01T20:54:38.530+0000] {logging_mixin.py:190} INFO - No messages received within timeout
[2024-12-01T20:54:39.532+0000] {logging_mixin.py:190} INFO - No messages received within timeout
[2024-12-01T20:54:40.533+0000] {logging_mixin.py:190} INFO - No messages received within timeout
[2024-12-01T20:54:41.534+0000] {logging_mixin.py:190} INFO - No messages received within timeout
[2024-12-01T20:54:42.535+0000] {logging_mixin.py:190} INFO - No messages received within timeout
[2024-12-01T20:54:43.537+0000] {logging_mixin.py:190} INFO - No messages received within timeout
[2024-12-01T20:54:44.538+0000] {logging_mixin.py:190} INFO - No messages received within timeout
[2024-12-01T20:54:45.539+0000] {logging_mixin.py:190} INFO - No messages received within timeout
[2024-12-01T20:54:46.540+0000] {logging_mixin.py:190} INFO - No messages received within timeout
[2024-12-01T20:54:47.541+0000] {logging_mixin.py:190} INFO - No messages received within timeout
[2024-12-01T20:54:48.542+0000] {logging_mixin.py:190} INFO - No messages received within timeout
[2024-12-01T20:54:49.543+0000] {logging_mixin.py:190} INFO - No messages received within timeout
[2024-12-01T20:54:50.544+0000] {logging_mixin.py:190} INFO - No messages received within timeout
[2024-12-01T20:54:51.546+0000] {logging_mixin.py:190} INFO - No messages received within timeout
[2024-12-01T20:54:52.547+0000] {logging_mixin.py:190} INFO - No messages received within timeout
[2024-12-01T20:54:53.548+0000] {logging_mixin.py:190} INFO - No messages received within timeout
[2024-12-01T20:54:54.549+0000] {logging_mixin.py:190} INFO - No messages received within timeout
[2024-12-01T20:54:55.550+0000] {logging_mixin.py:190} INFO - No messages received within timeout
[2024-12-01T20:54:56.551+0000] {logging_mixin.py:190} INFO - No messages received within timeout
[2024-12-01T20:54:57.552+0000] {logging_mixin.py:190} INFO - No messages received within timeout
[2024-12-01T20:54:58.553+0000] {logging_mixin.py:190} INFO - No messages received within timeout
[2024-12-01T20:54:59.554+0000] {logging_mixin.py:190} INFO - No messages received within timeout
[2024-12-01T20:55:00.556+0000] {logging_mixin.py:190} INFO - No messages received within timeout
[2024-12-01T20:55:01.557+0000] {logging_mixin.py:190} INFO - No messages received within timeout
[2024-12-01T20:55:02.558+0000] {logging_mixin.py:190} INFO - No messages received within timeout
[2024-12-01T20:55:03.559+0000] {logging_mixin.py:190} INFO - No messages received within timeout
[2024-12-01T20:55:04.560+0000] {logging_mixin.py:190} INFO - No messages received within timeout
[2024-12-01T20:55:05.561+0000] {logging_mixin.py:190} INFO - No messages received within timeout
[2024-12-01T20:55:06.562+0000] {logging_mixin.py:190} INFO - No messages received within timeout
[2024-12-01T20:55:07.563+0000] {logging_mixin.py:190} INFO - No messages received within timeout
[2024-12-01T20:55:08.564+0000] {logging_mixin.py:190} INFO - No messages received within timeout
[2024-12-01T20:55:09.565+0000] {logging_mixin.py:190} INFO - No messages received within timeout
[2024-12-01T20:55:10.566+0000] {logging_mixin.py:190} INFO - No messages received within timeout
[2024-12-01T20:55:11.567+0000] {logging_mixin.py:190} INFO - No messages received within timeout
[2024-12-01T20:55:12.568+0000] {logging_mixin.py:190} INFO - No messages received within timeout
[2024-12-01T20:55:13.569+0000] {logging_mixin.py:190} INFO - No messages received within timeout
[2024-12-01T20:55:14.571+0000] {logging_mixin.py:190} INFO - No messages received within timeout
[2024-12-01T20:55:15.572+0000] {logging_mixin.py:190} INFO - No messages received within timeout
[2024-12-01T20:55:16.573+0000] {logging_mixin.py:190} INFO - No messages received within timeout
[2024-12-01T20:55:17.574+0000] {logging_mixin.py:190} INFO - No messages received within timeout
[2024-12-01T20:55:18.575+0000] {logging_mixin.py:190} INFO - No messages received within timeout
[2024-12-01T20:55:19.576+0000] {logging_mixin.py:190} INFO - No messages received within timeout
[2024-12-01T20:55:20.578+0000] {logging_mixin.py:190} INFO - No messages received within timeout
[2024-12-01T20:55:21.579+0000] {logging_mixin.py:190} INFO - No messages received within timeout
[2024-12-01T20:55:22.580+0000] {logging_mixin.py:190} INFO - No messages received within timeout
[2024-12-01T20:55:23.581+0000] {logging_mixin.py:190} INFO - No messages received within timeout
[2024-12-01T20:55:24.582+0000] {logging_mixin.py:190} INFO - No messages received within timeout
[2024-12-01T20:55:25.583+0000] {logging_mixin.py:190} INFO - No messages received within timeout
[2024-12-01T20:55:26.585+0000] {logging_mixin.py:190} INFO - No messages received within timeout
[2024-12-01T20:55:27.586+0000] {logging_mixin.py:190} INFO - No messages received within timeout
[2024-12-01T20:55:28.587+0000] {logging_mixin.py:190} INFO - No messages received within timeout
[2024-12-01T20:55:29.588+0000] {logging_mixin.py:190} INFO - No messages received within timeout
[2024-12-01T20:55:30.589+0000] {logging_mixin.py:190} INFO - No messages received within timeout
[2024-12-01T20:55:31.590+0000] {logging_mixin.py:190} INFO - No messages received within timeout
[2024-12-01T20:55:32.592+0000] {logging_mixin.py:190} INFO - No messages received within timeout
[2024-12-01T20:55:33.593+0000] {logging_mixin.py:190} INFO - No messages received within timeout
[2024-12-01T20:55:34.597+0000] {logging_mixin.py:190} INFO - No messages received within timeout
[2024-12-01T20:55:35.598+0000] {logging_mixin.py:190} INFO - No messages received within timeout
[2024-12-01T20:55:36.600+0000] {logging_mixin.py:190} INFO - No messages received within timeout
[2024-12-01T20:55:37.601+0000] {logging_mixin.py:190} INFO - No messages received within timeout
[2024-12-01T20:55:38.602+0000] {logging_mixin.py:190} INFO - No messages received within timeout
[2024-12-01T20:55:39.603+0000] {logging_mixin.py:190} INFO - No messages received within timeout
[2024-12-01T20:55:40.604+0000] {logging_mixin.py:190} INFO - No messages received within timeout
[2024-12-01T20:55:41.605+0000] {logging_mixin.py:190} INFO - No messages received within timeout
[2024-12-01T20:55:42.278+0000] {local_task_job_runner.py:346} WARNING - State of this instance has been externally set to failed. Terminating instance.
[2024-12-01T20:55:42.279+0000] {local_task_job_runner.py:245} INFO - ::endgroup::
[2024-12-01T20:55:42.284+0000] {process_utils.py:132} INFO - Sending 15 to group 321. PIDs of all processes in the group: [321]
[2024-12-01T20:55:42.285+0000] {process_utils.py:87} INFO - Sending the signal 15 to group 321
[2024-12-01T20:55:42.606+0000] {taskinstance.py:3093} ERROR - Received SIGTERM. Terminating subprocesses.
[2024-12-01T20:55:48.441+0000] {taskinstance.py:340} INFO - ::group::Post task execution logs
[2024-12-01T20:55:48.478+0000] {process_utils.py:80} INFO - Process psutil.Process(pid=321, status='terminated', exitcode=0, started='20:52:18') (321) terminated with exit code 0
