[2024-12-08T00:00:09.635+0000] {local_task_job_runner.py:123} INFO - ::group::Pre task execution logs
[2024-12-08T00:00:09.663+0000] {taskinstance.py:2613} INFO - Dependencies all met for dep_context=non-requeueable deps ti=<TaskInstance: dag1.process_task_tag2 scheduled__2024-12-07T00:00:00+00:00 [queued]>
[2024-12-08T00:00:09.679+0000] {taskinstance.py:2613} INFO - Dependencies all met for dep_context=requeueable deps ti=<TaskInstance: dag1.process_task_tag2 scheduled__2024-12-07T00:00:00+00:00 [queued]>
[2024-12-08T00:00:09.680+0000] {taskinstance.py:2866} INFO - Starting attempt 1 of 1
[2024-12-08T00:00:09.726+0000] {taskinstance.py:2889} INFO - Executing <Task(PythonOperator): process_task_tag2> on 2024-12-07 00:00:00+00:00
[2024-12-08T00:00:09.737+0000] {standard_task_runner.py:104} INFO - Running: ['airflow', 'tasks', 'run', 'dag1', 'process_task_tag2', 'scheduled__2024-12-07T00:00:00+00:00', '--job-id', '222', '--raw', '--subdir', 'DAGS_FOLDER/dag_data.py', '--cfg-path', '/tmp/tmp5wbbhj7a']
[2024-12-08T00:00:09.738+0000] {logging_mixin.py:190} WARNING - /home/airflow/.local/lib/python3.12/site-packages/airflow/task/task_runner/standard_task_runner.py:70 DeprecationWarning: This process (pid=8111) is multi-threaded, use of fork() may lead to deadlocks in the child.
[2024-12-08T00:00:09.739+0000] {standard_task_runner.py:105} INFO - Job 222: Subtask process_task_tag2
[2024-12-08T00:00:09.740+0000] {standard_task_runner.py:72} INFO - Started process 8125 to run task
[2024-12-08T00:00:09.839+0000] {task_command.py:467} INFO - Running <TaskInstance: dag1.process_task_tag2 scheduled__2024-12-07T00:00:00+00:00 [running]> on host 45770b1a429e
[2024-12-08T00:00:10.001+0000] {taskinstance.py:3132} INFO - Exporting env vars: AIRFLOW_CTX_DAG_OWNER='admin' AIRFLOW_CTX_DAG_ID='dag1' AIRFLOW_CTX_TASK_ID='process_task_tag2' AIRFLOW_CTX_EXECUTION_DATE='2024-12-07T00:00:00+00:00' AIRFLOW_CTX_TRY_NUMBER='1' AIRFLOW_CTX_DAG_RUN_ID='scheduled__2024-12-07T00:00:00+00:00'
[2024-12-08T00:00:10.002+0000] {taskinstance.py:731} INFO - ::endgroup::
[2024-12-08T00:00:10.130+0000] {dag_data.py:49} INFO - Processing chunk:     Invoice ID Branch       City  ... gross margin percentage gross income Rating
0  750-67-8428      A     Yangon  ...                4.761905      26.1415    9.1
1  226-31-3081      C  Naypyitaw  ...                4.761905       3.8200    9.6
2  631-41-3108      A     Yangon  ...                4.761905      16.2155    7.4
3  123-19-1176      A     Yangon  ...                4.761905      23.2880    8.4
4  373-73-7910      A     Yangon  ...                4.761905      30.2085    5.3

[5 rows x 17 columns]
[2024-12-08T00:00:40.153+0000] {dag_data.py:49} INFO - Processing chunk:      Invoice ID Branch  ... gross income Rating
50  326-78-5178      C  ...      31.9900    9.5
51  162-48-8011      A  ...      11.1475    8.5
52  616-24-2851      B  ...       3.5740    6.5
53  778-71-5554      C  ...       0.7715    6.1
54  242-55-6721      B  ...       1.6160    6.5

[5 rows x 17 columns]
[2024-12-08T00:01:10.176+0000] {dag_data.py:49} INFO - Processing chunk:       Invoice ID Branch  ... gross income Rating
100  163-56-7055      C  ...       2.4355    4.1
101  189-98-2939      C  ...      35.3475    7.2
102  551-21-3069      C  ...      10.3815    4.9
103  212-62-1842      A  ...      17.4780    9.9
104  716-39-1409      B  ...      10.6225    8.0

[5 rows x 17 columns]
[2024-12-08T00:01:40.194+0000] {dag_data.py:49} INFO - Processing chunk:       Invoice ID Branch  ... gross income Rating
150  608-96-3517      B  ...       18.308    4.8
151  584-86-7256      C  ...       12.096    7.3
152  746-94-0204      A  ...       37.458    7.4
153  214-17-6927      C  ...        4.944    9.9
154  400-89-4171      C  ...       32.388    9.3

[5 rows x 17 columns]
[2024-12-08T00:02:10.216+0000] {dag_data.py:49} INFO - Processing chunk:       Invoice ID Branch  ... gross income Rating
200  606-80-4905      C  ...       5.7450    6.8
201  542-41-0513      B  ...      11.4980    6.6
202  426-39-2418      C  ...      21.4935    9.8
203  875-46-5808      B  ...      12.9500    8.7
204  394-43-4238      B  ...       4.4425    5.4

[5 rows x 17 columns]
[2024-12-08T00:02:40.237+0000] {dag_data.py:49} INFO - Processing chunk:       Invoice ID Branch  ... gross income Rating
250  845-51-0542      B  ...      20.9475    6.4
251  662-47-5456      C  ...      17.5950    8.4
252  883-17-4236      C  ...       1.4390    7.2
253  290-68-2984      A  ...       4.7500    5.2
254  704-11-6354      A  ...      23.5600    8.9

[5 rows x 17 columns]
[2024-12-08T00:03:10.272+0000] {dag_data.py:49} INFO - Processing chunk:       Invoice ID Branch  ... gross income Rating
300  446-47-6729      C  ...       9.9820    6.7
301  573-10-3877      B  ...       1.9505    4.7
302  735-06-4124      C  ...       2.4305    4.4
303  439-54-7422      A  ...      10.2380    4.7
304  396-90-2219      B  ...       5.9840    8.6

[5 rows x 17 columns]
[2024-12-08T00:03:40.294+0000] {dag_data.py:49} INFO - Processing chunk:       Invoice ID Branch  ... gross income Rating
350  860-79-0874      C  ...      49.6500    6.6
351  834-61-8124      A  ...      18.0915    5.5
352  115-99-4379      B  ...      19.1555    8.5
353  565-67-6697      B  ...      12.1500    4.8
354  320-49-6392      C  ...       1.5120    8.4

[5 rows x 17 columns]
[2024-12-08T00:04:10.318+0000] {dag_data.py:49} INFO - Processing chunk:       Invoice ID Branch  ... gross income Rating
400  110-05-6330      C  ...      11.8290    9.4
401  651-61-0874      C  ...       9.2440    6.2
402  236-86-3015      C  ...       0.6990    9.8
403  831-64-0259      B  ...       9.9375    9.6
404  587-03-7455      C  ...      34.2265    4.9

[5 rows x 17 columns]
[2024-12-08T00:04:40.341+0000] {dag_data.py:49} INFO - Processing chunk:       Invoice ID Branch  ... gross income Rating
450  891-01-7034      B  ...      22.4130    6.7
451  744-09-5786      B  ...       6.6030    7.6
452  727-17-0390      A  ...      15.9025    4.8
453  568-88-3448      A  ...       1.2500    5.5
454  187-83-5490      A  ...       4.1540    4.7

[5 rows x 17 columns]
[2024-12-08T00:05:10.362+0000] {dag_data.py:49} INFO - Processing chunk:       Invoice ID Branch  ... gross income Rating
500  277-63-2961      B  ...       3.6985    5.4
501  573-98-8548      C  ...       1.5950    9.1
502  620-02-2046      C  ...       6.9400    9.0
503  282-35-2475      B  ...       9.3310    6.3
504  511-54-3087      B  ...       4.4225    9.5

[5 rows x 17 columns]
[2024-12-08T00:05:40.406+0000] {dag_data.py:49} INFO - Processing chunk:       Invoice ID Branch  ... gross income Rating
550  747-58-7183      B  ...       8.5905    6.5
551  582-52-8065      B  ...      24.4395    8.9
552  210-57-1719      B  ...      26.2080    9.7
553  399-69-4630      C  ...       6.6630    8.6
554  134-75-2619      A  ...       6.7620    6.9

[5 rows x 17 columns]
[2024-12-08T00:06:10.441+0000] {dag_data.py:49} INFO - Processing chunk:       Invoice ID Branch  ... gross income Rating
600  219-61-4139      C  ...       4.1540    6.4
601  881-41-7302      C  ...       3.2495    4.5
602  373-09-4567      C  ...      38.7800    6.9
603  642-30-6693      B  ...      16.3530    7.8
604  484-22-8230      C  ...      18.1615    4.5

[5 rows x 17 columns]
[2024-12-08T00:06:40.465+0000] {dag_data.py:49} INFO - Processing chunk:       Invoice ID Branch  ... gross income Rating
650  369-82-2676      B  ...       18.915    7.8
651  563-47-4072      B  ...       16.743    9.9
652  742-04-5161      A  ...       36.390    7.3
653  149-15-7606      B  ...       16.794    5.1
654  133-77-3154      B  ...       12.036    9.4

[5 rows x 17 columns]
[2024-12-08T00:07:10.484+0000] {dag_data.py:49} INFO - Processing chunk:       Invoice ID Branch  ... gross income Rating
700  626-43-7888      C  ...      24.1640    9.6
701  176-64-7711      B  ...       4.8480    4.3
702  191-29-0321      B  ...       9.8850    5.0
703  729-06-2010      B  ...      36.2115    9.2
704  640-48-5028      B  ...      39.7755    6.3

[5 rows x 17 columns]
[2024-12-08T00:07:40.510+0000] {dag_data.py:49} INFO - Processing chunk:       Invoice ID Branch  ... gross income Rating
750  210-30-7976      B  ...       4.4640    4.1
751  585-86-8361      A  ...       6.8200    8.6
752  807-14-7833      A  ...       8.7100    7.0
753  775-72-1988      B  ...      18.3200    8.4
754  288-38-3758      C  ...      12.7305    7.4

[5 rows x 17 columns]
[2024-12-08T00:08:10.534+0000] {dag_data.py:49} INFO - Processing chunk:       Invoice ID Branch  ... gross income Rating
800  751-15-6198      B  ...       6.9030    7.9
801  324-41-6833      C  ...      12.0800    5.1
802  474-33-8305      C  ...      23.5865    6.9
803  759-29-9521      A  ...      22.0320    8.0
804  831-81-6575      B  ...      34.0155    8.0

[5 rows x 17 columns]
[2024-12-08T00:08:40.556+0000] {dag_data.py:49} INFO - Processing chunk:       Invoice ID Branch  ... gross income Rating
850  843-73-4724      A  ...       3.7050    9.2
851  409-33-9708      A  ...       9.8480    9.2
852  658-66-3967      C  ...      18.6165    5.0
853  866-70-2814      B  ...      26.3950   10.0
854  160-22-2687      A  ...      23.9875    8.8

[5 rows x 17 columns]
[2024-12-08T00:09:10.575+0000] {dag_data.py:49} INFO - Processing chunk:       Invoice ID Branch  ... gross income Rating
900  377-79-7592      C  ...      20.1780    7.5
901  509-10-0516      B  ...       9.1940    5.1
902  595-94-9924      A  ...       6.9325    4.2
903  865-41-9075      A  ...       4.0355    8.1
904  545-07-8534      C  ...       5.8320    6.0

[5 rows x 17 columns]
[2024-12-08T00:09:40.598+0000] {dag_data.py:49} INFO - Processing chunk:       Invoice ID Branch  ... gross income Rating
950  503-21-4385      B  ...       5.9865    9.3
951  305-89-2768      B  ...       3.2850    4.7
952  574-80-1489      B  ...      12.5700    8.7
953  784-08-0310      C  ...       4.2080    7.6
954  200-40-6154      B  ...      19.7730    5.7

[5 rows x 17 columns]
[2024-12-08T00:10:10.603+0000] {dag_data.py:22} INFO - Message delivered to api [0]
[2024-12-08T00:10:10.604+0000] {dag_data.py:22} INFO - Message delivered to api [0]
[2024-12-08T00:10:10.604+0000] {dag_data.py:22} INFO - Message delivered to api [0]
[2024-12-08T00:10:10.605+0000] {dag_data.py:22} INFO - Message delivered to api [0]
[2024-12-08T00:10:10.606+0000] {dag_data.py:22} INFO - Message delivered to api [0]
[2024-12-08T00:10:10.606+0000] {dag_data.py:22} INFO - Message delivered to api [0]
[2024-12-08T00:10:10.607+0000] {dag_data.py:22} INFO - Message delivered to api [0]
[2024-12-08T00:10:10.607+0000] {dag_data.py:22} INFO - Message delivered to api [0]
[2024-12-08T00:10:10.608+0000] {dag_data.py:22} INFO - Message delivered to api [0]
[2024-12-08T00:10:10.608+0000] {dag_data.py:22} INFO - Message delivered to api [0]
[2024-12-08T00:10:10.609+0000] {dag_data.py:22} INFO - Message delivered to api [0]
[2024-12-08T00:10:10.609+0000] {dag_data.py:22} INFO - Message delivered to api [0]
[2024-12-08T00:10:10.610+0000] {dag_data.py:22} INFO - Message delivered to api [0]
[2024-12-08T00:10:10.610+0000] {dag_data.py:22} INFO - Message delivered to api [0]
[2024-12-08T00:10:10.611+0000] {dag_data.py:22} INFO - Message delivered to api [0]
[2024-12-08T00:10:10.611+0000] {dag_data.py:22} INFO - Message delivered to api [0]
[2024-12-08T00:10:10.612+0000] {dag_data.py:22} INFO - Message delivered to api [0]
[2024-12-08T00:10:10.612+0000] {dag_data.py:22} INFO - Message delivered to api [0]
[2024-12-08T00:10:10.613+0000] {dag_data.py:22} INFO - Message delivered to api [0]
[2024-12-08T00:10:10.613+0000] {dag_data.py:22} INFO - Message delivered to api [0]
[2024-12-08T00:10:10.613+0000] {dag_data.py:22} INFO - Message delivered to api [0]
[2024-12-08T00:10:10.614+0000] {dag_data.py:22} INFO - Message delivered to api [0]
[2024-12-08T00:10:10.614+0000] {dag_data.py:22} INFO - Message delivered to api [0]
[2024-12-08T00:10:10.615+0000] {dag_data.py:22} INFO - Message delivered to api [0]
[2024-12-08T00:10:10.615+0000] {dag_data.py:22} INFO - Message delivered to api [0]
[2024-12-08T00:10:10.616+0000] {dag_data.py:22} INFO - Message delivered to api [0]
[2024-12-08T00:10:10.616+0000] {dag_data.py:22} INFO - Message delivered to api [0]
[2024-12-08T00:10:10.617+0000] {dag_data.py:22} INFO - Message delivered to api [0]
[2024-12-08T00:10:10.618+0000] {dag_data.py:22} INFO - Message delivered to api [0]
[2024-12-08T00:10:10.618+0000] {dag_data.py:22} INFO - Message delivered to api [0]
[2024-12-08T00:10:10.619+0000] {dag_data.py:22} INFO - Message delivered to api [0]
[2024-12-08T00:10:10.619+0000] {dag_data.py:22} INFO - Message delivered to api [0]
[2024-12-08T00:10:10.620+0000] {dag_data.py:22} INFO - Message delivered to api [0]
[2024-12-08T00:10:10.621+0000] {dag_data.py:22} INFO - Message delivered to api [0]
[2024-12-08T00:10:10.621+0000] {dag_data.py:22} INFO - Message delivered to api [0]
[2024-12-08T00:10:10.622+0000] {dag_data.py:22} INFO - Message delivered to api [0]
[2024-12-08T00:10:10.622+0000] {dag_data.py:22} INFO - Message delivered to api [0]
[2024-12-08T00:10:10.623+0000] {dag_data.py:22} INFO - Message delivered to api [0]
[2024-12-08T00:10:10.623+0000] {dag_data.py:22} INFO - Message delivered to api [0]
[2024-12-08T00:10:10.624+0000] {dag_data.py:22} INFO - Message delivered to api [0]
[2024-12-08T00:10:10.624+0000] {dag_data.py:22} INFO - Message delivered to api [0]
[2024-12-08T00:10:10.625+0000] {dag_data.py:22} INFO - Message delivered to api [0]
[2024-12-08T00:10:10.625+0000] {dag_data.py:22} INFO - Message delivered to api [0]
[2024-12-08T00:10:10.625+0000] {dag_data.py:22} INFO - Message delivered to api [0]
[2024-12-08T00:10:10.626+0000] {dag_data.py:22} INFO - Message delivered to api [0]
[2024-12-08T00:10:10.626+0000] {dag_data.py:22} INFO - Message delivered to api [0]
[2024-12-08T00:10:10.627+0000] {dag_data.py:22} INFO - Message delivered to api [0]
[2024-12-08T00:10:10.627+0000] {dag_data.py:22} INFO - Message delivered to api [0]
[2024-12-08T00:10:10.628+0000] {dag_data.py:22} INFO - Message delivered to api [0]
[2024-12-08T00:10:10.628+0000] {dag_data.py:22} INFO - Message delivered to api [0]
[2024-12-08T00:10:10.628+0000] {dag_data.py:22} INFO - Message delivered to api [0]
[2024-12-08T00:10:10.628+0000] {dag_data.py:22} INFO - Message delivered to api [0]
[2024-12-08T00:10:10.629+0000] {dag_data.py:22} INFO - Message delivered to api [0]
[2024-12-08T00:10:10.629+0000] {dag_data.py:22} INFO - Message delivered to api [0]
[2024-12-08T00:10:10.629+0000] {dag_data.py:22} INFO - Message delivered to api [0]
[2024-12-08T00:10:10.630+0000] {dag_data.py:22} INFO - Message delivered to api [0]
[2024-12-08T00:10:10.630+0000] {dag_data.py:22} INFO - Message delivered to api [0]
[2024-12-08T00:10:10.630+0000] {dag_data.py:22} INFO - Message delivered to api [0]
[2024-12-08T00:10:10.631+0000] {dag_data.py:22} INFO - Message delivered to api [0]
[2024-12-08T00:10:10.631+0000] {dag_data.py:22} INFO - Message delivered to api [0]
[2024-12-08T00:10:10.631+0000] {dag_data.py:22} INFO - Message delivered to api [0]
[2024-12-08T00:10:10.632+0000] {dag_data.py:22} INFO - Message delivered to api [0]
[2024-12-08T00:10:10.632+0000] {dag_data.py:22} INFO - Message delivered to api [0]
[2024-12-08T00:10:10.632+0000] {dag_data.py:22} INFO - Message delivered to api [0]
[2024-12-08T00:10:10.633+0000] {dag_data.py:22} INFO - Message delivered to api [0]
[2024-12-08T00:10:10.633+0000] {dag_data.py:22} INFO - Message delivered to api [0]
[2024-12-08T00:10:10.633+0000] {dag_data.py:22} INFO - Message delivered to api [0]
[2024-12-08T00:10:10.634+0000] {dag_data.py:22} INFO - Message delivered to api [0]
[2024-12-08T00:10:10.634+0000] {dag_data.py:22} INFO - Message delivered to api [0]
[2024-12-08T00:10:10.634+0000] {dag_data.py:22} INFO - Message delivered to api [0]
[2024-12-08T00:10:10.635+0000] {dag_data.py:22} INFO - Message delivered to api [0]
[2024-12-08T00:10:10.635+0000] {dag_data.py:22} INFO - Message delivered to api [0]
[2024-12-08T00:10:10.635+0000] {dag_data.py:22} INFO - Message delivered to api [0]
[2024-12-08T00:10:10.636+0000] {dag_data.py:22} INFO - Message delivered to api [0]
[2024-12-08T00:10:10.636+0000] {dag_data.py:22} INFO - Message delivered to api [0]
[2024-12-08T00:10:10.637+0000] {dag_data.py:22} INFO - Message delivered to api [0]
[2024-12-08T00:10:10.637+0000] {dag_data.py:22} INFO - Message delivered to api [0]
[2024-12-08T00:10:10.638+0000] {dag_data.py:22} INFO - Message delivered to api [0]
[2024-12-08T00:10:10.639+0000] {dag_data.py:22} INFO - Message delivered to api [0]
[2024-12-08T00:10:10.639+0000] {dag_data.py:22} INFO - Message delivered to api [0]
[2024-12-08T00:10:10.639+0000] {dag_data.py:22} INFO - Message delivered to api [0]
[2024-12-08T00:10:10.640+0000] {dag_data.py:22} INFO - Message delivered to api [0]
[2024-12-08T00:10:10.640+0000] {dag_data.py:22} INFO - Message delivered to api [0]
[2024-12-08T00:10:10.641+0000] {dag_data.py:22} INFO - Message delivered to api [0]
[2024-12-08T00:10:10.641+0000] {dag_data.py:22} INFO - Message delivered to api [0]
[2024-12-08T00:10:10.641+0000] {dag_data.py:22} INFO - Message delivered to api [0]
[2024-12-08T00:10:10.642+0000] {dag_data.py:22} INFO - Message delivered to api [0]
[2024-12-08T00:10:10.642+0000] {dag_data.py:22} INFO - Message delivered to api [0]
[2024-12-08T00:10:10.642+0000] {dag_data.py:22} INFO - Message delivered to api [0]
[2024-12-08T00:10:10.643+0000] {dag_data.py:22} INFO - Message delivered to api [0]
[2024-12-08T00:10:10.643+0000] {dag_data.py:22} INFO - Message delivered to api [0]
[2024-12-08T00:10:10.644+0000] {dag_data.py:22} INFO - Message delivered to api [0]
[2024-12-08T00:10:10.644+0000] {dag_data.py:22} INFO - Message delivered to api [0]
[2024-12-08T00:10:10.645+0000] {dag_data.py:22} INFO - Message delivered to api [0]
[2024-12-08T00:10:10.645+0000] {dag_data.py:22} INFO - Message delivered to api [0]
[2024-12-08T00:10:10.645+0000] {dag_data.py:22} INFO - Message delivered to api [0]
[2024-12-08T00:10:10.645+0000] {dag_data.py:22} INFO - Message delivered to api [0]
[2024-12-08T00:10:10.646+0000] {dag_data.py:22} INFO - Message delivered to api [0]
[2024-12-08T00:10:10.646+0000] {dag_data.py:22} INFO - Message delivered to api [0]
[2024-12-08T00:10:10.647+0000] {dag_data.py:22} INFO - Message delivered to api [0]
[2024-12-08T00:10:10.647+0000] {dag_data.py:22} INFO - Message delivered to api [0]
[2024-12-08T00:10:10.647+0000] {dag_data.py:22} INFO - Message delivered to api [0]
[2024-12-08T00:10:10.648+0000] {dag_data.py:22} INFO - Message delivered to api [0]
[2024-12-08T00:10:10.648+0000] {dag_data.py:22} INFO - Message delivered to api [0]
[2024-12-08T00:10:10.648+0000] {dag_data.py:22} INFO - Message delivered to api [0]
[2024-12-08T00:10:10.649+0000] {dag_data.py:22} INFO - Message delivered to api [0]
[2024-12-08T00:10:10.649+0000] {dag_data.py:22} INFO - Message delivered to api [0]
[2024-12-08T00:10:10.649+0000] {dag_data.py:22} INFO - Message delivered to api [0]
[2024-12-08T00:10:10.649+0000] {dag_data.py:22} INFO - Message delivered to api [0]
[2024-12-08T00:10:10.650+0000] {dag_data.py:22} INFO - Message delivered to api [0]
[2024-12-08T00:10:10.650+0000] {dag_data.py:22} INFO - Message delivered to api [0]
[2024-12-08T00:10:10.650+0000] {dag_data.py:22} INFO - Message delivered to api [0]
[2024-12-08T00:10:10.651+0000] {dag_data.py:22} INFO - Message delivered to api [0]
[2024-12-08T00:10:10.651+0000] {dag_data.py:22} INFO - Message delivered to api [0]
[2024-12-08T00:10:10.652+0000] {dag_data.py:22} INFO - Message delivered to api [0]
[2024-12-08T00:10:10.652+0000] {dag_data.py:22} INFO - Message delivered to api [0]
[2024-12-08T00:10:10.652+0000] {dag_data.py:22} INFO - Message delivered to api [0]
[2024-12-08T00:10:10.653+0000] {dag_data.py:22} INFO - Message delivered to api [0]
[2024-12-08T00:10:10.653+0000] {dag_data.py:22} INFO - Message delivered to api [0]
[2024-12-08T00:10:10.653+0000] {dag_data.py:22} INFO - Message delivered to api [0]
[2024-12-08T00:10:10.654+0000] {dag_data.py:22} INFO - Message delivered to api [0]
[2024-12-08T00:10:10.654+0000] {dag_data.py:22} INFO - Message delivered to api [0]
[2024-12-08T00:10:10.655+0000] {dag_data.py:22} INFO - Message delivered to api [0]
[2024-12-08T00:10:10.655+0000] {dag_data.py:22} INFO - Message delivered to api [0]
[2024-12-08T00:10:10.656+0000] {dag_data.py:22} INFO - Message delivered to api [0]
[2024-12-08T00:10:10.656+0000] {dag_data.py:22} INFO - Message delivered to api [0]
[2024-12-08T00:10:10.657+0000] {dag_data.py:22} INFO - Message delivered to api [0]
[2024-12-08T00:10:10.657+0000] {dag_data.py:22} INFO - Message delivered to api [0]
[2024-12-08T00:10:10.658+0000] {dag_data.py:22} INFO - Message delivered to api [0]
[2024-12-08T00:10:10.658+0000] {dag_data.py:22} INFO - Message delivered to api [0]
[2024-12-08T00:10:10.659+0000] {dag_data.py:22} INFO - Message delivered to api [0]
[2024-12-08T00:10:10.659+0000] {dag_data.py:22} INFO - Message delivered to api [0]
[2024-12-08T00:10:10.659+0000] {dag_data.py:22} INFO - Message delivered to api [0]
[2024-12-08T00:10:10.660+0000] {dag_data.py:22} INFO - Message delivered to api [0]
[2024-12-08T00:10:10.660+0000] {dag_data.py:22} INFO - Message delivered to api [0]
[2024-12-08T00:10:10.660+0000] {dag_data.py:22} INFO - Message delivered to api [0]
[2024-12-08T00:10:10.661+0000] {dag_data.py:22} INFO - Message delivered to api [0]
[2024-12-08T00:10:10.661+0000] {dag_data.py:22} INFO - Message delivered to api [0]
[2024-12-08T00:10:10.661+0000] {dag_data.py:22} INFO - Message delivered to api [0]
[2024-12-08T00:10:10.662+0000] {dag_data.py:22} INFO - Message delivered to api [0]
[2024-12-08T00:10:10.662+0000] {dag_data.py:22} INFO - Message delivered to api [0]
[2024-12-08T00:10:10.662+0000] {dag_data.py:22} INFO - Message delivered to api [0]
[2024-12-08T00:10:10.663+0000] {dag_data.py:22} INFO - Message delivered to api [0]
[2024-12-08T00:10:10.663+0000] {dag_data.py:22} INFO - Message delivered to api [0]
[2024-12-08T00:10:10.664+0000] {dag_data.py:22} INFO - Message delivered to api [0]
[2024-12-08T00:10:10.664+0000] {dag_data.py:22} INFO - Message delivered to api [0]
[2024-12-08T00:10:10.664+0000] {dag_data.py:22} INFO - Message delivered to api [0]
[2024-12-08T00:10:10.665+0000] {dag_data.py:22} INFO - Message delivered to api [0]
[2024-12-08T00:10:10.665+0000] {dag_data.py:22} INFO - Message delivered to api [0]
[2024-12-08T00:10:10.665+0000] {dag_data.py:22} INFO - Message delivered to api [0]
[2024-12-08T00:10:10.666+0000] {dag_data.py:22} INFO - Message delivered to api [0]
[2024-12-08T00:10:10.666+0000] {dag_data.py:22} INFO - Message delivered to api [0]
[2024-12-08T00:10:10.667+0000] {dag_data.py:22} INFO - Message delivered to api [0]
[2024-12-08T00:10:10.667+0000] {dag_data.py:22} INFO - Message delivered to api [0]
[2024-12-08T00:10:10.667+0000] {dag_data.py:22} INFO - Message delivered to api [0]
[2024-12-08T00:10:10.668+0000] {dag_data.py:22} INFO - Message delivered to api [0]
[2024-12-08T00:10:10.668+0000] {dag_data.py:22} INFO - Message delivered to api [0]
[2024-12-08T00:10:10.669+0000] {dag_data.py:22} INFO - Message delivered to api [0]
[2024-12-08T00:10:10.669+0000] {dag_data.py:22} INFO - Message delivered to api [0]
[2024-12-08T00:10:10.669+0000] {dag_data.py:22} INFO - Message delivered to api [0]
[2024-12-08T00:10:10.670+0000] {dag_data.py:22} INFO - Message delivered to api [0]
[2024-12-08T00:10:10.670+0000] {dag_data.py:22} INFO - Message delivered to api [0]
[2024-12-08T00:10:10.670+0000] {dag_data.py:22} INFO - Message delivered to api [0]
[2024-12-08T00:10:10.671+0000] {dag_data.py:22} INFO - Message delivered to api [0]
[2024-12-08T00:10:10.671+0000] {dag_data.py:22} INFO - Message delivered to api [0]
[2024-12-08T00:10:10.671+0000] {dag_data.py:22} INFO - Message delivered to api [0]
[2024-12-08T00:10:10.672+0000] {dag_data.py:22} INFO - Message delivered to api [0]
[2024-12-08T00:10:10.673+0000] {dag_data.py:22} INFO - Message delivered to api [0]
[2024-12-08T00:10:10.673+0000] {dag_data.py:22} INFO - Message delivered to api [0]
[2024-12-08T00:10:10.674+0000] {dag_data.py:22} INFO - Message delivered to api [0]
[2024-12-08T00:10:10.674+0000] {dag_data.py:22} INFO - Message delivered to api [0]
[2024-12-08T00:10:10.675+0000] {dag_data.py:22} INFO - Message delivered to api [0]
[2024-12-08T00:10:10.675+0000] {dag_data.py:22} INFO - Message delivered to api [0]
[2024-12-08T00:10:10.676+0000] {dag_data.py:22} INFO - Message delivered to api [0]
[2024-12-08T00:10:10.676+0000] {dag_data.py:22} INFO - Message delivered to api [0]
[2024-12-08T00:10:10.677+0000] {dag_data.py:22} INFO - Message delivered to api [0]
[2024-12-08T00:10:10.678+0000] {dag_data.py:22} INFO - Message delivered to api [0]
[2024-12-08T00:10:10.678+0000] {dag_data.py:22} INFO - Message delivered to api [0]
[2024-12-08T00:10:10.679+0000] {dag_data.py:22} INFO - Message delivered to api [0]
[2024-12-08T00:10:10.679+0000] {dag_data.py:22} INFO - Message delivered to api [0]
[2024-12-08T00:10:10.680+0000] {dag_data.py:22} INFO - Message delivered to api [0]
[2024-12-08T00:10:10.680+0000] {dag_data.py:22} INFO - Message delivered to api [0]
[2024-12-08T00:10:10.681+0000] {dag_data.py:22} INFO - Message delivered to api [0]
[2024-12-08T00:10:10.681+0000] {dag_data.py:22} INFO - Message delivered to api [0]
[2024-12-08T00:10:10.682+0000] {dag_data.py:22} INFO - Message delivered to api [0]
[2024-12-08T00:10:10.683+0000] {dag_data.py:22} INFO - Message delivered to api [0]
[2024-12-08T00:10:10.683+0000] {dag_data.py:22} INFO - Message delivered to api [0]
[2024-12-08T00:10:10.684+0000] {dag_data.py:22} INFO - Message delivered to api [0]
[2024-12-08T00:10:10.685+0000] {dag_data.py:22} INFO - Message delivered to api [0]
[2024-12-08T00:10:10.685+0000] {dag_data.py:22} INFO - Message delivered to api [0]
[2024-12-08T00:10:10.686+0000] {dag_data.py:22} INFO - Message delivered to api [0]
[2024-12-08T00:10:10.687+0000] {dag_data.py:22} INFO - Message delivered to api [0]
[2024-12-08T00:10:10.687+0000] {dag_data.py:22} INFO - Message delivered to api [0]
[2024-12-08T00:10:10.688+0000] {dag_data.py:22} INFO - Message delivered to api [0]
[2024-12-08T00:10:10.689+0000] {dag_data.py:22} INFO - Message delivered to api [0]
[2024-12-08T00:10:10.689+0000] {dag_data.py:22} INFO - Message delivered to api [0]
[2024-12-08T00:10:10.689+0000] {dag_data.py:22} INFO - Message delivered to api [0]
[2024-12-08T00:10:10.690+0000] {dag_data.py:22} INFO - Message delivered to api [0]
[2024-12-08T00:10:10.690+0000] {dag_data.py:22} INFO - Message delivered to api [0]
[2024-12-08T00:10:10.691+0000] {dag_data.py:22} INFO - Message delivered to api [0]
[2024-12-08T00:10:10.691+0000] {dag_data.py:22} INFO - Message delivered to api [0]
[2024-12-08T00:10:10.691+0000] {dag_data.py:22} INFO - Message delivered to api [0]
[2024-12-08T00:10:10.692+0000] {dag_data.py:22} INFO - Message delivered to api [0]
[2024-12-08T00:10:10.692+0000] {dag_data.py:22} INFO - Message delivered to api [0]
[2024-12-08T00:10:10.692+0000] {dag_data.py:22} INFO - Message delivered to api [0]
[2024-12-08T00:10:10.693+0000] {dag_data.py:22} INFO - Message delivered to api [0]
[2024-12-08T00:10:10.693+0000] {dag_data.py:22} INFO - Message delivered to api [0]
[2024-12-08T00:10:10.693+0000] {dag_data.py:22} INFO - Message delivered to api [0]
[2024-12-08T00:10:10.694+0000] {dag_data.py:22} INFO - Message delivered to api [0]
[2024-12-08T00:10:10.694+0000] {dag_data.py:22} INFO - Message delivered to api [0]
[2024-12-08T00:10:10.694+0000] {dag_data.py:22} INFO - Message delivered to api [0]
[2024-12-08T00:10:10.695+0000] {dag_data.py:22} INFO - Message delivered to api [0]
[2024-12-08T00:10:10.695+0000] {dag_data.py:22} INFO - Message delivered to api [0]
[2024-12-08T00:10:10.696+0000] {dag_data.py:22} INFO - Message delivered to api [0]
[2024-12-08T00:10:10.696+0000] {dag_data.py:22} INFO - Message delivered to api [0]
[2024-12-08T00:10:10.697+0000] {dag_data.py:22} INFO - Message delivered to api [0]
[2024-12-08T00:10:10.697+0000] {dag_data.py:22} INFO - Message delivered to api [0]
[2024-12-08T00:10:10.698+0000] {dag_data.py:22} INFO - Message delivered to api [0]
[2024-12-08T00:10:10.698+0000] {dag_data.py:22} INFO - Message delivered to api [0]
[2024-12-08T00:10:10.699+0000] {dag_data.py:22} INFO - Message delivered to api [0]
[2024-12-08T00:10:10.699+0000] {dag_data.py:22} INFO - Message delivered to api [0]
[2024-12-08T00:10:10.700+0000] {dag_data.py:22} INFO - Message delivered to api [0]
[2024-12-08T00:10:10.700+0000] {dag_data.py:22} INFO - Message delivered to api [0]
[2024-12-08T00:10:10.701+0000] {dag_data.py:22} INFO - Message delivered to api [0]
[2024-12-08T00:10:10.701+0000] {dag_data.py:22} INFO - Message delivered to api [0]
[2024-12-08T00:10:10.702+0000] {dag_data.py:22} INFO - Message delivered to api [0]
[2024-12-08T00:10:10.703+0000] {dag_data.py:22} INFO - Message delivered to api [0]
[2024-12-08T00:10:10.703+0000] {dag_data.py:22} INFO - Message delivered to api [0]
[2024-12-08T00:10:10.703+0000] {dag_data.py:22} INFO - Message delivered to api [0]
[2024-12-08T00:10:10.704+0000] {dag_data.py:22} INFO - Message delivered to api [0]
[2024-12-08T00:10:10.704+0000] {dag_data.py:22} INFO - Message delivered to api [0]
[2024-12-08T00:10:10.705+0000] {dag_data.py:22} INFO - Message delivered to api [0]
[2024-12-08T00:10:10.706+0000] {dag_data.py:22} INFO - Message delivered to api [0]
[2024-12-08T00:10:10.706+0000] {dag_data.py:22} INFO - Message delivered to api [0]
[2024-12-08T00:10:10.707+0000] {dag_data.py:22} INFO - Message delivered to api [0]
[2024-12-08T00:10:10.708+0000] {dag_data.py:22} INFO - Message delivered to api [0]
[2024-12-08T00:10:10.709+0000] {dag_data.py:22} INFO - Message delivered to api [0]
[2024-12-08T00:10:10.709+0000] {dag_data.py:22} INFO - Message delivered to api [0]
[2024-12-08T00:10:10.710+0000] {dag_data.py:22} INFO - Message delivered to api [0]
[2024-12-08T00:10:10.710+0000] {dag_data.py:22} INFO - Message delivered to api [0]
[2024-12-08T00:10:10.711+0000] {dag_data.py:22} INFO - Message delivered to api [0]
[2024-12-08T00:10:10.711+0000] {dag_data.py:22} INFO - Message delivered to api [0]
[2024-12-08T00:10:10.712+0000] {dag_data.py:22} INFO - Message delivered to api [0]
[2024-12-08T00:10:10.713+0000] {dag_data.py:22} INFO - Message delivered to api [0]
[2024-12-08T00:10:10.713+0000] {dag_data.py:22} INFO - Message delivered to api [0]
[2024-12-08T00:10:10.714+0000] {dag_data.py:22} INFO - Message delivered to api [0]
[2024-12-08T00:10:10.715+0000] {dag_data.py:22} INFO - Message delivered to api [0]
[2024-12-08T00:10:10.715+0000] {dag_data.py:22} INFO - Message delivered to api [0]
[2024-12-08T00:10:10.716+0000] {dag_data.py:22} INFO - Message delivered to api [0]
[2024-12-08T00:10:10.717+0000] {dag_data.py:22} INFO - Message delivered to api [0]
[2024-12-08T00:10:10.718+0000] {dag_data.py:22} INFO - Message delivered to api [0]
[2024-12-08T00:10:10.718+0000] {dag_data.py:22} INFO - Message delivered to api [0]
[2024-12-08T00:10:10.719+0000] {dag_data.py:22} INFO - Message delivered to api [0]
[2024-12-08T00:10:10.720+0000] {dag_data.py:22} INFO - Message delivered to api [0]
[2024-12-08T00:10:10.720+0000] {dag_data.py:22} INFO - Message delivered to api [0]
[2024-12-08T00:10:10.721+0000] {dag_data.py:22} INFO - Message delivered to api [0]
[2024-12-08T00:10:10.721+0000] {dag_data.py:22} INFO - Message delivered to api [0]
[2024-12-08T00:10:10.722+0000] {dag_data.py:22} INFO - Message delivered to api [0]
[2024-12-08T00:10:10.723+0000] {dag_data.py:22} INFO - Message delivered to api [0]
[2024-12-08T00:10:10.723+0000] {dag_data.py:22} INFO - Message delivered to api [0]
[2024-12-08T00:10:10.724+0000] {dag_data.py:22} INFO - Message delivered to api [0]
[2024-12-08T00:10:10.725+0000] {dag_data.py:22} INFO - Message delivered to api [0]
[2024-12-08T00:10:10.725+0000] {dag_data.py:22} INFO - Message delivered to api [0]
[2024-12-08T00:10:10.726+0000] {dag_data.py:22} INFO - Message delivered to api [0]
[2024-12-08T00:10:10.726+0000] {dag_data.py:22} INFO - Message delivered to api [0]
[2024-12-08T00:10:10.727+0000] {dag_data.py:22} INFO - Message delivered to api [0]
[2024-12-08T00:10:10.728+0000] {dag_data.py:22} INFO - Message delivered to api [0]
[2024-12-08T00:10:10.728+0000] {dag_data.py:22} INFO - Message delivered to api [0]
[2024-12-08T00:10:10.729+0000] {dag_data.py:22} INFO - Message delivered to api [0]
[2024-12-08T00:10:10.729+0000] {dag_data.py:22} INFO - Message delivered to api [0]
[2024-12-08T00:10:10.730+0000] {dag_data.py:22} INFO - Message delivered to api [0]
[2024-12-08T00:10:10.730+0000] {dag_data.py:22} INFO - Message delivered to api [0]
[2024-12-08T00:10:10.731+0000] {dag_data.py:22} INFO - Message delivered to api [0]
[2024-12-08T00:10:10.731+0000] {dag_data.py:22} INFO - Message delivered to api [0]
[2024-12-08T00:10:10.732+0000] {dag_data.py:22} INFO - Message delivered to api [0]
[2024-12-08T00:10:10.732+0000] {dag_data.py:22} INFO - Message delivered to api [0]
[2024-12-08T00:10:10.733+0000] {dag_data.py:22} INFO - Message delivered to api [0]
[2024-12-08T00:10:10.733+0000] {dag_data.py:22} INFO - Message delivered to api [0]
[2024-12-08T00:10:10.734+0000] {dag_data.py:22} INFO - Message delivered to api [0]
[2024-12-08T00:10:10.735+0000] {dag_data.py:22} INFO - Message delivered to api [0]
[2024-12-08T00:10:10.735+0000] {dag_data.py:22} INFO - Message delivered to api [0]
[2024-12-08T00:10:10.736+0000] {dag_data.py:22} INFO - Message delivered to api [0]
[2024-12-08T00:10:10.736+0000] {dag_data.py:22} INFO - Message delivered to api [0]
[2024-12-08T00:10:10.737+0000] {dag_data.py:22} INFO - Message delivered to api [0]
[2024-12-08T00:10:10.737+0000] {dag_data.py:22} INFO - Message delivered to api [0]
[2024-12-08T00:10:10.738+0000] {dag_data.py:22} INFO - Message delivered to api [0]
[2024-12-08T00:10:10.739+0000] {dag_data.py:22} INFO - Message delivered to api [0]
[2024-12-08T00:10:10.739+0000] {dag_data.py:22} INFO - Message delivered to api [0]
[2024-12-08T00:10:10.740+0000] {dag_data.py:22} INFO - Message delivered to api [0]
[2024-12-08T00:10:10.740+0000] {dag_data.py:22} INFO - Message delivered to api [0]
[2024-12-08T00:10:10.740+0000] {dag_data.py:22} INFO - Message delivered to api [0]
[2024-12-08T00:10:10.741+0000] {dag_data.py:22} INFO - Message delivered to api [0]
[2024-12-08T00:10:10.741+0000] {dag_data.py:22} INFO - Message delivered to api [0]
[2024-12-08T00:10:10.741+0000] {dag_data.py:22} INFO - Message delivered to api [0]
[2024-12-08T00:10:10.742+0000] {dag_data.py:22} INFO - Message delivered to api [0]
[2024-12-08T00:10:10.742+0000] {dag_data.py:22} INFO - Message delivered to api [0]
[2024-12-08T00:10:10.742+0000] {dag_data.py:22} INFO - Message delivered to api [0]
[2024-12-08T00:10:10.743+0000] {dag_data.py:22} INFO - Message delivered to api [0]
[2024-12-08T00:10:10.743+0000] {dag_data.py:22} INFO - Message delivered to api [0]
[2024-12-08T00:10:10.743+0000] {dag_data.py:22} INFO - Message delivered to api [0]
[2024-12-08T00:10:10.744+0000] {dag_data.py:22} INFO - Message delivered to api [0]
[2024-12-08T00:10:10.744+0000] {dag_data.py:22} INFO - Message delivered to api [0]
[2024-12-08T00:10:10.745+0000] {dag_data.py:22} INFO - Message delivered to api [0]
[2024-12-08T00:10:10.745+0000] {dag_data.py:22} INFO - Message delivered to api [0]
[2024-12-08T00:10:10.745+0000] {dag_data.py:22} INFO - Message delivered to api [0]
[2024-12-08T00:10:10.746+0000] {dag_data.py:22} INFO - Message delivered to api [0]
[2024-12-08T00:10:10.746+0000] {dag_data.py:22} INFO - Message delivered to api [0]
[2024-12-08T00:10:10.747+0000] {dag_data.py:22} INFO - Message delivered to api [0]
[2024-12-08T00:10:10.747+0000] {dag_data.py:22} INFO - Message delivered to api [0]
[2024-12-08T00:10:10.748+0000] {dag_data.py:22} INFO - Message delivered to api [0]
[2024-12-08T00:10:10.748+0000] {dag_data.py:22} INFO - Message delivered to api [0]
[2024-12-08T00:10:10.749+0000] {dag_data.py:22} INFO - Message delivered to api [0]
[2024-12-08T00:10:10.749+0000] {dag_data.py:22} INFO - Message delivered to api [0]
[2024-12-08T00:10:10.749+0000] {dag_data.py:22} INFO - Message delivered to api [0]
[2024-12-08T00:10:10.750+0000] {dag_data.py:22} INFO - Message delivered to api [0]
[2024-12-08T00:10:10.750+0000] {dag_data.py:22} INFO - Message delivered to api [0]
[2024-12-08T00:10:10.750+0000] {dag_data.py:22} INFO - Message delivered to api [0]
[2024-12-08T00:10:10.751+0000] {dag_data.py:22} INFO - Message delivered to api [0]
[2024-12-08T00:10:10.751+0000] {dag_data.py:22} INFO - Message delivered to api [0]
[2024-12-08T00:10:10.751+0000] {dag_data.py:22} INFO - Message delivered to api [0]
[2024-12-08T00:10:10.752+0000] {dag_data.py:22} INFO - Message delivered to api [0]
[2024-12-08T00:10:10.752+0000] {dag_data.py:22} INFO - Message delivered to api [0]
[2024-12-08T00:10:10.752+0000] {dag_data.py:22} INFO - Message delivered to api [0]
[2024-12-08T00:10:10.753+0000] {dag_data.py:22} INFO - Message delivered to api [0]
[2024-12-08T00:10:10.753+0000] {dag_data.py:22} INFO - Message delivered to api [0]
[2024-12-08T00:10:10.753+0000] {dag_data.py:22} INFO - Message delivered to api [0]
[2024-12-08T00:10:10.753+0000] {dag_data.py:22} INFO - Message delivered to api [0]
[2024-12-08T00:10:10.754+0000] {dag_data.py:22} INFO - Message delivered to api [0]
[2024-12-08T00:10:10.754+0000] {dag_data.py:22} INFO - Message delivered to api [0]
[2024-12-08T00:10:10.755+0000] {dag_data.py:22} INFO - Message delivered to api [0]
[2024-12-08T00:10:10.755+0000] {dag_data.py:22} INFO - Message delivered to api [0]
[2024-12-08T00:10:10.756+0000] {dag_data.py:22} INFO - Message delivered to api [0]
[2024-12-08T00:10:10.756+0000] {dag_data.py:22} INFO - Message delivered to api [0]
[2024-12-08T00:10:10.757+0000] {dag_data.py:22} INFO - Message delivered to api [0]
[2024-12-08T00:10:10.757+0000] {dag_data.py:22} INFO - Message delivered to api [0]
[2024-12-08T00:10:10.758+0000] {dag_data.py:22} INFO - Message delivered to api [0]
[2024-12-08T00:10:10.758+0000] {dag_data.py:22} INFO - Message delivered to api [0]
[2024-12-08T00:10:10.758+0000] {dag_data.py:22} INFO - Message delivered to api [0]
[2024-12-08T00:10:10.759+0000] {dag_data.py:22} INFO - Message delivered to api [0]
[2024-12-08T00:10:10.759+0000] {dag_data.py:22} INFO - Message delivered to api [0]
[2024-12-08T00:10:10.759+0000] {dag_data.py:22} INFO - Message delivered to api [0]
[2024-12-08T00:10:10.759+0000] {dag_data.py:22} INFO - Message delivered to api [0]
[2024-12-08T00:10:10.760+0000] {dag_data.py:22} INFO - Message delivered to api [0]
[2024-12-08T00:10:10.760+0000] {dag_data.py:22} INFO - Message delivered to api [0]
[2024-12-08T00:10:10.760+0000] {dag_data.py:22} INFO - Message delivered to api [0]
[2024-12-08T00:10:10.761+0000] {dag_data.py:22} INFO - Message delivered to api [0]
[2024-12-08T00:10:10.761+0000] {dag_data.py:22} INFO - Message delivered to api [0]
[2024-12-08T00:10:10.761+0000] {dag_data.py:22} INFO - Message delivered to api [0]
[2024-12-08T00:10:10.762+0000] {dag_data.py:22} INFO - Message delivered to api [0]
[2024-12-08T00:10:10.762+0000] {dag_data.py:22} INFO - Message delivered to api [0]
[2024-12-08T00:10:10.762+0000] {dag_data.py:22} INFO - Message delivered to api [0]
[2024-12-08T00:10:10.763+0000] {dag_data.py:22} INFO - Message delivered to api [0]
[2024-12-08T00:10:10.763+0000] {dag_data.py:22} INFO - Message delivered to api [0]
[2024-12-08T00:10:10.763+0000] {dag_data.py:22} INFO - Message delivered to api [0]
[2024-12-08T00:10:10.763+0000] {dag_data.py:22} INFO - Message delivered to api [0]
[2024-12-08T00:10:10.764+0000] {dag_data.py:22} INFO - Message delivered to api [0]
[2024-12-08T00:10:10.764+0000] {dag_data.py:22} INFO - Message delivered to api [0]
[2024-12-08T00:10:10.764+0000] {dag_data.py:22} INFO - Message delivered to api [0]
[2024-12-08T00:10:10.765+0000] {dag_data.py:22} INFO - Message delivered to api [0]
[2024-12-08T00:10:10.765+0000] {dag_data.py:22} INFO - Message delivered to api [0]
[2024-12-08T00:10:10.766+0000] {dag_data.py:22} INFO - Message delivered to api [0]
[2024-12-08T00:10:10.766+0000] {dag_data.py:22} INFO - Message delivered to api [0]
[2024-12-08T00:10:10.767+0000] {dag_data.py:22} INFO - Message delivered to api [0]
[2024-12-08T00:10:10.767+0000] {dag_data.py:22} INFO - Message delivered to api [0]
[2024-12-08T00:10:10.768+0000] {dag_data.py:22} INFO - Message delivered to api [0]
[2024-12-08T00:10:10.768+0000] {dag_data.py:22} INFO - Message delivered to api [0]
[2024-12-08T00:10:10.769+0000] {dag_data.py:22} INFO - Message delivered to api [0]
[2024-12-08T00:10:10.769+0000] {dag_data.py:22} INFO - Message delivered to api [0]
[2024-12-08T00:10:10.769+0000] {dag_data.py:22} INFO - Message delivered to api [0]
[2024-12-08T00:10:10.769+0000] {dag_data.py:22} INFO - Message delivered to api [0]
[2024-12-08T00:10:10.770+0000] {dag_data.py:22} INFO - Message delivered to api [0]
[2024-12-08T00:10:10.770+0000] {dag_data.py:22} INFO - Message delivered to api [0]
[2024-12-08T00:10:10.771+0000] {dag_data.py:22} INFO - Message delivered to api [0]
[2024-12-08T00:10:10.771+0000] {dag_data.py:22} INFO - Message delivered to api [0]
[2024-12-08T00:10:10.771+0000] {dag_data.py:22} INFO - Message delivered to api [0]
[2024-12-08T00:10:10.772+0000] {dag_data.py:22} INFO - Message delivered to api [0]
[2024-12-08T00:10:10.772+0000] {dag_data.py:22} INFO - Message delivered to api [0]
[2024-12-08T00:10:10.773+0000] {dag_data.py:22} INFO - Message delivered to api [0]
[2024-12-08T00:10:10.773+0000] {dag_data.py:22} INFO - Message delivered to api [0]
[2024-12-08T00:10:10.774+0000] {dag_data.py:22} INFO - Message delivered to api [0]
[2024-12-08T00:10:10.774+0000] {dag_data.py:22} INFO - Message delivered to api [0]
[2024-12-08T00:10:10.774+0000] {dag_data.py:22} INFO - Message delivered to api [0]
[2024-12-08T00:10:10.774+0000] {dag_data.py:22} INFO - Message delivered to api [0]
[2024-12-08T00:10:10.775+0000] {dag_data.py:22} INFO - Message delivered to api [0]
[2024-12-08T00:10:10.775+0000] {dag_data.py:22} INFO - Message delivered to api [0]
[2024-12-08T00:10:10.775+0000] {dag_data.py:22} INFO - Message delivered to api [0]
[2024-12-08T00:10:10.776+0000] {dag_data.py:22} INFO - Message delivered to api [0]
[2024-12-08T00:10:10.776+0000] {dag_data.py:22} INFO - Message delivered to api [0]
[2024-12-08T00:10:10.777+0000] {dag_data.py:22} INFO - Message delivered to api [0]
[2024-12-08T00:10:10.777+0000] {dag_data.py:22} INFO - Message delivered to api [0]
[2024-12-08T00:10:10.777+0000] {dag_data.py:22} INFO - Message delivered to api [0]
[2024-12-08T00:10:10.778+0000] {dag_data.py:22} INFO - Message delivered to api [0]
[2024-12-08T00:10:10.778+0000] {dag_data.py:22} INFO - Message delivered to api [0]
[2024-12-08T00:10:10.778+0000] {dag_data.py:22} INFO - Message delivered to api [0]
[2024-12-08T00:10:10.778+0000] {dag_data.py:22} INFO - Message delivered to api [0]
[2024-12-08T00:10:10.779+0000] {dag_data.py:22} INFO - Message delivered to api [0]
[2024-12-08T00:10:10.779+0000] {dag_data.py:22} INFO - Message delivered to api [0]
[2024-12-08T00:10:10.780+0000] {dag_data.py:22} INFO - Message delivered to api [0]
[2024-12-08T00:10:10.780+0000] {dag_data.py:22} INFO - Message delivered to api [0]
[2024-12-08T00:10:10.780+0000] {dag_data.py:22} INFO - Message delivered to api [0]
[2024-12-08T00:10:10.780+0000] {dag_data.py:22} INFO - Message delivered to api [0]
[2024-12-08T00:10:10.781+0000] {dag_data.py:22} INFO - Message delivered to api [0]
[2024-12-08T00:10:10.781+0000] {dag_data.py:22} INFO - Message delivered to api [0]
[2024-12-08T00:10:10.781+0000] {dag_data.py:22} INFO - Message delivered to api [0]
[2024-12-08T00:10:10.782+0000] {dag_data.py:22} INFO - Message delivered to api [0]
[2024-12-08T00:10:10.782+0000] {dag_data.py:22} INFO - Message delivered to api [0]
[2024-12-08T00:10:10.782+0000] {dag_data.py:22} INFO - Message delivered to api [0]
[2024-12-08T00:10:10.782+0000] {dag_data.py:22} INFO - Message delivered to api [0]
[2024-12-08T00:10:10.783+0000] {dag_data.py:22} INFO - Message delivered to api [0]
[2024-12-08T00:10:10.783+0000] {dag_data.py:22} INFO - Message delivered to api [0]
[2024-12-08T00:10:10.783+0000] {dag_data.py:22} INFO - Message delivered to api [0]
[2024-12-08T00:10:10.783+0000] {dag_data.py:22} INFO - Message delivered to api [0]
[2024-12-08T00:10:10.784+0000] {dag_data.py:22} INFO - Message delivered to api [0]
[2024-12-08T00:10:10.784+0000] {dag_data.py:22} INFO - Message delivered to api [0]
[2024-12-08T00:10:10.784+0000] {dag_data.py:22} INFO - Message delivered to api [0]
[2024-12-08T00:10:10.784+0000] {dag_data.py:22} INFO - Message delivered to api [0]
[2024-12-08T00:10:10.785+0000] {dag_data.py:22} INFO - Message delivered to api [0]
[2024-12-08T00:10:10.785+0000] {dag_data.py:22} INFO - Message delivered to api [0]
[2024-12-08T00:10:10.785+0000] {dag_data.py:22} INFO - Message delivered to api [0]
[2024-12-08T00:10:10.786+0000] {dag_data.py:22} INFO - Message delivered to api [0]
[2024-12-08T00:10:10.786+0000] {dag_data.py:22} INFO - Message delivered to api [0]
[2024-12-08T00:10:10.787+0000] {dag_data.py:22} INFO - Message delivered to api [0]
[2024-12-08T00:10:10.787+0000] {dag_data.py:22} INFO - Message delivered to api [0]
[2024-12-08T00:10:10.788+0000] {dag_data.py:22} INFO - Message delivered to api [0]
[2024-12-08T00:10:10.788+0000] {dag_data.py:22} INFO - Message delivered to api [0]
[2024-12-08T00:10:10.789+0000] {dag_data.py:22} INFO - Message delivered to api [0]
[2024-12-08T00:10:10.789+0000] {dag_data.py:22} INFO - Message delivered to api [0]
[2024-12-08T00:10:10.789+0000] {dag_data.py:22} INFO - Message delivered to api [0]
[2024-12-08T00:10:10.790+0000] {dag_data.py:22} INFO - Message delivered to api [0]
[2024-12-08T00:10:10.790+0000] {dag_data.py:22} INFO - Message delivered to api [0]
[2024-12-08T00:10:10.790+0000] {dag_data.py:22} INFO - Message delivered to api [0]
[2024-12-08T00:10:10.790+0000] {dag_data.py:22} INFO - Message delivered to api [0]
[2024-12-08T00:10:10.791+0000] {dag_data.py:22} INFO - Message delivered to api [0]
[2024-12-08T00:10:10.791+0000] {dag_data.py:22} INFO - Message delivered to api [0]
[2024-12-08T00:10:10.792+0000] {dag_data.py:22} INFO - Message delivered to api [0]
[2024-12-08T00:10:10.792+0000] {dag_data.py:22} INFO - Message delivered to api [0]
[2024-12-08T00:10:10.792+0000] {dag_data.py:22} INFO - Message delivered to api [0]
[2024-12-08T00:10:10.793+0000] {dag_data.py:22} INFO - Message delivered to api [0]
[2024-12-08T00:10:10.793+0000] {dag_data.py:22} INFO - Message delivered to api [0]
[2024-12-08T00:10:10.793+0000] {dag_data.py:22} INFO - Message delivered to api [0]
[2024-12-08T00:10:10.794+0000] {dag_data.py:22} INFO - Message delivered to api [0]
[2024-12-08T00:10:10.794+0000] {dag_data.py:22} INFO - Message delivered to api [0]
[2024-12-08T00:10:10.795+0000] {dag_data.py:22} INFO - Message delivered to api [0]
[2024-12-08T00:10:10.795+0000] {dag_data.py:22} INFO - Message delivered to api [0]
[2024-12-08T00:10:10.795+0000] {dag_data.py:22} INFO - Message delivered to api [0]
[2024-12-08T00:10:10.795+0000] {dag_data.py:22} INFO - Message delivered to api [0]
[2024-12-08T00:10:10.796+0000] {dag_data.py:22} INFO - Message delivered to api [0]
[2024-12-08T00:10:10.796+0000] {dag_data.py:22} INFO - Message delivered to api [0]
[2024-12-08T00:10:10.797+0000] {dag_data.py:22} INFO - Message delivered to api [0]
[2024-12-08T00:10:10.797+0000] {dag_data.py:22} INFO - Message delivered to api [0]
[2024-12-08T00:10:10.797+0000] {dag_data.py:22} INFO - Message delivered to api [0]
[2024-12-08T00:10:10.798+0000] {dag_data.py:22} INFO - Message delivered to api [0]
[2024-12-08T00:10:10.798+0000] {dag_data.py:22} INFO - Message delivered to api [0]
[2024-12-08T00:10:10.799+0000] {dag_data.py:22} INFO - Message delivered to api [0]
[2024-12-08T00:10:10.799+0000] {dag_data.py:22} INFO - Message delivered to api [0]
[2024-12-08T00:10:10.799+0000] {dag_data.py:22} INFO - Message delivered to api [0]
[2024-12-08T00:10:10.800+0000] {dag_data.py:22} INFO - Message delivered to api [0]
[2024-12-08T00:10:10.800+0000] {dag_data.py:22} INFO - Message delivered to api [0]
[2024-12-08T00:10:10.800+0000] {dag_data.py:22} INFO - Message delivered to api [0]
[2024-12-08T00:10:10.800+0000] {dag_data.py:22} INFO - Message delivered to api [0]
[2024-12-08T00:10:10.801+0000] {dag_data.py:22} INFO - Message delivered to api [0]
[2024-12-08T00:10:10.801+0000] {dag_data.py:22} INFO - Message delivered to api [0]
[2024-12-08T00:10:10.802+0000] {dag_data.py:22} INFO - Message delivered to api [0]
[2024-12-08T00:10:10.802+0000] {dag_data.py:22} INFO - Message delivered to api [0]
[2024-12-08T00:10:10.802+0000] {dag_data.py:22} INFO - Message delivered to api [0]
[2024-12-08T00:10:10.803+0000] {dag_data.py:22} INFO - Message delivered to api [0]
[2024-12-08T00:10:10.803+0000] {dag_data.py:22} INFO - Message delivered to api [0]
[2024-12-08T00:10:10.804+0000] {dag_data.py:22} INFO - Message delivered to api [0]
[2024-12-08T00:10:10.804+0000] {dag_data.py:22} INFO - Message delivered to api [0]
[2024-12-08T00:10:10.804+0000] {dag_data.py:22} INFO - Message delivered to api [0]
[2024-12-08T00:10:10.805+0000] {dag_data.py:22} INFO - Message delivered to api [0]
[2024-12-08T00:10:10.805+0000] {dag_data.py:22} INFO - Message delivered to api [0]
[2024-12-08T00:10:10.806+0000] {dag_data.py:22} INFO - Message delivered to api [0]
[2024-12-08T00:10:10.807+0000] {dag_data.py:22} INFO - Message delivered to api [0]
[2024-12-08T00:10:10.808+0000] {dag_data.py:22} INFO - Message delivered to api [0]
[2024-12-08T00:10:10.808+0000] {dag_data.py:22} INFO - Message delivered to api [0]
[2024-12-08T00:10:10.809+0000] {dag_data.py:22} INFO - Message delivered to api [0]
[2024-12-08T00:10:10.810+0000] {dag_data.py:22} INFO - Message delivered to api [0]
[2024-12-08T00:10:10.811+0000] {dag_data.py:22} INFO - Message delivered to api [0]
[2024-12-08T00:10:10.811+0000] {dag_data.py:22} INFO - Message delivered to api [0]
[2024-12-08T00:10:10.811+0000] {dag_data.py:22} INFO - Message delivered to api [0]
[2024-12-08T00:10:10.811+0000] {dag_data.py:22} INFO - Message delivered to api [0]
[2024-12-08T00:10:10.812+0000] {dag_data.py:22} INFO - Message delivered to api [0]
[2024-12-08T00:10:10.812+0000] {dag_data.py:22} INFO - Message delivered to api [0]
[2024-12-08T00:10:10.812+0000] {dag_data.py:22} INFO - Message delivered to api [0]
[2024-12-08T00:10:10.813+0000] {dag_data.py:22} INFO - Message delivered to api [0]
[2024-12-08T00:10:10.813+0000] {dag_data.py:22} INFO - Message delivered to api [0]
[2024-12-08T00:10:10.813+0000] {dag_data.py:22} INFO - Message delivered to api [0]
[2024-12-08T00:10:10.814+0000] {dag_data.py:22} INFO - Message delivered to api [0]
[2024-12-08T00:10:10.814+0000] {dag_data.py:22} INFO - Message delivered to api [0]
[2024-12-08T00:10:10.814+0000] {dag_data.py:22} INFO - Message delivered to api [0]
[2024-12-08T00:10:10.814+0000] {dag_data.py:22} INFO - Message delivered to api [0]
[2024-12-08T00:10:10.815+0000] {dag_data.py:22} INFO - Message delivered to api [0]
[2024-12-08T00:10:10.815+0000] {dag_data.py:22} INFO - Message delivered to api [0]
[2024-12-08T00:10:10.815+0000] {dag_data.py:22} INFO - Message delivered to api [0]
[2024-12-08T00:10:10.816+0000] {dag_data.py:22} INFO - Message delivered to api [0]
[2024-12-08T00:10:10.816+0000] {dag_data.py:22} INFO - Message delivered to api [0]
[2024-12-08T00:10:10.816+0000] {dag_data.py:22} INFO - Message delivered to api [0]
[2024-12-08T00:10:10.817+0000] {dag_data.py:22} INFO - Message delivered to api [0]
[2024-12-08T00:10:10.817+0000] {dag_data.py:22} INFO - Message delivered to api [0]
[2024-12-08T00:10:10.817+0000] {dag_data.py:22} INFO - Message delivered to api [0]
[2024-12-08T00:10:10.817+0000] {dag_data.py:22} INFO - Message delivered to api [0]
[2024-12-08T00:10:10.818+0000] {dag_data.py:22} INFO - Message delivered to api [0]
[2024-12-08T00:10:10.818+0000] {dag_data.py:22} INFO - Message delivered to api [0]
[2024-12-08T00:10:10.819+0000] {dag_data.py:22} INFO - Message delivered to api [0]
[2024-12-08T00:10:10.819+0000] {dag_data.py:22} INFO - Message delivered to api [0]
[2024-12-08T00:10:10.819+0000] {dag_data.py:22} INFO - Message delivered to api [0]
[2024-12-08T00:10:10.819+0000] {dag_data.py:22} INFO - Message delivered to api [0]
[2024-12-08T00:10:10.820+0000] {dag_data.py:22} INFO - Message delivered to api [0]
[2024-12-08T00:10:10.820+0000] {dag_data.py:22} INFO - Message delivered to api [0]
[2024-12-08T00:10:10.821+0000] {dag_data.py:22} INFO - Message delivered to api [0]
[2024-12-08T00:10:10.821+0000] {dag_data.py:22} INFO - Message delivered to api [0]
[2024-12-08T00:10:10.822+0000] {dag_data.py:22} INFO - Message delivered to api [0]
[2024-12-08T00:10:10.822+0000] {dag_data.py:22} INFO - Message delivered to api [0]
[2024-12-08T00:10:10.822+0000] {dag_data.py:22} INFO - Message delivered to api [0]
[2024-12-08T00:10:10.823+0000] {dag_data.py:22} INFO - Message delivered to api [0]
[2024-12-08T00:10:10.823+0000] {dag_data.py:22} INFO - Message delivered to api [0]
[2024-12-08T00:10:10.823+0000] {dag_data.py:22} INFO - Message delivered to api [0]
[2024-12-08T00:10:10.824+0000] {dag_data.py:22} INFO - Message delivered to api [0]
[2024-12-08T00:10:10.824+0000] {dag_data.py:22} INFO - Message delivered to api [0]
[2024-12-08T00:10:10.824+0000] {dag_data.py:22} INFO - Message delivered to api [0]
[2024-12-08T00:10:10.825+0000] {dag_data.py:22} INFO - Message delivered to api [0]
[2024-12-08T00:10:10.825+0000] {dag_data.py:22} INFO - Message delivered to api [0]
[2024-12-08T00:10:10.825+0000] {dag_data.py:22} INFO - Message delivered to api [0]
[2024-12-08T00:10:10.826+0000] {dag_data.py:22} INFO - Message delivered to api [0]
[2024-12-08T00:10:10.827+0000] {dag_data.py:22} INFO - Message delivered to api [0]
[2024-12-08T00:10:10.827+0000] {dag_data.py:22} INFO - Message delivered to api [0]
[2024-12-08T00:10:10.828+0000] {dag_data.py:22} INFO - Message delivered to api [0]
[2024-12-08T00:10:10.828+0000] {dag_data.py:22} INFO - Message delivered to api [0]
[2024-12-08T00:10:10.828+0000] {dag_data.py:22} INFO - Message delivered to api [0]
[2024-12-08T00:10:10.829+0000] {dag_data.py:22} INFO - Message delivered to api [0]
[2024-12-08T00:10:10.829+0000] {dag_data.py:22} INFO - Message delivered to api [0]
[2024-12-08T00:10:10.829+0000] {dag_data.py:22} INFO - Message delivered to api [0]
[2024-12-08T00:10:10.830+0000] {dag_data.py:22} INFO - Message delivered to api [0]
[2024-12-08T00:10:10.830+0000] {dag_data.py:22} INFO - Message delivered to api [0]
[2024-12-08T00:10:10.830+0000] {dag_data.py:22} INFO - Message delivered to api [0]
[2024-12-08T00:10:10.831+0000] {dag_data.py:22} INFO - Message delivered to api [0]
[2024-12-08T00:10:10.831+0000] {dag_data.py:22} INFO - Message delivered to api [0]
[2024-12-08T00:10:10.831+0000] {dag_data.py:22} INFO - Message delivered to api [0]
[2024-12-08T00:10:10.832+0000] {dag_data.py:22} INFO - Message delivered to api [0]
[2024-12-08T00:10:10.832+0000] {dag_data.py:22} INFO - Message delivered to api [0]
[2024-12-08T00:10:10.832+0000] {dag_data.py:22} INFO - Message delivered to api [0]
[2024-12-08T00:10:10.833+0000] {dag_data.py:22} INFO - Message delivered to api [0]
[2024-12-08T00:10:10.833+0000] {dag_data.py:22} INFO - Message delivered to api [0]
[2024-12-08T00:10:10.834+0000] {dag_data.py:22} INFO - Message delivered to api [0]
[2024-12-08T00:10:10.834+0000] {dag_data.py:22} INFO - Message delivered to api [0]
[2024-12-08T00:10:10.834+0000] {dag_data.py:22} INFO - Message delivered to api [0]
[2024-12-08T00:10:10.834+0000] {dag_data.py:22} INFO - Message delivered to api [0]
[2024-12-08T00:10:10.835+0000] {dag_data.py:22} INFO - Message delivered to api [0]
[2024-12-08T00:10:10.835+0000] {dag_data.py:22} INFO - Message delivered to api [0]
[2024-12-08T00:10:10.836+0000] {dag_data.py:22} INFO - Message delivered to api [0]
[2024-12-08T00:10:10.836+0000] {dag_data.py:22} INFO - Message delivered to api [0]
[2024-12-08T00:10:10.836+0000] {dag_data.py:22} INFO - Message delivered to api [0]
[2024-12-08T00:10:10.837+0000] {dag_data.py:22} INFO - Message delivered to api [0]
[2024-12-08T00:10:10.837+0000] {dag_data.py:22} INFO - Message delivered to api [0]
[2024-12-08T00:10:10.837+0000] {dag_data.py:22} INFO - Message delivered to api [0]
[2024-12-08T00:10:10.838+0000] {dag_data.py:22} INFO - Message delivered to api [0]
[2024-12-08T00:10:10.838+0000] {dag_data.py:22} INFO - Message delivered to api [0]
[2024-12-08T00:10:10.838+0000] {dag_data.py:22} INFO - Message delivered to api [0]
[2024-12-08T00:10:10.839+0000] {dag_data.py:22} INFO - Message delivered to api [0]
[2024-12-08T00:10:10.839+0000] {dag_data.py:22} INFO - Message delivered to api [0]
[2024-12-08T00:10:10.840+0000] {dag_data.py:22} INFO - Message delivered to api [0]
[2024-12-08T00:10:10.840+0000] {dag_data.py:22} INFO - Message delivered to api [0]
[2024-12-08T00:10:10.841+0000] {dag_data.py:22} INFO - Message delivered to api [0]
[2024-12-08T00:10:10.841+0000] {dag_data.py:22} INFO - Message delivered to api [0]
[2024-12-08T00:10:10.841+0000] {dag_data.py:22} INFO - Message delivered to api [0]
[2024-12-08T00:10:10.842+0000] {dag_data.py:22} INFO - Message delivered to api [0]
[2024-12-08T00:10:10.842+0000] {dag_data.py:22} INFO - Message delivered to api [0]
[2024-12-08T00:10:10.842+0000] {dag_data.py:22} INFO - Message delivered to api [0]
[2024-12-08T00:10:10.843+0000] {dag_data.py:22} INFO - Message delivered to api [0]
[2024-12-08T00:10:10.843+0000] {dag_data.py:22} INFO - Message delivered to api [0]
[2024-12-08T00:10:10.844+0000] {dag_data.py:22} INFO - Message delivered to api [0]
[2024-12-08T00:10:10.844+0000] {dag_data.py:22} INFO - Message delivered to api [0]
[2024-12-08T00:10:10.844+0000] {dag_data.py:22} INFO - Message delivered to api [0]
[2024-12-08T00:10:10.845+0000] {dag_data.py:22} INFO - Message delivered to api [0]
[2024-12-08T00:10:10.845+0000] {dag_data.py:22} INFO - Message delivered to api [0]
[2024-12-08T00:10:10.846+0000] {dag_data.py:22} INFO - Message delivered to api [0]
[2024-12-08T00:10:10.846+0000] {dag_data.py:22} INFO - Message delivered to api [0]
[2024-12-08T00:10:10.846+0000] {dag_data.py:22} INFO - Message delivered to api [0]
[2024-12-08T00:10:10.847+0000] {dag_data.py:22} INFO - Message delivered to api [0]
[2024-12-08T00:10:10.847+0000] {dag_data.py:22} INFO - Message delivered to api [0]
[2024-12-08T00:10:10.847+0000] {dag_data.py:22} INFO - Message delivered to api [0]
[2024-12-08T00:10:10.848+0000] {dag_data.py:22} INFO - Message delivered to api [0]
[2024-12-08T00:10:10.848+0000] {dag_data.py:22} INFO - Message delivered to api [0]
[2024-12-08T00:10:10.848+0000] {dag_data.py:22} INFO - Message delivered to api [0]
[2024-12-08T00:10:10.849+0000] {dag_data.py:22} INFO - Message delivered to api [0]
[2024-12-08T00:10:10.849+0000] {dag_data.py:22} INFO - Message delivered to api [0]
[2024-12-08T00:10:10.850+0000] {dag_data.py:22} INFO - Message delivered to api [0]
[2024-12-08T00:10:10.850+0000] {dag_data.py:22} INFO - Message delivered to api [0]
[2024-12-08T00:10:10.850+0000] {dag_data.py:22} INFO - Message delivered to api [0]
[2024-12-08T00:10:10.850+0000] {dag_data.py:22} INFO - Message delivered to api [0]
[2024-12-08T00:10:10.851+0000] {dag_data.py:22} INFO - Message delivered to api [0]
[2024-12-08T00:10:10.851+0000] {dag_data.py:22} INFO - Message delivered to api [0]
[2024-12-08T00:10:10.851+0000] {dag_data.py:22} INFO - Message delivered to api [0]
[2024-12-08T00:10:10.852+0000] {dag_data.py:22} INFO - Message delivered to api [0]
[2024-12-08T00:10:10.852+0000] {dag_data.py:22} INFO - Message delivered to api [0]
[2024-12-08T00:10:10.852+0000] {dag_data.py:22} INFO - Message delivered to api [0]
[2024-12-08T00:10:10.853+0000] {dag_data.py:22} INFO - Message delivered to api [0]
[2024-12-08T00:10:10.853+0000] {dag_data.py:22} INFO - Message delivered to api [0]
[2024-12-08T00:10:10.853+0000] {dag_data.py:22} INFO - Message delivered to api [0]
[2024-12-08T00:10:10.854+0000] {dag_data.py:22} INFO - Message delivered to api [0]
[2024-12-08T00:10:10.854+0000] {dag_data.py:22} INFO - Message delivered to api [0]
[2024-12-08T00:10:10.855+0000] {dag_data.py:22} INFO - Message delivered to api [0]
[2024-12-08T00:10:10.855+0000] {dag_data.py:22} INFO - Message delivered to api [0]
[2024-12-08T00:10:10.856+0000] {dag_data.py:22} INFO - Message delivered to api [0]
[2024-12-08T00:10:10.856+0000] {dag_data.py:22} INFO - Message delivered to api [0]
[2024-12-08T00:10:10.857+0000] {dag_data.py:22} INFO - Message delivered to api [0]
[2024-12-08T00:10:10.857+0000] {dag_data.py:22} INFO - Message delivered to api [0]
[2024-12-08T00:10:10.858+0000] {dag_data.py:22} INFO - Message delivered to api [0]
[2024-12-08T00:10:10.858+0000] {dag_data.py:22} INFO - Message delivered to api [0]
[2024-12-08T00:10:10.858+0000] {dag_data.py:22} INFO - Message delivered to api [0]
[2024-12-08T00:10:10.859+0000] {dag_data.py:22} INFO - Message delivered to api [0]
[2024-12-08T00:10:10.859+0000] {dag_data.py:22} INFO - Message delivered to api [0]
[2024-12-08T00:10:10.859+0000] {dag_data.py:22} INFO - Message delivered to api [0]
[2024-12-08T00:10:10.860+0000] {dag_data.py:22} INFO - Message delivered to api [0]
[2024-12-08T00:10:10.860+0000] {dag_data.py:22} INFO - Message delivered to api [0]
[2024-12-08T00:10:10.861+0000] {dag_data.py:22} INFO - Message delivered to api [0]
[2024-12-08T00:10:10.861+0000] {dag_data.py:22} INFO - Message delivered to api [0]
[2024-12-08T00:10:10.861+0000] {dag_data.py:22} INFO - Message delivered to api [0]
[2024-12-08T00:10:10.862+0000] {dag_data.py:22} INFO - Message delivered to api [0]
[2024-12-08T00:10:10.862+0000] {dag_data.py:22} INFO - Message delivered to api [0]
[2024-12-08T00:10:10.862+0000] {dag_data.py:22} INFO - Message delivered to api [0]
[2024-12-08T00:10:10.863+0000] {dag_data.py:22} INFO - Message delivered to api [0]
[2024-12-08T00:10:10.863+0000] {dag_data.py:22} INFO - Message delivered to api [0]
[2024-12-08T00:10:10.863+0000] {dag_data.py:22} INFO - Message delivered to api [0]
[2024-12-08T00:10:10.864+0000] {dag_data.py:22} INFO - Message delivered to api [0]
[2024-12-08T00:10:10.864+0000] {dag_data.py:22} INFO - Message delivered to api [0]
[2024-12-08T00:10:10.864+0000] {dag_data.py:22} INFO - Message delivered to api [0]
[2024-12-08T00:10:10.865+0000] {dag_data.py:22} INFO - Message delivered to api [0]
[2024-12-08T00:10:10.865+0000] {dag_data.py:22} INFO - Message delivered to api [0]
[2024-12-08T00:10:10.866+0000] {dag_data.py:22} INFO - Message delivered to api [0]
[2024-12-08T00:10:10.866+0000] {dag_data.py:22} INFO - Message delivered to api [0]
[2024-12-08T00:10:10.866+0000] {dag_data.py:22} INFO - Message delivered to api [0]
[2024-12-08T00:10:10.867+0000] {dag_data.py:22} INFO - Message delivered to api [0]
[2024-12-08T00:10:10.867+0000] {dag_data.py:22} INFO - Message delivered to api [0]
[2024-12-08T00:10:10.867+0000] {dag_data.py:22} INFO - Message delivered to api [0]
[2024-12-08T00:10:10.868+0000] {dag_data.py:22} INFO - Message delivered to api [0]
[2024-12-08T00:10:10.868+0000] {dag_data.py:22} INFO - Message delivered to api [0]
[2024-12-08T00:10:10.868+0000] {dag_data.py:22} INFO - Message delivered to api [0]
[2024-12-08T00:10:10.869+0000] {dag_data.py:22} INFO - Message delivered to api [0]
[2024-12-08T00:10:10.869+0000] {dag_data.py:22} INFO - Message delivered to api [0]
[2024-12-08T00:10:10.870+0000] {dag_data.py:22} INFO - Message delivered to api [0]
[2024-12-08T00:10:10.870+0000] {dag_data.py:22} INFO - Message delivered to api [0]
[2024-12-08T00:10:10.870+0000] {dag_data.py:22} INFO - Message delivered to api [0]
[2024-12-08T00:10:10.871+0000] {dag_data.py:22} INFO - Message delivered to api [0]
[2024-12-08T00:10:10.871+0000] {dag_data.py:22} INFO - Message delivered to api [0]
[2024-12-08T00:10:10.871+0000] {dag_data.py:22} INFO - Message delivered to api [0]
[2024-12-08T00:10:10.872+0000] {dag_data.py:22} INFO - Message delivered to api [0]
[2024-12-08T00:10:10.873+0000] {dag_data.py:22} INFO - Message delivered to api [0]
[2024-12-08T00:10:10.873+0000] {dag_data.py:22} INFO - Message delivered to api [0]
[2024-12-08T00:10:10.874+0000] {dag_data.py:22} INFO - Message delivered to api [0]
[2024-12-08T00:10:10.874+0000] {dag_data.py:22} INFO - Message delivered to api [0]
[2024-12-08T00:10:10.874+0000] {dag_data.py:22} INFO - Message delivered to api [0]
[2024-12-08T00:10:10.875+0000] {dag_data.py:22} INFO - Message delivered to api [0]
[2024-12-08T00:10:10.875+0000] {dag_data.py:22} INFO - Message delivered to api [0]
[2024-12-08T00:10:10.876+0000] {dag_data.py:22} INFO - Message delivered to api [0]
[2024-12-08T00:10:10.876+0000] {dag_data.py:22} INFO - Message delivered to api [0]
[2024-12-08T00:10:10.877+0000] {dag_data.py:22} INFO - Message delivered to api [0]
[2024-12-08T00:10:10.877+0000] {dag_data.py:22} INFO - Message delivered to api [0]
[2024-12-08T00:10:10.878+0000] {dag_data.py:22} INFO - Message delivered to api [0]
[2024-12-08T00:10:10.878+0000] {dag_data.py:22} INFO - Message delivered to api [0]
[2024-12-08T00:10:10.879+0000] {dag_data.py:22} INFO - Message delivered to api [0]
[2024-12-08T00:10:10.879+0000] {dag_data.py:22} INFO - Message delivered to api [0]
[2024-12-08T00:10:10.879+0000] {dag_data.py:22} INFO - Message delivered to api [0]
[2024-12-08T00:10:10.880+0000] {dag_data.py:22} INFO - Message delivered to api [0]
[2024-12-08T00:10:10.880+0000] {dag_data.py:22} INFO - Message delivered to api [0]
[2024-12-08T00:10:10.880+0000] {dag_data.py:22} INFO - Message delivered to api [0]
[2024-12-08T00:10:10.881+0000] {dag_data.py:22} INFO - Message delivered to api [0]
[2024-12-08T00:10:10.881+0000] {dag_data.py:22} INFO - Message delivered to api [0]
[2024-12-08T00:10:10.881+0000] {dag_data.py:22} INFO - Message delivered to api [0]
[2024-12-08T00:10:10.882+0000] {dag_data.py:22} INFO - Message delivered to api [0]
[2024-12-08T00:10:10.882+0000] {dag_data.py:22} INFO - Message delivered to api [0]
[2024-12-08T00:10:10.882+0000] {dag_data.py:22} INFO - Message delivered to api [0]
[2024-12-08T00:10:10.883+0000] {dag_data.py:22} INFO - Message delivered to api [0]
[2024-12-08T00:10:10.883+0000] {dag_data.py:22} INFO - Message delivered to api [0]
[2024-12-08T00:10:10.884+0000] {dag_data.py:22} INFO - Message delivered to api [0]
[2024-12-08T00:10:10.884+0000] {dag_data.py:22} INFO - Message delivered to api [0]
[2024-12-08T00:10:10.884+0000] {dag_data.py:22} INFO - Message delivered to api [0]
[2024-12-08T00:10:10.885+0000] {dag_data.py:22} INFO - Message delivered to api [0]
[2024-12-08T00:10:10.885+0000] {dag_data.py:22} INFO - Message delivered to api [0]
[2024-12-08T00:10:10.885+0000] {dag_data.py:22} INFO - Message delivered to api [0]
[2024-12-08T00:10:10.886+0000] {dag_data.py:22} INFO - Message delivered to api [0]
[2024-12-08T00:10:10.886+0000] {dag_data.py:22} INFO - Message delivered to api [0]
[2024-12-08T00:10:10.886+0000] {dag_data.py:22} INFO - Message delivered to api [0]
[2024-12-08T00:10:10.887+0000] {dag_data.py:22} INFO - Message delivered to api [0]
[2024-12-08T00:10:10.888+0000] {dag_data.py:22} INFO - Message delivered to api [0]
[2024-12-08T00:10:10.888+0000] {dag_data.py:22} INFO - Message delivered to api [0]
[2024-12-08T00:10:10.889+0000] {dag_data.py:22} INFO - Message delivered to api [0]
[2024-12-08T00:10:10.889+0000] {dag_data.py:22} INFO - Message delivered to api [0]
[2024-12-08T00:10:10.890+0000] {dag_data.py:22} INFO - Message delivered to api [0]
[2024-12-08T00:10:10.890+0000] {dag_data.py:22} INFO - Message delivered to api [0]
[2024-12-08T00:10:10.891+0000] {dag_data.py:22} INFO - Message delivered to api [0]
[2024-12-08T00:10:10.891+0000] {dag_data.py:22} INFO - Message delivered to api [0]
[2024-12-08T00:10:10.891+0000] {dag_data.py:22} INFO - Message delivered to api [0]
[2024-12-08T00:10:10.892+0000] {dag_data.py:22} INFO - Message delivered to api [0]
[2024-12-08T00:10:10.892+0000] {dag_data.py:22} INFO - Message delivered to api [0]
[2024-12-08T00:10:10.892+0000] {dag_data.py:22} INFO - Message delivered to api [0]
[2024-12-08T00:10:10.892+0000] {dag_data.py:22} INFO - Message delivered to api [0]
[2024-12-08T00:10:10.893+0000] {dag_data.py:22} INFO - Message delivered to api [0]
[2024-12-08T00:10:10.893+0000] {dag_data.py:22} INFO - Message delivered to api [0]
[2024-12-08T00:10:10.893+0000] {dag_data.py:22} INFO - Message delivered to api [0]
[2024-12-08T00:10:10.894+0000] {dag_data.py:22} INFO - Message delivered to api [0]
[2024-12-08T00:10:10.894+0000] {dag_data.py:22} INFO - Message delivered to api [0]
[2024-12-08T00:10:10.895+0000] {dag_data.py:22} INFO - Message delivered to api [0]
[2024-12-08T00:10:10.895+0000] {dag_data.py:22} INFO - Message delivered to api [0]
[2024-12-08T00:10:10.895+0000] {dag_data.py:22} INFO - Message delivered to api [0]
[2024-12-08T00:10:10.896+0000] {dag_data.py:22} INFO - Message delivered to api [0]
[2024-12-08T00:10:10.896+0000] {dag_data.py:22} INFO - Message delivered to api [0]
[2024-12-08T00:10:10.897+0000] {dag_data.py:22} INFO - Message delivered to api [0]
[2024-12-08T00:10:10.897+0000] {dag_data.py:22} INFO - Message delivered to api [0]
[2024-12-08T00:10:10.898+0000] {dag_data.py:22} INFO - Message delivered to api [0]
[2024-12-08T00:10:10.898+0000] {dag_data.py:22} INFO - Message delivered to api [0]
[2024-12-08T00:10:10.898+0000] {dag_data.py:22} INFO - Message delivered to api [0]
[2024-12-08T00:10:10.899+0000] {dag_data.py:22} INFO - Message delivered to api [0]
[2024-12-08T00:10:10.899+0000] {dag_data.py:22} INFO - Message delivered to api [0]
[2024-12-08T00:10:10.899+0000] {dag_data.py:22} INFO - Message delivered to api [0]
[2024-12-08T00:10:10.900+0000] {dag_data.py:22} INFO - Message delivered to api [0]
[2024-12-08T00:10:10.900+0000] {dag_data.py:22} INFO - Message delivered to api [0]
[2024-12-08T00:10:10.900+0000] {dag_data.py:22} INFO - Message delivered to api [0]
[2024-12-08T00:10:10.901+0000] {dag_data.py:22} INFO - Message delivered to api [0]
[2024-12-08T00:10:10.901+0000] {dag_data.py:22} INFO - Message delivered to api [0]
[2024-12-08T00:10:10.902+0000] {dag_data.py:22} INFO - Message delivered to api [0]
[2024-12-08T00:10:10.902+0000] {dag_data.py:22} INFO - Message delivered to api [0]
[2024-12-08T00:10:10.902+0000] {dag_data.py:22} INFO - Message delivered to api [0]
[2024-12-08T00:10:10.903+0000] {dag_data.py:22} INFO - Message delivered to api [0]
[2024-12-08T00:10:10.903+0000] {dag_data.py:22} INFO - Message delivered to api [0]
[2024-12-08T00:10:10.903+0000] {dag_data.py:22} INFO - Message delivered to api [0]
[2024-12-08T00:10:10.904+0000] {dag_data.py:22} INFO - Message delivered to api [0]
[2024-12-08T00:10:10.904+0000] {dag_data.py:22} INFO - Message delivered to api [0]
[2024-12-08T00:10:10.905+0000] {dag_data.py:22} INFO - Message delivered to api [0]
[2024-12-08T00:10:10.905+0000] {dag_data.py:22} INFO - Message delivered to api [0]
[2024-12-08T00:10:10.906+0000] {dag_data.py:22} INFO - Message delivered to api [0]
[2024-12-08T00:10:10.906+0000] {dag_data.py:22} INFO - Message delivered to api [0]
[2024-12-08T00:10:10.906+0000] {dag_data.py:22} INFO - Message delivered to api [0]
[2024-12-08T00:10:10.907+0000] {dag_data.py:22} INFO - Message delivered to api [0]
[2024-12-08T00:10:10.907+0000] {dag_data.py:22} INFO - Message delivered to api [0]
[2024-12-08T00:10:10.907+0000] {dag_data.py:22} INFO - Message delivered to api [0]
[2024-12-08T00:10:10.908+0000] {dag_data.py:22} INFO - Message delivered to api [0]
[2024-12-08T00:10:10.908+0000] {dag_data.py:22} INFO - Message delivered to api [0]
[2024-12-08T00:10:10.909+0000] {dag_data.py:22} INFO - Message delivered to api [0]
[2024-12-08T00:10:10.909+0000] {dag_data.py:22} INFO - Message delivered to api [0]
[2024-12-08T00:10:10.909+0000] {dag_data.py:22} INFO - Message delivered to api [0]
[2024-12-08T00:10:10.910+0000] {dag_data.py:22} INFO - Message delivered to api [0]
[2024-12-08T00:10:10.910+0000] {dag_data.py:22} INFO - Message delivered to api [0]
[2024-12-08T00:10:10.910+0000] {dag_data.py:22} INFO - Message delivered to api [0]
[2024-12-08T00:10:10.911+0000] {dag_data.py:22} INFO - Message delivered to api [0]
[2024-12-08T00:10:10.911+0000] {dag_data.py:22} INFO - Message delivered to api [0]
[2024-12-08T00:10:10.911+0000] {dag_data.py:22} INFO - Message delivered to api [0]
[2024-12-08T00:10:10.912+0000] {dag_data.py:22} INFO - Message delivered to api [0]
[2024-12-08T00:10:10.912+0000] {dag_data.py:22} INFO - Message delivered to api [0]
[2024-12-08T00:10:10.912+0000] {dag_data.py:22} INFO - Message delivered to api [0]
[2024-12-08T00:10:10.913+0000] {dag_data.py:22} INFO - Message delivered to api [0]
[2024-12-08T00:10:10.913+0000] {dag_data.py:22} INFO - Message delivered to api [0]
[2024-12-08T00:10:10.914+0000] {dag_data.py:22} INFO - Message delivered to api [0]
[2024-12-08T00:10:10.914+0000] {dag_data.py:22} INFO - Message delivered to api [0]
[2024-12-08T00:10:10.914+0000] {dag_data.py:22} INFO - Message delivered to api [0]
[2024-12-08T00:10:10.915+0000] {dag_data.py:22} INFO - Message delivered to api [0]
[2024-12-08T00:10:10.915+0000] {dag_data.py:22} INFO - Message delivered to api [0]
[2024-12-08T00:10:10.915+0000] {dag_data.py:22} INFO - Message delivered to api [0]
[2024-12-08T00:10:10.916+0000] {dag_data.py:22} INFO - Message delivered to api [0]
[2024-12-08T00:10:10.917+0000] {dag_data.py:22} INFO - Message delivered to api [0]
[2024-12-08T00:10:10.917+0000] {dag_data.py:22} INFO - Message delivered to api [0]
[2024-12-08T00:10:10.918+0000] {dag_data.py:22} INFO - Message delivered to api [0]
[2024-12-08T00:10:10.918+0000] {dag_data.py:22} INFO - Message delivered to api [0]
[2024-12-08T00:10:10.919+0000] {dag_data.py:22} INFO - Message delivered to api [0]
[2024-12-08T00:10:10.919+0000] {dag_data.py:22} INFO - Message delivered to api [0]
[2024-12-08T00:10:10.919+0000] {dag_data.py:22} INFO - Message delivered to api [0]
[2024-12-08T00:10:10.920+0000] {dag_data.py:22} INFO - Message delivered to api [0]
[2024-12-08T00:10:10.920+0000] {dag_data.py:22} INFO - Message delivered to api [0]
[2024-12-08T00:10:10.920+0000] {dag_data.py:22} INFO - Message delivered to api [0]
[2024-12-08T00:10:10.921+0000] {dag_data.py:22} INFO - Message delivered to api [0]
[2024-12-08T00:10:10.921+0000] {dag_data.py:22} INFO - Message delivered to api [0]
[2024-12-08T00:10:10.921+0000] {dag_data.py:22} INFO - Message delivered to api [0]
[2024-12-08T00:10:10.922+0000] {dag_data.py:22} INFO - Message delivered to api [0]
[2024-12-08T00:10:10.922+0000] {dag_data.py:22} INFO - Message delivered to api [0]
[2024-12-08T00:10:10.923+0000] {dag_data.py:22} INFO - Message delivered to api [0]
[2024-12-08T00:10:10.923+0000] {dag_data.py:22} INFO - Message delivered to api [0]
[2024-12-08T00:10:10.924+0000] {dag_data.py:22} INFO - Message delivered to api [0]
[2024-12-08T00:10:10.924+0000] {dag_data.py:22} INFO - Message delivered to api [0]
[2024-12-08T00:10:10.924+0000] {dag_data.py:22} INFO - Message delivered to api [0]
[2024-12-08T00:10:10.925+0000] {dag_data.py:22} INFO - Message delivered to api [0]
[2024-12-08T00:10:10.925+0000] {dag_data.py:22} INFO - Message delivered to api [0]
[2024-12-08T00:10:10.925+0000] {dag_data.py:22} INFO - Message delivered to api [0]
[2024-12-08T00:10:10.926+0000] {dag_data.py:22} INFO - Message delivered to api [0]
[2024-12-08T00:10:10.926+0000] {dag_data.py:22} INFO - Message delivered to api [0]
[2024-12-08T00:10:10.927+0000] {dag_data.py:22} INFO - Message delivered to api [0]
[2024-12-08T00:10:10.927+0000] {dag_data.py:22} INFO - Message delivered to api [0]
[2024-12-08T00:10:10.927+0000] {dag_data.py:22} INFO - Message delivered to api [0]
[2024-12-08T00:10:10.928+0000] {dag_data.py:22} INFO - Message delivered to api [0]
[2024-12-08T00:10:10.928+0000] {dag_data.py:22} INFO - Message delivered to api [0]
[2024-12-08T00:10:10.928+0000] {dag_data.py:22} INFO - Message delivered to api [0]
[2024-12-08T00:10:10.929+0000] {dag_data.py:22} INFO - Message delivered to api [0]
[2024-12-08T00:10:10.929+0000] {dag_data.py:22} INFO - Message delivered to api [0]
[2024-12-08T00:10:10.930+0000] {dag_data.py:22} INFO - Message delivered to api [0]
[2024-12-08T00:10:10.930+0000] {dag_data.py:22} INFO - Message delivered to api [0]
[2024-12-08T00:10:10.930+0000] {dag_data.py:22} INFO - Message delivered to api [0]
[2024-12-08T00:10:10.931+0000] {dag_data.py:22} INFO - Message delivered to api [0]
[2024-12-08T00:10:10.931+0000] {dag_data.py:22} INFO - Message delivered to api [0]
[2024-12-08T00:10:10.932+0000] {dag_data.py:22} INFO - Message delivered to api [0]
[2024-12-08T00:10:10.932+0000] {dag_data.py:22} INFO - Message delivered to api [0]
[2024-12-08T00:10:10.933+0000] {dag_data.py:22} INFO - Message delivered to api [0]
[2024-12-08T00:10:10.933+0000] {dag_data.py:22} INFO - Message delivered to api [0]
[2024-12-08T00:10:10.934+0000] {dag_data.py:22} INFO - Message delivered to api [0]
[2024-12-08T00:10:10.934+0000] {dag_data.py:22} INFO - Message delivered to api [0]
[2024-12-08T00:10:10.935+0000] {dag_data.py:22} INFO - Message delivered to api [0]
[2024-12-08T00:10:10.936+0000] {dag_data.py:22} INFO - Message delivered to api [0]
[2024-12-08T00:10:10.936+0000] {dag_data.py:22} INFO - Message delivered to api [0]
[2024-12-08T00:10:10.937+0000] {dag_data.py:22} INFO - Message delivered to api [0]
[2024-12-08T00:10:10.938+0000] {dag_data.py:22} INFO - Message delivered to api [0]
[2024-12-08T00:10:10.938+0000] {dag_data.py:22} INFO - Message delivered to api [0]
[2024-12-08T00:10:10.939+0000] {dag_data.py:22} INFO - Message delivered to api [0]
[2024-12-08T00:10:10.939+0000] {dag_data.py:22} INFO - Message delivered to api [0]
[2024-12-08T00:10:10.940+0000] {dag_data.py:22} INFO - Message delivered to api [0]
[2024-12-08T00:10:10.941+0000] {dag_data.py:22} INFO - Message delivered to api [0]
[2024-12-08T00:10:10.941+0000] {dag_data.py:22} INFO - Message delivered to api [0]
[2024-12-08T00:10:10.941+0000] {dag_data.py:22} INFO - Message delivered to api [0]
[2024-12-08T00:10:10.942+0000] {dag_data.py:22} INFO - Message delivered to api [0]
[2024-12-08T00:10:10.942+0000] {dag_data.py:22} INFO - Message delivered to api [0]
[2024-12-08T00:10:10.943+0000] {dag_data.py:22} INFO - Message delivered to api [0]
[2024-12-08T00:10:10.943+0000] {dag_data.py:22} INFO - Message delivered to api [0]
[2024-12-08T00:10:10.944+0000] {dag_data.py:22} INFO - Message delivered to api [0]
[2024-12-08T00:10:10.944+0000] {dag_data.py:22} INFO - Message delivered to api [0]
[2024-12-08T00:10:10.945+0000] {dag_data.py:22} INFO - Message delivered to api [0]
[2024-12-08T00:10:10.945+0000] {dag_data.py:22} INFO - Message delivered to api [0]
[2024-12-08T00:10:10.946+0000] {dag_data.py:22} INFO - Message delivered to api [0]
[2024-12-08T00:10:10.946+0000] {dag_data.py:22} INFO - Message delivered to api [0]
[2024-12-08T00:10:10.947+0000] {dag_data.py:22} INFO - Message delivered to api [0]
[2024-12-08T00:10:10.947+0000] {dag_data.py:22} INFO - Message delivered to api [0]
[2024-12-08T00:10:10.948+0000] {dag_data.py:22} INFO - Message delivered to api [0]
[2024-12-08T00:10:10.948+0000] {dag_data.py:22} INFO - Message delivered to api [0]
[2024-12-08T00:10:10.949+0000] {dag_data.py:22} INFO - Message delivered to api [0]
[2024-12-08T00:10:10.949+0000] {dag_data.py:22} INFO - Message delivered to api [0]
[2024-12-08T00:10:10.950+0000] {dag_data.py:22} INFO - Message delivered to api [0]
[2024-12-08T00:10:10.950+0000] {dag_data.py:22} INFO - Message delivered to api [0]
[2024-12-08T00:10:10.950+0000] {dag_data.py:22} INFO - Message delivered to api [0]
[2024-12-08T00:10:10.951+0000] {dag_data.py:22} INFO - Message delivered to api [0]
[2024-12-08T00:10:10.951+0000] {dag_data.py:22} INFO - Message delivered to api [0]
[2024-12-08T00:10:10.952+0000] {dag_data.py:22} INFO - Message delivered to api [0]
[2024-12-08T00:10:10.952+0000] {dag_data.py:22} INFO - Message delivered to api [0]
[2024-12-08T00:10:10.953+0000] {dag_data.py:22} INFO - Message delivered to api [0]
[2024-12-08T00:10:10.953+0000] {dag_data.py:22} INFO - Message delivered to api [0]
[2024-12-08T00:10:10.954+0000] {dag_data.py:22} INFO - Message delivered to api [0]
[2024-12-08T00:10:10.955+0000] {dag_data.py:22} INFO - Message delivered to api [0]
[2024-12-08T00:10:10.955+0000] {dag_data.py:22} INFO - Message delivered to api [0]
[2024-12-08T00:10:10.956+0000] {dag_data.py:22} INFO - Message delivered to api [0]
[2024-12-08T00:10:10.957+0000] {dag_data.py:22} INFO - Message delivered to api [0]
[2024-12-08T00:10:10.957+0000] {dag_data.py:22} INFO - Message delivered to api [0]
[2024-12-08T00:10:10.958+0000] {dag_data.py:22} INFO - Message delivered to api [0]
[2024-12-08T00:10:10.958+0000] {dag_data.py:22} INFO - Message delivered to api [0]
[2024-12-08T00:10:10.959+0000] {dag_data.py:22} INFO - Message delivered to api [0]
[2024-12-08T00:10:10.959+0000] {dag_data.py:22} INFO - Message delivered to api [0]
[2024-12-08T00:10:10.960+0000] {dag_data.py:22} INFO - Message delivered to api [0]
[2024-12-08T00:10:10.960+0000] {dag_data.py:22} INFO - Message delivered to api [0]
[2024-12-08T00:10:10.961+0000] {dag_data.py:22} INFO - Message delivered to api [0]
[2024-12-08T00:10:10.961+0000] {dag_data.py:22} INFO - Message delivered to api [0]
[2024-12-08T00:10:10.961+0000] {dag_data.py:22} INFO - Message delivered to api [0]
[2024-12-08T00:10:10.962+0000] {dag_data.py:22} INFO - Message delivered to api [0]
[2024-12-08T00:10:10.962+0000] {dag_data.py:22} INFO - Message delivered to api [0]
[2024-12-08T00:10:10.963+0000] {dag_data.py:22} INFO - Message delivered to api [0]
[2024-12-08T00:10:10.963+0000] {dag_data.py:22} INFO - Message delivered to api [0]
[2024-12-08T00:10:10.963+0000] {dag_data.py:22} INFO - Message delivered to api [0]
[2024-12-08T00:10:10.964+0000] {dag_data.py:22} INFO - Message delivered to api [0]
[2024-12-08T00:10:10.965+0000] {dag_data.py:22} INFO - Message delivered to api [0]
[2024-12-08T00:10:10.965+0000] {dag_data.py:22} INFO - Message delivered to api [0]
[2024-12-08T00:10:10.965+0000] {dag_data.py:22} INFO - Message delivered to api [0]
[2024-12-08T00:10:10.966+0000] {dag_data.py:22} INFO - Message delivered to api [0]
[2024-12-08T00:10:10.966+0000] {dag_data.py:22} INFO - Message delivered to api [0]
[2024-12-08T00:10:10.967+0000] {dag_data.py:22} INFO - Message delivered to api [0]
[2024-12-08T00:10:10.967+0000] {dag_data.py:22} INFO - Message delivered to api [0]
[2024-12-08T00:10:10.968+0000] {dag_data.py:22} INFO - Message delivered to api [0]
[2024-12-08T00:10:10.968+0000] {dag_data.py:22} INFO - Message delivered to api [0]
[2024-12-08T00:10:10.969+0000] {dag_data.py:22} INFO - Message delivered to api [0]
[2024-12-08T00:10:10.969+0000] {dag_data.py:22} INFO - Message delivered to api [0]
[2024-12-08T00:10:10.970+0000] {dag_data.py:22} INFO - Message delivered to api [0]
[2024-12-08T00:10:10.970+0000] {dag_data.py:22} INFO - Message delivered to api [0]
[2024-12-08T00:10:10.971+0000] {dag_data.py:22} INFO - Message delivered to api [0]
[2024-12-08T00:10:10.971+0000] {dag_data.py:22} INFO - Message delivered to api [0]
[2024-12-08T00:10:10.972+0000] {dag_data.py:22} INFO - Message delivered to api [0]
[2024-12-08T00:10:10.972+0000] {dag_data.py:22} INFO - Message delivered to api [0]
[2024-12-08T00:10:10.973+0000] {dag_data.py:22} INFO - Message delivered to api [0]
[2024-12-08T00:10:10.973+0000] {dag_data.py:22} INFO - Message delivered to api [0]
[2024-12-08T00:10:10.974+0000] {dag_data.py:22} INFO - Message delivered to api [0]
[2024-12-08T00:10:10.974+0000] {dag_data.py:22} INFO - Message delivered to api [0]
[2024-12-08T00:10:10.975+0000] {dag_data.py:22} INFO - Message delivered to api [0]
[2024-12-08T00:10:10.975+0000] {dag_data.py:22} INFO - Message delivered to api [0]
[2024-12-08T00:10:10.975+0000] {dag_data.py:22} INFO - Message delivered to api [0]
[2024-12-08T00:10:10.976+0000] {dag_data.py:22} INFO - Message delivered to api [0]
[2024-12-08T00:10:10.976+0000] {dag_data.py:22} INFO - Message delivered to api [0]
[2024-12-08T00:10:10.977+0000] {dag_data.py:22} INFO - Message delivered to api [0]
[2024-12-08T00:10:10.978+0000] {dag_data.py:22} INFO - Message delivered to api [0]
[2024-12-08T00:10:10.978+0000] {dag_data.py:22} INFO - Message delivered to api [0]
[2024-12-08T00:10:10.979+0000] {dag_data.py:22} INFO - Message delivered to api [0]
[2024-12-08T00:10:10.980+0000] {dag_data.py:22} INFO - Message delivered to api [0]
[2024-12-08T00:10:10.980+0000] {dag_data.py:22} INFO - Message delivered to api [0]
[2024-12-08T00:10:10.980+0000] {dag_data.py:22} INFO - Message delivered to api [0]
[2024-12-08T00:10:10.981+0000] {dag_data.py:22} INFO - Message delivered to api [0]
[2024-12-08T00:10:10.981+0000] {dag_data.py:22} INFO - Message delivered to api [0]
[2024-12-08T00:10:10.982+0000] {dag_data.py:22} INFO - Message delivered to api [0]
[2024-12-08T00:10:10.982+0000] {dag_data.py:22} INFO - Message delivered to api [0]
[2024-12-08T00:10:10.983+0000] {dag_data.py:22} INFO - Message delivered to api [0]
[2024-12-08T00:10:10.983+0000] {dag_data.py:22} INFO - Message delivered to api [0]
[2024-12-08T00:10:10.984+0000] {dag_data.py:22} INFO - Message delivered to api [0]
[2024-12-08T00:10:10.984+0000] {dag_data.py:22} INFO - Message delivered to api [0]
[2024-12-08T00:10:10.985+0000] {dag_data.py:22} INFO - Message delivered to api [0]
[2024-12-08T00:10:10.985+0000] {dag_data.py:22} INFO - Message delivered to api [0]
[2024-12-08T00:10:10.986+0000] {dag_data.py:22} INFO - Message delivered to api [0]
[2024-12-08T00:10:10.986+0000] {dag_data.py:22} INFO - Message delivered to api [0]
[2024-12-08T00:10:10.987+0000] {dag_data.py:22} INFO - Message delivered to api [0]
[2024-12-08T00:10:10.987+0000] {dag_data.py:22} INFO - Message delivered to api [0]
[2024-12-08T00:10:10.988+0000] {dag_data.py:22} INFO - Message delivered to api [0]
[2024-12-08T00:10:10.988+0000] {dag_data.py:22} INFO - Message delivered to api [0]
[2024-12-08T00:10:10.989+0000] {dag_data.py:22} INFO - Message delivered to api [0]
[2024-12-08T00:10:10.989+0000] {dag_data.py:22} INFO - Message delivered to api [0]
[2024-12-08T00:10:10.990+0000] {dag_data.py:22} INFO - Message delivered to api [0]
[2024-12-08T00:10:10.990+0000] {dag_data.py:22} INFO - Message delivered to api [0]
[2024-12-08T00:10:10.991+0000] {dag_data.py:22} INFO - Message delivered to api [0]
[2024-12-08T00:10:10.991+0000] {dag_data.py:22} INFO - Message delivered to api [0]
[2024-12-08T00:10:10.992+0000] {dag_data.py:22} INFO - Message delivered to api [0]
[2024-12-08T00:10:10.993+0000] {dag_data.py:22} INFO - Message delivered to api [0]
[2024-12-08T00:10:10.993+0000] {dag_data.py:22} INFO - Message delivered to api [0]
[2024-12-08T00:10:10.994+0000] {dag_data.py:22} INFO - Message delivered to api [0]
[2024-12-08T00:10:10.995+0000] {dag_data.py:22} INFO - Message delivered to api [0]
[2024-12-08T00:10:10.995+0000] {dag_data.py:22} INFO - Message delivered to api [0]
[2024-12-08T00:10:10.995+0000] {dag_data.py:22} INFO - Message delivered to api [0]
[2024-12-08T00:10:10.996+0000] {dag_data.py:22} INFO - Message delivered to api [0]
[2024-12-08T00:10:10.997+0000] {dag_data.py:22} INFO - Message delivered to api [0]
[2024-12-08T00:10:10.997+0000] {dag_data.py:22} INFO - Message delivered to api [0]
[2024-12-08T00:10:10.998+0000] {dag_data.py:22} INFO - Message delivered to api [0]
[2024-12-08T00:10:10.998+0000] {dag_data.py:22} INFO - Message delivered to api [0]
[2024-12-08T00:10:10.999+0000] {dag_data.py:22} INFO - Message delivered to api [0]
[2024-12-08T00:10:11.000+0000] {dag_data.py:22} INFO - Message delivered to api [0]
[2024-12-08T00:10:11.000+0000] {dag_data.py:22} INFO - Message delivered to api [0]
[2024-12-08T00:10:11.000+0000] {dag_data.py:22} INFO - Message delivered to api [0]
[2024-12-08T00:10:11.001+0000] {dag_data.py:22} INFO - Message delivered to api [0]
[2024-12-08T00:10:11.001+0000] {dag_data.py:22} INFO - Message delivered to api [0]
[2024-12-08T00:10:11.002+0000] {dag_data.py:22} INFO - Message delivered to api [0]
[2024-12-08T00:10:11.002+0000] {dag_data.py:22} INFO - Message delivered to api [0]
[2024-12-08T00:10:11.003+0000] {dag_data.py:22} INFO - Message delivered to api [0]
[2024-12-08T00:10:11.003+0000] {dag_data.py:22} INFO - Message delivered to api [0]
[2024-12-08T00:10:11.004+0000] {dag_data.py:22} INFO - Message delivered to api [0]
[2024-12-08T00:10:11.004+0000] {dag_data.py:22} INFO - Message delivered to api [0]
[2024-12-08T00:10:11.004+0000] {dag_data.py:22} INFO - Message delivered to api [0]
[2024-12-08T00:10:11.005+0000] {dag_data.py:22} INFO - Message delivered to api [0]
[2024-12-08T00:10:11.005+0000] {dag_data.py:22} INFO - Message delivered to api [0]
[2024-12-08T00:10:11.006+0000] {dag_data.py:22} INFO - Message delivered to api [0]
[2024-12-08T00:10:11.007+0000] {dag_data.py:22} INFO - Message delivered to api [0]
[2024-12-08T00:10:11.007+0000] {dag_data.py:22} INFO - Message delivered to api [0]
[2024-12-08T00:10:11.008+0000] {dag_data.py:22} INFO - Message delivered to api [0]
[2024-12-08T00:10:11.008+0000] {dag_data.py:22} INFO - Message delivered to api [0]
[2024-12-08T00:10:11.009+0000] {dag_data.py:22} INFO - Message delivered to api [0]
[2024-12-08T00:10:11.009+0000] {dag_data.py:22} INFO - Message delivered to api [0]
[2024-12-08T00:10:11.010+0000] {dag_data.py:22} INFO - Message delivered to api [0]
[2024-12-08T00:10:11.010+0000] {dag_data.py:22} INFO - Message delivered to api [0]
[2024-12-08T00:10:11.011+0000] {dag_data.py:22} INFO - Message delivered to api [0]
[2024-12-08T00:10:11.011+0000] {dag_data.py:22} INFO - Message delivered to api [0]
[2024-12-08T00:10:11.012+0000] {dag_data.py:22} INFO - Message delivered to api [0]
[2024-12-08T00:10:11.012+0000] {dag_data.py:22} INFO - Message delivered to api [0]
[2024-12-08T00:10:11.013+0000] {dag_data.py:22} INFO - Message delivered to api [0]
[2024-12-08T00:10:11.013+0000] {dag_data.py:22} INFO - Message delivered to api [0]
[2024-12-08T00:10:11.014+0000] {dag_data.py:22} INFO - Message delivered to api [0]
[2024-12-08T00:10:11.014+0000] {dag_data.py:22} INFO - Message delivered to api [0]
[2024-12-08T00:10:11.014+0000] {dag_data.py:22} INFO - Message delivered to api [0]
[2024-12-08T00:10:11.015+0000] {dag_data.py:22} INFO - Message delivered to api [0]
[2024-12-08T00:10:11.015+0000] {dag_data.py:22} INFO - Message delivered to api [0]
[2024-12-08T00:10:11.016+0000] {dag_data.py:22} INFO - Message delivered to api [0]
[2024-12-08T00:10:11.016+0000] {dag_data.py:22} INFO - Message delivered to api [0]
[2024-12-08T00:10:11.017+0000] {dag_data.py:22} INFO - Message delivered to api [0]
[2024-12-08T00:10:11.017+0000] {dag_data.py:22} INFO - Message delivered to api [0]
[2024-12-08T00:10:11.018+0000] {dag_data.py:22} INFO - Message delivered to api [0]
[2024-12-08T00:10:11.019+0000] {dag_data.py:22} INFO - Message delivered to api [0]
[2024-12-08T00:10:11.019+0000] {dag_data.py:22} INFO - Message delivered to api [0]
[2024-12-08T00:10:11.020+0000] {dag_data.py:22} INFO - Message delivered to api [0]
[2024-12-08T00:10:11.020+0000] {dag_data.py:22} INFO - Message delivered to api [0]
[2024-12-08T00:10:11.021+0000] {dag_data.py:22} INFO - Message delivered to api [0]
[2024-12-08T00:10:11.021+0000] {dag_data.py:22} INFO - Message delivered to api [0]
[2024-12-08T00:10:11.022+0000] {dag_data.py:22} INFO - Message delivered to api [0]
[2024-12-08T00:10:11.022+0000] {dag_data.py:22} INFO - Message delivered to api [0]
[2024-12-08T00:10:11.023+0000] {dag_data.py:22} INFO - Message delivered to api [0]
[2024-12-08T00:10:11.023+0000] {dag_data.py:22} INFO - Message delivered to api [0]
[2024-12-08T00:10:11.024+0000] {dag_data.py:22} INFO - Message delivered to api [0]
[2024-12-08T00:10:11.024+0000] {dag_data.py:22} INFO - Message delivered to api [0]
[2024-12-08T00:10:11.025+0000] {dag_data.py:22} INFO - Message delivered to api [0]
[2024-12-08T00:10:11.025+0000] {dag_data.py:22} INFO - Message delivered to api [0]
[2024-12-08T00:10:11.026+0000] {dag_data.py:22} INFO - Message delivered to api [0]
[2024-12-08T00:10:11.027+0000] {dag_data.py:22} INFO - Message delivered to api [0]
[2024-12-08T00:10:11.027+0000] {dag_data.py:22} INFO - Message delivered to api [0]
[2024-12-08T00:10:11.028+0000] {dag_data.py:22} INFO - Message delivered to api [0]
[2024-12-08T00:10:11.029+0000] {dag_data.py:22} INFO - Message delivered to api [0]
[2024-12-08T00:10:11.029+0000] {dag_data.py:22} INFO - Message delivered to api [0]
[2024-12-08T00:10:11.030+0000] {dag_data.py:22} INFO - Message delivered to api [0]
[2024-12-08T00:10:11.030+0000] {dag_data.py:22} INFO - Message delivered to api [0]
[2024-12-08T00:10:11.031+0000] {dag_data.py:22} INFO - Message delivered to api [0]
[2024-12-08T00:10:11.031+0000] {dag_data.py:22} INFO - Message delivered to api [0]
[2024-12-08T00:10:11.032+0000] {dag_data.py:22} INFO - Message delivered to api [0]
[2024-12-08T00:10:11.032+0000] {dag_data.py:22} INFO - Message delivered to api [0]
[2024-12-08T00:10:11.032+0000] {dag_data.py:22} INFO - Message delivered to api [0]
[2024-12-08T00:10:11.033+0000] {dag_data.py:22} INFO - Message delivered to api [0]
[2024-12-08T00:10:11.033+0000] {dag_data.py:22} INFO - Message delivered to api [0]
[2024-12-08T00:10:11.034+0000] {dag_data.py:22} INFO - Message delivered to api [0]
[2024-12-08T00:10:11.034+0000] {dag_data.py:22} INFO - Message delivered to api [0]
[2024-12-08T00:10:11.034+0000] {dag_data.py:80} INFO - Toutes les donnes de sales.csv ont t publies avec succs.
[2024-12-08T00:10:11.048+0000] {python.py:240} INFO - Done. Returned value was: None
[2024-12-08T00:10:11.063+0000] {taskinstance.py:340} INFO - ::group::Post task execution logs
[2024-12-08T00:10:11.064+0000] {taskinstance.py:352} INFO - Marking task as SUCCESS. dag_id=dag1, task_id=process_task_tag2, run_id=scheduled__2024-12-07T00:00:00+00:00, execution_date=20241207T000000, start_date=20241208T000009, end_date=20241208T001011
[2024-12-08T00:10:11.115+0000] {local_task_job_runner.py:266} INFO - Task exited with return code 0
[2024-12-08T00:10:11.142+0000] {taskinstance.py:3895} INFO - 0 downstream tasks scheduled from follow-on schedule check
[2024-12-08T00:10:11.144+0000] {local_task_job_runner.py:245} INFO - ::endgroup::
