[2024-12-02T02:03:01.311+0000] {local_task_job_runner.py:123} INFO - ::group::Pre task execution logs
[2024-12-02T02:03:01.341+0000] {taskinstance.py:2613} INFO - Dependencies all met for dep_context=non-requeueable deps ti=<TaskInstance: batch_views_creation_dag.create_profitability_by_product_line manual__2024-12-02T02:02:30.802013+00:00 [queued]>
[2024-12-02T02:03:01.359+0000] {taskinstance.py:2613} INFO - Dependencies all met for dep_context=requeueable deps ti=<TaskInstance: batch_views_creation_dag.create_profitability_by_product_line manual__2024-12-02T02:02:30.802013+00:00 [queued]>
[2024-12-02T02:03:01.372+0000] {taskinstance.py:2866} INFO - Starting attempt 1 of 2
[2024-12-02T02:03:01.447+0000] {taskinstance.py:2889} INFO - Executing <Task(PythonOperator): create_profitability_by_product_line> on 2024-12-02 02:02:30.802013+00:00
[2024-12-02T02:03:01.453+0000] {standard_task_runner.py:72} INFO - Started process 2230 to run task
[2024-12-02T02:03:01.456+0000] {standard_task_runner.py:104} INFO - Running: ['airflow', 'tasks', 'run', 'batch_views_creation_dag', 'create_profitability_by_product_line', 'manual__2024-12-02T02:02:30.802013+00:00', '--job-id', '129', '--raw', '--subdir', 'DAGS_FOLDER/batch_views.py', '--cfg-path', '/tmp/tmpnjpwwpe2']
[2024-12-02T02:03:01.461+0000] {standard_task_runner.py:105} INFO - Job 129: Subtask create_profitability_by_product_line
[2024-12-02T02:03:01.573+0000] {task_command.py:467} INFO - Running <TaskInstance: batch_views_creation_dag.create_profitability_by_product_line manual__2024-12-02T02:02:30.802013+00:00 [running]> on host 45770b1a429e
[2024-12-02T02:03:01.722+0000] {taskinstance.py:3132} INFO - Exporting env vars: AIRFLOW_CTX_DAG_OWNER='airflow' AIRFLOW_CTX_DAG_ID='batch_views_creation_dag' AIRFLOW_CTX_TASK_ID='create_profitability_by_product_line' AIRFLOW_CTX_EXECUTION_DATE='2024-12-02T02:02:30.802013+00:00' AIRFLOW_CTX_TRY_NUMBER='1' AIRFLOW_CTX_DAG_RUN_ID='manual__2024-12-02T02:02:30.802013+00:00'
[2024-12-02T02:03:01.723+0000] {taskinstance.py:731} INFO - ::endgroup::
[2024-12-02T02:03:01.807+0000] {hive.py:475} INFO - USE `default`
[2024-12-02T02:03:01.865+0000] {hive.py:475} INFO - 
        CREATE TABLE IF NOT EXISTS profitability_by_product_line
        STORED AS PARQUET
        AS
        SELECT
            product_line,
            SUM(total) AS total_sales,
            SUM(cogs) AS total_cost,
            SUM(total) - SUM(cogs) AS total_profit
        FROM
            sales
        GROUP BY
            product_line
    
[2024-12-02T02:03:01.881+0000] {batch_views.py:62} INFO - Created profitability_by_product_line view
[2024-12-02T02:03:01.887+0000] {python.py:240} INFO - Done. Returned value was: None
[2024-12-02T02:03:01.903+0000] {taskinstance.py:340} INFO - ::group::Post task execution logs
[2024-12-02T02:03:01.904+0000] {taskinstance.py:352} INFO - Marking task as SUCCESS. dag_id=batch_views_creation_dag, task_id=create_profitability_by_product_line, run_id=manual__2024-12-02T02:02:30.802013+00:00, execution_date=20241202T020230, start_date=20241202T020301, end_date=20241202T020301
[2024-12-02T02:03:01.955+0000] {local_task_job_runner.py:266} INFO - Task exited with return code 0
[2024-12-02T02:03:01.998+0000] {taskinstance.py:3895} INFO - 1 downstream tasks scheduled from follow-on schedule check
[2024-12-02T02:03:02.014+0000] {local_task_job_runner.py:245} INFO - ::endgroup::
