[2024-12-02T02:02:35.117+0000] {local_task_job_runner.py:123} INFO - ::group::Pre task execution logs
[2024-12-02T02:02:35.142+0000] {taskinstance.py:2613} INFO - Dependencies all met for dep_context=non-requeueable deps ti=<TaskInstance: batch_views_creation_dag.create_sales_monthly_summary manual__2024-12-02T02:02:30.802013+00:00 [queued]>
[2024-12-02T02:02:35.160+0000] {taskinstance.py:2613} INFO - Dependencies all met for dep_context=requeueable deps ti=<TaskInstance: batch_views_creation_dag.create_sales_monthly_summary manual__2024-12-02T02:02:30.802013+00:00 [queued]>
[2024-12-02T02:02:35.162+0000] {taskinstance.py:2866} INFO - Starting attempt 1 of 2
[2024-12-02T02:02:35.211+0000] {taskinstance.py:2889} INFO - Executing <Task(PythonOperator): create_sales_monthly_summary> on 2024-12-02 02:02:30.802013+00:00
[2024-12-02T02:02:35.216+0000] {standard_task_runner.py:72} INFO - Started process 2180 to run task
[2024-12-02T02:02:35.219+0000] {standard_task_runner.py:104} INFO - Running: ['airflow', 'tasks', 'run', 'batch_views_creation_dag', 'create_sales_monthly_summary', 'manual__2024-12-02T02:02:30.802013+00:00', '--job-id', '126', '--raw', '--subdir', 'DAGS_FOLDER/batch_views.py', '--cfg-path', '/tmp/tmpingv4wlv']
[2024-12-02T02:02:35.221+0000] {standard_task_runner.py:105} INFO - Job 126: Subtask create_sales_monthly_summary
[2024-12-02T02:02:35.339+0000] {task_command.py:467} INFO - Running <TaskInstance: batch_views_creation_dag.create_sales_monthly_summary manual__2024-12-02T02:02:30.802013+00:00 [running]> on host 45770b1a429e
[2024-12-02T02:02:35.505+0000] {taskinstance.py:3132} INFO - Exporting env vars: AIRFLOW_CTX_DAG_OWNER='airflow' AIRFLOW_CTX_DAG_ID='batch_views_creation_dag' AIRFLOW_CTX_TASK_ID='create_sales_monthly_summary' AIRFLOW_CTX_EXECUTION_DATE='2024-12-02T02:02:30.802013+00:00' AIRFLOW_CTX_TRY_NUMBER='1' AIRFLOW_CTX_DAG_RUN_ID='manual__2024-12-02T02:02:30.802013+00:00'
[2024-12-02T02:02:35.507+0000] {taskinstance.py:731} INFO - ::endgroup::
[2024-12-02T02:02:35.614+0000] {hive.py:475} INFO - USE `default`
[2024-12-02T02:02:35.703+0000] {hive.py:475} INFO - 
        CREATE TABLE IF NOT EXISTS sales_monthly_summary
        (
            product_line STRING,
            year INT,
            month INT,
            total_quantity INT,
            total_sales DOUBLE
        )
        STORED AS PARQUET
    
[2024-12-02T02:02:35.742+0000] {hive.py:475} INFO - 
        INSERT INTO sales_monthly_summary
        SELECT
            product_line,
            YEAR(CAST(FROM_UNIXTIME(UNIX_TIMESTAMP(`date`, 'MM/dd/yyyy')) AS DATE)) AS year,
            MONTH(CAST(FROM_UNIXTIME(UNIX_TIMESTAMP(`date`, 'MM/dd/yyyy')) AS DATE)) AS month,
            SUM(quantity) AS total_quantity,
            SUM(total) AS total_sales
        FROM
            sales
        GROUP BY
            product_line, 
            YEAR(CAST(FROM_UNIXTIME(UNIX_TIMESTAMP(`date`, 'MM/dd/yyyy')) AS DATE)),
            MONTH(CAST(FROM_UNIXTIME(UNIX_TIMESTAMP(`date`, 'MM/dd/yyyy')) AS DATE))
    
[2024-12-02T02:02:39.017+0000] {batch_views.py:42} INFO - Created and populated sales_monthly_summary table
[2024-12-02T02:02:39.059+0000] {python.py:240} INFO - Done. Returned value was: None
[2024-12-02T02:02:39.100+0000] {taskinstance.py:340} INFO - ::group::Post task execution logs
[2024-12-02T02:02:39.101+0000] {taskinstance.py:352} INFO - Marking task as SUCCESS. dag_id=batch_views_creation_dag, task_id=create_sales_monthly_summary, run_id=manual__2024-12-02T02:02:30.802013+00:00, execution_date=20241202T020230, start_date=20241202T020235, end_date=20241202T020239
[2024-12-02T02:02:39.224+0000] {local_task_job_runner.py:266} INFO - Task exited with return code 0
[2024-12-02T02:02:39.317+0000] {taskinstance.py:3895} INFO - 1 downstream tasks scheduled from follow-on schedule check
[2024-12-02T02:02:39.351+0000] {local_task_job_runner.py:245} INFO - ::endgroup::
