[2024-12-01T21:57:07.312+0000] {local_task_job_runner.py:123} INFO - ::group::Pre task execution logs
[2024-12-01T21:57:07.334+0000] {taskinstance.py:2613} INFO - Dependencies all met for dep_context=non-requeueable deps ti=<TaskInstance: consume_kafka_to_hive.consume_kafka_messages manual__2024-12-01T21:57:02.461986+00:00 [queued]>
[2024-12-01T21:57:07.351+0000] {taskinstance.py:2613} INFO - Dependencies all met for dep_context=requeueable deps ti=<TaskInstance: consume_kafka_to_hive.consume_kafka_messages manual__2024-12-01T21:57:02.461986+00:00 [queued]>
[2024-12-01T21:57:07.352+0000] {taskinstance.py:2866} INFO - Starting attempt 1 of 2
[2024-12-01T21:57:07.398+0000] {taskinstance.py:2889} INFO - Executing <Task(PythonOperator): consume_kafka_messages> on 2024-12-01 21:57:02.461986+00:00
[2024-12-01T21:57:07.403+0000] {standard_task_runner.py:72} INFO - Started process 1206 to run task
[2024-12-01T21:57:07.406+0000] {standard_task_runner.py:104} INFO - Running: ['airflow', 'tasks', 'run', 'consume_kafka_to_hive', 'consume_kafka_messages', 'manual__2024-12-01T21:57:02.461986+00:00', '--job-id', '80', '--raw', '--subdir', 'DAGS_FOLDER/consume_kafka_to_hive.py', '--cfg-path', '/tmp/tmplk2_3gbt']
[2024-12-01T21:57:07.409+0000] {standard_task_runner.py:105} INFO - Job 80: Subtask consume_kafka_messages
[2024-12-01T21:57:07.536+0000] {task_command.py:467} INFO - Running <TaskInstance: consume_kafka_to_hive.consume_kafka_messages manual__2024-12-01T21:57:02.461986+00:00 [running]> on host 45770b1a429e
[2024-12-01T21:57:07.695+0000] {taskinstance.py:3132} INFO - Exporting env vars: AIRFLOW_CTX_DAG_OWNER='airflow' AIRFLOW_CTX_DAG_ID='consume_kafka_to_hive' AIRFLOW_CTX_TASK_ID='consume_kafka_messages' AIRFLOW_CTX_EXECUTION_DATE='2024-12-01T21:57:02.461986+00:00' AIRFLOW_CTX_TRY_NUMBER='1' AIRFLOW_CTX_DAG_RUN_ID='manual__2024-12-01T21:57:02.461986+00:00'
[2024-12-01T21:57:07.697+0000] {taskinstance.py:731} INFO - ::endgroup::
[2024-12-01T21:57:08.059+0000] {hive.py:475} INFO - USE `default`
[2024-12-01T21:57:08.341+0000] {hive.py:475} INFO - 
    CREATE TABLE IF NOT EXISTS sales (
        id STRING,
        invoice_id STRING,
        branch STRING,
        city STRING,
        customer_type STRING,
        gender STRING,
        product_line STRING,
        unit_price FLOAT,
        quantity INT,
        tax_5_percent FLOAT,
        total FLOAT,
        `date` STRING,
        time STRING,
        payment STRING,
        cogs FLOAT,
        gross_margin_percentage FLOAT,
        gross_income FLOAT,
        rating FLOAT
    ) STORED AS ORC
    
[2024-12-01T21:57:08.446+0000] {logging_mixin.py:190} INFO - Subscribed to topic 'topic-hive'
[2024-12-01T21:57:08.470+0000] {logging_mixin.py:190} INFO - Raw Kafka message: b'\x00\x00\x00\x00\x03H24c32ba1-dc98-412e-b148-5e8865add31a\x16373-73-7910\x02A\x0cYangon\x0cNormal\x08Male"Sports and travel\xb8\x9e\xacB\x0e\x02\xab\xf1A9\x98\x1eD\x102/8/2019\n10:37\x0eEwallet\xe1\n\x17D\x86a\x98@\x02\xab\xf1A\x9a\x99\xa9@'
[2024-12-01T21:57:08.492+0000] {taskinstance.py:3311} ERROR - Task failed with exception
Traceback (most recent call last):
  File "/home/airflow/.local/lib/python3.12/site-packages/airflow/models/taskinstance.py", line 767, in _execute_task
    result = _execute_callable(context=context, **execute_callable_kwargs)
             ^^^^^^^^^^^^^^^^^^^^^^^^^^^^^^^^^^^^^^^^^^^^^^^^^^^^^^^^^^^^^
  File "/home/airflow/.local/lib/python3.12/site-packages/airflow/models/taskinstance.py", line 733, in _execute_callable
    return ExecutionCallableRunner(
           ^^^^^^^^^^^^^^^^^^^^^^^^
  File "/home/airflow/.local/lib/python3.12/site-packages/airflow/utils/operator_helpers.py", line 252, in run
    return self.func(*args, **kwargs)
           ^^^^^^^^^^^^^^^^^^^^^^^^^^
  File "/home/airflow/.local/lib/python3.12/site-packages/airflow/models/baseoperator.py", line 417, in wrapper
    return func(self, *args, **kwargs)
           ^^^^^^^^^^^^^^^^^^^^^^^^^^^
  File "/home/airflow/.local/lib/python3.12/site-packages/airflow/operators/python.py", line 238, in execute
    return_value = self.execute_callable()
                   ^^^^^^^^^^^^^^^^^^^^^^^
  File "/home/airflow/.local/lib/python3.12/site-packages/airflow/operators/python.py", line 256, in execute_callable
    return runner.run(*self.op_args, **self.op_kwargs)
           ^^^^^^^^^^^^^^^^^^^^^^^^^^^^^^^^^^^^^^^^^^^
  File "/home/airflow/.local/lib/python3.12/site-packages/airflow/utils/operator_helpers.py", line 252, in run
    return self.func(*args, **kwargs)
           ^^^^^^^^^^^^^^^^^^^^^^^^^^
  File "/opt/airflow/dags/consume_kafka_to_hive.py", line 87, in consume_kafka_to_hive
    writer.write(msg_value, encoder)
  File "/home/airflow/.local/lib/python3.12/site-packages/avro/io.py", line 1002, in write
    validate(self.writers_schema, datum, raise_on_error=True)
  File "/home/airflow/.local/lib/python3.12/site-packages/avro/io.py", line 137, in validate
    raise avro.errors.AvroTypeException(current_node.schema, current_node.name, current_node.datum)
avro.errors.AvroTypeException: The datum "b'\x00\x00\x00\x00\x03H24c32ba1-dc98-412e-b148-5e8865add31a\x16373-73-7910\x02A\x0cYangon\x0cNormal\x08Male"Sports and travel\xb8\x9e\xacB\x0e\x02\xab\xf1A9\x98\x1eD\x102/8/2019\n10:37\x0eEwallet\xe1\n\x17D\x86a\x98@\x02\xab\xf1A\x9a\x99\xa9@'" provided for "InvoiceRecord" is not an example of the schema {
  "type": "record",
  "name": "InvoiceRecord",
  "namespace": "com.lambda.kafka",
  "fields": [
    {
      "type": "string",
      "name": "id"
    },
    {
      "type": "string",
      "name": "invoice_id"
    },
    {
      "type": "string",
      "name": "branch"
    },
    {
      "type": "string",
      "name": "city"
    },
    {
      "type": "string",
      "name": "customer_type"
    },
    {
      "type": "string",
      "name": "gender"
    },
    {
      "type": "string",
      "name": "product_line"
    },
    {
      "type": "float",
      "name": "unit_price"
    },
    {
      "type": "int",
      "name": "quantity"
    },
    {
      "type": "float",
      "name": "tax_5_percent"
    },
    {
      "type": "float",
      "name": "total"
    },
    {
      "type": "string",
      "name": "date"
    },
    {
      "type": "string",
      "name": "time"
    },
    {
      "type": "string",
      "name": "payment"
    },
    {
      "type": "float",
      "name": "cogs"
    },
    {
      "type": "float",
      "name": "gross_margin_percentage"
    },
    {
      "type": "float",
      "name": "gross_income"
    },
    {
      "type": "float",
      "name": "rating"
    }
  ]
}
[2024-12-01T21:57:08.541+0000] {taskinstance.py:1225} INFO - Marking task as UP_FOR_RETRY. dag_id=consume_kafka_to_hive, task_id=consume_kafka_messages, run_id=manual__2024-12-01T21:57:02.461986+00:00, execution_date=20241201T215702, start_date=20241201T215707, end_date=20241201T215708
[2024-12-01T21:57:08.620+0000] {taskinstance.py:340} INFO - ::group::Post task execution logs
[2024-12-01T21:57:08.621+0000] {standard_task_runner.py:124} ERROR - Failed to execute job 80 for task consume_kafka_messages (The datum "b'\x00\x00\x00\x00\x03H24c32ba1-dc98-412e-b148-5e8865add31a\x16373-73-7910\x02A\x0cYangon\x0cNormal\x08Male"Sports and travel\xb8\x9e\xacB\x0e\x02\xab\xf1A9\x98\x1eD\x102/8/2019\n10:37\x0eEwallet\xe1\n\x17D\x86a\x98@\x02\xab\xf1A\x9a\x99\xa9@'" provided for "InvoiceRecord" is not an example of the schema {
  "type": "record",
  "name": "InvoiceRecord",
  "namespace": "com.lambda.kafka",
  "fields": [
    {
      "type": "string",
      "name": "id"
    },
    {
      "type": "string",
      "name": "invoice_id"
    },
    {
      "type": "string",
      "name": "branch"
    },
    {
      "type": "string",
      "name": "city"
    },
    {
      "type": "string",
      "name": "customer_type"
    },
    {
      "type": "string",
      "name": "gender"
    },
    {
      "type": "string",
      "name": "product_line"
    },
    {
      "type": "float",
      "name": "unit_price"
    },
    {
      "type": "int",
      "name": "quantity"
    },
    {
      "type": "float",
      "name": "tax_5_percent"
    },
    {
      "type": "float",
      "name": "total"
    },
    {
      "type": "string",
      "name": "date"
    },
    {
      "type": "string",
      "name": "time"
    },
    {
      "type": "string",
      "name": "payment"
    },
    {
      "type": "float",
      "name": "cogs"
    },
    {
      "type": "float",
      "name": "gross_margin_percentage"
    },
    {
      "type": "float",
      "name": "gross_income"
    },
    {
      "type": "float",
      "name": "rating"
    }
  ]
}; 1206)
Traceback (most recent call last):
  File "/home/airflow/.local/lib/python3.12/site-packages/airflow/task/task_runner/standard_task_runner.py", line 117, in _start_by_fork
    ret = args.func(args, dag=self.dag)
          ^^^^^^^^^^^^^^^^^^^^^^^^^^^^^
  File "/home/airflow/.local/lib/python3.12/site-packages/airflow/cli/cli_config.py", line 49, in command
    return func(*args, **kwargs)
           ^^^^^^^^^^^^^^^^^^^^^
  File "/home/airflow/.local/lib/python3.12/site-packages/airflow/utils/cli.py", line 116, in wrapper
    return f(*args, **kwargs)
           ^^^^^^^^^^^^^^^^^^
  File "/home/airflow/.local/lib/python3.12/site-packages/airflow/cli/commands/task_command.py", line 483, in task_run
    task_return_code = _run_task_by_selected_method(args, _dag, ti)
                       ^^^^^^^^^^^^^^^^^^^^^^^^^^^^^^^^^^^^^^^^^^^^
  File "/home/airflow/.local/lib/python3.12/site-packages/airflow/cli/commands/task_command.py", line 256, in _run_task_by_selected_method
    return _run_raw_task(args, ti)
           ^^^^^^^^^^^^^^^^^^^^^^^
  File "/home/airflow/.local/lib/python3.12/site-packages/airflow/cli/commands/task_command.py", line 341, in _run_raw_task
    return ti._run_raw_task(
           ^^^^^^^^^^^^^^^^^
  File "/home/airflow/.local/lib/python3.12/site-packages/airflow/utils/session.py", line 97, in wrapper
    return func(*args, session=session, **kwargs)
           ^^^^^^^^^^^^^^^^^^^^^^^^^^^^^^^^^^^^^^
  File "/home/airflow/.local/lib/python3.12/site-packages/airflow/models/taskinstance.py", line 3005, in _run_raw_task
    return _run_raw_task(
           ^^^^^^^^^^^^^^
  File "/home/airflow/.local/lib/python3.12/site-packages/airflow/models/taskinstance.py", line 273, in _run_raw_task
    TaskInstance._execute_task_with_callbacks(
  File "/home/airflow/.local/lib/python3.12/site-packages/airflow/models/taskinstance.py", line 3159, in _execute_task_with_callbacks
    result = self._execute_task(context, task_orig)
             ^^^^^^^^^^^^^^^^^^^^^^^^^^^^^^^^^^^^^^
  File "/home/airflow/.local/lib/python3.12/site-packages/airflow/models/taskinstance.py", line 3183, in _execute_task
    return _execute_task(self, context, task_orig)
           ^^^^^^^^^^^^^^^^^^^^^^^^^^^^^^^^^^^^^^^
  File "/home/airflow/.local/lib/python3.12/site-packages/airflow/models/taskinstance.py", line 767, in _execute_task
    result = _execute_callable(context=context, **execute_callable_kwargs)
             ^^^^^^^^^^^^^^^^^^^^^^^^^^^^^^^^^^^^^^^^^^^^^^^^^^^^^^^^^^^^^
  File "/home/airflow/.local/lib/python3.12/site-packages/airflow/models/taskinstance.py", line 733, in _execute_callable
    return ExecutionCallableRunner(
           ^^^^^^^^^^^^^^^^^^^^^^^^
  File "/home/airflow/.local/lib/python3.12/site-packages/airflow/utils/operator_helpers.py", line 252, in run
    return self.func(*args, **kwargs)
           ^^^^^^^^^^^^^^^^^^^^^^^^^^
  File "/home/airflow/.local/lib/python3.12/site-packages/airflow/models/baseoperator.py", line 417, in wrapper
    return func(self, *args, **kwargs)
           ^^^^^^^^^^^^^^^^^^^^^^^^^^^
  File "/home/airflow/.local/lib/python3.12/site-packages/airflow/operators/python.py", line 238, in execute
    return_value = self.execute_callable()
                   ^^^^^^^^^^^^^^^^^^^^^^^
  File "/home/airflow/.local/lib/python3.12/site-packages/airflow/operators/python.py", line 256, in execute_callable
    return runner.run(*self.op_args, **self.op_kwargs)
           ^^^^^^^^^^^^^^^^^^^^^^^^^^^^^^^^^^^^^^^^^^^
  File "/home/airflow/.local/lib/python3.12/site-packages/airflow/utils/operator_helpers.py", line 252, in run
    return self.func(*args, **kwargs)
           ^^^^^^^^^^^^^^^^^^^^^^^^^^
  File "/opt/airflow/dags/consume_kafka_to_hive.py", line 87, in consume_kafka_to_hive
    writer.write(msg_value, encoder)
  File "/home/airflow/.local/lib/python3.12/site-packages/avro/io.py", line 1002, in write
    validate(self.writers_schema, datum, raise_on_error=True)
  File "/home/airflow/.local/lib/python3.12/site-packages/avro/io.py", line 137, in validate
    raise avro.errors.AvroTypeException(current_node.schema, current_node.name, current_node.datum)
avro.errors.AvroTypeException: The datum "b'\x00\x00\x00\x00\x03H24c32ba1-dc98-412e-b148-5e8865add31a\x16373-73-7910\x02A\x0cYangon\x0cNormal\x08Male"Sports and travel\xb8\x9e\xacB\x0e\x02\xab\xf1A9\x98\x1eD\x102/8/2019\n10:37\x0eEwallet\xe1\n\x17D\x86a\x98@\x02\xab\xf1A\x9a\x99\xa9@'" provided for "InvoiceRecord" is not an example of the schema {
  "type": "record",
  "name": "InvoiceRecord",
  "namespace": "com.lambda.kafka",
  "fields": [
    {
      "type": "string",
      "name": "id"
    },
    {
      "type": "string",
      "name": "invoice_id"
    },
    {
      "type": "string",
      "name": "branch"
    },
    {
      "type": "string",
      "name": "city"
    },
    {
      "type": "string",
      "name": "customer_type"
    },
    {
      "type": "string",
      "name": "gender"
    },
    {
      "type": "string",
      "name": "product_line"
    },
    {
      "type": "float",
      "name": "unit_price"
    },
    {
      "type": "int",
      "name": "quantity"
    },
    {
      "type": "float",
      "name": "tax_5_percent"
    },
    {
      "type": "float",
      "name": "total"
    },
    {
      "type": "string",
      "name": "date"
    },
    {
      "type": "string",
      "name": "time"
    },
    {
      "type": "string",
      "name": "payment"
    },
    {
      "type": "float",
      "name": "cogs"
    },
    {
      "type": "float",
      "name": "gross_margin_percentage"
    },
    {
      "type": "float",
      "name": "gross_income"
    },
    {
      "type": "float",
      "name": "rating"
    }
  ]
}
[2024-12-01T21:57:08.670+0000] {local_task_job_runner.py:266} INFO - Task exited with return code 1
[2024-12-01T21:57:08.730+0000] {taskinstance.py:3895} INFO - 0 downstream tasks scheduled from follow-on schedule check
[2024-12-01T21:57:08.736+0000] {local_task_job_runner.py:245} INFO - ::endgroup::
