[2024-12-02T22:48:16.929+0000] {local_task_job_runner.py:123} INFO - ::group::Pre task execution logs
[2024-12-02T22:48:16.975+0000] {taskinstance.py:2613} INFO - Dependencies all met for dep_context=non-requeueable deps ti=<TaskInstance: kafka_hive_pipeline_threaded.sync_producer_and_consumer manual__2024-12-02T22:48:04.098720+00:00 [queued]>
[2024-12-02T22:48:16.996+0000] {taskinstance.py:2613} INFO - Dependencies all met for dep_context=requeueable deps ti=<TaskInstance: kafka_hive_pipeline_threaded.sync_producer_and_consumer manual__2024-12-02T22:48:04.098720+00:00 [queued]>
[2024-12-02T22:48:16.997+0000] {taskinstance.py:2866} INFO - Starting attempt 1 of 1
[2024-12-02T22:48:17.056+0000] {taskinstance.py:2889} INFO - Executing <Task(PythonOperator): sync_producer_and_consumer> on 2024-12-02 22:48:04.098720+00:00
[2024-12-02T22:48:17.080+0000] {standard_task_runner.py:104} INFO - Running: ['airflow', 'tasks', 'run', 'kafka_hive_pipeline_threaded', 'sync_producer_and_consumer', 'manual__2024-12-02T22:48:04.098720+00:00', '--job-id', '168', '--raw', '--subdir', 'DAGS_FOLDER/gestion_airflow.py', '--cfg-path', '/tmp/tmptx1grial']
[2024-12-02T22:48:17.092+0000] {standard_task_runner.py:105} INFO - Job 168: Subtask sync_producer_and_consumer
[2024-12-02T22:48:17.094+0000] {logging_mixin.py:190} WARNING - /home/airflow/.local/lib/python3.12/site-packages/airflow/task/task_runner/standard_task_runner.py:70 DeprecationWarning: This process (pid=5885) is multi-threaded, use of fork() may lead to deadlocks in the child.
[2024-12-02T22:48:17.095+0000] {standard_task_runner.py:72} INFO - Started process 5899 to run task
[2024-12-02T22:48:17.309+0000] {task_command.py:467} INFO - Running <TaskInstance: kafka_hive_pipeline_threaded.sync_producer_and_consumer manual__2024-12-02T22:48:04.098720+00:00 [running]> on host 45770b1a429e
[2024-12-02T22:48:17.640+0000] {taskinstance.py:3132} INFO - Exporting env vars: AIRFLOW_CTX_DAG_OWNER='airflow' AIRFLOW_CTX_DAG_ID='kafka_hive_pipeline_threaded' AIRFLOW_CTX_TASK_ID='sync_producer_and_consumer' AIRFLOW_CTX_EXECUTION_DATE='2024-12-02T22:48:04.098720+00:00' AIRFLOW_CTX_TRY_NUMBER='1' AIRFLOW_CTX_DAG_RUN_ID='manual__2024-12-02T22:48:04.098720+00:00'
[2024-12-02T22:48:17.645+0000] {taskinstance.py:731} INFO - ::endgroup::
[2024-12-02T22:48:17.834+0000] {csv_to_kafka_with_redis.py:50} INFO - Loaded CSV Data:
    Invoice ID Branch       City  ... gross margin percentage gross income Rating
0  750-67-8428      A     Yangon  ...                4.761905      26.1415    9.1
1  226-31-3081      C  Naypyitaw  ...                4.761905       3.8200    9.6
2  631-41-3108      A     Yangon  ...                4.761905      16.2155    7.4
3  123-19-1176      A     Yangon  ...                4.761905      23.2880    8.4
4  373-73-7910      A     Yangon  ...                4.761905      30.2085    5.3

[5 rows x 17 columns]
[2024-12-02T22:48:17.836+0000] {csv_to_kafka_with_redis.py:84} INFO - Row data before serialization: {'id': '0526b491-fcf7-4980-adf0-5fb2270fa356', 'invoice_id': '750-67-8428', 'branch': 'A', 'city': 'Yangon', 'customer_type': 'Member', 'gender': 'Female', 'product_line': 'Health and beauty', 'unit_price': 74.69, 'quantity': 7, 'tax_5_percent': 26.1415, 'total': 548.9715, 'date': '1/5/2019', 'time': '13:08', 'payment': 'Ewallet', 'cogs': 522.83, 'gross_margin_percentage': 4.761904762, 'gross_income': 26.1415, 'rating': 9.1}
[2024-12-02T22:48:17.895+0000] {csv_to_kafka_with_redis.py:84} INFO - Row data before serialization: {'id': 'ad822462-78b2-431a-871b-38ff2c8fb34c', 'invoice_id': '226-31-3081', 'branch': 'C', 'city': 'Naypyitaw', 'customer_type': 'Normal', 'gender': 'Female', 'product_line': 'Electronic accessories', 'unit_price': 15.28, 'quantity': 5, 'tax_5_percent': 3.82, 'total': 80.22, 'date': '3/8/2019', 'time': '10:29', 'payment': 'Cash', 'cogs': 76.4, 'gross_margin_percentage': 4.761904762, 'gross_income': 3.82, 'rating': 9.6}
[2024-12-02T22:48:17.896+0000] {csv_to_kafka_with_redis.py:84} INFO - Row data before serialization: {'id': '72f98353-05ac-4d2c-a785-d2d96cef826a', 'invoice_id': '631-41-3108', 'branch': 'A', 'city': 'Yangon', 'customer_type': 'Normal', 'gender': 'Male', 'product_line': 'Home and lifestyle', 'unit_price': 46.33, 'quantity': 7, 'tax_5_percent': 16.2155, 'total': 340.5255, 'date': '3/3/2019', 'time': '13:23', 'payment': 'Credit card', 'cogs': 324.31, 'gross_margin_percentage': 4.761904762, 'gross_income': 16.2155, 'rating': 7.4}
[2024-12-02T22:48:17.898+0000] {csv_to_kafka_with_redis.py:84} INFO - Row data before serialization: {'id': '4972ea34-6148-446f-9f1b-09028605327c', 'invoice_id': '123-19-1176', 'branch': 'A', 'city': 'Yangon', 'customer_type': 'Member', 'gender': 'Male', 'product_line': 'Health and beauty', 'unit_price': 58.22, 'quantity': 8, 'tax_5_percent': 23.288, 'total': 489.048, 'date': '1/27/2019', 'time': '20:33', 'payment': 'Ewallet', 'cogs': 465.76, 'gross_margin_percentage': 4.761904762, 'gross_income': 23.288, 'rating': 8.4}
[2024-12-02T22:48:17.899+0000] {csv_to_kafka_with_redis.py:84} INFO - Row data before serialization: {'id': 'be3d8d55-4093-4b33-bab6-cbd3dd1e4a24', 'invoice_id': '373-73-7910', 'branch': 'A', 'city': 'Yangon', 'customer_type': 'Normal', 'gender': 'Male', 'product_line': 'Sports and travel', 'unit_price': 86.31, 'quantity': 7, 'tax_5_percent': 30.2085, 'total': 634.3785, 'date': '2/8/2019', 'time': '10:37', 'payment': 'Ewallet', 'cogs': 604.17, 'gross_margin_percentage': 4.761904762, 'gross_income': 30.2085, 'rating': 5.3}
[2024-12-02T22:48:17.901+0000] {csv_to_kafka_with_redis.py:84} INFO - Row data before serialization: {'id': 'c1a7a00c-da19-4784-a46f-83d563f3d414', 'invoice_id': '699-14-3026', 'branch': 'C', 'city': 'Naypyitaw', 'customer_type': 'Normal', 'gender': 'Male', 'product_line': 'Electronic accessories', 'unit_price': 85.39, 'quantity': 7, 'tax_5_percent': 29.8865, 'total': 627.6165, 'date': '3/25/2019', 'time': '18:30', 'payment': 'Ewallet', 'cogs': 597.73, 'gross_margin_percentage': 4.761904762, 'gross_income': 29.8865, 'rating': 4.1}
[2024-12-02T22:48:17.902+0000] {csv_to_kafka_with_redis.py:84} INFO - Row data before serialization: {'id': '13b31033-77e5-420c-ac15-372add0bc468', 'invoice_id': '355-53-5943', 'branch': 'A', 'city': 'Yangon', 'customer_type': 'Member', 'gender': 'Female', 'product_line': 'Electronic accessories', 'unit_price': 68.84, 'quantity': 6, 'tax_5_percent': 20.652, 'total': 433.692, 'date': '2/25/2019', 'time': '14:36', 'payment': 'Ewallet', 'cogs': 413.04, 'gross_margin_percentage': 4.761904762, 'gross_income': 20.652, 'rating': 5.8}
[2024-12-02T22:48:17.903+0000] {csv_to_kafka_with_redis.py:84} INFO - Row data before serialization: {'id': '5ddfd75c-823b-4fec-8d48-92c84e9c228b', 'invoice_id': '315-22-5665', 'branch': 'C', 'city': 'Naypyitaw', 'customer_type': 'Normal', 'gender': 'Female', 'product_line': 'Home and lifestyle', 'unit_price': 73.56, 'quantity': 10, 'tax_5_percent': 36.78, 'total': 772.38, 'date': '2/24/2019', 'time': '11:38', 'payment': 'Ewallet', 'cogs': 735.6, 'gross_margin_percentage': 4.761904762, 'gross_income': 36.78, 'rating': 8.0}
[2024-12-02T22:48:17.904+0000] {csv_to_kafka_with_redis.py:84} INFO - Row data before serialization: {'id': '36a41053-9cc8-4487-8cc1-e443d053babc', 'invoice_id': '665-32-9167', 'branch': 'A', 'city': 'Yangon', 'customer_type': 'Member', 'gender': 'Female', 'product_line': 'Health and beauty', 'unit_price': 36.26, 'quantity': 2, 'tax_5_percent': 3.626, 'total': 76.146, 'date': '1/10/2019', 'time': '17:15', 'payment': 'Credit card', 'cogs': 72.52, 'gross_margin_percentage': 4.761904762, 'gross_income': 3.626, 'rating': 7.2}
[2024-12-02T22:48:17.905+0000] {csv_to_kafka_with_redis.py:84} INFO - Row data before serialization: {'id': '192d2717-4726-4734-aa4a-0ca991b3da5c', 'invoice_id': '692-92-5582', 'branch': 'B', 'city': 'Mandalay', 'customer_type': 'Member', 'gender': 'Female', 'product_line': 'Food and beverages', 'unit_price': 54.84, 'quantity': 3, 'tax_5_percent': 8.226, 'total': 172.746, 'date': '2/20/2019', 'time': '13:27', 'payment': 'Credit card', 'cogs': 164.52, 'gross_margin_percentage': 4.761904762, 'gross_income': 8.226, 'rating': 5.9}
[2024-12-02T22:48:17.906+0000] {csv_to_kafka_with_redis.py:84} INFO - Row data before serialization: {'id': '4dc6bb0e-6d5c-49ed-b49d-50041b5883fd', 'invoice_id': '351-62-0822', 'branch': 'B', 'city': 'Mandalay', 'customer_type': 'Member', 'gender': 'Female', 'product_line': 'Fashion accessories', 'unit_price': 14.48, 'quantity': 4, 'tax_5_percent': 2.896, 'total': 60.816, 'date': '2/6/2019', 'time': '18:07', 'payment': 'Ewallet', 'cogs': 57.92, 'gross_margin_percentage': 4.761904762, 'gross_income': 2.896, 'rating': 4.5}
[2024-12-02T22:48:17.908+0000] {csv_to_kafka_with_redis.py:84} INFO - Row data before serialization: {'id': 'a533f7e2-d319-49b6-957c-22988edf0e37', 'invoice_id': '529-56-3974', 'branch': 'B', 'city': 'Mandalay', 'customer_type': 'Member', 'gender': 'Male', 'product_line': 'Electronic accessories', 'unit_price': 25.51, 'quantity': 4, 'tax_5_percent': 5.102, 'total': 107.142, 'date': '3/9/2019', 'time': '17:03', 'payment': 'Cash', 'cogs': 102.04, 'gross_margin_percentage': 4.761904762, 'gross_income': 5.102, 'rating': 6.8}
[2024-12-02T22:48:17.909+0000] {csv_to_kafka_with_redis.py:84} INFO - Row data before serialization: {'id': '070d90df-948b-44da-a422-4ae45965af77', 'invoice_id': '365-64-0515', 'branch': 'A', 'city': 'Yangon', 'customer_type': 'Normal', 'gender': 'Female', 'product_line': 'Electronic accessories', 'unit_price': 46.95, 'quantity': 5, 'tax_5_percent': 11.7375, 'total': 246.4875, 'date': '2/12/2019', 'time': '10:25', 'payment': 'Ewallet', 'cogs': 234.75, 'gross_margin_percentage': 4.761904762, 'gross_income': 11.7375, 'rating': 7.1}
[2024-12-02T22:48:17.910+0000] {csv_to_kafka_with_redis.py:84} INFO - Row data before serialization: {'id': 'e96de0dc-6d30-424f-b24c-78d5035739d4', 'invoice_id': '252-56-2699', 'branch': 'A', 'city': 'Yangon', 'customer_type': 'Normal', 'gender': 'Male', 'product_line': 'Food and beverages', 'unit_price': 43.19, 'quantity': 10, 'tax_5_percent': 21.595, 'total': 453.495, 'date': '2/7/2019', 'time': '16:48', 'payment': 'Ewallet', 'cogs': 431.9, 'gross_margin_percentage': 4.761904762, 'gross_income': 21.595, 'rating': 8.2}
[2024-12-02T22:48:17.912+0000] {csv_to_kafka_with_redis.py:84} INFO - Row data before serialization: {'id': 'bbf54d99-d6b1-456c-8c56-a9f8ba3be9cf', 'invoice_id': '829-34-3910', 'branch': 'A', 'city': 'Yangon', 'customer_type': 'Normal', 'gender': 'Female', 'product_line': 'Health and beauty', 'unit_price': 71.38, 'quantity': 10, 'tax_5_percent': 35.69, 'total': 749.49, 'date': '3/29/2019', 'time': '19:21', 'payment': 'Cash', 'cogs': 713.8, 'gross_margin_percentage': 4.761904762, 'gross_income': 35.69, 'rating': 5.7}
[2024-12-02T22:48:17.913+0000] {csv_to_kafka_with_redis.py:84} INFO - Row data before serialization: {'id': 'af2fd36f-2f29-4b59-b42e-dc85123fdcfd', 'invoice_id': '299-46-1805', 'branch': 'B', 'city': 'Mandalay', 'customer_type': 'Member', 'gender': 'Female', 'product_line': 'Sports and travel', 'unit_price': 93.72, 'quantity': 6, 'tax_5_percent': 28.116, 'total': 590.436, 'date': '1/15/2019', 'time': '16:19', 'payment': 'Cash', 'cogs': 562.32, 'gross_margin_percentage': 4.761904762, 'gross_income': 28.116, 'rating': 4.5}
[2024-12-02T22:48:17.915+0000] {csv_to_kafka_with_redis.py:84} INFO - Row data before serialization: {'id': '1c758fd0-0a0d-4ffe-8798-82f69986c560', 'invoice_id': '656-95-9349', 'branch': 'A', 'city': 'Yangon', 'customer_type': 'Member', 'gender': 'Female', 'product_line': 'Health and beauty', 'unit_price': 68.93, 'quantity': 7, 'tax_5_percent': 24.1255, 'total': 506.6355, 'date': '3/11/2019', 'time': '11:03', 'payment': 'Credit card', 'cogs': 482.51, 'gross_margin_percentage': 4.761904762, 'gross_income': 24.1255, 'rating': 4.6}
[2024-12-02T22:48:17.916+0000] {csv_to_kafka_with_redis.py:84} INFO - Row data before serialization: {'id': '1aaca758-cfbc-493a-8b36-df3ed01ccc1a', 'invoice_id': '765-26-6951', 'branch': 'A', 'city': 'Yangon', 'customer_type': 'Normal', 'gender': 'Male', 'product_line': 'Sports and travel', 'unit_price': 72.61, 'quantity': 6, 'tax_5_percent': 21.783, 'total': 457.443, 'date': '1/1/2019', 'time': '10:39', 'payment': 'Credit card', 'cogs': 435.66, 'gross_margin_percentage': 4.761904762, 'gross_income': 21.783, 'rating': 6.9}
[2024-12-02T22:48:17.917+0000] {csv_to_kafka_with_redis.py:84} INFO - Row data before serialization: {'id': '0eb00a38-1c21-4a0b-922f-f962f7daa0be', 'invoice_id': '329-62-1586', 'branch': 'A', 'city': 'Yangon', 'customer_type': 'Normal', 'gender': 'Male', 'product_line': 'Food and beverages', 'unit_price': 54.67, 'quantity': 3, 'tax_5_percent': 8.2005, 'total': 172.2105, 'date': '1/21/2019', 'time': '18:00', 'payment': 'Credit card', 'cogs': 164.01, 'gross_margin_percentage': 4.761904762, 'gross_income': 8.2005, 'rating': 8.6}
[2024-12-02T22:48:17.918+0000] {csv_to_kafka_with_redis.py:84} INFO - Row data before serialization: {'id': 'cbff85bd-6381-4550-84d1-9f2ef00647ca', 'invoice_id': '319-50-3348', 'branch': 'B', 'city': 'Mandalay', 'customer_type': 'Normal', 'gender': 'Female', 'product_line': 'Home and lifestyle', 'unit_price': 40.3, 'quantity': 2, 'tax_5_percent': 4.03, 'total': 84.63, 'date': '3/11/2019', 'time': '15:30', 'payment': 'Ewallet', 'cogs': 80.6, 'gross_margin_percentage': 4.761904762, 'gross_income': 4.03, 'rating': 4.4}
[2024-12-02T22:48:17.919+0000] {csv_to_kafka_with_redis.py:84} INFO - Row data before serialization: {'id': '78dbd77e-7800-463b-b78c-3e010f40077e', 'invoice_id': '300-71-4605', 'branch': 'C', 'city': 'Naypyitaw', 'customer_type': 'Member', 'gender': 'Male', 'product_line': 'Electronic accessories', 'unit_price': 86.04, 'quantity': 5, 'tax_5_percent': 21.51, 'total': 451.71, 'date': '2/25/2019', 'time': '11:24', 'payment': 'Ewallet', 'cogs': 430.2, 'gross_margin_percentage': 4.761904762, 'gross_income': 21.51, 'rating': 4.8}
[2024-12-02T22:48:17.920+0000] {csv_to_kafka_with_redis.py:84} INFO - Row data before serialization: {'id': 'db63e1cc-a932-41df-b0bb-d6e1c9186723', 'invoice_id': '371-85-5789', 'branch': 'B', 'city': 'Mandalay', 'customer_type': 'Normal', 'gender': 'Male', 'product_line': 'Health and beauty', 'unit_price': 87.98, 'quantity': 3, 'tax_5_percent': 13.197, 'total': 277.137, 'date': '3/5/2019', 'time': '10:40', 'payment': 'Ewallet', 'cogs': 263.94, 'gross_margin_percentage': 4.761904762, 'gross_income': 13.197, 'rating': 5.1}
[2024-12-02T22:48:17.922+0000] {csv_to_kafka_with_redis.py:84} INFO - Row data before serialization: {'id': 'e4d7e76d-de3b-4801-9d03-63d3551ecc0a', 'invoice_id': '273-16-6619', 'branch': 'B', 'city': 'Mandalay', 'customer_type': 'Normal', 'gender': 'Male', 'product_line': 'Home and lifestyle', 'unit_price': 33.2, 'quantity': 2, 'tax_5_percent': 3.32, 'total': 69.72, 'date': '3/15/2019', 'time': '12:20', 'payment': 'Credit card', 'cogs': 66.4, 'gross_margin_percentage': 4.761904762, 'gross_income': 3.32, 'rating': 4.4}
[2024-12-02T22:48:17.923+0000] {csv_to_kafka_with_redis.py:84} INFO - Row data before serialization: {'id': 'e8e43bc2-ca86-43dc-b75f-eb54080bed11', 'invoice_id': '636-48-8204', 'branch': 'A', 'city': 'Yangon', 'customer_type': 'Normal', 'gender': 'Male', 'product_line': 'Electronic accessories', 'unit_price': 34.56, 'quantity': 5, 'tax_5_percent': 8.64, 'total': 181.44, 'date': '2/17/2019', 'time': '11:15', 'payment': 'Ewallet', 'cogs': 172.8, 'gross_margin_percentage': 4.761904762, 'gross_income': 8.64, 'rating': 9.9}
[2024-12-02T22:48:17.924+0000] {csv_to_kafka_with_redis.py:84} INFO - Row data before serialization: {'id': '86668e31-e14b-4017-b73d-74f0e93311cb', 'invoice_id': '549-59-1358', 'branch': 'A', 'city': 'Yangon', 'customer_type': 'Member', 'gender': 'Male', 'product_line': 'Sports and travel', 'unit_price': 88.63, 'quantity': 3, 'tax_5_percent': 13.2945, 'total': 279.1845, 'date': '3/2/2019', 'time': '17:36', 'payment': 'Ewallet', 'cogs': 265.89, 'gross_margin_percentage': 4.761904762, 'gross_income': 13.2945, 'rating': 6.0}
[2024-12-02T22:48:17.926+0000] {csv_to_kafka_with_redis.py:84} INFO - Row data before serialization: {'id': 'd03f0273-03b5-4ae2-8521-4316cd424830', 'invoice_id': '227-03-5010', 'branch': 'A', 'city': 'Yangon', 'customer_type': 'Member', 'gender': 'Female', 'product_line': 'Home and lifestyle', 'unit_price': 52.59, 'quantity': 8, 'tax_5_percent': 21.036, 'total': 441.756, 'date': '3/22/2019', 'time': '19:20', 'payment': 'Credit card', 'cogs': 420.72, 'gross_margin_percentage': 4.761904762, 'gross_income': 21.036, 'rating': 8.5}
[2024-12-02T22:48:17.927+0000] {csv_to_kafka_with_redis.py:84} INFO - Row data before serialization: {'id': 'b43b192b-956f-4a78-8914-05ff4be1e6cf', 'invoice_id': '649-29-6775', 'branch': 'B', 'city': 'Mandalay', 'customer_type': 'Normal', 'gender': 'Male', 'product_line': 'Fashion accessories', 'unit_price': 33.52, 'quantity': 1, 'tax_5_percent': 1.676, 'total': 35.196, 'date': '2/8/2019', 'time': '15:31', 'payment': 'Cash', 'cogs': 33.52, 'gross_margin_percentage': 4.761904762, 'gross_income': 1.676, 'rating': 6.7}
[2024-12-02T22:48:17.928+0000] {csv_to_kafka_with_redis.py:84} INFO - Row data before serialization: {'id': '347d4108-1ca6-4573-bc10-cea833f55d7c', 'invoice_id': '189-17-4241', 'branch': 'A', 'city': 'Yangon', 'customer_type': 'Normal', 'gender': 'Female', 'product_line': 'Fashion accessories', 'unit_price': 87.67, 'quantity': 2, 'tax_5_percent': 8.767, 'total': 184.107, 'date': '3/10/2019', 'time': '12:17', 'payment': 'Credit card', 'cogs': 175.34, 'gross_margin_percentage': 4.761904762, 'gross_income': 8.767, 'rating': 7.7}
[2024-12-02T22:48:17.930+0000] {csv_to_kafka_with_redis.py:84} INFO - Row data before serialization: {'id': 'bc8774bf-2bca-4135-8f01-da1f43ad8a5d', 'invoice_id': '145-94-9061', 'branch': 'B', 'city': 'Mandalay', 'customer_type': 'Normal', 'gender': 'Female', 'product_line': 'Food and beverages', 'unit_price': 88.36, 'quantity': 5, 'tax_5_percent': 22.09, 'total': 463.89, 'date': '1/25/2019', 'time': '19:48', 'payment': 'Cash', 'cogs': 441.8, 'gross_margin_percentage': 4.761904762, 'gross_income': 22.09, 'rating': 9.6}
[2024-12-02T22:48:17.931+0000] {csv_to_kafka_with_redis.py:84} INFO - Row data before serialization: {'id': '76fb2890-7062-41b6-8f00-95501c3ef56d', 'invoice_id': '848-62-7243', 'branch': 'A', 'city': 'Yangon', 'customer_type': 'Normal', 'gender': 'Male', 'product_line': 'Health and beauty', 'unit_price': 24.89, 'quantity': 9, 'tax_5_percent': 11.2005, 'total': 235.2105, 'date': '3/15/2019', 'time': '15:36', 'payment': 'Cash', 'cogs': 224.01, 'gross_margin_percentage': 4.761904762, 'gross_income': 11.2005, 'rating': 7.4}
[2024-12-02T22:48:17.932+0000] {csv_to_kafka_with_redis.py:84} INFO - Row data before serialization: {'id': '5608dd22-7a16-4469-a257-b9b3f8b46b91', 'invoice_id': '871-79-8483', 'branch': 'B', 'city': 'Mandalay', 'customer_type': 'Normal', 'gender': 'Male', 'product_line': 'Fashion accessories', 'unit_price': 94.13, 'quantity': 5, 'tax_5_percent': 23.5325, 'total': 494.1825, 'date': '2/25/2019', 'time': '19:39', 'payment': 'Credit card', 'cogs': 470.65, 'gross_margin_percentage': 4.761904762, 'gross_income': 23.5325, 'rating': 4.8}
[2024-12-02T22:48:17.933+0000] {csv_to_kafka_with_redis.py:84} INFO - Row data before serialization: {'id': '1bb4b111-298d-4dcf-a11f-2eec0fd922ff', 'invoice_id': '149-71-6266', 'branch': 'B', 'city': 'Mandalay', 'customer_type': 'Member', 'gender': 'Male', 'product_line': 'Sports and travel', 'unit_price': 78.07, 'quantity': 9, 'tax_5_percent': 35.1315, 'total': 737.7615, 'date': '1/28/2019', 'time': '12:43', 'payment': 'Cash', 'cogs': 702.63, 'gross_margin_percentage': 4.761904762, 'gross_income': 35.1315, 'rating': 4.5}
[2024-12-02T22:48:17.935+0000] {csv_to_kafka_with_redis.py:84} INFO - Row data before serialization: {'id': 'be8a187e-2e29-4b05-aa43-1eeb35aaa8c3', 'invoice_id': '640-49-2076', 'branch': 'B', 'city': 'Mandalay', 'customer_type': 'Normal', 'gender': 'Male', 'product_line': 'Sports and travel', 'unit_price': 83.78, 'quantity': 8, 'tax_5_percent': 33.512, 'total': 703.752, 'date': '1/10/2019', 'time': '14:49', 'payment': 'Cash', 'cogs': 670.24, 'gross_margin_percentage': 4.761904762, 'gross_income': 33.512, 'rating': 5.1}
[2024-12-02T22:48:17.936+0000] {csv_to_kafka_with_redis.py:84} INFO - Row data before serialization: {'id': 'e6244943-1097-46f0-b718-31791a5f4801', 'invoice_id': '595-11-5460', 'branch': 'A', 'city': 'Yangon', 'customer_type': 'Normal', 'gender': 'Male', 'product_line': 'Health and beauty', 'unit_price': 96.58, 'quantity': 2, 'tax_5_percent': 9.658, 'total': 202.818, 'date': '3/15/2019', 'time': '10:12', 'payment': 'Credit card', 'cogs': 193.16, 'gross_margin_percentage': 4.761904762, 'gross_income': 9.658, 'rating': 5.1}
[2024-12-02T22:48:17.937+0000] {csv_to_kafka_with_redis.py:84} INFO - Row data before serialization: {'id': '34ba92ef-113c-48a9-b5d6-3dd18a6715d7', 'invoice_id': '183-56-6882', 'branch': 'C', 'city': 'Naypyitaw', 'customer_type': 'Member', 'gender': 'Female', 'product_line': 'Food and beverages', 'unit_price': 99.42, 'quantity': 4, 'tax_5_percent': 19.884, 'total': 417.564, 'date': '2/6/2019', 'time': '10:42', 'payment': 'Ewallet', 'cogs': 397.68, 'gross_margin_percentage': 4.761904762, 'gross_income': 19.884, 'rating': 7.5}
[2024-12-02T22:48:17.938+0000] {csv_to_kafka_with_redis.py:84} INFO - Row data before serialization: {'id': '6bba95a5-acbd-4e7e-9601-ccc9f96788f1', 'invoice_id': '232-16-2483', 'branch': 'C', 'city': 'Naypyitaw', 'customer_type': 'Member', 'gender': 'Female', 'product_line': 'Sports and travel', 'unit_price': 68.12, 'quantity': 1, 'tax_5_percent': 3.406, 'total': 71.526, 'date': '1/7/2019', 'time': '12:28', 'payment': 'Ewallet', 'cogs': 68.12, 'gross_margin_percentage': 4.761904762, 'gross_income': 3.406, 'rating': 6.8}
[2024-12-02T22:48:17.939+0000] {csv_to_kafka_with_redis.py:84} INFO - Row data before serialization: {'id': 'ec5be2e0-e21b-4e81-9ec5-ef713e59ea29', 'invoice_id': '129-29-8530', 'branch': 'A', 'city': 'Yangon', 'customer_type': 'Member', 'gender': 'Male', 'product_line': 'Sports and travel', 'unit_price': 62.62, 'quantity': 5, 'tax_5_percent': 15.655, 'total': 328.755, 'date': '3/10/2019', 'time': '19:15', 'payment': 'Ewallet', 'cogs': 313.1, 'gross_margin_percentage': 4.761904762, 'gross_income': 15.655, 'rating': 7.0}
[2024-12-02T22:48:17.941+0000] {csv_to_kafka_with_redis.py:84} INFO - Row data before serialization: {'id': '94549d06-1f28-4c35-9f31-8c1a1dd731e3', 'invoice_id': '272-65-1806', 'branch': 'A', 'city': 'Yangon', 'customer_type': 'Normal', 'gender': 'Female', 'product_line': 'Electronic accessories', 'unit_price': 60.88, 'quantity': 9, 'tax_5_percent': 27.396, 'total': 575.316, 'date': '1/15/2019', 'time': '17:17', 'payment': 'Ewallet', 'cogs': 547.92, 'gross_margin_percentage': 4.761904762, 'gross_income': 27.396, 'rating': 4.7}
[2024-12-02T22:48:17.942+0000] {csv_to_kafka_with_redis.py:84} INFO - Row data before serialization: {'id': '93771306-57de-494e-9a33-85d9a93fb7ea', 'invoice_id': '333-73-7901', 'branch': 'C', 'city': 'Naypyitaw', 'customer_type': 'Normal', 'gender': 'Female', 'product_line': 'Health and beauty', 'unit_price': 54.92, 'quantity': 8, 'tax_5_percent': 21.968, 'total': 461.328, 'date': '3/23/2019', 'time': '13:24', 'payment': 'Ewallet', 'cogs': 439.36, 'gross_margin_percentage': 4.761904762, 'gross_income': 21.968, 'rating': 7.6}
[2024-12-02T22:48:17.943+0000] {csv_to_kafka_with_redis.py:84} INFO - Row data before serialization: {'id': '40a0271c-a581-46cd-b407-e01d8ce52b75', 'invoice_id': '777-82-7220', 'branch': 'B', 'city': 'Mandalay', 'customer_type': 'Member', 'gender': 'Male', 'product_line': 'Home and lifestyle', 'unit_price': 30.12, 'quantity': 8, 'tax_5_percent': 12.048, 'total': 253.008, 'date': '3/3/2019', 'time': '13:01', 'payment': 'Cash', 'cogs': 240.96, 'gross_margin_percentage': 4.761904762, 'gross_income': 12.048, 'rating': 7.7}
[2024-12-02T22:48:17.944+0000] {csv_to_kafka_with_redis.py:84} INFO - Row data before serialization: {'id': 'd300d34c-427c-4f68-8231-798bcff8c945', 'invoice_id': '280-35-5823', 'branch': 'B', 'city': 'Mandalay', 'customer_type': 'Member', 'gender': 'Female', 'product_line': 'Home and lifestyle', 'unit_price': 86.72, 'quantity': 1, 'tax_5_percent': 4.336, 'total': 91.056, 'date': '1/17/2019', 'time': '18:45', 'payment': 'Ewallet', 'cogs': 86.72, 'gross_margin_percentage': 4.761904762, 'gross_income': 4.336, 'rating': 7.9}
[2024-12-02T22:48:17.946+0000] {csv_to_kafka_with_redis.py:84} INFO - Row data before serialization: {'id': '57c6c789-867d-41da-83c8-364b3aac7a96', 'invoice_id': '554-53-8700', 'branch': 'C', 'city': 'Naypyitaw', 'customer_type': 'Member', 'gender': 'Male', 'product_line': 'Home and lifestyle', 'unit_price': 56.11, 'quantity': 2, 'tax_5_percent': 5.611, 'total': 117.831, 'date': '2/2/2019', 'time': '10:11', 'payment': 'Cash', 'cogs': 112.22, 'gross_margin_percentage': 4.761904762, 'gross_income': 5.611, 'rating': 6.3}
[2024-12-02T22:48:17.947+0000] {csv_to_kafka_with_redis.py:84} INFO - Row data before serialization: {'id': '1c44f2dd-5c3b-4485-a0b6-9e9509e879fb', 'invoice_id': '354-25-5821', 'branch': 'B', 'city': 'Mandalay', 'customer_type': 'Member', 'gender': 'Female', 'product_line': 'Sports and travel', 'unit_price': 69.12, 'quantity': 6, 'tax_5_percent': 20.736, 'total': 435.456, 'date': '2/8/2019', 'time': '13:03', 'payment': 'Cash', 'cogs': 414.72, 'gross_margin_percentage': 4.761904762, 'gross_income': 20.736, 'rating': 5.6}
[2024-12-02T22:48:17.948+0000] {csv_to_kafka_with_redis.py:84} INFO - Row data before serialization: {'id': '15209015-451e-4b6c-a04f-f7eb7f55abe9', 'invoice_id': '228-96-1411', 'branch': 'C', 'city': 'Naypyitaw', 'customer_type': 'Member', 'gender': 'Female', 'product_line': 'Food and beverages', 'unit_price': 98.7, 'quantity': 8, 'tax_5_percent': 39.48, 'total': 829.08, 'date': '3/4/2019', 'time': '20:39', 'payment': 'Cash', 'cogs': 789.6, 'gross_margin_percentage': 4.761904762, 'gross_income': 39.48, 'rating': 7.6}
[2024-12-02T22:48:17.949+0000] {csv_to_kafka_with_redis.py:84} INFO - Row data before serialization: {'id': '9c8e4fc5-cf37-4e59-ad17-0882633f28cb', 'invoice_id': '617-15-4209', 'branch': 'C', 'city': 'Naypyitaw', 'customer_type': 'Member', 'gender': 'Male', 'product_line': 'Health and beauty', 'unit_price': 15.37, 'quantity': 2, 'tax_5_percent': 1.537, 'total': 32.277, 'date': '3/16/2019', 'time': '19:47', 'payment': 'Cash', 'cogs': 30.74, 'gross_margin_percentage': 4.761904762, 'gross_income': 1.537, 'rating': 7.2}
[2024-12-02T22:48:17.950+0000] {csv_to_kafka_with_redis.py:84} INFO - Row data before serialization: {'id': '55d14f62-e9e0-4f13-8284-76f39b2c4fe2', 'invoice_id': '132-32-9879', 'branch': 'B', 'city': 'Mandalay', 'customer_type': 'Member', 'gender': 'Female', 'product_line': 'Electronic accessories', 'unit_price': 93.96, 'quantity': 4, 'tax_5_percent': 18.792, 'total': 394.632, 'date': '3/9/2019', 'time': '18:00', 'payment': 'Cash', 'cogs': 375.84, 'gross_margin_percentage': 4.761904762, 'gross_income': 18.792, 'rating': 9.5}
[2024-12-02T22:48:17.951+0000] {csv_to_kafka_with_redis.py:84} INFO - Row data before serialization: {'id': 'f7fa3437-21e8-4ab7-849c-8874a2ad9ea8', 'invoice_id': '370-41-7321', 'branch': 'B', 'city': 'Mandalay', 'customer_type': 'Member', 'gender': 'Male', 'product_line': 'Health and beauty', 'unit_price': 56.69, 'quantity': 9, 'tax_5_percent': 25.5105, 'total': 535.7205, 'date': '2/27/2019', 'time': '17:24', 'payment': 'Credit card', 'cogs': 510.21, 'gross_margin_percentage': 4.761904762, 'gross_income': 25.5105, 'rating': 8.4}
[2024-12-02T22:48:17.953+0000] {csv_to_kafka_with_redis.py:84} INFO - Row data before serialization: {'id': 'b5d1f5de-344f-4fea-87ea-e002d4c99bb7', 'invoice_id': '727-46-3608', 'branch': 'B', 'city': 'Mandalay', 'customer_type': 'Member', 'gender': 'Female', 'product_line': 'Food and beverages', 'unit_price': 20.01, 'quantity': 9, 'tax_5_percent': 9.0045, 'total': 189.0945, 'date': '2/6/2019', 'time': '15:47', 'payment': 'Ewallet', 'cogs': 180.09, 'gross_margin_percentage': 4.761904762, 'gross_income': 9.0045, 'rating': 4.1}
[2024-12-02T22:48:17.954+0000] {csv_to_kafka_with_redis.py:84} INFO - Row data before serialization: {'id': '0f544d3c-996b-422b-94eb-e37a0220986f', 'invoice_id': '669-54-1719', 'branch': 'B', 'city': 'Mandalay', 'customer_type': 'Member', 'gender': 'Male', 'product_line': 'Electronic accessories', 'unit_price': 18.93, 'quantity': 6, 'tax_5_percent': 5.679, 'total': 119.259, 'date': '2/10/2019', 'time': '12:45', 'payment': 'Credit card', 'cogs': 113.58, 'gross_margin_percentage': 4.761904762, 'gross_income': 5.679, 'rating': 8.1}
[2024-12-02T22:48:17.955+0000] {csv_to_kafka_with_redis.py:84} INFO - Row data before serialization: {'id': '23c0397b-a0d9-4323-828f-77194d0fff5f', 'invoice_id': '574-22-5561', 'branch': 'C', 'city': 'Naypyitaw', 'customer_type': 'Member', 'gender': 'Female', 'product_line': 'Fashion accessories', 'unit_price': 82.63, 'quantity': 10, 'tax_5_percent': 41.315, 'total': 867.615, 'date': '3/19/2019', 'time': '17:08', 'payment': 'Ewallet', 'cogs': 826.3, 'gross_margin_percentage': 4.761904762, 'gross_income': 41.315, 'rating': 7.9}
[2024-12-02T22:48:18.153+0000] {hive.py:475} INFO - USE `default`
[2024-12-02T22:48:18.470+0000] {hive.py:475} INFO - 
    CREATE TABLE IF NOT EXISTS sales (
        id STRING,
        invoice_id STRING,
        branch STRING,
        city STRING,
        customer_type STRING,
        gender STRING,
        product_line STRING,
        unit_price FLOAT,
        quantity INT,
        tax_5_percent FLOAT,
        total FLOAT,
        `date` STRING,
        time STRING,
        payment STRING,
        cogs FLOAT,
        gross_margin_percentage FLOAT,
        gross_income FLOAT,
        rating FLOAT
    ) STORED AS ORC
    
[2024-12-02T22:48:18.537+0000] {kafka_to_hive_with_redis.py:72} INFO - Subscribed to topic 'topic-batch'
[2024-12-02T22:48:18.557+0000] {kafka_to_hive_with_redis.py:78} INFO - Waiting for producer, elapsed time: 0s...
[2024-12-02T22:48:19.560+0000] {kafka_to_hive_with_redis.py:78} INFO - Waiting for producer, elapsed time: 1s...
[2024-12-02T22:48:19.750+0000] {csv_to_kafka_with_redis.py:94} INFO - Batch 1 envoyé à Kafka.
[2024-12-02T22:48:19.754+0000] {csv_to_kafka_with_redis.py:98} INFO - Redis batch status: READY
[2024-12-02T22:48:19.755+0000] {csv_to_kafka_with_redis.py:102} INFO - En attente du consommateur...
[2024-12-02T22:48:20.578+0000] {logging_mixin.py:190} WARNING - Exception in thread Thread-2 (consume_kafka_to_hive_with_redis):
[2024-12-02T22:48:20.579+0000] {logging_mixin.py:190} WARNING - Traceback (most recent call last):
[2024-12-02T22:48:20.580+0000] {logging_mixin.py:190} WARNING -   File "/usr/local/lib/python3.12/threading.py", line 1075, in _bootstrap_inner
[2024-12-02T22:48:20.584+0000] {logging_mixin.py:190} WARNING -     self.run()
[2024-12-02T22:48:20.585+0000] {logging_mixin.py:190} WARNING -   File "/usr/local/lib/python3.12/threading.py", line 1012, in run
[2024-12-02T22:48:20.586+0000] {logging_mixin.py:190} WARNING -     self._target(*self._args, **self._kwargs)
[2024-12-02T22:48:20.587+0000] {logging_mixin.py:190} WARNING -   File "/opt/airflow/dags/kafka_to_hive_with_redis.py", line 98, in consume_kafka_to_hive_with_redis
[2024-12-02T22:48:20.593+0000] {logging_mixin.py:190} WARNING -     raise KafkaException(msg.error())
[2024-12-02T22:48:20.594+0000] {logging_mixin.py:190} WARNING - cimpl.KafkaException: KafkaError{code=UNKNOWN_TOPIC_OR_PART,val=3,str="Subscribed topic not available: topic-batch: Broker: Unknown topic or partition"}
[2024-12-02T22:48:20.757+0000] {csv_to_kafka_with_redis.py:102} INFO - En attente du consommateur...
[2024-12-02T22:48:21.759+0000] {csv_to_kafka_with_redis.py:102} INFO - En attente du consommateur...
[2024-12-02T22:48:22.760+0000] {csv_to_kafka_with_redis.py:102} INFO - En attente du consommateur...
[2024-12-02T22:48:23.762+0000] {csv_to_kafka_with_redis.py:102} INFO - En attente du consommateur...
[2024-12-02T22:48:24.764+0000] {csv_to_kafka_with_redis.py:102} INFO - En attente du consommateur...
[2024-12-02T22:48:25.766+0000] {csv_to_kafka_with_redis.py:102} INFO - En attente du consommateur...
[2024-12-02T22:48:26.768+0000] {csv_to_kafka_with_redis.py:102} INFO - En attente du consommateur...
[2024-12-02T22:48:27.770+0000] {csv_to_kafka_with_redis.py:102} INFO - En attente du consommateur...
[2024-12-02T22:48:28.770+0000] {csv_to_kafka_with_redis.py:102} INFO - En attente du consommateur...
[2024-12-02T22:48:29.772+0000] {csv_to_kafka_with_redis.py:102} INFO - En attente du consommateur...
[2024-12-02T22:48:30.774+0000] {csv_to_kafka_with_redis.py:102} INFO - En attente du consommateur...
[2024-12-02T22:48:31.777+0000] {csv_to_kafka_with_redis.py:102} INFO - En attente du consommateur...
[2024-12-02T22:48:32.779+0000] {csv_to_kafka_with_redis.py:102} INFO - En attente du consommateur...
[2024-12-02T22:48:33.780+0000] {csv_to_kafka_with_redis.py:102} INFO - En attente du consommateur...
[2024-12-02T22:48:34.782+0000] {csv_to_kafka_with_redis.py:102} INFO - En attente du consommateur...
[2024-12-02T22:48:35.785+0000] {csv_to_kafka_with_redis.py:102} INFO - En attente du consommateur...
[2024-12-02T22:48:36.787+0000] {csv_to_kafka_with_redis.py:102} INFO - En attente du consommateur...
[2024-12-02T22:48:37.788+0000] {csv_to_kafka_with_redis.py:102} INFO - En attente du consommateur...
[2024-12-02T22:48:38.790+0000] {csv_to_kafka_with_redis.py:102} INFO - En attente du consommateur...
[2024-12-02T22:48:39.792+0000] {csv_to_kafka_with_redis.py:102} INFO - En attente du consommateur...
[2024-12-02T22:48:40.794+0000] {csv_to_kafka_with_redis.py:102} INFO - En attente du consommateur...
[2024-12-02T22:48:41.806+0000] {csv_to_kafka_with_redis.py:102} INFO - En attente du consommateur...
[2024-12-02T22:48:42.807+0000] {csv_to_kafka_with_redis.py:102} INFO - En attente du consommateur...
[2024-12-02T22:48:43.809+0000] {csv_to_kafka_with_redis.py:102} INFO - En attente du consommateur...
[2024-12-02T22:48:44.811+0000] {csv_to_kafka_with_redis.py:102} INFO - En attente du consommateur...
[2024-12-02T22:48:45.813+0000] {csv_to_kafka_with_redis.py:102} INFO - En attente du consommateur...
[2024-12-02T22:48:46.816+0000] {csv_to_kafka_with_redis.py:102} INFO - En attente du consommateur...
[2024-12-02T22:48:47.819+0000] {csv_to_kafka_with_redis.py:102} INFO - En attente du consommateur...
[2024-12-02T22:48:48.820+0000] {csv_to_kafka_with_redis.py:102} INFO - En attente du consommateur...
[2024-12-02T22:48:49.823+0000] {csv_to_kafka_with_redis.py:102} INFO - En attente du consommateur...
[2024-12-02T22:48:50.825+0000] {csv_to_kafka_with_redis.py:102} INFO - En attente du consommateur...
[2024-12-02T22:48:51.826+0000] {csv_to_kafka_with_redis.py:102} INFO - En attente du consommateur...
[2024-12-02T22:48:52.828+0000] {csv_to_kafka_with_redis.py:102} INFO - En attente du consommateur...
[2024-12-02T22:48:53.830+0000] {csv_to_kafka_with_redis.py:102} INFO - En attente du consommateur...
[2024-12-02T22:48:54.832+0000] {csv_to_kafka_with_redis.py:102} INFO - En attente du consommateur...
[2024-12-02T22:48:55.833+0000] {csv_to_kafka_with_redis.py:102} INFO - En attente du consommateur...
[2024-12-02T22:48:56.835+0000] {csv_to_kafka_with_redis.py:102} INFO - En attente du consommateur...
[2024-12-02T22:48:57.837+0000] {csv_to_kafka_with_redis.py:102} INFO - En attente du consommateur...
[2024-12-02T22:48:58.839+0000] {csv_to_kafka_with_redis.py:102} INFO - En attente du consommateur...
[2024-12-02T22:48:59.841+0000] {csv_to_kafka_with_redis.py:102} INFO - En attente du consommateur...
[2024-12-02T22:49:00.843+0000] {csv_to_kafka_with_redis.py:102} INFO - En attente du consommateur...
[2024-12-02T22:49:01.848+0000] {csv_to_kafka_with_redis.py:102} INFO - En attente du consommateur...
[2024-12-02T22:49:02.850+0000] {csv_to_kafka_with_redis.py:102} INFO - En attente du consommateur...
[2024-12-02T22:49:03.852+0000] {csv_to_kafka_with_redis.py:102} INFO - En attente du consommateur...
[2024-12-02T22:49:04.854+0000] {csv_to_kafka_with_redis.py:102} INFO - En attente du consommateur...
[2024-12-02T22:49:05.855+0000] {csv_to_kafka_with_redis.py:102} INFO - En attente du consommateur...
[2024-12-02T22:49:06.857+0000] {csv_to_kafka_with_redis.py:102} INFO - En attente du consommateur...
[2024-12-02T22:49:07.859+0000] {csv_to_kafka_with_redis.py:102} INFO - En attente du consommateur...
[2024-12-02T22:49:07.970+0000] {local_task_job_runner.py:346} WARNING - State of this instance has been externally set to failed. Terminating instance.
[2024-12-02T22:49:07.972+0000] {local_task_job_runner.py:245} INFO - ::endgroup::
[2024-12-02T22:49:07.978+0000] {process_utils.py:132} INFO - Sending 15 to group 5899. PIDs of all processes in the group: [5899]
[2024-12-02T22:49:07.978+0000] {process_utils.py:87} INFO - Sending the signal 15 to group 5899
[2024-12-02T22:49:07.980+0000] {taskinstance.py:3093} ERROR - Received SIGTERM. Terminating subprocesses.
[2024-12-02T22:49:08.032+0000] {taskinstance.py:340} INFO - ::group::Post task execution logs
[2024-12-02T22:49:08.073+0000] {process_utils.py:80} INFO - Process psutil.Process(pid=5899, status='terminated', exitcode=0, started='22:48:16') (5899) terminated with exit code 0
