[2024-12-02T18:07:07.277+0000] {local_task_job_runner.py:123} INFO - ::group::Pre task execution logs
[2024-12-02T18:07:07.310+0000] {taskinstance.py:2613} INFO - Dependencies all met for dep_context=non-requeueable deps ti=<TaskInstance: send_csv_to_kafka.send_csv_to_kafka manual__2024-12-02T18:06:58.365238+00:00 [queued]>
[2024-12-02T18:07:07.331+0000] {taskinstance.py:2613} INFO - Dependencies all met for dep_context=requeueable deps ti=<TaskInstance: send_csv_to_kafka.send_csv_to_kafka manual__2024-12-02T18:06:58.365238+00:00 [queued]>
[2024-12-02T18:07:07.344+0000] {taskinstance.py:2866} INFO - Starting attempt 1 of 2
[2024-12-02T18:07:07.418+0000] {taskinstance.py:2889} INFO - Executing <Task(PythonOperator): send_csv_to_kafka> on 2024-12-02 18:06:58.365238+00:00
[2024-12-02T18:07:07.431+0000] {standard_task_runner.py:104} INFO - Running: ['airflow', 'tasks', 'run', 'send_csv_to_kafka', 'send_csv_to_kafka', 'manual__2024-12-02T18:06:58.365238+00:00', '--job-id', '148', '--raw', '--subdir', 'DAGS_FOLDER/dag_shema.py', '--cfg-path', '/tmp/tmps5n2xmhe']
[2024-12-02T18:07:07.435+0000] {standard_task_runner.py:105} INFO - Job 148: Subtask send_csv_to_kafka
[2024-12-02T18:07:07.436+0000] {logging_mixin.py:190} WARNING - /home/airflow/.local/lib/python3.12/site-packages/airflow/task/task_runner/standard_task_runner.py:70 DeprecationWarning: This process (pid=221) is multi-threaded, use of fork() may lead to deadlocks in the child.
[2024-12-02T18:07:07.438+0000] {standard_task_runner.py:72} INFO - Started process 235 to run task
[2024-12-02T18:07:07.655+0000] {task_command.py:467} INFO - Running <TaskInstance: send_csv_to_kafka.send_csv_to_kafka manual__2024-12-02T18:06:58.365238+00:00 [running]> on host 45770b1a429e
[2024-12-02T18:07:07.918+0000] {taskinstance.py:3132} INFO - Exporting env vars: AIRFLOW_CTX_DAG_OWNER='airflow' AIRFLOW_CTX_DAG_ID='send_csv_to_kafka' AIRFLOW_CTX_TASK_ID='send_csv_to_kafka' AIRFLOW_CTX_EXECUTION_DATE='2024-12-02T18:06:58.365238+00:00' AIRFLOW_CTX_TRY_NUMBER='1' AIRFLOW_CTX_DAG_RUN_ID='manual__2024-12-02T18:06:58.365238+00:00'
[2024-12-02T18:07:07.921+0000] {taskinstance.py:731} INFO - ::endgroup::
[2024-12-02T18:07:08.100+0000] {dag_shema.py:42} INFO - Loaded CSV Data:
    Invoice ID Branch       City  ... gross margin percentage gross income Rating
0  750-67-8428      A     Yangon  ...                4.761905      26.1415    9.1
1  226-31-3081      C  Naypyitaw  ...                4.761905       3.8200    9.6
2  631-41-3108      A     Yangon  ...                4.761905      16.2155    7.4
3  123-19-1176      A     Yangon  ...                4.761905      23.2880    8.4
4  373-73-7910      A     Yangon  ...                4.761905      30.2085    5.3

[5 rows x 17 columns]
[2024-12-02T18:07:08.102+0000] {dag_shema.py:73} INFO - Row data before serialization: {'id': '060406dc-35f6-4225-b351-0b1d637a0704', 'invoice_id': '750-67-8428', 'branch': 'A', 'city': 'Yangon', 'customer_type': 'Member', 'gender': 'Female', 'product_line': 'Health and beauty', 'unit_price': 74.69, 'quantity': 7, 'tax_5_percent': 26.1415, 'total': 548.9715, 'date': '1/5/2019', 'time': '13:08', 'payment': 'Ewallet', 'cogs': 522.83, 'gross_margin_percentage': 4.761904762, 'gross_income': 26.1415, 'rating': 9.1}
[2024-12-02T18:07:08.564+0000] {dag_shema.py:73} INFO - Row data before serialization: {'id': '6280c4ac-c946-43b3-9756-f8648666da48', 'invoice_id': '226-31-3081', 'branch': 'C', 'city': 'Naypyitaw', 'customer_type': 'Normal', 'gender': 'Female', 'product_line': 'Electronic accessories', 'unit_price': 15.28, 'quantity': 5, 'tax_5_percent': 3.82, 'total': 80.22, 'date': '3/8/2019', 'time': '10:29', 'payment': 'Cash', 'cogs': 76.4, 'gross_margin_percentage': 4.761904762, 'gross_income': 3.82, 'rating': 9.6}
[2024-12-02T18:07:08.566+0000] {dag_shema.py:73} INFO - Row data before serialization: {'id': 'c76d6a28-f9f4-4414-9e04-78a7f893973b', 'invoice_id': '631-41-3108', 'branch': 'A', 'city': 'Yangon', 'customer_type': 'Normal', 'gender': 'Male', 'product_line': 'Home and lifestyle', 'unit_price': 46.33, 'quantity': 7, 'tax_5_percent': 16.2155, 'total': 340.5255, 'date': '3/3/2019', 'time': '13:23', 'payment': 'Credit card', 'cogs': 324.31, 'gross_margin_percentage': 4.761904762, 'gross_income': 16.2155, 'rating': 7.4}
[2024-12-02T18:07:08.568+0000] {dag_shema.py:73} INFO - Row data before serialization: {'id': '4c40d460-5b1c-400c-abd2-ac02f60e2b7c', 'invoice_id': '123-19-1176', 'branch': 'A', 'city': 'Yangon', 'customer_type': 'Member', 'gender': 'Male', 'product_line': 'Health and beauty', 'unit_price': 58.22, 'quantity': 8, 'tax_5_percent': 23.288, 'total': 489.048, 'date': '1/27/2019', 'time': '20:33', 'payment': 'Ewallet', 'cogs': 465.76, 'gross_margin_percentage': 4.761904762, 'gross_income': 23.288, 'rating': 8.4}
[2024-12-02T18:07:08.569+0000] {dag_shema.py:73} INFO - Row data before serialization: {'id': '329dface-34bb-4af5-a93e-d0af86f1f36f', 'invoice_id': '373-73-7910', 'branch': 'A', 'city': 'Yangon', 'customer_type': 'Normal', 'gender': 'Male', 'product_line': 'Sports and travel', 'unit_price': 86.31, 'quantity': 7, 'tax_5_percent': 30.2085, 'total': 634.3785, 'date': '2/8/2019', 'time': '10:37', 'payment': 'Ewallet', 'cogs': 604.17, 'gross_margin_percentage': 4.761904762, 'gross_income': 30.2085, 'rating': 5.3}
[2024-12-02T18:07:08.571+0000] {dag_shema.py:73} INFO - Row data before serialization: {'id': '43116cd5-0549-4f45-a01d-b3a1d52a020e', 'invoice_id': '699-14-3026', 'branch': 'C', 'city': 'Naypyitaw', 'customer_type': 'Normal', 'gender': 'Male', 'product_line': 'Electronic accessories', 'unit_price': 85.39, 'quantity': 7, 'tax_5_percent': 29.8865, 'total': 627.6165, 'date': '3/25/2019', 'time': '18:30', 'payment': 'Ewallet', 'cogs': 597.73, 'gross_margin_percentage': 4.761904762, 'gross_income': 29.8865, 'rating': 4.1}
[2024-12-02T18:07:08.572+0000] {dag_shema.py:73} INFO - Row data before serialization: {'id': 'b33e2d22-5010-41c1-b20e-00a97b1a98b7', 'invoice_id': '355-53-5943', 'branch': 'A', 'city': 'Yangon', 'customer_type': 'Member', 'gender': 'Female', 'product_line': 'Electronic accessories', 'unit_price': 68.84, 'quantity': 6, 'tax_5_percent': 20.652, 'total': 433.692, 'date': '2/25/2019', 'time': '14:36', 'payment': 'Ewallet', 'cogs': 413.04, 'gross_margin_percentage': 4.761904762, 'gross_income': 20.652, 'rating': 5.8}
[2024-12-02T18:07:08.574+0000] {dag_shema.py:73} INFO - Row data before serialization: {'id': 'a6d1478d-9a30-47e5-af16-4fa6c4f3605a', 'invoice_id': '315-22-5665', 'branch': 'C', 'city': 'Naypyitaw', 'customer_type': 'Normal', 'gender': 'Female', 'product_line': 'Home and lifestyle', 'unit_price': 73.56, 'quantity': 10, 'tax_5_percent': 36.78, 'total': 772.38, 'date': '2/24/2019', 'time': '11:38', 'payment': 'Ewallet', 'cogs': 735.6, 'gross_margin_percentage': 4.761904762, 'gross_income': 36.78, 'rating': 8.0}
[2024-12-02T18:07:08.577+0000] {dag_shema.py:73} INFO - Row data before serialization: {'id': 'e903e3e2-3446-460a-949c-afeb3179fbb5', 'invoice_id': '665-32-9167', 'branch': 'A', 'city': 'Yangon', 'customer_type': 'Member', 'gender': 'Female', 'product_line': 'Health and beauty', 'unit_price': 36.26, 'quantity': 2, 'tax_5_percent': 3.626, 'total': 76.146, 'date': '1/10/2019', 'time': '17:15', 'payment': 'Credit card', 'cogs': 72.52, 'gross_margin_percentage': 4.761904762, 'gross_income': 3.626, 'rating': 7.2}
[2024-12-02T18:07:08.998+0000] {dag_shema.py:83} INFO - All data has been published to topic topic-hive.
[2024-12-02T18:07:09.001+0000] {python.py:240} INFO - Done. Returned value was: None
[2024-12-02T18:07:09.026+0000] {taskinstance.py:340} INFO - ::group::Post task execution logs
[2024-12-02T18:07:09.027+0000] {taskinstance.py:352} INFO - Marking task as SUCCESS. dag_id=send_csv_to_kafka, task_id=send_csv_to_kafka, run_id=manual__2024-12-02T18:06:58.365238+00:00, execution_date=20241202T180658, start_date=20241202T180707, end_date=20241202T180709
[2024-12-02T18:07:09.111+0000] {local_task_job_runner.py:266} INFO - Task exited with return code 0
[2024-12-02T18:07:09.157+0000] {taskinstance.py:3895} INFO - 0 downstream tasks scheduled from follow-on schedule check
[2024-12-02T18:07:09.162+0000] {local_task_job_runner.py:245} INFO - ::endgroup::
