[2024-12-01T13:10:35.550+0000] {local_task_job_runner.py:123} INFO - ::group::Pre task execution logs
[2024-12-01T13:10:35.620+0000] {taskinstance.py:2613} INFO - Dependencies all met for dep_context=non-requeueable deps ti=<TaskInstance: send_csv_to_kafka.send_csv_to_kafka manual__2024-12-01T13:10:29.827605+00:00 [queued]>
[2024-12-01T13:10:35.654+0000] {taskinstance.py:2613} INFO - Dependencies all met for dep_context=requeueable deps ti=<TaskInstance: send_csv_to_kafka.send_csv_to_kafka manual__2024-12-01T13:10:29.827605+00:00 [queued]>
[2024-12-01T13:10:35.656+0000] {taskinstance.py:2866} INFO - Starting attempt 1 of 2
[2024-12-01T13:10:35.744+0000] {taskinstance.py:2889} INFO - Executing <Task(PythonOperator): send_csv_to_kafka> on 2024-12-01 13:10:29.827605+00:00
[2024-12-01T13:10:35.759+0000] {logging_mixin.py:190} WARNING - /home/airflow/.local/lib/python3.12/site-packages/airflow/task/task_runner/standard_task_runner.py:70 DeprecationWarning: This process (pid=1084) is multi-threaded, use of fork() may lead to deadlocks in the child.
[2024-12-01T13:10:35.760+0000] {standard_task_runner.py:104} INFO - Running: ['airflow', 'tasks', 'run', 'send_csv_to_kafka', 'send_csv_to_kafka', 'manual__2024-12-01T13:10:29.827605+00:00', '--job-id', '48', '--raw', '--subdir', 'DAGS_FOLDER/dag_test.py', '--cfg-path', '/tmp/tmp5eokaz32']
[2024-12-01T13:10:35.762+0000] {standard_task_runner.py:72} INFO - Started process 1098 to run task
[2024-12-01T13:10:35.763+0000] {standard_task_runner.py:105} INFO - Job 48: Subtask send_csv_to_kafka
[2024-12-01T13:10:36.026+0000] {task_command.py:467} INFO - Running <TaskInstance: send_csv_to_kafka.send_csv_to_kafka manual__2024-12-01T13:10:29.827605+00:00 [running]> on host 45770b1a429e
[2024-12-01T13:10:36.306+0000] {taskinstance.py:3132} INFO - Exporting env vars: AIRFLOW_CTX_DAG_OWNER='airflow' AIRFLOW_CTX_DAG_ID='send_csv_to_kafka' AIRFLOW_CTX_TASK_ID='send_csv_to_kafka' AIRFLOW_CTX_EXECUTION_DATE='2024-12-01T13:10:29.827605+00:00' AIRFLOW_CTX_TRY_NUMBER='1' AIRFLOW_CTX_DAG_RUN_ID='manual__2024-12-01T13:10:29.827605+00:00'
[2024-12-01T13:10:36.311+0000] {taskinstance.py:731} INFO - ::endgroup::
[2024-12-01T13:10:36.383+0000] {dag_test.py:42} INFO - Loaded CSV Data:
    Invoice ID Branch       City  ... gross margin percentage gross income Rating
0  750-67-8428      A     Yangon  ...                4.761905      26.1415    9.1
1  226-31-3081      C  Naypyitaw  ...                4.761905       3.8200    9.6
2  631-41-3108      A     Yangon  ...                4.761905      16.2155    7.4
3  123-19-1176      A     Yangon  ...                4.761905      23.2880    8.4
4  373-73-7910      A     Yangon  ...                4.761905      30.2085    5.3

[5 rows x 17 columns]
[2024-12-01T13:10:36.385+0000] {dag_test.py:69} INFO - Row data before serialization: {'invoice_id': '750-67-8428', 'branch': 'A', 'city': 'Yangon', 'customer_type': 'Member', 'gender': 'Female', 'product_line': 'Health and beauty', 'unit_price': 74.69, 'quantity': 7, 'tax_5_percent': 26.1415, 'total': 548.9715, 'date': '1/5/2019', 'time': '13:08', 'payment': 'Ewallet', 'cogs': 522.83, 'gross_margin_percentage': 4.761904762, 'gross_income': 26.1415, 'rating': 9.1, 'id': '9e7526f5-be89-469b-8894-09e338f2b465'}
[2024-12-01T13:10:36.426+0000] {dag_test.py:69} INFO - Row data before serialization: {'invoice_id': '226-31-3081', 'branch': 'C', 'city': 'Naypyitaw', 'customer_type': 'Normal', 'gender': 'Female', 'product_line': 'Electronic accessories', 'unit_price': 15.28, 'quantity': 5, 'tax_5_percent': 3.82, 'total': 80.22, 'date': '3/8/2019', 'time': '10:29', 'payment': 'Cash', 'cogs': 76.4, 'gross_margin_percentage': 4.761904762, 'gross_income': 3.82, 'rating': 9.6, 'id': '3e3ff5e5-0ced-4994-948a-623a0cbef245'}
[2024-12-01T13:10:36.427+0000] {dag_test.py:69} INFO - Row data before serialization: {'invoice_id': '631-41-3108', 'branch': 'A', 'city': 'Yangon', 'customer_type': 'Normal', 'gender': 'Male', 'product_line': 'Home and lifestyle', 'unit_price': 46.33, 'quantity': 7, 'tax_5_percent': 16.2155, 'total': 340.5255, 'date': '3/3/2019', 'time': '13:23', 'payment': 'Credit card', 'cogs': 324.31, 'gross_margin_percentage': 4.761904762, 'gross_income': 16.2155, 'rating': 7.4, 'id': '4c88c585-9267-4063-81e7-a17b9162c467'}
[2024-12-01T13:10:36.429+0000] {dag_test.py:69} INFO - Row data before serialization: {'invoice_id': '123-19-1176', 'branch': 'A', 'city': 'Yangon', 'customer_type': 'Member', 'gender': 'Male', 'product_line': 'Health and beauty', 'unit_price': 58.22, 'quantity': 8, 'tax_5_percent': 23.288, 'total': 489.048, 'date': '1/27/2019', 'time': '20:33', 'payment': 'Ewallet', 'cogs': 465.76, 'gross_margin_percentage': 4.761904762, 'gross_income': 23.288, 'rating': 8.4, 'id': '3c0fb6fe-c437-4330-b28a-c7694bb0e28d'}
[2024-12-01T13:10:36.431+0000] {dag_test.py:69} INFO - Row data before serialization: {'invoice_id': '373-73-7910', 'branch': 'A', 'city': 'Yangon', 'customer_type': 'Normal', 'gender': 'Male', 'product_line': 'Sports and travel', 'unit_price': 86.31, 'quantity': 7, 'tax_5_percent': 30.2085, 'total': 634.3785, 'date': '2/8/2019', 'time': '10:37', 'payment': 'Ewallet', 'cogs': 604.17, 'gross_margin_percentage': 4.761904762, 'gross_income': 30.2085, 'rating': 5.3, 'id': '24c32ba1-dc98-412e-b148-5e8865add31a'}
[2024-12-01T13:10:36.433+0000] {dag_test.py:69} INFO - Row data before serialization: {'invoice_id': '699-14-3026', 'branch': 'C', 'city': 'Naypyitaw', 'customer_type': 'Normal', 'gender': 'Male', 'product_line': 'Electronic accessories', 'unit_price': 85.39, 'quantity': 7, 'tax_5_percent': 29.8865, 'total': 627.6165, 'date': '3/25/2019', 'time': '18:30', 'payment': 'Ewallet', 'cogs': 597.73, 'gross_margin_percentage': 4.761904762, 'gross_income': 29.8865, 'rating': 4.1, 'id': '3a2e01dc-16c7-4cf7-9571-5cc378629258'}
[2024-12-01T13:10:36.435+0000] {dag_test.py:69} INFO - Row data before serialization: {'invoice_id': '355-53-5943', 'branch': 'A', 'city': 'Yangon', 'customer_type': 'Member', 'gender': 'Female', 'product_line': 'Electronic accessories', 'unit_price': 68.84, 'quantity': 6, 'tax_5_percent': 20.652, 'total': 433.692, 'date': '2/25/2019', 'time': '14:36', 'payment': 'Ewallet', 'cogs': 413.04, 'gross_margin_percentage': 4.761904762, 'gross_income': 20.652, 'rating': 5.8, 'id': '4cd5e83c-fb51-408b-8098-27f11629d9a6'}
[2024-12-01T13:10:36.437+0000] {dag_test.py:69} INFO - Row data before serialization: {'invoice_id': '315-22-5665', 'branch': 'C', 'city': 'Naypyitaw', 'customer_type': 'Normal', 'gender': 'Female', 'product_line': 'Home and lifestyle', 'unit_price': 73.56, 'quantity': 10, 'tax_5_percent': 36.78, 'total': 772.38, 'date': '2/24/2019', 'time': '11:38', 'payment': 'Ewallet', 'cogs': 735.6, 'gross_margin_percentage': 4.761904762, 'gross_income': 36.78, 'rating': 8.0, 'id': '8c2e8aea-c4b8-4ede-806d-4b4dc8128472'}
[2024-12-01T13:10:36.439+0000] {dag_test.py:69} INFO - Row data before serialization: {'invoice_id': '665-32-9167', 'branch': 'A', 'city': 'Yangon', 'customer_type': 'Member', 'gender': 'Female', 'product_line': 'Health and beauty', 'unit_price': 36.26, 'quantity': 2, 'tax_5_percent': 3.626, 'total': 76.146, 'date': '1/10/2019', 'time': '17:15', 'payment': 'Credit card', 'cogs': 72.52, 'gross_margin_percentage': 4.761904762, 'gross_income': 3.626, 'rating': 7.2, 'id': 'ddb06c94-9986-4e5a-9d7d-4d315dea1220'}
[2024-12-01T13:10:38.342+0000] {dag_test.py:79} INFO - All data has been published to topic topic-hive.
[2024-12-01T13:10:38.347+0000] {python.py:240} INFO - Done. Returned value was: None
[2024-12-01T13:10:38.383+0000] {taskinstance.py:340} INFO - ::group::Post task execution logs
[2024-12-01T13:10:38.384+0000] {taskinstance.py:352} INFO - Marking task as SUCCESS. dag_id=send_csv_to_kafka, task_id=send_csv_to_kafka, run_id=manual__2024-12-01T13:10:29.827605+00:00, execution_date=20241201T131029, start_date=20241201T131035, end_date=20241201T131038
[2024-12-01T13:10:38.520+0000] {local_task_job_runner.py:266} INFO - Task exited with return code 0
[2024-12-01T13:10:38.568+0000] {taskinstance.py:3895} INFO - 0 downstream tasks scheduled from follow-on schedule check
[2024-12-01T13:10:38.573+0000] {local_task_job_runner.py:245} INFO - ::endgroup::
