[2024-12-04T08:47:42.952+0000] {processor.py:186} INFO - Started process (PID=174) to work on /opt/airflow/dags/csv_to_kafka_with_redis.py
[2024-12-04T08:47:42.953+0000] {processor.py:914} INFO - Processing file /opt/airflow/dags/csv_to_kafka_with_redis.py for tasks to queue
[2024-12-04T08:47:42.955+0000] {logging_mixin.py:190} INFO - [2024-12-04T08:47:42.955+0000] {dagbag.py:588} INFO - Filling up the DagBag from /opt/airflow/dags/csv_to_kafka_with_redis.py
[2024-12-04T08:47:43.724+0000] {processor.py:927} WARNING - No viable dags retrieved from /opt/airflow/dags/csv_to_kafka_with_redis.py
[2024-12-04T08:47:43.752+0000] {processor.py:208} INFO - Processing /opt/airflow/dags/csv_to_kafka_with_redis.py took 0.806 seconds
[2024-12-04T08:48:08.941+0000] {processor.py:186} INFO - Started process (PID=202) to work on /opt/airflow/dags/csv_to_kafka_with_redis.py
[2024-12-04T08:48:08.945+0000] {processor.py:914} INFO - Processing file /opt/airflow/dags/csv_to_kafka_with_redis.py for tasks to queue
[2024-12-04T08:48:08.948+0000] {logging_mixin.py:190} INFO - [2024-12-04T08:48:08.947+0000] {dagbag.py:588} INFO - Filling up the DagBag from /opt/airflow/dags/csv_to_kafka_with_redis.py
[2024-12-04T08:48:09.593+0000] {processor.py:927} WARNING - No viable dags retrieved from /opt/airflow/dags/csv_to_kafka_with_redis.py
[2024-12-04T08:48:09.619+0000] {processor.py:208} INFO - Processing /opt/airflow/dags/csv_to_kafka_with_redis.py took 0.690 seconds
[2024-12-04T08:49:26.309+0000] {processor.py:186} INFO - Started process (PID=69) to work on /opt/airflow/dags/csv_to_kafka_with_redis.py
[2024-12-04T08:49:26.313+0000] {processor.py:914} INFO - Processing file /opt/airflow/dags/csv_to_kafka_with_redis.py for tasks to queue
[2024-12-04T08:49:26.323+0000] {logging_mixin.py:190} INFO - [2024-12-04T08:49:26.321+0000] {dagbag.py:588} INFO - Filling up the DagBag from /opt/airflow/dags/csv_to_kafka_with_redis.py
[2024-12-04T08:49:27.875+0000] {processor.py:927} WARNING - No viable dags retrieved from /opt/airflow/dags/csv_to_kafka_with_redis.py
[2024-12-04T08:49:27.935+0000] {processor.py:208} INFO - Processing /opt/airflow/dags/csv_to_kafka_with_redis.py took 1.643 seconds
[2024-12-04T08:49:58.376+0000] {processor.py:186} INFO - Started process (PID=106) to work on /opt/airflow/dags/csv_to_kafka_with_redis.py
[2024-12-04T08:49:58.378+0000] {processor.py:914} INFO - Processing file /opt/airflow/dags/csv_to_kafka_with_redis.py for tasks to queue
[2024-12-04T08:49:58.384+0000] {logging_mixin.py:190} INFO - [2024-12-04T08:49:58.384+0000] {dagbag.py:588} INFO - Filling up the DagBag from /opt/airflow/dags/csv_to_kafka_with_redis.py
[2024-12-04T08:49:59.459+0000] {processor.py:927} WARNING - No viable dags retrieved from /opt/airflow/dags/csv_to_kafka_with_redis.py
[2024-12-04T08:49:59.512+0000] {processor.py:208} INFO - Processing /opt/airflow/dags/csv_to_kafka_with_redis.py took 1.148 seconds
[2024-12-04T08:50:30.677+0000] {processor.py:186} INFO - Started process (PID=119) to work on /opt/airflow/dags/csv_to_kafka_with_redis.py
[2024-12-04T08:50:30.679+0000] {processor.py:914} INFO - Processing file /opt/airflow/dags/csv_to_kafka_with_redis.py for tasks to queue
[2024-12-04T08:50:30.688+0000] {logging_mixin.py:190} INFO - [2024-12-04T08:50:30.687+0000] {dagbag.py:588} INFO - Filling up the DagBag from /opt/airflow/dags/csv_to_kafka_with_redis.py
[2024-12-04T08:50:31.379+0000] {processor.py:927} WARNING - No viable dags retrieved from /opt/airflow/dags/csv_to_kafka_with_redis.py
[2024-12-04T08:50:31.402+0000] {processor.py:208} INFO - Processing /opt/airflow/dags/csv_to_kafka_with_redis.py took 0.741 seconds
[2024-12-04T08:51:01.665+0000] {processor.py:186} INFO - Started process (PID=138) to work on /opt/airflow/dags/csv_to_kafka_with_redis.py
[2024-12-04T08:51:01.667+0000] {processor.py:914} INFO - Processing file /opt/airflow/dags/csv_to_kafka_with_redis.py for tasks to queue
[2024-12-04T08:51:01.675+0000] {logging_mixin.py:190} INFO - [2024-12-04T08:51:01.674+0000] {dagbag.py:588} INFO - Filling up the DagBag from /opt/airflow/dags/csv_to_kafka_with_redis.py
[2024-12-04T08:51:02.609+0000] {processor.py:927} WARNING - No viable dags retrieved from /opt/airflow/dags/csv_to_kafka_with_redis.py
[2024-12-04T08:51:02.645+0000] {processor.py:208} INFO - Processing /opt/airflow/dags/csv_to_kafka_with_redis.py took 0.988 seconds
[2024-12-04T08:51:33.500+0000] {processor.py:186} INFO - Started process (PID=151) to work on /opt/airflow/dags/csv_to_kafka_with_redis.py
[2024-12-04T08:51:33.501+0000] {processor.py:914} INFO - Processing file /opt/airflow/dags/csv_to_kafka_with_redis.py for tasks to queue
[2024-12-04T08:51:33.504+0000] {logging_mixin.py:190} INFO - [2024-12-04T08:51:33.504+0000] {dagbag.py:588} INFO - Filling up the DagBag from /opt/airflow/dags/csv_to_kafka_with_redis.py
[2024-12-04T08:51:34.009+0000] {processor.py:927} WARNING - No viable dags retrieved from /opt/airflow/dags/csv_to_kafka_with_redis.py
[2024-12-04T08:51:34.031+0000] {processor.py:208} INFO - Processing /opt/airflow/dags/csv_to_kafka_with_redis.py took 0.536 seconds
[2024-12-04T08:52:04.618+0000] {processor.py:186} INFO - Started process (PID=164) to work on /opt/airflow/dags/csv_to_kafka_with_redis.py
[2024-12-04T08:52:04.619+0000] {processor.py:914} INFO - Processing file /opt/airflow/dags/csv_to_kafka_with_redis.py for tasks to queue
[2024-12-04T08:52:04.622+0000] {logging_mixin.py:190} INFO - [2024-12-04T08:52:04.621+0000] {dagbag.py:588} INFO - Filling up the DagBag from /opt/airflow/dags/csv_to_kafka_with_redis.py
[2024-12-04T08:52:05.148+0000] {processor.py:927} WARNING - No viable dags retrieved from /opt/airflow/dags/csv_to_kafka_with_redis.py
[2024-12-04T08:52:05.171+0000] {processor.py:208} INFO - Processing /opt/airflow/dags/csv_to_kafka_with_redis.py took 0.558 seconds
[2024-12-04T08:52:35.646+0000] {processor.py:186} INFO - Started process (PID=177) to work on /opt/airflow/dags/csv_to_kafka_with_redis.py
[2024-12-04T08:52:35.647+0000] {processor.py:914} INFO - Processing file /opt/airflow/dags/csv_to_kafka_with_redis.py for tasks to queue
[2024-12-04T08:52:35.650+0000] {logging_mixin.py:190} INFO - [2024-12-04T08:52:35.650+0000] {dagbag.py:588} INFO - Filling up the DagBag from /opt/airflow/dags/csv_to_kafka_with_redis.py
[2024-12-04T08:52:36.175+0000] {processor.py:927} WARNING - No viable dags retrieved from /opt/airflow/dags/csv_to_kafka_with_redis.py
[2024-12-04T08:52:36.198+0000] {processor.py:208} INFO - Processing /opt/airflow/dags/csv_to_kafka_with_redis.py took 0.558 seconds
[2024-12-04T08:53:06.983+0000] {processor.py:186} INFO - Started process (PID=190) to work on /opt/airflow/dags/csv_to_kafka_with_redis.py
[2024-12-04T08:53:06.985+0000] {processor.py:914} INFO - Processing file /opt/airflow/dags/csv_to_kafka_with_redis.py for tasks to queue
[2024-12-04T08:53:06.988+0000] {logging_mixin.py:190} INFO - [2024-12-04T08:53:06.988+0000] {dagbag.py:588} INFO - Filling up the DagBag from /opt/airflow/dags/csv_to_kafka_with_redis.py
[2024-12-04T08:53:07.512+0000] {processor.py:927} WARNING - No viable dags retrieved from /opt/airflow/dags/csv_to_kafka_with_redis.py
[2024-12-04T08:53:07.540+0000] {processor.py:208} INFO - Processing /opt/airflow/dags/csv_to_kafka_with_redis.py took 0.562 seconds
[2024-12-04T08:53:38.358+0000] {processor.py:186} INFO - Started process (PID=203) to work on /opt/airflow/dags/csv_to_kafka_with_redis.py
[2024-12-04T08:53:38.359+0000] {processor.py:914} INFO - Processing file /opt/airflow/dags/csv_to_kafka_with_redis.py for tasks to queue
[2024-12-04T08:53:38.361+0000] {logging_mixin.py:190} INFO - [2024-12-04T08:53:38.361+0000] {dagbag.py:588} INFO - Filling up the DagBag from /opt/airflow/dags/csv_to_kafka_with_redis.py
[2024-12-04T08:53:38.920+0000] {processor.py:927} WARNING - No viable dags retrieved from /opt/airflow/dags/csv_to_kafka_with_redis.py
[2024-12-04T08:53:38.948+0000] {processor.py:208} INFO - Processing /opt/airflow/dags/csv_to_kafka_with_redis.py took 0.598 seconds
[2024-12-04T08:54:09.971+0000] {processor.py:186} INFO - Started process (PID=216) to work on /opt/airflow/dags/csv_to_kafka_with_redis.py
[2024-12-04T08:54:09.972+0000] {processor.py:914} INFO - Processing file /opt/airflow/dags/csv_to_kafka_with_redis.py for tasks to queue
[2024-12-04T08:54:09.975+0000] {logging_mixin.py:190} INFO - [2024-12-04T08:54:09.975+0000] {dagbag.py:588} INFO - Filling up the DagBag from /opt/airflow/dags/csv_to_kafka_with_redis.py
[2024-12-04T08:54:10.532+0000] {processor.py:927} WARNING - No viable dags retrieved from /opt/airflow/dags/csv_to_kafka_with_redis.py
[2024-12-04T08:54:10.557+0000] {processor.py:208} INFO - Processing /opt/airflow/dags/csv_to_kafka_with_redis.py took 0.591 seconds
[2024-12-04T08:54:41.205+0000] {processor.py:186} INFO - Started process (PID=229) to work on /opt/airflow/dags/csv_to_kafka_with_redis.py
[2024-12-04T08:54:41.208+0000] {processor.py:914} INFO - Processing file /opt/airflow/dags/csv_to_kafka_with_redis.py for tasks to queue
[2024-12-04T08:54:41.214+0000] {logging_mixin.py:190} INFO - [2024-12-04T08:54:41.214+0000] {dagbag.py:588} INFO - Filling up the DagBag from /opt/airflow/dags/csv_to_kafka_with_redis.py
[2024-12-04T08:54:42.222+0000] {processor.py:927} WARNING - No viable dags retrieved from /opt/airflow/dags/csv_to_kafka_with_redis.py
[2024-12-04T08:54:42.266+0000] {processor.py:208} INFO - Processing /opt/airflow/dags/csv_to_kafka_with_redis.py took 1.070 seconds
[2024-12-04T08:55:13.445+0000] {processor.py:186} INFO - Started process (PID=242) to work on /opt/airflow/dags/csv_to_kafka_with_redis.py
[2024-12-04T08:55:13.447+0000] {processor.py:914} INFO - Processing file /opt/airflow/dags/csv_to_kafka_with_redis.py for tasks to queue
[2024-12-04T08:55:13.452+0000] {logging_mixin.py:190} INFO - [2024-12-04T08:55:13.451+0000] {dagbag.py:588} INFO - Filling up the DagBag from /opt/airflow/dags/csv_to_kafka_with_redis.py
[2024-12-04T08:55:15.326+0000] {processor.py:927} WARNING - No viable dags retrieved from /opt/airflow/dags/csv_to_kafka_with_redis.py
[2024-12-04T08:55:15.386+0000] {processor.py:208} INFO - Processing /opt/airflow/dags/csv_to_kafka_with_redis.py took 1.947 seconds
[2024-12-04T08:55:45.484+0000] {processor.py:186} INFO - Started process (PID=255) to work on /opt/airflow/dags/csv_to_kafka_with_redis.py
[2024-12-04T08:55:45.485+0000] {processor.py:914} INFO - Processing file /opt/airflow/dags/csv_to_kafka_with_redis.py for tasks to queue
[2024-12-04T08:55:45.487+0000] {logging_mixin.py:190} INFO - [2024-12-04T08:55:45.487+0000] {dagbag.py:588} INFO - Filling up the DagBag from /opt/airflow/dags/csv_to_kafka_with_redis.py
[2024-12-04T08:55:46.142+0000] {processor.py:927} WARNING - No viable dags retrieved from /opt/airflow/dags/csv_to_kafka_with_redis.py
[2024-12-04T08:55:46.203+0000] {processor.py:208} INFO - Processing /opt/airflow/dags/csv_to_kafka_with_redis.py took 0.724 seconds
[2024-12-04T08:56:16.434+0000] {processor.py:186} INFO - Started process (PID=268) to work on /opt/airflow/dags/csv_to_kafka_with_redis.py
[2024-12-04T08:56:16.435+0000] {processor.py:914} INFO - Processing file /opt/airflow/dags/csv_to_kafka_with_redis.py for tasks to queue
[2024-12-04T08:56:16.437+0000] {logging_mixin.py:190} INFO - [2024-12-04T08:56:16.437+0000] {dagbag.py:588} INFO - Filling up the DagBag from /opt/airflow/dags/csv_to_kafka_with_redis.py
[2024-12-04T08:56:17.031+0000] {processor.py:927} WARNING - No viable dags retrieved from /opt/airflow/dags/csv_to_kafka_with_redis.py
[2024-12-04T08:56:17.065+0000] {processor.py:208} INFO - Processing /opt/airflow/dags/csv_to_kafka_with_redis.py took 0.637 seconds
[2024-12-04T08:56:47.883+0000] {processor.py:186} INFO - Started process (PID=281) to work on /opt/airflow/dags/csv_to_kafka_with_redis.py
[2024-12-04T08:56:47.884+0000] {processor.py:914} INFO - Processing file /opt/airflow/dags/csv_to_kafka_with_redis.py for tasks to queue
[2024-12-04T08:56:47.887+0000] {logging_mixin.py:190} INFO - [2024-12-04T08:56:47.887+0000] {dagbag.py:588} INFO - Filling up the DagBag from /opt/airflow/dags/csv_to_kafka_with_redis.py
[2024-12-04T08:56:48.424+0000] {processor.py:927} WARNING - No viable dags retrieved from /opt/airflow/dags/csv_to_kafka_with_redis.py
[2024-12-04T08:56:48.450+0000] {processor.py:208} INFO - Processing /opt/airflow/dags/csv_to_kafka_with_redis.py took 0.574 seconds
[2024-12-04T08:57:00.924+0000] {processor.py:186} INFO - Started process (PID=289) to work on /opt/airflow/dags/csv_to_kafka_with_redis.py
[2024-12-04T08:57:00.928+0000] {processor.py:914} INFO - Processing file /opt/airflow/dags/csv_to_kafka_with_redis.py for tasks to queue
[2024-12-04T08:57:00.934+0000] {logging_mixin.py:190} INFO - [2024-12-04T08:57:00.933+0000] {dagbag.py:588} INFO - Filling up the DagBag from /opt/airflow/dags/csv_to_kafka_with_redis.py
[2024-12-04T08:57:01.962+0000] {processor.py:927} WARNING - No viable dags retrieved from /opt/airflow/dags/csv_to_kafka_with_redis.py
[2024-12-04T08:57:01.994+0000] {processor.py:208} INFO - Processing /opt/airflow/dags/csv_to_kafka_with_redis.py took 1.082 seconds
[2024-12-04T08:57:33.216+0000] {processor.py:186} INFO - Started process (PID=302) to work on /opt/airflow/dags/csv_to_kafka_with_redis.py
[2024-12-04T08:57:33.217+0000] {processor.py:914} INFO - Processing file /opt/airflow/dags/csv_to_kafka_with_redis.py for tasks to queue
[2024-12-04T08:57:33.220+0000] {logging_mixin.py:190} INFO - [2024-12-04T08:57:33.220+0000] {dagbag.py:588} INFO - Filling up the DagBag from /opt/airflow/dags/csv_to_kafka_with_redis.py
[2024-12-04T08:57:33.883+0000] {processor.py:927} WARNING - No viable dags retrieved from /opt/airflow/dags/csv_to_kafka_with_redis.py
[2024-12-04T08:57:33.911+0000] {processor.py:208} INFO - Processing /opt/airflow/dags/csv_to_kafka_with_redis.py took 0.702 seconds
[2024-12-04T08:58:04.261+0000] {processor.py:186} INFO - Started process (PID=316) to work on /opt/airflow/dags/csv_to_kafka_with_redis.py
[2024-12-04T08:58:04.263+0000] {processor.py:914} INFO - Processing file /opt/airflow/dags/csv_to_kafka_with_redis.py for tasks to queue
[2024-12-04T08:58:04.266+0000] {logging_mixin.py:190} INFO - [2024-12-04T08:58:04.265+0000] {dagbag.py:588} INFO - Filling up the DagBag from /opt/airflow/dags/csv_to_kafka_with_redis.py
[2024-12-04T08:58:04.880+0000] {processor.py:927} WARNING - No viable dags retrieved from /opt/airflow/dags/csv_to_kafka_with_redis.py
[2024-12-04T08:58:04.906+0000] {processor.py:208} INFO - Processing /opt/airflow/dags/csv_to_kafka_with_redis.py took 0.651 seconds
[2024-12-04T08:58:35.589+0000] {processor.py:186} INFO - Started process (PID=331) to work on /opt/airflow/dags/csv_to_kafka_with_redis.py
[2024-12-04T08:58:35.591+0000] {processor.py:914} INFO - Processing file /opt/airflow/dags/csv_to_kafka_with_redis.py for tasks to queue
[2024-12-04T08:58:35.594+0000] {logging_mixin.py:190} INFO - [2024-12-04T08:58:35.593+0000] {dagbag.py:588} INFO - Filling up the DagBag from /opt/airflow/dags/csv_to_kafka_with_redis.py
[2024-12-04T08:58:36.124+0000] {processor.py:927} WARNING - No viable dags retrieved from /opt/airflow/dags/csv_to_kafka_with_redis.py
[2024-12-04T08:58:36.155+0000] {processor.py:208} INFO - Processing /opt/airflow/dags/csv_to_kafka_with_redis.py took 0.571 seconds
[2024-12-04T08:59:07.699+0000] {processor.py:186} INFO - Started process (PID=344) to work on /opt/airflow/dags/csv_to_kafka_with_redis.py
[2024-12-04T08:59:07.701+0000] {processor.py:914} INFO - Processing file /opt/airflow/dags/csv_to_kafka_with_redis.py for tasks to queue
[2024-12-04T08:59:07.707+0000] {logging_mixin.py:190} INFO - [2024-12-04T08:59:07.705+0000] {dagbag.py:588} INFO - Filling up the DagBag from /opt/airflow/dags/csv_to_kafka_with_redis.py
[2024-12-04T08:59:08.375+0000] {processor.py:927} WARNING - No viable dags retrieved from /opt/airflow/dags/csv_to_kafka_with_redis.py
[2024-12-04T08:59:08.401+0000] {processor.py:208} INFO - Processing /opt/airflow/dags/csv_to_kafka_with_redis.py took 0.709 seconds
[2024-12-04T08:59:41.577+0000] {processor.py:186} INFO - Started process (PID=362) to work on /opt/airflow/dags/csv_to_kafka_with_redis.py
[2024-12-04T08:59:41.581+0000] {processor.py:914} INFO - Processing file /opt/airflow/dags/csv_to_kafka_with_redis.py for tasks to queue
[2024-12-04T08:59:41.589+0000] {logging_mixin.py:190} INFO - [2024-12-04T08:59:41.588+0000] {dagbag.py:588} INFO - Filling up the DagBag from /opt/airflow/dags/csv_to_kafka_with_redis.py
[2024-12-04T08:59:42.478+0000] {processor.py:927} WARNING - No viable dags retrieved from /opt/airflow/dags/csv_to_kafka_with_redis.py
[2024-12-04T08:59:42.521+0000] {processor.py:208} INFO - Processing /opt/airflow/dags/csv_to_kafka_with_redis.py took 0.964 seconds
[2024-12-04T09:00:13.321+0000] {processor.py:186} INFO - Started process (PID=378) to work on /opt/airflow/dags/csv_to_kafka_with_redis.py
[2024-12-04T09:00:13.323+0000] {processor.py:914} INFO - Processing file /opt/airflow/dags/csv_to_kafka_with_redis.py for tasks to queue
[2024-12-04T09:00:13.325+0000] {logging_mixin.py:190} INFO - [2024-12-04T09:00:13.325+0000] {dagbag.py:588} INFO - Filling up the DagBag from /opt/airflow/dags/csv_to_kafka_with_redis.py
[2024-12-04T09:00:13.900+0000] {processor.py:927} WARNING - No viable dags retrieved from /opt/airflow/dags/csv_to_kafka_with_redis.py
[2024-12-04T09:00:13.923+0000] {processor.py:208} INFO - Processing /opt/airflow/dags/csv_to_kafka_with_redis.py took 0.607 seconds
[2024-12-04T09:00:44.240+0000] {processor.py:186} INFO - Started process (PID=393) to work on /opt/airflow/dags/csv_to_kafka_with_redis.py
[2024-12-04T09:00:44.242+0000] {processor.py:914} INFO - Processing file /opt/airflow/dags/csv_to_kafka_with_redis.py for tasks to queue
[2024-12-04T09:00:44.244+0000] {logging_mixin.py:190} INFO - [2024-12-04T09:00:44.244+0000] {dagbag.py:588} INFO - Filling up the DagBag from /opt/airflow/dags/csv_to_kafka_with_redis.py
[2024-12-04T09:00:45.033+0000] {processor.py:927} WARNING - No viable dags retrieved from /opt/airflow/dags/csv_to_kafka_with_redis.py
[2024-12-04T09:00:45.058+0000] {processor.py:208} INFO - Processing /opt/airflow/dags/csv_to_kafka_with_redis.py took 0.825 seconds
[2024-12-04T09:01:15.573+0000] {processor.py:186} INFO - Started process (PID=408) to work on /opt/airflow/dags/csv_to_kafka_with_redis.py
[2024-12-04T09:01:15.575+0000] {processor.py:914} INFO - Processing file /opt/airflow/dags/csv_to_kafka_with_redis.py for tasks to queue
[2024-12-04T09:01:15.577+0000] {logging_mixin.py:190} INFO - [2024-12-04T09:01:15.576+0000] {dagbag.py:588} INFO - Filling up the DagBag from /opt/airflow/dags/csv_to_kafka_with_redis.py
[2024-12-04T09:01:16.096+0000] {processor.py:927} WARNING - No viable dags retrieved from /opt/airflow/dags/csv_to_kafka_with_redis.py
[2024-12-04T09:01:16.118+0000] {processor.py:208} INFO - Processing /opt/airflow/dags/csv_to_kafka_with_redis.py took 0.550 seconds
[2024-12-04T09:01:46.784+0000] {processor.py:186} INFO - Started process (PID=421) to work on /opt/airflow/dags/csv_to_kafka_with_redis.py
[2024-12-04T09:01:46.785+0000] {processor.py:914} INFO - Processing file /opt/airflow/dags/csv_to_kafka_with_redis.py for tasks to queue
[2024-12-04T09:01:46.787+0000] {logging_mixin.py:190} INFO - [2024-12-04T09:01:46.787+0000] {dagbag.py:588} INFO - Filling up the DagBag from /opt/airflow/dags/csv_to_kafka_with_redis.py
[2024-12-04T09:01:47.402+0000] {processor.py:927} WARNING - No viable dags retrieved from /opt/airflow/dags/csv_to_kafka_with_redis.py
[2024-12-04T09:01:47.427+0000] {processor.py:208} INFO - Processing /opt/airflow/dags/csv_to_kafka_with_redis.py took 0.650 seconds
[2024-12-04T09:02:19.876+0000] {processor.py:186} INFO - Started process (PID=434) to work on /opt/airflow/dags/csv_to_kafka_with_redis.py
[2024-12-04T09:02:19.877+0000] {processor.py:914} INFO - Processing file /opt/airflow/dags/csv_to_kafka_with_redis.py for tasks to queue
[2024-12-04T09:02:19.879+0000] {logging_mixin.py:190} INFO - [2024-12-04T09:02:19.879+0000] {dagbag.py:588} INFO - Filling up the DagBag from /opt/airflow/dags/csv_to_kafka_with_redis.py
[2024-12-04T09:02:20.426+0000] {processor.py:927} WARNING - No viable dags retrieved from /opt/airflow/dags/csv_to_kafka_with_redis.py
[2024-12-04T09:02:20.454+0000] {processor.py:208} INFO - Processing /opt/airflow/dags/csv_to_kafka_with_redis.py took 0.584 seconds
[2024-12-04T09:02:51.575+0000] {processor.py:186} INFO - Started process (PID=451) to work on /opt/airflow/dags/csv_to_kafka_with_redis.py
[2024-12-04T09:02:51.578+0000] {processor.py:914} INFO - Processing file /opt/airflow/dags/csv_to_kafka_with_redis.py for tasks to queue
[2024-12-04T09:02:51.581+0000] {logging_mixin.py:190} INFO - [2024-12-04T09:02:51.581+0000] {dagbag.py:588} INFO - Filling up the DagBag from /opt/airflow/dags/csv_to_kafka_with_redis.py
[2024-12-04T09:02:52.453+0000] {processor.py:927} WARNING - No viable dags retrieved from /opt/airflow/dags/csv_to_kafka_with_redis.py
[2024-12-04T09:02:52.489+0000] {processor.py:208} INFO - Processing /opt/airflow/dags/csv_to_kafka_with_redis.py took 0.921 seconds
[2024-12-04T09:03:25.027+0000] {processor.py:186} INFO - Started process (PID=464) to work on /opt/airflow/dags/csv_to_kafka_with_redis.py
[2024-12-04T09:03:25.029+0000] {processor.py:914} INFO - Processing file /opt/airflow/dags/csv_to_kafka_with_redis.py for tasks to queue
[2024-12-04T09:03:25.031+0000] {logging_mixin.py:190} INFO - [2024-12-04T09:03:25.030+0000] {dagbag.py:588} INFO - Filling up the DagBag from /opt/airflow/dags/csv_to_kafka_with_redis.py
[2024-12-04T09:03:25.769+0000] {processor.py:927} WARNING - No viable dags retrieved from /opt/airflow/dags/csv_to_kafka_with_redis.py
[2024-12-04T09:03:25.805+0000] {processor.py:208} INFO - Processing /opt/airflow/dags/csv_to_kafka_with_redis.py took 0.786 seconds
[2024-12-04T09:03:57.105+0000] {processor.py:186} INFO - Started process (PID=477) to work on /opt/airflow/dags/csv_to_kafka_with_redis.py
[2024-12-04T09:03:57.107+0000] {processor.py:914} INFO - Processing file /opt/airflow/dags/csv_to_kafka_with_redis.py for tasks to queue
[2024-12-04T09:03:57.109+0000] {logging_mixin.py:190} INFO - [2024-12-04T09:03:57.108+0000] {dagbag.py:588} INFO - Filling up the DagBag from /opt/airflow/dags/csv_to_kafka_with_redis.py
[2024-12-04T09:03:57.635+0000] {processor.py:927} WARNING - No viable dags retrieved from /opt/airflow/dags/csv_to_kafka_with_redis.py
[2024-12-04T09:03:57.665+0000] {processor.py:208} INFO - Processing /opt/airflow/dags/csv_to_kafka_with_redis.py took 0.565 seconds
[2024-12-04T09:04:28.004+0000] {processor.py:186} INFO - Started process (PID=490) to work on /opt/airflow/dags/csv_to_kafka_with_redis.py
[2024-12-04T09:04:28.008+0000] {processor.py:914} INFO - Processing file /opt/airflow/dags/csv_to_kafka_with_redis.py for tasks to queue
[2024-12-04T09:04:28.015+0000] {logging_mixin.py:190} INFO - [2024-12-04T09:04:28.015+0000] {dagbag.py:588} INFO - Filling up the DagBag from /opt/airflow/dags/csv_to_kafka_with_redis.py
[2024-12-04T09:04:28.584+0000] {processor.py:927} WARNING - No viable dags retrieved from /opt/airflow/dags/csv_to_kafka_with_redis.py
[2024-12-04T09:04:28.607+0000] {processor.py:208} INFO - Processing /opt/airflow/dags/csv_to_kafka_with_redis.py took 0.611 seconds
[2024-12-04T09:05:01.373+0000] {processor.py:186} INFO - Started process (PID=505) to work on /opt/airflow/dags/csv_to_kafka_with_redis.py
[2024-12-04T09:05:01.375+0000] {processor.py:914} INFO - Processing file /opt/airflow/dags/csv_to_kafka_with_redis.py for tasks to queue
[2024-12-04T09:05:01.377+0000] {logging_mixin.py:190} INFO - [2024-12-04T09:05:01.376+0000] {dagbag.py:588} INFO - Filling up the DagBag from /opt/airflow/dags/csv_to_kafka_with_redis.py
[2024-12-04T09:05:01.948+0000] {processor.py:927} WARNING - No viable dags retrieved from /opt/airflow/dags/csv_to_kafka_with_redis.py
[2024-12-04T09:05:01.983+0000] {processor.py:208} INFO - Processing /opt/airflow/dags/csv_to_kafka_with_redis.py took 0.616 seconds
[2024-12-04T09:05:34.421+0000] {processor.py:186} INFO - Started process (PID=524) to work on /opt/airflow/dags/csv_to_kafka_with_redis.py
[2024-12-04T09:05:34.422+0000] {processor.py:914} INFO - Processing file /opt/airflow/dags/csv_to_kafka_with_redis.py for tasks to queue
[2024-12-04T09:05:34.425+0000] {logging_mixin.py:190} INFO - [2024-12-04T09:05:34.424+0000] {dagbag.py:588} INFO - Filling up the DagBag from /opt/airflow/dags/csv_to_kafka_with_redis.py
[2024-12-04T09:05:34.918+0000] {processor.py:927} WARNING - No viable dags retrieved from /opt/airflow/dags/csv_to_kafka_with_redis.py
[2024-12-04T09:05:34.952+0000] {processor.py:208} INFO - Processing /opt/airflow/dags/csv_to_kafka_with_redis.py took 0.536 seconds
[2024-12-04T09:06:05.812+0000] {processor.py:186} INFO - Started process (PID=537) to work on /opt/airflow/dags/csv_to_kafka_with_redis.py
[2024-12-04T09:06:05.813+0000] {processor.py:914} INFO - Processing file /opt/airflow/dags/csv_to_kafka_with_redis.py for tasks to queue
[2024-12-04T09:06:05.817+0000] {logging_mixin.py:190} INFO - [2024-12-04T09:06:05.815+0000] {dagbag.py:588} INFO - Filling up the DagBag from /opt/airflow/dags/csv_to_kafka_with_redis.py
[2024-12-04T09:06:06.623+0000] {processor.py:927} WARNING - No viable dags retrieved from /opt/airflow/dags/csv_to_kafka_with_redis.py
[2024-12-04T09:06:06.695+0000] {processor.py:208} INFO - Processing /opt/airflow/dags/csv_to_kafka_with_redis.py took 0.889 seconds
[2024-12-04T09:06:37.088+0000] {processor.py:186} INFO - Started process (PID=550) to work on /opt/airflow/dags/csv_to_kafka_with_redis.py
[2024-12-04T09:06:37.091+0000] {processor.py:914} INFO - Processing file /opt/airflow/dags/csv_to_kafka_with_redis.py for tasks to queue
[2024-12-04T09:06:37.095+0000] {logging_mixin.py:190} INFO - [2024-12-04T09:06:37.094+0000] {dagbag.py:588} INFO - Filling up the DagBag from /opt/airflow/dags/csv_to_kafka_with_redis.py
[2024-12-04T09:06:37.523+0000] {processor.py:927} WARNING - No viable dags retrieved from /opt/airflow/dags/csv_to_kafka_with_redis.py
[2024-12-04T09:06:37.551+0000] {processor.py:208} INFO - Processing /opt/airflow/dags/csv_to_kafka_with_redis.py took 0.474 seconds
[2024-12-04T09:07:08.779+0000] {processor.py:186} INFO - Started process (PID=563) to work on /opt/airflow/dags/csv_to_kafka_with_redis.py
[2024-12-04T09:07:08.783+0000] {processor.py:914} INFO - Processing file /opt/airflow/dags/csv_to_kafka_with_redis.py for tasks to queue
[2024-12-04T09:07:08.786+0000] {logging_mixin.py:190} INFO - [2024-12-04T09:07:08.786+0000] {dagbag.py:588} INFO - Filling up the DagBag from /opt/airflow/dags/csv_to_kafka_with_redis.py
[2024-12-04T09:07:09.430+0000] {processor.py:927} WARNING - No viable dags retrieved from /opt/airflow/dags/csv_to_kafka_with_redis.py
[2024-12-04T09:07:09.454+0000] {processor.py:208} INFO - Processing /opt/airflow/dags/csv_to_kafka_with_redis.py took 0.691 seconds
[2024-12-04T09:07:40.529+0000] {processor.py:186} INFO - Started process (PID=576) to work on /opt/airflow/dags/csv_to_kafka_with_redis.py
[2024-12-04T09:07:40.532+0000] {processor.py:914} INFO - Processing file /opt/airflow/dags/csv_to_kafka_with_redis.py for tasks to queue
[2024-12-04T09:07:40.536+0000] {logging_mixin.py:190} INFO - [2024-12-04T09:07:40.535+0000] {dagbag.py:588} INFO - Filling up the DagBag from /opt/airflow/dags/csv_to_kafka_with_redis.py
[2024-12-04T09:07:41.203+0000] {processor.py:927} WARNING - No viable dags retrieved from /opt/airflow/dags/csv_to_kafka_with_redis.py
[2024-12-04T09:07:41.235+0000] {processor.py:208} INFO - Processing /opt/airflow/dags/csv_to_kafka_with_redis.py took 0.715 seconds
[2024-12-04T09:08:11.886+0000] {processor.py:186} INFO - Started process (PID=589) to work on /opt/airflow/dags/csv_to_kafka_with_redis.py
[2024-12-04T09:08:11.887+0000] {processor.py:914} INFO - Processing file /opt/airflow/dags/csv_to_kafka_with_redis.py for tasks to queue
[2024-12-04T09:08:11.889+0000] {logging_mixin.py:190} INFO - [2024-12-04T09:08:11.889+0000] {dagbag.py:588} INFO - Filling up the DagBag from /opt/airflow/dags/csv_to_kafka_with_redis.py
[2024-12-04T09:08:12.285+0000] {processor.py:927} WARNING - No viable dags retrieved from /opt/airflow/dags/csv_to_kafka_with_redis.py
[2024-12-04T09:08:12.310+0000] {processor.py:208} INFO - Processing /opt/airflow/dags/csv_to_kafka_with_redis.py took 0.431 seconds
[2024-12-04T09:08:43.250+0000] {processor.py:186} INFO - Started process (PID=602) to work on /opt/airflow/dags/csv_to_kafka_with_redis.py
[2024-12-04T09:08:43.252+0000] {processor.py:914} INFO - Processing file /opt/airflow/dags/csv_to_kafka_with_redis.py for tasks to queue
[2024-12-04T09:08:43.253+0000] {logging_mixin.py:190} INFO - [2024-12-04T09:08:43.253+0000] {dagbag.py:588} INFO - Filling up the DagBag from /opt/airflow/dags/csv_to_kafka_with_redis.py
[2024-12-04T09:08:43.743+0000] {processor.py:927} WARNING - No viable dags retrieved from /opt/airflow/dags/csv_to_kafka_with_redis.py
[2024-12-04T09:08:43.789+0000] {processor.py:208} INFO - Processing /opt/airflow/dags/csv_to_kafka_with_redis.py took 0.547 seconds
[2024-12-04T09:09:15.709+0000] {processor.py:186} INFO - Started process (PID=619) to work on /opt/airflow/dags/csv_to_kafka_with_redis.py
[2024-12-04T09:09:15.711+0000] {processor.py:914} INFO - Processing file /opt/airflow/dags/csv_to_kafka_with_redis.py for tasks to queue
[2024-12-04T09:09:15.715+0000] {logging_mixin.py:190} INFO - [2024-12-04T09:09:15.715+0000] {dagbag.py:588} INFO - Filling up the DagBag from /opt/airflow/dags/csv_to_kafka_with_redis.py
[2024-12-04T09:09:16.337+0000] {processor.py:927} WARNING - No viable dags retrieved from /opt/airflow/dags/csv_to_kafka_with_redis.py
[2024-12-04T09:09:16.376+0000] {processor.py:208} INFO - Processing /opt/airflow/dags/csv_to_kafka_with_redis.py took 0.675 seconds
[2024-12-04T09:09:47.591+0000] {processor.py:186} INFO - Started process (PID=632) to work on /opt/airflow/dags/csv_to_kafka_with_redis.py
[2024-12-04T09:09:47.593+0000] {processor.py:914} INFO - Processing file /opt/airflow/dags/csv_to_kafka_with_redis.py for tasks to queue
[2024-12-04T09:09:47.595+0000] {logging_mixin.py:190} INFO - [2024-12-04T09:09:47.594+0000] {dagbag.py:588} INFO - Filling up the DagBag from /opt/airflow/dags/csv_to_kafka_with_redis.py
[2024-12-04T09:09:47.986+0000] {processor.py:927} WARNING - No viable dags retrieved from /opt/airflow/dags/csv_to_kafka_with_redis.py
[2024-12-04T09:09:48.017+0000] {processor.py:208} INFO - Processing /opt/airflow/dags/csv_to_kafka_with_redis.py took 0.432 seconds
[2024-12-04T09:10:18.461+0000] {processor.py:186} INFO - Started process (PID=645) to work on /opt/airflow/dags/csv_to_kafka_with_redis.py
[2024-12-04T09:10:18.462+0000] {processor.py:914} INFO - Processing file /opt/airflow/dags/csv_to_kafka_with_redis.py for tasks to queue
[2024-12-04T09:10:18.463+0000] {logging_mixin.py:190} INFO - [2024-12-04T09:10:18.463+0000] {dagbag.py:588} INFO - Filling up the DagBag from /opt/airflow/dags/csv_to_kafka_with_redis.py
[2024-12-04T09:10:18.781+0000] {processor.py:927} WARNING - No viable dags retrieved from /opt/airflow/dags/csv_to_kafka_with_redis.py
[2024-12-04T09:10:18.803+0000] {processor.py:208} INFO - Processing /opt/airflow/dags/csv_to_kafka_with_redis.py took 0.347 seconds
[2024-12-04T09:10:49.170+0000] {processor.py:186} INFO - Started process (PID=658) to work on /opt/airflow/dags/csv_to_kafka_with_redis.py
[2024-12-04T09:10:49.171+0000] {processor.py:914} INFO - Processing file /opt/airflow/dags/csv_to_kafka_with_redis.py for tasks to queue
[2024-12-04T09:10:49.173+0000] {logging_mixin.py:190} INFO - [2024-12-04T09:10:49.172+0000] {dagbag.py:588} INFO - Filling up the DagBag from /opt/airflow/dags/csv_to_kafka_with_redis.py
[2024-12-04T09:10:49.619+0000] {processor.py:927} WARNING - No viable dags retrieved from /opt/airflow/dags/csv_to_kafka_with_redis.py
[2024-12-04T09:10:49.654+0000] {processor.py:208} INFO - Processing /opt/airflow/dags/csv_to_kafka_with_redis.py took 0.491 seconds
[2024-12-04T09:11:20.457+0000] {processor.py:186} INFO - Started process (PID=671) to work on /opt/airflow/dags/csv_to_kafka_with_redis.py
[2024-12-04T09:11:20.459+0000] {processor.py:914} INFO - Processing file /opt/airflow/dags/csv_to_kafka_with_redis.py for tasks to queue
[2024-12-04T09:11:20.462+0000] {logging_mixin.py:190} INFO - [2024-12-04T09:11:20.462+0000] {dagbag.py:588} INFO - Filling up the DagBag from /opt/airflow/dags/csv_to_kafka_with_redis.py
[2024-12-04T09:11:21.152+0000] {processor.py:927} WARNING - No viable dags retrieved from /opt/airflow/dags/csv_to_kafka_with_redis.py
[2024-12-04T09:11:21.179+0000] {processor.py:208} INFO - Processing /opt/airflow/dags/csv_to_kafka_with_redis.py took 0.733 seconds
[2024-12-04T09:12:43.717+0000] {processor.py:186} INFO - Started process (PID=703) to work on /opt/airflow/dags/csv_to_kafka_with_redis.py
[2024-12-04T09:12:43.719+0000] {processor.py:914} INFO - Processing file /opt/airflow/dags/csv_to_kafka_with_redis.py for tasks to queue
[2024-12-04T09:12:43.721+0000] {logging_mixin.py:190} INFO - [2024-12-04T09:12:43.721+0000] {dagbag.py:588} INFO - Filling up the DagBag from /opt/airflow/dags/csv_to_kafka_with_redis.py
[2024-12-04T09:12:44.187+0000] {processor.py:927} WARNING - No viable dags retrieved from /opt/airflow/dags/csv_to_kafka_with_redis.py
[2024-12-04T09:12:44.219+0000] {processor.py:208} INFO - Processing /opt/airflow/dags/csv_to_kafka_with_redis.py took 0.511 seconds
[2024-12-04T09:13:14.531+0000] {processor.py:186} INFO - Started process (PID=716) to work on /opt/airflow/dags/csv_to_kafka_with_redis.py
[2024-12-04T09:13:14.532+0000] {processor.py:914} INFO - Processing file /opt/airflow/dags/csv_to_kafka_with_redis.py for tasks to queue
[2024-12-04T09:13:14.534+0000] {logging_mixin.py:190} INFO - [2024-12-04T09:13:14.534+0000] {dagbag.py:588} INFO - Filling up the DagBag from /opt/airflow/dags/csv_to_kafka_with_redis.py
[2024-12-04T09:13:15.016+0000] {processor.py:927} WARNING - No viable dags retrieved from /opt/airflow/dags/csv_to_kafka_with_redis.py
[2024-12-04T09:13:15.049+0000] {processor.py:208} INFO - Processing /opt/airflow/dags/csv_to_kafka_with_redis.py took 0.524 seconds
[2024-12-04T09:13:46.368+0000] {processor.py:186} INFO - Started process (PID=729) to work on /opt/airflow/dags/csv_to_kafka_with_redis.py
[2024-12-04T09:13:46.370+0000] {processor.py:914} INFO - Processing file /opt/airflow/dags/csv_to_kafka_with_redis.py for tasks to queue
[2024-12-04T09:13:46.371+0000] {logging_mixin.py:190} INFO - [2024-12-04T09:13:46.371+0000] {dagbag.py:588} INFO - Filling up the DagBag from /opt/airflow/dags/csv_to_kafka_with_redis.py
[2024-12-04T09:13:46.780+0000] {processor.py:927} WARNING - No viable dags retrieved from /opt/airflow/dags/csv_to_kafka_with_redis.py
[2024-12-04T09:13:46.805+0000] {processor.py:208} INFO - Processing /opt/airflow/dags/csv_to_kafka_with_redis.py took 0.443 seconds
[2024-12-04T09:14:17.125+0000] {processor.py:186} INFO - Started process (PID=742) to work on /opt/airflow/dags/csv_to_kafka_with_redis.py
[2024-12-04T09:14:17.127+0000] {processor.py:914} INFO - Processing file /opt/airflow/dags/csv_to_kafka_with_redis.py for tasks to queue
[2024-12-04T09:14:17.129+0000] {logging_mixin.py:190} INFO - [2024-12-04T09:14:17.129+0000] {dagbag.py:588} INFO - Filling up the DagBag from /opt/airflow/dags/csv_to_kafka_with_redis.py
[2024-12-04T09:14:17.650+0000] {processor.py:927} WARNING - No viable dags retrieved from /opt/airflow/dags/csv_to_kafka_with_redis.py
[2024-12-04T09:14:17.687+0000] {processor.py:208} INFO - Processing /opt/airflow/dags/csv_to_kafka_with_redis.py took 0.569 seconds
[2024-12-04T09:15:39.391+0000] {processor.py:186} INFO - Started process (PID=779) to work on /opt/airflow/dags/csv_to_kafka_with_redis.py
[2024-12-04T09:15:39.392+0000] {processor.py:914} INFO - Processing file /opt/airflow/dags/csv_to_kafka_with_redis.py for tasks to queue
[2024-12-04T09:15:39.395+0000] {logging_mixin.py:190} INFO - [2024-12-04T09:15:39.394+0000] {dagbag.py:588} INFO - Filling up the DagBag from /opt/airflow/dags/csv_to_kafka_with_redis.py
[2024-12-04T09:15:39.850+0000] {processor.py:927} WARNING - No viable dags retrieved from /opt/airflow/dags/csv_to_kafka_with_redis.py
[2024-12-04T09:15:39.876+0000] {processor.py:208} INFO - Processing /opt/airflow/dags/csv_to_kafka_with_redis.py took 0.491 seconds
[2024-12-04T09:16:10.532+0000] {processor.py:186} INFO - Started process (PID=792) to work on /opt/airflow/dags/csv_to_kafka_with_redis.py
[2024-12-04T09:16:10.533+0000] {processor.py:914} INFO - Processing file /opt/airflow/dags/csv_to_kafka_with_redis.py for tasks to queue
[2024-12-04T09:16:10.536+0000] {logging_mixin.py:190} INFO - [2024-12-04T09:16:10.535+0000] {dagbag.py:588} INFO - Filling up the DagBag from /opt/airflow/dags/csv_to_kafka_with_redis.py
[2024-12-04T09:16:11.285+0000] {processor.py:927} WARNING - No viable dags retrieved from /opt/airflow/dags/csv_to_kafka_with_redis.py
[2024-12-04T09:16:11.383+0000] {processor.py:208} INFO - Processing /opt/airflow/dags/csv_to_kafka_with_redis.py took 0.860 seconds
[2024-12-04T09:16:42.026+0000] {processor.py:186} INFO - Started process (PID=805) to work on /opt/airflow/dags/csv_to_kafka_with_redis.py
[2024-12-04T09:16:42.028+0000] {processor.py:914} INFO - Processing file /opt/airflow/dags/csv_to_kafka_with_redis.py for tasks to queue
[2024-12-04T09:16:42.030+0000] {logging_mixin.py:190} INFO - [2024-12-04T09:16:42.029+0000] {dagbag.py:588} INFO - Filling up the DagBag from /opt/airflow/dags/csv_to_kafka_with_redis.py
[2024-12-04T09:16:42.538+0000] {processor.py:927} WARNING - No viable dags retrieved from /opt/airflow/dags/csv_to_kafka_with_redis.py
[2024-12-04T09:16:42.567+0000] {processor.py:208} INFO - Processing /opt/airflow/dags/csv_to_kafka_with_redis.py took 0.547 seconds
[2024-12-04T09:17:12.921+0000] {processor.py:186} INFO - Started process (PID=818) to work on /opt/airflow/dags/csv_to_kafka_with_redis.py
[2024-12-04T09:17:12.922+0000] {processor.py:914} INFO - Processing file /opt/airflow/dags/csv_to_kafka_with_redis.py for tasks to queue
[2024-12-04T09:17:12.925+0000] {logging_mixin.py:190} INFO - [2024-12-04T09:17:12.924+0000] {dagbag.py:588} INFO - Filling up the DagBag from /opt/airflow/dags/csv_to_kafka_with_redis.py
[2024-12-04T09:17:13.330+0000] {processor.py:927} WARNING - No viable dags retrieved from /opt/airflow/dags/csv_to_kafka_with_redis.py
[2024-12-04T09:17:13.356+0000] {processor.py:208} INFO - Processing /opt/airflow/dags/csv_to_kafka_with_redis.py took 0.443 seconds
[2024-12-04T09:17:44.413+0000] {processor.py:186} INFO - Started process (PID=831) to work on /opt/airflow/dags/csv_to_kafka_with_redis.py
[2024-12-04T09:17:44.415+0000] {processor.py:914} INFO - Processing file /opt/airflow/dags/csv_to_kafka_with_redis.py for tasks to queue
[2024-12-04T09:17:44.417+0000] {logging_mixin.py:190} INFO - [2024-12-04T09:17:44.416+0000] {dagbag.py:588} INFO - Filling up the DagBag from /opt/airflow/dags/csv_to_kafka_with_redis.py
[2024-12-04T09:17:44.806+0000] {processor.py:927} WARNING - No viable dags retrieved from /opt/airflow/dags/csv_to_kafka_with_redis.py
[2024-12-04T09:17:44.842+0000] {processor.py:208} INFO - Processing /opt/airflow/dags/csv_to_kafka_with_redis.py took 0.434 seconds
[2024-12-04T09:44:59.979+0000] {processor.py:186} INFO - Started process (PID=836) to work on /opt/airflow/dags/csv_to_kafka_with_redis.py
[2024-12-04T09:44:59.994+0000] {processor.py:914} INFO - Processing file /opt/airflow/dags/csv_to_kafka_with_redis.py for tasks to queue
[2024-12-04T09:44:59.999+0000] {logging_mixin.py:190} INFO - [2024-12-04T09:44:59.998+0000] {dagbag.py:588} INFO - Filling up the DagBag from /opt/airflow/dags/csv_to_kafka_with_redis.py
[2024-12-04T09:45:03.712+0000] {processor.py:927} WARNING - No viable dags retrieved from /opt/airflow/dags/csv_to_kafka_with_redis.py
[2024-12-04T09:45:03.812+0000] {processor.py:208} INFO - Processing /opt/airflow/dags/csv_to_kafka_with_redis.py took 3.886 seconds
[2024-12-04T09:45:34.118+0000] {processor.py:186} INFO - Started process (PID=850) to work on /opt/airflow/dags/csv_to_kafka_with_redis.py
[2024-12-04T09:45:34.119+0000] {processor.py:914} INFO - Processing file /opt/airflow/dags/csv_to_kafka_with_redis.py for tasks to queue
[2024-12-04T09:45:34.122+0000] {logging_mixin.py:190} INFO - [2024-12-04T09:45:34.121+0000] {dagbag.py:588} INFO - Filling up the DagBag from /opt/airflow/dags/csv_to_kafka_with_redis.py
[2024-12-04T09:45:34.531+0000] {processor.py:927} WARNING - No viable dags retrieved from /opt/airflow/dags/csv_to_kafka_with_redis.py
[2024-12-04T09:45:34.561+0000] {processor.py:208} INFO - Processing /opt/airflow/dags/csv_to_kafka_with_redis.py took 0.450 seconds
[2024-12-04T09:46:04.797+0000] {processor.py:186} INFO - Started process (PID=863) to work on /opt/airflow/dags/csv_to_kafka_with_redis.py
[2024-12-04T09:46:04.800+0000] {processor.py:914} INFO - Processing file /opt/airflow/dags/csv_to_kafka_with_redis.py for tasks to queue
[2024-12-04T09:46:04.802+0000] {logging_mixin.py:190} INFO - [2024-12-04T09:46:04.802+0000] {dagbag.py:588} INFO - Filling up the DagBag from /opt/airflow/dags/csv_to_kafka_with_redis.py
[2024-12-04T09:46:05.442+0000] {processor.py:927} WARNING - No viable dags retrieved from /opt/airflow/dags/csv_to_kafka_with_redis.py
[2024-12-04T09:46:05.472+0000] {processor.py:208} INFO - Processing /opt/airflow/dags/csv_to_kafka_with_redis.py took 0.683 seconds
[2024-12-04T09:46:35.750+0000] {processor.py:186} INFO - Started process (PID=876) to work on /opt/airflow/dags/csv_to_kafka_with_redis.py
[2024-12-04T09:46:35.752+0000] {processor.py:914} INFO - Processing file /opt/airflow/dags/csv_to_kafka_with_redis.py for tasks to queue
[2024-12-04T09:46:35.754+0000] {logging_mixin.py:190} INFO - [2024-12-04T09:46:35.754+0000] {dagbag.py:588} INFO - Filling up the DagBag from /opt/airflow/dags/csv_to_kafka_with_redis.py
[2024-12-04T09:46:36.214+0000] {processor.py:927} WARNING - No viable dags retrieved from /opt/airflow/dags/csv_to_kafka_with_redis.py
[2024-12-04T09:46:36.240+0000] {processor.py:208} INFO - Processing /opt/airflow/dags/csv_to_kafka_with_redis.py took 0.495 seconds
[2024-12-04T09:47:06.401+0000] {processor.py:186} INFO - Started process (PID=889) to work on /opt/airflow/dags/csv_to_kafka_with_redis.py
[2024-12-04T09:47:06.402+0000] {processor.py:914} INFO - Processing file /opt/airflow/dags/csv_to_kafka_with_redis.py for tasks to queue
[2024-12-04T09:47:06.405+0000] {logging_mixin.py:190} INFO - [2024-12-04T09:47:06.404+0000] {dagbag.py:588} INFO - Filling up the DagBag from /opt/airflow/dags/csv_to_kafka_with_redis.py
[2024-12-04T09:47:06.798+0000] {processor.py:927} WARNING - No viable dags retrieved from /opt/airflow/dags/csv_to_kafka_with_redis.py
[2024-12-04T09:47:06.826+0000] {processor.py:208} INFO - Processing /opt/airflow/dags/csv_to_kafka_with_redis.py took 0.430 seconds
[2024-12-04T09:47:37.144+0000] {processor.py:186} INFO - Started process (PID=902) to work on /opt/airflow/dags/csv_to_kafka_with_redis.py
[2024-12-04T09:47:37.146+0000] {processor.py:914} INFO - Processing file /opt/airflow/dags/csv_to_kafka_with_redis.py for tasks to queue
[2024-12-04T09:47:37.149+0000] {logging_mixin.py:190} INFO - [2024-12-04T09:47:37.148+0000] {dagbag.py:588} INFO - Filling up the DagBag from /opt/airflow/dags/csv_to_kafka_with_redis.py
[2024-12-04T09:47:37.675+0000] {processor.py:927} WARNING - No viable dags retrieved from /opt/airflow/dags/csv_to_kafka_with_redis.py
[2024-12-04T09:47:37.711+0000] {processor.py:208} INFO - Processing /opt/airflow/dags/csv_to_kafka_with_redis.py took 0.574 seconds
[2024-12-04T09:48:08.655+0000] {processor.py:186} INFO - Started process (PID=915) to work on /opt/airflow/dags/csv_to_kafka_with_redis.py
[2024-12-04T09:48:08.656+0000] {processor.py:914} INFO - Processing file /opt/airflow/dags/csv_to_kafka_with_redis.py for tasks to queue
[2024-12-04T09:48:08.659+0000] {logging_mixin.py:190} INFO - [2024-12-04T09:48:08.658+0000] {dagbag.py:588} INFO - Filling up the DagBag from /opt/airflow/dags/csv_to_kafka_with_redis.py
[2024-12-04T09:48:09.069+0000] {processor.py:927} WARNING - No viable dags retrieved from /opt/airflow/dags/csv_to_kafka_with_redis.py
[2024-12-04T09:48:09.100+0000] {processor.py:208} INFO - Processing /opt/airflow/dags/csv_to_kafka_with_redis.py took 0.451 seconds
[2024-12-04T09:48:40.160+0000] {processor.py:186} INFO - Started process (PID=928) to work on /opt/airflow/dags/csv_to_kafka_with_redis.py
[2024-12-04T09:48:40.161+0000] {processor.py:914} INFO - Processing file /opt/airflow/dags/csv_to_kafka_with_redis.py for tasks to queue
[2024-12-04T09:48:40.164+0000] {logging_mixin.py:190} INFO - [2024-12-04T09:48:40.163+0000] {dagbag.py:588} INFO - Filling up the DagBag from /opt/airflow/dags/csv_to_kafka_with_redis.py
[2024-12-04T09:48:40.579+0000] {processor.py:927} WARNING - No viable dags retrieved from /opt/airflow/dags/csv_to_kafka_with_redis.py
[2024-12-04T09:48:40.609+0000] {processor.py:208} INFO - Processing /opt/airflow/dags/csv_to_kafka_with_redis.py took 0.455 seconds
[2024-12-04T09:49:11.586+0000] {processor.py:186} INFO - Started process (PID=941) to work on /opt/airflow/dags/csv_to_kafka_with_redis.py
[2024-12-04T09:49:11.587+0000] {processor.py:914} INFO - Processing file /opt/airflow/dags/csv_to_kafka_with_redis.py for tasks to queue
[2024-12-04T09:49:11.589+0000] {logging_mixin.py:190} INFO - [2024-12-04T09:49:11.589+0000] {dagbag.py:588} INFO - Filling up the DagBag from /opt/airflow/dags/csv_to_kafka_with_redis.py
[2024-12-04T09:49:12.010+0000] {processor.py:927} WARNING - No viable dags retrieved from /opt/airflow/dags/csv_to_kafka_with_redis.py
[2024-12-04T09:49:12.041+0000] {processor.py:208} INFO - Processing /opt/airflow/dags/csv_to_kafka_with_redis.py took 0.461 seconds
[2024-12-04T09:49:42.932+0000] {processor.py:186} INFO - Started process (PID=954) to work on /opt/airflow/dags/csv_to_kafka_with_redis.py
[2024-12-04T09:49:42.934+0000] {processor.py:914} INFO - Processing file /opt/airflow/dags/csv_to_kafka_with_redis.py for tasks to queue
[2024-12-04T09:49:42.936+0000] {logging_mixin.py:190} INFO - [2024-12-04T09:49:42.935+0000] {dagbag.py:588} INFO - Filling up the DagBag from /opt/airflow/dags/csv_to_kafka_with_redis.py
[2024-12-04T09:49:43.390+0000] {processor.py:927} WARNING - No viable dags retrieved from /opt/airflow/dags/csv_to_kafka_with_redis.py
[2024-12-04T09:49:43.416+0000] {processor.py:208} INFO - Processing /opt/airflow/dags/csv_to_kafka_with_redis.py took 0.490 seconds
[2024-12-04T09:50:14.750+0000] {processor.py:186} INFO - Started process (PID=967) to work on /opt/airflow/dags/csv_to_kafka_with_redis.py
[2024-12-04T09:50:14.752+0000] {processor.py:914} INFO - Processing file /opt/airflow/dags/csv_to_kafka_with_redis.py for tasks to queue
[2024-12-04T09:50:14.755+0000] {logging_mixin.py:190} INFO - [2024-12-04T09:50:14.754+0000] {dagbag.py:588} INFO - Filling up the DagBag from /opt/airflow/dags/csv_to_kafka_with_redis.py
[2024-12-04T09:50:15.322+0000] {processor.py:927} WARNING - No viable dags retrieved from /opt/airflow/dags/csv_to_kafka_with_redis.py
[2024-12-04T09:50:15.352+0000] {processor.py:208} INFO - Processing /opt/airflow/dags/csv_to_kafka_with_redis.py took 0.610 seconds
[2024-12-04T09:50:46.643+0000] {processor.py:186} INFO - Started process (PID=980) to work on /opt/airflow/dags/csv_to_kafka_with_redis.py
[2024-12-04T09:50:46.644+0000] {processor.py:914} INFO - Processing file /opt/airflow/dags/csv_to_kafka_with_redis.py for tasks to queue
[2024-12-04T09:50:46.650+0000] {logging_mixin.py:190} INFO - [2024-12-04T09:50:46.649+0000] {dagbag.py:588} INFO - Filling up the DagBag from /opt/airflow/dags/csv_to_kafka_with_redis.py
[2024-12-04T09:50:47.315+0000] {processor.py:927} WARNING - No viable dags retrieved from /opt/airflow/dags/csv_to_kafka_with_redis.py
[2024-12-04T09:50:47.337+0000] {processor.py:208} INFO - Processing /opt/airflow/dags/csv_to_kafka_with_redis.py took 0.711 seconds
[2024-12-04T09:51:18.021+0000] {processor.py:186} INFO - Started process (PID=993) to work on /opt/airflow/dags/csv_to_kafka_with_redis.py
[2024-12-04T09:51:18.022+0000] {processor.py:914} INFO - Processing file /opt/airflow/dags/csv_to_kafka_with_redis.py for tasks to queue
[2024-12-04T09:51:18.024+0000] {logging_mixin.py:190} INFO - [2024-12-04T09:51:18.024+0000] {dagbag.py:588} INFO - Filling up the DagBag from /opt/airflow/dags/csv_to_kafka_with_redis.py
[2024-12-04T09:51:18.531+0000] {processor.py:927} WARNING - No viable dags retrieved from /opt/airflow/dags/csv_to_kafka_with_redis.py
[2024-12-04T09:51:18.566+0000] {processor.py:208} INFO - Processing /opt/airflow/dags/csv_to_kafka_with_redis.py took 0.554 seconds
[2024-12-04T09:51:49.882+0000] {processor.py:186} INFO - Started process (PID=1006) to work on /opt/airflow/dags/csv_to_kafka_with_redis.py
[2024-12-04T09:51:49.885+0000] {processor.py:914} INFO - Processing file /opt/airflow/dags/csv_to_kafka_with_redis.py for tasks to queue
[2024-12-04T09:51:49.890+0000] {logging_mixin.py:190} INFO - [2024-12-04T09:51:49.889+0000] {dagbag.py:588} INFO - Filling up the DagBag from /opt/airflow/dags/csv_to_kafka_with_redis.py
[2024-12-04T09:51:50.545+0000] {processor.py:927} WARNING - No viable dags retrieved from /opt/airflow/dags/csv_to_kafka_with_redis.py
[2024-12-04T09:51:50.586+0000] {processor.py:208} INFO - Processing /opt/airflow/dags/csv_to_kafka_with_redis.py took 0.713 seconds
[2024-12-04T09:52:20.754+0000] {processor.py:186} INFO - Started process (PID=1019) to work on /opt/airflow/dags/csv_to_kafka_with_redis.py
[2024-12-04T09:52:20.756+0000] {processor.py:914} INFO - Processing file /opt/airflow/dags/csv_to_kafka_with_redis.py for tasks to queue
[2024-12-04T09:52:20.759+0000] {logging_mixin.py:190} INFO - [2024-12-04T09:52:20.758+0000] {dagbag.py:588} INFO - Filling up the DagBag from /opt/airflow/dags/csv_to_kafka_with_redis.py
[2024-12-04T09:52:21.483+0000] {processor.py:927} WARNING - No viable dags retrieved from /opt/airflow/dags/csv_to_kafka_with_redis.py
[2024-12-04T09:52:21.525+0000] {processor.py:208} INFO - Processing /opt/airflow/dags/csv_to_kafka_with_redis.py took 0.782 seconds
[2024-12-04T09:52:51.764+0000] {processor.py:186} INFO - Started process (PID=1032) to work on /opt/airflow/dags/csv_to_kafka_with_redis.py
[2024-12-04T09:52:51.766+0000] {processor.py:914} INFO - Processing file /opt/airflow/dags/csv_to_kafka_with_redis.py for tasks to queue
[2024-12-04T09:52:51.769+0000] {logging_mixin.py:190} INFO - [2024-12-04T09:52:51.768+0000] {dagbag.py:588} INFO - Filling up the DagBag from /opt/airflow/dags/csv_to_kafka_with_redis.py
[2024-12-04T09:52:52.332+0000] {processor.py:927} WARNING - No viable dags retrieved from /opt/airflow/dags/csv_to_kafka_with_redis.py
[2024-12-04T09:52:52.370+0000] {processor.py:208} INFO - Processing /opt/airflow/dags/csv_to_kafka_with_redis.py took 0.625 seconds
[2024-12-04T09:53:23.325+0000] {processor.py:186} INFO - Started process (PID=1045) to work on /opt/airflow/dags/csv_to_kafka_with_redis.py
[2024-12-04T09:53:23.328+0000] {processor.py:914} INFO - Processing file /opt/airflow/dags/csv_to_kafka_with_redis.py for tasks to queue
[2024-12-04T09:53:23.332+0000] {logging_mixin.py:190} INFO - [2024-12-04T09:53:23.331+0000] {dagbag.py:588} INFO - Filling up the DagBag from /opt/airflow/dags/csv_to_kafka_with_redis.py
[2024-12-04T09:53:23.963+0000] {processor.py:927} WARNING - No viable dags retrieved from /opt/airflow/dags/csv_to_kafka_with_redis.py
[2024-12-04T09:53:24.018+0000] {processor.py:208} INFO - Processing /opt/airflow/dags/csv_to_kafka_with_redis.py took 0.707 seconds
[2024-12-04T09:53:54.379+0000] {processor.py:186} INFO - Started process (PID=1058) to work on /opt/airflow/dags/csv_to_kafka_with_redis.py
[2024-12-04T09:53:54.381+0000] {processor.py:914} INFO - Processing file /opt/airflow/dags/csv_to_kafka_with_redis.py for tasks to queue
[2024-12-04T09:53:54.384+0000] {logging_mixin.py:190} INFO - [2024-12-04T09:53:54.383+0000] {dagbag.py:588} INFO - Filling up the DagBag from /opt/airflow/dags/csv_to_kafka_with_redis.py
[2024-12-04T09:53:54.917+0000] {processor.py:927} WARNING - No viable dags retrieved from /opt/airflow/dags/csv_to_kafka_with_redis.py
[2024-12-04T09:53:54.951+0000] {processor.py:208} INFO - Processing /opt/airflow/dags/csv_to_kafka_with_redis.py took 0.579 seconds
[2024-12-04T09:54:26.154+0000] {processor.py:186} INFO - Started process (PID=1071) to work on /opt/airflow/dags/csv_to_kafka_with_redis.py
[2024-12-04T09:54:26.155+0000] {processor.py:914} INFO - Processing file /opt/airflow/dags/csv_to_kafka_with_redis.py for tasks to queue
[2024-12-04T09:54:26.157+0000] {logging_mixin.py:190} INFO - [2024-12-04T09:54:26.157+0000] {dagbag.py:588} INFO - Filling up the DagBag from /opt/airflow/dags/csv_to_kafka_with_redis.py
[2024-12-04T09:54:26.653+0000] {processor.py:927} WARNING - No viable dags retrieved from /opt/airflow/dags/csv_to_kafka_with_redis.py
[2024-12-04T09:54:26.684+0000] {processor.py:208} INFO - Processing /opt/airflow/dags/csv_to_kafka_with_redis.py took 0.538 seconds
[2024-12-04T09:54:56.996+0000] {processor.py:186} INFO - Started process (PID=1084) to work on /opt/airflow/dags/csv_to_kafka_with_redis.py
[2024-12-04T09:54:56.998+0000] {processor.py:914} INFO - Processing file /opt/airflow/dags/csv_to_kafka_with_redis.py for tasks to queue
[2024-12-04T09:54:57.000+0000] {logging_mixin.py:190} INFO - [2024-12-04T09:54:56.999+0000] {dagbag.py:588} INFO - Filling up the DagBag from /opt/airflow/dags/csv_to_kafka_with_redis.py
[2024-12-04T09:54:57.516+0000] {processor.py:927} WARNING - No viable dags retrieved from /opt/airflow/dags/csv_to_kafka_with_redis.py
[2024-12-04T09:54:57.551+0000] {processor.py:208} INFO - Processing /opt/airflow/dags/csv_to_kafka_with_redis.py took 0.566 seconds
[2024-12-04T09:55:28.207+0000] {processor.py:186} INFO - Started process (PID=1099) to work on /opt/airflow/dags/csv_to_kafka_with_redis.py
[2024-12-04T09:55:28.211+0000] {processor.py:914} INFO - Processing file /opt/airflow/dags/csv_to_kafka_with_redis.py for tasks to queue
[2024-12-04T09:55:28.213+0000] {logging_mixin.py:190} INFO - [2024-12-04T09:55:28.212+0000] {dagbag.py:588} INFO - Filling up the DagBag from /opt/airflow/dags/csv_to_kafka_with_redis.py
[2024-12-04T09:55:28.913+0000] {processor.py:927} WARNING - No viable dags retrieved from /opt/airflow/dags/csv_to_kafka_with_redis.py
[2024-12-04T09:55:28.948+0000] {processor.py:208} INFO - Processing /opt/airflow/dags/csv_to_kafka_with_redis.py took 0.753 seconds
[2024-12-04T09:56:00.194+0000] {processor.py:186} INFO - Started process (PID=1112) to work on /opt/airflow/dags/csv_to_kafka_with_redis.py
[2024-12-04T09:56:00.196+0000] {processor.py:914} INFO - Processing file /opt/airflow/dags/csv_to_kafka_with_redis.py for tasks to queue
[2024-12-04T09:56:00.200+0000] {logging_mixin.py:190} INFO - [2024-12-04T09:56:00.199+0000] {dagbag.py:588} INFO - Filling up the DagBag from /opt/airflow/dags/csv_to_kafka_with_redis.py
[2024-12-04T09:56:00.810+0000] {processor.py:927} WARNING - No viable dags retrieved from /opt/airflow/dags/csv_to_kafka_with_redis.py
[2024-12-04T09:56:00.846+0000] {processor.py:208} INFO - Processing /opt/airflow/dags/csv_to_kafka_with_redis.py took 0.663 seconds
[2024-12-04T09:56:32.169+0000] {processor.py:186} INFO - Started process (PID=1125) to work on /opt/airflow/dags/csv_to_kafka_with_redis.py
[2024-12-04T09:56:32.170+0000] {processor.py:914} INFO - Processing file /opt/airflow/dags/csv_to_kafka_with_redis.py for tasks to queue
[2024-12-04T09:56:32.173+0000] {logging_mixin.py:190} INFO - [2024-12-04T09:56:32.172+0000] {dagbag.py:588} INFO - Filling up the DagBag from /opt/airflow/dags/csv_to_kafka_with_redis.py
[2024-12-04T09:56:33.074+0000] {processor.py:927} WARNING - No viable dags retrieved from /opt/airflow/dags/csv_to_kafka_with_redis.py
[2024-12-04T09:56:33.121+0000] {processor.py:208} INFO - Processing /opt/airflow/dags/csv_to_kafka_with_redis.py took 0.966 seconds
[2024-12-04T09:57:34.769+0000] {processor.py:186} INFO - Started process (PID=1154) to work on /opt/airflow/dags/csv_to_kafka_with_redis.py
[2024-12-04T09:57:34.771+0000] {processor.py:914} INFO - Processing file /opt/airflow/dags/csv_to_kafka_with_redis.py for tasks to queue
[2024-12-04T09:57:34.774+0000] {logging_mixin.py:190} INFO - [2024-12-04T09:57:34.773+0000] {dagbag.py:588} INFO - Filling up the DagBag from /opt/airflow/dags/csv_to_kafka_with_redis.py
[2024-12-04T09:57:35.690+0000] {processor.py:927} WARNING - No viable dags retrieved from /opt/airflow/dags/csv_to_kafka_with_redis.py
[2024-12-04T09:57:35.733+0000] {processor.py:208} INFO - Processing /opt/airflow/dags/csv_to_kafka_with_redis.py took 0.976 seconds
[2024-12-04T09:58:05.987+0000] {processor.py:186} INFO - Started process (PID=1167) to work on /opt/airflow/dags/csv_to_kafka_with_redis.py
[2024-12-04T09:58:05.989+0000] {processor.py:914} INFO - Processing file /opt/airflow/dags/csv_to_kafka_with_redis.py for tasks to queue
[2024-12-04T09:58:05.991+0000] {logging_mixin.py:190} INFO - [2024-12-04T09:58:05.991+0000] {dagbag.py:588} INFO - Filling up the DagBag from /opt/airflow/dags/csv_to_kafka_with_redis.py
[2024-12-04T09:58:06.840+0000] {processor.py:927} WARNING - No viable dags retrieved from /opt/airflow/dags/csv_to_kafka_with_redis.py
[2024-12-04T09:58:06.885+0000] {processor.py:208} INFO - Processing /opt/airflow/dags/csv_to_kafka_with_redis.py took 0.911 seconds
[2024-12-04T09:58:37.789+0000] {processor.py:186} INFO - Started process (PID=1180) to work on /opt/airflow/dags/csv_to_kafka_with_redis.py
[2024-12-04T09:58:37.790+0000] {processor.py:914} INFO - Processing file /opt/airflow/dags/csv_to_kafka_with_redis.py for tasks to queue
[2024-12-04T09:58:37.792+0000] {logging_mixin.py:190} INFO - [2024-12-04T09:58:37.792+0000] {dagbag.py:588} INFO - Filling up the DagBag from /opt/airflow/dags/csv_to_kafka_with_redis.py
[2024-12-04T09:58:38.426+0000] {processor.py:927} WARNING - No viable dags retrieved from /opt/airflow/dags/csv_to_kafka_with_redis.py
[2024-12-04T09:58:38.467+0000] {processor.py:208} INFO - Processing /opt/airflow/dags/csv_to_kafka_with_redis.py took 0.690 seconds
[2024-12-04T09:59:09.158+0000] {processor.py:186} INFO - Started process (PID=1193) to work on /opt/airflow/dags/csv_to_kafka_with_redis.py
[2024-12-04T09:59:09.160+0000] {processor.py:914} INFO - Processing file /opt/airflow/dags/csv_to_kafka_with_redis.py for tasks to queue
[2024-12-04T09:59:09.163+0000] {logging_mixin.py:190} INFO - [2024-12-04T09:59:09.162+0000] {dagbag.py:588} INFO - Filling up the DagBag from /opt/airflow/dags/csv_to_kafka_with_redis.py
[2024-12-04T09:59:09.704+0000] {processor.py:927} WARNING - No viable dags retrieved from /opt/airflow/dags/csv_to_kafka_with_redis.py
[2024-12-04T09:59:09.747+0000] {processor.py:208} INFO - Processing /opt/airflow/dags/csv_to_kafka_with_redis.py took 0.598 seconds
[2024-12-04T09:59:39.961+0000] {processor.py:186} INFO - Started process (PID=1206) to work on /opt/airflow/dags/csv_to_kafka_with_redis.py
[2024-12-04T09:59:39.963+0000] {processor.py:914} INFO - Processing file /opt/airflow/dags/csv_to_kafka_with_redis.py for tasks to queue
[2024-12-04T09:59:39.965+0000] {logging_mixin.py:190} INFO - [2024-12-04T09:59:39.965+0000] {dagbag.py:588} INFO - Filling up the DagBag from /opt/airflow/dags/csv_to_kafka_with_redis.py
[2024-12-04T09:59:40.556+0000] {processor.py:927} WARNING - No viable dags retrieved from /opt/airflow/dags/csv_to_kafka_with_redis.py
[2024-12-04T09:59:40.592+0000] {processor.py:208} INFO - Processing /opt/airflow/dags/csv_to_kafka_with_redis.py took 0.638 seconds
[2024-12-04T10:00:11.528+0000] {processor.py:186} INFO - Started process (PID=1219) to work on /opt/airflow/dags/csv_to_kafka_with_redis.py
[2024-12-04T10:00:11.529+0000] {processor.py:914} INFO - Processing file /opt/airflow/dags/csv_to_kafka_with_redis.py for tasks to queue
[2024-12-04T10:00:11.531+0000] {logging_mixin.py:190} INFO - [2024-12-04T10:00:11.531+0000] {dagbag.py:588} INFO - Filling up the DagBag from /opt/airflow/dags/csv_to_kafka_with_redis.py
[2024-12-04T10:00:12.036+0000] {processor.py:927} WARNING - No viable dags retrieved from /opt/airflow/dags/csv_to_kafka_with_redis.py
[2024-12-04T10:00:12.083+0000] {processor.py:208} INFO - Processing /opt/airflow/dags/csv_to_kafka_with_redis.py took 0.562 seconds
[2024-12-04T10:00:43.078+0000] {processor.py:186} INFO - Started process (PID=1232) to work on /opt/airflow/dags/csv_to_kafka_with_redis.py
[2024-12-04T10:00:43.080+0000] {processor.py:914} INFO - Processing file /opt/airflow/dags/csv_to_kafka_with_redis.py for tasks to queue
[2024-12-04T10:00:43.082+0000] {logging_mixin.py:190} INFO - [2024-12-04T10:00:43.082+0000] {dagbag.py:588} INFO - Filling up the DagBag from /opt/airflow/dags/csv_to_kafka_with_redis.py
[2024-12-04T10:00:43.573+0000] {processor.py:927} WARNING - No viable dags retrieved from /opt/airflow/dags/csv_to_kafka_with_redis.py
[2024-12-04T10:00:43.613+0000] {processor.py:208} INFO - Processing /opt/airflow/dags/csv_to_kafka_with_redis.py took 0.542 seconds
[2024-12-04T10:01:14.876+0000] {processor.py:186} INFO - Started process (PID=1245) to work on /opt/airflow/dags/csv_to_kafka_with_redis.py
[2024-12-04T10:01:14.879+0000] {processor.py:914} INFO - Processing file /opt/airflow/dags/csv_to_kafka_with_redis.py for tasks to queue
[2024-12-04T10:01:14.882+0000] {logging_mixin.py:190} INFO - [2024-12-04T10:01:14.881+0000] {dagbag.py:588} INFO - Filling up the DagBag from /opt/airflow/dags/csv_to_kafka_with_redis.py
[2024-12-04T10:01:15.387+0000] {processor.py:927} WARNING - No viable dags retrieved from /opt/airflow/dags/csv_to_kafka_with_redis.py
[2024-12-04T10:01:15.428+0000] {processor.py:208} INFO - Processing /opt/airflow/dags/csv_to_kafka_with_redis.py took 0.566 seconds
[2024-12-04T10:01:45.716+0000] {processor.py:186} INFO - Started process (PID=1258) to work on /opt/airflow/dags/csv_to_kafka_with_redis.py
[2024-12-04T10:01:45.719+0000] {processor.py:914} INFO - Processing file /opt/airflow/dags/csv_to_kafka_with_redis.py for tasks to queue
[2024-12-04T10:01:45.722+0000] {logging_mixin.py:190} INFO - [2024-12-04T10:01:45.721+0000] {dagbag.py:588} INFO - Filling up the DagBag from /opt/airflow/dags/csv_to_kafka_with_redis.py
[2024-12-04T10:01:46.231+0000] {processor.py:927} WARNING - No viable dags retrieved from /opt/airflow/dags/csv_to_kafka_with_redis.py
[2024-12-04T10:01:46.261+0000] {processor.py:208} INFO - Processing /opt/airflow/dags/csv_to_kafka_with_redis.py took 0.553 seconds
[2024-12-04T10:02:16.681+0000] {processor.py:186} INFO - Started process (PID=1271) to work on /opt/airflow/dags/csv_to_kafka_with_redis.py
[2024-12-04T10:02:16.683+0000] {processor.py:914} INFO - Processing file /opt/airflow/dags/csv_to_kafka_with_redis.py for tasks to queue
[2024-12-04T10:02:16.686+0000] {logging_mixin.py:190} INFO - [2024-12-04T10:02:16.685+0000] {dagbag.py:588} INFO - Filling up the DagBag from /opt/airflow/dags/csv_to_kafka_with_redis.py
[2024-12-04T10:02:17.695+0000] {processor.py:927} WARNING - No viable dags retrieved from /opt/airflow/dags/csv_to_kafka_with_redis.py
[2024-12-04T10:02:17.739+0000] {processor.py:208} INFO - Processing /opt/airflow/dags/csv_to_kafka_with_redis.py took 1.068 seconds
[2024-12-04T10:02:48.284+0000] {processor.py:186} INFO - Started process (PID=1284) to work on /opt/airflow/dags/csv_to_kafka_with_redis.py
[2024-12-04T10:02:48.286+0000] {processor.py:914} INFO - Processing file /opt/airflow/dags/csv_to_kafka_with_redis.py for tasks to queue
[2024-12-04T10:02:48.289+0000] {logging_mixin.py:190} INFO - [2024-12-04T10:02:48.288+0000] {dagbag.py:588} INFO - Filling up the DagBag from /opt/airflow/dags/csv_to_kafka_with_redis.py
[2024-12-04T10:02:49.167+0000] {processor.py:927} WARNING - No viable dags retrieved from /opt/airflow/dags/csv_to_kafka_with_redis.py
[2024-12-04T10:02:49.211+0000] {processor.py:208} INFO - Processing /opt/airflow/dags/csv_to_kafka_with_redis.py took 0.943 seconds
[2024-12-04T10:03:31.570+0000] {processor.py:186} INFO - Started process (PID=1312) to work on /opt/airflow/dags/csv_to_kafka_with_redis.py
[2024-12-04T10:03:31.573+0000] {processor.py:914} INFO - Processing file /opt/airflow/dags/csv_to_kafka_with_redis.py for tasks to queue
[2024-12-04T10:03:31.576+0000] {logging_mixin.py:190} INFO - [2024-12-04T10:03:31.575+0000] {dagbag.py:588} INFO - Filling up the DagBag from /opt/airflow/dags/csv_to_kafka_with_redis.py
[2024-12-04T10:03:32.302+0000] {processor.py:927} WARNING - No viable dags retrieved from /opt/airflow/dags/csv_to_kafka_with_redis.py
[2024-12-04T10:03:32.350+0000] {processor.py:208} INFO - Processing /opt/airflow/dags/csv_to_kafka_with_redis.py took 0.793 seconds
[2024-12-04T10:04:02.940+0000] {processor.py:186} INFO - Started process (PID=1325) to work on /opt/airflow/dags/csv_to_kafka_with_redis.py
[2024-12-04T10:04:02.942+0000] {processor.py:914} INFO - Processing file /opt/airflow/dags/csv_to_kafka_with_redis.py for tasks to queue
[2024-12-04T10:04:02.948+0000] {logging_mixin.py:190} INFO - [2024-12-04T10:04:02.947+0000] {dagbag.py:588} INFO - Filling up the DagBag from /opt/airflow/dags/csv_to_kafka_with_redis.py
[2024-12-04T10:04:03.891+0000] {processor.py:927} WARNING - No viable dags retrieved from /opt/airflow/dags/csv_to_kafka_with_redis.py
[2024-12-04T10:04:03.943+0000] {processor.py:208} INFO - Processing /opt/airflow/dags/csv_to_kafka_with_redis.py took 1.021 seconds
[2024-12-04T10:04:34.695+0000] {processor.py:186} INFO - Started process (PID=1338) to work on /opt/airflow/dags/csv_to_kafka_with_redis.py
[2024-12-04T10:04:34.698+0000] {processor.py:914} INFO - Processing file /opt/airflow/dags/csv_to_kafka_with_redis.py for tasks to queue
[2024-12-04T10:04:34.701+0000] {logging_mixin.py:190} INFO - [2024-12-04T10:04:34.700+0000] {dagbag.py:588} INFO - Filling up the DagBag from /opt/airflow/dags/csv_to_kafka_with_redis.py
[2024-12-04T10:04:35.275+0000] {processor.py:927} WARNING - No viable dags retrieved from /opt/airflow/dags/csv_to_kafka_with_redis.py
[2024-12-04T10:04:35.312+0000] {processor.py:208} INFO - Processing /opt/airflow/dags/csv_to_kafka_with_redis.py took 0.625 seconds
[2024-12-04T10:05:06.584+0000] {processor.py:186} INFO - Started process (PID=1351) to work on /opt/airflow/dags/csv_to_kafka_with_redis.py
[2024-12-04T10:05:06.586+0000] {processor.py:914} INFO - Processing file /opt/airflow/dags/csv_to_kafka_with_redis.py for tasks to queue
[2024-12-04T10:05:06.588+0000] {logging_mixin.py:190} INFO - [2024-12-04T10:05:06.587+0000] {dagbag.py:588} INFO - Filling up the DagBag from /opt/airflow/dags/csv_to_kafka_with_redis.py
[2024-12-04T10:05:07.508+0000] {processor.py:927} WARNING - No viable dags retrieved from /opt/airflow/dags/csv_to_kafka_with_redis.py
[2024-12-04T10:05:07.561+0000] {processor.py:208} INFO - Processing /opt/airflow/dags/csv_to_kafka_with_redis.py took 0.986 seconds
[2024-12-04T10:05:38.101+0000] {processor.py:186} INFO - Started process (PID=1366) to work on /opt/airflow/dags/csv_to_kafka_with_redis.py
[2024-12-04T10:05:38.104+0000] {processor.py:914} INFO - Processing file /opt/airflow/dags/csv_to_kafka_with_redis.py for tasks to queue
[2024-12-04T10:05:38.106+0000] {logging_mixin.py:190} INFO - [2024-12-04T10:05:38.106+0000] {dagbag.py:588} INFO - Filling up the DagBag from /opt/airflow/dags/csv_to_kafka_with_redis.py
[2024-12-04T10:05:38.711+0000] {processor.py:927} WARNING - No viable dags retrieved from /opt/airflow/dags/csv_to_kafka_with_redis.py
[2024-12-04T10:05:38.748+0000] {processor.py:208} INFO - Processing /opt/airflow/dags/csv_to_kafka_with_redis.py took 0.656 seconds
[2024-12-04T10:07:27.769+0000] {processor.py:186} INFO - Started process (PID=1403) to work on /opt/airflow/dags/csv_to_kafka_with_redis.py
[2024-12-04T10:07:27.771+0000] {processor.py:914} INFO - Processing file /opt/airflow/dags/csv_to_kafka_with_redis.py for tasks to queue
[2024-12-04T10:07:27.774+0000] {logging_mixin.py:190} INFO - [2024-12-04T10:07:27.773+0000] {dagbag.py:588} INFO - Filling up the DagBag from /opt/airflow/dags/csv_to_kafka_with_redis.py
[2024-12-04T10:07:29.666+0000] {processor.py:927} WARNING - No viable dags retrieved from /opt/airflow/dags/csv_to_kafka_with_redis.py
[2024-12-04T10:07:29.703+0000] {processor.py:208} INFO - Processing /opt/airflow/dags/csv_to_kafka_with_redis.py took 1.941 seconds
[2024-12-04T10:08:00.876+0000] {processor.py:186} INFO - Started process (PID=1416) to work on /opt/airflow/dags/csv_to_kafka_with_redis.py
[2024-12-04T10:08:00.881+0000] {processor.py:914} INFO - Processing file /opt/airflow/dags/csv_to_kafka_with_redis.py for tasks to queue
[2024-12-04T10:08:00.885+0000] {logging_mixin.py:190} INFO - [2024-12-04T10:08:00.884+0000] {dagbag.py:588} INFO - Filling up the DagBag from /opt/airflow/dags/csv_to_kafka_with_redis.py
[2024-12-04T10:08:01.761+0000] {processor.py:927} WARNING - No viable dags retrieved from /opt/airflow/dags/csv_to_kafka_with_redis.py
[2024-12-04T10:08:01.792+0000] {processor.py:208} INFO - Processing /opt/airflow/dags/csv_to_kafka_with_redis.py took 0.927 seconds
[2024-12-04T10:08:32.417+0000] {processor.py:186} INFO - Started process (PID=1429) to work on /opt/airflow/dags/csv_to_kafka_with_redis.py
[2024-12-04T10:08:32.418+0000] {processor.py:914} INFO - Processing file /opt/airflow/dags/csv_to_kafka_with_redis.py for tasks to queue
[2024-12-04T10:08:32.421+0000] {logging_mixin.py:190} INFO - [2024-12-04T10:08:32.420+0000] {dagbag.py:588} INFO - Filling up the DagBag from /opt/airflow/dags/csv_to_kafka_with_redis.py
[2024-12-04T10:08:33.308+0000] {processor.py:927} WARNING - No viable dags retrieved from /opt/airflow/dags/csv_to_kafka_with_redis.py
[2024-12-04T10:08:33.343+0000] {processor.py:208} INFO - Processing /opt/airflow/dags/csv_to_kafka_with_redis.py took 0.935 seconds
[2024-12-04T10:09:04.136+0000] {processor.py:186} INFO - Started process (PID=1442) to work on /opt/airflow/dags/csv_to_kafka_with_redis.py
[2024-12-04T10:09:04.138+0000] {processor.py:914} INFO - Processing file /opt/airflow/dags/csv_to_kafka_with_redis.py for tasks to queue
[2024-12-04T10:09:04.140+0000] {logging_mixin.py:190} INFO - [2024-12-04T10:09:04.139+0000] {dagbag.py:588} INFO - Filling up the DagBag from /opt/airflow/dags/csv_to_kafka_with_redis.py
[2024-12-04T10:09:05.127+0000] {processor.py:927} WARNING - No viable dags retrieved from /opt/airflow/dags/csv_to_kafka_with_redis.py
[2024-12-04T10:09:05.166+0000] {processor.py:208} INFO - Processing /opt/airflow/dags/csv_to_kafka_with_redis.py took 1.043 seconds
[2024-12-04T10:09:36.307+0000] {processor.py:186} INFO - Started process (PID=1455) to work on /opt/airflow/dags/csv_to_kafka_with_redis.py
[2024-12-04T10:09:36.309+0000] {processor.py:914} INFO - Processing file /opt/airflow/dags/csv_to_kafka_with_redis.py for tasks to queue
[2024-12-04T10:09:36.311+0000] {logging_mixin.py:190} INFO - [2024-12-04T10:09:36.311+0000] {dagbag.py:588} INFO - Filling up the DagBag from /opt/airflow/dags/csv_to_kafka_with_redis.py
[2024-12-04T10:09:36.972+0000] {processor.py:927} WARNING - No viable dags retrieved from /opt/airflow/dags/csv_to_kafka_with_redis.py
[2024-12-04T10:09:37.007+0000] {processor.py:208} INFO - Processing /opt/airflow/dags/csv_to_kafka_with_redis.py took 0.711 seconds
[2024-12-04T10:10:08.335+0000] {processor.py:186} INFO - Started process (PID=1468) to work on /opt/airflow/dags/csv_to_kafka_with_redis.py
[2024-12-04T10:10:08.337+0000] {processor.py:914} INFO - Processing file /opt/airflow/dags/csv_to_kafka_with_redis.py for tasks to queue
[2024-12-04T10:10:08.340+0000] {logging_mixin.py:190} INFO - [2024-12-04T10:10:08.339+0000] {dagbag.py:588} INFO - Filling up the DagBag from /opt/airflow/dags/csv_to_kafka_with_redis.py
[2024-12-04T10:10:08.922+0000] {processor.py:927} WARNING - No viable dags retrieved from /opt/airflow/dags/csv_to_kafka_with_redis.py
[2024-12-04T10:10:08.960+0000] {processor.py:208} INFO - Processing /opt/airflow/dags/csv_to_kafka_with_redis.py took 0.633 seconds
[2024-12-04T10:10:39.214+0000] {processor.py:186} INFO - Started process (PID=1481) to work on /opt/airflow/dags/csv_to_kafka_with_redis.py
[2024-12-04T10:10:39.216+0000] {processor.py:914} INFO - Processing file /opt/airflow/dags/csv_to_kafka_with_redis.py for tasks to queue
[2024-12-04T10:10:39.220+0000] {logging_mixin.py:190} INFO - [2024-12-04T10:10:39.219+0000] {dagbag.py:588} INFO - Filling up the DagBag from /opt/airflow/dags/csv_to_kafka_with_redis.py
[2024-12-04T10:10:40.018+0000] {processor.py:927} WARNING - No viable dags retrieved from /opt/airflow/dags/csv_to_kafka_with_redis.py
[2024-12-04T10:10:40.054+0000] {processor.py:208} INFO - Processing /opt/airflow/dags/csv_to_kafka_with_redis.py took 0.848 seconds
[2024-12-04T10:11:10.576+0000] {processor.py:186} INFO - Started process (PID=1494) to work on /opt/airflow/dags/csv_to_kafka_with_redis.py
[2024-12-04T10:11:10.578+0000] {processor.py:914} INFO - Processing file /opt/airflow/dags/csv_to_kafka_with_redis.py for tasks to queue
[2024-12-04T10:11:10.580+0000] {logging_mixin.py:190} INFO - [2024-12-04T10:11:10.579+0000] {dagbag.py:588} INFO - Filling up the DagBag from /opt/airflow/dags/csv_to_kafka_with_redis.py
[2024-12-04T10:11:11.484+0000] {processor.py:927} WARNING - No viable dags retrieved from /opt/airflow/dags/csv_to_kafka_with_redis.py
[2024-12-04T10:11:11.523+0000] {processor.py:208} INFO - Processing /opt/airflow/dags/csv_to_kafka_with_redis.py took 0.958 seconds
[2024-12-04T10:11:43.039+0000] {processor.py:186} INFO - Started process (PID=1507) to work on /opt/airflow/dags/csv_to_kafka_with_redis.py
[2024-12-04T10:11:43.042+0000] {processor.py:914} INFO - Processing file /opt/airflow/dags/csv_to_kafka_with_redis.py for tasks to queue
[2024-12-04T10:11:43.044+0000] {logging_mixin.py:190} INFO - [2024-12-04T10:11:43.044+0000] {dagbag.py:588} INFO - Filling up the DagBag from /opt/airflow/dags/csv_to_kafka_with_redis.py
[2024-12-04T10:11:44.153+0000] {processor.py:927} WARNING - No viable dags retrieved from /opt/airflow/dags/csv_to_kafka_with_redis.py
[2024-12-04T10:11:44.194+0000] {processor.py:208} INFO - Processing /opt/airflow/dags/csv_to_kafka_with_redis.py took 1.163 seconds
[2024-12-04T10:12:14.411+0000] {processor.py:186} INFO - Started process (PID=1520) to work on /opt/airflow/dags/csv_to_kafka_with_redis.py
[2024-12-04T10:12:14.413+0000] {processor.py:914} INFO - Processing file /opt/airflow/dags/csv_to_kafka_with_redis.py for tasks to queue
[2024-12-04T10:12:14.416+0000] {logging_mixin.py:190} INFO - [2024-12-04T10:12:14.415+0000] {dagbag.py:588} INFO - Filling up the DagBag from /opt/airflow/dags/csv_to_kafka_with_redis.py
[2024-12-04T10:12:15.266+0000] {processor.py:927} WARNING - No viable dags retrieved from /opt/airflow/dags/csv_to_kafka_with_redis.py
[2024-12-04T10:12:15.302+0000] {processor.py:208} INFO - Processing /opt/airflow/dags/csv_to_kafka_with_redis.py took 0.903 seconds
[2024-12-04T10:12:45.901+0000] {processor.py:186} INFO - Started process (PID=1533) to work on /opt/airflow/dags/csv_to_kafka_with_redis.py
[2024-12-04T10:12:45.903+0000] {processor.py:914} INFO - Processing file /opt/airflow/dags/csv_to_kafka_with_redis.py for tasks to queue
[2024-12-04T10:12:45.907+0000] {logging_mixin.py:190} INFO - [2024-12-04T10:12:45.906+0000] {dagbag.py:588} INFO - Filling up the DagBag from /opt/airflow/dags/csv_to_kafka_with_redis.py
[2024-12-04T10:12:46.739+0000] {processor.py:927} WARNING - No viable dags retrieved from /opt/airflow/dags/csv_to_kafka_with_redis.py
[2024-12-04T10:12:46.782+0000] {processor.py:208} INFO - Processing /opt/airflow/dags/csv_to_kafka_with_redis.py took 0.893 seconds
[2024-12-04T10:13:17.639+0000] {processor.py:186} INFO - Started process (PID=1546) to work on /opt/airflow/dags/csv_to_kafka_with_redis.py
[2024-12-04T10:13:17.641+0000] {processor.py:914} INFO - Processing file /opt/airflow/dags/csv_to_kafka_with_redis.py for tasks to queue
[2024-12-04T10:13:17.645+0000] {logging_mixin.py:190} INFO - [2024-12-04T10:13:17.644+0000] {dagbag.py:588} INFO - Filling up the DagBag from /opt/airflow/dags/csv_to_kafka_with_redis.py
[2024-12-04T10:13:18.467+0000] {processor.py:927} WARNING - No viable dags retrieved from /opt/airflow/dags/csv_to_kafka_with_redis.py
[2024-12-04T10:13:18.516+0000] {processor.py:208} INFO - Processing /opt/airflow/dags/csv_to_kafka_with_redis.py took 0.884 seconds
[2024-12-04T10:13:49.903+0000] {processor.py:186} INFO - Started process (PID=1559) to work on /opt/airflow/dags/csv_to_kafka_with_redis.py
[2024-12-04T10:13:49.905+0000] {processor.py:914} INFO - Processing file /opt/airflow/dags/csv_to_kafka_with_redis.py for tasks to queue
[2024-12-04T10:13:49.907+0000] {logging_mixin.py:190} INFO - [2024-12-04T10:13:49.907+0000] {dagbag.py:588} INFO - Filling up the DagBag from /opt/airflow/dags/csv_to_kafka_with_redis.py
[2024-12-04T10:13:50.776+0000] {processor.py:927} WARNING - No viable dags retrieved from /opt/airflow/dags/csv_to_kafka_with_redis.py
[2024-12-04T10:13:50.808+0000] {processor.py:208} INFO - Processing /opt/airflow/dags/csv_to_kafka_with_redis.py took 0.917 seconds
[2024-12-04T10:14:21.921+0000] {processor.py:186} INFO - Started process (PID=1572) to work on /opt/airflow/dags/csv_to_kafka_with_redis.py
[2024-12-04T10:14:21.924+0000] {processor.py:914} INFO - Processing file /opt/airflow/dags/csv_to_kafka_with_redis.py for tasks to queue
[2024-12-04T10:14:21.927+0000] {logging_mixin.py:190} INFO - [2024-12-04T10:14:21.926+0000] {dagbag.py:588} INFO - Filling up the DagBag from /opt/airflow/dags/csv_to_kafka_with_redis.py
[2024-12-04T10:14:22.733+0000] {processor.py:927} WARNING - No viable dags retrieved from /opt/airflow/dags/csv_to_kafka_with_redis.py
[2024-12-04T10:14:22.766+0000] {processor.py:208} INFO - Processing /opt/airflow/dags/csv_to_kafka_with_redis.py took 0.857 seconds
[2024-12-04T10:14:53.520+0000] {processor.py:186} INFO - Started process (PID=1585) to work on /opt/airflow/dags/csv_to_kafka_with_redis.py
[2024-12-04T10:14:53.521+0000] {processor.py:914} INFO - Processing file /opt/airflow/dags/csv_to_kafka_with_redis.py for tasks to queue
[2024-12-04T10:14:53.525+0000] {logging_mixin.py:190} INFO - [2024-12-04T10:14:53.523+0000] {dagbag.py:588} INFO - Filling up the DagBag from /opt/airflow/dags/csv_to_kafka_with_redis.py
[2024-12-04T10:14:54.162+0000] {processor.py:927} WARNING - No viable dags retrieved from /opt/airflow/dags/csv_to_kafka_with_redis.py
[2024-12-04T10:14:54.184+0000] {processor.py:208} INFO - Processing /opt/airflow/dags/csv_to_kafka_with_redis.py took 0.671 seconds
[2024-12-04T10:15:25.217+0000] {processor.py:186} INFO - Started process (PID=1598) to work on /opt/airflow/dags/csv_to_kafka_with_redis.py
[2024-12-04T10:15:25.218+0000] {processor.py:914} INFO - Processing file /opt/airflow/dags/csv_to_kafka_with_redis.py for tasks to queue
[2024-12-04T10:15:25.220+0000] {logging_mixin.py:190} INFO - [2024-12-04T10:15:25.220+0000] {dagbag.py:588} INFO - Filling up the DagBag from /opt/airflow/dags/csv_to_kafka_with_redis.py
[2024-12-04T10:15:25.752+0000] {processor.py:927} WARNING - No viable dags retrieved from /opt/airflow/dags/csv_to_kafka_with_redis.py
[2024-12-04T10:15:25.776+0000] {processor.py:208} INFO - Processing /opt/airflow/dags/csv_to_kafka_with_redis.py took 0.564 seconds
[2024-12-04T10:15:56.996+0000] {processor.py:186} INFO - Started process (PID=1611) to work on /opt/airflow/dags/csv_to_kafka_with_redis.py
[2024-12-04T10:15:56.997+0000] {processor.py:914} INFO - Processing file /opt/airflow/dags/csv_to_kafka_with_redis.py for tasks to queue
[2024-12-04T10:15:56.999+0000] {logging_mixin.py:190} INFO - [2024-12-04T10:15:56.999+0000] {dagbag.py:588} INFO - Filling up the DagBag from /opt/airflow/dags/csv_to_kafka_with_redis.py
[2024-12-04T10:16:02.499+0000] {processor.py:927} WARNING - No viable dags retrieved from /opt/airflow/dags/csv_to_kafka_with_redis.py
[2024-12-04T10:16:02.521+0000] {processor.py:208} INFO - Processing /opt/airflow/dags/csv_to_kafka_with_redis.py took 5.531 seconds
[2024-12-04T10:16:33.025+0000] {processor.py:186} INFO - Started process (PID=1624) to work on /opt/airflow/dags/csv_to_kafka_with_redis.py
[2024-12-04T10:16:33.027+0000] {processor.py:914} INFO - Processing file /opt/airflow/dags/csv_to_kafka_with_redis.py for tasks to queue
[2024-12-04T10:16:33.028+0000] {logging_mixin.py:190} INFO - [2024-12-04T10:16:33.028+0000] {dagbag.py:588} INFO - Filling up the DagBag from /opt/airflow/dags/csv_to_kafka_with_redis.py
[2024-12-04T10:16:33.519+0000] {processor.py:927} WARNING - No viable dags retrieved from /opt/airflow/dags/csv_to_kafka_with_redis.py
[2024-12-04T10:16:33.542+0000] {processor.py:208} INFO - Processing /opt/airflow/dags/csv_to_kafka_with_redis.py took 0.522 seconds
[2024-12-04T10:17:03.947+0000] {processor.py:186} INFO - Started process (PID=1637) to work on /opt/airflow/dags/csv_to_kafka_with_redis.py
[2024-12-04T10:17:03.949+0000] {processor.py:914} INFO - Processing file /opt/airflow/dags/csv_to_kafka_with_redis.py for tasks to queue
[2024-12-04T10:17:03.951+0000] {logging_mixin.py:190} INFO - [2024-12-04T10:17:03.951+0000] {dagbag.py:588} INFO - Filling up the DagBag from /opt/airflow/dags/csv_to_kafka_with_redis.py
[2024-12-04T10:17:04.457+0000] {processor.py:927} WARNING - No viable dags retrieved from /opt/airflow/dags/csv_to_kafka_with_redis.py
[2024-12-04T10:17:04.477+0000] {processor.py:208} INFO - Processing /opt/airflow/dags/csv_to_kafka_with_redis.py took 0.536 seconds
[2024-12-04T10:17:34.939+0000] {processor.py:186} INFO - Started process (PID=1650) to work on /opt/airflow/dags/csv_to_kafka_with_redis.py
[2024-12-04T10:17:34.941+0000] {processor.py:914} INFO - Processing file /opt/airflow/dags/csv_to_kafka_with_redis.py for tasks to queue
[2024-12-04T10:17:34.943+0000] {logging_mixin.py:190} INFO - [2024-12-04T10:17:34.943+0000] {dagbag.py:588} INFO - Filling up the DagBag from /opt/airflow/dags/csv_to_kafka_with_redis.py
[2024-12-04T10:17:35.776+0000] {processor.py:927} WARNING - No viable dags retrieved from /opt/airflow/dags/csv_to_kafka_with_redis.py
[2024-12-04T10:17:35.815+0000] {processor.py:208} INFO - Processing /opt/airflow/dags/csv_to_kafka_with_redis.py took 0.886 seconds
[2024-12-04T10:18:06.446+0000] {processor.py:186} INFO - Started process (PID=1663) to work on /opt/airflow/dags/csv_to_kafka_with_redis.py
[2024-12-04T10:18:06.448+0000] {processor.py:914} INFO - Processing file /opt/airflow/dags/csv_to_kafka_with_redis.py for tasks to queue
[2024-12-04T10:18:06.453+0000] {logging_mixin.py:190} INFO - [2024-12-04T10:18:06.451+0000] {dagbag.py:588} INFO - Filling up the DagBag from /opt/airflow/dags/csv_to_kafka_with_redis.py
[2024-12-04T10:18:07.385+0000] {processor.py:927} WARNING - No viable dags retrieved from /opt/airflow/dags/csv_to_kafka_with_redis.py
[2024-12-04T10:18:07.423+0000] {processor.py:208} INFO - Processing /opt/airflow/dags/csv_to_kafka_with_redis.py took 0.991 seconds
[2024-12-04T10:24:17.921+0000] {processor.py:186} INFO - Started process (PID=1703) to work on /opt/airflow/dags/csv_to_kafka_with_redis.py
[2024-12-04T10:24:17.922+0000] {processor.py:914} INFO - Processing file /opt/airflow/dags/csv_to_kafka_with_redis.py for tasks to queue
[2024-12-04T10:24:17.924+0000] {logging_mixin.py:190} INFO - [2024-12-04T10:24:17.924+0000] {dagbag.py:588} INFO - Filling up the DagBag from /opt/airflow/dags/csv_to_kafka_with_redis.py
[2024-12-04T10:24:18.861+0000] {processor.py:927} WARNING - No viable dags retrieved from /opt/airflow/dags/csv_to_kafka_with_redis.py
[2024-12-04T10:24:18.904+0000] {processor.py:208} INFO - Processing /opt/airflow/dags/csv_to_kafka_with_redis.py took 0.989 seconds
[2024-12-04T10:24:49.550+0000] {processor.py:186} INFO - Started process (PID=1716) to work on /opt/airflow/dags/csv_to_kafka_with_redis.py
[2024-12-04T10:24:49.552+0000] {processor.py:914} INFO - Processing file /opt/airflow/dags/csv_to_kafka_with_redis.py for tasks to queue
[2024-12-04T10:24:49.554+0000] {logging_mixin.py:190} INFO - [2024-12-04T10:24:49.553+0000] {dagbag.py:588} INFO - Filling up the DagBag from /opt/airflow/dags/csv_to_kafka_with_redis.py
[2024-12-04T10:24:50.247+0000] {processor.py:927} WARNING - No viable dags retrieved from /opt/airflow/dags/csv_to_kafka_with_redis.py
[2024-12-04T10:24:50.277+0000] {processor.py:208} INFO - Processing /opt/airflow/dags/csv_to_kafka_with_redis.py took 0.734 seconds
[2024-12-04T10:25:21.307+0000] {processor.py:186} INFO - Started process (PID=1730) to work on /opt/airflow/dags/csv_to_kafka_with_redis.py
[2024-12-04T10:25:21.309+0000] {processor.py:914} INFO - Processing file /opt/airflow/dags/csv_to_kafka_with_redis.py for tasks to queue
[2024-12-04T10:25:21.311+0000] {logging_mixin.py:190} INFO - [2024-12-04T10:25:21.311+0000] {dagbag.py:588} INFO - Filling up the DagBag from /opt/airflow/dags/csv_to_kafka_with_redis.py
[2024-12-04T10:25:22.207+0000] {processor.py:927} WARNING - No viable dags retrieved from /opt/airflow/dags/csv_to_kafka_with_redis.py
[2024-12-04T10:25:22.238+0000] {processor.py:208} INFO - Processing /opt/airflow/dags/csv_to_kafka_with_redis.py took 0.976 seconds
[2024-12-04T10:25:53.397+0000] {processor.py:186} INFO - Started process (PID=1743) to work on /opt/airflow/dags/csv_to_kafka_with_redis.py
[2024-12-04T10:25:53.400+0000] {processor.py:914} INFO - Processing file /opt/airflow/dags/csv_to_kafka_with_redis.py for tasks to queue
[2024-12-04T10:25:53.403+0000] {logging_mixin.py:190} INFO - [2024-12-04T10:25:53.402+0000] {dagbag.py:588} INFO - Filling up the DagBag from /opt/airflow/dags/csv_to_kafka_with_redis.py
[2024-12-04T10:25:54.404+0000] {processor.py:927} WARNING - No viable dags retrieved from /opt/airflow/dags/csv_to_kafka_with_redis.py
[2024-12-04T10:25:54.438+0000] {processor.py:208} INFO - Processing /opt/airflow/dags/csv_to_kafka_with_redis.py took 1.057 seconds
[2024-12-04T10:28:35.939+0000] {processor.py:186} INFO - Started process (PID=1772) to work on /opt/airflow/dags/csv_to_kafka_with_redis.py
[2024-12-04T10:28:35.941+0000] {processor.py:914} INFO - Processing file /opt/airflow/dags/csv_to_kafka_with_redis.py for tasks to queue
[2024-12-04T10:28:35.943+0000] {logging_mixin.py:190} INFO - [2024-12-04T10:28:35.943+0000] {dagbag.py:588} INFO - Filling up the DagBag from /opt/airflow/dags/csv_to_kafka_with_redis.py
[2024-12-04T10:28:36.928+0000] {processor.py:927} WARNING - No viable dags retrieved from /opt/airflow/dags/csv_to_kafka_with_redis.py
[2024-12-04T10:28:36.958+0000] {processor.py:208} INFO - Processing /opt/airflow/dags/csv_to_kafka_with_redis.py took 1.027 seconds
[2024-12-04T10:29:07.551+0000] {processor.py:186} INFO - Started process (PID=1785) to work on /opt/airflow/dags/csv_to_kafka_with_redis.py
[2024-12-04T10:29:07.553+0000] {processor.py:914} INFO - Processing file /opt/airflow/dags/csv_to_kafka_with_redis.py for tasks to queue
[2024-12-04T10:29:07.556+0000] {logging_mixin.py:190} INFO - [2024-12-04T10:29:07.556+0000] {dagbag.py:588} INFO - Filling up the DagBag from /opt/airflow/dags/csv_to_kafka_with_redis.py
[2024-12-04T10:29:08.291+0000] {processor.py:927} WARNING - No viable dags retrieved from /opt/airflow/dags/csv_to_kafka_with_redis.py
[2024-12-04T10:29:08.330+0000] {processor.py:208} INFO - Processing /opt/airflow/dags/csv_to_kafka_with_redis.py took 0.786 seconds
[2024-12-04T10:29:39.551+0000] {processor.py:186} INFO - Started process (PID=1801) to work on /opt/airflow/dags/csv_to_kafka_with_redis.py
[2024-12-04T10:29:39.553+0000] {processor.py:914} INFO - Processing file /opt/airflow/dags/csv_to_kafka_with_redis.py for tasks to queue
[2024-12-04T10:29:39.560+0000] {logging_mixin.py:190} INFO - [2024-12-04T10:29:39.558+0000] {dagbag.py:588} INFO - Filling up the DagBag from /opt/airflow/dags/csv_to_kafka_with_redis.py
[2024-12-04T10:29:40.752+0000] {processor.py:927} WARNING - No viable dags retrieved from /opt/airflow/dags/csv_to_kafka_with_redis.py
[2024-12-04T10:29:40.795+0000] {processor.py:208} INFO - Processing /opt/airflow/dags/csv_to_kafka_with_redis.py took 1.259 seconds
[2024-12-04T10:30:11.206+0000] {processor.py:186} INFO - Started process (PID=1814) to work on /opt/airflow/dags/csv_to_kafka_with_redis.py
[2024-12-04T10:30:11.209+0000] {processor.py:914} INFO - Processing file /opt/airflow/dags/csv_to_kafka_with_redis.py for tasks to queue
[2024-12-04T10:30:11.212+0000] {logging_mixin.py:190} INFO - [2024-12-04T10:30:11.211+0000] {dagbag.py:588} INFO - Filling up the DagBag from /opt/airflow/dags/csv_to_kafka_with_redis.py
[2024-12-04T10:30:12.450+0000] {processor.py:927} WARNING - No viable dags retrieved from /opt/airflow/dags/csv_to_kafka_with_redis.py
[2024-12-04T10:30:12.503+0000] {processor.py:208} INFO - Processing /opt/airflow/dags/csv_to_kafka_with_redis.py took 1.307 seconds
[2024-12-04T10:30:43.783+0000] {processor.py:186} INFO - Started process (PID=1827) to work on /opt/airflow/dags/csv_to_kafka_with_redis.py
[2024-12-04T10:30:43.785+0000] {processor.py:914} INFO - Processing file /opt/airflow/dags/csv_to_kafka_with_redis.py for tasks to queue
[2024-12-04T10:30:43.788+0000] {logging_mixin.py:190} INFO - [2024-12-04T10:30:43.787+0000] {dagbag.py:588} INFO - Filling up the DagBag from /opt/airflow/dags/csv_to_kafka_with_redis.py
[2024-12-04T10:30:44.690+0000] {processor.py:927} WARNING - No viable dags retrieved from /opt/airflow/dags/csv_to_kafka_with_redis.py
[2024-12-04T10:30:44.736+0000] {processor.py:208} INFO - Processing /opt/airflow/dags/csv_to_kafka_with_redis.py took 0.963 seconds
[2024-12-04T10:31:15.100+0000] {processor.py:186} INFO - Started process (PID=1840) to work on /opt/airflow/dags/csv_to_kafka_with_redis.py
[2024-12-04T10:31:15.102+0000] {processor.py:914} INFO - Processing file /opt/airflow/dags/csv_to_kafka_with_redis.py for tasks to queue
[2024-12-04T10:31:15.104+0000] {logging_mixin.py:190} INFO - [2024-12-04T10:31:15.104+0000] {dagbag.py:588} INFO - Filling up the DagBag from /opt/airflow/dags/csv_to_kafka_with_redis.py
[2024-12-04T10:31:15.787+0000] {processor.py:927} WARNING - No viable dags retrieved from /opt/airflow/dags/csv_to_kafka_with_redis.py
[2024-12-04T10:31:15.835+0000] {processor.py:208} INFO - Processing /opt/airflow/dags/csv_to_kafka_with_redis.py took 0.742 seconds
[2024-12-04T10:31:46.032+0000] {processor.py:186} INFO - Started process (PID=1853) to work on /opt/airflow/dags/csv_to_kafka_with_redis.py
[2024-12-04T10:31:46.034+0000] {processor.py:914} INFO - Processing file /opt/airflow/dags/csv_to_kafka_with_redis.py for tasks to queue
[2024-12-04T10:31:46.035+0000] {logging_mixin.py:190} INFO - [2024-12-04T10:31:46.035+0000] {dagbag.py:588} INFO - Filling up the DagBag from /opt/airflow/dags/csv_to_kafka_with_redis.py
[2024-12-04T10:31:46.999+0000] {processor.py:927} WARNING - No viable dags retrieved from /opt/airflow/dags/csv_to_kafka_with_redis.py
[2024-12-04T10:31:47.043+0000] {processor.py:208} INFO - Processing /opt/airflow/dags/csv_to_kafka_with_redis.py took 1.018 seconds
[2024-12-04T10:32:18.137+0000] {processor.py:186} INFO - Started process (PID=1866) to work on /opt/airflow/dags/csv_to_kafka_with_redis.py
[2024-12-04T10:32:18.139+0000] {processor.py:914} INFO - Processing file /opt/airflow/dags/csv_to_kafka_with_redis.py for tasks to queue
[2024-12-04T10:32:18.141+0000] {logging_mixin.py:190} INFO - [2024-12-04T10:32:18.141+0000] {dagbag.py:588} INFO - Filling up the DagBag from /opt/airflow/dags/csv_to_kafka_with_redis.py
[2024-12-04T10:32:18.920+0000] {processor.py:927} WARNING - No viable dags retrieved from /opt/airflow/dags/csv_to_kafka_with_redis.py
[2024-12-04T10:32:18.954+0000] {processor.py:208} INFO - Processing /opt/airflow/dags/csv_to_kafka_with_redis.py took 0.828 seconds
[2024-12-04T10:51:55.920+0000] {processor.py:186} INFO - Started process (PID=1906) to work on /opt/airflow/dags/csv_to_kafka_with_redis.py
[2024-12-04T10:51:55.923+0000] {processor.py:914} INFO - Processing file /opt/airflow/dags/csv_to_kafka_with_redis.py for tasks to queue
[2024-12-04T10:51:55.926+0000] {logging_mixin.py:190} INFO - [2024-12-04T10:51:55.925+0000] {dagbag.py:588} INFO - Filling up the DagBag from /opt/airflow/dags/csv_to_kafka_with_redis.py
[2024-12-04T10:51:58.009+0000] {processor.py:927} WARNING - No viable dags retrieved from /opt/airflow/dags/csv_to_kafka_with_redis.py
[2024-12-04T10:51:58.054+0000] {processor.py:208} INFO - Processing /opt/airflow/dags/csv_to_kafka_with_redis.py took 2.145 seconds
[2024-12-04T10:52:28.991+0000] {processor.py:186} INFO - Started process (PID=1919) to work on /opt/airflow/dags/csv_to_kafka_with_redis.py
[2024-12-04T10:52:28.993+0000] {processor.py:914} INFO - Processing file /opt/airflow/dags/csv_to_kafka_with_redis.py for tasks to queue
[2024-12-04T10:52:28.996+0000] {logging_mixin.py:190} INFO - [2024-12-04T10:52:28.995+0000] {dagbag.py:588} INFO - Filling up the DagBag from /opt/airflow/dags/csv_to_kafka_with_redis.py
[2024-12-04T10:52:29.969+0000] {processor.py:927} WARNING - No viable dags retrieved from /opt/airflow/dags/csv_to_kafka_with_redis.py
[2024-12-04T10:52:30.030+0000] {processor.py:208} INFO - Processing /opt/airflow/dags/csv_to_kafka_with_redis.py took 1.047 seconds
[2024-12-04T10:53:00.985+0000] {processor.py:186} INFO - Started process (PID=1932) to work on /opt/airflow/dags/csv_to_kafka_with_redis.py
[2024-12-04T10:53:00.987+0000] {processor.py:914} INFO - Processing file /opt/airflow/dags/csv_to_kafka_with_redis.py for tasks to queue
[2024-12-04T10:53:00.990+0000] {logging_mixin.py:190} INFO - [2024-12-04T10:53:00.990+0000] {dagbag.py:588} INFO - Filling up the DagBag from /opt/airflow/dags/csv_to_kafka_with_redis.py
[2024-12-04T10:53:01.923+0000] {processor.py:927} WARNING - No viable dags retrieved from /opt/airflow/dags/csv_to_kafka_with_redis.py
[2024-12-04T10:53:01.960+0000] {processor.py:208} INFO - Processing /opt/airflow/dags/csv_to_kafka_with_redis.py took 0.986 seconds
[2024-12-04T10:53:32.211+0000] {processor.py:186} INFO - Started process (PID=1945) to work on /opt/airflow/dags/csv_to_kafka_with_redis.py
[2024-12-04T10:53:32.213+0000] {processor.py:914} INFO - Processing file /opt/airflow/dags/csv_to_kafka_with_redis.py for tasks to queue
[2024-12-04T10:53:32.214+0000] {logging_mixin.py:190} INFO - [2024-12-04T10:53:32.214+0000] {dagbag.py:588} INFO - Filling up the DagBag from /opt/airflow/dags/csv_to_kafka_with_redis.py
[2024-12-04T10:53:32.915+0000] {processor.py:927} WARNING - No viable dags retrieved from /opt/airflow/dags/csv_to_kafka_with_redis.py
[2024-12-04T10:53:32.946+0000] {processor.py:208} INFO - Processing /opt/airflow/dags/csv_to_kafka_with_redis.py took 0.741 seconds
[2024-12-04T10:54:03.182+0000] {processor.py:186} INFO - Started process (PID=1958) to work on /opt/airflow/dags/csv_to_kafka_with_redis.py
[2024-12-04T10:54:03.185+0000] {processor.py:914} INFO - Processing file /opt/airflow/dags/csv_to_kafka_with_redis.py for tasks to queue
[2024-12-04T10:54:03.188+0000] {logging_mixin.py:190} INFO - [2024-12-04T10:54:03.188+0000] {dagbag.py:588} INFO - Filling up the DagBag from /opt/airflow/dags/csv_to_kafka_with_redis.py
[2024-12-04T10:54:04.190+0000] {processor.py:927} WARNING - No viable dags retrieved from /opt/airflow/dags/csv_to_kafka_with_redis.py
[2024-12-04T10:54:04.223+0000] {processor.py:208} INFO - Processing /opt/airflow/dags/csv_to_kafka_with_redis.py took 1.050 seconds
[2024-12-04T10:54:34.609+0000] {processor.py:186} INFO - Started process (PID=1971) to work on /opt/airflow/dags/csv_to_kafka_with_redis.py
[2024-12-04T10:54:34.610+0000] {processor.py:914} INFO - Processing file /opt/airflow/dags/csv_to_kafka_with_redis.py for tasks to queue
[2024-12-04T10:54:34.613+0000] {logging_mixin.py:190} INFO - [2024-12-04T10:54:34.612+0000] {dagbag.py:588} INFO - Filling up the DagBag from /opt/airflow/dags/csv_to_kafka_with_redis.py
[2024-12-04T10:54:35.457+0000] {processor.py:927} WARNING - No viable dags retrieved from /opt/airflow/dags/csv_to_kafka_with_redis.py
[2024-12-04T10:54:35.487+0000] {processor.py:208} INFO - Processing /opt/airflow/dags/csv_to_kafka_with_redis.py took 0.887 seconds
[2024-12-04T10:55:06.140+0000] {processor.py:186} INFO - Started process (PID=1984) to work on /opt/airflow/dags/csv_to_kafka_with_redis.py
[2024-12-04T10:55:06.143+0000] {processor.py:914} INFO - Processing file /opt/airflow/dags/csv_to_kafka_with_redis.py for tasks to queue
[2024-12-04T10:55:06.146+0000] {logging_mixin.py:190} INFO - [2024-12-04T10:55:06.145+0000] {dagbag.py:588} INFO - Filling up the DagBag from /opt/airflow/dags/csv_to_kafka_with_redis.py
[2024-12-04T10:55:07.094+0000] {processor.py:927} WARNING - No viable dags retrieved from /opt/airflow/dags/csv_to_kafka_with_redis.py
[2024-12-04T10:55:07.150+0000] {processor.py:208} INFO - Processing /opt/airflow/dags/csv_to_kafka_with_redis.py took 1.019 seconds
