[2024-12-03T00:24:37.078+0000] {local_task_job_runner.py:123} INFO - ::group::Pre task execution logs
[2024-12-03T00:24:37.112+0000] {taskinstance.py:2613} INFO - Dependencies all met for dep_context=non-requeueable deps ti=<TaskInstance: kafka_hive_pipeline_threaded.sync_producer_and_consumer manual__2024-12-03T00:24:22.020680+00:00 [queued]>
[2024-12-03T00:24:37.136+0000] {taskinstance.py:2613} INFO - Dependencies all met for dep_context=requeueable deps ti=<TaskInstance: kafka_hive_pipeline_threaded.sync_producer_and_consumer manual__2024-12-03T00:24:22.020680+00:00 [queued]>
[2024-12-03T00:24:37.150+0000] {taskinstance.py:2866} INFO - Starting attempt 1 of 1
[2024-12-03T00:24:37.229+0000] {taskinstance.py:2889} INFO - Executing <Task(PythonOperator): sync_producer_and_consumer> on 2024-12-03 00:24:22.020680+00:00
[2024-12-03T00:24:37.246+0000] {standard_task_runner.py:104} INFO - Running: ['airflow', 'tasks', 'run', 'kafka_hive_pipeline_threaded', 'sync_producer_and_consumer', 'manual__2024-12-03T00:24:22.020680+00:00', '--job-id', '173', '--raw', '--subdir', 'DAGS_FOLDER/gestion_airflow.py', '--cfg-path', '/tmp/tmp7eiejnq6']
[2024-12-03T00:24:37.251+0000] {standard_task_runner.py:105} INFO - Job 173: Subtask sync_producer_and_consumer
[2024-12-03T00:24:37.251+0000] {logging_mixin.py:190} WARNING - /home/airflow/.local/lib/python3.12/site-packages/airflow/task/task_runner/standard_task_runner.py:70 DeprecationWarning: This process (pid=7962) is multi-threaded, use of fork() may lead to deadlocks in the child.
[2024-12-03T00:24:37.253+0000] {standard_task_runner.py:72} INFO - Started process 7976 to run task
[2024-12-03T00:24:37.447+0000] {task_command.py:467} INFO - Running <TaskInstance: kafka_hive_pipeline_threaded.sync_producer_and_consumer manual__2024-12-03T00:24:22.020680+00:00 [running]> on host 45770b1a429e
[2024-12-03T00:24:37.720+0000] {taskinstance.py:3132} INFO - Exporting env vars: AIRFLOW_CTX_DAG_OWNER='airflow' AIRFLOW_CTX_DAG_ID='kafka_hive_pipeline_threaded' AIRFLOW_CTX_TASK_ID='sync_producer_and_consumer' AIRFLOW_CTX_EXECUTION_DATE='2024-12-03T00:24:22.020680+00:00' AIRFLOW_CTX_TRY_NUMBER='1' AIRFLOW_CTX_DAG_RUN_ID='manual__2024-12-03T00:24:22.020680+00:00'
[2024-12-03T00:24:37.722+0000] {taskinstance.py:731} INFO - ::endgroup::
[2024-12-03T00:24:37.895+0000] {csv_to_kafka_with_redis.py:50} INFO - Loaded CSV Data:
    Invoice ID Branch       City  ... gross margin percentage gross income Rating
0  750-67-8428      A     Yangon  ...                4.761905      26.1415    9.1
1  226-31-3081      C  Naypyitaw  ...                4.761905       3.8200    9.6
2  631-41-3108      A     Yangon  ...                4.761905      16.2155    7.4
3  123-19-1176      A     Yangon  ...                4.761905      23.2880    8.4
4  373-73-7910      A     Yangon  ...                4.761905      30.2085    5.3

[5 rows x 17 columns]
[2024-12-03T00:24:37.898+0000] {csv_to_kafka_with_redis.py:84} INFO - Row data before serialization: {'id': 'f62657d3-f824-49e4-b7c2-fc549787ecc0', 'invoice_id': '750-67-8428', 'branch': 'A', 'city': 'Yangon', 'customer_type': 'Member', 'gender': 'Female', 'product_line': 'Health and beauty', 'unit_price': 74.69, 'quantity': 7, 'tax_5_percent': 26.1415, 'total': 548.9715, 'date': '1/5/2019', 'time': '13:08', 'payment': 'Ewallet', 'cogs': 522.83, 'gross_margin_percentage': 4.761904762, 'gross_income': 26.1415, 'rating': 9.1}
[2024-12-03T00:24:37.932+0000] {csv_to_kafka_with_redis.py:84} INFO - Row data before serialization: {'id': '0dafb36d-ad07-447c-bc7c-f63fc10bb16d', 'invoice_id': '226-31-3081', 'branch': 'C', 'city': 'Naypyitaw', 'customer_type': 'Normal', 'gender': 'Female', 'product_line': 'Electronic accessories', 'unit_price': 15.28, 'quantity': 5, 'tax_5_percent': 3.82, 'total': 80.22, 'date': '3/8/2019', 'time': '10:29', 'payment': 'Cash', 'cogs': 76.4, 'gross_margin_percentage': 4.761904762, 'gross_income': 3.82, 'rating': 9.6}
[2024-12-03T00:24:37.935+0000] {csv_to_kafka_with_redis.py:84} INFO - Row data before serialization: {'id': '026998a3-8e0f-4909-86b8-148a01a1242e', 'invoice_id': '631-41-3108', 'branch': 'A', 'city': 'Yangon', 'customer_type': 'Normal', 'gender': 'Male', 'product_line': 'Home and lifestyle', 'unit_price': 46.33, 'quantity': 7, 'tax_5_percent': 16.2155, 'total': 340.5255, 'date': '3/3/2019', 'time': '13:23', 'payment': 'Credit card', 'cogs': 324.31, 'gross_margin_percentage': 4.761904762, 'gross_income': 16.2155, 'rating': 7.4}
[2024-12-03T00:24:37.938+0000] {csv_to_kafka_with_redis.py:84} INFO - Row data before serialization: {'id': '68647ced-d965-4fc6-8ccd-2d211df68936', 'invoice_id': '123-19-1176', 'branch': 'A', 'city': 'Yangon', 'customer_type': 'Member', 'gender': 'Male', 'product_line': 'Health and beauty', 'unit_price': 58.22, 'quantity': 8, 'tax_5_percent': 23.288, 'total': 489.048, 'date': '1/27/2019', 'time': '20:33', 'payment': 'Ewallet', 'cogs': 465.76, 'gross_margin_percentage': 4.761904762, 'gross_income': 23.288, 'rating': 8.4}
[2024-12-03T00:24:37.942+0000] {csv_to_kafka_with_redis.py:84} INFO - Row data before serialization: {'id': 'd77d8d1b-2fb0-4f8c-9094-b08d42452ea2', 'invoice_id': '373-73-7910', 'branch': 'A', 'city': 'Yangon', 'customer_type': 'Normal', 'gender': 'Male', 'product_line': 'Sports and travel', 'unit_price': 86.31, 'quantity': 7, 'tax_5_percent': 30.2085, 'total': 634.3785, 'date': '2/8/2019', 'time': '10:37', 'payment': 'Ewallet', 'cogs': 604.17, 'gross_margin_percentage': 4.761904762, 'gross_income': 30.2085, 'rating': 5.3}
[2024-12-03T00:24:37.945+0000] {csv_to_kafka_with_redis.py:84} INFO - Row data before serialization: {'id': '4b42f0cb-d553-4a83-af0b-20fb61c45e5a', 'invoice_id': '699-14-3026', 'branch': 'C', 'city': 'Naypyitaw', 'customer_type': 'Normal', 'gender': 'Male', 'product_line': 'Electronic accessories', 'unit_price': 85.39, 'quantity': 7, 'tax_5_percent': 29.8865, 'total': 627.6165, 'date': '3/25/2019', 'time': '18:30', 'payment': 'Ewallet', 'cogs': 597.73, 'gross_margin_percentage': 4.761904762, 'gross_income': 29.8865, 'rating': 4.1}
[2024-12-03T00:24:37.946+0000] {csv_to_kafka_with_redis.py:84} INFO - Row data before serialization: {'id': '2d204e10-12fb-4d33-a375-a7ed5179e284', 'invoice_id': '355-53-5943', 'branch': 'A', 'city': 'Yangon', 'customer_type': 'Member', 'gender': 'Female', 'product_line': 'Electronic accessories', 'unit_price': 68.84, 'quantity': 6, 'tax_5_percent': 20.652, 'total': 433.692, 'date': '2/25/2019', 'time': '14:36', 'payment': 'Ewallet', 'cogs': 413.04, 'gross_margin_percentage': 4.761904762, 'gross_income': 20.652, 'rating': 5.8}
[2024-12-03T00:24:37.948+0000] {csv_to_kafka_with_redis.py:84} INFO - Row data before serialization: {'id': '2b92d912-48aa-45ec-b832-f1176027f92e', 'invoice_id': '315-22-5665', 'branch': 'C', 'city': 'Naypyitaw', 'customer_type': 'Normal', 'gender': 'Female', 'product_line': 'Home and lifestyle', 'unit_price': 73.56, 'quantity': 10, 'tax_5_percent': 36.78, 'total': 772.38, 'date': '2/24/2019', 'time': '11:38', 'payment': 'Ewallet', 'cogs': 735.6, 'gross_margin_percentage': 4.761904762, 'gross_income': 36.78, 'rating': 8.0}
[2024-12-03T00:24:37.950+0000] {csv_to_kafka_with_redis.py:84} INFO - Row data before serialization: {'id': 'a6dd95da-6315-4f2c-b03a-3bd7443f7028', 'invoice_id': '665-32-9167', 'branch': 'A', 'city': 'Yangon', 'customer_type': 'Member', 'gender': 'Female', 'product_line': 'Health and beauty', 'unit_price': 36.26, 'quantity': 2, 'tax_5_percent': 3.626, 'total': 76.146, 'date': '1/10/2019', 'time': '17:15', 'payment': 'Credit card', 'cogs': 72.52, 'gross_margin_percentage': 4.761904762, 'gross_income': 3.626, 'rating': 7.2}
[2024-12-03T00:24:37.952+0000] {csv_to_kafka_with_redis.py:84} INFO - Row data before serialization: {'id': 'be8351dc-d57a-42a7-88e0-e17f85da77c1', 'invoice_id': '692-92-5582', 'branch': 'B', 'city': 'Mandalay', 'customer_type': 'Member', 'gender': 'Female', 'product_line': 'Food and beverages', 'unit_price': 54.84, 'quantity': 3, 'tax_5_percent': 8.226, 'total': 172.746, 'date': '2/20/2019', 'time': '13:27', 'payment': 'Credit card', 'cogs': 164.52, 'gross_margin_percentage': 4.761904762, 'gross_income': 8.226, 'rating': 5.9}
[2024-12-03T00:24:37.955+0000] {csv_to_kafka_with_redis.py:84} INFO - Row data before serialization: {'id': '5fb6d7a1-eb16-4139-9b6d-d72582b547dc', 'invoice_id': '351-62-0822', 'branch': 'B', 'city': 'Mandalay', 'customer_type': 'Member', 'gender': 'Female', 'product_line': 'Fashion accessories', 'unit_price': 14.48, 'quantity': 4, 'tax_5_percent': 2.896, 'total': 60.816, 'date': '2/6/2019', 'time': '18:07', 'payment': 'Ewallet', 'cogs': 57.92, 'gross_margin_percentage': 4.761904762, 'gross_income': 2.896, 'rating': 4.5}
[2024-12-03T00:24:37.960+0000] {csv_to_kafka_with_redis.py:84} INFO - Row data before serialization: {'id': 'f0ec3267-f541-43d5-8e96-636e35c388ff', 'invoice_id': '529-56-3974', 'branch': 'B', 'city': 'Mandalay', 'customer_type': 'Member', 'gender': 'Male', 'product_line': 'Electronic accessories', 'unit_price': 25.51, 'quantity': 4, 'tax_5_percent': 5.102, 'total': 107.142, 'date': '3/9/2019', 'time': '17:03', 'payment': 'Cash', 'cogs': 102.04, 'gross_margin_percentage': 4.761904762, 'gross_income': 5.102, 'rating': 6.8}
[2024-12-03T00:24:37.962+0000] {csv_to_kafka_with_redis.py:84} INFO - Row data before serialization: {'id': '8fb10d8b-0b5a-482c-87f1-0e29b00458ab', 'invoice_id': '365-64-0515', 'branch': 'A', 'city': 'Yangon', 'customer_type': 'Normal', 'gender': 'Female', 'product_line': 'Electronic accessories', 'unit_price': 46.95, 'quantity': 5, 'tax_5_percent': 11.7375, 'total': 246.4875, 'date': '2/12/2019', 'time': '10:25', 'payment': 'Ewallet', 'cogs': 234.75, 'gross_margin_percentage': 4.761904762, 'gross_income': 11.7375, 'rating': 7.1}
[2024-12-03T00:24:37.963+0000] {csv_to_kafka_with_redis.py:84} INFO - Row data before serialization: {'id': 'fb69fc35-fcb4-4118-b235-1b896766743b', 'invoice_id': '252-56-2699', 'branch': 'A', 'city': 'Yangon', 'customer_type': 'Normal', 'gender': 'Male', 'product_line': 'Food and beverages', 'unit_price': 43.19, 'quantity': 10, 'tax_5_percent': 21.595, 'total': 453.495, 'date': '2/7/2019', 'time': '16:48', 'payment': 'Ewallet', 'cogs': 431.9, 'gross_margin_percentage': 4.761904762, 'gross_income': 21.595, 'rating': 8.2}
[2024-12-03T00:24:37.966+0000] {csv_to_kafka_with_redis.py:84} INFO - Row data before serialization: {'id': '884ac3c2-a98d-45d2-a5f4-40802259b3ed', 'invoice_id': '829-34-3910', 'branch': 'A', 'city': 'Yangon', 'customer_type': 'Normal', 'gender': 'Female', 'product_line': 'Health and beauty', 'unit_price': 71.38, 'quantity': 10, 'tax_5_percent': 35.69, 'total': 749.49, 'date': '3/29/2019', 'time': '19:21', 'payment': 'Cash', 'cogs': 713.8, 'gross_margin_percentage': 4.761904762, 'gross_income': 35.69, 'rating': 5.7}
[2024-12-03T00:24:37.968+0000] {csv_to_kafka_with_redis.py:84} INFO - Row data before serialization: {'id': 'c0fedfcf-56ca-49b1-9963-6d2333c7100d', 'invoice_id': '299-46-1805', 'branch': 'B', 'city': 'Mandalay', 'customer_type': 'Member', 'gender': 'Female', 'product_line': 'Sports and travel', 'unit_price': 93.72, 'quantity': 6, 'tax_5_percent': 28.116, 'total': 590.436, 'date': '1/15/2019', 'time': '16:19', 'payment': 'Cash', 'cogs': 562.32, 'gross_margin_percentage': 4.761904762, 'gross_income': 28.116, 'rating': 4.5}
[2024-12-03T00:24:37.971+0000] {csv_to_kafka_with_redis.py:84} INFO - Row data before serialization: {'id': '821dd3b7-40ae-44a7-9cfa-95920d5d34cf', 'invoice_id': '656-95-9349', 'branch': 'A', 'city': 'Yangon', 'customer_type': 'Member', 'gender': 'Female', 'product_line': 'Health and beauty', 'unit_price': 68.93, 'quantity': 7, 'tax_5_percent': 24.1255, 'total': 506.6355, 'date': '3/11/2019', 'time': '11:03', 'payment': 'Credit card', 'cogs': 482.51, 'gross_margin_percentage': 4.761904762, 'gross_income': 24.1255, 'rating': 4.6}
[2024-12-03T00:24:37.973+0000] {csv_to_kafka_with_redis.py:84} INFO - Row data before serialization: {'id': '3439b2cf-cd2b-4f4e-b992-af79596ab980', 'invoice_id': '765-26-6951', 'branch': 'A', 'city': 'Yangon', 'customer_type': 'Normal', 'gender': 'Male', 'product_line': 'Sports and travel', 'unit_price': 72.61, 'quantity': 6, 'tax_5_percent': 21.783, 'total': 457.443, 'date': '1/1/2019', 'time': '10:39', 'payment': 'Credit card', 'cogs': 435.66, 'gross_margin_percentage': 4.761904762, 'gross_income': 21.783, 'rating': 6.9}
[2024-12-03T00:24:37.977+0000] {csv_to_kafka_with_redis.py:84} INFO - Row data before serialization: {'id': '72231048-1fbf-46ed-8801-84d7efc1ecdd', 'invoice_id': '329-62-1586', 'branch': 'A', 'city': 'Yangon', 'customer_type': 'Normal', 'gender': 'Male', 'product_line': 'Food and beverages', 'unit_price': 54.67, 'quantity': 3, 'tax_5_percent': 8.2005, 'total': 172.2105, 'date': '1/21/2019', 'time': '18:00', 'payment': 'Credit card', 'cogs': 164.01, 'gross_margin_percentage': 4.761904762, 'gross_income': 8.2005, 'rating': 8.6}
[2024-12-03T00:24:37.978+0000] {csv_to_kafka_with_redis.py:84} INFO - Row data before serialization: {'id': '87f9e8da-203f-4d89-ab31-56e3af550344', 'invoice_id': '319-50-3348', 'branch': 'B', 'city': 'Mandalay', 'customer_type': 'Normal', 'gender': 'Female', 'product_line': 'Home and lifestyle', 'unit_price': 40.3, 'quantity': 2, 'tax_5_percent': 4.03, 'total': 84.63, 'date': '3/11/2019', 'time': '15:30', 'payment': 'Ewallet', 'cogs': 80.6, 'gross_margin_percentage': 4.761904762, 'gross_income': 4.03, 'rating': 4.4}
[2024-12-03T00:24:37.980+0000] {csv_to_kafka_with_redis.py:84} INFO - Row data before serialization: {'id': '3f519a71-dd0d-412d-a5fc-d8cbe8adab5e', 'invoice_id': '300-71-4605', 'branch': 'C', 'city': 'Naypyitaw', 'customer_type': 'Member', 'gender': 'Male', 'product_line': 'Electronic accessories', 'unit_price': 86.04, 'quantity': 5, 'tax_5_percent': 21.51, 'total': 451.71, 'date': '2/25/2019', 'time': '11:24', 'payment': 'Ewallet', 'cogs': 430.2, 'gross_margin_percentage': 4.761904762, 'gross_income': 21.51, 'rating': 4.8}
[2024-12-03T00:24:37.982+0000] {csv_to_kafka_with_redis.py:84} INFO - Row data before serialization: {'id': '1a804e96-8569-429e-a9ee-64310bd65162', 'invoice_id': '371-85-5789', 'branch': 'B', 'city': 'Mandalay', 'customer_type': 'Normal', 'gender': 'Male', 'product_line': 'Health and beauty', 'unit_price': 87.98, 'quantity': 3, 'tax_5_percent': 13.197, 'total': 277.137, 'date': '3/5/2019', 'time': '10:40', 'payment': 'Ewallet', 'cogs': 263.94, 'gross_margin_percentage': 4.761904762, 'gross_income': 13.197, 'rating': 5.1}
[2024-12-03T00:24:37.984+0000] {csv_to_kafka_with_redis.py:84} INFO - Row data before serialization: {'id': '52027539-846f-41b3-ab1c-d5d8bbb6cb25', 'invoice_id': '273-16-6619', 'branch': 'B', 'city': 'Mandalay', 'customer_type': 'Normal', 'gender': 'Male', 'product_line': 'Home and lifestyle', 'unit_price': 33.2, 'quantity': 2, 'tax_5_percent': 3.32, 'total': 69.72, 'date': '3/15/2019', 'time': '12:20', 'payment': 'Credit card', 'cogs': 66.4, 'gross_margin_percentage': 4.761904762, 'gross_income': 3.32, 'rating': 4.4}
[2024-12-03T00:24:37.986+0000] {csv_to_kafka_with_redis.py:84} INFO - Row data before serialization: {'id': '4cace73a-c6c2-4cac-8542-73f81f297cc9', 'invoice_id': '636-48-8204', 'branch': 'A', 'city': 'Yangon', 'customer_type': 'Normal', 'gender': 'Male', 'product_line': 'Electronic accessories', 'unit_price': 34.56, 'quantity': 5, 'tax_5_percent': 8.64, 'total': 181.44, 'date': '2/17/2019', 'time': '11:15', 'payment': 'Ewallet', 'cogs': 172.8, 'gross_margin_percentage': 4.761904762, 'gross_income': 8.64, 'rating': 9.9}
[2024-12-03T00:24:37.988+0000] {csv_to_kafka_with_redis.py:84} INFO - Row data before serialization: {'id': '9bcc8e7f-c696-4861-a2a8-b767a880b91c', 'invoice_id': '549-59-1358', 'branch': 'A', 'city': 'Yangon', 'customer_type': 'Member', 'gender': 'Male', 'product_line': 'Sports and travel', 'unit_price': 88.63, 'quantity': 3, 'tax_5_percent': 13.2945, 'total': 279.1845, 'date': '3/2/2019', 'time': '17:36', 'payment': 'Ewallet', 'cogs': 265.89, 'gross_margin_percentage': 4.761904762, 'gross_income': 13.2945, 'rating': 6.0}
[2024-12-03T00:24:37.993+0000] {csv_to_kafka_with_redis.py:84} INFO - Row data before serialization: {'id': '6aa5ad9a-b886-43ee-b7bc-d05377ee185b', 'invoice_id': '227-03-5010', 'branch': 'A', 'city': 'Yangon', 'customer_type': 'Member', 'gender': 'Female', 'product_line': 'Home and lifestyle', 'unit_price': 52.59, 'quantity': 8, 'tax_5_percent': 21.036, 'total': 441.756, 'date': '3/22/2019', 'time': '19:20', 'payment': 'Credit card', 'cogs': 420.72, 'gross_margin_percentage': 4.761904762, 'gross_income': 21.036, 'rating': 8.5}
[2024-12-03T00:24:37.995+0000] {csv_to_kafka_with_redis.py:84} INFO - Row data before serialization: {'id': '3254b889-ad14-4d35-80b5-59ebfc8ee683', 'invoice_id': '649-29-6775', 'branch': 'B', 'city': 'Mandalay', 'customer_type': 'Normal', 'gender': 'Male', 'product_line': 'Fashion accessories', 'unit_price': 33.52, 'quantity': 1, 'tax_5_percent': 1.676, 'total': 35.196, 'date': '2/8/2019', 'time': '15:31', 'payment': 'Cash', 'cogs': 33.52, 'gross_margin_percentage': 4.761904762, 'gross_income': 1.676, 'rating': 6.7}
[2024-12-03T00:24:37.996+0000] {csv_to_kafka_with_redis.py:84} INFO - Row data before serialization: {'id': 'df69e124-777b-4da6-a66a-6e42495707aa', 'invoice_id': '189-17-4241', 'branch': 'A', 'city': 'Yangon', 'customer_type': 'Normal', 'gender': 'Female', 'product_line': 'Fashion accessories', 'unit_price': 87.67, 'quantity': 2, 'tax_5_percent': 8.767, 'total': 184.107, 'date': '3/10/2019', 'time': '12:17', 'payment': 'Credit card', 'cogs': 175.34, 'gross_margin_percentage': 4.761904762, 'gross_income': 8.767, 'rating': 7.7}
[2024-12-03T00:24:37.998+0000] {csv_to_kafka_with_redis.py:84} INFO - Row data before serialization: {'id': '41f1cc98-e6a6-468d-be3c-524733006263', 'invoice_id': '145-94-9061', 'branch': 'B', 'city': 'Mandalay', 'customer_type': 'Normal', 'gender': 'Female', 'product_line': 'Food and beverages', 'unit_price': 88.36, 'quantity': 5, 'tax_5_percent': 22.09, 'total': 463.89, 'date': '1/25/2019', 'time': '19:48', 'payment': 'Cash', 'cogs': 441.8, 'gross_margin_percentage': 4.761904762, 'gross_income': 22.09, 'rating': 9.6}
[2024-12-03T00:24:38.001+0000] {csv_to_kafka_with_redis.py:84} INFO - Row data before serialization: {'id': '83e722dc-ae7a-449c-8413-c09e610fc31e', 'invoice_id': '848-62-7243', 'branch': 'A', 'city': 'Yangon', 'customer_type': 'Normal', 'gender': 'Male', 'product_line': 'Health and beauty', 'unit_price': 24.89, 'quantity': 9, 'tax_5_percent': 11.2005, 'total': 235.2105, 'date': '3/15/2019', 'time': '15:36', 'payment': 'Cash', 'cogs': 224.01, 'gross_margin_percentage': 4.761904762, 'gross_income': 11.2005, 'rating': 7.4}
[2024-12-03T00:24:38.003+0000] {csv_to_kafka_with_redis.py:84} INFO - Row data before serialization: {'id': '950095e8-6d28-4b38-934b-3fca6d038381', 'invoice_id': '871-79-8483', 'branch': 'B', 'city': 'Mandalay', 'customer_type': 'Normal', 'gender': 'Male', 'product_line': 'Fashion accessories', 'unit_price': 94.13, 'quantity': 5, 'tax_5_percent': 23.5325, 'total': 494.1825, 'date': '2/25/2019', 'time': '19:39', 'payment': 'Credit card', 'cogs': 470.65, 'gross_margin_percentage': 4.761904762, 'gross_income': 23.5325, 'rating': 4.8}
[2024-12-03T00:24:38.007+0000] {csv_to_kafka_with_redis.py:84} INFO - Row data before serialization: {'id': 'a0d33421-a896-4d2e-8321-e34c369d934b', 'invoice_id': '149-71-6266', 'branch': 'B', 'city': 'Mandalay', 'customer_type': 'Member', 'gender': 'Male', 'product_line': 'Sports and travel', 'unit_price': 78.07, 'quantity': 9, 'tax_5_percent': 35.1315, 'total': 737.7615, 'date': '1/28/2019', 'time': '12:43', 'payment': 'Cash', 'cogs': 702.63, 'gross_margin_percentage': 4.761904762, 'gross_income': 35.1315, 'rating': 4.5}
[2024-12-03T00:24:38.011+0000] {csv_to_kafka_with_redis.py:84} INFO - Row data before serialization: {'id': '09907afd-b436-4805-99be-97446f2e7502', 'invoice_id': '640-49-2076', 'branch': 'B', 'city': 'Mandalay', 'customer_type': 'Normal', 'gender': 'Male', 'product_line': 'Sports and travel', 'unit_price': 83.78, 'quantity': 8, 'tax_5_percent': 33.512, 'total': 703.752, 'date': '1/10/2019', 'time': '14:49', 'payment': 'Cash', 'cogs': 670.24, 'gross_margin_percentage': 4.761904762, 'gross_income': 33.512, 'rating': 5.1}
[2024-12-03T00:24:38.013+0000] {csv_to_kafka_with_redis.py:84} INFO - Row data before serialization: {'id': '2ebbc172-f517-4f1f-b1b3-2a1102f8b5e0', 'invoice_id': '595-11-5460', 'branch': 'A', 'city': 'Yangon', 'customer_type': 'Normal', 'gender': 'Male', 'product_line': 'Health and beauty', 'unit_price': 96.58, 'quantity': 2, 'tax_5_percent': 9.658, 'total': 202.818, 'date': '3/15/2019', 'time': '10:12', 'payment': 'Credit card', 'cogs': 193.16, 'gross_margin_percentage': 4.761904762, 'gross_income': 9.658, 'rating': 5.1}
[2024-12-03T00:24:38.015+0000] {csv_to_kafka_with_redis.py:84} INFO - Row data before serialization: {'id': 'e5ebc3db-b306-4309-b0de-54c793c7b741', 'invoice_id': '183-56-6882', 'branch': 'C', 'city': 'Naypyitaw', 'customer_type': 'Member', 'gender': 'Female', 'product_line': 'Food and beverages', 'unit_price': 99.42, 'quantity': 4, 'tax_5_percent': 19.884, 'total': 417.564, 'date': '2/6/2019', 'time': '10:42', 'payment': 'Ewallet', 'cogs': 397.68, 'gross_margin_percentage': 4.761904762, 'gross_income': 19.884, 'rating': 7.5}
[2024-12-03T00:24:38.017+0000] {csv_to_kafka_with_redis.py:84} INFO - Row data before serialization: {'id': 'fb8ce937-b0c7-4599-9534-f2ccf2d089f3', 'invoice_id': '232-16-2483', 'branch': 'C', 'city': 'Naypyitaw', 'customer_type': 'Member', 'gender': 'Female', 'product_line': 'Sports and travel', 'unit_price': 68.12, 'quantity': 1, 'tax_5_percent': 3.406, 'total': 71.526, 'date': '1/7/2019', 'time': '12:28', 'payment': 'Ewallet', 'cogs': 68.12, 'gross_margin_percentage': 4.761904762, 'gross_income': 3.406, 'rating': 6.8}
[2024-12-03T00:24:38.019+0000] {csv_to_kafka_with_redis.py:84} INFO - Row data before serialization: {'id': 'c1898aca-399f-43fe-9b6b-1b7dff398806', 'invoice_id': '129-29-8530', 'branch': 'A', 'city': 'Yangon', 'customer_type': 'Member', 'gender': 'Male', 'product_line': 'Sports and travel', 'unit_price': 62.62, 'quantity': 5, 'tax_5_percent': 15.655, 'total': 328.755, 'date': '3/10/2019', 'time': '19:15', 'payment': 'Ewallet', 'cogs': 313.1, 'gross_margin_percentage': 4.761904762, 'gross_income': 15.655, 'rating': 7.0}
[2024-12-03T00:24:38.023+0000] {csv_to_kafka_with_redis.py:84} INFO - Row data before serialization: {'id': '8c945c8d-03c0-4c73-8294-9b8d12857a7d', 'invoice_id': '272-65-1806', 'branch': 'A', 'city': 'Yangon', 'customer_type': 'Normal', 'gender': 'Female', 'product_line': 'Electronic accessories', 'unit_price': 60.88, 'quantity': 9, 'tax_5_percent': 27.396, 'total': 575.316, 'date': '1/15/2019', 'time': '17:17', 'payment': 'Ewallet', 'cogs': 547.92, 'gross_margin_percentage': 4.761904762, 'gross_income': 27.396, 'rating': 4.7}
[2024-12-03T00:24:38.027+0000] {csv_to_kafka_with_redis.py:84} INFO - Row data before serialization: {'id': '8c2dd09e-5421-4399-a723-4cdba5f36e2b', 'invoice_id': '333-73-7901', 'branch': 'C', 'city': 'Naypyitaw', 'customer_type': 'Normal', 'gender': 'Female', 'product_line': 'Health and beauty', 'unit_price': 54.92, 'quantity': 8, 'tax_5_percent': 21.968, 'total': 461.328, 'date': '3/23/2019', 'time': '13:24', 'payment': 'Ewallet', 'cogs': 439.36, 'gross_margin_percentage': 4.761904762, 'gross_income': 21.968, 'rating': 7.6}
[2024-12-03T00:24:38.029+0000] {csv_to_kafka_with_redis.py:84} INFO - Row data before serialization: {'id': 'e5f8cf5b-c0c1-4421-874f-f83783f47273', 'invoice_id': '777-82-7220', 'branch': 'B', 'city': 'Mandalay', 'customer_type': 'Member', 'gender': 'Male', 'product_line': 'Home and lifestyle', 'unit_price': 30.12, 'quantity': 8, 'tax_5_percent': 12.048, 'total': 253.008, 'date': '3/3/2019', 'time': '13:01', 'payment': 'Cash', 'cogs': 240.96, 'gross_margin_percentage': 4.761904762, 'gross_income': 12.048, 'rating': 7.7}
[2024-12-03T00:24:38.031+0000] {csv_to_kafka_with_redis.py:84} INFO - Row data before serialization: {'id': '1fb769d3-95a4-4c91-90e4-789030285b54', 'invoice_id': '280-35-5823', 'branch': 'B', 'city': 'Mandalay', 'customer_type': 'Member', 'gender': 'Female', 'product_line': 'Home and lifestyle', 'unit_price': 86.72, 'quantity': 1, 'tax_5_percent': 4.336, 'total': 91.056, 'date': '1/17/2019', 'time': '18:45', 'payment': 'Ewallet', 'cogs': 86.72, 'gross_margin_percentage': 4.761904762, 'gross_income': 4.336, 'rating': 7.9}
[2024-12-03T00:24:38.033+0000] {csv_to_kafka_with_redis.py:84} INFO - Row data before serialization: {'id': '8f6a3442-f0dd-4bb3-8f5c-49ee41af32d3', 'invoice_id': '554-53-8700', 'branch': 'C', 'city': 'Naypyitaw', 'customer_type': 'Member', 'gender': 'Male', 'product_line': 'Home and lifestyle', 'unit_price': 56.11, 'quantity': 2, 'tax_5_percent': 5.611, 'total': 117.831, 'date': '2/2/2019', 'time': '10:11', 'payment': 'Cash', 'cogs': 112.22, 'gross_margin_percentage': 4.761904762, 'gross_income': 5.611, 'rating': 6.3}
[2024-12-03T00:24:38.035+0000] {csv_to_kafka_with_redis.py:84} INFO - Row data before serialization: {'id': 'cffc1524-f456-421c-ac00-b20de61d3547', 'invoice_id': '354-25-5821', 'branch': 'B', 'city': 'Mandalay', 'customer_type': 'Member', 'gender': 'Female', 'product_line': 'Sports and travel', 'unit_price': 69.12, 'quantity': 6, 'tax_5_percent': 20.736, 'total': 435.456, 'date': '2/8/2019', 'time': '13:03', 'payment': 'Cash', 'cogs': 414.72, 'gross_margin_percentage': 4.761904762, 'gross_income': 20.736, 'rating': 5.6}
[2024-12-03T00:24:38.036+0000] {csv_to_kafka_with_redis.py:84} INFO - Row data before serialization: {'id': '0e887597-7c0a-4fa2-8a86-48e6710f5b8c', 'invoice_id': '228-96-1411', 'branch': 'C', 'city': 'Naypyitaw', 'customer_type': 'Member', 'gender': 'Female', 'product_line': 'Food and beverages', 'unit_price': 98.7, 'quantity': 8, 'tax_5_percent': 39.48, 'total': 829.08, 'date': '3/4/2019', 'time': '20:39', 'payment': 'Cash', 'cogs': 789.6, 'gross_margin_percentage': 4.761904762, 'gross_income': 39.48, 'rating': 7.6}
[2024-12-03T00:24:38.039+0000] {csv_to_kafka_with_redis.py:84} INFO - Row data before serialization: {'id': 'a1348410-964a-4344-a041-228e96f2605f', 'invoice_id': '617-15-4209', 'branch': 'C', 'city': 'Naypyitaw', 'customer_type': 'Member', 'gender': 'Male', 'product_line': 'Health and beauty', 'unit_price': 15.37, 'quantity': 2, 'tax_5_percent': 1.537, 'total': 32.277, 'date': '3/16/2019', 'time': '19:47', 'payment': 'Cash', 'cogs': 30.74, 'gross_margin_percentage': 4.761904762, 'gross_income': 1.537, 'rating': 7.2}
[2024-12-03T00:24:38.043+0000] {csv_to_kafka_with_redis.py:84} INFO - Row data before serialization: {'id': '16d3347b-1b34-45b7-a9d1-ef618bcfef43', 'invoice_id': '132-32-9879', 'branch': 'B', 'city': 'Mandalay', 'customer_type': 'Member', 'gender': 'Female', 'product_line': 'Electronic accessories', 'unit_price': 93.96, 'quantity': 4, 'tax_5_percent': 18.792, 'total': 394.632, 'date': '3/9/2019', 'time': '18:00', 'payment': 'Cash', 'cogs': 375.84, 'gross_margin_percentage': 4.761904762, 'gross_income': 18.792, 'rating': 9.5}
[2024-12-03T00:24:38.045+0000] {csv_to_kafka_with_redis.py:84} INFO - Row data before serialization: {'id': '635b7e5f-33d6-460d-9f72-7d13388a5832', 'invoice_id': '370-41-7321', 'branch': 'B', 'city': 'Mandalay', 'customer_type': 'Member', 'gender': 'Male', 'product_line': 'Health and beauty', 'unit_price': 56.69, 'quantity': 9, 'tax_5_percent': 25.5105, 'total': 535.7205, 'date': '2/27/2019', 'time': '17:24', 'payment': 'Credit card', 'cogs': 510.21, 'gross_margin_percentage': 4.761904762, 'gross_income': 25.5105, 'rating': 8.4}
[2024-12-03T00:24:38.047+0000] {csv_to_kafka_with_redis.py:84} INFO - Row data before serialization: {'id': 'fc458202-cd00-4ce8-b27e-2a2b3dbf8071', 'invoice_id': '727-46-3608', 'branch': 'B', 'city': 'Mandalay', 'customer_type': 'Member', 'gender': 'Female', 'product_line': 'Food and beverages', 'unit_price': 20.01, 'quantity': 9, 'tax_5_percent': 9.0045, 'total': 189.0945, 'date': '2/6/2019', 'time': '15:47', 'payment': 'Ewallet', 'cogs': 180.09, 'gross_margin_percentage': 4.761904762, 'gross_income': 9.0045, 'rating': 4.1}
[2024-12-03T00:24:38.049+0000] {csv_to_kafka_with_redis.py:84} INFO - Row data before serialization: {'id': 'f7879d82-770c-4bea-8741-fbde8d743fda', 'invoice_id': '669-54-1719', 'branch': 'B', 'city': 'Mandalay', 'customer_type': 'Member', 'gender': 'Male', 'product_line': 'Electronic accessories', 'unit_price': 18.93, 'quantity': 6, 'tax_5_percent': 5.679, 'total': 119.259, 'date': '2/10/2019', 'time': '12:45', 'payment': 'Credit card', 'cogs': 113.58, 'gross_margin_percentage': 4.761904762, 'gross_income': 5.679, 'rating': 8.1}
[2024-12-03T00:24:38.051+0000] {csv_to_kafka_with_redis.py:84} INFO - Row data before serialization: {'id': 'a6667e1f-724c-4aca-9fd0-567518e15817', 'invoice_id': '574-22-5561', 'branch': 'C', 'city': 'Naypyitaw', 'customer_type': 'Member', 'gender': 'Female', 'product_line': 'Fashion accessories', 'unit_price': 82.63, 'quantity': 10, 'tax_5_percent': 41.315, 'total': 867.615, 'date': '3/19/2019', 'time': '17:08', 'payment': 'Ewallet', 'cogs': 826.3, 'gross_margin_percentage': 4.761904762, 'gross_income': 41.315, 'rating': 7.9}
[2024-12-03T00:24:38.799+0000] {hive.py:475} INFO - USE `default`
[2024-12-03T00:24:38.812+0000] {csv_to_kafka_with_redis.py:94} INFO - Batch 1 envoyé à Kafka.
[2024-12-03T00:24:38.858+0000] {csv_to_kafka_with_redis.py:98} INFO - Redis batch status: READY
[2024-12-03T00:24:38.861+0000] {csv_to_kafka_with_redis.py:102} INFO - En attente du consommateur...
[2024-12-03T00:24:39.108+0000] {hive.py:475} INFO - 
    CREATE TABLE IF NOT EXISTS sales (
        id STRING,
        invoice_id STRING,
        branch STRING,
        city STRING,
        customer_type STRING,
        gender STRING,
        product_line STRING,
        unit_price FLOAT,
        quantity INT,
        tax_5_percent FLOAT,
        total FLOAT,
        date STRING,
        time STRING,
        payment STRING,
        cogs FLOAT,
        gross_margin_percentage FLOAT,
        gross_income FLOAT,
        rating FLOAT
    ) STORED AS ORC
    
[2024-12-03T00:24:39.417+0000] {logging_mixin.py:190} WARNING - Exception in thread Thread-2 (consume_kafka_to_hive_with_redis):
[2024-12-03T00:24:39.420+0000] {logging_mixin.py:190} WARNING - Traceback (most recent call last):
[2024-12-03T00:24:39.421+0000] {logging_mixin.py:190} WARNING -   File "/usr/local/lib/python3.12/threading.py", line 1075, in _bootstrap_inner
[2024-12-03T00:24:39.426+0000] {logging_mixin.py:190} WARNING -     self.run()
[2024-12-03T00:24:39.427+0000] {logging_mixin.py:190} WARNING -   File "/usr/local/lib/python3.12/threading.py", line 1012, in run
[2024-12-03T00:24:39.429+0000] {logging_mixin.py:190} WARNING -     self._target(*self._args, **self._kwargs)
[2024-12-03T00:24:39.430+0000] {logging_mixin.py:190} WARNING -   File "/opt/airflow/dags/kafka_to_hive_with_redis.py", line 38, in consume_kafka_to_hive_with_redis
[2024-12-03T00:24:39.442+0000] {logging_mixin.py:190} WARNING -     cursor.execute("""
[2024-12-03T00:24:39.443+0000] {logging_mixin.py:190} WARNING -   File "/home/airflow/.local/lib/python3.12/site-packages/pyhive/hive.py", line 481, in execute
[2024-12-03T00:24:39.447+0000] {logging_mixin.py:190} WARNING -     _check_status(response)
[2024-12-03T00:24:39.449+0000] {logging_mixin.py:190} WARNING -   File "/home/airflow/.local/lib/python3.12/site-packages/pyhive/hive.py", line 611, in _check_status
[2024-12-03T00:24:39.452+0000] {logging_mixin.py:190} WARNING -     raise OperationalError(response)
[2024-12-03T00:24:39.455+0000] {logging_mixin.py:190} WARNING - pyhive.exc.OperationalError: TExecuteStatementResp(status=TStatus(statusCode=3, infoMessages=["*org.apache.hive.service.cli.HiveSQLException:Error while compiling statement: FAILED: ParseException line 14:8 cannot recognize input near 'date' 'STRING' ',' in column name or primary key or foreign key:17:16", 'org.apache.hive.service.cli.operation.Operation:toSQLException:Operation.java:380', 'org.apache.hive.service.cli.operation.SQLOperation:prepare:SQLOperation.java:206', 'org.apache.hive.service.cli.operation.SQLOperation:runInternal:SQLOperation.java:290', 'org.apache.hive.service.cli.operation.Operation:run:Operation.java:320', 'org.apache.hive.service.cli.session.HiveSessionImpl:executeStatementInternal:HiveSessionImpl.java:530', 'org.apache.hive.service.cli.session.HiveSessionImpl:executeStatement:HiveSessionImpl.java:506', 'org.apache.hive.service.cli.CLIService:executeStatement:CLIService.java:280', 'org.apache.hive.service.cli.thrift.ThriftCLIService:ExecuteStatement:ThriftCLIService.java:531', 'org.apache.hive.service.rpc.thrift.TCLIService$Processor$ExecuteStatement:getResult:TCLIService.java:1437', 'org.apache.hive.service.rpc.thrift.TCLIService$Processor$ExecuteStatement:getResult:TCLIService.java:1422', 'org.apache.thrift.ProcessFunction:process:ProcessFunction.java:39', 'org.apache.thrift.TBaseProcessor:process:TBaseProcessor.java:39', 'org.apache.hive.service.auth.TSetIpAddressProcessor:process:TSetIpAddressProcessor.java:56', 'org.apache.thrift.server.TThreadPoolServer$WorkerProcess:run:TThreadPoolServer.java:286', 'java.util.concurrent.ThreadPoolExecutor:runWorker:ThreadPoolExecutor.java:1142', 'java.util.concurrent.ThreadPoolExecutor$Worker:run:ThreadPoolExecutor.java:617', 'java.lang.Thread:run:Thread.java:748', "*org.apache.hadoop.hive.ql.parse.ParseException:line 14:8 cannot recognize input near 'date' 'STRING' ',' in column name or primary key or foreign key:22:6", 'org.apache.hadoop.hive.ql.parse.ParseDriver:parse:ParseDriver.java:211', 'org.apache.hadoop.hive.ql.parse.ParseUtils:parse:ParseUtils.java:77', 'org.apache.hadoop.hive.ql.parse.ParseUtils:parse:ParseUtils.java:70', 'org.apache.hadoop.hive.ql.Driver:compile:Driver.java:468', 'org.apache.hadoop.hive.ql.Driver:compileInternal:Driver.java:1317', 'org.apache.hadoop.hive.ql.Driver:compileAndRespond:Driver.java:1295', 'org.apache.hive.service.cli.operation.SQLOperation:prepare:SQLOperation.java:204'], sqlState='42000', errorCode=40000, errorMessage="Error while compiling statement: FAILED: ParseException line 14:8 cannot recognize input near 'date' 'STRING' ',' in column name or primary key or foreign key"), operationHandle=None)
[2024-12-03T00:24:39.864+0000] {csv_to_kafka_with_redis.py:102} INFO - En attente du consommateur...
[2024-12-03T00:24:40.867+0000] {csv_to_kafka_with_redis.py:102} INFO - En attente du consommateur...
[2024-12-03T00:24:41.870+0000] {csv_to_kafka_with_redis.py:102} INFO - En attente du consommateur...
[2024-12-03T00:24:42.874+0000] {csv_to_kafka_with_redis.py:102} INFO - En attente du consommateur...
[2024-12-03T00:24:43.877+0000] {csv_to_kafka_with_redis.py:102} INFO - En attente du consommateur...
[2024-12-03T00:24:44.880+0000] {csv_to_kafka_with_redis.py:102} INFO - En attente du consommateur...
[2024-12-03T00:24:45.883+0000] {csv_to_kafka_with_redis.py:102} INFO - En attente du consommateur...
[2024-12-03T00:24:46.886+0000] {csv_to_kafka_with_redis.py:102} INFO - En attente du consommateur...
[2024-12-03T00:24:47.888+0000] {csv_to_kafka_with_redis.py:102} INFO - En attente du consommateur...
[2024-12-03T00:24:48.890+0000] {csv_to_kafka_with_redis.py:102} INFO - En attente du consommateur...
[2024-12-03T00:24:49.893+0000] {csv_to_kafka_with_redis.py:102} INFO - En attente du consommateur...
[2024-12-03T00:24:50.895+0000] {csv_to_kafka_with_redis.py:102} INFO - En attente du consommateur...
[2024-12-03T00:24:51.898+0000] {csv_to_kafka_with_redis.py:102} INFO - En attente du consommateur...
[2024-12-03T00:24:52.902+0000] {csv_to_kafka_with_redis.py:102} INFO - En attente du consommateur...
[2024-12-03T00:24:53.904+0000] {csv_to_kafka_with_redis.py:102} INFO - En attente du consommateur...
[2024-12-03T00:24:54.906+0000] {csv_to_kafka_with_redis.py:102} INFO - En attente du consommateur...
[2024-12-03T00:24:55.910+0000] {csv_to_kafka_with_redis.py:102} INFO - En attente du consommateur...
[2024-12-03T00:24:56.913+0000] {csv_to_kafka_with_redis.py:102} INFO - En attente du consommateur...
[2024-12-03T00:24:57.915+0000] {csv_to_kafka_with_redis.py:102} INFO - En attente du consommateur...
[2024-12-03T00:24:58.910+0000] {csv_to_kafka_with_redis.py:102} INFO - En attente du consommateur...
[2024-12-03T00:24:59.915+0000] {csv_to_kafka_with_redis.py:102} INFO - En attente du consommateur...
[2024-12-03T00:25:00.917+0000] {csv_to_kafka_with_redis.py:102} INFO - En attente du consommateur...
[2024-12-03T00:25:01.919+0000] {csv_to_kafka_with_redis.py:102} INFO - En attente du consommateur...
[2024-12-03T00:25:02.921+0000] {csv_to_kafka_with_redis.py:102} INFO - En attente du consommateur...
[2024-12-03T00:25:03.925+0000] {csv_to_kafka_with_redis.py:102} INFO - En attente du consommateur...
[2024-12-03T00:25:04.930+0000] {csv_to_kafka_with_redis.py:102} INFO - En attente du consommateur...
[2024-12-03T00:25:05.932+0000] {csv_to_kafka_with_redis.py:102} INFO - En attente du consommateur...
[2024-12-03T00:25:06.935+0000] {csv_to_kafka_with_redis.py:102} INFO - En attente du consommateur...
[2024-12-03T00:25:07.936+0000] {csv_to_kafka_with_redis.py:102} INFO - En attente du consommateur...
[2024-12-03T00:25:08.939+0000] {csv_to_kafka_with_redis.py:102} INFO - En attente du consommateur...
[2024-12-03T00:25:09.944+0000] {csv_to_kafka_with_redis.py:102} INFO - En attente du consommateur...
[2024-12-03T00:25:10.946+0000] {csv_to_kafka_with_redis.py:102} INFO - En attente du consommateur...
[2024-12-03T00:25:11.948+0000] {csv_to_kafka_with_redis.py:102} INFO - En attente du consommateur...
[2024-12-03T00:25:12.950+0000] {csv_to_kafka_with_redis.py:102} INFO - En attente du consommateur...
[2024-12-03T00:25:13.953+0000] {csv_to_kafka_with_redis.py:102} INFO - En attente du consommateur...
[2024-12-03T00:25:14.957+0000] {csv_to_kafka_with_redis.py:102} INFO - En attente du consommateur...
[2024-12-03T00:25:15.959+0000] {csv_to_kafka_with_redis.py:102} INFO - En attente du consommateur...
[2024-12-03T00:25:16.961+0000] {csv_to_kafka_with_redis.py:102} INFO - En attente du consommateur...
[2024-12-03T00:25:17.964+0000] {csv_to_kafka_with_redis.py:102} INFO - En attente du consommateur...
[2024-12-03T00:25:18.967+0000] {csv_to_kafka_with_redis.py:102} INFO - En attente du consommateur...
[2024-12-03T00:25:19.972+0000] {csv_to_kafka_with_redis.py:102} INFO - En attente du consommateur...
[2024-12-03T00:25:20.978+0000] {csv_to_kafka_with_redis.py:102} INFO - En attente du consommateur...
[2024-12-03T00:25:21.980+0000] {csv_to_kafka_with_redis.py:102} INFO - En attente du consommateur...
[2024-12-03T00:25:22.982+0000] {csv_to_kafka_with_redis.py:102} INFO - En attente du consommateur...
[2024-12-03T00:25:23.985+0000] {csv_to_kafka_with_redis.py:102} INFO - En attente du consommateur...
[2024-12-03T00:25:24.988+0000] {csv_to_kafka_with_redis.py:102} INFO - En attente du consommateur...
[2024-12-03T00:25:25.990+0000] {csv_to_kafka_with_redis.py:102} INFO - En attente du consommateur...
[2024-12-03T00:25:26.991+0000] {csv_to_kafka_with_redis.py:102} INFO - En attente du consommateur...
[2024-12-03T00:25:27.994+0000] {csv_to_kafka_with_redis.py:102} INFO - En attente du consommateur...
[2024-12-03T00:25:28.723+0000] {local_task_job_runner.py:346} WARNING - State of this instance has been externally set to failed. Terminating instance.
[2024-12-03T00:25:28.726+0000] {local_task_job_runner.py:245} INFO - ::endgroup::
[2024-12-03T00:25:28.745+0000] {process_utils.py:132} INFO - Sending 15 to group 7976. PIDs of all processes in the group: [7976]
[2024-12-03T00:25:28.747+0000] {process_utils.py:87} INFO - Sending the signal 15 to group 7976
[2024-12-03T00:25:28.751+0000] {taskinstance.py:3093} ERROR - Received SIGTERM. Terminating subprocesses.
[2024-12-03T00:25:28.866+0000] {taskinstance.py:340} INFO - ::group::Post task execution logs
[2024-12-03T00:25:28.886+0000] {process_utils.py:80} INFO - Process psutil.Process(pid=7976, status='terminated', exitcode=0, started='00:24:36') (7976) terminated with exit code 0
