[2024-12-02T02:05:35.610+0000] {local_task_job_runner.py:123} INFO - ::group::Pre task execution logs
[2024-12-02T02:05:35.659+0000] {taskinstance.py:2613} INFO - Dependencies all met for dep_context=non-requeueable deps ti=<TaskInstance: batch_views_creation_dag.create_gender_sales_summary manual__2024-12-02T02:05:19.251725+00:00 [queued]>
[2024-12-02T02:05:35.690+0000] {taskinstance.py:2613} INFO - Dependencies all met for dep_context=requeueable deps ti=<TaskInstance: batch_views_creation_dag.create_gender_sales_summary manual__2024-12-02T02:05:19.251725+00:00 [queued]>
[2024-12-02T02:05:35.692+0000] {taskinstance.py:2866} INFO - Starting attempt 1 of 2
[2024-12-02T02:05:35.780+0000] {taskinstance.py:2889} INFO - Executing <Task(PythonOperator): create_gender_sales_summary> on 2024-12-02 02:05:19.251725+00:00
[2024-12-02T02:05:35.786+0000] {standard_task_runner.py:72} INFO - Started process 2313 to run task
[2024-12-02T02:05:35.792+0000] {standard_task_runner.py:104} INFO - Running: ['airflow', 'tasks', 'run', 'batch_views_creation_dag', 'create_gender_sales_summary', 'manual__2024-12-02T02:05:19.251725+00:00', '--job-id', '132', '--raw', '--subdir', 'DAGS_FOLDER/batch_views.py', '--cfg-path', '/tmp/tmpjvm1t_ng']
[2024-12-02T02:05:35.796+0000] {standard_task_runner.py:105} INFO - Job 132: Subtask create_gender_sales_summary
[2024-12-02T02:05:35.982+0000] {task_command.py:467} INFO - Running <TaskInstance: batch_views_creation_dag.create_gender_sales_summary manual__2024-12-02T02:05:19.251725+00:00 [running]> on host 45770b1a429e
[2024-12-02T02:05:36.289+0000] {taskinstance.py:3132} INFO - Exporting env vars: AIRFLOW_CTX_DAG_OWNER='airflow' AIRFLOW_CTX_DAG_ID='batch_views_creation_dag' AIRFLOW_CTX_TASK_ID='create_gender_sales_summary' AIRFLOW_CTX_EXECUTION_DATE='2024-12-02T02:05:19.251725+00:00' AIRFLOW_CTX_TRY_NUMBER='1' AIRFLOW_CTX_DAG_RUN_ID='manual__2024-12-02T02:05:19.251725+00:00'
[2024-12-02T02:05:36.291+0000] {taskinstance.py:731} INFO - ::endgroup::
[2024-12-02T02:05:36.450+0000] {hive.py:475} INFO - USE `default`
[2024-12-02T02:05:36.552+0000] {hive.py:475} INFO - 
        CREATE TABLE IF NOT EXISTS gender_sales_summary
        (
            gender STRING,
            total_sales DOUBLE,
            total_invoices INT
        )
        STORED AS PARQUET
    
[2024-12-02T02:05:36.579+0000] {hive.py:475} INFO - 
        INSERT INTO gender_sales_summary
        SELECT
            gender,
            SUM(total) AS total_sales,
            COUNT(DISTINCT invoice_id) AS total_invoices
        FROM
            sales
        GROUP BY
            gender
    
[2024-12-02T02:05:38.805+0000] {batch_views.py:175} INFO - Created and populated gender_sales_summary table
[2024-12-02T02:05:38.826+0000] {python.py:240} INFO - Done. Returned value was: None
[2024-12-02T02:05:38.855+0000] {taskinstance.py:340} INFO - ::group::Post task execution logs
[2024-12-02T02:05:38.856+0000] {taskinstance.py:352} INFO - Marking task as SUCCESS. dag_id=batch_views_creation_dag, task_id=create_gender_sales_summary, run_id=manual__2024-12-02T02:05:19.251725+00:00, execution_date=20241202T020519, start_date=20241202T020535, end_date=20241202T020538
[2024-12-02T02:05:38.950+0000] {local_task_job_runner.py:266} INFO - Task exited with return code 0
[2024-12-02T02:05:39.046+0000] {taskinstance.py:3895} INFO - 1 downstream tasks scheduled from follow-on schedule check
[2024-12-02T02:05:39.088+0000] {local_task_job_runner.py:245} INFO - ::endgroup::
