[2024-12-10T00:00:18.461+0000] {processor.py:186} INFO - Started process (PID=8225) to work on /opt/airflow/dags/csv_to_kafka_with_redis.py
[2024-12-10T00:00:18.462+0000] {processor.py:914} INFO - Processing file /opt/airflow/dags/csv_to_kafka_with_redis.py for tasks to queue
[2024-12-10T00:00:18.465+0000] {logging_mixin.py:190} INFO - [2024-12-10T00:00:18.464+0000] {dagbag.py:588} INFO - Filling up the DagBag from /opt/airflow/dags/csv_to_kafka_with_redis.py
[2024-12-10T00:00:18.858+0000] {processor.py:927} WARNING - No viable dags retrieved from /opt/airflow/dags/csv_to_kafka_with_redis.py
[2024-12-10T00:00:18.876+0000] {processor.py:208} INFO - Processing /opt/airflow/dags/csv_to_kafka_with_redis.py took 0.422 seconds
[2024-12-10T00:00:26.637+0000] {processor.py:186} INFO - Started process (PID=8227) to work on /opt/airflow/dags/csv_to_kafka_with_redis.py
[2024-12-10T00:00:26.638+0000] {processor.py:914} INFO - Processing file /opt/airflow/dags/csv_to_kafka_with_redis.py for tasks to queue
[2024-12-10T00:00:26.639+0000] {logging_mixin.py:190} INFO - [2024-12-10T00:00:26.639+0000] {dagbag.py:588} INFO - Filling up the DagBag from /opt/airflow/dags/csv_to_kafka_with_redis.py
[2024-12-10T00:00:27.089+0000] {processor.py:927} WARNING - No viable dags retrieved from /opt/airflow/dags/csv_to_kafka_with_redis.py
[2024-12-10T00:00:27.110+0000] {processor.py:208} INFO - Processing /opt/airflow/dags/csv_to_kafka_with_redis.py took 0.480 seconds
[2024-12-10T00:05:05.243+0000] {processor.py:186} INFO - Started process (PID=74) to work on /opt/airflow/dags/csv_to_kafka_with_redis.py
[2024-12-10T00:05:05.245+0000] {processor.py:914} INFO - Processing file /opt/airflow/dags/csv_to_kafka_with_redis.py for tasks to queue
[2024-12-10T00:05:05.250+0000] {logging_mixin.py:190} INFO - [2024-12-10T00:05:05.249+0000] {dagbag.py:588} INFO - Filling up the DagBag from /opt/airflow/dags/csv_to_kafka_with_redis.py
[2024-12-10T00:05:06.766+0000] {processor.py:927} WARNING - No viable dags retrieved from /opt/airflow/dags/csv_to_kafka_with_redis.py
[2024-12-10T00:05:06.810+0000] {processor.py:208} INFO - Processing /opt/airflow/dags/csv_to_kafka_with_redis.py took 1.576 seconds
[2024-12-10T00:05:38.552+0000] {processor.py:186} INFO - Started process (PID=103) to work on /opt/airflow/dags/csv_to_kafka_with_redis.py
[2024-12-10T00:05:38.555+0000] {processor.py:914} INFO - Processing file /opt/airflow/dags/csv_to_kafka_with_redis.py for tasks to queue
[2024-12-10T00:05:38.566+0000] {logging_mixin.py:190} INFO - [2024-12-10T00:05:38.564+0000] {dagbag.py:588} INFO - Filling up the DagBag from /opt/airflow/dags/csv_to_kafka_with_redis.py
[2024-12-10T00:05:39.734+0000] {processor.py:927} WARNING - No viable dags retrieved from /opt/airflow/dags/csv_to_kafka_with_redis.py
[2024-12-10T00:05:39.794+0000] {processor.py:208} INFO - Processing /opt/airflow/dags/csv_to_kafka_with_redis.py took 1.259 seconds
[2024-12-10T00:06:10.078+0000] {processor.py:186} INFO - Started process (PID=110) to work on /opt/airflow/dags/csv_to_kafka_with_redis.py
[2024-12-10T00:06:10.079+0000] {processor.py:914} INFO - Processing file /opt/airflow/dags/csv_to_kafka_with_redis.py for tasks to queue
[2024-12-10T00:06:10.081+0000] {logging_mixin.py:190} INFO - [2024-12-10T00:06:10.081+0000] {dagbag.py:588} INFO - Filling up the DagBag from /opt/airflow/dags/csv_to_kafka_with_redis.py
[2024-12-10T00:06:10.726+0000] {processor.py:927} WARNING - No viable dags retrieved from /opt/airflow/dags/csv_to_kafka_with_redis.py
[2024-12-10T00:06:10.753+0000] {processor.py:208} INFO - Processing /opt/airflow/dags/csv_to_kafka_with_redis.py took 0.683 seconds
[2024-12-10T00:06:43.176+0000] {processor.py:186} INFO - Started process (PID=117) to work on /opt/airflow/dags/csv_to_kafka_with_redis.py
[2024-12-10T00:06:43.179+0000] {processor.py:914} INFO - Processing file /opt/airflow/dags/csv_to_kafka_with_redis.py for tasks to queue
[2024-12-10T00:06:43.185+0000] {logging_mixin.py:190} INFO - [2024-12-10T00:06:43.184+0000] {dagbag.py:588} INFO - Filling up the DagBag from /opt/airflow/dags/csv_to_kafka_with_redis.py
[2024-12-10T00:06:44.432+0000] {processor.py:927} WARNING - No viable dags retrieved from /opt/airflow/dags/csv_to_kafka_with_redis.py
[2024-12-10T00:06:44.494+0000] {processor.py:208} INFO - Processing /opt/airflow/dags/csv_to_kafka_with_redis.py took 1.324 seconds
[2024-12-10T00:07:15.032+0000] {processor.py:186} INFO - Started process (PID=124) to work on /opt/airflow/dags/csv_to_kafka_with_redis.py
[2024-12-10T00:07:15.034+0000] {processor.py:914} INFO - Processing file /opt/airflow/dags/csv_to_kafka_with_redis.py for tasks to queue
[2024-12-10T00:07:15.037+0000] {logging_mixin.py:190} INFO - [2024-12-10T00:07:15.036+0000] {dagbag.py:588} INFO - Filling up the DagBag from /opt/airflow/dags/csv_to_kafka_with_redis.py
[2024-12-10T00:07:15.627+0000] {processor.py:927} WARNING - No viable dags retrieved from /opt/airflow/dags/csv_to_kafka_with_redis.py
[2024-12-10T00:07:15.658+0000] {processor.py:208} INFO - Processing /opt/airflow/dags/csv_to_kafka_with_redis.py took 0.632 seconds
[2024-12-10T00:07:46.102+0000] {processor.py:186} INFO - Started process (PID=131) to work on /opt/airflow/dags/csv_to_kafka_with_redis.py
[2024-12-10T00:07:46.104+0000] {processor.py:914} INFO - Processing file /opt/airflow/dags/csv_to_kafka_with_redis.py for tasks to queue
[2024-12-10T00:07:46.106+0000] {logging_mixin.py:190} INFO - [2024-12-10T00:07:46.106+0000] {dagbag.py:588} INFO - Filling up the DagBag from /opt/airflow/dags/csv_to_kafka_with_redis.py
[2024-12-10T00:07:46.662+0000] {processor.py:927} WARNING - No viable dags retrieved from /opt/airflow/dags/csv_to_kafka_with_redis.py
[2024-12-10T00:07:46.678+0000] {processor.py:208} INFO - Processing /opt/airflow/dags/csv_to_kafka_with_redis.py took 0.582 seconds
[2024-12-10T00:08:16.770+0000] {processor.py:186} INFO - Started process (PID=138) to work on /opt/airflow/dags/csv_to_kafka_with_redis.py
[2024-12-10T00:08:16.772+0000] {processor.py:914} INFO - Processing file /opt/airflow/dags/csv_to_kafka_with_redis.py for tasks to queue
[2024-12-10T00:08:16.775+0000] {logging_mixin.py:190} INFO - [2024-12-10T00:08:16.774+0000] {dagbag.py:588} INFO - Filling up the DagBag from /opt/airflow/dags/csv_to_kafka_with_redis.py
[2024-12-10T00:08:17.306+0000] {processor.py:927} WARNING - No viable dags retrieved from /opt/airflow/dags/csv_to_kafka_with_redis.py
[2024-12-10T00:08:17.329+0000] {processor.py:208} INFO - Processing /opt/airflow/dags/csv_to_kafka_with_redis.py took 0.566 seconds
[2024-12-10T00:08:47.804+0000] {processor.py:186} INFO - Started process (PID=145) to work on /opt/airflow/dags/csv_to_kafka_with_redis.py
[2024-12-10T00:08:47.806+0000] {processor.py:914} INFO - Processing file /opt/airflow/dags/csv_to_kafka_with_redis.py for tasks to queue
[2024-12-10T00:08:47.809+0000] {logging_mixin.py:190} INFO - [2024-12-10T00:08:47.809+0000] {dagbag.py:588} INFO - Filling up the DagBag from /opt/airflow/dags/csv_to_kafka_with_redis.py
[2024-12-10T00:08:48.395+0000] {processor.py:927} WARNING - No viable dags retrieved from /opt/airflow/dags/csv_to_kafka_with_redis.py
[2024-12-10T00:08:48.424+0000] {processor.py:208} INFO - Processing /opt/airflow/dags/csv_to_kafka_with_redis.py took 0.626 seconds
[2024-12-10T00:09:18.750+0000] {processor.py:186} INFO - Started process (PID=152) to work on /opt/airflow/dags/csv_to_kafka_with_redis.py
[2024-12-10T00:09:18.751+0000] {processor.py:914} INFO - Processing file /opt/airflow/dags/csv_to_kafka_with_redis.py for tasks to queue
[2024-12-10T00:09:18.753+0000] {logging_mixin.py:190} INFO - [2024-12-10T00:09:18.753+0000] {dagbag.py:588} INFO - Filling up the DagBag from /opt/airflow/dags/csv_to_kafka_with_redis.py
[2024-12-10T00:09:19.257+0000] {processor.py:927} WARNING - No viable dags retrieved from /opt/airflow/dags/csv_to_kafka_with_redis.py
[2024-12-10T00:09:19.274+0000] {processor.py:208} INFO - Processing /opt/airflow/dags/csv_to_kafka_with_redis.py took 0.530 seconds
[2024-12-10T00:09:49.694+0000] {processor.py:186} INFO - Started process (PID=159) to work on /opt/airflow/dags/csv_to_kafka_with_redis.py
[2024-12-10T00:09:49.695+0000] {processor.py:914} INFO - Processing file /opt/airflow/dags/csv_to_kafka_with_redis.py for tasks to queue
[2024-12-10T00:09:49.698+0000] {logging_mixin.py:190} INFO - [2024-12-10T00:09:49.698+0000] {dagbag.py:588} INFO - Filling up the DagBag from /opt/airflow/dags/csv_to_kafka_with_redis.py
[2024-12-10T00:09:50.262+0000] {processor.py:927} WARNING - No viable dags retrieved from /opt/airflow/dags/csv_to_kafka_with_redis.py
[2024-12-10T00:09:50.283+0000] {processor.py:208} INFO - Processing /opt/airflow/dags/csv_to_kafka_with_redis.py took 0.595 seconds
[2024-12-10T00:10:20.514+0000] {processor.py:186} INFO - Started process (PID=166) to work on /opt/airflow/dags/csv_to_kafka_with_redis.py
[2024-12-10T00:10:20.515+0000] {processor.py:914} INFO - Processing file /opt/airflow/dags/csv_to_kafka_with_redis.py for tasks to queue
[2024-12-10T00:10:20.518+0000] {logging_mixin.py:190} INFO - [2024-12-10T00:10:20.517+0000] {dagbag.py:588} INFO - Filling up the DagBag from /opt/airflow/dags/csv_to_kafka_with_redis.py
[2024-12-10T00:10:21.043+0000] {processor.py:927} WARNING - No viable dags retrieved from /opt/airflow/dags/csv_to_kafka_with_redis.py
[2024-12-10T00:10:21.059+0000] {processor.py:208} INFO - Processing /opt/airflow/dags/csv_to_kafka_with_redis.py took 0.551 seconds
[2024-12-10T00:10:51.541+0000] {processor.py:186} INFO - Started process (PID=173) to work on /opt/airflow/dags/csv_to_kafka_with_redis.py
[2024-12-10T00:10:51.542+0000] {processor.py:914} INFO - Processing file /opt/airflow/dags/csv_to_kafka_with_redis.py for tasks to queue
[2024-12-10T00:10:51.546+0000] {logging_mixin.py:190} INFO - [2024-12-10T00:10:51.545+0000] {dagbag.py:588} INFO - Filling up the DagBag from /opt/airflow/dags/csv_to_kafka_with_redis.py
[2024-12-10T00:10:52.049+0000] {processor.py:927} WARNING - No viable dags retrieved from /opt/airflow/dags/csv_to_kafka_with_redis.py
[2024-12-10T00:10:52.066+0000] {processor.py:208} INFO - Processing /opt/airflow/dags/csv_to_kafka_with_redis.py took 0.531 seconds
[2024-12-10T00:11:23.340+0000] {processor.py:186} INFO - Started process (PID=180) to work on /opt/airflow/dags/csv_to_kafka_with_redis.py
[2024-12-10T00:11:23.341+0000] {processor.py:914} INFO - Processing file /opt/airflow/dags/csv_to_kafka_with_redis.py for tasks to queue
[2024-12-10T00:11:23.344+0000] {logging_mixin.py:190} INFO - [2024-12-10T00:11:23.344+0000] {dagbag.py:588} INFO - Filling up the DagBag from /opt/airflow/dags/csv_to_kafka_with_redis.py
[2024-12-10T00:11:23.840+0000] {processor.py:927} WARNING - No viable dags retrieved from /opt/airflow/dags/csv_to_kafka_with_redis.py
[2024-12-10T00:11:23.864+0000] {processor.py:208} INFO - Processing /opt/airflow/dags/csv_to_kafka_with_redis.py took 0.529 seconds
[2024-12-10T00:11:54.790+0000] {processor.py:186} INFO - Started process (PID=187) to work on /opt/airflow/dags/csv_to_kafka_with_redis.py
[2024-12-10T00:11:54.791+0000] {processor.py:914} INFO - Processing file /opt/airflow/dags/csv_to_kafka_with_redis.py for tasks to queue
[2024-12-10T00:11:54.794+0000] {logging_mixin.py:190} INFO - [2024-12-10T00:11:54.793+0000] {dagbag.py:588} INFO - Filling up the DagBag from /opt/airflow/dags/csv_to_kafka_with_redis.py
[2024-12-10T00:11:55.328+0000] {processor.py:927} WARNING - No viable dags retrieved from /opt/airflow/dags/csv_to_kafka_with_redis.py
[2024-12-10T00:11:55.344+0000] {processor.py:208} INFO - Processing /opt/airflow/dags/csv_to_kafka_with_redis.py took 0.560 seconds
[2024-12-10T00:12:25.862+0000] {processor.py:186} INFO - Started process (PID=194) to work on /opt/airflow/dags/csv_to_kafka_with_redis.py
[2024-12-10T00:12:25.864+0000] {processor.py:914} INFO - Processing file /opt/airflow/dags/csv_to_kafka_with_redis.py for tasks to queue
[2024-12-10T00:12:25.866+0000] {logging_mixin.py:190} INFO - [2024-12-10T00:12:25.866+0000] {dagbag.py:588} INFO - Filling up the DagBag from /opt/airflow/dags/csv_to_kafka_with_redis.py
[2024-12-10T00:12:26.387+0000] {processor.py:927} WARNING - No viable dags retrieved from /opt/airflow/dags/csv_to_kafka_with_redis.py
[2024-12-10T00:12:26.418+0000] {processor.py:208} INFO - Processing /opt/airflow/dags/csv_to_kafka_with_redis.py took 0.561 seconds
[2024-12-10T00:12:56.955+0000] {processor.py:186} INFO - Started process (PID=201) to work on /opt/airflow/dags/csv_to_kafka_with_redis.py
[2024-12-10T00:12:56.957+0000] {processor.py:914} INFO - Processing file /opt/airflow/dags/csv_to_kafka_with_redis.py for tasks to queue
[2024-12-10T00:12:56.960+0000] {logging_mixin.py:190} INFO - [2024-12-10T00:12:56.960+0000] {dagbag.py:588} INFO - Filling up the DagBag from /opt/airflow/dags/csv_to_kafka_with_redis.py
[2024-12-10T00:12:57.526+0000] {processor.py:927} WARNING - No viable dags retrieved from /opt/airflow/dags/csv_to_kafka_with_redis.py
[2024-12-10T00:12:57.552+0000] {processor.py:208} INFO - Processing /opt/airflow/dags/csv_to_kafka_with_redis.py took 0.603 seconds
[2024-12-10T00:13:28.192+0000] {processor.py:186} INFO - Started process (PID=208) to work on /opt/airflow/dags/csv_to_kafka_with_redis.py
[2024-12-10T00:13:28.194+0000] {processor.py:914} INFO - Processing file /opt/airflow/dags/csv_to_kafka_with_redis.py for tasks to queue
[2024-12-10T00:13:28.196+0000] {logging_mixin.py:190} INFO - [2024-12-10T00:13:28.196+0000] {dagbag.py:588} INFO - Filling up the DagBag from /opt/airflow/dags/csv_to_kafka_with_redis.py
[2024-12-10T00:13:28.762+0000] {processor.py:927} WARNING - No viable dags retrieved from /opt/airflow/dags/csv_to_kafka_with_redis.py
[2024-12-10T00:13:28.792+0000] {processor.py:208} INFO - Processing /opt/airflow/dags/csv_to_kafka_with_redis.py took 0.605 seconds
[2024-12-10T00:13:59.465+0000] {processor.py:186} INFO - Started process (PID=215) to work on /opt/airflow/dags/csv_to_kafka_with_redis.py
[2024-12-10T00:13:59.466+0000] {processor.py:914} INFO - Processing file /opt/airflow/dags/csv_to_kafka_with_redis.py for tasks to queue
[2024-12-10T00:13:59.469+0000] {logging_mixin.py:190} INFO - [2024-12-10T00:13:59.469+0000] {dagbag.py:588} INFO - Filling up the DagBag from /opt/airflow/dags/csv_to_kafka_with_redis.py
[2024-12-10T00:14:00.022+0000] {processor.py:927} WARNING - No viable dags retrieved from /opt/airflow/dags/csv_to_kafka_with_redis.py
[2024-12-10T00:14:00.053+0000] {processor.py:208} INFO - Processing /opt/airflow/dags/csv_to_kafka_with_redis.py took 0.595 seconds
[2024-12-10T00:14:30.725+0000] {processor.py:186} INFO - Started process (PID=222) to work on /opt/airflow/dags/csv_to_kafka_with_redis.py
[2024-12-10T00:14:30.727+0000] {processor.py:914} INFO - Processing file /opt/airflow/dags/csv_to_kafka_with_redis.py for tasks to queue
[2024-12-10T00:14:30.731+0000] {logging_mixin.py:190} INFO - [2024-12-10T00:14:30.730+0000] {dagbag.py:588} INFO - Filling up the DagBag from /opt/airflow/dags/csv_to_kafka_with_redis.py
[2024-12-10T00:14:31.294+0000] {processor.py:927} WARNING - No viable dags retrieved from /opt/airflow/dags/csv_to_kafka_with_redis.py
[2024-12-10T00:14:31.308+0000] {processor.py:208} INFO - Processing /opt/airflow/dags/csv_to_kafka_with_redis.py took 0.590 seconds
[2024-12-10T00:15:01.847+0000] {processor.py:186} INFO - Started process (PID=229) to work on /opt/airflow/dags/csv_to_kafka_with_redis.py
[2024-12-10T00:15:01.848+0000] {processor.py:914} INFO - Processing file /opt/airflow/dags/csv_to_kafka_with_redis.py for tasks to queue
[2024-12-10T00:15:01.851+0000] {logging_mixin.py:190} INFO - [2024-12-10T00:15:01.850+0000] {dagbag.py:588} INFO - Filling up the DagBag from /opt/airflow/dags/csv_to_kafka_with_redis.py
[2024-12-10T00:15:02.355+0000] {processor.py:927} WARNING - No viable dags retrieved from /opt/airflow/dags/csv_to_kafka_with_redis.py
[2024-12-10T00:15:02.369+0000] {processor.py:208} INFO - Processing /opt/airflow/dags/csv_to_kafka_with_redis.py took 0.527 seconds
[2024-12-10T00:15:33.310+0000] {processor.py:186} INFO - Started process (PID=236) to work on /opt/airflow/dags/csv_to_kafka_with_redis.py
[2024-12-10T00:15:33.311+0000] {processor.py:914} INFO - Processing file /opt/airflow/dags/csv_to_kafka_with_redis.py for tasks to queue
[2024-12-10T00:15:33.314+0000] {logging_mixin.py:190} INFO - [2024-12-10T00:15:33.313+0000] {dagbag.py:588} INFO - Filling up the DagBag from /opt/airflow/dags/csv_to_kafka_with_redis.py
[2024-12-10T00:15:33.793+0000] {processor.py:927} WARNING - No viable dags retrieved from /opt/airflow/dags/csv_to_kafka_with_redis.py
[2024-12-10T00:15:33.810+0000] {processor.py:208} INFO - Processing /opt/airflow/dags/csv_to_kafka_with_redis.py took 0.506 seconds
[2024-12-10T00:16:04.692+0000] {processor.py:186} INFO - Started process (PID=243) to work on /opt/airflow/dags/csv_to_kafka_with_redis.py
[2024-12-10T00:16:04.694+0000] {processor.py:914} INFO - Processing file /opt/airflow/dags/csv_to_kafka_with_redis.py for tasks to queue
[2024-12-10T00:16:04.697+0000] {logging_mixin.py:190} INFO - [2024-12-10T00:16:04.696+0000] {dagbag.py:588} INFO - Filling up the DagBag from /opt/airflow/dags/csv_to_kafka_with_redis.py
[2024-12-10T00:16:05.255+0000] {processor.py:927} WARNING - No viable dags retrieved from /opt/airflow/dags/csv_to_kafka_with_redis.py
[2024-12-10T00:16:05.270+0000] {processor.py:208} INFO - Processing /opt/airflow/dags/csv_to_kafka_with_redis.py took 0.583 seconds
[2024-12-10T00:16:36.076+0000] {processor.py:186} INFO - Started process (PID=250) to work on /opt/airflow/dags/csv_to_kafka_with_redis.py
[2024-12-10T00:16:36.077+0000] {processor.py:914} INFO - Processing file /opt/airflow/dags/csv_to_kafka_with_redis.py for tasks to queue
[2024-12-10T00:16:36.080+0000] {logging_mixin.py:190} INFO - [2024-12-10T00:16:36.080+0000] {dagbag.py:588} INFO - Filling up the DagBag from /opt/airflow/dags/csv_to_kafka_with_redis.py
[2024-12-10T00:16:36.593+0000] {processor.py:927} WARNING - No viable dags retrieved from /opt/airflow/dags/csv_to_kafka_with_redis.py
[2024-12-10T00:16:36.610+0000] {processor.py:208} INFO - Processing /opt/airflow/dags/csv_to_kafka_with_redis.py took 0.540 seconds
[2024-12-10T00:17:07.347+0000] {processor.py:186} INFO - Started process (PID=257) to work on /opt/airflow/dags/csv_to_kafka_with_redis.py
[2024-12-10T00:17:07.348+0000] {processor.py:914} INFO - Processing file /opt/airflow/dags/csv_to_kafka_with_redis.py for tasks to queue
[2024-12-10T00:17:07.351+0000] {logging_mixin.py:190} INFO - [2024-12-10T00:17:07.351+0000] {dagbag.py:588} INFO - Filling up the DagBag from /opt/airflow/dags/csv_to_kafka_with_redis.py
[2024-12-10T00:17:07.856+0000] {processor.py:927} WARNING - No viable dags retrieved from /opt/airflow/dags/csv_to_kafka_with_redis.py
[2024-12-10T00:17:07.885+0000] {processor.py:208} INFO - Processing /opt/airflow/dags/csv_to_kafka_with_redis.py took 0.543 seconds
[2024-12-10T00:17:38.702+0000] {processor.py:186} INFO - Started process (PID=264) to work on /opt/airflow/dags/csv_to_kafka_with_redis.py
[2024-12-10T00:17:38.703+0000] {processor.py:914} INFO - Processing file /opt/airflow/dags/csv_to_kafka_with_redis.py for tasks to queue
[2024-12-10T00:17:38.706+0000] {logging_mixin.py:190} INFO - [2024-12-10T00:17:38.706+0000] {dagbag.py:588} INFO - Filling up the DagBag from /opt/airflow/dags/csv_to_kafka_with_redis.py
[2024-12-10T00:17:39.272+0000] {processor.py:927} WARNING - No viable dags retrieved from /opt/airflow/dags/csv_to_kafka_with_redis.py
[2024-12-10T00:17:39.298+0000] {processor.py:208} INFO - Processing /opt/airflow/dags/csv_to_kafka_with_redis.py took 0.602 seconds
[2024-12-10T00:18:09.807+0000] {processor.py:186} INFO - Started process (PID=271) to work on /opt/airflow/dags/csv_to_kafka_with_redis.py
[2024-12-10T00:18:09.809+0000] {processor.py:914} INFO - Processing file /opt/airflow/dags/csv_to_kafka_with_redis.py for tasks to queue
[2024-12-10T00:18:09.812+0000] {logging_mixin.py:190} INFO - [2024-12-10T00:18:09.811+0000] {dagbag.py:588} INFO - Filling up the DagBag from /opt/airflow/dags/csv_to_kafka_with_redis.py
[2024-12-10T00:18:10.402+0000] {processor.py:927} WARNING - No viable dags retrieved from /opt/airflow/dags/csv_to_kafka_with_redis.py
[2024-12-10T00:18:10.420+0000] {processor.py:208} INFO - Processing /opt/airflow/dags/csv_to_kafka_with_redis.py took 0.619 seconds
[2024-12-10T00:18:41.317+0000] {processor.py:186} INFO - Started process (PID=278) to work on /opt/airflow/dags/csv_to_kafka_with_redis.py
[2024-12-10T00:18:41.319+0000] {processor.py:914} INFO - Processing file /opt/airflow/dags/csv_to_kafka_with_redis.py for tasks to queue
[2024-12-10T00:18:41.323+0000] {logging_mixin.py:190} INFO - [2024-12-10T00:18:41.322+0000] {dagbag.py:588} INFO - Filling up the DagBag from /opt/airflow/dags/csv_to_kafka_with_redis.py
[2024-12-10T00:18:41.876+0000] {processor.py:927} WARNING - No viable dags retrieved from /opt/airflow/dags/csv_to_kafka_with_redis.py
[2024-12-10T00:18:41.898+0000] {processor.py:208} INFO - Processing /opt/airflow/dags/csv_to_kafka_with_redis.py took 0.588 seconds
[2024-12-10T00:19:12.528+0000] {processor.py:186} INFO - Started process (PID=285) to work on /opt/airflow/dags/csv_to_kafka_with_redis.py
[2024-12-10T00:19:12.531+0000] {processor.py:914} INFO - Processing file /opt/airflow/dags/csv_to_kafka_with_redis.py for tasks to queue
[2024-12-10T00:19:12.534+0000] {logging_mixin.py:190} INFO - [2024-12-10T00:19:12.534+0000] {dagbag.py:588} INFO - Filling up the DagBag from /opt/airflow/dags/csv_to_kafka_with_redis.py
[2024-12-10T00:19:12.996+0000] {processor.py:927} WARNING - No viable dags retrieved from /opt/airflow/dags/csv_to_kafka_with_redis.py
[2024-12-10T00:19:13.013+0000] {processor.py:208} INFO - Processing /opt/airflow/dags/csv_to_kafka_with_redis.py took 0.490 seconds
[2024-12-10T00:19:43.923+0000] {processor.py:186} INFO - Started process (PID=292) to work on /opt/airflow/dags/csv_to_kafka_with_redis.py
[2024-12-10T00:19:43.924+0000] {processor.py:914} INFO - Processing file /opt/airflow/dags/csv_to_kafka_with_redis.py for tasks to queue
[2024-12-10T00:19:43.927+0000] {logging_mixin.py:190} INFO - [2024-12-10T00:19:43.926+0000] {dagbag.py:588} INFO - Filling up the DagBag from /opt/airflow/dags/csv_to_kafka_with_redis.py
[2024-12-10T00:19:44.491+0000] {processor.py:927} WARNING - No viable dags retrieved from /opt/airflow/dags/csv_to_kafka_with_redis.py
[2024-12-10T00:19:44.520+0000] {processor.py:208} INFO - Processing /opt/airflow/dags/csv_to_kafka_with_redis.py took 0.604 seconds
[2024-12-10T00:20:15.368+0000] {processor.py:186} INFO - Started process (PID=299) to work on /opt/airflow/dags/csv_to_kafka_with_redis.py
[2024-12-10T00:20:15.369+0000] {processor.py:914} INFO - Processing file /opt/airflow/dags/csv_to_kafka_with_redis.py for tasks to queue
[2024-12-10T00:20:15.372+0000] {logging_mixin.py:190} INFO - [2024-12-10T00:20:15.372+0000] {dagbag.py:588} INFO - Filling up the DagBag from /opt/airflow/dags/csv_to_kafka_with_redis.py
[2024-12-10T00:20:15.958+0000] {processor.py:927} WARNING - No viable dags retrieved from /opt/airflow/dags/csv_to_kafka_with_redis.py
[2024-12-10T00:20:15.990+0000] {processor.py:208} INFO - Processing /opt/airflow/dags/csv_to_kafka_with_redis.py took 0.627 seconds
[2024-12-10T00:20:46.535+0000] {processor.py:186} INFO - Started process (PID=306) to work on /opt/airflow/dags/csv_to_kafka_with_redis.py
[2024-12-10T00:20:46.536+0000] {processor.py:914} INFO - Processing file /opt/airflow/dags/csv_to_kafka_with_redis.py for tasks to queue
[2024-12-10T00:20:46.538+0000] {logging_mixin.py:190} INFO - [2024-12-10T00:20:46.538+0000] {dagbag.py:588} INFO - Filling up the DagBag from /opt/airflow/dags/csv_to_kafka_with_redis.py
[2024-12-10T00:20:47.039+0000] {processor.py:927} WARNING - No viable dags retrieved from /opt/airflow/dags/csv_to_kafka_with_redis.py
[2024-12-10T00:20:47.067+0000] {processor.py:208} INFO - Processing /opt/airflow/dags/csv_to_kafka_with_redis.py took 0.538 seconds
[2024-12-10T00:21:18.101+0000] {processor.py:186} INFO - Started process (PID=313) to work on /opt/airflow/dags/csv_to_kafka_with_redis.py
[2024-12-10T00:21:18.102+0000] {processor.py:914} INFO - Processing file /opt/airflow/dags/csv_to_kafka_with_redis.py for tasks to queue
[2024-12-10T00:21:18.105+0000] {logging_mixin.py:190} INFO - [2024-12-10T00:21:18.105+0000] {dagbag.py:588} INFO - Filling up the DagBag from /opt/airflow/dags/csv_to_kafka_with_redis.py
[2024-12-10T00:21:18.654+0000] {processor.py:927} WARNING - No viable dags retrieved from /opt/airflow/dags/csv_to_kafka_with_redis.py
[2024-12-10T00:21:18.668+0000] {processor.py:208} INFO - Processing /opt/airflow/dags/csv_to_kafka_with_redis.py took 0.573 seconds
[2024-12-10T00:21:49.392+0000] {processor.py:186} INFO - Started process (PID=320) to work on /opt/airflow/dags/csv_to_kafka_with_redis.py
[2024-12-10T00:21:49.393+0000] {processor.py:914} INFO - Processing file /opt/airflow/dags/csv_to_kafka_with_redis.py for tasks to queue
[2024-12-10T00:21:49.396+0000] {logging_mixin.py:190} INFO - [2024-12-10T00:21:49.395+0000] {dagbag.py:588} INFO - Filling up the DagBag from /opt/airflow/dags/csv_to_kafka_with_redis.py
[2024-12-10T00:21:49.935+0000] {processor.py:927} WARNING - No viable dags retrieved from /opt/airflow/dags/csv_to_kafka_with_redis.py
[2024-12-10T00:21:49.952+0000] {processor.py:208} INFO - Processing /opt/airflow/dags/csv_to_kafka_with_redis.py took 0.567 seconds
[2024-12-10T00:22:20.671+0000] {processor.py:186} INFO - Started process (PID=327) to work on /opt/airflow/dags/csv_to_kafka_with_redis.py
[2024-12-10T00:22:20.673+0000] {processor.py:914} INFO - Processing file /opt/airflow/dags/csv_to_kafka_with_redis.py for tasks to queue
[2024-12-10T00:22:20.675+0000] {logging_mixin.py:190} INFO - [2024-12-10T00:22:20.675+0000] {dagbag.py:588} INFO - Filling up the DagBag from /opt/airflow/dags/csv_to_kafka_with_redis.py
[2024-12-10T00:22:21.225+0000] {processor.py:927} WARNING - No viable dags retrieved from /opt/airflow/dags/csv_to_kafka_with_redis.py
[2024-12-10T00:22:21.246+0000] {processor.py:208} INFO - Processing /opt/airflow/dags/csv_to_kafka_with_redis.py took 0.581 seconds
[2024-12-10T00:22:52.508+0000] {processor.py:186} INFO - Started process (PID=334) to work on /opt/airflow/dags/csv_to_kafka_with_redis.py
[2024-12-10T00:22:52.509+0000] {processor.py:914} INFO - Processing file /opt/airflow/dags/csv_to_kafka_with_redis.py for tasks to queue
[2024-12-10T00:22:52.511+0000] {logging_mixin.py:190} INFO - [2024-12-10T00:22:52.511+0000] {dagbag.py:588} INFO - Filling up the DagBag from /opt/airflow/dags/csv_to_kafka_with_redis.py
[2024-12-10T00:22:53.043+0000] {processor.py:927} WARNING - No viable dags retrieved from /opt/airflow/dags/csv_to_kafka_with_redis.py
[2024-12-10T00:22:53.060+0000] {processor.py:208} INFO - Processing /opt/airflow/dags/csv_to_kafka_with_redis.py took 0.557 seconds
[2024-12-10T00:23:23.960+0000] {processor.py:186} INFO - Started process (PID=341) to work on /opt/airflow/dags/csv_to_kafka_with_redis.py
[2024-12-10T00:23:23.961+0000] {processor.py:914} INFO - Processing file /opt/airflow/dags/csv_to_kafka_with_redis.py for tasks to queue
[2024-12-10T00:23:23.964+0000] {logging_mixin.py:190} INFO - [2024-12-10T00:23:23.964+0000] {dagbag.py:588} INFO - Filling up the DagBag from /opt/airflow/dags/csv_to_kafka_with_redis.py
[2024-12-10T00:23:24.500+0000] {processor.py:927} WARNING - No viable dags retrieved from /opt/airflow/dags/csv_to_kafka_with_redis.py
[2024-12-10T00:23:24.515+0000] {processor.py:208} INFO - Processing /opt/airflow/dags/csv_to_kafka_with_redis.py took 0.561 seconds
[2024-12-10T00:23:55.213+0000] {processor.py:186} INFO - Started process (PID=348) to work on /opt/airflow/dags/csv_to_kafka_with_redis.py
[2024-12-10T00:23:55.215+0000] {processor.py:914} INFO - Processing file /opt/airflow/dags/csv_to_kafka_with_redis.py for tasks to queue
[2024-12-10T00:23:55.219+0000] {logging_mixin.py:190} INFO - [2024-12-10T00:23:55.218+0000] {dagbag.py:588} INFO - Filling up the DagBag from /opt/airflow/dags/csv_to_kafka_with_redis.py
[2024-12-10T00:23:55.983+0000] {processor.py:927} WARNING - No viable dags retrieved from /opt/airflow/dags/csv_to_kafka_with_redis.py
[2024-12-10T00:23:56.021+0000] {processor.py:208} INFO - Processing /opt/airflow/dags/csv_to_kafka_with_redis.py took 0.818 seconds
[2024-12-10T00:24:26.372+0000] {processor.py:186} INFO - Started process (PID=355) to work on /opt/airflow/dags/csv_to_kafka_with_redis.py
[2024-12-10T00:24:26.373+0000] {processor.py:914} INFO - Processing file /opt/airflow/dags/csv_to_kafka_with_redis.py for tasks to queue
[2024-12-10T00:24:26.377+0000] {logging_mixin.py:190} INFO - [2024-12-10T00:24:26.376+0000] {dagbag.py:588} INFO - Filling up the DagBag from /opt/airflow/dags/csv_to_kafka_with_redis.py
[2024-12-10T00:24:26.924+0000] {processor.py:927} WARNING - No viable dags retrieved from /opt/airflow/dags/csv_to_kafka_with_redis.py
[2024-12-10T00:24:26.945+0000] {processor.py:208} INFO - Processing /opt/airflow/dags/csv_to_kafka_with_redis.py took 0.579 seconds
[2024-12-10T00:24:57.216+0000] {processor.py:186} INFO - Started process (PID=362) to work on /opt/airflow/dags/csv_to_kafka_with_redis.py
[2024-12-10T00:24:57.217+0000] {processor.py:914} INFO - Processing file /opt/airflow/dags/csv_to_kafka_with_redis.py for tasks to queue
[2024-12-10T00:24:57.219+0000] {logging_mixin.py:190} INFO - [2024-12-10T00:24:57.219+0000] {dagbag.py:588} INFO - Filling up the DagBag from /opt/airflow/dags/csv_to_kafka_with_redis.py
[2024-12-10T00:24:57.641+0000] {processor.py:927} WARNING - No viable dags retrieved from /opt/airflow/dags/csv_to_kafka_with_redis.py
[2024-12-10T00:24:57.652+0000] {processor.py:208} INFO - Processing /opt/airflow/dags/csv_to_kafka_with_redis.py took 0.442 seconds
[2024-12-10T00:25:27.997+0000] {processor.py:186} INFO - Started process (PID=369) to work on /opt/airflow/dags/csv_to_kafka_with_redis.py
[2024-12-10T00:25:27.999+0000] {processor.py:914} INFO - Processing file /opt/airflow/dags/csv_to_kafka_with_redis.py for tasks to queue
[2024-12-10T00:25:28.001+0000] {logging_mixin.py:190} INFO - [2024-12-10T00:25:28.001+0000] {dagbag.py:588} INFO - Filling up the DagBag from /opt/airflow/dags/csv_to_kafka_with_redis.py
[2024-12-10T00:25:28.509+0000] {processor.py:927} WARNING - No viable dags retrieved from /opt/airflow/dags/csv_to_kafka_with_redis.py
[2024-12-10T00:25:28.521+0000] {processor.py:208} INFO - Processing /opt/airflow/dags/csv_to_kafka_with_redis.py took 0.529 seconds
[2024-12-10T00:25:58.931+0000] {processor.py:186} INFO - Started process (PID=376) to work on /opt/airflow/dags/csv_to_kafka_with_redis.py
[2024-12-10T00:25:58.932+0000] {processor.py:914} INFO - Processing file /opt/airflow/dags/csv_to_kafka_with_redis.py for tasks to queue
[2024-12-10T00:25:58.935+0000] {logging_mixin.py:190} INFO - [2024-12-10T00:25:58.935+0000] {dagbag.py:588} INFO - Filling up the DagBag from /opt/airflow/dags/csv_to_kafka_with_redis.py
[2024-12-10T00:25:59.331+0000] {processor.py:927} WARNING - No viable dags retrieved from /opt/airflow/dags/csv_to_kafka_with_redis.py
[2024-12-10T00:25:59.344+0000] {processor.py:208} INFO - Processing /opt/airflow/dags/csv_to_kafka_with_redis.py took 0.417 seconds
[2024-12-10T00:26:29.730+0000] {processor.py:186} INFO - Started process (PID=383) to work on /opt/airflow/dags/csv_to_kafka_with_redis.py
[2024-12-10T00:26:29.731+0000] {processor.py:914} INFO - Processing file /opt/airflow/dags/csv_to_kafka_with_redis.py for tasks to queue
[2024-12-10T00:26:29.734+0000] {logging_mixin.py:190} INFO - [2024-12-10T00:26:29.733+0000] {dagbag.py:588} INFO - Filling up the DagBag from /opt/airflow/dags/csv_to_kafka_with_redis.py
[2024-12-10T00:26:30.137+0000] {processor.py:927} WARNING - No viable dags retrieved from /opt/airflow/dags/csv_to_kafka_with_redis.py
[2024-12-10T00:26:30.157+0000] {processor.py:208} INFO - Processing /opt/airflow/dags/csv_to_kafka_with_redis.py took 0.432 seconds
[2024-12-10T00:27:00.961+0000] {processor.py:186} INFO - Started process (PID=390) to work on /opt/airflow/dags/csv_to_kafka_with_redis.py
[2024-12-10T00:27:00.962+0000] {processor.py:914} INFO - Processing file /opt/airflow/dags/csv_to_kafka_with_redis.py for tasks to queue
[2024-12-10T00:27:00.965+0000] {logging_mixin.py:190} INFO - [2024-12-10T00:27:00.964+0000] {dagbag.py:588} INFO - Filling up the DagBag from /opt/airflow/dags/csv_to_kafka_with_redis.py
[2024-12-10T00:27:01.476+0000] {processor.py:927} WARNING - No viable dags retrieved from /opt/airflow/dags/csv_to_kafka_with_redis.py
[2024-12-10T00:27:01.494+0000] {processor.py:208} INFO - Processing /opt/airflow/dags/csv_to_kafka_with_redis.py took 0.538 seconds
[2024-12-10T00:27:31.753+0000] {processor.py:186} INFO - Started process (PID=397) to work on /opt/airflow/dags/csv_to_kafka_with_redis.py
[2024-12-10T00:27:31.754+0000] {processor.py:914} INFO - Processing file /opt/airflow/dags/csv_to_kafka_with_redis.py for tasks to queue
[2024-12-10T00:27:31.757+0000] {logging_mixin.py:190} INFO - [2024-12-10T00:27:31.756+0000] {dagbag.py:588} INFO - Filling up the DagBag from /opt/airflow/dags/csv_to_kafka_with_redis.py
[2024-12-10T00:27:32.148+0000] {processor.py:927} WARNING - No viable dags retrieved from /opt/airflow/dags/csv_to_kafka_with_redis.py
[2024-12-10T00:27:32.161+0000] {processor.py:208} INFO - Processing /opt/airflow/dags/csv_to_kafka_with_redis.py took 0.412 seconds
[2024-12-10T00:28:02.592+0000] {processor.py:186} INFO - Started process (PID=404) to work on /opt/airflow/dags/csv_to_kafka_with_redis.py
[2024-12-10T00:28:02.593+0000] {processor.py:914} INFO - Processing file /opt/airflow/dags/csv_to_kafka_with_redis.py for tasks to queue
[2024-12-10T00:28:02.595+0000] {logging_mixin.py:190} INFO - [2024-12-10T00:28:02.595+0000] {dagbag.py:588} INFO - Filling up the DagBag from /opt/airflow/dags/csv_to_kafka_with_redis.py
[2024-12-10T00:28:03.006+0000] {processor.py:927} WARNING - No viable dags retrieved from /opt/airflow/dags/csv_to_kafka_with_redis.py
[2024-12-10T00:28:03.022+0000] {processor.py:208} INFO - Processing /opt/airflow/dags/csv_to_kafka_with_redis.py took 0.448 seconds
[2024-12-10T00:28:33.501+0000] {processor.py:186} INFO - Started process (PID=411) to work on /opt/airflow/dags/csv_to_kafka_with_redis.py
[2024-12-10T00:28:33.503+0000] {processor.py:914} INFO - Processing file /opt/airflow/dags/csv_to_kafka_with_redis.py for tasks to queue
[2024-12-10T00:28:33.506+0000] {logging_mixin.py:190} INFO - [2024-12-10T00:28:33.505+0000] {dagbag.py:588} INFO - Filling up the DagBag from /opt/airflow/dags/csv_to_kafka_with_redis.py
[2024-12-10T00:28:33.958+0000] {processor.py:927} WARNING - No viable dags retrieved from /opt/airflow/dags/csv_to_kafka_with_redis.py
[2024-12-10T00:28:33.975+0000] {processor.py:208} INFO - Processing /opt/airflow/dags/csv_to_kafka_with_redis.py took 0.478 seconds
[2024-12-10T00:29:04.314+0000] {processor.py:186} INFO - Started process (PID=418) to work on /opt/airflow/dags/csv_to_kafka_with_redis.py
[2024-12-10T00:29:04.315+0000] {processor.py:914} INFO - Processing file /opt/airflow/dags/csv_to_kafka_with_redis.py for tasks to queue
[2024-12-10T00:29:04.317+0000] {logging_mixin.py:190} INFO - [2024-12-10T00:29:04.317+0000] {dagbag.py:588} INFO - Filling up the DagBag from /opt/airflow/dags/csv_to_kafka_with_redis.py
[2024-12-10T00:29:04.750+0000] {processor.py:927} WARNING - No viable dags retrieved from /opt/airflow/dags/csv_to_kafka_with_redis.py
[2024-12-10T00:29:04.774+0000] {processor.py:208} INFO - Processing /opt/airflow/dags/csv_to_kafka_with_redis.py took 0.465 seconds
[2024-12-10T00:29:35.481+0000] {processor.py:186} INFO - Started process (PID=425) to work on /opt/airflow/dags/csv_to_kafka_with_redis.py
[2024-12-10T00:29:35.482+0000] {processor.py:914} INFO - Processing file /opt/airflow/dags/csv_to_kafka_with_redis.py for tasks to queue
[2024-12-10T00:29:35.484+0000] {logging_mixin.py:190} INFO - [2024-12-10T00:29:35.484+0000] {dagbag.py:588} INFO - Filling up the DagBag from /opt/airflow/dags/csv_to_kafka_with_redis.py
[2024-12-10T00:29:35.887+0000] {processor.py:927} WARNING - No viable dags retrieved from /opt/airflow/dags/csv_to_kafka_with_redis.py
[2024-12-10T00:29:35.900+0000] {processor.py:208} INFO - Processing /opt/airflow/dags/csv_to_kafka_with_redis.py took 0.424 seconds
[2024-12-10T00:30:06.595+0000] {processor.py:186} INFO - Started process (PID=432) to work on /opt/airflow/dags/csv_to_kafka_with_redis.py
[2024-12-10T00:30:06.596+0000] {processor.py:914} INFO - Processing file /opt/airflow/dags/csv_to_kafka_with_redis.py for tasks to queue
[2024-12-10T00:30:06.598+0000] {logging_mixin.py:190} INFO - [2024-12-10T00:30:06.598+0000] {dagbag.py:588} INFO - Filling up the DagBag from /opt/airflow/dags/csv_to_kafka_with_redis.py
[2024-12-10T00:30:07.015+0000] {processor.py:927} WARNING - No viable dags retrieved from /opt/airflow/dags/csv_to_kafka_with_redis.py
[2024-12-10T00:30:07.026+0000] {processor.py:208} INFO - Processing /opt/airflow/dags/csv_to_kafka_with_redis.py took 0.436 seconds
[2024-12-10T00:30:37.305+0000] {processor.py:186} INFO - Started process (PID=439) to work on /opt/airflow/dags/csv_to_kafka_with_redis.py
[2024-12-10T00:30:37.306+0000] {processor.py:914} INFO - Processing file /opt/airflow/dags/csv_to_kafka_with_redis.py for tasks to queue
[2024-12-10T00:30:37.308+0000] {logging_mixin.py:190} INFO - [2024-12-10T00:30:37.308+0000] {dagbag.py:588} INFO - Filling up the DagBag from /opt/airflow/dags/csv_to_kafka_with_redis.py
[2024-12-10T00:30:37.759+0000] {processor.py:927} WARNING - No viable dags retrieved from /opt/airflow/dags/csv_to_kafka_with_redis.py
[2024-12-10T00:30:37.777+0000] {processor.py:208} INFO - Processing /opt/airflow/dags/csv_to_kafka_with_redis.py took 0.477 seconds
[2024-12-10T00:31:08.137+0000] {processor.py:186} INFO - Started process (PID=446) to work on /opt/airflow/dags/csv_to_kafka_with_redis.py
[2024-12-10T00:31:08.138+0000] {processor.py:914} INFO - Processing file /opt/airflow/dags/csv_to_kafka_with_redis.py for tasks to queue
[2024-12-10T00:31:08.140+0000] {logging_mixin.py:190} INFO - [2024-12-10T00:31:08.139+0000] {dagbag.py:588} INFO - Filling up the DagBag from /opt/airflow/dags/csv_to_kafka_with_redis.py
[2024-12-10T00:31:08.534+0000] {processor.py:927} WARNING - No viable dags retrieved from /opt/airflow/dags/csv_to_kafka_with_redis.py
[2024-12-10T00:31:08.565+0000] {processor.py:208} INFO - Processing /opt/airflow/dags/csv_to_kafka_with_redis.py took 0.433 seconds
[2024-12-10T00:31:39.070+0000] {processor.py:186} INFO - Started process (PID=453) to work on /opt/airflow/dags/csv_to_kafka_with_redis.py
[2024-12-10T00:31:39.071+0000] {processor.py:914} INFO - Processing file /opt/airflow/dags/csv_to_kafka_with_redis.py for tasks to queue
[2024-12-10T00:31:39.074+0000] {logging_mixin.py:190} INFO - [2024-12-10T00:31:39.073+0000] {dagbag.py:588} INFO - Filling up the DagBag from /opt/airflow/dags/csv_to_kafka_with_redis.py
[2024-12-10T00:31:39.593+0000] {processor.py:927} WARNING - No viable dags retrieved from /opt/airflow/dags/csv_to_kafka_with_redis.py
[2024-12-10T00:31:39.614+0000] {processor.py:208} INFO - Processing /opt/airflow/dags/csv_to_kafka_with_redis.py took 0.550 seconds
