[2024-12-10T00:00:00.451+0000] {processor.py:186} INFO - Started process (PID=8217) to work on /opt/airflow/dags/dag_streaming.py
[2024-12-10T00:00:00.452+0000] {processor.py:914} INFO - Processing file /opt/airflow/dags/dag_streaming.py for tasks to queue
[2024-12-10T00:00:00.454+0000] {logging_mixin.py:190} INFO - [2024-12-10T00:00:00.454+0000] {dagbag.py:588} INFO - Filling up the DagBag from /opt/airflow/dags/dag_streaming.py
[2024-12-10T00:00:00.793+0000] {processor.py:925} INFO - DAG(s) 'dagappi' retrieved from /opt/airflow/dags/dag_streaming.py
[2024-12-10T00:00:00.823+0000] {logging_mixin.py:190} INFO - [2024-12-10T00:00:00.823+0000] {dag.py:3239} INFO - Sync 1 DAGs
[2024-12-10T00:00:00.838+0000] {logging_mixin.py:190} INFO - [2024-12-10T00:00:00.838+0000] {dag.py:4180} INFO - Setting next_dagrun for dagappi to None, run_after=None
[2024-12-10T00:00:00.905+0000] {processor.py:208} INFO - Processing /opt/airflow/dags/dag_streaming.py took 0.460 seconds
[2024-12-10T00:00:02.808+0000] {processor.py:186} INFO - Started process (PID=8220) to work on /opt/airflow/dags/dag_streaming.py
[2024-12-10T00:00:02.811+0000] {processor.py:914} INFO - Processing file /opt/airflow/dags/dag_streaming.py for tasks to queue
[2024-12-10T00:00:02.814+0000] {logging_mixin.py:190} INFO - [2024-12-10T00:00:02.813+0000] {dagbag.py:588} INFO - Filling up the DagBag from /opt/airflow/dags/dag_streaming.py
[2024-12-10T00:00:03.212+0000] {processor.py:925} INFO - DAG(s) 'dagappi' retrieved from /opt/airflow/dags/dag_streaming.py
[2024-12-10T00:00:03.252+0000] {logging_mixin.py:190} INFO - [2024-12-10T00:00:03.251+0000] {dag.py:3239} INFO - Sync 1 DAGs
[2024-12-10T00:00:03.277+0000] {logging_mixin.py:190} INFO - [2024-12-10T00:00:03.277+0000] {dag.py:4180} INFO - Setting next_dagrun for dagappi to None, run_after=None
[2024-12-10T00:00:03.362+0000] {processor.py:208} INFO - Processing /opt/airflow/dags/dag_streaming.py took 0.574 seconds
[2024-12-10T00:00:31.808+0000] {processor.py:186} INFO - Started process (PID=8231) to work on /opt/airflow/dags/dag_streaming.py
[2024-12-10T00:00:31.809+0000] {processor.py:914} INFO - Processing file /opt/airflow/dags/dag_streaming.py for tasks to queue
[2024-12-10T00:00:31.811+0000] {logging_mixin.py:190} INFO - [2024-12-10T00:00:31.810+0000] {dagbag.py:588} INFO - Filling up the DagBag from /opt/airflow/dags/dag_streaming.py
[2024-12-10T00:00:32.085+0000] {processor.py:925} INFO - DAG(s) 'dagappi' retrieved from /opt/airflow/dags/dag_streaming.py
[2024-12-10T00:00:32.117+0000] {logging_mixin.py:190} INFO - [2024-12-10T00:00:32.116+0000] {dag.py:3239} INFO - Sync 1 DAGs
[2024-12-10T00:00:32.132+0000] {logging_mixin.py:190} INFO - [2024-12-10T00:00:32.132+0000] {dag.py:4180} INFO - Setting next_dagrun for dagappi to None, run_after=None
[2024-12-10T00:00:32.177+0000] {processor.py:208} INFO - Processing /opt/airflow/dags/dag_streaming.py took 0.381 seconds
[2024-12-10T00:00:34.051+0000] {processor.py:186} INFO - Started process (PID=8234) to work on /opt/airflow/dags/dag_streaming.py
[2024-12-10T00:00:34.052+0000] {processor.py:914} INFO - Processing file /opt/airflow/dags/dag_streaming.py for tasks to queue
[2024-12-10T00:00:34.053+0000] {logging_mixin.py:190} INFO - [2024-12-10T00:00:34.053+0000] {dagbag.py:588} INFO - Filling up the DagBag from /opt/airflow/dags/dag_streaming.py
[2024-12-10T00:00:34.336+0000] {processor.py:925} INFO - DAG(s) 'dagappi' retrieved from /opt/airflow/dags/dag_streaming.py
[2024-12-10T00:00:34.359+0000] {logging_mixin.py:190} INFO - [2024-12-10T00:00:34.359+0000] {dag.py:3239} INFO - Sync 1 DAGs
[2024-12-10T00:00:34.374+0000] {logging_mixin.py:190} INFO - [2024-12-10T00:00:34.374+0000] {dag.py:4180} INFO - Setting next_dagrun for dagappi to None, run_after=None
[2024-12-10T00:00:34.424+0000] {processor.py:208} INFO - Processing /opt/airflow/dags/dag_streaming.py took 0.378 seconds
[2024-12-10T00:05:02.348+0000] {processor.py:186} INFO - Started process (PID=70) to work on /opt/airflow/dags/dag_streaming.py
[2024-12-10T00:05:02.350+0000] {processor.py:914} INFO - Processing file /opt/airflow/dags/dag_streaming.py for tasks to queue
[2024-12-10T00:05:02.357+0000] {logging_mixin.py:190} INFO - [2024-12-10T00:05:02.356+0000] {dagbag.py:588} INFO - Filling up the DagBag from /opt/airflow/dags/dag_streaming.py
[2024-12-10T00:05:03.471+0000] {processor.py:925} INFO - DAG(s) 'dagappi' retrieved from /opt/airflow/dags/dag_streaming.py
[2024-12-10T00:05:03.538+0000] {logging_mixin.py:190} INFO - [2024-12-10T00:05:03.536+0000] {dag.py:3239} INFO - Sync 1 DAGs
[2024-12-10T00:05:03.570+0000] {logging_mixin.py:190} INFO - [2024-12-10T00:05:03.569+0000] {dag.py:4180} INFO - Setting next_dagrun for dagappi to None, run_after=None
[2024-12-10T00:05:03.700+0000] {processor.py:208} INFO - Processing /opt/airflow/dags/dag_streaming.py took 1.377 seconds
[2024-12-10T00:05:35.572+0000] {processor.py:186} INFO - Started process (PID=101) to work on /opt/airflow/dags/dag_streaming.py
[2024-12-10T00:05:35.576+0000] {processor.py:914} INFO - Processing file /opt/airflow/dags/dag_streaming.py for tasks to queue
[2024-12-10T00:05:35.592+0000] {logging_mixin.py:190} INFO - [2024-12-10T00:05:35.587+0000] {dagbag.py:588} INFO - Filling up the DagBag from /opt/airflow/dags/dag_streaming.py
[2024-12-10T00:05:36.709+0000] {processor.py:925} INFO - DAG(s) 'dagappi' retrieved from /opt/airflow/dags/dag_streaming.py
[2024-12-10T00:05:36.760+0000] {logging_mixin.py:190} INFO - [2024-12-10T00:05:36.759+0000] {dag.py:3239} INFO - Sync 1 DAGs
[2024-12-10T00:05:36.788+0000] {logging_mixin.py:190} INFO - [2024-12-10T00:05:36.788+0000] {dag.py:4180} INFO - Setting next_dagrun for dagappi to None, run_after=None
[2024-12-10T00:05:36.928+0000] {processor.py:208} INFO - Processing /opt/airflow/dags/dag_streaming.py took 1.365 seconds
[2024-12-10T00:06:07.053+0000] {processor.py:186} INFO - Started process (PID=108) to work on /opt/airflow/dags/dag_streaming.py
[2024-12-10T00:06:07.054+0000] {processor.py:914} INFO - Processing file /opt/airflow/dags/dag_streaming.py for tasks to queue
[2024-12-10T00:06:07.059+0000] {logging_mixin.py:190} INFO - [2024-12-10T00:06:07.059+0000] {dagbag.py:588} INFO - Filling up the DagBag from /opt/airflow/dags/dag_streaming.py
[2024-12-10T00:06:07.605+0000] {processor.py:925} INFO - DAG(s) 'dagappi' retrieved from /opt/airflow/dags/dag_streaming.py
[2024-12-10T00:06:07.637+0000] {logging_mixin.py:190} INFO - [2024-12-10T00:06:07.636+0000] {dag.py:3239} INFO - Sync 1 DAGs
[2024-12-10T00:06:07.655+0000] {logging_mixin.py:190} INFO - [2024-12-10T00:06:07.655+0000] {dag.py:4180} INFO - Setting next_dagrun for dagappi to None, run_after=None
[2024-12-10T00:06:07.734+0000] {processor.py:208} INFO - Processing /opt/airflow/dags/dag_streaming.py took 0.687 seconds
[2024-12-10T00:06:40.306+0000] {processor.py:186} INFO - Started process (PID=115) to work on /opt/airflow/dags/dag_streaming.py
[2024-12-10T00:06:40.307+0000] {processor.py:914} INFO - Processing file /opt/airflow/dags/dag_streaming.py for tasks to queue
[2024-12-10T00:06:40.311+0000] {logging_mixin.py:190} INFO - [2024-12-10T00:06:40.310+0000] {dagbag.py:588} INFO - Filling up the DagBag from /opt/airflow/dags/dag_streaming.py
[2024-12-10T00:06:41.275+0000] {processor.py:925} INFO - DAG(s) 'dagappi' retrieved from /opt/airflow/dags/dag_streaming.py
[2024-12-10T00:06:41.353+0000] {logging_mixin.py:190} INFO - [2024-12-10T00:06:41.350+0000] {dag.py:3239} INFO - Sync 1 DAGs
[2024-12-10T00:06:41.393+0000] {logging_mixin.py:190} INFO - [2024-12-10T00:06:41.392+0000] {dag.py:4180} INFO - Setting next_dagrun for dagappi to None, run_after=None
[2024-12-10T00:06:41.607+0000] {processor.py:208} INFO - Processing /opt/airflow/dags/dag_streaming.py took 1.307 seconds
[2024-12-10T00:07:12.380+0000] {processor.py:186} INFO - Started process (PID=122) to work on /opt/airflow/dags/dag_streaming.py
[2024-12-10T00:07:12.381+0000] {processor.py:914} INFO - Processing file /opt/airflow/dags/dag_streaming.py for tasks to queue
[2024-12-10T00:07:12.384+0000] {logging_mixin.py:190} INFO - [2024-12-10T00:07:12.384+0000] {dagbag.py:588} INFO - Filling up the DagBag from /opt/airflow/dags/dag_streaming.py
[2024-12-10T00:07:12.866+0000] {processor.py:925} INFO - DAG(s) 'dagappi' retrieved from /opt/airflow/dags/dag_streaming.py
[2024-12-10T00:07:12.898+0000] {logging_mixin.py:190} INFO - [2024-12-10T00:07:12.898+0000] {dag.py:3239} INFO - Sync 1 DAGs
[2024-12-10T00:07:12.915+0000] {logging_mixin.py:190} INFO - [2024-12-10T00:07:12.914+0000] {dag.py:4180} INFO - Setting next_dagrun for dagappi to None, run_after=None
[2024-12-10T00:07:12.997+0000] {processor.py:208} INFO - Processing /opt/airflow/dags/dag_streaming.py took 0.623 seconds
[2024-12-10T00:07:43.710+0000] {processor.py:186} INFO - Started process (PID=129) to work on /opt/airflow/dags/dag_streaming.py
[2024-12-10T00:07:43.712+0000] {processor.py:914} INFO - Processing file /opt/airflow/dags/dag_streaming.py for tasks to queue
[2024-12-10T00:07:43.719+0000] {logging_mixin.py:190} INFO - [2024-12-10T00:07:43.718+0000] {dagbag.py:588} INFO - Filling up the DagBag from /opt/airflow/dags/dag_streaming.py
[2024-12-10T00:07:44.310+0000] {processor.py:925} INFO - DAG(s) 'dagappi' retrieved from /opt/airflow/dags/dag_streaming.py
[2024-12-10T00:07:44.330+0000] {logging_mixin.py:190} INFO - [2024-12-10T00:07:44.329+0000] {dag.py:3239} INFO - Sync 1 DAGs
[2024-12-10T00:07:44.341+0000] {logging_mixin.py:190} INFO - [2024-12-10T00:07:44.340+0000] {dag.py:4180} INFO - Setting next_dagrun for dagappi to None, run_after=None
[2024-12-10T00:07:44.390+0000] {processor.py:208} INFO - Processing /opt/airflow/dags/dag_streaming.py took 0.690 seconds
[2024-12-10T00:08:14.741+0000] {processor.py:186} INFO - Started process (PID=136) to work on /opt/airflow/dags/dag_streaming.py
[2024-12-10T00:08:14.743+0000] {processor.py:914} INFO - Processing file /opt/airflow/dags/dag_streaming.py for tasks to queue
[2024-12-10T00:08:14.747+0000] {logging_mixin.py:190} INFO - [2024-12-10T00:08:14.746+0000] {dagbag.py:588} INFO - Filling up the DagBag from /opt/airflow/dags/dag_streaming.py
[2024-12-10T00:08:15.228+0000] {processor.py:925} INFO - DAG(s) 'dagappi' retrieved from /opt/airflow/dags/dag_streaming.py
[2024-12-10T00:08:15.259+0000] {logging_mixin.py:190} INFO - [2024-12-10T00:08:15.259+0000] {dag.py:3239} INFO - Sync 1 DAGs
[2024-12-10T00:08:15.275+0000] {logging_mixin.py:190} INFO - [2024-12-10T00:08:15.275+0000] {dag.py:4180} INFO - Setting next_dagrun for dagappi to None, run_after=None
[2024-12-10T00:08:15.360+0000] {processor.py:208} INFO - Processing /opt/airflow/dags/dag_streaming.py took 0.628 seconds
[2024-12-10T00:08:46.016+0000] {processor.py:186} INFO - Started process (PID=143) to work on /opt/airflow/dags/dag_streaming.py
[2024-12-10T00:08:46.017+0000] {processor.py:914} INFO - Processing file /opt/airflow/dags/dag_streaming.py for tasks to queue
[2024-12-10T00:08:46.020+0000] {logging_mixin.py:190} INFO - [2024-12-10T00:08:46.019+0000] {dagbag.py:588} INFO - Filling up the DagBag from /opt/airflow/dags/dag_streaming.py
[2024-12-10T00:08:46.490+0000] {processor.py:925} INFO - DAG(s) 'dagappi' retrieved from /opt/airflow/dags/dag_streaming.py
[2024-12-10T00:08:46.513+0000] {logging_mixin.py:190} INFO - [2024-12-10T00:08:46.513+0000] {dag.py:3239} INFO - Sync 1 DAGs
[2024-12-10T00:08:46.526+0000] {logging_mixin.py:190} INFO - [2024-12-10T00:08:46.526+0000] {dag.py:4180} INFO - Setting next_dagrun for dagappi to None, run_after=None
[2024-12-10T00:08:46.590+0000] {processor.py:208} INFO - Processing /opt/airflow/dags/dag_streaming.py took 0.579 seconds
[2024-12-10T00:09:17.041+0000] {processor.py:186} INFO - Started process (PID=150) to work on /opt/airflow/dags/dag_streaming.py
[2024-12-10T00:09:17.043+0000] {processor.py:914} INFO - Processing file /opt/airflow/dags/dag_streaming.py for tasks to queue
[2024-12-10T00:09:17.045+0000] {logging_mixin.py:190} INFO - [2024-12-10T00:09:17.045+0000] {dagbag.py:588} INFO - Filling up the DagBag from /opt/airflow/dags/dag_streaming.py
[2024-12-10T00:09:17.614+0000] {processor.py:925} INFO - DAG(s) 'dagappi' retrieved from /opt/airflow/dags/dag_streaming.py
[2024-12-10T00:09:17.643+0000] {logging_mixin.py:190} INFO - [2024-12-10T00:09:17.643+0000] {dag.py:3239} INFO - Sync 1 DAGs
[2024-12-10T00:09:17.657+0000] {logging_mixin.py:190} INFO - [2024-12-10T00:09:17.657+0000] {dag.py:4180} INFO - Setting next_dagrun for dagappi to None, run_after=None
[2024-12-10T00:09:17.721+0000] {processor.py:208} INFO - Processing /opt/airflow/dags/dag_streaming.py took 0.686 seconds
[2024-12-10T00:09:48.105+0000] {processor.py:186} INFO - Started process (PID=157) to work on /opt/airflow/dags/dag_streaming.py
[2024-12-10T00:09:48.106+0000] {processor.py:914} INFO - Processing file /opt/airflow/dags/dag_streaming.py for tasks to queue
[2024-12-10T00:09:48.108+0000] {logging_mixin.py:190} INFO - [2024-12-10T00:09:48.108+0000] {dagbag.py:588} INFO - Filling up the DagBag from /opt/airflow/dags/dag_streaming.py
[2024-12-10T00:09:48.628+0000] {processor.py:925} INFO - DAG(s) 'dagappi' retrieved from /opt/airflow/dags/dag_streaming.py
[2024-12-10T00:09:48.657+0000] {logging_mixin.py:190} INFO - [2024-12-10T00:09:48.657+0000] {dag.py:3239} INFO - Sync 1 DAGs
[2024-12-10T00:09:48.672+0000] {logging_mixin.py:190} INFO - [2024-12-10T00:09:48.672+0000] {dag.py:4180} INFO - Setting next_dagrun for dagappi to None, run_after=None
[2024-12-10T00:09:48.774+0000] {processor.py:208} INFO - Processing /opt/airflow/dags/dag_streaming.py took 0.676 seconds
[2024-12-10T00:10:19.253+0000] {processor.py:186} INFO - Started process (PID=164) to work on /opt/airflow/dags/dag_streaming.py
[2024-12-10T00:10:19.256+0000] {processor.py:914} INFO - Processing file /opt/airflow/dags/dag_streaming.py for tasks to queue
[2024-12-10T00:10:19.259+0000] {logging_mixin.py:190} INFO - [2024-12-10T00:10:19.259+0000] {dagbag.py:588} INFO - Filling up the DagBag from /opt/airflow/dags/dag_streaming.py
[2024-12-10T00:10:19.782+0000] {processor.py:925} INFO - DAG(s) 'dagappi' retrieved from /opt/airflow/dags/dag_streaming.py
[2024-12-10T00:10:19.806+0000] {logging_mixin.py:190} INFO - [2024-12-10T00:10:19.806+0000] {dag.py:3239} INFO - Sync 1 DAGs
[2024-12-10T00:10:19.824+0000] {logging_mixin.py:190} INFO - [2024-12-10T00:10:19.823+0000] {dag.py:4180} INFO - Setting next_dagrun for dagappi to None, run_after=None
[2024-12-10T00:10:19.887+0000] {processor.py:208} INFO - Processing /opt/airflow/dags/dag_streaming.py took 0.640 seconds
[2024-12-10T00:10:50.611+0000] {processor.py:186} INFO - Started process (PID=171) to work on /opt/airflow/dags/dag_streaming.py
[2024-12-10T00:10:50.613+0000] {processor.py:914} INFO - Processing file /opt/airflow/dags/dag_streaming.py for tasks to queue
[2024-12-10T00:10:50.616+0000] {logging_mixin.py:190} INFO - [2024-12-10T00:10:50.615+0000] {dagbag.py:588} INFO - Filling up the DagBag from /opt/airflow/dags/dag_streaming.py
[2024-12-10T00:10:51.049+0000] {processor.py:925} INFO - DAG(s) 'dagappi' retrieved from /opt/airflow/dags/dag_streaming.py
[2024-12-10T00:10:51.075+0000] {logging_mixin.py:190} INFO - [2024-12-10T00:10:51.075+0000] {dag.py:3239} INFO - Sync 1 DAGs
[2024-12-10T00:10:51.094+0000] {logging_mixin.py:190} INFO - [2024-12-10T00:10:51.094+0000] {dag.py:4180} INFO - Setting next_dagrun for dagappi to None, run_after=None
[2024-12-10T00:10:51.171+0000] {processor.py:208} INFO - Processing /opt/airflow/dags/dag_streaming.py took 0.565 seconds
[2024-12-10T00:11:21.711+0000] {processor.py:186} INFO - Started process (PID=178) to work on /opt/airflow/dags/dag_streaming.py
[2024-12-10T00:11:21.712+0000] {processor.py:914} INFO - Processing file /opt/airflow/dags/dag_streaming.py for tasks to queue
[2024-12-10T00:11:21.715+0000] {logging_mixin.py:190} INFO - [2024-12-10T00:11:21.715+0000] {dagbag.py:588} INFO - Filling up the DagBag from /opt/airflow/dags/dag_streaming.py
[2024-12-10T00:11:22.212+0000] {processor.py:925} INFO - DAG(s) 'dagappi' retrieved from /opt/airflow/dags/dag_streaming.py
[2024-12-10T00:11:22.245+0000] {logging_mixin.py:190} INFO - [2024-12-10T00:11:22.244+0000] {dag.py:3239} INFO - Sync 1 DAGs
[2024-12-10T00:11:22.262+0000] {logging_mixin.py:190} INFO - [2024-12-10T00:11:22.261+0000] {dag.py:4180} INFO - Setting next_dagrun for dagappi to None, run_after=None
[2024-12-10T00:11:22.337+0000] {processor.py:208} INFO - Processing /opt/airflow/dags/dag_streaming.py took 0.632 seconds
[2024-12-10T00:11:52.873+0000] {processor.py:186} INFO - Started process (PID=185) to work on /opt/airflow/dags/dag_streaming.py
[2024-12-10T00:11:52.874+0000] {processor.py:914} INFO - Processing file /opt/airflow/dags/dag_streaming.py for tasks to queue
[2024-12-10T00:11:52.877+0000] {logging_mixin.py:190} INFO - [2024-12-10T00:11:52.876+0000] {dagbag.py:588} INFO - Filling up the DagBag from /opt/airflow/dags/dag_streaming.py
[2024-12-10T00:11:53.327+0000] {processor.py:925} INFO - DAG(s) 'dagappi' retrieved from /opt/airflow/dags/dag_streaming.py
[2024-12-10T00:11:53.351+0000] {logging_mixin.py:190} INFO - [2024-12-10T00:11:53.351+0000] {dag.py:3239} INFO - Sync 1 DAGs
[2024-12-10T00:11:53.366+0000] {logging_mixin.py:190} INFO - [2024-12-10T00:11:53.366+0000] {dag.py:4180} INFO - Setting next_dagrun for dagappi to None, run_after=None
[2024-12-10T00:11:53.417+0000] {processor.py:208} INFO - Processing /opt/airflow/dags/dag_streaming.py took 0.549 seconds
[2024-12-10T00:12:23.904+0000] {processor.py:186} INFO - Started process (PID=192) to work on /opt/airflow/dags/dag_streaming.py
[2024-12-10T00:12:23.906+0000] {processor.py:914} INFO - Processing file /opt/airflow/dags/dag_streaming.py for tasks to queue
[2024-12-10T00:12:23.909+0000] {logging_mixin.py:190} INFO - [2024-12-10T00:12:23.909+0000] {dagbag.py:588} INFO - Filling up the DagBag from /opt/airflow/dags/dag_streaming.py
[2024-12-10T00:12:24.368+0000] {processor.py:925} INFO - DAG(s) 'dagappi' retrieved from /opt/airflow/dags/dag_streaming.py
[2024-12-10T00:12:24.398+0000] {logging_mixin.py:190} INFO - [2024-12-10T00:12:24.398+0000] {dag.py:3239} INFO - Sync 1 DAGs
[2024-12-10T00:12:24.415+0000] {logging_mixin.py:190} INFO - [2024-12-10T00:12:24.415+0000] {dag.py:4180} INFO - Setting next_dagrun for dagappi to None, run_after=None
[2024-12-10T00:12:24.510+0000] {processor.py:208} INFO - Processing /opt/airflow/dags/dag_streaming.py took 0.612 seconds
[2024-12-10T00:12:55.015+0000] {processor.py:186} INFO - Started process (PID=199) to work on /opt/airflow/dags/dag_streaming.py
[2024-12-10T00:12:55.017+0000] {processor.py:914} INFO - Processing file /opt/airflow/dags/dag_streaming.py for tasks to queue
[2024-12-10T00:12:55.020+0000] {logging_mixin.py:190} INFO - [2024-12-10T00:12:55.020+0000] {dagbag.py:588} INFO - Filling up the DagBag from /opt/airflow/dags/dag_streaming.py
[2024-12-10T00:12:55.501+0000] {processor.py:925} INFO - DAG(s) 'dagappi' retrieved from /opt/airflow/dags/dag_streaming.py
[2024-12-10T00:12:55.538+0000] {logging_mixin.py:190} INFO - [2024-12-10T00:12:55.538+0000] {dag.py:3239} INFO - Sync 1 DAGs
[2024-12-10T00:12:55.559+0000] {logging_mixin.py:190} INFO - [2024-12-10T00:12:55.558+0000] {dag.py:4180} INFO - Setting next_dagrun for dagappi to None, run_after=None
[2024-12-10T00:12:55.664+0000] {processor.py:208} INFO - Processing /opt/airflow/dags/dag_streaming.py took 0.655 seconds
[2024-12-10T00:13:26.225+0000] {processor.py:186} INFO - Started process (PID=206) to work on /opt/airflow/dags/dag_streaming.py
[2024-12-10T00:13:26.226+0000] {processor.py:914} INFO - Processing file /opt/airflow/dags/dag_streaming.py for tasks to queue
[2024-12-10T00:13:26.229+0000] {logging_mixin.py:190} INFO - [2024-12-10T00:13:26.228+0000] {dagbag.py:588} INFO - Filling up the DagBag from /opt/airflow/dags/dag_streaming.py
[2024-12-10T00:13:26.818+0000] {processor.py:925} INFO - DAG(s) 'dagappi' retrieved from /opt/airflow/dags/dag_streaming.py
[2024-12-10T00:13:26.853+0000] {logging_mixin.py:190} INFO - [2024-12-10T00:13:26.852+0000] {dag.py:3239} INFO - Sync 1 DAGs
[2024-12-10T00:13:26.888+0000] {logging_mixin.py:190} INFO - [2024-12-10T00:13:26.887+0000] {dag.py:4180} INFO - Setting next_dagrun for dagappi to None, run_after=None
[2024-12-10T00:13:26.954+0000] {processor.py:208} INFO - Processing /opt/airflow/dags/dag_streaming.py took 0.735 seconds
[2024-12-10T00:13:57.582+0000] {processor.py:186} INFO - Started process (PID=213) to work on /opt/airflow/dags/dag_streaming.py
[2024-12-10T00:13:57.583+0000] {processor.py:914} INFO - Processing file /opt/airflow/dags/dag_streaming.py for tasks to queue
[2024-12-10T00:13:57.586+0000] {logging_mixin.py:190} INFO - [2024-12-10T00:13:57.585+0000] {dagbag.py:588} INFO - Filling up the DagBag from /opt/airflow/dags/dag_streaming.py
[2024-12-10T00:13:58.179+0000] {processor.py:925} INFO - DAG(s) 'dagappi' retrieved from /opt/airflow/dags/dag_streaming.py
[2024-12-10T00:13:58.205+0000] {logging_mixin.py:190} INFO - [2024-12-10T00:13:58.205+0000] {dag.py:3239} INFO - Sync 1 DAGs
[2024-12-10T00:13:58.240+0000] {logging_mixin.py:190} INFO - [2024-12-10T00:13:58.240+0000] {dag.py:4180} INFO - Setting next_dagrun for dagappi to None, run_after=None
[2024-12-10T00:13:58.296+0000] {processor.py:208} INFO - Processing /opt/airflow/dags/dag_streaming.py took 0.720 seconds
[2024-12-10T00:14:28.911+0000] {processor.py:186} INFO - Started process (PID=220) to work on /opt/airflow/dags/dag_streaming.py
[2024-12-10T00:14:28.912+0000] {processor.py:914} INFO - Processing file /opt/airflow/dags/dag_streaming.py for tasks to queue
[2024-12-10T00:14:28.915+0000] {logging_mixin.py:190} INFO - [2024-12-10T00:14:28.915+0000] {dagbag.py:588} INFO - Filling up the DagBag from /opt/airflow/dags/dag_streaming.py
[2024-12-10T00:14:29.392+0000] {processor.py:925} INFO - DAG(s) 'dagappi' retrieved from /opt/airflow/dags/dag_streaming.py
[2024-12-10T00:14:29.429+0000] {logging_mixin.py:190} INFO - [2024-12-10T00:14:29.429+0000] {dag.py:3239} INFO - Sync 1 DAGs
[2024-12-10T00:14:29.450+0000] {logging_mixin.py:190} INFO - [2024-12-10T00:14:29.450+0000] {dag.py:4180} INFO - Setting next_dagrun for dagappi to None, run_after=None
[2024-12-10T00:14:29.518+0000] {processor.py:208} INFO - Processing /opt/airflow/dags/dag_streaming.py took 0.613 seconds
[2024-12-10T00:14:59.771+0000] {processor.py:186} INFO - Started process (PID=227) to work on /opt/airflow/dags/dag_streaming.py
[2024-12-10T00:14:59.773+0000] {processor.py:914} INFO - Processing file /opt/airflow/dags/dag_streaming.py for tasks to queue
[2024-12-10T00:14:59.775+0000] {logging_mixin.py:190} INFO - [2024-12-10T00:14:59.775+0000] {dagbag.py:588} INFO - Filling up the DagBag from /opt/airflow/dags/dag_streaming.py
[2024-12-10T00:15:00.288+0000] {processor.py:925} INFO - DAG(s) 'dagappi' retrieved from /opt/airflow/dags/dag_streaming.py
[2024-12-10T00:15:00.319+0000] {logging_mixin.py:190} INFO - [2024-12-10T00:15:00.319+0000] {dag.py:3239} INFO - Sync 1 DAGs
[2024-12-10T00:15:00.336+0000] {logging_mixin.py:190} INFO - [2024-12-10T00:15:00.336+0000] {dag.py:4180} INFO - Setting next_dagrun for dagappi to None, run_after=None
[2024-12-10T00:15:00.422+0000] {processor.py:208} INFO - Processing /opt/airflow/dags/dag_streaming.py took 0.659 seconds
[2024-12-10T00:15:31.002+0000] {processor.py:186} INFO - Started process (PID=234) to work on /opt/airflow/dags/dag_streaming.py
[2024-12-10T00:15:31.003+0000] {processor.py:914} INFO - Processing file /opt/airflow/dags/dag_streaming.py for tasks to queue
[2024-12-10T00:15:31.006+0000] {logging_mixin.py:190} INFO - [2024-12-10T00:15:31.005+0000] {dagbag.py:588} INFO - Filling up the DagBag from /opt/airflow/dags/dag_streaming.py
[2024-12-10T00:15:31.433+0000] {processor.py:925} INFO - DAG(s) 'dagappi' retrieved from /opt/airflow/dags/dag_streaming.py
[2024-12-10T00:15:31.463+0000] {logging_mixin.py:190} INFO - [2024-12-10T00:15:31.462+0000] {dag.py:3239} INFO - Sync 1 DAGs
[2024-12-10T00:15:31.478+0000] {logging_mixin.py:190} INFO - [2024-12-10T00:15:31.478+0000] {dag.py:4180} INFO - Setting next_dagrun for dagappi to None, run_after=None
[2024-12-10T00:15:31.560+0000] {processor.py:208} INFO - Processing /opt/airflow/dags/dag_streaming.py took 0.565 seconds
[2024-12-10T00:16:02.300+0000] {processor.py:186} INFO - Started process (PID=241) to work on /opt/airflow/dags/dag_streaming.py
[2024-12-10T00:16:02.302+0000] {processor.py:914} INFO - Processing file /opt/airflow/dags/dag_streaming.py for tasks to queue
[2024-12-10T00:16:02.306+0000] {logging_mixin.py:190} INFO - [2024-12-10T00:16:02.305+0000] {dagbag.py:588} INFO - Filling up the DagBag from /opt/airflow/dags/dag_streaming.py
[2024-12-10T00:16:02.726+0000] {processor.py:925} INFO - DAG(s) 'dagappi' retrieved from /opt/airflow/dags/dag_streaming.py
[2024-12-10T00:16:02.760+0000] {logging_mixin.py:190} INFO - [2024-12-10T00:16:02.759+0000] {dag.py:3239} INFO - Sync 1 DAGs
[2024-12-10T00:16:02.774+0000] {logging_mixin.py:190} INFO - [2024-12-10T00:16:02.774+0000] {dag.py:4180} INFO - Setting next_dagrun for dagappi to None, run_after=None
[2024-12-10T00:16:02.861+0000] {processor.py:208} INFO - Processing /opt/airflow/dags/dag_streaming.py took 0.567 seconds
[2024-12-10T00:16:33.491+0000] {processor.py:186} INFO - Started process (PID=248) to work on /opt/airflow/dags/dag_streaming.py
[2024-12-10T00:16:33.493+0000] {processor.py:914} INFO - Processing file /opt/airflow/dags/dag_streaming.py for tasks to queue
[2024-12-10T00:16:33.496+0000] {logging_mixin.py:190} INFO - [2024-12-10T00:16:33.495+0000] {dagbag.py:588} INFO - Filling up the DagBag from /opt/airflow/dags/dag_streaming.py
[2024-12-10T00:16:33.943+0000] {processor.py:925} INFO - DAG(s) 'dagappi' retrieved from /opt/airflow/dags/dag_streaming.py
[2024-12-10T00:16:33.969+0000] {logging_mixin.py:190} INFO - [2024-12-10T00:16:33.969+0000] {dag.py:3239} INFO - Sync 1 DAGs
[2024-12-10T00:16:33.984+0000] {logging_mixin.py:190} INFO - [2024-12-10T00:16:33.984+0000] {dag.py:4180} INFO - Setting next_dagrun for dagappi to None, run_after=None
[2024-12-10T00:16:34.051+0000] {processor.py:208} INFO - Processing /opt/airflow/dags/dag_streaming.py took 0.567 seconds
[2024-12-10T00:17:04.748+0000] {processor.py:186} INFO - Started process (PID=255) to work on /opt/airflow/dags/dag_streaming.py
[2024-12-10T00:17:04.749+0000] {processor.py:914} INFO - Processing file /opt/airflow/dags/dag_streaming.py for tasks to queue
[2024-12-10T00:17:04.752+0000] {logging_mixin.py:190} INFO - [2024-12-10T00:17:04.751+0000] {dagbag.py:588} INFO - Filling up the DagBag from /opt/airflow/dags/dag_streaming.py
[2024-12-10T00:17:05.205+0000] {processor.py:925} INFO - DAG(s) 'dagappi' retrieved from /opt/airflow/dags/dag_streaming.py
[2024-12-10T00:17:05.231+0000] {logging_mixin.py:190} INFO - [2024-12-10T00:17:05.230+0000] {dag.py:3239} INFO - Sync 1 DAGs
[2024-12-10T00:17:05.247+0000] {logging_mixin.py:190} INFO - [2024-12-10T00:17:05.247+0000] {dag.py:4180} INFO - Setting next_dagrun for dagappi to None, run_after=None
[2024-12-10T00:17:05.320+0000] {processor.py:208} INFO - Processing /opt/airflow/dags/dag_streaming.py took 0.578 seconds
[2024-12-10T00:17:35.958+0000] {processor.py:186} INFO - Started process (PID=262) to work on /opt/airflow/dags/dag_streaming.py
[2024-12-10T00:17:35.959+0000] {processor.py:914} INFO - Processing file /opt/airflow/dags/dag_streaming.py for tasks to queue
[2024-12-10T00:17:35.961+0000] {logging_mixin.py:190} INFO - [2024-12-10T00:17:35.961+0000] {dagbag.py:588} INFO - Filling up the DagBag from /opt/airflow/dags/dag_streaming.py
[2024-12-10T00:17:36.454+0000] {processor.py:925} INFO - DAG(s) 'dagappi' retrieved from /opt/airflow/dags/dag_streaming.py
[2024-12-10T00:17:36.480+0000] {logging_mixin.py:190} INFO - [2024-12-10T00:17:36.480+0000] {dag.py:3239} INFO - Sync 1 DAGs
[2024-12-10T00:17:36.495+0000] {logging_mixin.py:190} INFO - [2024-12-10T00:17:36.494+0000] {dag.py:4180} INFO - Setting next_dagrun for dagappi to None, run_after=None
[2024-12-10T00:17:36.552+0000] {processor.py:208} INFO - Processing /opt/airflow/dags/dag_streaming.py took 0.600 seconds
[2024-12-10T00:18:06.797+0000] {processor.py:186} INFO - Started process (PID=269) to work on /opt/airflow/dags/dag_streaming.py
[2024-12-10T00:18:06.798+0000] {processor.py:914} INFO - Processing file /opt/airflow/dags/dag_streaming.py for tasks to queue
[2024-12-10T00:18:06.801+0000] {logging_mixin.py:190} INFO - [2024-12-10T00:18:06.801+0000] {dagbag.py:588} INFO - Filling up the DagBag from /opt/airflow/dags/dag_streaming.py
[2024-12-10T00:18:07.261+0000] {processor.py:925} INFO - DAG(s) 'dagappi' retrieved from /opt/airflow/dags/dag_streaming.py
[2024-12-10T00:18:07.287+0000] {logging_mixin.py:190} INFO - [2024-12-10T00:18:07.286+0000] {dag.py:3239} INFO - Sync 1 DAGs
[2024-12-10T00:18:07.303+0000] {logging_mixin.py:190} INFO - [2024-12-10T00:18:07.303+0000] {dag.py:4180} INFO - Setting next_dagrun for dagappi to None, run_after=None
[2024-12-10T00:18:07.391+0000] {processor.py:208} INFO - Processing /opt/airflow/dags/dag_streaming.py took 0.600 seconds
[2024-12-10T00:18:37.776+0000] {processor.py:186} INFO - Started process (PID=276) to work on /opt/airflow/dags/dag_streaming.py
[2024-12-10T00:18:37.778+0000] {processor.py:914} INFO - Processing file /opt/airflow/dags/dag_streaming.py for tasks to queue
[2024-12-10T00:18:37.782+0000] {logging_mixin.py:190} INFO - [2024-12-10T00:18:37.781+0000] {dagbag.py:588} INFO - Filling up the DagBag from /opt/airflow/dags/dag_streaming.py
[2024-12-10T00:18:38.425+0000] {processor.py:925} INFO - DAG(s) 'dagappi' retrieved from /opt/airflow/dags/dag_streaming.py
[2024-12-10T00:18:38.455+0000] {logging_mixin.py:190} INFO - [2024-12-10T00:18:38.455+0000] {dag.py:3239} INFO - Sync 1 DAGs
[2024-12-10T00:18:38.472+0000] {logging_mixin.py:190} INFO - [2024-12-10T00:18:38.472+0000] {dag.py:4180} INFO - Setting next_dagrun for dagappi to None, run_after=None
[2024-12-10T00:18:38.556+0000] {processor.py:208} INFO - Processing /opt/airflow/dags/dag_streaming.py took 0.786 seconds
[2024-12-10T00:19:09.060+0000] {processor.py:186} INFO - Started process (PID=283) to work on /opt/airflow/dags/dag_streaming.py
[2024-12-10T00:19:09.062+0000] {processor.py:914} INFO - Processing file /opt/airflow/dags/dag_streaming.py for tasks to queue
[2024-12-10T00:19:09.065+0000] {logging_mixin.py:190} INFO - [2024-12-10T00:19:09.065+0000] {dagbag.py:588} INFO - Filling up the DagBag from /opt/airflow/dags/dag_streaming.py
[2024-12-10T00:19:09.551+0000] {processor.py:925} INFO - DAG(s) 'dagappi' retrieved from /opt/airflow/dags/dag_streaming.py
[2024-12-10T00:19:09.578+0000] {logging_mixin.py:190} INFO - [2024-12-10T00:19:09.577+0000] {dag.py:3239} INFO - Sync 1 DAGs
[2024-12-10T00:19:09.594+0000] {logging_mixin.py:190} INFO - [2024-12-10T00:19:09.593+0000] {dag.py:4180} INFO - Setting next_dagrun for dagappi to None, run_after=None
[2024-12-10T00:19:09.673+0000] {processor.py:208} INFO - Processing /opt/airflow/dags/dag_streaming.py took 0.619 seconds
[2024-12-10T00:19:40.237+0000] {processor.py:186} INFO - Started process (PID=290) to work on /opt/airflow/dags/dag_streaming.py
[2024-12-10T00:19:40.238+0000] {processor.py:914} INFO - Processing file /opt/airflow/dags/dag_streaming.py for tasks to queue
[2024-12-10T00:19:40.241+0000] {logging_mixin.py:190} INFO - [2024-12-10T00:19:40.240+0000] {dagbag.py:588} INFO - Filling up the DagBag from /opt/airflow/dags/dag_streaming.py
[2024-12-10T00:19:40.731+0000] {processor.py:925} INFO - DAG(s) 'dagappi' retrieved from /opt/airflow/dags/dag_streaming.py
[2024-12-10T00:19:40.761+0000] {logging_mixin.py:190} INFO - [2024-12-10T00:19:40.760+0000] {dag.py:3239} INFO - Sync 1 DAGs
[2024-12-10T00:19:40.775+0000] {logging_mixin.py:190} INFO - [2024-12-10T00:19:40.774+0000] {dag.py:4180} INFO - Setting next_dagrun for dagappi to None, run_after=None
[2024-12-10T00:19:40.840+0000] {processor.py:208} INFO - Processing /opt/airflow/dags/dag_streaming.py took 0.611 seconds
[2024-12-10T00:20:11.456+0000] {processor.py:186} INFO - Started process (PID=297) to work on /opt/airflow/dags/dag_streaming.py
[2024-12-10T00:20:11.457+0000] {processor.py:914} INFO - Processing file /opt/airflow/dags/dag_streaming.py for tasks to queue
[2024-12-10T00:20:11.460+0000] {logging_mixin.py:190} INFO - [2024-12-10T00:20:11.460+0000] {dagbag.py:588} INFO - Filling up the DagBag from /opt/airflow/dags/dag_streaming.py
[2024-12-10T00:20:11.911+0000] {processor.py:925} INFO - DAG(s) 'dagappi' retrieved from /opt/airflow/dags/dag_streaming.py
[2024-12-10T00:20:11.940+0000] {logging_mixin.py:190} INFO - [2024-12-10T00:20:11.940+0000] {dag.py:3239} INFO - Sync 1 DAGs
[2024-12-10T00:20:11.956+0000] {logging_mixin.py:190} INFO - [2024-12-10T00:20:11.955+0000] {dag.py:4180} INFO - Setting next_dagrun for dagappi to None, run_after=None
[2024-12-10T00:20:12.099+0000] {processor.py:208} INFO - Processing /opt/airflow/dags/dag_streaming.py took 0.648 seconds
[2024-12-10T00:20:42.736+0000] {processor.py:186} INFO - Started process (PID=304) to work on /opt/airflow/dags/dag_streaming.py
[2024-12-10T00:20:42.738+0000] {processor.py:914} INFO - Processing file /opt/airflow/dags/dag_streaming.py for tasks to queue
[2024-12-10T00:20:42.741+0000] {logging_mixin.py:190} INFO - [2024-12-10T00:20:42.740+0000] {dagbag.py:588} INFO - Filling up the DagBag from /opt/airflow/dags/dag_streaming.py
[2024-12-10T00:20:43.215+0000] {processor.py:925} INFO - DAG(s) 'dagappi' retrieved from /opt/airflow/dags/dag_streaming.py
[2024-12-10T00:20:43.241+0000] {logging_mixin.py:190} INFO - [2024-12-10T00:20:43.241+0000] {dag.py:3239} INFO - Sync 1 DAGs
[2024-12-10T00:20:43.256+0000] {logging_mixin.py:190} INFO - [2024-12-10T00:20:43.255+0000] {dag.py:4180} INFO - Setting next_dagrun for dagappi to None, run_after=None
[2024-12-10T00:20:43.314+0000] {processor.py:208} INFO - Processing /opt/airflow/dags/dag_streaming.py took 0.584 seconds
[2024-12-10T00:21:13.899+0000] {processor.py:186} INFO - Started process (PID=311) to work on /opt/airflow/dags/dag_streaming.py
[2024-12-10T00:21:13.901+0000] {processor.py:914} INFO - Processing file /opt/airflow/dags/dag_streaming.py for tasks to queue
[2024-12-10T00:21:13.903+0000] {logging_mixin.py:190} INFO - [2024-12-10T00:21:13.903+0000] {dagbag.py:588} INFO - Filling up the DagBag from /opt/airflow/dags/dag_streaming.py
[2024-12-10T00:21:14.341+0000] {processor.py:925} INFO - DAG(s) 'dagappi' retrieved from /opt/airflow/dags/dag_streaming.py
[2024-12-10T00:21:14.364+0000] {logging_mixin.py:190} INFO - [2024-12-10T00:21:14.363+0000] {dag.py:3239} INFO - Sync 1 DAGs
[2024-12-10T00:21:14.380+0000] {logging_mixin.py:190} INFO - [2024-12-10T00:21:14.379+0000] {dag.py:4180} INFO - Setting next_dagrun for dagappi to None, run_after=None
[2024-12-10T00:21:14.446+0000] {processor.py:208} INFO - Processing /opt/airflow/dags/dag_streaming.py took 0.552 seconds
[2024-12-10T00:21:45.015+0000] {processor.py:186} INFO - Started process (PID=318) to work on /opt/airflow/dags/dag_streaming.py
[2024-12-10T00:21:45.016+0000] {processor.py:914} INFO - Processing file /opt/airflow/dags/dag_streaming.py for tasks to queue
[2024-12-10T00:21:45.018+0000] {logging_mixin.py:190} INFO - [2024-12-10T00:21:45.018+0000] {dagbag.py:588} INFO - Filling up the DagBag from /opt/airflow/dags/dag_streaming.py
[2024-12-10T00:21:45.476+0000] {processor.py:925} INFO - DAG(s) 'dagappi' retrieved from /opt/airflow/dags/dag_streaming.py
[2024-12-10T00:21:45.515+0000] {logging_mixin.py:190} INFO - [2024-12-10T00:21:45.514+0000] {dag.py:3239} INFO - Sync 1 DAGs
[2024-12-10T00:21:45.532+0000] {logging_mixin.py:190} INFO - [2024-12-10T00:21:45.532+0000] {dag.py:4180} INFO - Setting next_dagrun for dagappi to None, run_after=None
[2024-12-10T00:21:45.606+0000] {processor.py:208} INFO - Processing /opt/airflow/dags/dag_streaming.py took 0.597 seconds
[2024-12-10T00:22:16.054+0000] {processor.py:186} INFO - Started process (PID=325) to work on /opt/airflow/dags/dag_streaming.py
[2024-12-10T00:22:16.055+0000] {processor.py:914} INFO - Processing file /opt/airflow/dags/dag_streaming.py for tasks to queue
[2024-12-10T00:22:16.058+0000] {logging_mixin.py:190} INFO - [2024-12-10T00:22:16.057+0000] {dagbag.py:588} INFO - Filling up the DagBag from /opt/airflow/dags/dag_streaming.py
[2024-12-10T00:22:16.563+0000] {processor.py:925} INFO - DAG(s) 'dagappi' retrieved from /opt/airflow/dags/dag_streaming.py
[2024-12-10T00:22:16.595+0000] {logging_mixin.py:190} INFO - [2024-12-10T00:22:16.595+0000] {dag.py:3239} INFO - Sync 1 DAGs
[2024-12-10T00:22:16.610+0000] {logging_mixin.py:190} INFO - [2024-12-10T00:22:16.610+0000] {dag.py:4180} INFO - Setting next_dagrun for dagappi to None, run_after=None
[2024-12-10T00:22:16.702+0000] {processor.py:208} INFO - Processing /opt/airflow/dags/dag_streaming.py took 0.655 seconds
[2024-12-10T00:22:47.243+0000] {processor.py:186} INFO - Started process (PID=332) to work on /opt/airflow/dags/dag_streaming.py
[2024-12-10T00:22:47.244+0000] {processor.py:914} INFO - Processing file /opt/airflow/dags/dag_streaming.py for tasks to queue
[2024-12-10T00:22:47.247+0000] {logging_mixin.py:190} INFO - [2024-12-10T00:22:47.246+0000] {dagbag.py:588} INFO - Filling up the DagBag from /opt/airflow/dags/dag_streaming.py
[2024-12-10T00:22:47.690+0000] {processor.py:925} INFO - DAG(s) 'dagappi' retrieved from /opt/airflow/dags/dag_streaming.py
[2024-12-10T00:22:47.729+0000] {logging_mixin.py:190} INFO - [2024-12-10T00:22:47.728+0000] {dag.py:3239} INFO - Sync 1 DAGs
[2024-12-10T00:22:47.744+0000] {logging_mixin.py:190} INFO - [2024-12-10T00:22:47.744+0000] {dag.py:4180} INFO - Setting next_dagrun for dagappi to None, run_after=None
[2024-12-10T00:22:47.815+0000] {processor.py:208} INFO - Processing /opt/airflow/dags/dag_streaming.py took 0.578 seconds
[2024-12-10T00:23:18.332+0000] {processor.py:186} INFO - Started process (PID=339) to work on /opt/airflow/dags/dag_streaming.py
[2024-12-10T00:23:18.333+0000] {processor.py:914} INFO - Processing file /opt/airflow/dags/dag_streaming.py for tasks to queue
[2024-12-10T00:23:18.337+0000] {logging_mixin.py:190} INFO - [2024-12-10T00:23:18.337+0000] {dagbag.py:588} INFO - Filling up the DagBag from /opt/airflow/dags/dag_streaming.py
[2024-12-10T00:23:18.811+0000] {processor.py:925} INFO - DAG(s) 'dagappi' retrieved from /opt/airflow/dags/dag_streaming.py
[2024-12-10T00:23:18.846+0000] {logging_mixin.py:190} INFO - [2024-12-10T00:23:18.845+0000] {dag.py:3239} INFO - Sync 1 DAGs
[2024-12-10T00:23:18.868+0000] {logging_mixin.py:190} INFO - [2024-12-10T00:23:18.868+0000] {dag.py:4180} INFO - Setting next_dagrun for dagappi to None, run_after=None
[2024-12-10T00:23:18.944+0000] {processor.py:208} INFO - Processing /opt/airflow/dags/dag_streaming.py took 0.618 seconds
[2024-12-10T00:23:49.443+0000] {processor.py:186} INFO - Started process (PID=346) to work on /opt/airflow/dags/dag_streaming.py
[2024-12-10T00:23:49.445+0000] {processor.py:914} INFO - Processing file /opt/airflow/dags/dag_streaming.py for tasks to queue
[2024-12-10T00:23:49.448+0000] {logging_mixin.py:190} INFO - [2024-12-10T00:23:49.448+0000] {dagbag.py:588} INFO - Filling up the DagBag from /opt/airflow/dags/dag_streaming.py
[2024-12-10T00:23:49.896+0000] {processor.py:925} INFO - DAG(s) 'dagappi' retrieved from /opt/airflow/dags/dag_streaming.py
[2024-12-10T00:23:49.925+0000] {logging_mixin.py:190} INFO - [2024-12-10T00:23:49.925+0000] {dag.py:3239} INFO - Sync 1 DAGs
[2024-12-10T00:23:49.941+0000] {logging_mixin.py:190} INFO - [2024-12-10T00:23:49.941+0000] {dag.py:4180} INFO - Setting next_dagrun for dagappi to None, run_after=None
[2024-12-10T00:23:49.999+0000] {processor.py:208} INFO - Processing /opt/airflow/dags/dag_streaming.py took 0.561 seconds
[2024-12-10T00:24:20.544+0000] {processor.py:186} INFO - Started process (PID=353) to work on /opt/airflow/dags/dag_streaming.py
[2024-12-10T00:24:20.545+0000] {processor.py:914} INFO - Processing file /opt/airflow/dags/dag_streaming.py for tasks to queue
[2024-12-10T00:24:20.549+0000] {logging_mixin.py:190} INFO - [2024-12-10T00:24:20.548+0000] {dagbag.py:588} INFO - Filling up the DagBag from /opt/airflow/dags/dag_streaming.py
[2024-12-10T00:24:20.992+0000] {processor.py:925} INFO - DAG(s) 'dagappi' retrieved from /opt/airflow/dags/dag_streaming.py
[2024-12-10T00:24:21.020+0000] {logging_mixin.py:190} INFO - [2024-12-10T00:24:21.020+0000] {dag.py:3239} INFO - Sync 1 DAGs
[2024-12-10T00:24:21.037+0000] {logging_mixin.py:190} INFO - [2024-12-10T00:24:21.037+0000] {dag.py:4180} INFO - Setting next_dagrun for dagappi to None, run_after=None
[2024-12-10T00:24:21.104+0000] {processor.py:208} INFO - Processing /opt/airflow/dags/dag_streaming.py took 0.567 seconds
[2024-12-10T00:24:51.643+0000] {processor.py:186} INFO - Started process (PID=360) to work on /opt/airflow/dags/dag_streaming.py
[2024-12-10T00:24:51.644+0000] {processor.py:914} INFO - Processing file /opt/airflow/dags/dag_streaming.py for tasks to queue
[2024-12-10T00:24:51.646+0000] {logging_mixin.py:190} INFO - [2024-12-10T00:24:51.646+0000] {dagbag.py:588} INFO - Filling up the DagBag from /opt/airflow/dags/dag_streaming.py
[2024-12-10T00:24:52.045+0000] {processor.py:925} INFO - DAG(s) 'dagappi' retrieved from /opt/airflow/dags/dag_streaming.py
[2024-12-10T00:24:52.064+0000] {logging_mixin.py:190} INFO - [2024-12-10T00:24:52.063+0000] {dag.py:3239} INFO - Sync 1 DAGs
[2024-12-10T00:24:52.076+0000] {logging_mixin.py:190} INFO - [2024-12-10T00:24:52.076+0000] {dag.py:4180} INFO - Setting next_dagrun for dagappi to None, run_after=None
[2024-12-10T00:24:52.123+0000] {processor.py:208} INFO - Processing /opt/airflow/dags/dag_streaming.py took 0.485 seconds
[2024-12-10T00:25:22.527+0000] {processor.py:186} INFO - Started process (PID=367) to work on /opt/airflow/dags/dag_streaming.py
[2024-12-10T00:25:22.529+0000] {processor.py:914} INFO - Processing file /opt/airflow/dags/dag_streaming.py for tasks to queue
[2024-12-10T00:25:22.531+0000] {logging_mixin.py:190} INFO - [2024-12-10T00:25:22.530+0000] {dagbag.py:588} INFO - Filling up the DagBag from /opt/airflow/dags/dag_streaming.py
[2024-12-10T00:25:22.917+0000] {processor.py:925} INFO - DAG(s) 'dagappi' retrieved from /opt/airflow/dags/dag_streaming.py
[2024-12-10T00:25:22.944+0000] {logging_mixin.py:190} INFO - [2024-12-10T00:25:22.943+0000] {dag.py:3239} INFO - Sync 1 DAGs
[2024-12-10T00:25:22.956+0000] {logging_mixin.py:190} INFO - [2024-12-10T00:25:22.956+0000] {dag.py:4180} INFO - Setting next_dagrun for dagappi to None, run_after=None
[2024-12-10T00:25:23.010+0000] {processor.py:208} INFO - Processing /opt/airflow/dags/dag_streaming.py took 0.487 seconds
[2024-12-10T00:25:53.359+0000] {processor.py:186} INFO - Started process (PID=374) to work on /opt/airflow/dags/dag_streaming.py
[2024-12-10T00:25:53.360+0000] {processor.py:914} INFO - Processing file /opt/airflow/dags/dag_streaming.py for tasks to queue
[2024-12-10T00:25:53.362+0000] {logging_mixin.py:190} INFO - [2024-12-10T00:25:53.362+0000] {dagbag.py:588} INFO - Filling up the DagBag from /opt/airflow/dags/dag_streaming.py
[2024-12-10T00:25:53.711+0000] {processor.py:925} INFO - DAG(s) 'dagappi' retrieved from /opt/airflow/dags/dag_streaming.py
[2024-12-10T00:25:53.733+0000] {logging_mixin.py:190} INFO - [2024-12-10T00:25:53.733+0000] {dag.py:3239} INFO - Sync 1 DAGs
[2024-12-10T00:25:53.745+0000] {logging_mixin.py:190} INFO - [2024-12-10T00:25:53.744+0000] {dag.py:4180} INFO - Setting next_dagrun for dagappi to None, run_after=None
[2024-12-10T00:25:53.805+0000] {processor.py:208} INFO - Processing /opt/airflow/dags/dag_streaming.py took 0.450 seconds
[2024-12-10T00:26:24.217+0000] {processor.py:186} INFO - Started process (PID=381) to work on /opt/airflow/dags/dag_streaming.py
[2024-12-10T00:26:24.218+0000] {processor.py:914} INFO - Processing file /opt/airflow/dags/dag_streaming.py for tasks to queue
[2024-12-10T00:26:24.220+0000] {logging_mixin.py:190} INFO - [2024-12-10T00:26:24.220+0000] {dagbag.py:588} INFO - Filling up the DagBag from /opt/airflow/dags/dag_streaming.py
[2024-12-10T00:26:24.568+0000] {processor.py:925} INFO - DAG(s) 'dagappi' retrieved from /opt/airflow/dags/dag_streaming.py
[2024-12-10T00:26:24.596+0000] {logging_mixin.py:190} INFO - [2024-12-10T00:26:24.595+0000] {dag.py:3239} INFO - Sync 1 DAGs
[2024-12-10T00:26:24.607+0000] {logging_mixin.py:190} INFO - [2024-12-10T00:26:24.607+0000] {dag.py:4180} INFO - Setting next_dagrun for dagappi to None, run_after=None
[2024-12-10T00:26:24.648+0000] {processor.py:208} INFO - Processing /opt/airflow/dags/dag_streaming.py took 0.435 seconds
[2024-12-10T00:26:55.109+0000] {processor.py:186} INFO - Started process (PID=388) to work on /opt/airflow/dags/dag_streaming.py
[2024-12-10T00:26:55.110+0000] {processor.py:914} INFO - Processing file /opt/airflow/dags/dag_streaming.py for tasks to queue
[2024-12-10T00:26:55.112+0000] {logging_mixin.py:190} INFO - [2024-12-10T00:26:55.112+0000] {dagbag.py:588} INFO - Filling up the DagBag from /opt/airflow/dags/dag_streaming.py
[2024-12-10T00:26:55.511+0000] {processor.py:925} INFO - DAG(s) 'dagappi' retrieved from /opt/airflow/dags/dag_streaming.py
[2024-12-10T00:26:55.529+0000] {logging_mixin.py:190} INFO - [2024-12-10T00:26:55.529+0000] {dag.py:3239} INFO - Sync 1 DAGs
[2024-12-10T00:26:55.540+0000] {logging_mixin.py:190} INFO - [2024-12-10T00:26:55.539+0000] {dag.py:4180} INFO - Setting next_dagrun for dagappi to None, run_after=None
[2024-12-10T00:26:55.586+0000] {processor.py:208} INFO - Processing /opt/airflow/dags/dag_streaming.py took 0.482 seconds
[2024-12-10T00:27:25.959+0000] {processor.py:186} INFO - Started process (PID=395) to work on /opt/airflow/dags/dag_streaming.py
[2024-12-10T00:27:25.960+0000] {processor.py:914} INFO - Processing file /opt/airflow/dags/dag_streaming.py for tasks to queue
[2024-12-10T00:27:25.962+0000] {logging_mixin.py:190} INFO - [2024-12-10T00:27:25.962+0000] {dagbag.py:588} INFO - Filling up the DagBag from /opt/airflow/dags/dag_streaming.py
[2024-12-10T00:27:26.365+0000] {processor.py:925} INFO - DAG(s) 'dagappi' retrieved from /opt/airflow/dags/dag_streaming.py
[2024-12-10T00:27:26.395+0000] {logging_mixin.py:190} INFO - [2024-12-10T00:27:26.395+0000] {dag.py:3239} INFO - Sync 1 DAGs
[2024-12-10T00:27:26.412+0000] {logging_mixin.py:190} INFO - [2024-12-10T00:27:26.412+0000] {dag.py:4180} INFO - Setting next_dagrun for dagappi to None, run_after=None
[2024-12-10T00:27:26.467+0000] {processor.py:208} INFO - Processing /opt/airflow/dags/dag_streaming.py took 0.512 seconds
[2024-12-10T00:27:56.881+0000] {processor.py:186} INFO - Started process (PID=402) to work on /opt/airflow/dags/dag_streaming.py
[2024-12-10T00:27:56.883+0000] {processor.py:914} INFO - Processing file /opt/airflow/dags/dag_streaming.py for tasks to queue
[2024-12-10T00:27:56.887+0000] {logging_mixin.py:190} INFO - [2024-12-10T00:27:56.886+0000] {dagbag.py:588} INFO - Filling up the DagBag from /opt/airflow/dags/dag_streaming.py
[2024-12-10T00:27:57.288+0000] {processor.py:925} INFO - DAG(s) 'dagappi' retrieved from /opt/airflow/dags/dag_streaming.py
[2024-12-10T00:27:57.321+0000] {logging_mixin.py:190} INFO - [2024-12-10T00:27:57.320+0000] {dag.py:3239} INFO - Sync 1 DAGs
[2024-12-10T00:27:57.334+0000] {logging_mixin.py:190} INFO - [2024-12-10T00:27:57.334+0000] {dag.py:4180} INFO - Setting next_dagrun for dagappi to None, run_after=None
[2024-12-10T00:27:57.398+0000] {processor.py:208} INFO - Processing /opt/airflow/dags/dag_streaming.py took 0.521 seconds
[2024-12-10T00:28:27.887+0000] {processor.py:186} INFO - Started process (PID=409) to work on /opt/airflow/dags/dag_streaming.py
[2024-12-10T00:28:27.888+0000] {processor.py:914} INFO - Processing file /opt/airflow/dags/dag_streaming.py for tasks to queue
[2024-12-10T00:28:27.890+0000] {logging_mixin.py:190} INFO - [2024-12-10T00:28:27.890+0000] {dagbag.py:588} INFO - Filling up the DagBag from /opt/airflow/dags/dag_streaming.py
[2024-12-10T00:28:28.320+0000] {processor.py:925} INFO - DAG(s) 'dagappi' retrieved from /opt/airflow/dags/dag_streaming.py
[2024-12-10T00:28:28.343+0000] {logging_mixin.py:190} INFO - [2024-12-10T00:28:28.342+0000] {dag.py:3239} INFO - Sync 1 DAGs
[2024-12-10T00:28:28.355+0000] {logging_mixin.py:190} INFO - [2024-12-10T00:28:28.355+0000] {dag.py:4180} INFO - Setting next_dagrun for dagappi to None, run_after=None
[2024-12-10T00:28:28.412+0000] {processor.py:208} INFO - Processing /opt/airflow/dags/dag_streaming.py took 0.529 seconds
[2024-12-10T00:28:58.853+0000] {processor.py:186} INFO - Started process (PID=416) to work on /opt/airflow/dags/dag_streaming.py
[2024-12-10T00:28:58.853+0000] {processor.py:914} INFO - Processing file /opt/airflow/dags/dag_streaming.py for tasks to queue
[2024-12-10T00:28:58.856+0000] {logging_mixin.py:190} INFO - [2024-12-10T00:28:58.855+0000] {dagbag.py:588} INFO - Filling up the DagBag from /opt/airflow/dags/dag_streaming.py
[2024-12-10T00:28:59.218+0000] {processor.py:925} INFO - DAG(s) 'dagappi' retrieved from /opt/airflow/dags/dag_streaming.py
[2024-12-10T00:28:59.238+0000] {logging_mixin.py:190} INFO - [2024-12-10T00:28:59.237+0000] {dag.py:3239} INFO - Sync 1 DAGs
[2024-12-10T00:28:59.249+0000] {logging_mixin.py:190} INFO - [2024-12-10T00:28:59.249+0000] {dag.py:4180} INFO - Setting next_dagrun for dagappi to None, run_after=None
[2024-12-10T00:28:59.297+0000] {processor.py:208} INFO - Processing /opt/airflow/dags/dag_streaming.py took 0.449 seconds
[2024-12-10T00:29:29.722+0000] {processor.py:186} INFO - Started process (PID=423) to work on /opt/airflow/dags/dag_streaming.py
[2024-12-10T00:29:29.723+0000] {processor.py:914} INFO - Processing file /opt/airflow/dags/dag_streaming.py for tasks to queue
[2024-12-10T00:29:29.725+0000] {logging_mixin.py:190} INFO - [2024-12-10T00:29:29.724+0000] {dagbag.py:588} INFO - Filling up the DagBag from /opt/airflow/dags/dag_streaming.py
[2024-12-10T00:29:30.107+0000] {processor.py:925} INFO - DAG(s) 'dagappi' retrieved from /opt/airflow/dags/dag_streaming.py
[2024-12-10T00:29:30.135+0000] {logging_mixin.py:190} INFO - [2024-12-10T00:29:30.135+0000] {dag.py:3239} INFO - Sync 1 DAGs
[2024-12-10T00:29:30.151+0000] {logging_mixin.py:190} INFO - [2024-12-10T00:29:30.151+0000] {dag.py:4180} INFO - Setting next_dagrun for dagappi to None, run_after=None
[2024-12-10T00:29:30.209+0000] {processor.py:208} INFO - Processing /opt/airflow/dags/dag_streaming.py took 0.493 seconds
[2024-12-10T00:30:00.716+0000] {processor.py:186} INFO - Started process (PID=430) to work on /opt/airflow/dags/dag_streaming.py
[2024-12-10T00:30:00.717+0000] {processor.py:914} INFO - Processing file /opt/airflow/dags/dag_streaming.py for tasks to queue
[2024-12-10T00:30:00.719+0000] {logging_mixin.py:190} INFO - [2024-12-10T00:30:00.719+0000] {dagbag.py:588} INFO - Filling up the DagBag from /opt/airflow/dags/dag_streaming.py
[2024-12-10T00:30:01.091+0000] {processor.py:925} INFO - DAG(s) 'dagappi' retrieved from /opt/airflow/dags/dag_streaming.py
[2024-12-10T00:30:01.113+0000] {logging_mixin.py:190} INFO - [2024-12-10T00:30:01.112+0000] {dag.py:3239} INFO - Sync 1 DAGs
[2024-12-10T00:30:01.124+0000] {logging_mixin.py:190} INFO - [2024-12-10T00:30:01.124+0000] {dag.py:4180} INFO - Setting next_dagrun for dagappi to None, run_after=None
[2024-12-10T00:30:01.172+0000] {processor.py:208} INFO - Processing /opt/airflow/dags/dag_streaming.py took 0.461 seconds
[2024-12-10T00:30:31.596+0000] {processor.py:186} INFO - Started process (PID=437) to work on /opt/airflow/dags/dag_streaming.py
[2024-12-10T00:30:31.597+0000] {processor.py:914} INFO - Processing file /opt/airflow/dags/dag_streaming.py for tasks to queue
[2024-12-10T00:30:31.599+0000] {logging_mixin.py:190} INFO - [2024-12-10T00:30:31.599+0000] {dagbag.py:588} INFO - Filling up the DagBag from /opt/airflow/dags/dag_streaming.py
[2024-12-10T00:30:31.980+0000] {processor.py:925} INFO - DAG(s) 'dagappi' retrieved from /opt/airflow/dags/dag_streaming.py
[2024-12-10T00:30:32.003+0000] {logging_mixin.py:190} INFO - [2024-12-10T00:30:32.003+0000] {dag.py:3239} INFO - Sync 1 DAGs
[2024-12-10T00:30:32.014+0000] {logging_mixin.py:190} INFO - [2024-12-10T00:30:32.014+0000] {dag.py:4180} INFO - Setting next_dagrun for dagappi to None, run_after=None
[2024-12-10T00:30:32.055+0000] {processor.py:208} INFO - Processing /opt/airflow/dags/dag_streaming.py took 0.464 seconds
[2024-12-10T00:31:02.429+0000] {processor.py:186} INFO - Started process (PID=444) to work on /opt/airflow/dags/dag_streaming.py
[2024-12-10T00:31:02.431+0000] {processor.py:914} INFO - Processing file /opt/airflow/dags/dag_streaming.py for tasks to queue
[2024-12-10T00:31:02.433+0000] {logging_mixin.py:190} INFO - [2024-12-10T00:31:02.432+0000] {dagbag.py:588} INFO - Filling up the DagBag from /opt/airflow/dags/dag_streaming.py
[2024-12-10T00:31:02.805+0000] {processor.py:925} INFO - DAG(s) 'dagappi' retrieved from /opt/airflow/dags/dag_streaming.py
[2024-12-10T00:31:02.820+0000] {logging_mixin.py:190} INFO - [2024-12-10T00:31:02.819+0000] {dag.py:3239} INFO - Sync 1 DAGs
[2024-12-10T00:31:02.831+0000] {logging_mixin.py:190} INFO - [2024-12-10T00:31:02.830+0000] {dag.py:4180} INFO - Setting next_dagrun for dagappi to None, run_after=None
[2024-12-10T00:31:02.872+0000] {processor.py:208} INFO - Processing /opt/airflow/dags/dag_streaming.py took 0.455 seconds
[2024-12-10T00:31:33.318+0000] {processor.py:186} INFO - Started process (PID=451) to work on /opt/airflow/dags/dag_streaming.py
[2024-12-10T00:31:33.320+0000] {processor.py:914} INFO - Processing file /opt/airflow/dags/dag_streaming.py for tasks to queue
[2024-12-10T00:31:33.323+0000] {logging_mixin.py:190} INFO - [2024-12-10T00:31:33.322+0000] {dagbag.py:588} INFO - Filling up the DagBag from /opt/airflow/dags/dag_streaming.py
[2024-12-10T00:31:33.756+0000] {processor.py:925} INFO - DAG(s) 'dagappi' retrieved from /opt/airflow/dags/dag_streaming.py
[2024-12-10T00:31:33.789+0000] {logging_mixin.py:190} INFO - [2024-12-10T00:31:33.788+0000] {dag.py:3239} INFO - Sync 1 DAGs
[2024-12-10T00:31:33.805+0000] {logging_mixin.py:190} INFO - [2024-12-10T00:31:33.804+0000] {dag.py:4180} INFO - Setting next_dagrun for dagappi to None, run_after=None
[2024-12-10T00:31:33.881+0000] {processor.py:208} INFO - Processing /opt/airflow/dags/dag_streaming.py took 0.569 seconds
