[2024-12-10T00:00:16.096+0000] {processor.py:186} INFO - Started process (PID=8223) to work on /opt/airflow/dags/gestion_airflow.py
[2024-12-10T00:00:16.098+0000] {processor.py:914} INFO - Processing file /opt/airflow/dags/gestion_airflow.py for tasks to queue
[2024-12-10T00:00:16.100+0000] {logging_mixin.py:190} INFO - [2024-12-10T00:00:16.099+0000] {dagbag.py:588} INFO - Filling up the DagBag from /opt/airflow/dags/gestion_airflow.py
[2024-12-10T00:00:16.727+0000] {processor.py:925} INFO - DAG(s) 'kafka_hive_pipeline_threaded' retrieved from /opt/airflow/dags/gestion_airflow.py
[2024-12-10T00:00:16.757+0000] {logging_mixin.py:190} INFO - [2024-12-10T00:00:16.756+0000] {dag.py:3239} INFO - Sync 1 DAGs
[2024-12-10T00:00:16.770+0000] {logging_mixin.py:190} INFO - [2024-12-10T00:00:16.769+0000] {dag.py:4180} INFO - Setting next_dagrun for kafka_hive_pipeline_threaded to None, run_after=None
[2024-12-10T00:00:16.844+0000] {processor.py:208} INFO - Processing /opt/airflow/dags/gestion_airflow.py took 0.753 seconds
[2024-12-10T00:00:28.946+0000] {processor.py:186} INFO - Started process (PID=8229) to work on /opt/airflow/dags/gestion_airflow.py
[2024-12-10T00:00:28.948+0000] {processor.py:914} INFO - Processing file /opt/airflow/dags/gestion_airflow.py for tasks to queue
[2024-12-10T00:00:28.950+0000] {logging_mixin.py:190} INFO - [2024-12-10T00:00:28.949+0000] {dagbag.py:588} INFO - Filling up the DagBag from /opt/airflow/dags/gestion_airflow.py
[2024-12-10T00:00:29.415+0000] {processor.py:925} INFO - DAG(s) 'kafka_hive_pipeline_threaded' retrieved from /opt/airflow/dags/gestion_airflow.py
[2024-12-10T00:00:29.437+0000] {logging_mixin.py:190} INFO - [2024-12-10T00:00:29.437+0000] {dag.py:3239} INFO - Sync 1 DAGs
[2024-12-10T00:00:29.453+0000] {logging_mixin.py:190} INFO - [2024-12-10T00:00:29.452+0000] {dag.py:4180} INFO - Setting next_dagrun for kafka_hive_pipeline_threaded to None, run_after=None
[2024-12-10T00:00:29.517+0000] {processor.py:208} INFO - Processing /opt/airflow/dags/gestion_airflow.py took 0.576 seconds
[2024-12-10T00:04:59.124+0000] {processor.py:186} INFO - Started process (PID=68) to work on /opt/airflow/dags/gestion_airflow.py
[2024-12-10T00:04:59.127+0000] {processor.py:914} INFO - Processing file /opt/airflow/dags/gestion_airflow.py for tasks to queue
[2024-12-10T00:04:59.134+0000] {logging_mixin.py:190} INFO - [2024-12-10T00:04:59.133+0000] {dagbag.py:588} INFO - Filling up the DagBag from /opt/airflow/dags/gestion_airflow.py
[2024-12-10T00:05:00.564+0000] {processor.py:925} INFO - DAG(s) 'kafka_hive_pipeline_threaded' retrieved from /opt/airflow/dags/gestion_airflow.py
[2024-12-10T00:05:00.643+0000] {logging_mixin.py:190} INFO - [2024-12-10T00:05:00.642+0000] {dag.py:3239} INFO - Sync 1 DAGs
[2024-12-10T00:05:00.683+0000] {logging_mixin.py:190} INFO - [2024-12-10T00:05:00.682+0000] {dag.py:4180} INFO - Setting next_dagrun for kafka_hive_pipeline_threaded to None, run_after=None
[2024-12-10T00:05:00.856+0000] {processor.py:208} INFO - Processing /opt/airflow/dags/gestion_airflow.py took 1.754 seconds
[2024-12-10T00:05:31.918+0000] {processor.py:186} INFO - Started process (PID=99) to work on /opt/airflow/dags/gestion_airflow.py
[2024-12-10T00:05:31.922+0000] {processor.py:914} INFO - Processing file /opt/airflow/dags/gestion_airflow.py for tasks to queue
[2024-12-10T00:05:31.930+0000] {logging_mixin.py:190} INFO - [2024-12-10T00:05:31.928+0000] {dagbag.py:588} INFO - Filling up the DagBag from /opt/airflow/dags/gestion_airflow.py
[2024-12-10T00:05:33.825+0000] {processor.py:925} INFO - DAG(s) 'kafka_hive_pipeline_threaded' retrieved from /opt/airflow/dags/gestion_airflow.py
[2024-12-10T00:05:33.891+0000] {logging_mixin.py:190} INFO - [2024-12-10T00:05:33.889+0000] {dag.py:3239} INFO - Sync 1 DAGs
[2024-12-10T00:05:33.923+0000] {logging_mixin.py:190} INFO - [2024-12-10T00:05:33.922+0000] {dag.py:4180} INFO - Setting next_dagrun for kafka_hive_pipeline_threaded to None, run_after=None
[2024-12-10T00:05:34.108+0000] {processor.py:208} INFO - Processing /opt/airflow/dags/gestion_airflow.py took 2.212 seconds
[2024-12-10T00:06:04.823+0000] {processor.py:186} INFO - Started process (PID=106) to work on /opt/airflow/dags/gestion_airflow.py
[2024-12-10T00:06:04.825+0000] {processor.py:914} INFO - Processing file /opt/airflow/dags/gestion_airflow.py for tasks to queue
[2024-12-10T00:06:04.828+0000] {logging_mixin.py:190} INFO - [2024-12-10T00:06:04.828+0000] {dagbag.py:588} INFO - Filling up the DagBag from /opt/airflow/dags/gestion_airflow.py
[2024-12-10T00:06:05.659+0000] {processor.py:925} INFO - DAG(s) 'kafka_hive_pipeline_threaded' retrieved from /opt/airflow/dags/gestion_airflow.py
[2024-12-10T00:06:05.697+0000] {logging_mixin.py:190} INFO - [2024-12-10T00:06:05.697+0000] {dag.py:3239} INFO - Sync 1 DAGs
[2024-12-10T00:06:05.714+0000] {logging_mixin.py:190} INFO - [2024-12-10T00:06:05.714+0000] {dag.py:4180} INFO - Setting next_dagrun for kafka_hive_pipeline_threaded to None, run_after=None
[2024-12-10T00:06:05.808+0000] {processor.py:208} INFO - Processing /opt/airflow/dags/gestion_airflow.py took 0.989 seconds
[2024-12-10T00:06:36.823+0000] {processor.py:186} INFO - Started process (PID=113) to work on /opt/airflow/dags/gestion_airflow.py
[2024-12-10T00:06:36.826+0000] {processor.py:914} INFO - Processing file /opt/airflow/dags/gestion_airflow.py for tasks to queue
[2024-12-10T00:06:36.830+0000] {logging_mixin.py:190} INFO - [2024-12-10T00:06:36.830+0000] {dagbag.py:588} INFO - Filling up the DagBag from /opt/airflow/dags/gestion_airflow.py
[2024-12-10T00:06:38.844+0000] {processor.py:925} INFO - DAG(s) 'kafka_hive_pipeline_threaded' retrieved from /opt/airflow/dags/gestion_airflow.py
[2024-12-10T00:06:38.896+0000] {logging_mixin.py:190} INFO - [2024-12-10T00:06:38.895+0000] {dag.py:3239} INFO - Sync 1 DAGs
[2024-12-10T00:06:38.923+0000] {logging_mixin.py:190} INFO - [2024-12-10T00:06:38.922+0000] {dag.py:4180} INFO - Setting next_dagrun for kafka_hive_pipeline_threaded to None, run_after=None
[2024-12-10T00:06:39.009+0000] {processor.py:208} INFO - Processing /opt/airflow/dags/gestion_airflow.py took 2.202 seconds
[2024-12-10T00:07:10.288+0000] {processor.py:186} INFO - Started process (PID=120) to work on /opt/airflow/dags/gestion_airflow.py
[2024-12-10T00:07:10.290+0000] {processor.py:914} INFO - Processing file /opt/airflow/dags/gestion_airflow.py for tasks to queue
[2024-12-10T00:07:10.293+0000] {logging_mixin.py:190} INFO - [2024-12-10T00:07:10.293+0000] {dagbag.py:588} INFO - Filling up the DagBag from /opt/airflow/dags/gestion_airflow.py
[2024-12-10T00:07:11.027+0000] {processor.py:925} INFO - DAG(s) 'kafka_hive_pipeline_threaded' retrieved from /opt/airflow/dags/gestion_airflow.py
[2024-12-10T00:07:11.056+0000] {logging_mixin.py:190} INFO - [2024-12-10T00:07:11.056+0000] {dag.py:3239} INFO - Sync 1 DAGs
[2024-12-10T00:07:11.072+0000] {logging_mixin.py:190} INFO - [2024-12-10T00:07:11.072+0000] {dag.py:4180} INFO - Setting next_dagrun for kafka_hive_pipeline_threaded to None, run_after=None
[2024-12-10T00:07:11.134+0000] {processor.py:208} INFO - Processing /opt/airflow/dags/gestion_airflow.py took 0.853 seconds
[2024-12-10T00:07:41.697+0000] {processor.py:186} INFO - Started process (PID=127) to work on /opt/airflow/dags/gestion_airflow.py
[2024-12-10T00:07:41.700+0000] {processor.py:914} INFO - Processing file /opt/airflow/dags/gestion_airflow.py for tasks to queue
[2024-12-10T00:07:41.702+0000] {logging_mixin.py:190} INFO - [2024-12-10T00:07:41.702+0000] {dagbag.py:588} INFO - Filling up the DagBag from /opt/airflow/dags/gestion_airflow.py
[2024-12-10T00:07:42.384+0000] {processor.py:925} INFO - DAG(s) 'kafka_hive_pipeline_threaded' retrieved from /opt/airflow/dags/gestion_airflow.py
[2024-12-10T00:07:42.410+0000] {logging_mixin.py:190} INFO - [2024-12-10T00:07:42.410+0000] {dag.py:3239} INFO - Sync 1 DAGs
[2024-12-10T00:07:42.424+0000] {logging_mixin.py:190} INFO - [2024-12-10T00:07:42.423+0000] {dag.py:4180} INFO - Setting next_dagrun for kafka_hive_pipeline_threaded to None, run_after=None
[2024-12-10T00:07:42.487+0000] {processor.py:208} INFO - Processing /opt/airflow/dags/gestion_airflow.py took 0.796 seconds
[2024-12-10T00:08:12.723+0000] {processor.py:186} INFO - Started process (PID=134) to work on /opt/airflow/dags/gestion_airflow.py
[2024-12-10T00:08:12.725+0000] {processor.py:914} INFO - Processing file /opt/airflow/dags/gestion_airflow.py for tasks to queue
[2024-12-10T00:08:12.727+0000] {logging_mixin.py:190} INFO - [2024-12-10T00:08:12.727+0000] {dagbag.py:588} INFO - Filling up the DagBag from /opt/airflow/dags/gestion_airflow.py
[2024-12-10T00:08:13.389+0000] {processor.py:925} INFO - DAG(s) 'kafka_hive_pipeline_threaded' retrieved from /opt/airflow/dags/gestion_airflow.py
[2024-12-10T00:08:13.421+0000] {logging_mixin.py:190} INFO - [2024-12-10T00:08:13.420+0000] {dag.py:3239} INFO - Sync 1 DAGs
[2024-12-10T00:08:13.442+0000] {logging_mixin.py:190} INFO - [2024-12-10T00:08:13.441+0000] {dag.py:4180} INFO - Setting next_dagrun for kafka_hive_pipeline_threaded to None, run_after=None
[2024-12-10T00:08:13.501+0000] {processor.py:208} INFO - Processing /opt/airflow/dags/gestion_airflow.py took 0.786 seconds
[2024-12-10T00:08:44.087+0000] {processor.py:186} INFO - Started process (PID=141) to work on /opt/airflow/dags/gestion_airflow.py
[2024-12-10T00:08:44.088+0000] {processor.py:914} INFO - Processing file /opt/airflow/dags/gestion_airflow.py for tasks to queue
[2024-12-10T00:08:44.091+0000] {logging_mixin.py:190} INFO - [2024-12-10T00:08:44.091+0000] {dagbag.py:588} INFO - Filling up the DagBag from /opt/airflow/dags/gestion_airflow.py
[2024-12-10T00:08:44.925+0000] {processor.py:925} INFO - DAG(s) 'kafka_hive_pipeline_threaded' retrieved from /opt/airflow/dags/gestion_airflow.py
[2024-12-10T00:08:44.950+0000] {logging_mixin.py:190} INFO - [2024-12-10T00:08:44.950+0000] {dag.py:3239} INFO - Sync 1 DAGs
[2024-12-10T00:08:44.966+0000] {logging_mixin.py:190} INFO - [2024-12-10T00:08:44.965+0000] {dag.py:4180} INFO - Setting next_dagrun for kafka_hive_pipeline_threaded to None, run_after=None
[2024-12-10T00:08:45.044+0000] {processor.py:208} INFO - Processing /opt/airflow/dags/gestion_airflow.py took 0.965 seconds
[2024-12-10T00:09:15.234+0000] {processor.py:186} INFO - Started process (PID=148) to work on /opt/airflow/dags/gestion_airflow.py
[2024-12-10T00:09:15.236+0000] {processor.py:914} INFO - Processing file /opt/airflow/dags/gestion_airflow.py for tasks to queue
[2024-12-10T00:09:15.239+0000] {logging_mixin.py:190} INFO - [2024-12-10T00:09:15.238+0000] {dagbag.py:588} INFO - Filling up the DagBag from /opt/airflow/dags/gestion_airflow.py
[2024-12-10T00:09:15.861+0000] {processor.py:925} INFO - DAG(s) 'kafka_hive_pipeline_threaded' retrieved from /opt/airflow/dags/gestion_airflow.py
[2024-12-10T00:09:15.885+0000] {logging_mixin.py:190} INFO - [2024-12-10T00:09:15.885+0000] {dag.py:3239} INFO - Sync 1 DAGs
[2024-12-10T00:09:15.898+0000] {logging_mixin.py:190} INFO - [2024-12-10T00:09:15.898+0000] {dag.py:4180} INFO - Setting next_dagrun for kafka_hive_pipeline_threaded to None, run_after=None
[2024-12-10T00:09:15.950+0000] {processor.py:208} INFO - Processing /opt/airflow/dags/gestion_airflow.py took 0.722 seconds
[2024-12-10T00:09:46.389+0000] {processor.py:186} INFO - Started process (PID=155) to work on /opt/airflow/dags/gestion_airflow.py
[2024-12-10T00:09:46.391+0000] {processor.py:914} INFO - Processing file /opt/airflow/dags/gestion_airflow.py for tasks to queue
[2024-12-10T00:09:46.394+0000] {logging_mixin.py:190} INFO - [2024-12-10T00:09:46.393+0000] {dagbag.py:588} INFO - Filling up the DagBag from /opt/airflow/dags/gestion_airflow.py
[2024-12-10T00:09:47.134+0000] {processor.py:925} INFO - DAG(s) 'kafka_hive_pipeline_threaded' retrieved from /opt/airflow/dags/gestion_airflow.py
[2024-12-10T00:09:47.160+0000] {logging_mixin.py:190} INFO - [2024-12-10T00:09:47.159+0000] {dag.py:3239} INFO - Sync 1 DAGs
[2024-12-10T00:09:47.174+0000] {logging_mixin.py:190} INFO - [2024-12-10T00:09:47.173+0000] {dag.py:4180} INFO - Setting next_dagrun for kafka_hive_pipeline_threaded to None, run_after=None
[2024-12-10T00:09:47.258+0000] {processor.py:208} INFO - Processing /opt/airflow/dags/gestion_airflow.py took 0.876 seconds
[2024-12-10T00:10:17.591+0000] {processor.py:186} INFO - Started process (PID=162) to work on /opt/airflow/dags/gestion_airflow.py
[2024-12-10T00:10:17.592+0000] {processor.py:914} INFO - Processing file /opt/airflow/dags/gestion_airflow.py for tasks to queue
[2024-12-10T00:10:17.596+0000] {logging_mixin.py:190} INFO - [2024-12-10T00:10:17.596+0000] {dagbag.py:588} INFO - Filling up the DagBag from /opt/airflow/dags/gestion_airflow.py
[2024-12-10T00:10:18.169+0000] {processor.py:925} INFO - DAG(s) 'kafka_hive_pipeline_threaded' retrieved from /opt/airflow/dags/gestion_airflow.py
[2024-12-10T00:10:18.194+0000] {logging_mixin.py:190} INFO - [2024-12-10T00:10:18.194+0000] {dag.py:3239} INFO - Sync 1 DAGs
[2024-12-10T00:10:18.210+0000] {logging_mixin.py:190} INFO - [2024-12-10T00:10:18.209+0000] {dag.py:4180} INFO - Setting next_dagrun for kafka_hive_pipeline_threaded to None, run_after=None
[2024-12-10T00:10:18.275+0000] {processor.py:208} INFO - Processing /opt/airflow/dags/gestion_airflow.py took 0.688 seconds
[2024-12-10T00:10:49.251+0000] {processor.py:186} INFO - Started process (PID=169) to work on /opt/airflow/dags/gestion_airflow.py
[2024-12-10T00:10:49.252+0000] {processor.py:914} INFO - Processing file /opt/airflow/dags/gestion_airflow.py for tasks to queue
[2024-12-10T00:10:49.255+0000] {logging_mixin.py:190} INFO - [2024-12-10T00:10:49.254+0000] {dagbag.py:588} INFO - Filling up the DagBag from /opt/airflow/dags/gestion_airflow.py
[2024-12-10T00:10:49.820+0000] {processor.py:925} INFO - DAG(s) 'kafka_hive_pipeline_threaded' retrieved from /opt/airflow/dags/gestion_airflow.py
[2024-12-10T00:10:49.847+0000] {logging_mixin.py:190} INFO - [2024-12-10T00:10:49.847+0000] {dag.py:3239} INFO - Sync 1 DAGs
[2024-12-10T00:10:49.862+0000] {logging_mixin.py:190} INFO - [2024-12-10T00:10:49.862+0000] {dag.py:4180} INFO - Setting next_dagrun for kafka_hive_pipeline_threaded to None, run_after=None
[2024-12-10T00:10:49.931+0000] {processor.py:208} INFO - Processing /opt/airflow/dags/gestion_airflow.py took 0.686 seconds
[2024-12-10T00:11:20.539+0000] {processor.py:186} INFO - Started process (PID=176) to work on /opt/airflow/dags/gestion_airflow.py
[2024-12-10T00:11:20.541+0000] {processor.py:914} INFO - Processing file /opt/airflow/dags/gestion_airflow.py for tasks to queue
[2024-12-10T00:11:20.544+0000] {logging_mixin.py:190} INFO - [2024-12-10T00:11:20.543+0000] {dagbag.py:588} INFO - Filling up the DagBag from /opt/airflow/dags/gestion_airflow.py
[2024-12-10T00:11:21.163+0000] {processor.py:925} INFO - DAG(s) 'kafka_hive_pipeline_threaded' retrieved from /opt/airflow/dags/gestion_airflow.py
[2024-12-10T00:11:21.191+0000] {logging_mixin.py:190} INFO - [2024-12-10T00:11:21.190+0000] {dag.py:3239} INFO - Sync 1 DAGs
[2024-12-10T00:11:21.204+0000] {logging_mixin.py:190} INFO - [2024-12-10T00:11:21.203+0000] {dag.py:4180} INFO - Setting next_dagrun for kafka_hive_pipeline_threaded to None, run_after=None
[2024-12-10T00:11:21.256+0000] {processor.py:208} INFO - Processing /opt/airflow/dags/gestion_airflow.py took 0.722 seconds
[2024-12-10T00:11:51.563+0000] {processor.py:186} INFO - Started process (PID=183) to work on /opt/airflow/dags/gestion_airflow.py
[2024-12-10T00:11:51.564+0000] {processor.py:914} INFO - Processing file /opt/airflow/dags/gestion_airflow.py for tasks to queue
[2024-12-10T00:11:51.567+0000] {logging_mixin.py:190} INFO - [2024-12-10T00:11:51.566+0000] {dagbag.py:588} INFO - Filling up the DagBag from /opt/airflow/dags/gestion_airflow.py
[2024-12-10T00:11:52.105+0000] {processor.py:925} INFO - DAG(s) 'kafka_hive_pipeline_threaded' retrieved from /opt/airflow/dags/gestion_airflow.py
[2024-12-10T00:11:52.136+0000] {logging_mixin.py:190} INFO - [2024-12-10T00:11:52.135+0000] {dag.py:3239} INFO - Sync 1 DAGs
[2024-12-10T00:11:52.149+0000] {logging_mixin.py:190} INFO - [2024-12-10T00:11:52.149+0000] {dag.py:4180} INFO - Setting next_dagrun for kafka_hive_pipeline_threaded to None, run_after=None
[2024-12-10T00:11:52.204+0000] {processor.py:208} INFO - Processing /opt/airflow/dags/gestion_airflow.py took 0.646 seconds
[2024-12-10T00:12:22.740+0000] {processor.py:186} INFO - Started process (PID=190) to work on /opt/airflow/dags/gestion_airflow.py
[2024-12-10T00:12:22.742+0000] {processor.py:914} INFO - Processing file /opt/airflow/dags/gestion_airflow.py for tasks to queue
[2024-12-10T00:12:22.745+0000] {logging_mixin.py:190} INFO - [2024-12-10T00:12:22.745+0000] {dagbag.py:588} INFO - Filling up the DagBag from /opt/airflow/dags/gestion_airflow.py
[2024-12-10T00:12:23.333+0000] {processor.py:925} INFO - DAG(s) 'kafka_hive_pipeline_threaded' retrieved from /opt/airflow/dags/gestion_airflow.py
[2024-12-10T00:12:23.382+0000] {logging_mixin.py:190} INFO - [2024-12-10T00:12:23.382+0000] {dag.py:3239} INFO - Sync 1 DAGs
[2024-12-10T00:12:23.397+0000] {logging_mixin.py:190} INFO - [2024-12-10T00:12:23.397+0000] {dag.py:4180} INFO - Setting next_dagrun for kafka_hive_pipeline_threaded to None, run_after=None
[2024-12-10T00:12:23.502+0000] {processor.py:208} INFO - Processing /opt/airflow/dags/gestion_airflow.py took 0.767 seconds
[2024-12-10T00:12:54.004+0000] {processor.py:186} INFO - Started process (PID=197) to work on /opt/airflow/dags/gestion_airflow.py
[2024-12-10T00:12:54.005+0000] {processor.py:914} INFO - Processing file /opt/airflow/dags/gestion_airflow.py for tasks to queue
[2024-12-10T00:12:54.008+0000] {logging_mixin.py:190} INFO - [2024-12-10T00:12:54.008+0000] {dagbag.py:588} INFO - Filling up the DagBag from /opt/airflow/dags/gestion_airflow.py
[2024-12-10T00:12:54.585+0000] {processor.py:925} INFO - DAG(s) 'kafka_hive_pipeline_threaded' retrieved from /opt/airflow/dags/gestion_airflow.py
[2024-12-10T00:12:54.614+0000] {logging_mixin.py:190} INFO - [2024-12-10T00:12:54.613+0000] {dag.py:3239} INFO - Sync 1 DAGs
[2024-12-10T00:12:54.633+0000] {logging_mixin.py:190} INFO - [2024-12-10T00:12:54.633+0000] {dag.py:4180} INFO - Setting next_dagrun for kafka_hive_pipeline_threaded to None, run_after=None
[2024-12-10T00:12:54.730+0000] {processor.py:208} INFO - Processing /opt/airflow/dags/gestion_airflow.py took 0.733 seconds
[2024-12-10T00:13:25.243+0000] {processor.py:186} INFO - Started process (PID=204) to work on /opt/airflow/dags/gestion_airflow.py
[2024-12-10T00:13:25.245+0000] {processor.py:914} INFO - Processing file /opt/airflow/dags/gestion_airflow.py for tasks to queue
[2024-12-10T00:13:25.247+0000] {logging_mixin.py:190} INFO - [2024-12-10T00:13:25.247+0000] {dagbag.py:588} INFO - Filling up the DagBag from /opt/airflow/dags/gestion_airflow.py
[2024-12-10T00:13:25.799+0000] {processor.py:925} INFO - DAG(s) 'kafka_hive_pipeline_threaded' retrieved from /opt/airflow/dags/gestion_airflow.py
[2024-12-10T00:13:25.847+0000] {logging_mixin.py:190} INFO - [2024-12-10T00:13:25.847+0000] {dag.py:3239} INFO - Sync 1 DAGs
[2024-12-10T00:13:25.866+0000] {logging_mixin.py:190} INFO - [2024-12-10T00:13:25.866+0000] {dag.py:4180} INFO - Setting next_dagrun for kafka_hive_pipeline_threaded to None, run_after=None
[2024-12-10T00:13:25.926+0000] {processor.py:208} INFO - Processing /opt/airflow/dags/gestion_airflow.py took 0.689 seconds
[2024-12-10T00:13:56.275+0000] {processor.py:186} INFO - Started process (PID=211) to work on /opt/airflow/dags/gestion_airflow.py
[2024-12-10T00:13:56.277+0000] {processor.py:914} INFO - Processing file /opt/airflow/dags/gestion_airflow.py for tasks to queue
[2024-12-10T00:13:56.280+0000] {logging_mixin.py:190} INFO - [2024-12-10T00:13:56.280+0000] {dagbag.py:588} INFO - Filling up the DagBag from /opt/airflow/dags/gestion_airflow.py
[2024-12-10T00:13:56.834+0000] {processor.py:925} INFO - DAG(s) 'kafka_hive_pipeline_threaded' retrieved from /opt/airflow/dags/gestion_airflow.py
[2024-12-10T00:13:56.864+0000] {logging_mixin.py:190} INFO - [2024-12-10T00:13:56.864+0000] {dag.py:3239} INFO - Sync 1 DAGs
[2024-12-10T00:13:56.881+0000] {logging_mixin.py:190} INFO - [2024-12-10T00:13:56.881+0000] {dag.py:4180} INFO - Setting next_dagrun for kafka_hive_pipeline_threaded to None, run_after=None
[2024-12-10T00:13:56.985+0000] {processor.py:208} INFO - Processing /opt/airflow/dags/gestion_airflow.py took 0.716 seconds
[2024-12-10T00:14:27.071+0000] {processor.py:186} INFO - Started process (PID=218) to work on /opt/airflow/dags/gestion_airflow.py
[2024-12-10T00:14:27.072+0000] {processor.py:914} INFO - Processing file /opt/airflow/dags/gestion_airflow.py for tasks to queue
[2024-12-10T00:14:27.075+0000] {logging_mixin.py:190} INFO - [2024-12-10T00:14:27.074+0000] {dagbag.py:588} INFO - Filling up the DagBag from /opt/airflow/dags/gestion_airflow.py
[2024-12-10T00:14:27.819+0000] {processor.py:925} INFO - DAG(s) 'kafka_hive_pipeline_threaded' retrieved from /opt/airflow/dags/gestion_airflow.py
[2024-12-10T00:14:27.846+0000] {logging_mixin.py:190} INFO - [2024-12-10T00:14:27.846+0000] {dag.py:3239} INFO - Sync 1 DAGs
[2024-12-10T00:14:27.861+0000] {logging_mixin.py:190} INFO - [2024-12-10T00:14:27.860+0000] {dag.py:4180} INFO - Setting next_dagrun for kafka_hive_pipeline_threaded to None, run_after=None
[2024-12-10T00:14:27.937+0000] {processor.py:208} INFO - Processing /opt/airflow/dags/gestion_airflow.py took 0.873 seconds
[2024-12-10T00:14:58.312+0000] {processor.py:186} INFO - Started process (PID=225) to work on /opt/airflow/dags/gestion_airflow.py
[2024-12-10T00:14:58.314+0000] {processor.py:914} INFO - Processing file /opt/airflow/dags/gestion_airflow.py for tasks to queue
[2024-12-10T00:14:58.317+0000] {logging_mixin.py:190} INFO - [2024-12-10T00:14:58.317+0000] {dagbag.py:588} INFO - Filling up the DagBag from /opt/airflow/dags/gestion_airflow.py
[2024-12-10T00:14:58.908+0000] {processor.py:925} INFO - DAG(s) 'kafka_hive_pipeline_threaded' retrieved from /opt/airflow/dags/gestion_airflow.py
[2024-12-10T00:14:58.938+0000] {logging_mixin.py:190} INFO - [2024-12-10T00:14:58.937+0000] {dag.py:3239} INFO - Sync 1 DAGs
[2024-12-10T00:14:58.956+0000] {logging_mixin.py:190} INFO - [2024-12-10T00:14:58.955+0000] {dag.py:4180} INFO - Setting next_dagrun for kafka_hive_pipeline_threaded to None, run_after=None
[2024-12-10T00:14:59.035+0000] {processor.py:208} INFO - Processing /opt/airflow/dags/gestion_airflow.py took 0.731 seconds
[2024-12-10T00:15:29.479+0000] {processor.py:186} INFO - Started process (PID=232) to work on /opt/airflow/dags/gestion_airflow.py
[2024-12-10T00:15:29.480+0000] {processor.py:914} INFO - Processing file /opt/airflow/dags/gestion_airflow.py for tasks to queue
[2024-12-10T00:15:29.483+0000] {logging_mixin.py:190} INFO - [2024-12-10T00:15:29.482+0000] {dagbag.py:588} INFO - Filling up the DagBag from /opt/airflow/dags/gestion_airflow.py
[2024-12-10T00:15:30.071+0000] {processor.py:925} INFO - DAG(s) 'kafka_hive_pipeline_threaded' retrieved from /opt/airflow/dags/gestion_airflow.py
[2024-12-10T00:15:30.109+0000] {logging_mixin.py:190} INFO - [2024-12-10T00:15:30.109+0000] {dag.py:3239} INFO - Sync 1 DAGs
[2024-12-10T00:15:30.126+0000] {logging_mixin.py:190} INFO - [2024-12-10T00:15:30.125+0000] {dag.py:4180} INFO - Setting next_dagrun for kafka_hive_pipeline_threaded to None, run_after=None
[2024-12-10T00:15:30.219+0000] {processor.py:208} INFO - Processing /opt/airflow/dags/gestion_airflow.py took 0.745 seconds
[2024-12-10T00:16:00.617+0000] {processor.py:186} INFO - Started process (PID=239) to work on /opt/airflow/dags/gestion_airflow.py
[2024-12-10T00:16:00.619+0000] {processor.py:914} INFO - Processing file /opt/airflow/dags/gestion_airflow.py for tasks to queue
[2024-12-10T00:16:00.623+0000] {logging_mixin.py:190} INFO - [2024-12-10T00:16:00.623+0000] {dagbag.py:588} INFO - Filling up the DagBag from /opt/airflow/dags/gestion_airflow.py
[2024-12-10T00:16:01.207+0000] {processor.py:925} INFO - DAG(s) 'kafka_hive_pipeline_threaded' retrieved from /opt/airflow/dags/gestion_airflow.py
[2024-12-10T00:16:01.241+0000] {logging_mixin.py:190} INFO - [2024-12-10T00:16:01.240+0000] {dag.py:3239} INFO - Sync 1 DAGs
[2024-12-10T00:16:01.255+0000] {logging_mixin.py:190} INFO - [2024-12-10T00:16:01.254+0000] {dag.py:4180} INFO - Setting next_dagrun for kafka_hive_pipeline_threaded to None, run_after=None
[2024-12-10T00:16:01.331+0000] {processor.py:208} INFO - Processing /opt/airflow/dags/gestion_airflow.py took 0.721 seconds
[2024-12-10T00:16:31.811+0000] {processor.py:186} INFO - Started process (PID=246) to work on /opt/airflow/dags/gestion_airflow.py
[2024-12-10T00:16:31.812+0000] {processor.py:914} INFO - Processing file /opt/airflow/dags/gestion_airflow.py for tasks to queue
[2024-12-10T00:16:31.815+0000] {logging_mixin.py:190} INFO - [2024-12-10T00:16:31.815+0000] {dagbag.py:588} INFO - Filling up the DagBag from /opt/airflow/dags/gestion_airflow.py
[2024-12-10T00:16:32.411+0000] {processor.py:925} INFO - DAG(s) 'kafka_hive_pipeline_threaded' retrieved from /opt/airflow/dags/gestion_airflow.py
[2024-12-10T00:16:32.434+0000] {logging_mixin.py:190} INFO - [2024-12-10T00:16:32.433+0000] {dag.py:3239} INFO - Sync 1 DAGs
[2024-12-10T00:16:32.447+0000] {logging_mixin.py:190} INFO - [2024-12-10T00:16:32.447+0000] {dag.py:4180} INFO - Setting next_dagrun for kafka_hive_pipeline_threaded to None, run_after=None
[2024-12-10T00:16:32.502+0000] {processor.py:208} INFO - Processing /opt/airflow/dags/gestion_airflow.py took 0.698 seconds
[2024-12-10T00:17:02.791+0000] {processor.py:186} INFO - Started process (PID=253) to work on /opt/airflow/dags/gestion_airflow.py
[2024-12-10T00:17:02.793+0000] {processor.py:914} INFO - Processing file /opt/airflow/dags/gestion_airflow.py for tasks to queue
[2024-12-10T00:17:02.795+0000] {logging_mixin.py:190} INFO - [2024-12-10T00:17:02.795+0000] {dagbag.py:588} INFO - Filling up the DagBag from /opt/airflow/dags/gestion_airflow.py
[2024-12-10T00:17:03.358+0000] {processor.py:925} INFO - DAG(s) 'kafka_hive_pipeline_threaded' retrieved from /opt/airflow/dags/gestion_airflow.py
[2024-12-10T00:17:03.395+0000] {logging_mixin.py:190} INFO - [2024-12-10T00:17:03.394+0000] {dag.py:3239} INFO - Sync 1 DAGs
[2024-12-10T00:17:03.416+0000] {logging_mixin.py:190} INFO - [2024-12-10T00:17:03.415+0000] {dag.py:4180} INFO - Setting next_dagrun for kafka_hive_pipeline_threaded to None, run_after=None
[2024-12-10T00:17:03.503+0000] {processor.py:208} INFO - Processing /opt/airflow/dags/gestion_airflow.py took 0.731 seconds
[2024-12-10T00:17:34.005+0000] {processor.py:186} INFO - Started process (PID=260) to work on /opt/airflow/dags/gestion_airflow.py
[2024-12-10T00:17:34.007+0000] {processor.py:914} INFO - Processing file /opt/airflow/dags/gestion_airflow.py for tasks to queue
[2024-12-10T00:17:34.009+0000] {logging_mixin.py:190} INFO - [2024-12-10T00:17:34.009+0000] {dagbag.py:588} INFO - Filling up the DagBag from /opt/airflow/dags/gestion_airflow.py
[2024-12-10T00:17:34.579+0000] {processor.py:925} INFO - DAG(s) 'kafka_hive_pipeline_threaded' retrieved from /opt/airflow/dags/gestion_airflow.py
[2024-12-10T00:17:34.611+0000] {logging_mixin.py:190} INFO - [2024-12-10T00:17:34.611+0000] {dag.py:3239} INFO - Sync 1 DAGs
[2024-12-10T00:17:34.628+0000] {logging_mixin.py:190} INFO - [2024-12-10T00:17:34.628+0000] {dag.py:4180} INFO - Setting next_dagrun for kafka_hive_pipeline_threaded to None, run_after=None
[2024-12-10T00:17:34.705+0000] {processor.py:208} INFO - Processing /opt/airflow/dags/gestion_airflow.py took 0.706 seconds
[2024-12-10T00:18:04.798+0000] {processor.py:186} INFO - Started process (PID=267) to work on /opt/airflow/dags/gestion_airflow.py
[2024-12-10T00:18:04.799+0000] {processor.py:914} INFO - Processing file /opt/airflow/dags/gestion_airflow.py for tasks to queue
[2024-12-10T00:18:04.803+0000] {logging_mixin.py:190} INFO - [2024-12-10T00:18:04.802+0000] {dagbag.py:588} INFO - Filling up the DagBag from /opt/airflow/dags/gestion_airflow.py
[2024-12-10T00:18:05.433+0000] {processor.py:925} INFO - DAG(s) 'kafka_hive_pipeline_threaded' retrieved from /opt/airflow/dags/gestion_airflow.py
[2024-12-10T00:18:05.462+0000] {logging_mixin.py:190} INFO - [2024-12-10T00:18:05.462+0000] {dag.py:3239} INFO - Sync 1 DAGs
[2024-12-10T00:18:05.480+0000] {logging_mixin.py:190} INFO - [2024-12-10T00:18:05.479+0000] {dag.py:4180} INFO - Setting next_dagrun for kafka_hive_pipeline_threaded to None, run_after=None
[2024-12-10T00:18:05.552+0000] {processor.py:208} INFO - Processing /opt/airflow/dags/gestion_airflow.py took 0.762 seconds
[2024-12-10T00:18:35.984+0000] {processor.py:186} INFO - Started process (PID=274) to work on /opt/airflow/dags/gestion_airflow.py
[2024-12-10T00:18:35.985+0000] {processor.py:914} INFO - Processing file /opt/airflow/dags/gestion_airflow.py for tasks to queue
[2024-12-10T00:18:35.989+0000] {logging_mixin.py:190} INFO - [2024-12-10T00:18:35.988+0000] {dagbag.py:588} INFO - Filling up the DagBag from /opt/airflow/dags/gestion_airflow.py
[2024-12-10T00:18:36.570+0000] {processor.py:925} INFO - DAG(s) 'kafka_hive_pipeline_threaded' retrieved from /opt/airflow/dags/gestion_airflow.py
[2024-12-10T00:18:36.610+0000] {logging_mixin.py:190} INFO - [2024-12-10T00:18:36.609+0000] {dag.py:3239} INFO - Sync 1 DAGs
[2024-12-10T00:18:36.630+0000] {logging_mixin.py:190} INFO - [2024-12-10T00:18:36.630+0000] {dag.py:4180} INFO - Setting next_dagrun for kafka_hive_pipeline_threaded to None, run_after=None
[2024-12-10T00:18:36.698+0000] {processor.py:208} INFO - Processing /opt/airflow/dags/gestion_airflow.py took 0.721 seconds
[2024-12-10T00:19:07.166+0000] {processor.py:186} INFO - Started process (PID=281) to work on /opt/airflow/dags/gestion_airflow.py
[2024-12-10T00:19:07.167+0000] {processor.py:914} INFO - Processing file /opt/airflow/dags/gestion_airflow.py for tasks to queue
[2024-12-10T00:19:07.170+0000] {logging_mixin.py:190} INFO - [2024-12-10T00:19:07.170+0000] {dagbag.py:588} INFO - Filling up the DagBag from /opt/airflow/dags/gestion_airflow.py
[2024-12-10T00:19:07.777+0000] {processor.py:925} INFO - DAG(s) 'kafka_hive_pipeline_threaded' retrieved from /opt/airflow/dags/gestion_airflow.py
[2024-12-10T00:19:07.804+0000] {logging_mixin.py:190} INFO - [2024-12-10T00:19:07.803+0000] {dag.py:3239} INFO - Sync 1 DAGs
[2024-12-10T00:19:07.822+0000] {logging_mixin.py:190} INFO - [2024-12-10T00:19:07.822+0000] {dag.py:4180} INFO - Setting next_dagrun for kafka_hive_pipeline_threaded to None, run_after=None
[2024-12-10T00:19:07.935+0000] {processor.py:208} INFO - Processing /opt/airflow/dags/gestion_airflow.py took 0.775 seconds
[2024-12-10T00:19:38.380+0000] {processor.py:186} INFO - Started process (PID=288) to work on /opt/airflow/dags/gestion_airflow.py
[2024-12-10T00:19:38.382+0000] {processor.py:914} INFO - Processing file /opt/airflow/dags/gestion_airflow.py for tasks to queue
[2024-12-10T00:19:38.385+0000] {logging_mixin.py:190} INFO - [2024-12-10T00:19:38.385+0000] {dagbag.py:588} INFO - Filling up the DagBag from /opt/airflow/dags/gestion_airflow.py
[2024-12-10T00:19:39.018+0000] {processor.py:925} INFO - DAG(s) 'kafka_hive_pipeline_threaded' retrieved from /opt/airflow/dags/gestion_airflow.py
[2024-12-10T00:19:39.050+0000] {logging_mixin.py:190} INFO - [2024-12-10T00:19:39.049+0000] {dag.py:3239} INFO - Sync 1 DAGs
[2024-12-10T00:19:39.067+0000] {logging_mixin.py:190} INFO - [2024-12-10T00:19:39.067+0000] {dag.py:4180} INFO - Setting next_dagrun for kafka_hive_pipeline_threaded to None, run_after=None
[2024-12-10T00:19:39.156+0000] {processor.py:208} INFO - Processing /opt/airflow/dags/gestion_airflow.py took 0.782 seconds
[2024-12-10T00:20:09.554+0000] {processor.py:186} INFO - Started process (PID=295) to work on /opt/airflow/dags/gestion_airflow.py
[2024-12-10T00:20:09.555+0000] {processor.py:914} INFO - Processing file /opt/airflow/dags/gestion_airflow.py for tasks to queue
[2024-12-10T00:20:09.559+0000] {logging_mixin.py:190} INFO - [2024-12-10T00:20:09.559+0000] {dagbag.py:588} INFO - Filling up the DagBag from /opt/airflow/dags/gestion_airflow.py
[2024-12-10T00:20:10.250+0000] {processor.py:925} INFO - DAG(s) 'kafka_hive_pipeline_threaded' retrieved from /opt/airflow/dags/gestion_airflow.py
[2024-12-10T00:20:10.294+0000] {logging_mixin.py:190} INFO - [2024-12-10T00:20:10.294+0000] {dag.py:3239} INFO - Sync 1 DAGs
[2024-12-10T00:20:10.312+0000] {logging_mixin.py:190} INFO - [2024-12-10T00:20:10.312+0000] {dag.py:4180} INFO - Setting next_dagrun for kafka_hive_pipeline_threaded to None, run_after=None
[2024-12-10T00:20:10.409+0000] {processor.py:208} INFO - Processing /opt/airflow/dags/gestion_airflow.py took 0.863 seconds
[2024-12-10T00:20:40.938+0000] {processor.py:186} INFO - Started process (PID=302) to work on /opt/airflow/dags/gestion_airflow.py
[2024-12-10T00:20:40.941+0000] {processor.py:914} INFO - Processing file /opt/airflow/dags/gestion_airflow.py for tasks to queue
[2024-12-10T00:20:40.945+0000] {logging_mixin.py:190} INFO - [2024-12-10T00:20:40.945+0000] {dagbag.py:588} INFO - Filling up the DagBag from /opt/airflow/dags/gestion_airflow.py
[2024-12-10T00:20:41.544+0000] {processor.py:925} INFO - DAG(s) 'kafka_hive_pipeline_threaded' retrieved from /opt/airflow/dags/gestion_airflow.py
[2024-12-10T00:20:41.582+0000] {logging_mixin.py:190} INFO - [2024-12-10T00:20:41.581+0000] {dag.py:3239} INFO - Sync 1 DAGs
[2024-12-10T00:20:41.600+0000] {logging_mixin.py:190} INFO - [2024-12-10T00:20:41.600+0000] {dag.py:4180} INFO - Setting next_dagrun for kafka_hive_pipeline_threaded to None, run_after=None
[2024-12-10T00:20:41.705+0000] {processor.py:208} INFO - Processing /opt/airflow/dags/gestion_airflow.py took 0.773 seconds
[2024-12-10T00:21:12.137+0000] {processor.py:186} INFO - Started process (PID=309) to work on /opt/airflow/dags/gestion_airflow.py
[2024-12-10T00:21:12.138+0000] {processor.py:914} INFO - Processing file /opt/airflow/dags/gestion_airflow.py for tasks to queue
[2024-12-10T00:21:12.141+0000] {logging_mixin.py:190} INFO - [2024-12-10T00:21:12.141+0000] {dagbag.py:588} INFO - Filling up the DagBag from /opt/airflow/dags/gestion_airflow.py
[2024-12-10T00:21:12.760+0000] {processor.py:925} INFO - DAG(s) 'kafka_hive_pipeline_threaded' retrieved from /opt/airflow/dags/gestion_airflow.py
[2024-12-10T00:21:12.791+0000] {logging_mixin.py:190} INFO - [2024-12-10T00:21:12.791+0000] {dag.py:3239} INFO - Sync 1 DAGs
[2024-12-10T00:21:12.811+0000] {logging_mixin.py:190} INFO - [2024-12-10T00:21:12.810+0000] {dag.py:4180} INFO - Setting next_dagrun for kafka_hive_pipeline_threaded to None, run_after=None
[2024-12-10T00:21:12.912+0000] {processor.py:208} INFO - Processing /opt/airflow/dags/gestion_airflow.py took 0.782 seconds
[2024-12-10T00:21:43.390+0000] {processor.py:186} INFO - Started process (PID=316) to work on /opt/airflow/dags/gestion_airflow.py
[2024-12-10T00:21:43.391+0000] {processor.py:914} INFO - Processing file /opt/airflow/dags/gestion_airflow.py for tasks to queue
[2024-12-10T00:21:43.394+0000] {logging_mixin.py:190} INFO - [2024-12-10T00:21:43.394+0000] {dagbag.py:588} INFO - Filling up the DagBag from /opt/airflow/dags/gestion_airflow.py
[2024-12-10T00:21:43.956+0000] {processor.py:925} INFO - DAG(s) 'kafka_hive_pipeline_threaded' retrieved from /opt/airflow/dags/gestion_airflow.py
[2024-12-10T00:21:43.984+0000] {logging_mixin.py:190} INFO - [2024-12-10T00:21:43.984+0000] {dag.py:3239} INFO - Sync 1 DAGs
[2024-12-10T00:21:43.998+0000] {logging_mixin.py:190} INFO - [2024-12-10T00:21:43.998+0000] {dag.py:4180} INFO - Setting next_dagrun for kafka_hive_pipeline_threaded to None, run_after=None
[2024-12-10T00:21:44.097+0000] {processor.py:208} INFO - Processing /opt/airflow/dags/gestion_airflow.py took 0.714 seconds
[2024-12-10T00:22:14.539+0000] {processor.py:186} INFO - Started process (PID=323) to work on /opt/airflow/dags/gestion_airflow.py
[2024-12-10T00:22:14.541+0000] {processor.py:914} INFO - Processing file /opt/airflow/dags/gestion_airflow.py for tasks to queue
[2024-12-10T00:22:14.543+0000] {logging_mixin.py:190} INFO - [2024-12-10T00:22:14.543+0000] {dagbag.py:588} INFO - Filling up the DagBag from /opt/airflow/dags/gestion_airflow.py
[2024-12-10T00:22:15.139+0000] {processor.py:925} INFO - DAG(s) 'kafka_hive_pipeline_threaded' retrieved from /opt/airflow/dags/gestion_airflow.py
[2024-12-10T00:22:15.177+0000] {logging_mixin.py:190} INFO - [2024-12-10T00:22:15.176+0000] {dag.py:3239} INFO - Sync 1 DAGs
[2024-12-10T00:22:15.212+0000] {logging_mixin.py:190} INFO - [2024-12-10T00:22:15.212+0000] {dag.py:4180} INFO - Setting next_dagrun for kafka_hive_pipeline_threaded to None, run_after=None
[2024-12-10T00:22:15.292+0000] {processor.py:208} INFO - Processing /opt/airflow/dags/gestion_airflow.py took 0.759 seconds
[2024-12-10T00:22:45.487+0000] {processor.py:186} INFO - Started process (PID=330) to work on /opt/airflow/dags/gestion_airflow.py
[2024-12-10T00:22:45.488+0000] {processor.py:914} INFO - Processing file /opt/airflow/dags/gestion_airflow.py for tasks to queue
[2024-12-10T00:22:45.491+0000] {logging_mixin.py:190} INFO - [2024-12-10T00:22:45.490+0000] {dagbag.py:588} INFO - Filling up the DagBag from /opt/airflow/dags/gestion_airflow.py
[2024-12-10T00:22:46.045+0000] {processor.py:925} INFO - DAG(s) 'kafka_hive_pipeline_threaded' retrieved from /opt/airflow/dags/gestion_airflow.py
[2024-12-10T00:22:46.073+0000] {logging_mixin.py:190} INFO - [2024-12-10T00:22:46.073+0000] {dag.py:3239} INFO - Sync 1 DAGs
[2024-12-10T00:22:46.087+0000] {logging_mixin.py:190} INFO - [2024-12-10T00:22:46.087+0000] {dag.py:4180} INFO - Setting next_dagrun for kafka_hive_pipeline_threaded to None, run_after=None
[2024-12-10T00:22:46.161+0000] {processor.py:208} INFO - Processing /opt/airflow/dags/gestion_airflow.py took 0.682 seconds
[2024-12-10T00:23:16.585+0000] {processor.py:186} INFO - Started process (PID=337) to work on /opt/airflow/dags/gestion_airflow.py
[2024-12-10T00:23:16.586+0000] {processor.py:914} INFO - Processing file /opt/airflow/dags/gestion_airflow.py for tasks to queue
[2024-12-10T00:23:16.590+0000] {logging_mixin.py:190} INFO - [2024-12-10T00:23:16.590+0000] {dagbag.py:588} INFO - Filling up the DagBag from /opt/airflow/dags/gestion_airflow.py
[2024-12-10T00:23:17.223+0000] {processor.py:925} INFO - DAG(s) 'kafka_hive_pipeline_threaded' retrieved from /opt/airflow/dags/gestion_airflow.py
[2024-12-10T00:23:17.246+0000] {logging_mixin.py:190} INFO - [2024-12-10T00:23:17.246+0000] {dag.py:3239} INFO - Sync 1 DAGs
[2024-12-10T00:23:17.264+0000] {logging_mixin.py:190} INFO - [2024-12-10T00:23:17.263+0000] {dag.py:4180} INFO - Setting next_dagrun for kafka_hive_pipeline_threaded to None, run_after=None
[2024-12-10T00:23:17.329+0000] {processor.py:208} INFO - Processing /opt/airflow/dags/gestion_airflow.py took 0.750 seconds
[2024-12-10T00:23:47.791+0000] {processor.py:186} INFO - Started process (PID=344) to work on /opt/airflow/dags/gestion_airflow.py
[2024-12-10T00:23:47.792+0000] {processor.py:914} INFO - Processing file /opt/airflow/dags/gestion_airflow.py for tasks to queue
[2024-12-10T00:23:47.795+0000] {logging_mixin.py:190} INFO - [2024-12-10T00:23:47.795+0000] {dagbag.py:588} INFO - Filling up the DagBag from /opt/airflow/dags/gestion_airflow.py
[2024-12-10T00:23:48.444+0000] {processor.py:925} INFO - DAG(s) 'kafka_hive_pipeline_threaded' retrieved from /opt/airflow/dags/gestion_airflow.py
[2024-12-10T00:23:48.473+0000] {logging_mixin.py:190} INFO - [2024-12-10T00:23:48.473+0000] {dag.py:3239} INFO - Sync 1 DAGs
[2024-12-10T00:23:48.491+0000] {logging_mixin.py:190} INFO - [2024-12-10T00:23:48.491+0000] {dag.py:4180} INFO - Setting next_dagrun for kafka_hive_pipeline_threaded to None, run_after=None
[2024-12-10T00:23:48.598+0000] {processor.py:208} INFO - Processing /opt/airflow/dags/gestion_airflow.py took 0.814 seconds
[2024-12-10T00:24:19.115+0000] {processor.py:186} INFO - Started process (PID=351) to work on /opt/airflow/dags/gestion_airflow.py
[2024-12-10T00:24:19.117+0000] {processor.py:914} INFO - Processing file /opt/airflow/dags/gestion_airflow.py for tasks to queue
[2024-12-10T00:24:19.122+0000] {logging_mixin.py:190} INFO - [2024-12-10T00:24:19.121+0000] {dagbag.py:588} INFO - Filling up the DagBag from /opt/airflow/dags/gestion_airflow.py
[2024-12-10T00:24:19.825+0000] {processor.py:925} INFO - DAG(s) 'kafka_hive_pipeline_threaded' retrieved from /opt/airflow/dags/gestion_airflow.py
[2024-12-10T00:24:19.849+0000] {logging_mixin.py:190} INFO - [2024-12-10T00:24:19.849+0000] {dag.py:3239} INFO - Sync 1 DAGs
[2024-12-10T00:24:19.865+0000] {logging_mixin.py:190} INFO - [2024-12-10T00:24:19.864+0000] {dag.py:4180} INFO - Setting next_dagrun for kafka_hive_pipeline_threaded to None, run_after=None
[2024-12-10T00:24:19.945+0000] {processor.py:208} INFO - Processing /opt/airflow/dags/gestion_airflow.py took 0.841 seconds
[2024-12-10T00:24:50.225+0000] {processor.py:186} INFO - Started process (PID=358) to work on /opt/airflow/dags/gestion_airflow.py
[2024-12-10T00:24:50.226+0000] {processor.py:914} INFO - Processing file /opt/airflow/dags/gestion_airflow.py for tasks to queue
[2024-12-10T00:24:50.228+0000] {logging_mixin.py:190} INFO - [2024-12-10T00:24:50.227+0000] {dagbag.py:588} INFO - Filling up the DagBag from /opt/airflow/dags/gestion_airflow.py
[2024-12-10T00:24:50.759+0000] {processor.py:925} INFO - DAG(s) 'kafka_hive_pipeline_threaded' retrieved from /opt/airflow/dags/gestion_airflow.py
[2024-12-10T00:24:50.788+0000] {logging_mixin.py:190} INFO - [2024-12-10T00:24:50.787+0000] {dag.py:3239} INFO - Sync 1 DAGs
[2024-12-10T00:24:50.801+0000] {logging_mixin.py:190} INFO - [2024-12-10T00:24:50.801+0000] {dag.py:4180} INFO - Setting next_dagrun for kafka_hive_pipeline_threaded to None, run_after=None
[2024-12-10T00:24:50.848+0000] {processor.py:208} INFO - Processing /opt/airflow/dags/gestion_airflow.py took 0.628 seconds
[2024-12-10T00:25:21.205+0000] {processor.py:186} INFO - Started process (PID=365) to work on /opt/airflow/dags/gestion_airflow.py
[2024-12-10T00:25:21.206+0000] {processor.py:914} INFO - Processing file /opt/airflow/dags/gestion_airflow.py for tasks to queue
[2024-12-10T00:25:21.208+0000] {logging_mixin.py:190} INFO - [2024-12-10T00:25:21.208+0000] {dagbag.py:588} INFO - Filling up the DagBag from /opt/airflow/dags/gestion_airflow.py
[2024-12-10T00:25:21.675+0000] {processor.py:925} INFO - DAG(s) 'kafka_hive_pipeline_threaded' retrieved from /opt/airflow/dags/gestion_airflow.py
[2024-12-10T00:25:21.693+0000] {logging_mixin.py:190} INFO - [2024-12-10T00:25:21.692+0000] {dag.py:3239} INFO - Sync 1 DAGs
[2024-12-10T00:25:21.704+0000] {logging_mixin.py:190} INFO - [2024-12-10T00:25:21.704+0000] {dag.py:4180} INFO - Setting next_dagrun for kafka_hive_pipeline_threaded to None, run_after=None
[2024-12-10T00:25:21.749+0000] {processor.py:208} INFO - Processing /opt/airflow/dags/gestion_airflow.py took 0.549 seconds
[2024-12-10T00:25:52.082+0000] {processor.py:186} INFO - Started process (PID=372) to work on /opt/airflow/dags/gestion_airflow.py
[2024-12-10T00:25:52.083+0000] {processor.py:914} INFO - Processing file /opt/airflow/dags/gestion_airflow.py for tasks to queue
[2024-12-10T00:25:52.085+0000] {logging_mixin.py:190} INFO - [2024-12-10T00:25:52.085+0000] {dagbag.py:588} INFO - Filling up the DagBag from /opt/airflow/dags/gestion_airflow.py
[2024-12-10T00:25:52.521+0000] {processor.py:925} INFO - DAG(s) 'kafka_hive_pipeline_threaded' retrieved from /opt/airflow/dags/gestion_airflow.py
[2024-12-10T00:25:52.541+0000] {logging_mixin.py:190} INFO - [2024-12-10T00:25:52.541+0000] {dag.py:3239} INFO - Sync 1 DAGs
[2024-12-10T00:25:52.553+0000] {logging_mixin.py:190} INFO - [2024-12-10T00:25:52.553+0000] {dag.py:4180} INFO - Setting next_dagrun for kafka_hive_pipeline_threaded to None, run_after=None
[2024-12-10T00:25:52.596+0000] {processor.py:208} INFO - Processing /opt/airflow/dags/gestion_airflow.py took 0.519 seconds
[2024-12-10T00:26:22.906+0000] {processor.py:186} INFO - Started process (PID=379) to work on /opt/airflow/dags/gestion_airflow.py
[2024-12-10T00:26:22.907+0000] {processor.py:914} INFO - Processing file /opt/airflow/dags/gestion_airflow.py for tasks to queue
[2024-12-10T00:26:22.909+0000] {logging_mixin.py:190} INFO - [2024-12-10T00:26:22.909+0000] {dagbag.py:588} INFO - Filling up the DagBag from /opt/airflow/dags/gestion_airflow.py
[2024-12-10T00:26:23.330+0000] {processor.py:925} INFO - DAG(s) 'kafka_hive_pipeline_threaded' retrieved from /opt/airflow/dags/gestion_airflow.py
[2024-12-10T00:26:23.348+0000] {logging_mixin.py:190} INFO - [2024-12-10T00:26:23.348+0000] {dag.py:3239} INFO - Sync 1 DAGs
[2024-12-10T00:26:23.358+0000] {logging_mixin.py:190} INFO - [2024-12-10T00:26:23.358+0000] {dag.py:4180} INFO - Setting next_dagrun for kafka_hive_pipeline_threaded to None, run_after=None
[2024-12-10T00:26:23.402+0000] {processor.py:208} INFO - Processing /opt/airflow/dags/gestion_airflow.py took 0.502 seconds
[2024-12-10T00:26:53.632+0000] {processor.py:186} INFO - Started process (PID=386) to work on /opt/airflow/dags/gestion_airflow.py
[2024-12-10T00:26:53.633+0000] {processor.py:914} INFO - Processing file /opt/airflow/dags/gestion_airflow.py for tasks to queue
[2024-12-10T00:26:53.636+0000] {logging_mixin.py:190} INFO - [2024-12-10T00:26:53.635+0000] {dagbag.py:588} INFO - Filling up the DagBag from /opt/airflow/dags/gestion_airflow.py
[2024-12-10T00:26:54.136+0000] {processor.py:925} INFO - DAG(s) 'kafka_hive_pipeline_threaded' retrieved from /opt/airflow/dags/gestion_airflow.py
[2024-12-10T00:26:54.163+0000] {logging_mixin.py:190} INFO - [2024-12-10T00:26:54.162+0000] {dag.py:3239} INFO - Sync 1 DAGs
[2024-12-10T00:26:54.178+0000] {logging_mixin.py:190} INFO - [2024-12-10T00:26:54.177+0000] {dag.py:4180} INFO - Setting next_dagrun for kafka_hive_pipeline_threaded to None, run_after=None
[2024-12-10T00:26:54.238+0000] {processor.py:208} INFO - Processing /opt/airflow/dags/gestion_airflow.py took 0.613 seconds
[2024-12-10T00:27:24.350+0000] {processor.py:186} INFO - Started process (PID=393) to work on /opt/airflow/dags/gestion_airflow.py
[2024-12-10T00:27:24.351+0000] {processor.py:914} INFO - Processing file /opt/airflow/dags/gestion_airflow.py for tasks to queue
[2024-12-10T00:27:24.354+0000] {logging_mixin.py:190} INFO - [2024-12-10T00:27:24.353+0000] {dagbag.py:588} INFO - Filling up the DagBag from /opt/airflow/dags/gestion_airflow.py
[2024-12-10T00:27:24.794+0000] {processor.py:925} INFO - DAG(s) 'kafka_hive_pipeline_threaded' retrieved from /opt/airflow/dags/gestion_airflow.py
[2024-12-10T00:27:24.829+0000] {logging_mixin.py:190} INFO - [2024-12-10T00:27:24.829+0000] {dag.py:3239} INFO - Sync 1 DAGs
[2024-12-10T00:27:24.852+0000] {logging_mixin.py:190} INFO - [2024-12-10T00:27:24.852+0000] {dag.py:4180} INFO - Setting next_dagrun for kafka_hive_pipeline_threaded to None, run_after=None
[2024-12-10T00:27:24.894+0000] {processor.py:208} INFO - Processing /opt/airflow/dags/gestion_airflow.py took 0.549 seconds
[2024-12-10T00:27:55.198+0000] {processor.py:186} INFO - Started process (PID=400) to work on /opt/airflow/dags/gestion_airflow.py
[2024-12-10T00:27:55.199+0000] {processor.py:914} INFO - Processing file /opt/airflow/dags/gestion_airflow.py for tasks to queue
[2024-12-10T00:27:55.202+0000] {logging_mixin.py:190} INFO - [2024-12-10T00:27:55.202+0000] {dagbag.py:588} INFO - Filling up the DagBag from /opt/airflow/dags/gestion_airflow.py
[2024-12-10T00:27:55.712+0000] {processor.py:925} INFO - DAG(s) 'kafka_hive_pipeline_threaded' retrieved from /opt/airflow/dags/gestion_airflow.py
[2024-12-10T00:27:55.740+0000] {logging_mixin.py:190} INFO - [2024-12-10T00:27:55.739+0000] {dag.py:3239} INFO - Sync 1 DAGs
[2024-12-10T00:27:55.752+0000] {logging_mixin.py:190} INFO - [2024-12-10T00:27:55.751+0000] {dag.py:4180} INFO - Setting next_dagrun for kafka_hive_pipeline_threaded to None, run_after=None
[2024-12-10T00:27:55.814+0000] {processor.py:208} INFO - Processing /opt/airflow/dags/gestion_airflow.py took 0.622 seconds
[2024-12-10T00:28:26.165+0000] {processor.py:186} INFO - Started process (PID=407) to work on /opt/airflow/dags/gestion_airflow.py
[2024-12-10T00:28:26.167+0000] {processor.py:914} INFO - Processing file /opt/airflow/dags/gestion_airflow.py for tasks to queue
[2024-12-10T00:28:26.170+0000] {logging_mixin.py:190} INFO - [2024-12-10T00:28:26.170+0000] {dagbag.py:588} INFO - Filling up the DagBag from /opt/airflow/dags/gestion_airflow.py
[2024-12-10T00:28:26.754+0000] {processor.py:925} INFO - DAG(s) 'kafka_hive_pipeline_threaded' retrieved from /opt/airflow/dags/gestion_airflow.py
[2024-12-10T00:28:26.781+0000] {logging_mixin.py:190} INFO - [2024-12-10T00:28:26.781+0000] {dag.py:3239} INFO - Sync 1 DAGs
[2024-12-10T00:28:26.798+0000] {logging_mixin.py:190} INFO - [2024-12-10T00:28:26.798+0000] {dag.py:4180} INFO - Setting next_dagrun for kafka_hive_pipeline_threaded to None, run_after=None
[2024-12-10T00:28:26.859+0000] {processor.py:208} INFO - Processing /opt/airflow/dags/gestion_airflow.py took 0.700 seconds
[2024-12-10T00:28:57.128+0000] {processor.py:186} INFO - Started process (PID=414) to work on /opt/airflow/dags/gestion_airflow.py
[2024-12-10T00:28:57.129+0000] {processor.py:914} INFO - Processing file /opt/airflow/dags/gestion_airflow.py for tasks to queue
[2024-12-10T00:28:57.131+0000] {logging_mixin.py:190} INFO - [2024-12-10T00:28:57.131+0000] {dagbag.py:588} INFO - Filling up the DagBag from /opt/airflow/dags/gestion_airflow.py
[2024-12-10T00:28:57.611+0000] {processor.py:925} INFO - DAG(s) 'kafka_hive_pipeline_threaded' retrieved from /opt/airflow/dags/gestion_airflow.py
[2024-12-10T00:28:57.636+0000] {logging_mixin.py:190} INFO - [2024-12-10T00:28:57.636+0000] {dag.py:3239} INFO - Sync 1 DAGs
[2024-12-10T00:28:57.650+0000] {logging_mixin.py:190} INFO - [2024-12-10T00:28:57.650+0000] {dag.py:4180} INFO - Setting next_dagrun for kafka_hive_pipeline_threaded to None, run_after=None
[2024-12-10T00:28:57.706+0000] {processor.py:208} INFO - Processing /opt/airflow/dags/gestion_airflow.py took 0.583 seconds
[2024-12-10T00:29:27.932+0000] {processor.py:186} INFO - Started process (PID=421) to work on /opt/airflow/dags/gestion_airflow.py
[2024-12-10T00:29:27.933+0000] {processor.py:914} INFO - Processing file /opt/airflow/dags/gestion_airflow.py for tasks to queue
[2024-12-10T00:29:27.936+0000] {logging_mixin.py:190} INFO - [2024-12-10T00:29:27.935+0000] {dagbag.py:588} INFO - Filling up the DagBag from /opt/airflow/dags/gestion_airflow.py
[2024-12-10T00:29:28.445+0000] {processor.py:925} INFO - DAG(s) 'kafka_hive_pipeline_threaded' retrieved from /opt/airflow/dags/gestion_airflow.py
[2024-12-10T00:29:28.476+0000] {logging_mixin.py:190} INFO - [2024-12-10T00:29:28.476+0000] {dag.py:3239} INFO - Sync 1 DAGs
[2024-12-10T00:29:28.494+0000] {logging_mixin.py:190} INFO - [2024-12-10T00:29:28.493+0000] {dag.py:4180} INFO - Setting next_dagrun for kafka_hive_pipeline_threaded to None, run_after=None
[2024-12-10T00:29:28.561+0000] {processor.py:208} INFO - Processing /opt/airflow/dags/gestion_airflow.py took 0.634 seconds
[2024-12-10T00:29:58.869+0000] {processor.py:186} INFO - Started process (PID=428) to work on /opt/airflow/dags/gestion_airflow.py
[2024-12-10T00:29:58.870+0000] {processor.py:914} INFO - Processing file /opt/airflow/dags/gestion_airflow.py for tasks to queue
[2024-12-10T00:29:58.872+0000] {logging_mixin.py:190} INFO - [2024-12-10T00:29:58.872+0000] {dagbag.py:588} INFO - Filling up the DagBag from /opt/airflow/dags/gestion_airflow.py
[2024-12-10T00:29:59.414+0000] {processor.py:925} INFO - DAG(s) 'kafka_hive_pipeline_threaded' retrieved from /opt/airflow/dags/gestion_airflow.py
[2024-12-10T00:29:59.466+0000] {logging_mixin.py:190} INFO - [2024-12-10T00:29:59.465+0000] {dag.py:3239} INFO - Sync 1 DAGs
[2024-12-10T00:29:59.477+0000] {logging_mixin.py:190} INFO - [2024-12-10T00:29:59.477+0000] {dag.py:4180} INFO - Setting next_dagrun for kafka_hive_pipeline_threaded to None, run_after=None
[2024-12-10T00:29:59.528+0000] {processor.py:208} INFO - Processing /opt/airflow/dags/gestion_airflow.py took 0.664 seconds
[2024-12-10T00:30:29.830+0000] {processor.py:186} INFO - Started process (PID=435) to work on /opt/airflow/dags/gestion_airflow.py
[2024-12-10T00:30:29.831+0000] {processor.py:914} INFO - Processing file /opt/airflow/dags/gestion_airflow.py for tasks to queue
[2024-12-10T00:30:29.833+0000] {logging_mixin.py:190} INFO - [2024-12-10T00:30:29.833+0000] {dagbag.py:588} INFO - Filling up the DagBag from /opt/airflow/dags/gestion_airflow.py
[2024-12-10T00:30:30.286+0000] {processor.py:925} INFO - DAG(s) 'kafka_hive_pipeline_threaded' retrieved from /opt/airflow/dags/gestion_airflow.py
[2024-12-10T00:30:30.304+0000] {logging_mixin.py:190} INFO - [2024-12-10T00:30:30.304+0000] {dag.py:3239} INFO - Sync 1 DAGs
[2024-12-10T00:30:30.315+0000] {logging_mixin.py:190} INFO - [2024-12-10T00:30:30.314+0000] {dag.py:4180} INFO - Setting next_dagrun for kafka_hive_pipeline_threaded to None, run_after=None
[2024-12-10T00:30:30.362+0000] {processor.py:208} INFO - Processing /opt/airflow/dags/gestion_airflow.py took 0.538 seconds
[2024-12-10T00:31:00.673+0000] {processor.py:186} INFO - Started process (PID=442) to work on /opt/airflow/dags/gestion_airflow.py
[2024-12-10T00:31:00.674+0000] {processor.py:914} INFO - Processing file /opt/airflow/dags/gestion_airflow.py for tasks to queue
[2024-12-10T00:31:00.677+0000] {logging_mixin.py:190} INFO - [2024-12-10T00:31:00.676+0000] {dagbag.py:588} INFO - Filling up the DagBag from /opt/airflow/dags/gestion_airflow.py
[2024-12-10T00:31:01.153+0000] {processor.py:925} INFO - DAG(s) 'kafka_hive_pipeline_threaded' retrieved from /opt/airflow/dags/gestion_airflow.py
[2024-12-10T00:31:01.171+0000] {logging_mixin.py:190} INFO - [2024-12-10T00:31:01.170+0000] {dag.py:3239} INFO - Sync 1 DAGs
[2024-12-10T00:31:01.182+0000] {logging_mixin.py:190} INFO - [2024-12-10T00:31:01.181+0000] {dag.py:4180} INFO - Setting next_dagrun for kafka_hive_pipeline_threaded to None, run_after=None
[2024-12-10T00:31:01.226+0000] {processor.py:208} INFO - Processing /opt/airflow/dags/gestion_airflow.py took 0.559 seconds
[2024-12-10T00:31:31.547+0000] {processor.py:186} INFO - Started process (PID=449) to work on /opt/airflow/dags/gestion_airflow.py
[2024-12-10T00:31:31.550+0000] {processor.py:914} INFO - Processing file /opt/airflow/dags/gestion_airflow.py for tasks to queue
[2024-12-10T00:31:31.554+0000] {logging_mixin.py:190} INFO - [2024-12-10T00:31:31.553+0000] {dagbag.py:588} INFO - Filling up the DagBag from /opt/airflow/dags/gestion_airflow.py
[2024-12-10T00:31:32.065+0000] {processor.py:925} INFO - DAG(s) 'kafka_hive_pipeline_threaded' retrieved from /opt/airflow/dags/gestion_airflow.py
[2024-12-10T00:31:32.095+0000] {logging_mixin.py:190} INFO - [2024-12-10T00:31:32.094+0000] {dag.py:3239} INFO - Sync 1 DAGs
[2024-12-10T00:31:32.113+0000] {logging_mixin.py:190} INFO - [2024-12-10T00:31:32.112+0000] {dag.py:4180} INFO - Setting next_dagrun for kafka_hive_pipeline_threaded to None, run_after=None
[2024-12-10T00:31:32.180+0000] {processor.py:208} INFO - Processing /opt/airflow/dags/gestion_airflow.py took 0.638 seconds
