[2024-12-10T00:00:02.167+0000] {processor.py:186} INFO - Started process (PID=8219) to work on /opt/airflow/dags/kafka_to_hive_with_redis.py
[2024-12-10T00:00:02.168+0000] {processor.py:914} INFO - Processing file /opt/airflow/dags/kafka_to_hive_with_redis.py for tasks to queue
[2024-12-10T00:00:02.172+0000] {logging_mixin.py:190} INFO - [2024-12-10T00:00:02.171+0000] {dagbag.py:588} INFO - Filling up the DagBag from /opt/airflow/dags/kafka_to_hive_with_redis.py
[2024-12-10T00:00:02.265+0000] {processor.py:927} WARNING - No viable dags retrieved from /opt/airflow/dags/kafka_to_hive_with_redis.py
[2024-12-10T00:00:02.300+0000] {processor.py:208} INFO - Processing /opt/airflow/dags/kafka_to_hive_with_redis.py took 0.140 seconds
[2024-12-10T00:00:05.726+0000] {processor.py:186} INFO - Started process (PID=8222) to work on /opt/airflow/dags/kafka_to_hive_with_redis.py
[2024-12-10T00:00:05.727+0000] {processor.py:914} INFO - Processing file /opt/airflow/dags/kafka_to_hive_with_redis.py for tasks to queue
[2024-12-10T00:00:05.729+0000] {logging_mixin.py:190} INFO - [2024-12-10T00:00:05.728+0000] {dagbag.py:588} INFO - Filling up the DagBag from /opt/airflow/dags/kafka_to_hive_with_redis.py
[2024-12-10T00:00:05.811+0000] {processor.py:927} WARNING - No viable dags retrieved from /opt/airflow/dags/kafka_to_hive_with_redis.py
[2024-12-10T00:00:05.832+0000] {processor.py:208} INFO - Processing /opt/airflow/dags/kafka_to_hive_with_redis.py took 0.114 seconds
[2024-12-10T00:00:33.347+0000] {processor.py:186} INFO - Started process (PID=8233) to work on /opt/airflow/dags/kafka_to_hive_with_redis.py
[2024-12-10T00:00:33.348+0000] {processor.py:914} INFO - Processing file /opt/airflow/dags/kafka_to_hive_with_redis.py for tasks to queue
[2024-12-10T00:00:33.350+0000] {logging_mixin.py:190} INFO - [2024-12-10T00:00:33.349+0000] {dagbag.py:588} INFO - Filling up the DagBag from /opt/airflow/dags/kafka_to_hive_with_redis.py
[2024-12-10T00:00:33.452+0000] {processor.py:927} WARNING - No viable dags retrieved from /opt/airflow/dags/kafka_to_hive_with_redis.py
[2024-12-10T00:00:33.472+0000] {processor.py:208} INFO - Processing /opt/airflow/dags/kafka_to_hive_with_redis.py took 0.131 seconds
[2024-12-10T00:00:36.885+0000] {processor.py:186} INFO - Started process (PID=8236) to work on /opt/airflow/dags/kafka_to_hive_with_redis.py
[2024-12-10T00:00:36.886+0000] {processor.py:914} INFO - Processing file /opt/airflow/dags/kafka_to_hive_with_redis.py for tasks to queue
[2024-12-10T00:00:36.888+0000] {logging_mixin.py:190} INFO - [2024-12-10T00:00:36.887+0000] {dagbag.py:588} INFO - Filling up the DagBag from /opt/airflow/dags/kafka_to_hive_with_redis.py
[2024-12-10T00:00:36.952+0000] {processor.py:927} WARNING - No viable dags retrieved from /opt/airflow/dags/kafka_to_hive_with_redis.py
[2024-12-10T00:00:36.969+0000] {processor.py:208} INFO - Processing /opt/airflow/dags/kafka_to_hive_with_redis.py took 0.090 seconds
[2024-12-10T00:05:08.257+0000] {processor.py:186} INFO - Started process (PID=87) to work on /opt/airflow/dags/kafka_to_hive_with_redis.py
[2024-12-10T00:05:08.259+0000] {processor.py:914} INFO - Processing file /opt/airflow/dags/kafka_to_hive_with_redis.py for tasks to queue
[2024-12-10T00:05:08.265+0000] {logging_mixin.py:190} INFO - [2024-12-10T00:05:08.265+0000] {dagbag.py:588} INFO - Filling up the DagBag from /opt/airflow/dags/kafka_to_hive_with_redis.py
[2024-12-10T00:05:08.479+0000] {processor.py:927} WARNING - No viable dags retrieved from /opt/airflow/dags/kafka_to_hive_with_redis.py
[2024-12-10T00:05:08.540+0000] {processor.py:208} INFO - Processing /opt/airflow/dags/kafka_to_hive_with_redis.py took 0.295 seconds
[2024-12-10T00:05:41.288+0000] {processor.py:186} INFO - Started process (PID=105) to work on /opt/airflow/dags/kafka_to_hive_with_redis.py
[2024-12-10T00:05:41.290+0000] {processor.py:914} INFO - Processing file /opt/airflow/dags/kafka_to_hive_with_redis.py for tasks to queue
[2024-12-10T00:05:41.294+0000] {logging_mixin.py:190} INFO - [2024-12-10T00:05:41.294+0000] {dagbag.py:588} INFO - Filling up the DagBag from /opt/airflow/dags/kafka_to_hive_with_redis.py
[2024-12-10T00:05:41.502+0000] {processor.py:927} WARNING - No viable dags retrieved from /opt/airflow/dags/kafka_to_hive_with_redis.py
[2024-12-10T00:05:41.584+0000] {processor.py:208} INFO - Processing /opt/airflow/dags/kafka_to_hive_with_redis.py took 0.303 seconds
[2024-12-10T00:06:12.035+0000] {processor.py:186} INFO - Started process (PID=112) to work on /opt/airflow/dags/kafka_to_hive_with_redis.py
[2024-12-10T00:06:12.037+0000] {processor.py:914} INFO - Processing file /opt/airflow/dags/kafka_to_hive_with_redis.py for tasks to queue
[2024-12-10T00:06:12.041+0000] {logging_mixin.py:190} INFO - [2024-12-10T00:06:12.041+0000] {dagbag.py:588} INFO - Filling up the DagBag from /opt/airflow/dags/kafka_to_hive_with_redis.py
[2024-12-10T00:06:12.167+0000] {processor.py:927} WARNING - No viable dags retrieved from /opt/airflow/dags/kafka_to_hive_with_redis.py
[2024-12-10T00:06:12.211+0000] {processor.py:208} INFO - Processing /opt/airflow/dags/kafka_to_hive_with_redis.py took 0.181 seconds
[2024-12-10T00:06:45.959+0000] {processor.py:186} INFO - Started process (PID=119) to work on /opt/airflow/dags/kafka_to_hive_with_redis.py
[2024-12-10T00:06:45.961+0000] {processor.py:914} INFO - Processing file /opt/airflow/dags/kafka_to_hive_with_redis.py for tasks to queue
[2024-12-10T00:06:45.965+0000] {logging_mixin.py:190} INFO - [2024-12-10T00:06:45.964+0000] {dagbag.py:588} INFO - Filling up the DagBag from /opt/airflow/dags/kafka_to_hive_with_redis.py
[2024-12-10T00:06:46.099+0000] {processor.py:927} WARNING - No viable dags retrieved from /opt/airflow/dags/kafka_to_hive_with_redis.py
[2024-12-10T00:06:46.138+0000] {processor.py:208} INFO - Processing /opt/airflow/dags/kafka_to_hive_with_redis.py took 0.186 seconds
[2024-12-10T00:07:16.960+0000] {processor.py:186} INFO - Started process (PID=126) to work on /opt/airflow/dags/kafka_to_hive_with_redis.py
[2024-12-10T00:07:16.962+0000] {processor.py:914} INFO - Processing file /opt/airflow/dags/kafka_to_hive_with_redis.py for tasks to queue
[2024-12-10T00:07:16.965+0000] {logging_mixin.py:190} INFO - [2024-12-10T00:07:16.965+0000] {dagbag.py:588} INFO - Filling up the DagBag from /opt/airflow/dags/kafka_to_hive_with_redis.py
[2024-12-10T00:07:17.112+0000] {processor.py:927} WARNING - No viable dags retrieved from /opt/airflow/dags/kafka_to_hive_with_redis.py
[2024-12-10T00:07:17.157+0000] {processor.py:208} INFO - Processing /opt/airflow/dags/kafka_to_hive_with_redis.py took 0.206 seconds
[2024-12-10T00:07:47.895+0000] {processor.py:186} INFO - Started process (PID=133) to work on /opt/airflow/dags/kafka_to_hive_with_redis.py
[2024-12-10T00:07:47.897+0000] {processor.py:914} INFO - Processing file /opt/airflow/dags/kafka_to_hive_with_redis.py for tasks to queue
[2024-12-10T00:07:47.900+0000] {logging_mixin.py:190} INFO - [2024-12-10T00:07:47.900+0000] {dagbag.py:588} INFO - Filling up the DagBag from /opt/airflow/dags/kafka_to_hive_with_redis.py
[2024-12-10T00:07:47.999+0000] {processor.py:927} WARNING - No viable dags retrieved from /opt/airflow/dags/kafka_to_hive_with_redis.py
[2024-12-10T00:07:48.020+0000] {processor.py:208} INFO - Processing /opt/airflow/dags/kafka_to_hive_with_redis.py took 0.130 seconds
[2024-12-10T00:08:18.617+0000] {processor.py:186} INFO - Started process (PID=140) to work on /opt/airflow/dags/kafka_to_hive_with_redis.py
[2024-12-10T00:08:18.619+0000] {processor.py:914} INFO - Processing file /opt/airflow/dags/kafka_to_hive_with_redis.py for tasks to queue
[2024-12-10T00:08:18.622+0000] {logging_mixin.py:190} INFO - [2024-12-10T00:08:18.621+0000] {dagbag.py:588} INFO - Filling up the DagBag from /opt/airflow/dags/kafka_to_hive_with_redis.py
[2024-12-10T00:08:18.712+0000] {processor.py:927} WARNING - No viable dags retrieved from /opt/airflow/dags/kafka_to_hive_with_redis.py
[2024-12-10T00:08:18.868+0000] {processor.py:208} INFO - Processing /opt/airflow/dags/kafka_to_hive_with_redis.py took 0.256 seconds
[2024-12-10T00:08:49.682+0000] {processor.py:186} INFO - Started process (PID=147) to work on /opt/airflow/dags/kafka_to_hive_with_redis.py
[2024-12-10T00:08:49.683+0000] {processor.py:914} INFO - Processing file /opt/airflow/dags/kafka_to_hive_with_redis.py for tasks to queue
[2024-12-10T00:08:49.685+0000] {logging_mixin.py:190} INFO - [2024-12-10T00:08:49.685+0000] {dagbag.py:588} INFO - Filling up the DagBag from /opt/airflow/dags/kafka_to_hive_with_redis.py
[2024-12-10T00:08:49.775+0000] {processor.py:927} WARNING - No viable dags retrieved from /opt/airflow/dags/kafka_to_hive_with_redis.py
[2024-12-10T00:08:49.915+0000] {processor.py:208} INFO - Processing /opt/airflow/dags/kafka_to_hive_with_redis.py took 0.238 seconds
[2024-12-10T00:09:20.545+0000] {processor.py:186} INFO - Started process (PID=154) to work on /opt/airflow/dags/kafka_to_hive_with_redis.py
[2024-12-10T00:09:20.547+0000] {processor.py:914} INFO - Processing file /opt/airflow/dags/kafka_to_hive_with_redis.py for tasks to queue
[2024-12-10T00:09:20.551+0000] {logging_mixin.py:190} INFO - [2024-12-10T00:09:20.550+0000] {dagbag.py:588} INFO - Filling up the DagBag from /opt/airflow/dags/kafka_to_hive_with_redis.py
[2024-12-10T00:09:20.683+0000] {processor.py:927} WARNING - No viable dags retrieved from /opt/airflow/dags/kafka_to_hive_with_redis.py
[2024-12-10T00:09:20.708+0000] {processor.py:208} INFO - Processing /opt/airflow/dags/kafka_to_hive_with_redis.py took 0.172 seconds
[2024-12-10T00:09:51.504+0000] {processor.py:186} INFO - Started process (PID=161) to work on /opt/airflow/dags/kafka_to_hive_with_redis.py
[2024-12-10T00:09:51.505+0000] {processor.py:914} INFO - Processing file /opt/airflow/dags/kafka_to_hive_with_redis.py for tasks to queue
[2024-12-10T00:09:51.508+0000] {logging_mixin.py:190} INFO - [2024-12-10T00:09:51.508+0000] {dagbag.py:588} INFO - Filling up the DagBag from /opt/airflow/dags/kafka_to_hive_with_redis.py
[2024-12-10T00:09:51.609+0000] {processor.py:927} WARNING - No viable dags retrieved from /opt/airflow/dags/kafka_to_hive_with_redis.py
[2024-12-10T00:09:51.637+0000] {processor.py:208} INFO - Processing /opt/airflow/dags/kafka_to_hive_with_redis.py took 0.141 seconds
[2024-12-10T00:10:22.413+0000] {processor.py:186} INFO - Started process (PID=168) to work on /opt/airflow/dags/kafka_to_hive_with_redis.py
[2024-12-10T00:10:22.414+0000] {processor.py:914} INFO - Processing file /opt/airflow/dags/kafka_to_hive_with_redis.py for tasks to queue
[2024-12-10T00:10:22.417+0000] {logging_mixin.py:190} INFO - [2024-12-10T00:10:22.416+0000] {dagbag.py:588} INFO - Filling up the DagBag from /opt/airflow/dags/kafka_to_hive_with_redis.py
[2024-12-10T00:10:22.502+0000] {processor.py:927} WARNING - No viable dags retrieved from /opt/airflow/dags/kafka_to_hive_with_redis.py
[2024-12-10T00:10:22.667+0000] {processor.py:208} INFO - Processing /opt/airflow/dags/kafka_to_hive_with_redis.py took 0.261 seconds
[2024-12-10T00:10:53.464+0000] {processor.py:186} INFO - Started process (PID=175) to work on /opt/airflow/dags/kafka_to_hive_with_redis.py
[2024-12-10T00:10:53.465+0000] {processor.py:914} INFO - Processing file /opt/airflow/dags/kafka_to_hive_with_redis.py for tasks to queue
[2024-12-10T00:10:53.468+0000] {logging_mixin.py:190} INFO - [2024-12-10T00:10:53.467+0000] {dagbag.py:588} INFO - Filling up the DagBag from /opt/airflow/dags/kafka_to_hive_with_redis.py
[2024-12-10T00:10:53.546+0000] {processor.py:927} WARNING - No viable dags retrieved from /opt/airflow/dags/kafka_to_hive_with_redis.py
[2024-12-10T00:10:53.567+0000] {processor.py:208} INFO - Processing /opt/airflow/dags/kafka_to_hive_with_redis.py took 0.109 seconds
[2024-12-10T00:11:25.280+0000] {processor.py:186} INFO - Started process (PID=182) to work on /opt/airflow/dags/kafka_to_hive_with_redis.py
[2024-12-10T00:11:25.282+0000] {processor.py:914} INFO - Processing file /opt/airflow/dags/kafka_to_hive_with_redis.py for tasks to queue
[2024-12-10T00:11:25.285+0000] {logging_mixin.py:190} INFO - [2024-12-10T00:11:25.285+0000] {dagbag.py:588} INFO - Filling up the DagBag from /opt/airflow/dags/kafka_to_hive_with_redis.py
[2024-12-10T00:11:25.378+0000] {processor.py:927} WARNING - No viable dags retrieved from /opt/airflow/dags/kafka_to_hive_with_redis.py
[2024-12-10T00:11:25.406+0000] {processor.py:208} INFO - Processing /opt/airflow/dags/kafka_to_hive_with_redis.py took 0.131 seconds
[2024-12-10T00:11:56.765+0000] {processor.py:186} INFO - Started process (PID=189) to work on /opt/airflow/dags/kafka_to_hive_with_redis.py
[2024-12-10T00:11:56.766+0000] {processor.py:914} INFO - Processing file /opt/airflow/dags/kafka_to_hive_with_redis.py for tasks to queue
[2024-12-10T00:11:56.769+0000] {logging_mixin.py:190} INFO - [2024-12-10T00:11:56.769+0000] {dagbag.py:588} INFO - Filling up the DagBag from /opt/airflow/dags/kafka_to_hive_with_redis.py
[2024-12-10T00:11:56.862+0000] {processor.py:927} WARNING - No viable dags retrieved from /opt/airflow/dags/kafka_to_hive_with_redis.py
[2024-12-10T00:11:56.882+0000] {processor.py:208} INFO - Processing /opt/airflow/dags/kafka_to_hive_with_redis.py took 0.124 seconds
[2024-12-10T00:12:27.999+0000] {processor.py:186} INFO - Started process (PID=196) to work on /opt/airflow/dags/kafka_to_hive_with_redis.py
[2024-12-10T00:12:28.001+0000] {processor.py:914} INFO - Processing file /opt/airflow/dags/kafka_to_hive_with_redis.py for tasks to queue
[2024-12-10T00:12:28.004+0000] {logging_mixin.py:190} INFO - [2024-12-10T00:12:28.003+0000] {dagbag.py:588} INFO - Filling up the DagBag from /opt/airflow/dags/kafka_to_hive_with_redis.py
[2024-12-10T00:12:28.102+0000] {processor.py:927} WARNING - No viable dags retrieved from /opt/airflow/dags/kafka_to_hive_with_redis.py
[2024-12-10T00:12:28.269+0000] {processor.py:208} INFO - Processing /opt/airflow/dags/kafka_to_hive_with_redis.py took 0.275 seconds
[2024-12-10T00:12:58.606+0000] {processor.py:186} INFO - Started process (PID=203) to work on /opt/airflow/dags/kafka_to_hive_with_redis.py
[2024-12-10T00:12:58.608+0000] {processor.py:914} INFO - Processing file /opt/airflow/dags/kafka_to_hive_with_redis.py for tasks to queue
[2024-12-10T00:12:58.611+0000] {logging_mixin.py:190} INFO - [2024-12-10T00:12:58.610+0000] {dagbag.py:588} INFO - Filling up the DagBag from /opt/airflow/dags/kafka_to_hive_with_redis.py
[2024-12-10T00:12:58.714+0000] {processor.py:927} WARNING - No viable dags retrieved from /opt/airflow/dags/kafka_to_hive_with_redis.py
[2024-12-10T00:12:58.745+0000] {processor.py:208} INFO - Processing /opt/airflow/dags/kafka_to_hive_with_redis.py took 0.146 seconds
[2024-12-10T00:13:29.265+0000] {processor.py:186} INFO - Started process (PID=210) to work on /opt/airflow/dags/kafka_to_hive_with_redis.py
[2024-12-10T00:13:29.266+0000] {processor.py:914} INFO - Processing file /opt/airflow/dags/kafka_to_hive_with_redis.py for tasks to queue
[2024-12-10T00:13:29.269+0000] {logging_mixin.py:190} INFO - [2024-12-10T00:13:29.269+0000] {dagbag.py:588} INFO - Filling up the DagBag from /opt/airflow/dags/kafka_to_hive_with_redis.py
[2024-12-10T00:13:29.350+0000] {processor.py:927} WARNING - No viable dags retrieved from /opt/airflow/dags/kafka_to_hive_with_redis.py
[2024-12-10T00:13:29.378+0000] {processor.py:208} INFO - Processing /opt/airflow/dags/kafka_to_hive_with_redis.py took 0.119 seconds
[2024-12-10T00:14:00.766+0000] {processor.py:186} INFO - Started process (PID=217) to work on /opt/airflow/dags/kafka_to_hive_with_redis.py
[2024-12-10T00:14:00.767+0000] {processor.py:914} INFO - Processing file /opt/airflow/dags/kafka_to_hive_with_redis.py for tasks to queue
[2024-12-10T00:14:00.770+0000] {logging_mixin.py:190} INFO - [2024-12-10T00:14:00.769+0000] {dagbag.py:588} INFO - Filling up the DagBag from /opt/airflow/dags/kafka_to_hive_with_redis.py
[2024-12-10T00:14:00.855+0000] {processor.py:927} WARNING - No viable dags retrieved from /opt/airflow/dags/kafka_to_hive_with_redis.py
[2024-12-10T00:14:00.885+0000] {processor.py:208} INFO - Processing /opt/airflow/dags/kafka_to_hive_with_redis.py took 0.126 seconds
[2024-12-10T00:14:32.559+0000] {processor.py:186} INFO - Started process (PID=224) to work on /opt/airflow/dags/kafka_to_hive_with_redis.py
[2024-12-10T00:14:32.561+0000] {processor.py:914} INFO - Processing file /opt/airflow/dags/kafka_to_hive_with_redis.py for tasks to queue
[2024-12-10T00:14:32.564+0000] {logging_mixin.py:190} INFO - [2024-12-10T00:14:32.564+0000] {dagbag.py:588} INFO - Filling up the DagBag from /opt/airflow/dags/kafka_to_hive_with_redis.py
[2024-12-10T00:14:32.653+0000] {processor.py:927} WARNING - No viable dags retrieved from /opt/airflow/dags/kafka_to_hive_with_redis.py
[2024-12-10T00:14:32.814+0000] {processor.py:208} INFO - Processing /opt/airflow/dags/kafka_to_hive_with_redis.py took 0.260 seconds
[2024-12-10T00:15:03.709+0000] {processor.py:186} INFO - Started process (PID=231) to work on /opt/airflow/dags/kafka_to_hive_with_redis.py
[2024-12-10T00:15:03.710+0000] {processor.py:914} INFO - Processing file /opt/airflow/dags/kafka_to_hive_with_redis.py for tasks to queue
[2024-12-10T00:15:03.714+0000] {logging_mixin.py:190} INFO - [2024-12-10T00:15:03.713+0000] {dagbag.py:588} INFO - Filling up the DagBag from /opt/airflow/dags/kafka_to_hive_with_redis.py
[2024-12-10T00:15:03.966+0000] {processor.py:927} WARNING - No viable dags retrieved from /opt/airflow/dags/kafka_to_hive_with_redis.py
[2024-12-10T00:15:04.002+0000] {processor.py:208} INFO - Processing /opt/airflow/dags/kafka_to_hive_with_redis.py took 0.300 seconds
[2024-12-10T00:15:35.037+0000] {processor.py:186} INFO - Started process (PID=238) to work on /opt/airflow/dags/kafka_to_hive_with_redis.py
[2024-12-10T00:15:35.038+0000] {processor.py:914} INFO - Processing file /opt/airflow/dags/kafka_to_hive_with_redis.py for tasks to queue
[2024-12-10T00:15:35.041+0000] {logging_mixin.py:190} INFO - [2024-12-10T00:15:35.040+0000] {dagbag.py:588} INFO - Filling up the DagBag from /opt/airflow/dags/kafka_to_hive_with_redis.py
[2024-12-10T00:15:35.135+0000] {processor.py:927} WARNING - No viable dags retrieved from /opt/airflow/dags/kafka_to_hive_with_redis.py
[2024-12-10T00:15:35.152+0000] {processor.py:208} INFO - Processing /opt/airflow/dags/kafka_to_hive_with_redis.py took 0.121 seconds
[2024-12-10T00:16:06.536+0000] {processor.py:186} INFO - Started process (PID=245) to work on /opt/airflow/dags/kafka_to_hive_with_redis.py
[2024-12-10T00:16:06.538+0000] {processor.py:914} INFO - Processing file /opt/airflow/dags/kafka_to_hive_with_redis.py for tasks to queue
[2024-12-10T00:16:06.541+0000] {logging_mixin.py:190} INFO - [2024-12-10T00:16:06.541+0000] {dagbag.py:588} INFO - Filling up the DagBag from /opt/airflow/dags/kafka_to_hive_with_redis.py
[2024-12-10T00:16:06.631+0000] {processor.py:927} WARNING - No viable dags retrieved from /opt/airflow/dags/kafka_to_hive_with_redis.py
[2024-12-10T00:16:06.674+0000] {processor.py:208} INFO - Processing /opt/airflow/dags/kafka_to_hive_with_redis.py took 0.143 seconds
[2024-12-10T00:16:37.877+0000] {processor.py:186} INFO - Started process (PID=252) to work on /opt/airflow/dags/kafka_to_hive_with_redis.py
[2024-12-10T00:16:37.879+0000] {processor.py:914} INFO - Processing file /opt/airflow/dags/kafka_to_hive_with_redis.py for tasks to queue
[2024-12-10T00:16:37.883+0000] {logging_mixin.py:190} INFO - [2024-12-10T00:16:37.883+0000] {dagbag.py:588} INFO - Filling up the DagBag from /opt/airflow/dags/kafka_to_hive_with_redis.py
[2024-12-10T00:16:37.998+0000] {processor.py:927} WARNING - No viable dags retrieved from /opt/airflow/dags/kafka_to_hive_with_redis.py
[2024-12-10T00:16:38.155+0000] {processor.py:208} INFO - Processing /opt/airflow/dags/kafka_to_hive_with_redis.py took 0.286 seconds
[2024-12-10T00:17:09.134+0000] {processor.py:186} INFO - Started process (PID=259) to work on /opt/airflow/dags/kafka_to_hive_with_redis.py
[2024-12-10T00:17:09.135+0000] {processor.py:914} INFO - Processing file /opt/airflow/dags/kafka_to_hive_with_redis.py for tasks to queue
[2024-12-10T00:17:09.138+0000] {logging_mixin.py:190} INFO - [2024-12-10T00:17:09.138+0000] {dagbag.py:588} INFO - Filling up the DagBag from /opt/airflow/dags/kafka_to_hive_with_redis.py
[2024-12-10T00:17:09.365+0000] {processor.py:927} WARNING - No viable dags retrieved from /opt/airflow/dags/kafka_to_hive_with_redis.py
[2024-12-10T00:17:09.396+0000] {processor.py:208} INFO - Processing /opt/airflow/dags/kafka_to_hive_with_redis.py took 0.268 seconds
[2024-12-10T00:17:40.489+0000] {processor.py:186} INFO - Started process (PID=266) to work on /opt/airflow/dags/kafka_to_hive_with_redis.py
[2024-12-10T00:17:40.490+0000] {processor.py:914} INFO - Processing file /opt/airflow/dags/kafka_to_hive_with_redis.py for tasks to queue
[2024-12-10T00:17:40.493+0000] {logging_mixin.py:190} INFO - [2024-12-10T00:17:40.492+0000] {dagbag.py:588} INFO - Filling up the DagBag from /opt/airflow/dags/kafka_to_hive_with_redis.py
[2024-12-10T00:17:40.579+0000] {processor.py:927} WARNING - No viable dags retrieved from /opt/airflow/dags/kafka_to_hive_with_redis.py
[2024-12-10T00:17:40.607+0000] {processor.py:208} INFO - Processing /opt/airflow/dags/kafka_to_hive_with_redis.py took 0.125 seconds
[2024-12-10T00:18:11.781+0000] {processor.py:186} INFO - Started process (PID=273) to work on /opt/airflow/dags/kafka_to_hive_with_redis.py
[2024-12-10T00:18:11.782+0000] {processor.py:914} INFO - Processing file /opt/airflow/dags/kafka_to_hive_with_redis.py for tasks to queue
[2024-12-10T00:18:11.785+0000] {logging_mixin.py:190} INFO - [2024-12-10T00:18:11.785+0000] {dagbag.py:588} INFO - Filling up the DagBag from /opt/airflow/dags/kafka_to_hive_with_redis.py
[2024-12-10T00:18:11.869+0000] {processor.py:927} WARNING - No viable dags retrieved from /opt/airflow/dags/kafka_to_hive_with_redis.py
[2024-12-10T00:18:11.894+0000] {processor.py:208} INFO - Processing /opt/airflow/dags/kafka_to_hive_with_redis.py took 0.119 seconds
[2024-12-10T00:18:43.100+0000] {processor.py:186} INFO - Started process (PID=280) to work on /opt/airflow/dags/kafka_to_hive_with_redis.py
[2024-12-10T00:18:43.101+0000] {processor.py:914} INFO - Processing file /opt/airflow/dags/kafka_to_hive_with_redis.py for tasks to queue
[2024-12-10T00:18:43.104+0000] {logging_mixin.py:190} INFO - [2024-12-10T00:18:43.104+0000] {dagbag.py:588} INFO - Filling up the DagBag from /opt/airflow/dags/kafka_to_hive_with_redis.py
[2024-12-10T00:18:43.199+0000] {processor.py:927} WARNING - No viable dags retrieved from /opt/airflow/dags/kafka_to_hive_with_redis.py
[2024-12-10T00:18:43.351+0000] {processor.py:208} INFO - Processing /opt/airflow/dags/kafka_to_hive_with_redis.py took 0.257 seconds
[2024-12-10T00:19:14.241+0000] {processor.py:186} INFO - Started process (PID=287) to work on /opt/airflow/dags/kafka_to_hive_with_redis.py
[2024-12-10T00:19:14.242+0000] {processor.py:914} INFO - Processing file /opt/airflow/dags/kafka_to_hive_with_redis.py for tasks to queue
[2024-12-10T00:19:14.246+0000] {logging_mixin.py:190} INFO - [2024-12-10T00:19:14.245+0000] {dagbag.py:588} INFO - Filling up the DagBag from /opt/airflow/dags/kafka_to_hive_with_redis.py
[2024-12-10T00:19:14.510+0000] {processor.py:927} WARNING - No viable dags retrieved from /opt/airflow/dags/kafka_to_hive_with_redis.py
[2024-12-10T00:19:14.547+0000] {processor.py:208} INFO - Processing /opt/airflow/dags/kafka_to_hive_with_redis.py took 0.312 seconds
[2024-12-10T00:19:45.733+0000] {processor.py:186} INFO - Started process (PID=294) to work on /opt/airflow/dags/kafka_to_hive_with_redis.py
[2024-12-10T00:19:45.734+0000] {processor.py:914} INFO - Processing file /opt/airflow/dags/kafka_to_hive_with_redis.py for tasks to queue
[2024-12-10T00:19:45.737+0000] {logging_mixin.py:190} INFO - [2024-12-10T00:19:45.737+0000] {dagbag.py:588} INFO - Filling up the DagBag from /opt/airflow/dags/kafka_to_hive_with_redis.py
[2024-12-10T00:19:45.864+0000] {processor.py:927} WARNING - No viable dags retrieved from /opt/airflow/dags/kafka_to_hive_with_redis.py
[2024-12-10T00:19:45.893+0000] {processor.py:208} INFO - Processing /opt/airflow/dags/kafka_to_hive_with_redis.py took 0.167 seconds
[2024-12-10T00:20:17.245+0000] {processor.py:186} INFO - Started process (PID=301) to work on /opt/airflow/dags/kafka_to_hive_with_redis.py
[2024-12-10T00:20:17.246+0000] {processor.py:914} INFO - Processing file /opt/airflow/dags/kafka_to_hive_with_redis.py for tasks to queue
[2024-12-10T00:20:17.250+0000] {logging_mixin.py:190} INFO - [2024-12-10T00:20:17.249+0000] {dagbag.py:588} INFO - Filling up the DagBag from /opt/airflow/dags/kafka_to_hive_with_redis.py
[2024-12-10T00:20:17.366+0000] {processor.py:927} WARNING - No viable dags retrieved from /opt/airflow/dags/kafka_to_hive_with_redis.py
[2024-12-10T00:20:17.401+0000] {processor.py:208} INFO - Processing /opt/airflow/dags/kafka_to_hive_with_redis.py took 0.163 seconds
[2024-12-10T00:20:48.341+0000] {processor.py:186} INFO - Started process (PID=308) to work on /opt/airflow/dags/kafka_to_hive_with_redis.py
[2024-12-10T00:20:48.343+0000] {processor.py:914} INFO - Processing file /opt/airflow/dags/kafka_to_hive_with_redis.py for tasks to queue
[2024-12-10T00:20:48.346+0000] {logging_mixin.py:190} INFO - [2024-12-10T00:20:48.345+0000] {dagbag.py:588} INFO - Filling up the DagBag from /opt/airflow/dags/kafka_to_hive_with_redis.py
[2024-12-10T00:20:48.454+0000] {processor.py:927} WARNING - No viable dags retrieved from /opt/airflow/dags/kafka_to_hive_with_redis.py
[2024-12-10T00:20:48.480+0000] {processor.py:208} INFO - Processing /opt/airflow/dags/kafka_to_hive_with_redis.py took 0.147 seconds
[2024-12-10T00:21:19.841+0000] {processor.py:186} INFO - Started process (PID=315) to work on /opt/airflow/dags/kafka_to_hive_with_redis.py
[2024-12-10T00:21:19.842+0000] {processor.py:914} INFO - Processing file /opt/airflow/dags/kafka_to_hive_with_redis.py for tasks to queue
[2024-12-10T00:21:19.846+0000] {logging_mixin.py:190} INFO - [2024-12-10T00:21:19.845+0000] {dagbag.py:588} INFO - Filling up the DagBag from /opt/airflow/dags/kafka_to_hive_with_redis.py
[2024-12-10T00:21:20.065+0000] {processor.py:927} WARNING - No viable dags retrieved from /opt/airflow/dags/kafka_to_hive_with_redis.py
[2024-12-10T00:21:20.086+0000] {processor.py:208} INFO - Processing /opt/airflow/dags/kafka_to_hive_with_redis.py took 0.251 seconds
[2024-12-10T00:21:51.171+0000] {processor.py:186} INFO - Started process (PID=322) to work on /opt/airflow/dags/kafka_to_hive_with_redis.py
[2024-12-10T00:21:51.173+0000] {processor.py:914} INFO - Processing file /opt/airflow/dags/kafka_to_hive_with_redis.py for tasks to queue
[2024-12-10T00:21:51.176+0000] {logging_mixin.py:190} INFO - [2024-12-10T00:21:51.175+0000] {dagbag.py:588} INFO - Filling up the DagBag from /opt/airflow/dags/kafka_to_hive_with_redis.py
[2024-12-10T00:21:51.258+0000] {processor.py:927} WARNING - No viable dags retrieved from /opt/airflow/dags/kafka_to_hive_with_redis.py
[2024-12-10T00:21:51.280+0000] {processor.py:208} INFO - Processing /opt/airflow/dags/kafka_to_hive_with_redis.py took 0.115 seconds
[2024-12-10T00:22:22.442+0000] {processor.py:186} INFO - Started process (PID=329) to work on /opt/airflow/dags/kafka_to_hive_with_redis.py
[2024-12-10T00:22:22.443+0000] {processor.py:914} INFO - Processing file /opt/airflow/dags/kafka_to_hive_with_redis.py for tasks to queue
[2024-12-10T00:22:22.446+0000] {logging_mixin.py:190} INFO - [2024-12-10T00:22:22.445+0000] {dagbag.py:588} INFO - Filling up the DagBag from /opt/airflow/dags/kafka_to_hive_with_redis.py
[2024-12-10T00:22:22.542+0000] {processor.py:927} WARNING - No viable dags retrieved from /opt/airflow/dags/kafka_to_hive_with_redis.py
[2024-12-10T00:22:22.567+0000] {processor.py:208} INFO - Processing /opt/airflow/dags/kafka_to_hive_with_redis.py took 0.131 seconds
[2024-12-10T00:22:54.352+0000] {processor.py:186} INFO - Started process (PID=336) to work on /opt/airflow/dags/kafka_to_hive_with_redis.py
[2024-12-10T00:22:54.353+0000] {processor.py:914} INFO - Processing file /opt/airflow/dags/kafka_to_hive_with_redis.py for tasks to queue
[2024-12-10T00:22:54.356+0000] {logging_mixin.py:190} INFO - [2024-12-10T00:22:54.356+0000] {dagbag.py:588} INFO - Filling up the DagBag from /opt/airflow/dags/kafka_to_hive_with_redis.py
[2024-12-10T00:22:54.459+0000] {processor.py:927} WARNING - No viable dags retrieved from /opt/airflow/dags/kafka_to_hive_with_redis.py
[2024-12-10T00:22:54.494+0000] {processor.py:208} INFO - Processing /opt/airflow/dags/kafka_to_hive_with_redis.py took 0.148 seconds
[2024-12-10T00:23:25.815+0000] {processor.py:186} INFO - Started process (PID=343) to work on /opt/airflow/dags/kafka_to_hive_with_redis.py
[2024-12-10T00:23:25.827+0000] {processor.py:914} INFO - Processing file /opt/airflow/dags/kafka_to_hive_with_redis.py for tasks to queue
[2024-12-10T00:23:25.830+0000] {logging_mixin.py:190} INFO - [2024-12-10T00:23:25.830+0000] {dagbag.py:588} INFO - Filling up the DagBag from /opt/airflow/dags/kafka_to_hive_with_redis.py
[2024-12-10T00:23:26.067+0000] {processor.py:927} WARNING - No viable dags retrieved from /opt/airflow/dags/kafka_to_hive_with_redis.py
[2024-12-10T00:23:26.098+0000] {processor.py:208} INFO - Processing /opt/airflow/dags/kafka_to_hive_with_redis.py took 0.288 seconds
[2024-12-10T00:23:57.343+0000] {processor.py:186} INFO - Started process (PID=350) to work on /opt/airflow/dags/kafka_to_hive_with_redis.py
[2024-12-10T00:23:57.345+0000] {processor.py:914} INFO - Processing file /opt/airflow/dags/kafka_to_hive_with_redis.py for tasks to queue
[2024-12-10T00:23:57.350+0000] {logging_mixin.py:190} INFO - [2024-12-10T00:23:57.349+0000] {dagbag.py:588} INFO - Filling up the DagBag from /opt/airflow/dags/kafka_to_hive_with_redis.py
[2024-12-10T00:23:57.541+0000] {processor.py:927} WARNING - No viable dags retrieved from /opt/airflow/dags/kafka_to_hive_with_redis.py
[2024-12-10T00:23:57.580+0000] {processor.py:208} INFO - Processing /opt/airflow/dags/kafka_to_hive_with_redis.py took 0.251 seconds
[2024-12-10T00:24:28.173+0000] {processor.py:186} INFO - Started process (PID=357) to work on /opt/airflow/dags/kafka_to_hive_with_redis.py
[2024-12-10T00:24:28.175+0000] {processor.py:914} INFO - Processing file /opt/airflow/dags/kafka_to_hive_with_redis.py for tasks to queue
[2024-12-10T00:24:28.177+0000] {logging_mixin.py:190} INFO - [2024-12-10T00:24:28.177+0000] {dagbag.py:588} INFO - Filling up the DagBag from /opt/airflow/dags/kafka_to_hive_with_redis.py
[2024-12-10T00:24:28.297+0000] {processor.py:927} WARNING - No viable dags retrieved from /opt/airflow/dags/kafka_to_hive_with_redis.py
[2024-12-10T00:24:28.327+0000] {processor.py:208} INFO - Processing /opt/airflow/dags/kafka_to_hive_with_redis.py took 0.161 seconds
[2024-12-10T00:24:59.033+0000] {processor.py:186} INFO - Started process (PID=364) to work on /opt/airflow/dags/kafka_to_hive_with_redis.py
[2024-12-10T00:24:59.035+0000] {processor.py:914} INFO - Processing file /opt/airflow/dags/kafka_to_hive_with_redis.py for tasks to queue
[2024-12-10T00:24:59.038+0000] {logging_mixin.py:190} INFO - [2024-12-10T00:24:59.038+0000] {dagbag.py:588} INFO - Filling up the DagBag from /opt/airflow/dags/kafka_to_hive_with_redis.py
[2024-12-10T00:24:59.115+0000] {processor.py:927} WARNING - No viable dags retrieved from /opt/airflow/dags/kafka_to_hive_with_redis.py
[2024-12-10T00:24:59.139+0000] {processor.py:208} INFO - Processing /opt/airflow/dags/kafka_to_hive_with_redis.py took 0.111 seconds
[2024-12-10T00:25:29.837+0000] {processor.py:186} INFO - Started process (PID=371) to work on /opt/airflow/dags/kafka_to_hive_with_redis.py
[2024-12-10T00:25:29.838+0000] {processor.py:914} INFO - Processing file /opt/airflow/dags/kafka_to_hive_with_redis.py for tasks to queue
[2024-12-10T00:25:29.840+0000] {logging_mixin.py:190} INFO - [2024-12-10T00:25:29.840+0000] {dagbag.py:588} INFO - Filling up the DagBag from /opt/airflow/dags/kafka_to_hive_with_redis.py
[2024-12-10T00:25:30.022+0000] {processor.py:927} WARNING - No viable dags retrieved from /opt/airflow/dags/kafka_to_hive_with_redis.py
[2024-12-10T00:25:30.039+0000] {processor.py:208} INFO - Processing /opt/airflow/dags/kafka_to_hive_with_redis.py took 0.206 seconds
[2024-12-10T00:26:00.733+0000] {processor.py:186} INFO - Started process (PID=378) to work on /opt/airflow/dags/kafka_to_hive_with_redis.py
[2024-12-10T00:26:00.734+0000] {processor.py:914} INFO - Processing file /opt/airflow/dags/kafka_to_hive_with_redis.py for tasks to queue
[2024-12-10T00:26:00.737+0000] {logging_mixin.py:190} INFO - [2024-12-10T00:26:00.737+0000] {dagbag.py:588} INFO - Filling up the DagBag from /opt/airflow/dags/kafka_to_hive_with_redis.py
[2024-12-10T00:26:00.803+0000] {processor.py:927} WARNING - No viable dags retrieved from /opt/airflow/dags/kafka_to_hive_with_redis.py
[2024-12-10T00:26:00.818+0000] {processor.py:208} INFO - Processing /opt/airflow/dags/kafka_to_hive_with_redis.py took 0.089 seconds
[2024-12-10T00:26:31.631+0000] {processor.py:186} INFO - Started process (PID=385) to work on /opt/airflow/dags/kafka_to_hive_with_redis.py
[2024-12-10T00:26:31.632+0000] {processor.py:914} INFO - Processing file /opt/airflow/dags/kafka_to_hive_with_redis.py for tasks to queue
[2024-12-10T00:26:31.634+0000] {logging_mixin.py:190} INFO - [2024-12-10T00:26:31.634+0000] {dagbag.py:588} INFO - Filling up the DagBag from /opt/airflow/dags/kafka_to_hive_with_redis.py
[2024-12-10T00:26:31.712+0000] {processor.py:927} WARNING - No viable dags retrieved from /opt/airflow/dags/kafka_to_hive_with_redis.py
[2024-12-10T00:26:31.739+0000] {processor.py:208} INFO - Processing /opt/airflow/dags/kafka_to_hive_with_redis.py took 0.113 seconds
[2024-12-10T00:27:02.752+0000] {processor.py:186} INFO - Started process (PID=392) to work on /opt/airflow/dags/kafka_to_hive_with_redis.py
[2024-12-10T00:27:02.753+0000] {processor.py:914} INFO - Processing file /opt/airflow/dags/kafka_to_hive_with_redis.py for tasks to queue
[2024-12-10T00:27:02.755+0000] {logging_mixin.py:190} INFO - [2024-12-10T00:27:02.755+0000] {dagbag.py:588} INFO - Filling up the DagBag from /opt/airflow/dags/kafka_to_hive_with_redis.py
[2024-12-10T00:27:02.826+0000] {processor.py:927} WARNING - No viable dags retrieved from /opt/airflow/dags/kafka_to_hive_with_redis.py
[2024-12-10T00:27:02.846+0000] {processor.py:208} INFO - Processing /opt/airflow/dags/kafka_to_hive_with_redis.py took 0.099 seconds
[2024-12-10T00:27:33.445+0000] {processor.py:186} INFO - Started process (PID=399) to work on /opt/airflow/dags/kafka_to_hive_with_redis.py
[2024-12-10T00:27:33.446+0000] {processor.py:914} INFO - Processing file /opt/airflow/dags/kafka_to_hive_with_redis.py for tasks to queue
[2024-12-10T00:27:33.449+0000] {logging_mixin.py:190} INFO - [2024-12-10T00:27:33.448+0000] {dagbag.py:588} INFO - Filling up the DagBag from /opt/airflow/dags/kafka_to_hive_with_redis.py
[2024-12-10T00:27:33.621+0000] {processor.py:927} WARNING - No viable dags retrieved from /opt/airflow/dags/kafka_to_hive_with_redis.py
[2024-12-10T00:27:33.634+0000] {processor.py:208} INFO - Processing /opt/airflow/dags/kafka_to_hive_with_redis.py took 0.194 seconds
[2024-12-10T00:28:04.363+0000] {processor.py:186} INFO - Started process (PID=406) to work on /opt/airflow/dags/kafka_to_hive_with_redis.py
[2024-12-10T00:28:04.364+0000] {processor.py:914} INFO - Processing file /opt/airflow/dags/kafka_to_hive_with_redis.py for tasks to queue
[2024-12-10T00:28:04.367+0000] {logging_mixin.py:190} INFO - [2024-12-10T00:28:04.366+0000] {dagbag.py:588} INFO - Filling up the DagBag from /opt/airflow/dags/kafka_to_hive_with_redis.py
[2024-12-10T00:28:04.561+0000] {processor.py:927} WARNING - No viable dags retrieved from /opt/airflow/dags/kafka_to_hive_with_redis.py
[2024-12-10T00:28:04.581+0000] {processor.py:208} INFO - Processing /opt/airflow/dags/kafka_to_hive_with_redis.py took 0.223 seconds
[2024-12-10T00:28:35.368+0000] {processor.py:186} INFO - Started process (PID=413) to work on /opt/airflow/dags/kafka_to_hive_with_redis.py
[2024-12-10T00:28:35.369+0000] {processor.py:914} INFO - Processing file /opt/airflow/dags/kafka_to_hive_with_redis.py for tasks to queue
[2024-12-10T00:28:35.372+0000] {logging_mixin.py:190} INFO - [2024-12-10T00:28:35.371+0000] {dagbag.py:588} INFO - Filling up the DagBag from /opt/airflow/dags/kafka_to_hive_with_redis.py
[2024-12-10T00:28:35.441+0000] {processor.py:927} WARNING - No viable dags retrieved from /opt/airflow/dags/kafka_to_hive_with_redis.py
[2024-12-10T00:28:35.469+0000] {processor.py:208} INFO - Processing /opt/airflow/dags/kafka_to_hive_with_redis.py took 0.106 seconds
[2024-12-10T00:29:06.297+0000] {processor.py:186} INFO - Started process (PID=420) to work on /opt/airflow/dags/kafka_to_hive_with_redis.py
[2024-12-10T00:29:06.299+0000] {processor.py:914} INFO - Processing file /opt/airflow/dags/kafka_to_hive_with_redis.py for tasks to queue
[2024-12-10T00:29:06.301+0000] {logging_mixin.py:190} INFO - [2024-12-10T00:29:06.301+0000] {dagbag.py:588} INFO - Filling up the DagBag from /opt/airflow/dags/kafka_to_hive_with_redis.py
[2024-12-10T00:29:06.441+0000] {processor.py:927} WARNING - No viable dags retrieved from /opt/airflow/dags/kafka_to_hive_with_redis.py
[2024-12-10T00:29:06.457+0000] {processor.py:208} INFO - Processing /opt/airflow/dags/kafka_to_hive_with_redis.py took 0.167 seconds
[2024-12-10T00:29:37.153+0000] {processor.py:186} INFO - Started process (PID=427) to work on /opt/airflow/dags/kafka_to_hive_with_redis.py
[2024-12-10T00:29:37.154+0000] {processor.py:914} INFO - Processing file /opt/airflow/dags/kafka_to_hive_with_redis.py for tasks to queue
[2024-12-10T00:29:37.156+0000] {logging_mixin.py:190} INFO - [2024-12-10T00:29:37.156+0000] {dagbag.py:588} INFO - Filling up the DagBag from /opt/airflow/dags/kafka_to_hive_with_redis.py
[2024-12-10T00:29:37.339+0000] {processor.py:927} WARNING - No viable dags retrieved from /opt/airflow/dags/kafka_to_hive_with_redis.py
[2024-12-10T00:29:37.359+0000] {processor.py:208} INFO - Processing /opt/airflow/dags/kafka_to_hive_with_redis.py took 0.211 seconds
[2024-12-10T00:30:08.264+0000] {processor.py:186} INFO - Started process (PID=434) to work on /opt/airflow/dags/kafka_to_hive_with_redis.py
[2024-12-10T00:30:08.265+0000] {processor.py:914} INFO - Processing file /opt/airflow/dags/kafka_to_hive_with_redis.py for tasks to queue
[2024-12-10T00:30:08.267+0000] {logging_mixin.py:190} INFO - [2024-12-10T00:30:08.267+0000] {dagbag.py:588} INFO - Filling up the DagBag from /opt/airflow/dags/kafka_to_hive_with_redis.py
[2024-12-10T00:30:08.463+0000] {processor.py:927} WARNING - No viable dags retrieved from /opt/airflow/dags/kafka_to_hive_with_redis.py
[2024-12-10T00:30:08.492+0000] {processor.py:208} INFO - Processing /opt/airflow/dags/kafka_to_hive_with_redis.py took 0.233 seconds
[2024-12-10T00:30:39.053+0000] {processor.py:186} INFO - Started process (PID=441) to work on /opt/airflow/dags/kafka_to_hive_with_redis.py
[2024-12-10T00:30:39.054+0000] {processor.py:914} INFO - Processing file /opt/airflow/dags/kafka_to_hive_with_redis.py for tasks to queue
[2024-12-10T00:30:39.057+0000] {logging_mixin.py:190} INFO - [2024-12-10T00:30:39.056+0000] {dagbag.py:588} INFO - Filling up the DagBag from /opt/airflow/dags/kafka_to_hive_with_redis.py
[2024-12-10T00:30:39.188+0000] {processor.py:927} WARNING - No viable dags retrieved from /opt/airflow/dags/kafka_to_hive_with_redis.py
[2024-12-10T00:30:39.210+0000] {processor.py:208} INFO - Processing /opt/airflow/dags/kafka_to_hive_with_redis.py took 0.165 seconds
[2024-12-10T00:31:09.861+0000] {processor.py:186} INFO - Started process (PID=448) to work on /opt/airflow/dags/kafka_to_hive_with_redis.py
[2024-12-10T00:31:09.862+0000] {processor.py:914} INFO - Processing file /opt/airflow/dags/kafka_to_hive_with_redis.py for tasks to queue
[2024-12-10T00:31:09.865+0000] {logging_mixin.py:190} INFO - [2024-12-10T00:31:09.864+0000] {dagbag.py:588} INFO - Filling up the DagBag from /opt/airflow/dags/kafka_to_hive_with_redis.py
[2024-12-10T00:31:09.950+0000] {processor.py:927} WARNING - No viable dags retrieved from /opt/airflow/dags/kafka_to_hive_with_redis.py
[2024-12-10T00:31:09.982+0000] {processor.py:208} INFO - Processing /opt/airflow/dags/kafka_to_hive_with_redis.py took 0.126 seconds
[2024-12-10T00:31:40.898+0000] {processor.py:186} INFO - Started process (PID=455) to work on /opt/airflow/dags/kafka_to_hive_with_redis.py
[2024-12-10T00:31:40.900+0000] {processor.py:914} INFO - Processing file /opt/airflow/dags/kafka_to_hive_with_redis.py for tasks to queue
[2024-12-10T00:31:40.906+0000] {logging_mixin.py:190} INFO - [2024-12-10T00:31:40.905+0000] {dagbag.py:588} INFO - Filling up the DagBag from /opt/airflow/dags/kafka_to_hive_with_redis.py
[2024-12-10T00:31:41.104+0000] {processor.py:927} WARNING - No viable dags retrieved from /opt/airflow/dags/kafka_to_hive_with_redis.py
[2024-12-10T00:31:41.135+0000] {processor.py:208} INFO - Processing /opt/airflow/dags/kafka_to_hive_with_redis.py took 0.241 seconds
