[2024-12-02T01:48:49.415+0000] {local_task_job_runner.py:123} INFO - ::group::Pre task execution logs
[2024-12-02T01:48:49.462+0000] {taskinstance.py:2613} INFO - Dependencies all met for dep_context=non-requeueable deps ti=<TaskInstance: batch_views_creation_dag.create_product_performance_summary manual__2024-12-02T01:45:37.262868+00:00 [queued]>
[2024-12-02T01:48:49.492+0000] {taskinstance.py:2613} INFO - Dependencies all met for dep_context=requeueable deps ti=<TaskInstance: batch_views_creation_dag.create_product_performance_summary manual__2024-12-02T01:45:37.262868+00:00 [queued]>
[2024-12-02T01:48:49.505+0000] {taskinstance.py:2866} INFO - Starting attempt 1 of 2
[2024-12-02T01:48:49.585+0000] {taskinstance.py:2889} INFO - Executing <Task(PythonOperator): create_product_performance_summary> on 2024-12-02 01:45:37.262868+00:00
[2024-12-02T01:48:49.592+0000] {standard_task_runner.py:72} INFO - Started process 1883 to run task
[2024-12-02T01:48:49.599+0000] {standard_task_runner.py:104} INFO - Running: ['airflow', 'tasks', 'run', 'batch_views_creation_dag', 'create_product_performance_summary', 'manual__2024-12-02T01:45:37.262868+00:00', '--job-id', '120', '--raw', '--subdir', 'DAGS_FOLDER/batch_views.py', '--cfg-path', '/tmp/tmp45ulejn6']
[2024-12-02T01:48:49.604+0000] {standard_task_runner.py:105} INFO - Job 120: Subtask create_product_performance_summary
[2024-12-02T01:48:49.789+0000] {task_command.py:467} INFO - Running <TaskInstance: batch_views_creation_dag.create_product_performance_summary manual__2024-12-02T01:45:37.262868+00:00 [running]> on host 45770b1a429e
[2024-12-02T01:48:50.058+0000] {taskinstance.py:3132} INFO - Exporting env vars: AIRFLOW_CTX_DAG_OWNER='airflow' AIRFLOW_CTX_DAG_ID='batch_views_creation_dag' AIRFLOW_CTX_TASK_ID='create_product_performance_summary' AIRFLOW_CTX_EXECUTION_DATE='2024-12-02T01:45:37.262868+00:00' AIRFLOW_CTX_TRY_NUMBER='1' AIRFLOW_CTX_DAG_RUN_ID='manual__2024-12-02T01:45:37.262868+00:00'
[2024-12-02T01:48:50.059+0000] {taskinstance.py:731} INFO - ::endgroup::
[2024-12-02T01:48:50.203+0000] {hive.py:475} INFO - USE `default`
[2024-12-02T01:48:50.269+0000] {hive.py:475} INFO - 
        CREATE TABLE IF NOT EXISTS product_performance_summary
        STORED AS PARQUET
        AS
        SELECT
            product_line,
            AVG(gross_margin_percentage) AS avg_margin,
            SUM(quantity) AS total_quantity_sold
        FROM
            sales
        GROUP BY
            product_line
        
    
[2024-12-02T01:48:52.149+0000] {batch_views.py:68} INFO - Created product_performance_summary view
[2024-12-02T01:48:52.168+0000] {python.py:240} INFO - Done. Returned value was: None
[2024-12-02T01:48:52.197+0000] {taskinstance.py:340} INFO - ::group::Post task execution logs
[2024-12-02T01:48:52.198+0000] {taskinstance.py:352} INFO - Marking task as SUCCESS. dag_id=batch_views_creation_dag, task_id=create_product_performance_summary, run_id=manual__2024-12-02T01:45:37.262868+00:00, execution_date=20241202T014537, start_date=20241202T014849, end_date=20241202T014852
[2024-12-02T01:48:52.312+0000] {local_task_job_runner.py:266} INFO - Task exited with return code 0
[2024-12-02T01:48:52.356+0000] {taskinstance.py:3895} INFO - 0 downstream tasks scheduled from follow-on schedule check
[2024-12-02T01:48:52.361+0000] {local_task_job_runner.py:245} INFO - ::endgroup::
