[2024-12-02T00:07:48.270+0000] {local_task_job_runner.py:123} INFO - ::group::Pre task execution logs
[2024-12-02T00:07:48.333+0000] {taskinstance.py:2613} INFO - Dependencies all met for dep_context=non-requeueable deps ti=<TaskInstance: dag1.process_task_tag2 scheduled__2024-12-01T00:00:00+00:00 [queued]>
[2024-12-02T00:07:48.375+0000] {taskinstance.py:2613} INFO - Dependencies all met for dep_context=requeueable deps ti=<TaskInstance: dag1.process_task_tag2 scheduled__2024-12-01T00:00:00+00:00 [queued]>
[2024-12-02T00:07:48.377+0000] {taskinstance.py:2866} INFO - Starting attempt 2 of 1
[2024-12-02T00:07:48.492+0000] {taskinstance.py:2889} INFO - Executing <Task(PythonOperator): process_task_tag2> on 2024-12-01 00:00:00+00:00
[2024-12-02T00:07:48.516+0000] {logging_mixin.py:190} WARNING - /home/airflow/.local/lib/python3.12/site-packages/airflow/task/task_runner/standard_task_runner.py:70 DeprecationWarning: This process (pid=69) is multi-threaded, use of fork() may lead to deadlocks in the child.
[2024-12-02T00:07:48.521+0000] {standard_task_runner.py:72} INFO - Started process 96 to run task
[2024-12-02T00:07:48.523+0000] {standard_task_runner.py:104} INFO - Running: ['airflow', 'tasks', 'run', 'dag1', 'process_task_tag2', 'scheduled__2024-12-01T00:00:00+00:00', '--job-id', '94', '--raw', '--subdir', 'DAGS_FOLDER/dag_data.py', '--cfg-path', '/tmp/tmpfha1riap']
[2024-12-02T00:07:48.539+0000] {standard_task_runner.py:105} INFO - Job 94: Subtask process_task_tag2
[2024-12-02T00:07:48.877+0000] {task_command.py:467} INFO - Running <TaskInstance: dag1.process_task_tag2 scheduled__2024-12-01T00:00:00+00:00 [running]> on host 45770b1a429e
[2024-12-02T00:07:49.323+0000] {taskinstance.py:3132} INFO - Exporting env vars: AIRFLOW_CTX_DAG_OWNER='admin' AIRFLOW_CTX_DAG_ID='dag1' AIRFLOW_CTX_TASK_ID='process_task_tag2' AIRFLOW_CTX_EXECUTION_DATE='2024-12-01T00:00:00+00:00' AIRFLOW_CTX_TRY_NUMBER='2' AIRFLOW_CTX_DAG_RUN_ID='scheduled__2024-12-01T00:00:00+00:00'
[2024-12-02T00:07:49.329+0000] {taskinstance.py:731} INFO - ::endgroup::
[2024-12-02T00:07:49.520+0000] {dag_data.py:49} INFO - Processing chunk:     Invoice ID Branch       City  ... gross margin percentage gross income Rating
0  750-67-8428      A     Yangon  ...                4.761905      26.1415    9.1
1  226-31-3081      C  Naypyitaw  ...                4.761905       3.8200    9.6
2  631-41-3108      A     Yangon  ...                4.761905      16.2155    7.4
3  123-19-1176      A     Yangon  ...                4.761905      23.2880    8.4
4  373-73-7910      A     Yangon  ...                4.761905      30.2085    5.3

[5 rows x 17 columns]
[2024-12-02T00:08:19.580+0000] {dag_data.py:49} INFO - Processing chunk:      Invoice ID Branch  ... gross income Rating
50  326-78-5178      C  ...      31.9900    9.5
51  162-48-8011      A  ...      11.1475    8.5
52  616-24-2851      B  ...       3.5740    6.5
53  778-71-5554      C  ...       0.7715    6.1
54  242-55-6721      B  ...       1.6160    6.5

[5 rows x 17 columns]
[2024-12-02T00:08:49.606+0000] {dag_data.py:49} INFO - Processing chunk:       Invoice ID Branch  ... gross income Rating
100  163-56-7055      C  ...       2.4355    4.1
101  189-98-2939      C  ...      35.3475    7.2
102  551-21-3069      C  ...      10.3815    4.9
103  212-62-1842      A  ...      17.4780    9.9
104  716-39-1409      B  ...      10.6225    8.0

[5 rows x 17 columns]
[2024-12-02T00:09:19.627+0000] {dag_data.py:49} INFO - Processing chunk:       Invoice ID Branch  ... gross income Rating
150  608-96-3517      B  ...       18.308    4.8
151  584-86-7256      C  ...       12.096    7.3
152  746-94-0204      A  ...       37.458    7.4
153  214-17-6927      C  ...        4.944    9.9
154  400-89-4171      C  ...       32.388    9.3

[5 rows x 17 columns]
[2024-12-02T00:09:49.645+0000] {dag_data.py:49} INFO - Processing chunk:       Invoice ID Branch  ... gross income Rating
200  606-80-4905      C  ...       5.7450    6.8
201  542-41-0513      B  ...      11.4980    6.6
202  426-39-2418      C  ...      21.4935    9.8
203  875-46-5808      B  ...      12.9500    8.7
204  394-43-4238      B  ...       4.4425    5.4

[5 rows x 17 columns]
[2024-12-02T00:10:19.667+0000] {dag_data.py:49} INFO - Processing chunk:       Invoice ID Branch  ... gross income Rating
250  845-51-0542      B  ...      20.9475    6.4
251  662-47-5456      C  ...      17.5950    8.4
252  883-17-4236      C  ...       1.4390    7.2
253  290-68-2984      A  ...       4.7500    5.2
254  704-11-6354      A  ...      23.5600    8.9

[5 rows x 17 columns]
[2024-12-02T00:10:49.688+0000] {dag_data.py:49} INFO - Processing chunk:       Invoice ID Branch  ... gross income Rating
300  446-47-6729      C  ...       9.9820    6.7
301  573-10-3877      B  ...       1.9505    4.7
302  735-06-4124      C  ...       2.4305    4.4
303  439-54-7422      A  ...      10.2380    4.7
304  396-90-2219      B  ...       5.9840    8.6

[5 rows x 17 columns]
[2024-12-02T00:11:19.717+0000] {dag_data.py:49} INFO - Processing chunk:       Invoice ID Branch  ... gross income Rating
350  860-79-0874      C  ...      49.6500    6.6
351  834-61-8124      A  ...      18.0915    5.5
352  115-99-4379      B  ...      19.1555    8.5
353  565-67-6697      B  ...      12.1500    4.8
354  320-49-6392      C  ...       1.5120    8.4

[5 rows x 17 columns]
[2024-12-02T00:11:49.742+0000] {dag_data.py:49} INFO - Processing chunk:       Invoice ID Branch  ... gross income Rating
400  110-05-6330      C  ...      11.8290    9.4
401  651-61-0874      C  ...       9.2440    6.2
402  236-86-3015      C  ...       0.6990    9.8
403  831-64-0259      B  ...       9.9375    9.6
404  587-03-7455      C  ...      34.2265    4.9

[5 rows x 17 columns]
[2024-12-02T00:12:19.759+0000] {dag_data.py:49} INFO - Processing chunk:       Invoice ID Branch  ... gross income Rating
450  891-01-7034      B  ...      22.4130    6.7
451  744-09-5786      B  ...       6.6030    7.6
452  727-17-0390      A  ...      15.9025    4.8
453  568-88-3448      A  ...       1.2500    5.5
454  187-83-5490      A  ...       4.1540    4.7

[5 rows x 17 columns]
[2024-12-02T00:12:49.775+0000] {dag_data.py:49} INFO - Processing chunk:       Invoice ID Branch  ... gross income Rating
500  277-63-2961      B  ...       3.6985    5.4
501  573-98-8548      C  ...       1.5950    9.1
502  620-02-2046      C  ...       6.9400    9.0
503  282-35-2475      B  ...       9.3310    6.3
504  511-54-3087      B  ...       4.4225    9.5

[5 rows x 17 columns]
[2024-12-02T00:13:19.798+0000] {dag_data.py:49} INFO - Processing chunk:       Invoice ID Branch  ... gross income Rating
550  747-58-7183      B  ...       8.5905    6.5
551  582-52-8065      B  ...      24.4395    8.9
552  210-57-1719      B  ...      26.2080    9.7
553  399-69-4630      C  ...       6.6630    8.6
554  134-75-2619      A  ...       6.7620    6.9

[5 rows x 17 columns]
[2024-12-02T00:13:49.827+0000] {dag_data.py:49} INFO - Processing chunk:       Invoice ID Branch  ... gross income Rating
600  219-61-4139      C  ...       4.1540    6.4
601  881-41-7302      C  ...       3.2495    4.5
602  373-09-4567      C  ...      38.7800    6.9
603  642-30-6693      B  ...      16.3530    7.8
604  484-22-8230      C  ...      18.1615    4.5

[5 rows x 17 columns]
[2024-12-02T00:14:19.850+0000] {dag_data.py:49} INFO - Processing chunk:       Invoice ID Branch  ... gross income Rating
650  369-82-2676      B  ...       18.915    7.8
651  563-47-4072      B  ...       16.743    9.9
652  742-04-5161      A  ...       36.390    7.3
653  149-15-7606      B  ...       16.794    5.1
654  133-77-3154      B  ...       12.036    9.4

[5 rows x 17 columns]
[2024-12-02T00:14:49.871+0000] {dag_data.py:49} INFO - Processing chunk:       Invoice ID Branch  ... gross income Rating
700  626-43-7888      C  ...      24.1640    9.6
701  176-64-7711      B  ...       4.8480    4.3
702  191-29-0321      B  ...       9.8850    5.0
703  729-06-2010      B  ...      36.2115    9.2
704  640-48-5028      B  ...      39.7755    6.3

[5 rows x 17 columns]
[2024-12-02T00:15:19.891+0000] {dag_data.py:49} INFO - Processing chunk:       Invoice ID Branch  ... gross income Rating
750  210-30-7976      B  ...       4.4640    4.1
751  585-86-8361      A  ...       6.8200    8.6
752  807-14-7833      A  ...       8.7100    7.0
753  775-72-1988      B  ...      18.3200    8.4
754  288-38-3758      C  ...      12.7305    7.4

[5 rows x 17 columns]
[2024-12-02T00:15:49.907+0000] {dag_data.py:49} INFO - Processing chunk:       Invoice ID Branch  ... gross income Rating
800  751-15-6198      B  ...       6.9030    7.9
801  324-41-6833      C  ...      12.0800    5.1
802  474-33-8305      C  ...      23.5865    6.9
803  759-29-9521      A  ...      22.0320    8.0
804  831-81-6575      B  ...      34.0155    8.0

[5 rows x 17 columns]
[2024-12-02T00:16:19.928+0000] {dag_data.py:49} INFO - Processing chunk:       Invoice ID Branch  ... gross income Rating
850  843-73-4724      A  ...       3.7050    9.2
851  409-33-9708      A  ...       9.8480    9.2
852  658-66-3967      C  ...      18.6165    5.0
853  866-70-2814      B  ...      26.3950   10.0
854  160-22-2687      A  ...      23.9875    8.8

[5 rows x 17 columns]
[2024-12-02T00:16:49.963+0000] {dag_data.py:49} INFO - Processing chunk:       Invoice ID Branch  ... gross income Rating
900  377-79-7592      C  ...      20.1780    7.5
901  509-10-0516      B  ...       9.1940    5.1
902  595-94-9924      A  ...       6.9325    4.2
903  865-41-9075      A  ...       4.0355    8.1
904  545-07-8534      C  ...       5.8320    6.0

[5 rows x 17 columns]
[2024-12-02T00:17:19.986+0000] {dag_data.py:49} INFO - Processing chunk:       Invoice ID Branch  ... gross income Rating
950  503-21-4385      B  ...       5.9865    9.3
951  305-89-2768      B  ...       3.2850    4.7
952  574-80-1489      B  ...      12.5700    8.7
953  784-08-0310      C  ...       4.2080    7.6
954  200-40-6154      B  ...      19.7730    5.7

[5 rows x 17 columns]
[2024-12-02T00:17:49.994+0000] {dag_data.py:22} INFO - Message delivered to api [0]
[2024-12-02T00:17:49.995+0000] {dag_data.py:22} INFO - Message delivered to api [0]
[2024-12-02T00:17:49.995+0000] {dag_data.py:22} INFO - Message delivered to api [0]
[2024-12-02T00:17:49.996+0000] {dag_data.py:22} INFO - Message delivered to api [0]
[2024-12-02T00:17:49.997+0000] {dag_data.py:22} INFO - Message delivered to api [0]
[2024-12-02T00:17:49.997+0000] {dag_data.py:22} INFO - Message delivered to api [0]
[2024-12-02T00:17:49.998+0000] {dag_data.py:22} INFO - Message delivered to api [0]
[2024-12-02T00:17:49.999+0000] {dag_data.py:22} INFO - Message delivered to api [0]
[2024-12-02T00:17:49.999+0000] {dag_data.py:22} INFO - Message delivered to api [0]
[2024-12-02T00:17:50.000+0000] {dag_data.py:22} INFO - Message delivered to api [0]
[2024-12-02T00:17:50.000+0000] {dag_data.py:22} INFO - Message delivered to api [0]
[2024-12-02T00:17:50.001+0000] {dag_data.py:22} INFO - Message delivered to api [0]
[2024-12-02T00:17:50.002+0000] {dag_data.py:22} INFO - Message delivered to api [0]
[2024-12-02T00:17:50.002+0000] {dag_data.py:22} INFO - Message delivered to api [0]
[2024-12-02T00:17:50.003+0000] {dag_data.py:22} INFO - Message delivered to api [0]
[2024-12-02T00:17:50.003+0000] {dag_data.py:22} INFO - Message delivered to api [0]
[2024-12-02T00:17:50.003+0000] {dag_data.py:22} INFO - Message delivered to api [0]
[2024-12-02T00:17:50.004+0000] {dag_data.py:22} INFO - Message delivered to api [0]
[2024-12-02T00:17:50.004+0000] {dag_data.py:22} INFO - Message delivered to api [0]
[2024-12-02T00:17:50.005+0000] {dag_data.py:22} INFO - Message delivered to api [0]
[2024-12-02T00:17:50.005+0000] {dag_data.py:22} INFO - Message delivered to api [0]
[2024-12-02T00:17:50.006+0000] {dag_data.py:22} INFO - Message delivered to api [0]
[2024-12-02T00:17:50.006+0000] {dag_data.py:22} INFO - Message delivered to api [0]
[2024-12-02T00:17:50.007+0000] {dag_data.py:22} INFO - Message delivered to api [0]
[2024-12-02T00:17:50.007+0000] {dag_data.py:22} INFO - Message delivered to api [0]
[2024-12-02T00:17:50.007+0000] {dag_data.py:22} INFO - Message delivered to api [0]
[2024-12-02T00:17:50.008+0000] {dag_data.py:22} INFO - Message delivered to api [0]
[2024-12-02T00:17:50.008+0000] {dag_data.py:22} INFO - Message delivered to api [0]
[2024-12-02T00:17:50.009+0000] {dag_data.py:22} INFO - Message delivered to api [0]
[2024-12-02T00:17:50.009+0000] {dag_data.py:22} INFO - Message delivered to api [0]
[2024-12-02T00:17:50.009+0000] {dag_data.py:22} INFO - Message delivered to api [0]
[2024-12-02T00:17:50.010+0000] {dag_data.py:22} INFO - Message delivered to api [0]
[2024-12-02T00:17:50.010+0000] {dag_data.py:22} INFO - Message delivered to api [0]
[2024-12-02T00:17:50.011+0000] {dag_data.py:22} INFO - Message delivered to api [0]
[2024-12-02T00:17:50.011+0000] {dag_data.py:22} INFO - Message delivered to api [0]
[2024-12-02T00:17:50.011+0000] {dag_data.py:22} INFO - Message delivered to api [0]
[2024-12-02T00:17:50.012+0000] {dag_data.py:22} INFO - Message delivered to api [0]
[2024-12-02T00:17:50.012+0000] {dag_data.py:22} INFO - Message delivered to api [0]
[2024-12-02T00:17:50.013+0000] {dag_data.py:22} INFO - Message delivered to api [0]
[2024-12-02T00:17:50.013+0000] {dag_data.py:22} INFO - Message delivered to api [0]
[2024-12-02T00:17:50.013+0000] {dag_data.py:22} INFO - Message delivered to api [0]
[2024-12-02T00:17:50.014+0000] {dag_data.py:22} INFO - Message delivered to api [0]
[2024-12-02T00:17:50.015+0000] {dag_data.py:22} INFO - Message delivered to api [0]
[2024-12-02T00:17:50.015+0000] {dag_data.py:22} INFO - Message delivered to api [0]
[2024-12-02T00:17:50.016+0000] {dag_data.py:22} INFO - Message delivered to api [0]
[2024-12-02T00:17:50.017+0000] {dag_data.py:22} INFO - Message delivered to api [0]
[2024-12-02T00:17:50.017+0000] {dag_data.py:22} INFO - Message delivered to api [0]
[2024-12-02T00:17:50.018+0000] {dag_data.py:22} INFO - Message delivered to api [0]
[2024-12-02T00:17:50.018+0000] {dag_data.py:22} INFO - Message delivered to api [0]
[2024-12-02T00:17:50.019+0000] {dag_data.py:22} INFO - Message delivered to api [0]
[2024-12-02T00:17:50.019+0000] {dag_data.py:22} INFO - Message delivered to api [0]
[2024-12-02T00:17:50.020+0000] {dag_data.py:22} INFO - Message delivered to api [0]
[2024-12-02T00:17:50.020+0000] {dag_data.py:22} INFO - Message delivered to api [0]
[2024-12-02T00:17:50.020+0000] {dag_data.py:22} INFO - Message delivered to api [0]
[2024-12-02T00:17:50.021+0000] {dag_data.py:22} INFO - Message delivered to api [0]
[2024-12-02T00:17:50.021+0000] {dag_data.py:22} INFO - Message delivered to api [0]
[2024-12-02T00:17:50.022+0000] {dag_data.py:22} INFO - Message delivered to api [0]
[2024-12-02T00:17:50.022+0000] {dag_data.py:22} INFO - Message delivered to api [0]
[2024-12-02T00:17:50.023+0000] {dag_data.py:22} INFO - Message delivered to api [0]
[2024-12-02T00:17:50.023+0000] {dag_data.py:22} INFO - Message delivered to api [0]
[2024-12-02T00:17:50.023+0000] {dag_data.py:22} INFO - Message delivered to api [0]
[2024-12-02T00:17:50.024+0000] {dag_data.py:22} INFO - Message delivered to api [0]
[2024-12-02T00:17:50.024+0000] {dag_data.py:22} INFO - Message delivered to api [0]
[2024-12-02T00:17:50.025+0000] {dag_data.py:22} INFO - Message delivered to api [0]
[2024-12-02T00:17:50.025+0000] {dag_data.py:22} INFO - Message delivered to api [0]
[2024-12-02T00:17:50.025+0000] {dag_data.py:22} INFO - Message delivered to api [0]
[2024-12-02T00:17:50.026+0000] {dag_data.py:22} INFO - Message delivered to api [0]
[2024-12-02T00:17:50.026+0000] {dag_data.py:22} INFO - Message delivered to api [0]
[2024-12-02T00:17:50.027+0000] {dag_data.py:22} INFO - Message delivered to api [0]
[2024-12-02T00:17:50.027+0000] {dag_data.py:22} INFO - Message delivered to api [0]
[2024-12-02T00:17:50.028+0000] {dag_data.py:22} INFO - Message delivered to api [0]
[2024-12-02T00:17:50.028+0000] {dag_data.py:22} INFO - Message delivered to api [0]
[2024-12-02T00:17:50.028+0000] {dag_data.py:22} INFO - Message delivered to api [0]
[2024-12-02T00:17:50.029+0000] {dag_data.py:22} INFO - Message delivered to api [0]
[2024-12-02T00:17:50.029+0000] {dag_data.py:22} INFO - Message delivered to api [0]
[2024-12-02T00:17:50.030+0000] {dag_data.py:22} INFO - Message delivered to api [0]
[2024-12-02T00:17:50.031+0000] {dag_data.py:22} INFO - Message delivered to api [0]
[2024-12-02T00:17:50.031+0000] {dag_data.py:22} INFO - Message delivered to api [0]
[2024-12-02T00:17:50.032+0000] {dag_data.py:22} INFO - Message delivered to api [0]
[2024-12-02T00:17:50.032+0000] {dag_data.py:22} INFO - Message delivered to api [0]
[2024-12-02T00:17:50.033+0000] {dag_data.py:22} INFO - Message delivered to api [0]
[2024-12-02T00:17:50.033+0000] {dag_data.py:22} INFO - Message delivered to api [0]
[2024-12-02T00:17:50.033+0000] {dag_data.py:22} INFO - Message delivered to api [0]
[2024-12-02T00:17:50.034+0000] {dag_data.py:22} INFO - Message delivered to api [0]
[2024-12-02T00:17:50.034+0000] {dag_data.py:22} INFO - Message delivered to api [0]
[2024-12-02T00:17:50.035+0000] {dag_data.py:22} INFO - Message delivered to api [0]
[2024-12-02T00:17:50.035+0000] {dag_data.py:22} INFO - Message delivered to api [0]
[2024-12-02T00:17:50.035+0000] {dag_data.py:22} INFO - Message delivered to api [0]
[2024-12-02T00:17:50.036+0000] {dag_data.py:22} INFO - Message delivered to api [0]
[2024-12-02T00:17:50.036+0000] {dag_data.py:22} INFO - Message delivered to api [0]
[2024-12-02T00:17:50.037+0000] {dag_data.py:22} INFO - Message delivered to api [0]
[2024-12-02T00:17:50.037+0000] {dag_data.py:22} INFO - Message delivered to api [0]
[2024-12-02T00:17:50.037+0000] {dag_data.py:22} INFO - Message delivered to api [0]
[2024-12-02T00:17:50.038+0000] {dag_data.py:22} INFO - Message delivered to api [0]
[2024-12-02T00:17:50.038+0000] {dag_data.py:22} INFO - Message delivered to api [0]
[2024-12-02T00:17:50.039+0000] {dag_data.py:22} INFO - Message delivered to api [0]
[2024-12-02T00:17:50.039+0000] {dag_data.py:22} INFO - Message delivered to api [0]
[2024-12-02T00:17:50.039+0000] {dag_data.py:22} INFO - Message delivered to api [0]
[2024-12-02T00:17:50.040+0000] {dag_data.py:22} INFO - Message delivered to api [0]
[2024-12-02T00:17:50.040+0000] {dag_data.py:22} INFO - Message delivered to api [0]
[2024-12-02T00:17:50.040+0000] {dag_data.py:22} INFO - Message delivered to api [0]
[2024-12-02T00:17:50.041+0000] {dag_data.py:22} INFO - Message delivered to api [0]
[2024-12-02T00:17:50.041+0000] {dag_data.py:22} INFO - Message delivered to api [0]
[2024-12-02T00:17:50.041+0000] {dag_data.py:22} INFO - Message delivered to api [0]
[2024-12-02T00:17:50.042+0000] {dag_data.py:22} INFO - Message delivered to api [0]
[2024-12-02T00:17:50.042+0000] {dag_data.py:22} INFO - Message delivered to api [0]
[2024-12-02T00:17:50.042+0000] {dag_data.py:22} INFO - Message delivered to api [0]
[2024-12-02T00:17:50.043+0000] {dag_data.py:22} INFO - Message delivered to api [0]
[2024-12-02T00:17:50.043+0000] {dag_data.py:22} INFO - Message delivered to api [0]
[2024-12-02T00:17:50.043+0000] {dag_data.py:22} INFO - Message delivered to api [0]
[2024-12-02T00:17:50.044+0000] {dag_data.py:22} INFO - Message delivered to api [0]
[2024-12-02T00:17:50.044+0000] {dag_data.py:22} INFO - Message delivered to api [0]
[2024-12-02T00:17:50.045+0000] {dag_data.py:22} INFO - Message delivered to api [0]
[2024-12-02T00:17:50.045+0000] {dag_data.py:22} INFO - Message delivered to api [0]
[2024-12-02T00:17:50.046+0000] {dag_data.py:22} INFO - Message delivered to api [0]
[2024-12-02T00:17:50.046+0000] {dag_data.py:22} INFO - Message delivered to api [0]
[2024-12-02T00:17:50.047+0000] {dag_data.py:22} INFO - Message delivered to api [0]
[2024-12-02T00:17:50.047+0000] {dag_data.py:22} INFO - Message delivered to api [0]
[2024-12-02T00:17:50.048+0000] {dag_data.py:22} INFO - Message delivered to api [0]
[2024-12-02T00:17:50.048+0000] {dag_data.py:22} INFO - Message delivered to api [0]
[2024-12-02T00:17:50.049+0000] {dag_data.py:22} INFO - Message delivered to api [0]
[2024-12-02T00:17:50.049+0000] {dag_data.py:22} INFO - Message delivered to api [0]
[2024-12-02T00:17:50.049+0000] {dag_data.py:22} INFO - Message delivered to api [0]
[2024-12-02T00:17:50.050+0000] {dag_data.py:22} INFO - Message delivered to api [0]
[2024-12-02T00:17:50.050+0000] {dag_data.py:22} INFO - Message delivered to api [0]
[2024-12-02T00:17:50.050+0000] {dag_data.py:22} INFO - Message delivered to api [0]
[2024-12-02T00:17:50.051+0000] {dag_data.py:22} INFO - Message delivered to api [0]
[2024-12-02T00:17:50.051+0000] {dag_data.py:22} INFO - Message delivered to api [0]
[2024-12-02T00:17:50.052+0000] {dag_data.py:22} INFO - Message delivered to api [0]
[2024-12-02T00:17:50.052+0000] {dag_data.py:22} INFO - Message delivered to api [0]
[2024-12-02T00:17:50.053+0000] {dag_data.py:22} INFO - Message delivered to api [0]
[2024-12-02T00:17:50.053+0000] {dag_data.py:22} INFO - Message delivered to api [0]
[2024-12-02T00:17:50.053+0000] {dag_data.py:22} INFO - Message delivered to api [0]
[2024-12-02T00:17:50.054+0000] {dag_data.py:22} INFO - Message delivered to api [0]
[2024-12-02T00:17:50.054+0000] {dag_data.py:22} INFO - Message delivered to api [0]
[2024-12-02T00:17:50.054+0000] {dag_data.py:22} INFO - Message delivered to api [0]
[2024-12-02T00:17:50.055+0000] {dag_data.py:22} INFO - Message delivered to api [0]
[2024-12-02T00:17:50.055+0000] {dag_data.py:22} INFO - Message delivered to api [0]
[2024-12-02T00:17:50.056+0000] {dag_data.py:22} INFO - Message delivered to api [0]
[2024-12-02T00:17:50.056+0000] {dag_data.py:22} INFO - Message delivered to api [0]
[2024-12-02T00:17:50.057+0000] {dag_data.py:22} INFO - Message delivered to api [0]
[2024-12-02T00:17:50.057+0000] {dag_data.py:22} INFO - Message delivered to api [0]
[2024-12-02T00:17:50.058+0000] {dag_data.py:22} INFO - Message delivered to api [0]
[2024-12-02T00:17:50.058+0000] {dag_data.py:22} INFO - Message delivered to api [0]
[2024-12-02T00:17:50.059+0000] {dag_data.py:22} INFO - Message delivered to api [0]
[2024-12-02T00:17:50.059+0000] {dag_data.py:22} INFO - Message delivered to api [0]
[2024-12-02T00:17:50.060+0000] {dag_data.py:22} INFO - Message delivered to api [0]
[2024-12-02T00:17:50.060+0000] {dag_data.py:22} INFO - Message delivered to api [0]
[2024-12-02T00:17:50.060+0000] {dag_data.py:22} INFO - Message delivered to api [0]
[2024-12-02T00:17:50.061+0000] {dag_data.py:22} INFO - Message delivered to api [0]
[2024-12-02T00:17:50.061+0000] {dag_data.py:22} INFO - Message delivered to api [0]
[2024-12-02T00:17:50.062+0000] {dag_data.py:22} INFO - Message delivered to api [0]
[2024-12-02T00:17:50.062+0000] {dag_data.py:22} INFO - Message delivered to api [0]
[2024-12-02T00:17:50.063+0000] {dag_data.py:22} INFO - Message delivered to api [0]
[2024-12-02T00:17:50.063+0000] {dag_data.py:22} INFO - Message delivered to api [0]
[2024-12-02T00:17:50.064+0000] {dag_data.py:22} INFO - Message delivered to api [0]
[2024-12-02T00:17:50.064+0000] {dag_data.py:22} INFO - Message delivered to api [0]
[2024-12-02T00:17:50.065+0000] {dag_data.py:22} INFO - Message delivered to api [0]
[2024-12-02T00:17:50.065+0000] {dag_data.py:22} INFO - Message delivered to api [0]
[2024-12-02T00:17:50.066+0000] {dag_data.py:22} INFO - Message delivered to api [0]
[2024-12-02T00:17:50.066+0000] {dag_data.py:22} INFO - Message delivered to api [0]
[2024-12-02T00:17:50.067+0000] {dag_data.py:22} INFO - Message delivered to api [0]
[2024-12-02T00:17:50.067+0000] {dag_data.py:22} INFO - Message delivered to api [0]
[2024-12-02T00:17:50.067+0000] {dag_data.py:22} INFO - Message delivered to api [0]
[2024-12-02T00:17:50.068+0000] {dag_data.py:22} INFO - Message delivered to api [0]
[2024-12-02T00:17:50.068+0000] {dag_data.py:22} INFO - Message delivered to api [0]
[2024-12-02T00:17:50.068+0000] {dag_data.py:22} INFO - Message delivered to api [0]
[2024-12-02T00:17:50.069+0000] {dag_data.py:22} INFO - Message delivered to api [0]
[2024-12-02T00:17:50.069+0000] {dag_data.py:22} INFO - Message delivered to api [0]
[2024-12-02T00:17:50.069+0000] {dag_data.py:22} INFO - Message delivered to api [0]
[2024-12-02T00:17:50.070+0000] {dag_data.py:22} INFO - Message delivered to api [0]
[2024-12-02T00:17:50.070+0000] {dag_data.py:22} INFO - Message delivered to api [0]
[2024-12-02T00:17:50.071+0000] {dag_data.py:22} INFO - Message delivered to api [0]
[2024-12-02T00:17:50.071+0000] {dag_data.py:22} INFO - Message delivered to api [0]
[2024-12-02T00:17:50.071+0000] {dag_data.py:22} INFO - Message delivered to api [0]
[2024-12-02T00:17:50.072+0000] {dag_data.py:22} INFO - Message delivered to api [0]
[2024-12-02T00:17:50.072+0000] {dag_data.py:22} INFO - Message delivered to api [0]
[2024-12-02T00:17:50.072+0000] {dag_data.py:22} INFO - Message delivered to api [0]
[2024-12-02T00:17:50.073+0000] {dag_data.py:22} INFO - Message delivered to api [0]
[2024-12-02T00:17:50.073+0000] {dag_data.py:22} INFO - Message delivered to api [0]
[2024-12-02T00:17:50.073+0000] {dag_data.py:22} INFO - Message delivered to api [0]
[2024-12-02T00:17:50.074+0000] {dag_data.py:22} INFO - Message delivered to api [0]
[2024-12-02T00:17:50.074+0000] {dag_data.py:22} INFO - Message delivered to api [0]
[2024-12-02T00:17:50.074+0000] {dag_data.py:22} INFO - Message delivered to api [0]
[2024-12-02T00:17:50.075+0000] {dag_data.py:22} INFO - Message delivered to api [0]
[2024-12-02T00:17:50.075+0000] {dag_data.py:22} INFO - Message delivered to api [0]
[2024-12-02T00:17:50.076+0000] {dag_data.py:22} INFO - Message delivered to api [0]
[2024-12-02T00:17:50.076+0000] {dag_data.py:22} INFO - Message delivered to api [0]
[2024-12-02T00:17:50.076+0000] {dag_data.py:22} INFO - Message delivered to api [0]
[2024-12-02T00:17:50.077+0000] {dag_data.py:22} INFO - Message delivered to api [0]
[2024-12-02T00:17:50.077+0000] {dag_data.py:22} INFO - Message delivered to api [0]
[2024-12-02T00:17:50.078+0000] {dag_data.py:22} INFO - Message delivered to api [0]
[2024-12-02T00:17:50.078+0000] {dag_data.py:22} INFO - Message delivered to api [0]
[2024-12-02T00:17:50.078+0000] {dag_data.py:22} INFO - Message delivered to api [0]
[2024-12-02T00:17:50.079+0000] {dag_data.py:22} INFO - Message delivered to api [0]
[2024-12-02T00:17:50.079+0000] {dag_data.py:22} INFO - Message delivered to api [0]
[2024-12-02T00:17:50.080+0000] {dag_data.py:22} INFO - Message delivered to api [0]
[2024-12-02T00:17:50.080+0000] {dag_data.py:22} INFO - Message delivered to api [0]
[2024-12-02T00:17:50.080+0000] {dag_data.py:22} INFO - Message delivered to api [0]
[2024-12-02T00:17:50.081+0000] {dag_data.py:22} INFO - Message delivered to api [0]
[2024-12-02T00:17:50.081+0000] {dag_data.py:22} INFO - Message delivered to api [0]
[2024-12-02T00:17:50.082+0000] {dag_data.py:22} INFO - Message delivered to api [0]
[2024-12-02T00:17:50.082+0000] {dag_data.py:22} INFO - Message delivered to api [0]
[2024-12-02T00:17:50.082+0000] {dag_data.py:22} INFO - Message delivered to api [0]
[2024-12-02T00:17:50.083+0000] {dag_data.py:22} INFO - Message delivered to api [0]
[2024-12-02T00:17:50.083+0000] {dag_data.py:22} INFO - Message delivered to api [0]
[2024-12-02T00:17:50.083+0000] {dag_data.py:22} INFO - Message delivered to api [0]
[2024-12-02T00:17:50.084+0000] {dag_data.py:22} INFO - Message delivered to api [0]
[2024-12-02T00:17:50.084+0000] {dag_data.py:22} INFO - Message delivered to api [0]
[2024-12-02T00:17:50.085+0000] {dag_data.py:22} INFO - Message delivered to api [0]
[2024-12-02T00:17:50.085+0000] {dag_data.py:22} INFO - Message delivered to api [0]
[2024-12-02T00:17:50.086+0000] {dag_data.py:22} INFO - Message delivered to api [0]
[2024-12-02T00:17:50.086+0000] {dag_data.py:22} INFO - Message delivered to api [0]
[2024-12-02T00:17:50.086+0000] {dag_data.py:22} INFO - Message delivered to api [0]
[2024-12-02T00:17:50.087+0000] {dag_data.py:22} INFO - Message delivered to api [0]
[2024-12-02T00:17:50.087+0000] {dag_data.py:22} INFO - Message delivered to api [0]
[2024-12-02T00:17:50.087+0000] {dag_data.py:22} INFO - Message delivered to api [0]
[2024-12-02T00:17:50.088+0000] {dag_data.py:22} INFO - Message delivered to api [0]
[2024-12-02T00:17:50.088+0000] {dag_data.py:22} INFO - Message delivered to api [0]
[2024-12-02T00:17:50.088+0000] {dag_data.py:22} INFO - Message delivered to api [0]
[2024-12-02T00:17:50.089+0000] {dag_data.py:22} INFO - Message delivered to api [0]
[2024-12-02T00:17:50.089+0000] {dag_data.py:22} INFO - Message delivered to api [0]
[2024-12-02T00:17:50.089+0000] {dag_data.py:22} INFO - Message delivered to api [0]
[2024-12-02T00:17:50.090+0000] {dag_data.py:22} INFO - Message delivered to api [0]
[2024-12-02T00:17:50.090+0000] {dag_data.py:22} INFO - Message delivered to api [0]
[2024-12-02T00:17:50.090+0000] {dag_data.py:22} INFO - Message delivered to api [0]
[2024-12-02T00:17:50.091+0000] {dag_data.py:22} INFO - Message delivered to api [0]
[2024-12-02T00:17:50.091+0000] {dag_data.py:22} INFO - Message delivered to api [0]
[2024-12-02T00:17:50.092+0000] {dag_data.py:22} INFO - Message delivered to api [0]
[2024-12-02T00:17:50.092+0000] {dag_data.py:22} INFO - Message delivered to api [0]
[2024-12-02T00:17:50.092+0000] {dag_data.py:22} INFO - Message delivered to api [0]
[2024-12-02T00:17:50.093+0000] {dag_data.py:22} INFO - Message delivered to api [0]
[2024-12-02T00:17:50.093+0000] {dag_data.py:22} INFO - Message delivered to api [0]
[2024-12-02T00:17:50.093+0000] {dag_data.py:22} INFO - Message delivered to api [0]
[2024-12-02T00:17:50.094+0000] {dag_data.py:22} INFO - Message delivered to api [0]
[2024-12-02T00:17:50.094+0000] {dag_data.py:22} INFO - Message delivered to api [0]
[2024-12-02T00:17:50.094+0000] {dag_data.py:22} INFO - Message delivered to api [0]
[2024-12-02T00:17:50.095+0000] {dag_data.py:22} INFO - Message delivered to api [0]
[2024-12-02T00:17:50.095+0000] {dag_data.py:22} INFO - Message delivered to api [0]
[2024-12-02T00:17:50.096+0000] {dag_data.py:22} INFO - Message delivered to api [0]
[2024-12-02T00:17:50.096+0000] {dag_data.py:22} INFO - Message delivered to api [0]
[2024-12-02T00:17:50.096+0000] {dag_data.py:22} INFO - Message delivered to api [0]
[2024-12-02T00:17:50.097+0000] {dag_data.py:22} INFO - Message delivered to api [0]
[2024-12-02T00:17:50.097+0000] {dag_data.py:22} INFO - Message delivered to api [0]
[2024-12-02T00:17:50.097+0000] {dag_data.py:22} INFO - Message delivered to api [0]
[2024-12-02T00:17:50.098+0000] {dag_data.py:22} INFO - Message delivered to api [0]
[2024-12-02T00:17:50.098+0000] {dag_data.py:22} INFO - Message delivered to api [0]
[2024-12-02T00:17:50.099+0000] {dag_data.py:22} INFO - Message delivered to api [0]
[2024-12-02T00:17:50.099+0000] {dag_data.py:22} INFO - Message delivered to api [0]
[2024-12-02T00:17:50.099+0000] {dag_data.py:22} INFO - Message delivered to api [0]
[2024-12-02T00:17:50.100+0000] {dag_data.py:22} INFO - Message delivered to api [0]
[2024-12-02T00:17:50.100+0000] {dag_data.py:22} INFO - Message delivered to api [0]
[2024-12-02T00:17:50.100+0000] {dag_data.py:22} INFO - Message delivered to api [0]
[2024-12-02T00:17:50.101+0000] {dag_data.py:22} INFO - Message delivered to api [0]
[2024-12-02T00:17:50.101+0000] {dag_data.py:22} INFO - Message delivered to api [0]
[2024-12-02T00:17:50.101+0000] {dag_data.py:22} INFO - Message delivered to api [0]
[2024-12-02T00:17:50.102+0000] {dag_data.py:22} INFO - Message delivered to api [0]
[2024-12-02T00:17:50.102+0000] {dag_data.py:22} INFO - Message delivered to api [0]
[2024-12-02T00:17:50.102+0000] {dag_data.py:22} INFO - Message delivered to api [0]
[2024-12-02T00:17:50.103+0000] {dag_data.py:22} INFO - Message delivered to api [0]
[2024-12-02T00:17:50.103+0000] {dag_data.py:22} INFO - Message delivered to api [0]
[2024-12-02T00:17:50.103+0000] {dag_data.py:22} INFO - Message delivered to api [0]
[2024-12-02T00:17:50.104+0000] {dag_data.py:22} INFO - Message delivered to api [0]
[2024-12-02T00:17:50.104+0000] {dag_data.py:22} INFO - Message delivered to api [0]
[2024-12-02T00:17:50.104+0000] {dag_data.py:22} INFO - Message delivered to api [0]
[2024-12-02T00:17:50.105+0000] {dag_data.py:22} INFO - Message delivered to api [0]
[2024-12-02T00:17:50.105+0000] {dag_data.py:22} INFO - Message delivered to api [0]
[2024-12-02T00:17:50.106+0000] {dag_data.py:22} INFO - Message delivered to api [0]
[2024-12-02T00:17:50.106+0000] {dag_data.py:22} INFO - Message delivered to api [0]
[2024-12-02T00:17:50.106+0000] {dag_data.py:22} INFO - Message delivered to api [0]
[2024-12-02T00:17:50.107+0000] {dag_data.py:22} INFO - Message delivered to api [0]
[2024-12-02T00:17:50.107+0000] {dag_data.py:22} INFO - Message delivered to api [0]
[2024-12-02T00:17:50.108+0000] {dag_data.py:22} INFO - Message delivered to api [0]
[2024-12-02T00:17:50.108+0000] {dag_data.py:22} INFO - Message delivered to api [0]
[2024-12-02T00:17:50.108+0000] {dag_data.py:22} INFO - Message delivered to api [0]
[2024-12-02T00:17:50.109+0000] {dag_data.py:22} INFO - Message delivered to api [0]
[2024-12-02T00:17:50.109+0000] {dag_data.py:22} INFO - Message delivered to api [0]
[2024-12-02T00:17:50.109+0000] {dag_data.py:22} INFO - Message delivered to api [0]
[2024-12-02T00:17:50.110+0000] {dag_data.py:22} INFO - Message delivered to api [0]
[2024-12-02T00:17:50.110+0000] {dag_data.py:22} INFO - Message delivered to api [0]
[2024-12-02T00:17:50.111+0000] {dag_data.py:22} INFO - Message delivered to api [0]
[2024-12-02T00:17:50.111+0000] {dag_data.py:22} INFO - Message delivered to api [0]
[2024-12-02T00:17:50.111+0000] {dag_data.py:22} INFO - Message delivered to api [0]
[2024-12-02T00:17:50.112+0000] {dag_data.py:22} INFO - Message delivered to api [0]
[2024-12-02T00:17:50.112+0000] {dag_data.py:22} INFO - Message delivered to api [0]
[2024-12-02T00:17:50.112+0000] {dag_data.py:22} INFO - Message delivered to api [0]
[2024-12-02T00:17:50.113+0000] {dag_data.py:22} INFO - Message delivered to api [0]
[2024-12-02T00:17:50.113+0000] {dag_data.py:22} INFO - Message delivered to api [0]
[2024-12-02T00:17:50.113+0000] {dag_data.py:22} INFO - Message delivered to api [0]
[2024-12-02T00:17:50.114+0000] {dag_data.py:22} INFO - Message delivered to api [0]
[2024-12-02T00:17:50.114+0000] {dag_data.py:22} INFO - Message delivered to api [0]
[2024-12-02T00:17:50.114+0000] {dag_data.py:22} INFO - Message delivered to api [0]
[2024-12-02T00:17:50.115+0000] {dag_data.py:22} INFO - Message delivered to api [0]
[2024-12-02T00:17:50.115+0000] {dag_data.py:22} INFO - Message delivered to api [0]
[2024-12-02T00:17:50.115+0000] {dag_data.py:22} INFO - Message delivered to api [0]
[2024-12-02T00:17:50.116+0000] {dag_data.py:22} INFO - Message delivered to api [0]
[2024-12-02T00:17:50.116+0000] {dag_data.py:22} INFO - Message delivered to api [0]
[2024-12-02T00:17:50.117+0000] {dag_data.py:22} INFO - Message delivered to api [0]
[2024-12-02T00:17:50.117+0000] {dag_data.py:22} INFO - Message delivered to api [0]
[2024-12-02T00:17:50.117+0000] {dag_data.py:22} INFO - Message delivered to api [0]
[2024-12-02T00:17:50.118+0000] {dag_data.py:22} INFO - Message delivered to api [0]
[2024-12-02T00:17:50.118+0000] {dag_data.py:22} INFO - Message delivered to api [0]
[2024-12-02T00:17:50.118+0000] {dag_data.py:22} INFO - Message delivered to api [0]
[2024-12-02T00:17:50.119+0000] {dag_data.py:22} INFO - Message delivered to api [0]
[2024-12-02T00:17:50.119+0000] {dag_data.py:22} INFO - Message delivered to api [0]
[2024-12-02T00:17:50.119+0000] {dag_data.py:22} INFO - Message delivered to api [0]
[2024-12-02T00:17:50.120+0000] {dag_data.py:22} INFO - Message delivered to api [0]
[2024-12-02T00:17:50.120+0000] {dag_data.py:22} INFO - Message delivered to api [0]
[2024-12-02T00:17:50.120+0000] {dag_data.py:22} INFO - Message delivered to api [0]
[2024-12-02T00:17:50.121+0000] {dag_data.py:22} INFO - Message delivered to api [0]
[2024-12-02T00:17:50.121+0000] {dag_data.py:22} INFO - Message delivered to api [0]
[2024-12-02T00:17:50.121+0000] {dag_data.py:22} INFO - Message delivered to api [0]
[2024-12-02T00:17:50.122+0000] {dag_data.py:22} INFO - Message delivered to api [0]
[2024-12-02T00:17:50.122+0000] {dag_data.py:22} INFO - Message delivered to api [0]
[2024-12-02T00:17:50.122+0000] {dag_data.py:22} INFO - Message delivered to api [0]
[2024-12-02T00:17:50.123+0000] {dag_data.py:22} INFO - Message delivered to api [0]
[2024-12-02T00:17:50.123+0000] {dag_data.py:22} INFO - Message delivered to api [0]
[2024-12-02T00:17:50.124+0000] {dag_data.py:22} INFO - Message delivered to api [0]
[2024-12-02T00:17:50.124+0000] {dag_data.py:22} INFO - Message delivered to api [0]
[2024-12-02T00:17:50.124+0000] {dag_data.py:22} INFO - Message delivered to api [0]
[2024-12-02T00:17:50.125+0000] {dag_data.py:22} INFO - Message delivered to api [0]
[2024-12-02T00:17:50.125+0000] {dag_data.py:22} INFO - Message delivered to api [0]
[2024-12-02T00:17:50.126+0000] {dag_data.py:22} INFO - Message delivered to api [0]
[2024-12-02T00:17:50.126+0000] {dag_data.py:22} INFO - Message delivered to api [0]
[2024-12-02T00:17:50.126+0000] {dag_data.py:22} INFO - Message delivered to api [0]
[2024-12-02T00:17:50.127+0000] {dag_data.py:22} INFO - Message delivered to api [0]
[2024-12-02T00:17:50.127+0000] {dag_data.py:22} INFO - Message delivered to api [0]
[2024-12-02T00:17:50.127+0000] {dag_data.py:22} INFO - Message delivered to api [0]
[2024-12-02T00:17:50.128+0000] {dag_data.py:22} INFO - Message delivered to api [0]
[2024-12-02T00:17:50.128+0000] {dag_data.py:22} INFO - Message delivered to api [0]
[2024-12-02T00:17:50.128+0000] {dag_data.py:22} INFO - Message delivered to api [0]
[2024-12-02T00:17:50.129+0000] {dag_data.py:22} INFO - Message delivered to api [0]
[2024-12-02T00:17:50.129+0000] {dag_data.py:22} INFO - Message delivered to api [0]
[2024-12-02T00:17:50.130+0000] {dag_data.py:22} INFO - Message delivered to api [0]
[2024-12-02T00:17:50.130+0000] {dag_data.py:22} INFO - Message delivered to api [0]
[2024-12-02T00:17:50.131+0000] {dag_data.py:22} INFO - Message delivered to api [0]
[2024-12-02T00:17:50.131+0000] {dag_data.py:22} INFO - Message delivered to api [0]
[2024-12-02T00:17:50.132+0000] {dag_data.py:22} INFO - Message delivered to api [0]
[2024-12-02T00:17:50.132+0000] {dag_data.py:22} INFO - Message delivered to api [0]
[2024-12-02T00:17:50.133+0000] {dag_data.py:22} INFO - Message delivered to api [0]
[2024-12-02T00:17:50.133+0000] {dag_data.py:22} INFO - Message delivered to api [0]
[2024-12-02T00:17:50.134+0000] {dag_data.py:22} INFO - Message delivered to api [0]
[2024-12-02T00:17:50.135+0000] {dag_data.py:22} INFO - Message delivered to api [0]
[2024-12-02T00:17:50.135+0000] {dag_data.py:22} INFO - Message delivered to api [0]
[2024-12-02T00:17:50.136+0000] {dag_data.py:22} INFO - Message delivered to api [0]
[2024-12-02T00:17:50.136+0000] {dag_data.py:22} INFO - Message delivered to api [0]
[2024-12-02T00:17:50.137+0000] {dag_data.py:22} INFO - Message delivered to api [0]
[2024-12-02T00:17:50.137+0000] {dag_data.py:22} INFO - Message delivered to api [0]
[2024-12-02T00:17:50.138+0000] {dag_data.py:22} INFO - Message delivered to api [0]
[2024-12-02T00:17:50.138+0000] {dag_data.py:22} INFO - Message delivered to api [0]
[2024-12-02T00:17:50.139+0000] {dag_data.py:22} INFO - Message delivered to api [0]
[2024-12-02T00:17:50.139+0000] {dag_data.py:22} INFO - Message delivered to api [0]
[2024-12-02T00:17:50.140+0000] {dag_data.py:22} INFO - Message delivered to api [0]
[2024-12-02T00:17:50.140+0000] {dag_data.py:22} INFO - Message delivered to api [0]
[2024-12-02T00:17:50.140+0000] {dag_data.py:22} INFO - Message delivered to api [0]
[2024-12-02T00:17:50.141+0000] {dag_data.py:22} INFO - Message delivered to api [0]
[2024-12-02T00:17:50.141+0000] {dag_data.py:22} INFO - Message delivered to api [0]
[2024-12-02T00:17:50.142+0000] {dag_data.py:22} INFO - Message delivered to api [0]
[2024-12-02T00:17:50.142+0000] {dag_data.py:22} INFO - Message delivered to api [0]
[2024-12-02T00:17:50.143+0000] {dag_data.py:22} INFO - Message delivered to api [0]
[2024-12-02T00:17:50.143+0000] {dag_data.py:22} INFO - Message delivered to api [0]
[2024-12-02T00:17:50.144+0000] {dag_data.py:22} INFO - Message delivered to api [0]
[2024-12-02T00:17:50.144+0000] {dag_data.py:22} INFO - Message delivered to api [0]
[2024-12-02T00:17:50.144+0000] {dag_data.py:22} INFO - Message delivered to api [0]
[2024-12-02T00:17:50.145+0000] {dag_data.py:22} INFO - Message delivered to api [0]
[2024-12-02T00:17:50.145+0000] {dag_data.py:22} INFO - Message delivered to api [0]
[2024-12-02T00:17:50.146+0000] {dag_data.py:22} INFO - Message delivered to api [0]
[2024-12-02T00:17:50.146+0000] {dag_data.py:22} INFO - Message delivered to api [0]
[2024-12-02T00:17:50.147+0000] {dag_data.py:22} INFO - Message delivered to api [0]
[2024-12-02T00:17:50.147+0000] {dag_data.py:22} INFO - Message delivered to api [0]
[2024-12-02T00:17:50.147+0000] {dag_data.py:22} INFO - Message delivered to api [0]
[2024-12-02T00:17:50.148+0000] {dag_data.py:22} INFO - Message delivered to api [0]
[2024-12-02T00:17:50.148+0000] {dag_data.py:22} INFO - Message delivered to api [0]
[2024-12-02T00:17:50.149+0000] {dag_data.py:22} INFO - Message delivered to api [0]
[2024-12-02T00:17:50.149+0000] {dag_data.py:22} INFO - Message delivered to api [0]
[2024-12-02T00:17:50.150+0000] {dag_data.py:22} INFO - Message delivered to api [0]
[2024-12-02T00:17:50.150+0000] {dag_data.py:22} INFO - Message delivered to api [0]
[2024-12-02T00:17:50.150+0000] {dag_data.py:22} INFO - Message delivered to api [0]
[2024-12-02T00:17:50.151+0000] {dag_data.py:22} INFO - Message delivered to api [0]
[2024-12-02T00:17:50.151+0000] {dag_data.py:22} INFO - Message delivered to api [0]
[2024-12-02T00:17:50.151+0000] {dag_data.py:22} INFO - Message delivered to api [0]
[2024-12-02T00:17:50.152+0000] {dag_data.py:22} INFO - Message delivered to api [0]
[2024-12-02T00:17:50.152+0000] {dag_data.py:22} INFO - Message delivered to api [0]
[2024-12-02T00:17:50.152+0000] {dag_data.py:22} INFO - Message delivered to api [0]
[2024-12-02T00:17:50.153+0000] {dag_data.py:22} INFO - Message delivered to api [0]
[2024-12-02T00:17:50.153+0000] {dag_data.py:22} INFO - Message delivered to api [0]
[2024-12-02T00:17:50.154+0000] {dag_data.py:22} INFO - Message delivered to api [0]
[2024-12-02T00:17:50.154+0000] {dag_data.py:22} INFO - Message delivered to api [0]
[2024-12-02T00:17:50.154+0000] {dag_data.py:22} INFO - Message delivered to api [0]
[2024-12-02T00:17:50.155+0000] {dag_data.py:22} INFO - Message delivered to api [0]
[2024-12-02T00:17:50.155+0000] {dag_data.py:22} INFO - Message delivered to api [0]
[2024-12-02T00:17:50.156+0000] {dag_data.py:22} INFO - Message delivered to api [0]
[2024-12-02T00:17:50.156+0000] {dag_data.py:22} INFO - Message delivered to api [0]
[2024-12-02T00:17:50.156+0000] {dag_data.py:22} INFO - Message delivered to api [0]
[2024-12-02T00:17:50.157+0000] {dag_data.py:22} INFO - Message delivered to api [0]
[2024-12-02T00:17:50.157+0000] {dag_data.py:22} INFO - Message delivered to api [0]
[2024-12-02T00:17:50.158+0000] {dag_data.py:22} INFO - Message delivered to api [0]
[2024-12-02T00:17:50.158+0000] {dag_data.py:22} INFO - Message delivered to api [0]
[2024-12-02T00:17:50.158+0000] {dag_data.py:22} INFO - Message delivered to api [0]
[2024-12-02T00:17:50.159+0000] {dag_data.py:22} INFO - Message delivered to api [0]
[2024-12-02T00:17:50.159+0000] {dag_data.py:22} INFO - Message delivered to api [0]
[2024-12-02T00:17:50.159+0000] {dag_data.py:22} INFO - Message delivered to api [0]
[2024-12-02T00:17:50.160+0000] {dag_data.py:22} INFO - Message delivered to api [0]
[2024-12-02T00:17:50.160+0000] {dag_data.py:22} INFO - Message delivered to api [0]
[2024-12-02T00:17:50.160+0000] {dag_data.py:22} INFO - Message delivered to api [0]
[2024-12-02T00:17:50.161+0000] {dag_data.py:22} INFO - Message delivered to api [0]
[2024-12-02T00:17:50.161+0000] {dag_data.py:22} INFO - Message delivered to api [0]
[2024-12-02T00:17:50.162+0000] {dag_data.py:22} INFO - Message delivered to api [0]
[2024-12-02T00:17:50.162+0000] {dag_data.py:22} INFO - Message delivered to api [0]
[2024-12-02T00:17:50.162+0000] {dag_data.py:22} INFO - Message delivered to api [0]
[2024-12-02T00:17:50.163+0000] {dag_data.py:22} INFO - Message delivered to api [0]
[2024-12-02T00:17:50.163+0000] {dag_data.py:22} INFO - Message delivered to api [0]
[2024-12-02T00:17:50.163+0000] {dag_data.py:22} INFO - Message delivered to api [0]
[2024-12-02T00:17:50.164+0000] {dag_data.py:22} INFO - Message delivered to api [0]
[2024-12-02T00:17:50.164+0000] {dag_data.py:22} INFO - Message delivered to api [0]
[2024-12-02T00:17:50.165+0000] {dag_data.py:22} INFO - Message delivered to api [0]
[2024-12-02T00:17:50.165+0000] {dag_data.py:22} INFO - Message delivered to api [0]
[2024-12-02T00:17:50.166+0000] {dag_data.py:22} INFO - Message delivered to api [0]
[2024-12-02T00:17:50.166+0000] {dag_data.py:22} INFO - Message delivered to api [0]
[2024-12-02T00:17:50.167+0000] {dag_data.py:22} INFO - Message delivered to api [0]
[2024-12-02T00:17:50.167+0000] {dag_data.py:22} INFO - Message delivered to api [0]
[2024-12-02T00:17:50.168+0000] {dag_data.py:22} INFO - Message delivered to api [0]
[2024-12-02T00:17:50.168+0000] {dag_data.py:22} INFO - Message delivered to api [0]
[2024-12-02T00:17:50.169+0000] {dag_data.py:22} INFO - Message delivered to api [0]
[2024-12-02T00:17:50.170+0000] {dag_data.py:22} INFO - Message delivered to api [0]
[2024-12-02T00:17:50.170+0000] {dag_data.py:22} INFO - Message delivered to api [0]
[2024-12-02T00:17:50.171+0000] {dag_data.py:22} INFO - Message delivered to api [0]
[2024-12-02T00:17:50.171+0000] {dag_data.py:22} INFO - Message delivered to api [0]
[2024-12-02T00:17:50.172+0000] {dag_data.py:22} INFO - Message delivered to api [0]
[2024-12-02T00:17:50.172+0000] {dag_data.py:22} INFO - Message delivered to api [0]
[2024-12-02T00:17:50.172+0000] {dag_data.py:22} INFO - Message delivered to api [0]
[2024-12-02T00:17:50.173+0000] {dag_data.py:22} INFO - Message delivered to api [0]
[2024-12-02T00:17:50.174+0000] {dag_data.py:22} INFO - Message delivered to api [0]
[2024-12-02T00:17:50.174+0000] {dag_data.py:22} INFO - Message delivered to api [0]
[2024-12-02T00:17:50.174+0000] {dag_data.py:22} INFO - Message delivered to api [0]
[2024-12-02T00:17:50.175+0000] {dag_data.py:22} INFO - Message delivered to api [0]
[2024-12-02T00:17:50.175+0000] {dag_data.py:22} INFO - Message delivered to api [0]
[2024-12-02T00:17:50.176+0000] {dag_data.py:22} INFO - Message delivered to api [0]
[2024-12-02T00:17:50.176+0000] {dag_data.py:22} INFO - Message delivered to api [0]
[2024-12-02T00:17:50.177+0000] {dag_data.py:22} INFO - Message delivered to api [0]
[2024-12-02T00:17:50.177+0000] {dag_data.py:22} INFO - Message delivered to api [0]
[2024-12-02T00:17:50.177+0000] {dag_data.py:22} INFO - Message delivered to api [0]
[2024-12-02T00:17:50.178+0000] {dag_data.py:22} INFO - Message delivered to api [0]
[2024-12-02T00:17:50.178+0000] {dag_data.py:22} INFO - Message delivered to api [0]
[2024-12-02T00:17:50.178+0000] {dag_data.py:22} INFO - Message delivered to api [0]
[2024-12-02T00:17:50.179+0000] {dag_data.py:22} INFO - Message delivered to api [0]
[2024-12-02T00:17:50.179+0000] {dag_data.py:22} INFO - Message delivered to api [0]
[2024-12-02T00:17:50.179+0000] {dag_data.py:22} INFO - Message delivered to api [0]
[2024-12-02T00:17:50.180+0000] {dag_data.py:22} INFO - Message delivered to api [0]
[2024-12-02T00:17:50.180+0000] {dag_data.py:22} INFO - Message delivered to api [0]
[2024-12-02T00:17:50.180+0000] {dag_data.py:22} INFO - Message delivered to api [0]
[2024-12-02T00:17:50.181+0000] {dag_data.py:22} INFO - Message delivered to api [0]
[2024-12-02T00:17:50.181+0000] {dag_data.py:22} INFO - Message delivered to api [0]
[2024-12-02T00:17:50.181+0000] {dag_data.py:22} INFO - Message delivered to api [0]
[2024-12-02T00:17:50.182+0000] {dag_data.py:22} INFO - Message delivered to api [0]
[2024-12-02T00:17:50.183+0000] {dag_data.py:22} INFO - Message delivered to api [0]
[2024-12-02T00:17:50.183+0000] {dag_data.py:22} INFO - Message delivered to api [0]
[2024-12-02T00:17:50.183+0000] {dag_data.py:22} INFO - Message delivered to api [0]
[2024-12-02T00:17:50.184+0000] {dag_data.py:22} INFO - Message delivered to api [0]
[2024-12-02T00:17:50.184+0000] {dag_data.py:22} INFO - Message delivered to api [0]
[2024-12-02T00:17:50.185+0000] {dag_data.py:22} INFO - Message delivered to api [0]
[2024-12-02T00:17:50.185+0000] {dag_data.py:22} INFO - Message delivered to api [0]
[2024-12-02T00:17:50.185+0000] {dag_data.py:22} INFO - Message delivered to api [0]
[2024-12-02T00:17:50.186+0000] {dag_data.py:22} INFO - Message delivered to api [0]
[2024-12-02T00:17:50.186+0000] {dag_data.py:22} INFO - Message delivered to api [0]
[2024-12-02T00:17:50.187+0000] {dag_data.py:22} INFO - Message delivered to api [0]
[2024-12-02T00:17:50.187+0000] {dag_data.py:22} INFO - Message delivered to api [0]
[2024-12-02T00:17:50.187+0000] {dag_data.py:22} INFO - Message delivered to api [0]
[2024-12-02T00:17:50.188+0000] {dag_data.py:22} INFO - Message delivered to api [0]
[2024-12-02T00:17:50.188+0000] {dag_data.py:22} INFO - Message delivered to api [0]
[2024-12-02T00:17:50.188+0000] {dag_data.py:22} INFO - Message delivered to api [0]
[2024-12-02T00:17:50.189+0000] {dag_data.py:22} INFO - Message delivered to api [0]
[2024-12-02T00:17:50.189+0000] {dag_data.py:22} INFO - Message delivered to api [0]
[2024-12-02T00:17:50.190+0000] {dag_data.py:22} INFO - Message delivered to api [0]
[2024-12-02T00:17:50.190+0000] {dag_data.py:22} INFO - Message delivered to api [0]
[2024-12-02T00:17:50.190+0000] {dag_data.py:22} INFO - Message delivered to api [0]
[2024-12-02T00:17:50.191+0000] {dag_data.py:22} INFO - Message delivered to api [0]
[2024-12-02T00:17:50.191+0000] {dag_data.py:22} INFO - Message delivered to api [0]
[2024-12-02T00:17:50.191+0000] {dag_data.py:22} INFO - Message delivered to api [0]
[2024-12-02T00:17:50.192+0000] {dag_data.py:22} INFO - Message delivered to api [0]
[2024-12-02T00:17:50.192+0000] {dag_data.py:22} INFO - Message delivered to api [0]
[2024-12-02T00:17:50.193+0000] {dag_data.py:22} INFO - Message delivered to api [0]
[2024-12-02T00:17:50.193+0000] {dag_data.py:22} INFO - Message delivered to api [0]
[2024-12-02T00:17:50.193+0000] {dag_data.py:22} INFO - Message delivered to api [0]
[2024-12-02T00:17:50.194+0000] {dag_data.py:22} INFO - Message delivered to api [0]
[2024-12-02T00:17:50.194+0000] {dag_data.py:22} INFO - Message delivered to api [0]
[2024-12-02T00:17:50.194+0000] {dag_data.py:22} INFO - Message delivered to api [0]
[2024-12-02T00:17:50.195+0000] {dag_data.py:22} INFO - Message delivered to api [0]
[2024-12-02T00:17:50.195+0000] {dag_data.py:22} INFO - Message delivered to api [0]
[2024-12-02T00:17:50.195+0000] {dag_data.py:22} INFO - Message delivered to api [0]
[2024-12-02T00:17:50.196+0000] {dag_data.py:22} INFO - Message delivered to api [0]
[2024-12-02T00:17:50.197+0000] {dag_data.py:22} INFO - Message delivered to api [0]
[2024-12-02T00:17:50.197+0000] {dag_data.py:22} INFO - Message delivered to api [0]
[2024-12-02T00:17:50.198+0000] {dag_data.py:22} INFO - Message delivered to api [0]
[2024-12-02T00:17:50.198+0000] {dag_data.py:22} INFO - Message delivered to api [0]
[2024-12-02T00:17:50.199+0000] {dag_data.py:22} INFO - Message delivered to api [0]
[2024-12-02T00:17:50.200+0000] {dag_data.py:22} INFO - Message delivered to api [0]
[2024-12-02T00:17:50.200+0000] {dag_data.py:22} INFO - Message delivered to api [0]
[2024-12-02T00:17:50.201+0000] {dag_data.py:22} INFO - Message delivered to api [0]
[2024-12-02T00:17:50.201+0000] {dag_data.py:22} INFO - Message delivered to api [0]
[2024-12-02T00:17:50.202+0000] {dag_data.py:22} INFO - Message delivered to api [0]
[2024-12-02T00:17:50.202+0000] {dag_data.py:22} INFO - Message delivered to api [0]
[2024-12-02T00:17:50.203+0000] {dag_data.py:22} INFO - Message delivered to api [0]
[2024-12-02T00:17:50.203+0000] {dag_data.py:22} INFO - Message delivered to api [0]
[2024-12-02T00:17:50.204+0000] {dag_data.py:22} INFO - Message delivered to api [0]
[2024-12-02T00:17:50.204+0000] {dag_data.py:22} INFO - Message delivered to api [0]
[2024-12-02T00:17:50.205+0000] {dag_data.py:22} INFO - Message delivered to api [0]
[2024-12-02T00:17:50.205+0000] {dag_data.py:22} INFO - Message delivered to api [0]
[2024-12-02T00:17:50.205+0000] {dag_data.py:22} INFO - Message delivered to api [0]
[2024-12-02T00:17:50.206+0000] {dag_data.py:22} INFO - Message delivered to api [0]
[2024-12-02T00:17:50.206+0000] {dag_data.py:22} INFO - Message delivered to api [0]
[2024-12-02T00:17:50.207+0000] {dag_data.py:22} INFO - Message delivered to api [0]
[2024-12-02T00:17:50.207+0000] {dag_data.py:22} INFO - Message delivered to api [0]
[2024-12-02T00:17:50.208+0000] {dag_data.py:22} INFO - Message delivered to api [0]
[2024-12-02T00:17:50.208+0000] {dag_data.py:22} INFO - Message delivered to api [0]
[2024-12-02T00:17:50.209+0000] {dag_data.py:22} INFO - Message delivered to api [0]
[2024-12-02T00:17:50.209+0000] {dag_data.py:22} INFO - Message delivered to api [0]
[2024-12-02T00:17:50.210+0000] {dag_data.py:22} INFO - Message delivered to api [0]
[2024-12-02T00:17:50.210+0000] {dag_data.py:22} INFO - Message delivered to api [0]
[2024-12-02T00:17:50.211+0000] {dag_data.py:22} INFO - Message delivered to api [0]
[2024-12-02T00:17:50.211+0000] {dag_data.py:22} INFO - Message delivered to api [0]
[2024-12-02T00:17:50.212+0000] {dag_data.py:22} INFO - Message delivered to api [0]
[2024-12-02T00:17:50.212+0000] {dag_data.py:22} INFO - Message delivered to api [0]
[2024-12-02T00:17:50.212+0000] {dag_data.py:22} INFO - Message delivered to api [0]
[2024-12-02T00:17:50.213+0000] {dag_data.py:22} INFO - Message delivered to api [0]
[2024-12-02T00:17:50.213+0000] {dag_data.py:22} INFO - Message delivered to api [0]
[2024-12-02T00:17:50.214+0000] {dag_data.py:22} INFO - Message delivered to api [0]
[2024-12-02T00:17:50.214+0000] {dag_data.py:22} INFO - Message delivered to api [0]
[2024-12-02T00:17:50.215+0000] {dag_data.py:22} INFO - Message delivered to api [0]
[2024-12-02T00:17:50.215+0000] {dag_data.py:22} INFO - Message delivered to api [0]
[2024-12-02T00:17:50.216+0000] {dag_data.py:22} INFO - Message delivered to api [0]
[2024-12-02T00:17:50.216+0000] {dag_data.py:22} INFO - Message delivered to api [0]
[2024-12-02T00:17:50.217+0000] {dag_data.py:22} INFO - Message delivered to api [0]
[2024-12-02T00:17:50.217+0000] {dag_data.py:22} INFO - Message delivered to api [0]
[2024-12-02T00:17:50.218+0000] {dag_data.py:22} INFO - Message delivered to api [0]
[2024-12-02T00:17:50.218+0000] {dag_data.py:22} INFO - Message delivered to api [0]
[2024-12-02T00:17:50.218+0000] {dag_data.py:22} INFO - Message delivered to api [0]
[2024-12-02T00:17:50.219+0000] {dag_data.py:22} INFO - Message delivered to api [0]
[2024-12-02T00:17:50.219+0000] {dag_data.py:22} INFO - Message delivered to api [0]
[2024-12-02T00:17:50.220+0000] {dag_data.py:22} INFO - Message delivered to api [0]
[2024-12-02T00:17:50.220+0000] {dag_data.py:22} INFO - Message delivered to api [0]
[2024-12-02T00:17:50.221+0000] {dag_data.py:22} INFO - Message delivered to api [0]
[2024-12-02T00:17:50.221+0000] {dag_data.py:22} INFO - Message delivered to api [0]
[2024-12-02T00:17:50.221+0000] {dag_data.py:22} INFO - Message delivered to api [0]
[2024-12-02T00:17:50.222+0000] {dag_data.py:22} INFO - Message delivered to api [0]
[2024-12-02T00:17:50.222+0000] {dag_data.py:22} INFO - Message delivered to api [0]
[2024-12-02T00:17:50.223+0000] {dag_data.py:22} INFO - Message delivered to api [0]
[2024-12-02T00:17:50.223+0000] {dag_data.py:22} INFO - Message delivered to api [0]
[2024-12-02T00:17:50.224+0000] {dag_data.py:22} INFO - Message delivered to api [0]
[2024-12-02T00:17:50.225+0000] {dag_data.py:22} INFO - Message delivered to api [0]
[2024-12-02T00:17:50.225+0000] {dag_data.py:22} INFO - Message delivered to api [0]
[2024-12-02T00:17:50.226+0000] {dag_data.py:22} INFO - Message delivered to api [0]
[2024-12-02T00:17:50.226+0000] {dag_data.py:22} INFO - Message delivered to api [0]
[2024-12-02T00:17:50.227+0000] {dag_data.py:22} INFO - Message delivered to api [0]
[2024-12-02T00:17:50.227+0000] {dag_data.py:22} INFO - Message delivered to api [0]
[2024-12-02T00:17:50.228+0000] {dag_data.py:22} INFO - Message delivered to api [0]
[2024-12-02T00:17:50.228+0000] {dag_data.py:22} INFO - Message delivered to api [0]
[2024-12-02T00:17:50.228+0000] {dag_data.py:22} INFO - Message delivered to api [0]
[2024-12-02T00:17:50.229+0000] {dag_data.py:22} INFO - Message delivered to api [0]
[2024-12-02T00:17:50.230+0000] {dag_data.py:22} INFO - Message delivered to api [0]
[2024-12-02T00:17:50.230+0000] {dag_data.py:22} INFO - Message delivered to api [0]
[2024-12-02T00:17:50.230+0000] {dag_data.py:22} INFO - Message delivered to api [0]
[2024-12-02T00:17:50.231+0000] {dag_data.py:22} INFO - Message delivered to api [0]
[2024-12-02T00:17:50.231+0000] {dag_data.py:22} INFO - Message delivered to api [0]
[2024-12-02T00:17:50.232+0000] {dag_data.py:22} INFO - Message delivered to api [0]
[2024-12-02T00:17:50.233+0000] {dag_data.py:22} INFO - Message delivered to api [0]
[2024-12-02T00:17:50.233+0000] {dag_data.py:22} INFO - Message delivered to api [0]
[2024-12-02T00:17:50.233+0000] {dag_data.py:22} INFO - Message delivered to api [0]
[2024-12-02T00:17:50.234+0000] {dag_data.py:22} INFO - Message delivered to api [0]
[2024-12-02T00:17:50.234+0000] {dag_data.py:22} INFO - Message delivered to api [0]
[2024-12-02T00:17:50.235+0000] {dag_data.py:22} INFO - Message delivered to api [0]
[2024-12-02T00:17:50.235+0000] {dag_data.py:22} INFO - Message delivered to api [0]
[2024-12-02T00:17:50.235+0000] {dag_data.py:22} INFO - Message delivered to api [0]
[2024-12-02T00:17:50.236+0000] {dag_data.py:22} INFO - Message delivered to api [0]
[2024-12-02T00:17:50.236+0000] {dag_data.py:22} INFO - Message delivered to api [0]
[2024-12-02T00:17:50.237+0000] {dag_data.py:22} INFO - Message delivered to api [0]
[2024-12-02T00:17:50.237+0000] {dag_data.py:22} INFO - Message delivered to api [0]
[2024-12-02T00:17:50.238+0000] {dag_data.py:22} INFO - Message delivered to api [0]
[2024-12-02T00:17:50.238+0000] {dag_data.py:22} INFO - Message delivered to api [0]
[2024-12-02T00:17:50.238+0000] {dag_data.py:22} INFO - Message delivered to api [0]
[2024-12-02T00:17:50.239+0000] {dag_data.py:22} INFO - Message delivered to api [0]
[2024-12-02T00:17:50.239+0000] {dag_data.py:22} INFO - Message delivered to api [0]
[2024-12-02T00:17:50.239+0000] {dag_data.py:22} INFO - Message delivered to api [0]
[2024-12-02T00:17:50.240+0000] {dag_data.py:22} INFO - Message delivered to api [0]
[2024-12-02T00:17:50.240+0000] {dag_data.py:22} INFO - Message delivered to api [0]
[2024-12-02T00:17:50.241+0000] {dag_data.py:22} INFO - Message delivered to api [0]
[2024-12-02T00:17:50.241+0000] {dag_data.py:22} INFO - Message delivered to api [0]
[2024-12-02T00:17:50.241+0000] {dag_data.py:22} INFO - Message delivered to api [0]
[2024-12-02T00:17:50.242+0000] {dag_data.py:22} INFO - Message delivered to api [0]
[2024-12-02T00:17:50.242+0000] {dag_data.py:22} INFO - Message delivered to api [0]
[2024-12-02T00:17:50.242+0000] {dag_data.py:22} INFO - Message delivered to api [0]
[2024-12-02T00:17:50.243+0000] {dag_data.py:22} INFO - Message delivered to api [0]
[2024-12-02T00:17:50.243+0000] {dag_data.py:22} INFO - Message delivered to api [0]
[2024-12-02T00:17:50.244+0000] {dag_data.py:22} INFO - Message delivered to api [0]
[2024-12-02T00:17:50.244+0000] {dag_data.py:22} INFO - Message delivered to api [0]
[2024-12-02T00:17:50.245+0000] {dag_data.py:22} INFO - Message delivered to api [0]
[2024-12-02T00:17:50.245+0000] {dag_data.py:22} INFO - Message delivered to api [0]
[2024-12-02T00:17:50.246+0000] {dag_data.py:22} INFO - Message delivered to api [0]
[2024-12-02T00:17:50.246+0000] {dag_data.py:22} INFO - Message delivered to api [0]
[2024-12-02T00:17:50.247+0000] {dag_data.py:22} INFO - Message delivered to api [0]
[2024-12-02T00:17:50.248+0000] {dag_data.py:22} INFO - Message delivered to api [0]
[2024-12-02T00:17:50.249+0000] {dag_data.py:22} INFO - Message delivered to api [0]
[2024-12-02T00:17:50.249+0000] {dag_data.py:22} INFO - Message delivered to api [0]
[2024-12-02T00:17:50.250+0000] {dag_data.py:22} INFO - Message delivered to api [0]
[2024-12-02T00:17:50.251+0000] {dag_data.py:22} INFO - Message delivered to api [0]
[2024-12-02T00:17:50.251+0000] {dag_data.py:22} INFO - Message delivered to api [0]
[2024-12-02T00:17:50.252+0000] {dag_data.py:22} INFO - Message delivered to api [0]
[2024-12-02T00:17:50.253+0000] {dag_data.py:22} INFO - Message delivered to api [0]
[2024-12-02T00:17:50.253+0000] {dag_data.py:22} INFO - Message delivered to api [0]
[2024-12-02T00:17:50.254+0000] {dag_data.py:22} INFO - Message delivered to api [0]
[2024-12-02T00:17:50.254+0000] {dag_data.py:22} INFO - Message delivered to api [0]
[2024-12-02T00:17:50.255+0000] {dag_data.py:22} INFO - Message delivered to api [0]
[2024-12-02T00:17:50.255+0000] {dag_data.py:22} INFO - Message delivered to api [0]
[2024-12-02T00:17:50.256+0000] {dag_data.py:22} INFO - Message delivered to api [0]
[2024-12-02T00:17:50.256+0000] {dag_data.py:22} INFO - Message delivered to api [0]
[2024-12-02T00:17:50.257+0000] {dag_data.py:22} INFO - Message delivered to api [0]
[2024-12-02T00:17:50.257+0000] {dag_data.py:22} INFO - Message delivered to api [0]
[2024-12-02T00:17:50.258+0000] {dag_data.py:22} INFO - Message delivered to api [0]
[2024-12-02T00:17:50.258+0000] {dag_data.py:22} INFO - Message delivered to api [0]
[2024-12-02T00:17:50.258+0000] {dag_data.py:22} INFO - Message delivered to api [0]
[2024-12-02T00:17:50.259+0000] {dag_data.py:22} INFO - Message delivered to api [0]
[2024-12-02T00:17:50.259+0000] {dag_data.py:22} INFO - Message delivered to api [0]
[2024-12-02T00:17:50.260+0000] {dag_data.py:22} INFO - Message delivered to api [0]
[2024-12-02T00:17:50.260+0000] {dag_data.py:22} INFO - Message delivered to api [0]
[2024-12-02T00:17:50.261+0000] {dag_data.py:22} INFO - Message delivered to api [0]
[2024-12-02T00:17:50.261+0000] {dag_data.py:22} INFO - Message delivered to api [0]
[2024-12-02T00:17:50.262+0000] {dag_data.py:22} INFO - Message delivered to api [0]
[2024-12-02T00:17:50.262+0000] {dag_data.py:22} INFO - Message delivered to api [0]
[2024-12-02T00:17:50.263+0000] {dag_data.py:22} INFO - Message delivered to api [0]
[2024-12-02T00:17:50.263+0000] {dag_data.py:22} INFO - Message delivered to api [0]
[2024-12-02T00:17:50.264+0000] {dag_data.py:22} INFO - Message delivered to api [0]
[2024-12-02T00:17:50.264+0000] {dag_data.py:22} INFO - Message delivered to api [0]
[2024-12-02T00:17:50.265+0000] {dag_data.py:22} INFO - Message delivered to api [0]
[2024-12-02T00:17:50.266+0000] {dag_data.py:22} INFO - Message delivered to api [0]
[2024-12-02T00:17:50.266+0000] {dag_data.py:22} INFO - Message delivered to api [0]
[2024-12-02T00:17:50.266+0000] {dag_data.py:22} INFO - Message delivered to api [0]
[2024-12-02T00:17:50.267+0000] {dag_data.py:22} INFO - Message delivered to api [0]
[2024-12-02T00:17:50.267+0000] {dag_data.py:22} INFO - Message delivered to api [0]
[2024-12-02T00:17:50.268+0000] {dag_data.py:22} INFO - Message delivered to api [0]
[2024-12-02T00:17:50.268+0000] {dag_data.py:22} INFO - Message delivered to api [0]
[2024-12-02T00:17:50.269+0000] {dag_data.py:22} INFO - Message delivered to api [0]
[2024-12-02T00:17:50.269+0000] {dag_data.py:22} INFO - Message delivered to api [0]
[2024-12-02T00:17:50.270+0000] {dag_data.py:22} INFO - Message delivered to api [0]
[2024-12-02T00:17:50.270+0000] {dag_data.py:22} INFO - Message delivered to api [0]
[2024-12-02T00:17:50.270+0000] {dag_data.py:22} INFO - Message delivered to api [0]
[2024-12-02T00:17:50.271+0000] {dag_data.py:22} INFO - Message delivered to api [0]
[2024-12-02T00:17:50.271+0000] {dag_data.py:22} INFO - Message delivered to api [0]
[2024-12-02T00:17:50.271+0000] {dag_data.py:22} INFO - Message delivered to api [0]
[2024-12-02T00:17:50.272+0000] {dag_data.py:22} INFO - Message delivered to api [0]
[2024-12-02T00:17:50.272+0000] {dag_data.py:22} INFO - Message delivered to api [0]
[2024-12-02T00:17:50.273+0000] {dag_data.py:22} INFO - Message delivered to api [0]
[2024-12-02T00:17:50.273+0000] {dag_data.py:22} INFO - Message delivered to api [0]
[2024-12-02T00:17:50.273+0000] {dag_data.py:22} INFO - Message delivered to api [0]
[2024-12-02T00:17:50.274+0000] {dag_data.py:22} INFO - Message delivered to api [0]
[2024-12-02T00:17:50.274+0000] {dag_data.py:22} INFO - Message delivered to api [0]
[2024-12-02T00:17:50.274+0000] {dag_data.py:22} INFO - Message delivered to api [0]
[2024-12-02T00:17:50.275+0000] {dag_data.py:22} INFO - Message delivered to api [0]
[2024-12-02T00:17:50.275+0000] {dag_data.py:22} INFO - Message delivered to api [0]
[2024-12-02T00:17:50.276+0000] {dag_data.py:22} INFO - Message delivered to api [0]
[2024-12-02T00:17:50.276+0000] {dag_data.py:22} INFO - Message delivered to api [0]
[2024-12-02T00:17:50.276+0000] {dag_data.py:22} INFO - Message delivered to api [0]
[2024-12-02T00:17:50.277+0000] {dag_data.py:22} INFO - Message delivered to api [0]
[2024-12-02T00:17:50.277+0000] {dag_data.py:22} INFO - Message delivered to api [0]
[2024-12-02T00:17:50.278+0000] {dag_data.py:22} INFO - Message delivered to api [0]
[2024-12-02T00:17:50.278+0000] {dag_data.py:22} INFO - Message delivered to api [0]
[2024-12-02T00:17:50.279+0000] {dag_data.py:22} INFO - Message delivered to api [0]
[2024-12-02T00:17:50.279+0000] {dag_data.py:22} INFO - Message delivered to api [0]
[2024-12-02T00:17:50.279+0000] {dag_data.py:22} INFO - Message delivered to api [0]
[2024-12-02T00:17:50.280+0000] {dag_data.py:22} INFO - Message delivered to api [0]
[2024-12-02T00:17:50.280+0000] {dag_data.py:22} INFO - Message delivered to api [0]
[2024-12-02T00:17:50.281+0000] {dag_data.py:22} INFO - Message delivered to api [0]
[2024-12-02T00:17:50.281+0000] {dag_data.py:22} INFO - Message delivered to api [0]
[2024-12-02T00:17:50.282+0000] {dag_data.py:22} INFO - Message delivered to api [0]
[2024-12-02T00:17:50.282+0000] {dag_data.py:22} INFO - Message delivered to api [0]
[2024-12-02T00:17:50.283+0000] {dag_data.py:22} INFO - Message delivered to api [0]
[2024-12-02T00:17:50.283+0000] {dag_data.py:22} INFO - Message delivered to api [0]
[2024-12-02T00:17:50.284+0000] {dag_data.py:22} INFO - Message delivered to api [0]
[2024-12-02T00:17:50.284+0000] {dag_data.py:22} INFO - Message delivered to api [0]
[2024-12-02T00:17:50.284+0000] {dag_data.py:22} INFO - Message delivered to api [0]
[2024-12-02T00:17:50.285+0000] {dag_data.py:22} INFO - Message delivered to api [0]
[2024-12-02T00:17:50.285+0000] {dag_data.py:22} INFO - Message delivered to api [0]
[2024-12-02T00:17:50.285+0000] {dag_data.py:22} INFO - Message delivered to api [0]
[2024-12-02T00:17:50.286+0000] {dag_data.py:22} INFO - Message delivered to api [0]
[2024-12-02T00:17:50.286+0000] {dag_data.py:22} INFO - Message delivered to api [0]
[2024-12-02T00:17:50.287+0000] {dag_data.py:22} INFO - Message delivered to api [0]
[2024-12-02T00:17:50.287+0000] {dag_data.py:22} INFO - Message delivered to api [0]
[2024-12-02T00:17:50.288+0000] {dag_data.py:22} INFO - Message delivered to api [0]
[2024-12-02T00:17:50.288+0000] {dag_data.py:22} INFO - Message delivered to api [0]
[2024-12-02T00:17:50.289+0000] {dag_data.py:22} INFO - Message delivered to api [0]
[2024-12-02T00:17:50.290+0000] {dag_data.py:22} INFO - Message delivered to api [0]
[2024-12-02T00:17:50.291+0000] {dag_data.py:22} INFO - Message delivered to api [0]
[2024-12-02T00:17:50.291+0000] {dag_data.py:22} INFO - Message delivered to api [0]
[2024-12-02T00:17:50.292+0000] {dag_data.py:22} INFO - Message delivered to api [0]
[2024-12-02T00:17:50.293+0000] {dag_data.py:22} INFO - Message delivered to api [0]
[2024-12-02T00:17:50.293+0000] {dag_data.py:22} INFO - Message delivered to api [0]
[2024-12-02T00:17:50.294+0000] {dag_data.py:22} INFO - Message delivered to api [0]
[2024-12-02T00:17:50.294+0000] {dag_data.py:22} INFO - Message delivered to api [0]
[2024-12-02T00:17:50.295+0000] {dag_data.py:22} INFO - Message delivered to api [0]
[2024-12-02T00:17:50.295+0000] {dag_data.py:22} INFO - Message delivered to api [0]
[2024-12-02T00:17:50.296+0000] {dag_data.py:22} INFO - Message delivered to api [0]
[2024-12-02T00:17:50.296+0000] {dag_data.py:22} INFO - Message delivered to api [0]
[2024-12-02T00:17:50.297+0000] {dag_data.py:22} INFO - Message delivered to api [0]
[2024-12-02T00:17:50.298+0000] {dag_data.py:22} INFO - Message delivered to api [0]
[2024-12-02T00:17:50.298+0000] {dag_data.py:22} INFO - Message delivered to api [0]
[2024-12-02T00:17:50.299+0000] {dag_data.py:22} INFO - Message delivered to api [0]
[2024-12-02T00:17:50.299+0000] {dag_data.py:22} INFO - Message delivered to api [0]
[2024-12-02T00:17:50.300+0000] {dag_data.py:22} INFO - Message delivered to api [0]
[2024-12-02T00:17:50.301+0000] {dag_data.py:22} INFO - Message delivered to api [0]
[2024-12-02T00:17:50.301+0000] {dag_data.py:22} INFO - Message delivered to api [0]
[2024-12-02T00:17:50.302+0000] {dag_data.py:22} INFO - Message delivered to api [0]
[2024-12-02T00:17:50.302+0000] {dag_data.py:22} INFO - Message delivered to api [0]
[2024-12-02T00:17:50.303+0000] {dag_data.py:22} INFO - Message delivered to api [0]
[2024-12-02T00:17:50.303+0000] {dag_data.py:22} INFO - Message delivered to api [0]
[2024-12-02T00:17:50.303+0000] {dag_data.py:22} INFO - Message delivered to api [0]
[2024-12-02T00:17:50.304+0000] {dag_data.py:22} INFO - Message delivered to api [0]
[2024-12-02T00:17:50.304+0000] {dag_data.py:22} INFO - Message delivered to api [0]
[2024-12-02T00:17:50.305+0000] {dag_data.py:22} INFO - Message delivered to api [0]
[2024-12-02T00:17:50.305+0000] {dag_data.py:22} INFO - Message delivered to api [0]
[2024-12-02T00:17:50.306+0000] {dag_data.py:22} INFO - Message delivered to api [0]
[2024-12-02T00:17:50.306+0000] {dag_data.py:22} INFO - Message delivered to api [0]
[2024-12-02T00:17:50.307+0000] {dag_data.py:22} INFO - Message delivered to api [0]
[2024-12-02T00:17:50.307+0000] {dag_data.py:22} INFO - Message delivered to api [0]
[2024-12-02T00:17:50.308+0000] {dag_data.py:22} INFO - Message delivered to api [0]
[2024-12-02T00:17:50.308+0000] {dag_data.py:22} INFO - Message delivered to api [0]
[2024-12-02T00:17:50.309+0000] {dag_data.py:22} INFO - Message delivered to api [0]
[2024-12-02T00:17:50.310+0000] {dag_data.py:22} INFO - Message delivered to api [0]
[2024-12-02T00:17:50.311+0000] {dag_data.py:22} INFO - Message delivered to api [0]
[2024-12-02T00:17:50.313+0000] {dag_data.py:22} INFO - Message delivered to api [0]
[2024-12-02T00:17:50.314+0000] {dag_data.py:22} INFO - Message delivered to api [0]
[2024-12-02T00:17:50.314+0000] {dag_data.py:22} INFO - Message delivered to api [0]
[2024-12-02T00:17:50.315+0000] {dag_data.py:22} INFO - Message delivered to api [0]
[2024-12-02T00:17:50.315+0000] {dag_data.py:22} INFO - Message delivered to api [0]
[2024-12-02T00:17:50.316+0000] {dag_data.py:22} INFO - Message delivered to api [0]
[2024-12-02T00:17:50.317+0000] {dag_data.py:22} INFO - Message delivered to api [0]
[2024-12-02T00:17:50.317+0000] {dag_data.py:22} INFO - Message delivered to api [0]
[2024-12-02T00:17:50.318+0000] {dag_data.py:22} INFO - Message delivered to api [0]
[2024-12-02T00:17:50.318+0000] {dag_data.py:22} INFO - Message delivered to api [0]
[2024-12-02T00:17:50.319+0000] {dag_data.py:22} INFO - Message delivered to api [0]
[2024-12-02T00:17:50.319+0000] {dag_data.py:22} INFO - Message delivered to api [0]
[2024-12-02T00:17:50.320+0000] {dag_data.py:22} INFO - Message delivered to api [0]
[2024-12-02T00:17:50.320+0000] {dag_data.py:22} INFO - Message delivered to api [0]
[2024-12-02T00:17:50.321+0000] {dag_data.py:22} INFO - Message delivered to api [0]
[2024-12-02T00:17:50.321+0000] {dag_data.py:22} INFO - Message delivered to api [0]
[2024-12-02T00:17:50.322+0000] {dag_data.py:22} INFO - Message delivered to api [0]
[2024-12-02T00:17:50.322+0000] {dag_data.py:22} INFO - Message delivered to api [0]
[2024-12-02T00:17:50.323+0000] {dag_data.py:22} INFO - Message delivered to api [0]
[2024-12-02T00:17:50.323+0000] {dag_data.py:22} INFO - Message delivered to api [0]
[2024-12-02T00:17:50.324+0000] {dag_data.py:22} INFO - Message delivered to api [0]
[2024-12-02T00:17:50.324+0000] {dag_data.py:22} INFO - Message delivered to api [0]
[2024-12-02T00:17:50.325+0000] {dag_data.py:22} INFO - Message delivered to api [0]
[2024-12-02T00:17:50.325+0000] {dag_data.py:22} INFO - Message delivered to api [0]
[2024-12-02T00:17:50.325+0000] {dag_data.py:22} INFO - Message delivered to api [0]
[2024-12-02T00:17:50.326+0000] {dag_data.py:22} INFO - Message delivered to api [0]
[2024-12-02T00:17:50.326+0000] {dag_data.py:22} INFO - Message delivered to api [0]
[2024-12-02T00:17:50.327+0000] {dag_data.py:22} INFO - Message delivered to api [0]
[2024-12-02T00:17:50.328+0000] {dag_data.py:22} INFO - Message delivered to api [0]
[2024-12-02T00:17:50.328+0000] {dag_data.py:22} INFO - Message delivered to api [0]
[2024-12-02T00:17:50.329+0000] {dag_data.py:22} INFO - Message delivered to api [0]
[2024-12-02T00:17:50.329+0000] {dag_data.py:22} INFO - Message delivered to api [0]
[2024-12-02T00:17:50.330+0000] {dag_data.py:22} INFO - Message delivered to api [0]
[2024-12-02T00:17:50.330+0000] {dag_data.py:22} INFO - Message delivered to api [0]
[2024-12-02T00:17:50.331+0000] {dag_data.py:22} INFO - Message delivered to api [0]
[2024-12-02T00:17:50.332+0000] {dag_data.py:22} INFO - Message delivered to api [0]
[2024-12-02T00:17:50.332+0000] {dag_data.py:22} INFO - Message delivered to api [0]
[2024-12-02T00:17:50.333+0000] {dag_data.py:22} INFO - Message delivered to api [0]
[2024-12-02T00:17:50.333+0000] {dag_data.py:22} INFO - Message delivered to api [0]
[2024-12-02T00:17:50.334+0000] {dag_data.py:22} INFO - Message delivered to api [0]
[2024-12-02T00:17:50.334+0000] {dag_data.py:22} INFO - Message delivered to api [0]
[2024-12-02T00:17:50.335+0000] {dag_data.py:22} INFO - Message delivered to api [0]
[2024-12-02T00:17:50.335+0000] {dag_data.py:22} INFO - Message delivered to api [0]
[2024-12-02T00:17:50.336+0000] {dag_data.py:22} INFO - Message delivered to api [0]
[2024-12-02T00:17:50.336+0000] {dag_data.py:22} INFO - Message delivered to api [0]
[2024-12-02T00:17:50.337+0000] {dag_data.py:22} INFO - Message delivered to api [0]
[2024-12-02T00:17:50.337+0000] {dag_data.py:22} INFO - Message delivered to api [0]
[2024-12-02T00:17:50.338+0000] {dag_data.py:22} INFO - Message delivered to api [0]
[2024-12-02T00:17:50.338+0000] {dag_data.py:22} INFO - Message delivered to api [0]
[2024-12-02T00:17:50.339+0000] {dag_data.py:22} INFO - Message delivered to api [0]
[2024-12-02T00:17:50.339+0000] {dag_data.py:22} INFO - Message delivered to api [0]
[2024-12-02T00:17:50.340+0000] {dag_data.py:22} INFO - Message delivered to api [0]
[2024-12-02T00:17:50.340+0000] {dag_data.py:22} INFO - Message delivered to api [0]
[2024-12-02T00:17:50.340+0000] {dag_data.py:22} INFO - Message delivered to api [0]
[2024-12-02T00:17:50.341+0000] {dag_data.py:22} INFO - Message delivered to api [0]
[2024-12-02T00:17:50.341+0000] {dag_data.py:22} INFO - Message delivered to api [0]
[2024-12-02T00:17:50.342+0000] {dag_data.py:22} INFO - Message delivered to api [0]
[2024-12-02T00:17:50.342+0000] {dag_data.py:22} INFO - Message delivered to api [0]
[2024-12-02T00:17:50.343+0000] {dag_data.py:22} INFO - Message delivered to api [0]
[2024-12-02T00:17:50.343+0000] {dag_data.py:22} INFO - Message delivered to api [0]
[2024-12-02T00:17:50.344+0000] {dag_data.py:22} INFO - Message delivered to api [0]
[2024-12-02T00:17:50.344+0000] {dag_data.py:22} INFO - Message delivered to api [0]
[2024-12-02T00:17:50.345+0000] {dag_data.py:22} INFO - Message delivered to api [0]
[2024-12-02T00:17:50.345+0000] {dag_data.py:22} INFO - Message delivered to api [0]
[2024-12-02T00:17:50.346+0000] {dag_data.py:22} INFO - Message delivered to api [0]
[2024-12-02T00:17:50.347+0000] {dag_data.py:22} INFO - Message delivered to api [0]
[2024-12-02T00:17:50.347+0000] {dag_data.py:22} INFO - Message delivered to api [0]
[2024-12-02T00:17:50.348+0000] {dag_data.py:22} INFO - Message delivered to api [0]
[2024-12-02T00:17:50.348+0000] {dag_data.py:22} INFO - Message delivered to api [0]
[2024-12-02T00:17:50.349+0000] {dag_data.py:22} INFO - Message delivered to api [0]
[2024-12-02T00:17:50.349+0000] {dag_data.py:22} INFO - Message delivered to api [0]
[2024-12-02T00:17:50.350+0000] {dag_data.py:22} INFO - Message delivered to api [0]
[2024-12-02T00:17:50.350+0000] {dag_data.py:22} INFO - Message delivered to api [0]
[2024-12-02T00:17:50.351+0000] {dag_data.py:22} INFO - Message delivered to api [0]
[2024-12-02T00:17:50.351+0000] {dag_data.py:22} INFO - Message delivered to api [0]
[2024-12-02T00:17:50.352+0000] {dag_data.py:22} INFO - Message delivered to api [0]
[2024-12-02T00:17:50.353+0000] {dag_data.py:22} INFO - Message delivered to api [0]
[2024-12-02T00:17:50.353+0000] {dag_data.py:22} INFO - Message delivered to api [0]
[2024-12-02T00:17:50.354+0000] {dag_data.py:22} INFO - Message delivered to api [0]
[2024-12-02T00:17:50.354+0000] {dag_data.py:22} INFO - Message delivered to api [0]
[2024-12-02T00:17:50.355+0000] {dag_data.py:22} INFO - Message delivered to api [0]
[2024-12-02T00:17:50.355+0000] {dag_data.py:22} INFO - Message delivered to api [0]
[2024-12-02T00:17:50.356+0000] {dag_data.py:22} INFO - Message delivered to api [0]
[2024-12-02T00:17:50.356+0000] {dag_data.py:22} INFO - Message delivered to api [0]
[2024-12-02T00:17:50.357+0000] {dag_data.py:22} INFO - Message delivered to api [0]
[2024-12-02T00:17:50.357+0000] {dag_data.py:22} INFO - Message delivered to api [0]
[2024-12-02T00:17:50.358+0000] {dag_data.py:22} INFO - Message delivered to api [0]
[2024-12-02T00:17:50.359+0000] {dag_data.py:22} INFO - Message delivered to api [0]
[2024-12-02T00:17:50.359+0000] {dag_data.py:22} INFO - Message delivered to api [0]
[2024-12-02T00:17:50.360+0000] {dag_data.py:22} INFO - Message delivered to api [0]
[2024-12-02T00:17:50.360+0000] {dag_data.py:22} INFO - Message delivered to api [0]
[2024-12-02T00:17:50.361+0000] {dag_data.py:22} INFO - Message delivered to api [0]
[2024-12-02T00:17:50.362+0000] {dag_data.py:22} INFO - Message delivered to api [0]
[2024-12-02T00:17:50.362+0000] {dag_data.py:22} INFO - Message delivered to api [0]
[2024-12-02T00:17:50.363+0000] {dag_data.py:22} INFO - Message delivered to api [0]
[2024-12-02T00:17:50.364+0000] {dag_data.py:22} INFO - Message delivered to api [0]
[2024-12-02T00:17:50.364+0000] {dag_data.py:22} INFO - Message delivered to api [0]
[2024-12-02T00:17:50.365+0000] {dag_data.py:22} INFO - Message delivered to api [0]
[2024-12-02T00:17:50.365+0000] {dag_data.py:22} INFO - Message delivered to api [0]
[2024-12-02T00:17:50.366+0000] {dag_data.py:22} INFO - Message delivered to api [0]
[2024-12-02T00:17:50.367+0000] {dag_data.py:22} INFO - Message delivered to api [0]
[2024-12-02T00:17:50.367+0000] {dag_data.py:22} INFO - Message delivered to api [0]
[2024-12-02T00:17:50.368+0000] {dag_data.py:22} INFO - Message delivered to api [0]
[2024-12-02T00:17:50.369+0000] {dag_data.py:22} INFO - Message delivered to api [0]
[2024-12-02T00:17:50.369+0000] {dag_data.py:22} INFO - Message delivered to api [0]
[2024-12-02T00:17:50.370+0000] {dag_data.py:22} INFO - Message delivered to api [0]
[2024-12-02T00:17:50.370+0000] {dag_data.py:22} INFO - Message delivered to api [0]
[2024-12-02T00:17:50.371+0000] {dag_data.py:22} INFO - Message delivered to api [0]
[2024-12-02T00:17:50.372+0000] {dag_data.py:22} INFO - Message delivered to api [0]
[2024-12-02T00:17:50.372+0000] {dag_data.py:22} INFO - Message delivered to api [0]
[2024-12-02T00:17:50.373+0000] {dag_data.py:22} INFO - Message delivered to api [0]
[2024-12-02T00:17:50.374+0000] {dag_data.py:22} INFO - Message delivered to api [0]
[2024-12-02T00:17:50.374+0000] {dag_data.py:22} INFO - Message delivered to api [0]
[2024-12-02T00:17:50.375+0000] {dag_data.py:22} INFO - Message delivered to api [0]
[2024-12-02T00:17:50.376+0000] {dag_data.py:22} INFO - Message delivered to api [0]
[2024-12-02T00:17:50.377+0000] {dag_data.py:22} INFO - Message delivered to api [0]
[2024-12-02T00:17:50.378+0000] {dag_data.py:22} INFO - Message delivered to api [0]
[2024-12-02T00:17:50.379+0000] {dag_data.py:22} INFO - Message delivered to api [0]
[2024-12-02T00:17:50.379+0000] {dag_data.py:22} INFO - Message delivered to api [0]
[2024-12-02T00:17:50.380+0000] {dag_data.py:22} INFO - Message delivered to api [0]
[2024-12-02T00:17:50.381+0000] {dag_data.py:22} INFO - Message delivered to api [0]
[2024-12-02T00:17:50.381+0000] {dag_data.py:22} INFO - Message delivered to api [0]
[2024-12-02T00:17:50.382+0000] {dag_data.py:22} INFO - Message delivered to api [0]
[2024-12-02T00:17:50.382+0000] {dag_data.py:22} INFO - Message delivered to api [0]
[2024-12-02T00:17:50.383+0000] {dag_data.py:22} INFO - Message delivered to api [0]
[2024-12-02T00:17:50.384+0000] {dag_data.py:22} INFO - Message delivered to api [0]
[2024-12-02T00:17:50.385+0000] {dag_data.py:22} INFO - Message delivered to api [0]
[2024-12-02T00:17:50.385+0000] {dag_data.py:22} INFO - Message delivered to api [0]
[2024-12-02T00:17:50.386+0000] {dag_data.py:22} INFO - Message delivered to api [0]
[2024-12-02T00:17:50.386+0000] {dag_data.py:22} INFO - Message delivered to api [0]
[2024-12-02T00:17:50.387+0000] {dag_data.py:22} INFO - Message delivered to api [0]
[2024-12-02T00:17:50.388+0000] {dag_data.py:22} INFO - Message delivered to api [0]
[2024-12-02T00:17:50.388+0000] {dag_data.py:22} INFO - Message delivered to api [0]
[2024-12-02T00:17:50.389+0000] {dag_data.py:22} INFO - Message delivered to api [0]
[2024-12-02T00:17:50.389+0000] {dag_data.py:22} INFO - Message delivered to api [0]
[2024-12-02T00:17:50.390+0000] {dag_data.py:22} INFO - Message delivered to api [0]
[2024-12-02T00:17:50.390+0000] {dag_data.py:22} INFO - Message delivered to api [0]
[2024-12-02T00:17:50.391+0000] {dag_data.py:22} INFO - Message delivered to api [0]
[2024-12-02T00:17:50.391+0000] {dag_data.py:22} INFO - Message delivered to api [0]
[2024-12-02T00:17:50.391+0000] {dag_data.py:22} INFO - Message delivered to api [0]
[2024-12-02T00:17:50.392+0000] {dag_data.py:22} INFO - Message delivered to api [0]
[2024-12-02T00:17:50.392+0000] {dag_data.py:22} INFO - Message delivered to api [0]
[2024-12-02T00:17:50.393+0000] {dag_data.py:22} INFO - Message delivered to api [0]
[2024-12-02T00:17:50.393+0000] {dag_data.py:22} INFO - Message delivered to api [0]
[2024-12-02T00:17:50.394+0000] {dag_data.py:22} INFO - Message delivered to api [0]
[2024-12-02T00:17:50.394+0000] {dag_data.py:22} INFO - Message delivered to api [0]
[2024-12-02T00:17:50.395+0000] {dag_data.py:22} INFO - Message delivered to api [0]
[2024-12-02T00:17:50.396+0000] {dag_data.py:22} INFO - Message delivered to api [0]
[2024-12-02T00:17:50.396+0000] {dag_data.py:22} INFO - Message delivered to api [0]
[2024-12-02T00:17:50.397+0000] {dag_data.py:22} INFO - Message delivered to api [0]
[2024-12-02T00:17:50.397+0000] {dag_data.py:22} INFO - Message delivered to api [0]
[2024-12-02T00:17:50.398+0000] {dag_data.py:22} INFO - Message delivered to api [0]
[2024-12-02T00:17:50.398+0000] {dag_data.py:22} INFO - Message delivered to api [0]
[2024-12-02T00:17:50.398+0000] {dag_data.py:22} INFO - Message delivered to api [0]
[2024-12-02T00:17:50.399+0000] {dag_data.py:22} INFO - Message delivered to api [0]
[2024-12-02T00:17:50.399+0000] {dag_data.py:22} INFO - Message delivered to api [0]
[2024-12-02T00:17:50.400+0000] {dag_data.py:22} INFO - Message delivered to api [0]
[2024-12-02T00:17:50.400+0000] {dag_data.py:22} INFO - Message delivered to api [0]
[2024-12-02T00:17:50.401+0000] {dag_data.py:22} INFO - Message delivered to api [0]
[2024-12-02T00:17:50.401+0000] {dag_data.py:22} INFO - Message delivered to api [0]
[2024-12-02T00:17:50.402+0000] {dag_data.py:22} INFO - Message delivered to api [0]
[2024-12-02T00:17:50.402+0000] {dag_data.py:22} INFO - Message delivered to api [0]
[2024-12-02T00:17:50.403+0000] {dag_data.py:22} INFO - Message delivered to api [0]
[2024-12-02T00:17:50.403+0000] {dag_data.py:22} INFO - Message delivered to api [0]
[2024-12-02T00:17:50.403+0000] {dag_data.py:22} INFO - Message delivered to api [0]
[2024-12-02T00:17:50.404+0000] {dag_data.py:22} INFO - Message delivered to api [0]
[2024-12-02T00:17:50.405+0000] {dag_data.py:22} INFO - Message delivered to api [0]
[2024-12-02T00:17:50.405+0000] {dag_data.py:22} INFO - Message delivered to api [0]
[2024-12-02T00:17:50.405+0000] {dag_data.py:22} INFO - Message delivered to api [0]
[2024-12-02T00:17:50.406+0000] {dag_data.py:22} INFO - Message delivered to api [0]
[2024-12-02T00:17:50.406+0000] {dag_data.py:22} INFO - Message delivered to api [0]
[2024-12-02T00:17:50.407+0000] {dag_data.py:22} INFO - Message delivered to api [0]
[2024-12-02T00:17:50.407+0000] {dag_data.py:22} INFO - Message delivered to api [0]
[2024-12-02T00:17:50.408+0000] {dag_data.py:22} INFO - Message delivered to api [0]
[2024-12-02T00:17:50.408+0000] {dag_data.py:22} INFO - Message delivered to api [0]
[2024-12-02T00:17:50.409+0000] {dag_data.py:22} INFO - Message delivered to api [0]
[2024-12-02T00:17:50.409+0000] {dag_data.py:22} INFO - Message delivered to api [0]
[2024-12-02T00:17:50.409+0000] {dag_data.py:22} INFO - Message delivered to api [0]
[2024-12-02T00:17:50.410+0000] {dag_data.py:22} INFO - Message delivered to api [0]
[2024-12-02T00:17:50.410+0000] {dag_data.py:22} INFO - Message delivered to api [0]
[2024-12-02T00:17:50.411+0000] {dag_data.py:22} INFO - Message delivered to api [0]
[2024-12-02T00:17:50.411+0000] {dag_data.py:22} INFO - Message delivered to api [0]
[2024-12-02T00:17:50.412+0000] {dag_data.py:22} INFO - Message delivered to api [0]
[2024-12-02T00:17:50.412+0000] {dag_data.py:22} INFO - Message delivered to api [0]
[2024-12-02T00:17:50.412+0000] {dag_data.py:22} INFO - Message delivered to api [0]
[2024-12-02T00:17:50.413+0000] {dag_data.py:22} INFO - Message delivered to api [0]
[2024-12-02T00:17:50.413+0000] {dag_data.py:22} INFO - Message delivered to api [0]
[2024-12-02T00:17:50.413+0000] {dag_data.py:22} INFO - Message delivered to api [0]
[2024-12-02T00:17:50.414+0000] {dag_data.py:22} INFO - Message delivered to api [0]
[2024-12-02T00:17:50.414+0000] {dag_data.py:22} INFO - Message delivered to api [0]
[2024-12-02T00:17:50.415+0000] {dag_data.py:22} INFO - Message delivered to api [0]
[2024-12-02T00:17:50.415+0000] {dag_data.py:22} INFO - Message delivered to api [0]
[2024-12-02T00:17:50.416+0000] {dag_data.py:22} INFO - Message delivered to api [0]
[2024-12-02T00:17:50.416+0000] {dag_data.py:22} INFO - Message delivered to api [0]
[2024-12-02T00:17:50.416+0000] {dag_data.py:22} INFO - Message delivered to api [0]
[2024-12-02T00:17:50.417+0000] {dag_data.py:22} INFO - Message delivered to api [0]
[2024-12-02T00:17:50.417+0000] {dag_data.py:22} INFO - Message delivered to api [0]
[2024-12-02T00:17:50.418+0000] {dag_data.py:22} INFO - Message delivered to api [0]
[2024-12-02T00:17:50.418+0000] {dag_data.py:22} INFO - Message delivered to api [0]
[2024-12-02T00:17:50.419+0000] {dag_data.py:22} INFO - Message delivered to api [0]
[2024-12-02T00:17:50.419+0000] {dag_data.py:22} INFO - Message delivered to api [0]
[2024-12-02T00:17:50.420+0000] {dag_data.py:22} INFO - Message delivered to api [0]
[2024-12-02T00:17:50.420+0000] {dag_data.py:22} INFO - Message delivered to api [0]
[2024-12-02T00:17:50.421+0000] {dag_data.py:22} INFO - Message delivered to api [0]
[2024-12-02T00:17:50.421+0000] {dag_data.py:22} INFO - Message delivered to api [0]
[2024-12-02T00:17:50.422+0000] {dag_data.py:22} INFO - Message delivered to api [0]
[2024-12-02T00:17:50.422+0000] {dag_data.py:22} INFO - Message delivered to api [0]
[2024-12-02T00:17:50.423+0000] {dag_data.py:22} INFO - Message delivered to api [0]
[2024-12-02T00:17:50.423+0000] {dag_data.py:22} INFO - Message delivered to api [0]
[2024-12-02T00:17:50.424+0000] {dag_data.py:22} INFO - Message delivered to api [0]
[2024-12-02T00:17:50.424+0000] {dag_data.py:22} INFO - Message delivered to api [0]
[2024-12-02T00:17:50.425+0000] {dag_data.py:22} INFO - Message delivered to api [0]
[2024-12-02T00:17:50.425+0000] {dag_data.py:22} INFO - Message delivered to api [0]
[2024-12-02T00:17:50.426+0000] {dag_data.py:22} INFO - Message delivered to api [0]
[2024-12-02T00:17:50.426+0000] {dag_data.py:22} INFO - Message delivered to api [0]
[2024-12-02T00:17:50.427+0000] {dag_data.py:22} INFO - Message delivered to api [0]
[2024-12-02T00:17:50.427+0000] {dag_data.py:22} INFO - Message delivered to api [0]
[2024-12-02T00:17:50.427+0000] {dag_data.py:22} INFO - Message delivered to api [0]
[2024-12-02T00:17:50.428+0000] {dag_data.py:22} INFO - Message delivered to api [0]
[2024-12-02T00:17:50.428+0000] {dag_data.py:22} INFO - Message delivered to api [0]
[2024-12-02T00:17:50.429+0000] {dag_data.py:22} INFO - Message delivered to api [0]
[2024-12-02T00:17:50.429+0000] {dag_data.py:22} INFO - Message delivered to api [0]
[2024-12-02T00:17:50.430+0000] {dag_data.py:22} INFO - Message delivered to api [0]
[2024-12-02T00:17:50.430+0000] {dag_data.py:22} INFO - Message delivered to api [0]
[2024-12-02T00:17:50.431+0000] {dag_data.py:22} INFO - Message delivered to api [0]
[2024-12-02T00:17:50.431+0000] {dag_data.py:22} INFO - Message delivered to api [0]
[2024-12-02T00:17:50.431+0000] {dag_data.py:22} INFO - Message delivered to api [0]
[2024-12-02T00:17:50.432+0000] {dag_data.py:22} INFO - Message delivered to api [0]
[2024-12-02T00:17:50.432+0000] {dag_data.py:22} INFO - Message delivered to api [0]
[2024-12-02T00:17:50.433+0000] {dag_data.py:22} INFO - Message delivered to api [0]
[2024-12-02T00:17:50.433+0000] {dag_data.py:22} INFO - Message delivered to api [0]
[2024-12-02T00:17:50.433+0000] {dag_data.py:22} INFO - Message delivered to api [0]
[2024-12-02T00:17:50.434+0000] {dag_data.py:22} INFO - Message delivered to api [0]
[2024-12-02T00:17:50.434+0000] {dag_data.py:22} INFO - Message delivered to api [0]
[2024-12-02T00:17:50.435+0000] {dag_data.py:22} INFO - Message delivered to api [0]
[2024-12-02T00:17:50.435+0000] {dag_data.py:22} INFO - Message delivered to api [0]
[2024-12-02T00:17:50.436+0000] {dag_data.py:22} INFO - Message delivered to api [0]
[2024-12-02T00:17:50.436+0000] {dag_data.py:22} INFO - Message delivered to api [0]
[2024-12-02T00:17:50.436+0000] {dag_data.py:22} INFO - Message delivered to api [0]
[2024-12-02T00:17:50.437+0000] {dag_data.py:22} INFO - Message delivered to api [0]
[2024-12-02T00:17:50.437+0000] {dag_data.py:22} INFO - Message delivered to api [0]
[2024-12-02T00:17:50.437+0000] {dag_data.py:22} INFO - Message delivered to api [0]
[2024-12-02T00:17:50.438+0000] {dag_data.py:22} INFO - Message delivered to api [0]
[2024-12-02T00:17:50.438+0000] {dag_data.py:22} INFO - Message delivered to api [0]
[2024-12-02T00:17:50.439+0000] {dag_data.py:22} INFO - Message delivered to api [0]
[2024-12-02T00:17:50.439+0000] {dag_data.py:22} INFO - Message delivered to api [0]
[2024-12-02T00:17:50.439+0000] {dag_data.py:22} INFO - Message delivered to api [0]
[2024-12-02T00:17:50.440+0000] {dag_data.py:22} INFO - Message delivered to api [0]
[2024-12-02T00:17:50.440+0000] {dag_data.py:22} INFO - Message delivered to api [0]
[2024-12-02T00:17:50.441+0000] {dag_data.py:22} INFO - Message delivered to api [0]
[2024-12-02T00:17:50.441+0000] {dag_data.py:22} INFO - Message delivered to api [0]
[2024-12-02T00:17:50.442+0000] {dag_data.py:22} INFO - Message delivered to api [0]
[2024-12-02T00:17:50.442+0000] {dag_data.py:22} INFO - Message delivered to api [0]
[2024-12-02T00:17:50.442+0000] {dag_data.py:22} INFO - Message delivered to api [0]
[2024-12-02T00:17:50.443+0000] {dag_data.py:22} INFO - Message delivered to api [0]
[2024-12-02T00:17:50.443+0000] {dag_data.py:22} INFO - Message delivered to api [0]
[2024-12-02T00:17:50.444+0000] {dag_data.py:22} INFO - Message delivered to api [0]
[2024-12-02T00:17:50.444+0000] {dag_data.py:22} INFO - Message delivered to api [0]
[2024-12-02T00:17:50.445+0000] {dag_data.py:22} INFO - Message delivered to api [0]
[2024-12-02T00:17:50.445+0000] {dag_data.py:22} INFO - Message delivered to api [0]
[2024-12-02T00:17:50.446+0000] {dag_data.py:22} INFO - Message delivered to api [0]
[2024-12-02T00:17:50.446+0000] {dag_data.py:22} INFO - Message delivered to api [0]
[2024-12-02T00:17:50.446+0000] {dag_data.py:22} INFO - Message delivered to api [0]
[2024-12-02T00:17:50.447+0000] {dag_data.py:22} INFO - Message delivered to api [0]
[2024-12-02T00:17:50.447+0000] {dag_data.py:22} INFO - Message delivered to api [0]
[2024-12-02T00:17:50.448+0000] {dag_data.py:22} INFO - Message delivered to api [0]
[2024-12-02T00:17:50.448+0000] {dag_data.py:22} INFO - Message delivered to api [0]
[2024-12-02T00:17:50.449+0000] {dag_data.py:22} INFO - Message delivered to api [0]
[2024-12-02T00:17:50.449+0000] {dag_data.py:22} INFO - Message delivered to api [0]
[2024-12-02T00:17:50.450+0000] {dag_data.py:22} INFO - Message delivered to api [0]
[2024-12-02T00:17:50.450+0000] {dag_data.py:22} INFO - Message delivered to api [0]
[2024-12-02T00:17:50.450+0000] {dag_data.py:22} INFO - Message delivered to api [0]
[2024-12-02T00:17:50.451+0000] {dag_data.py:22} INFO - Message delivered to api [0]
[2024-12-02T00:17:50.451+0000] {dag_data.py:80} INFO - Toutes les donnes de sales.csv ont t publies avec succs.
[2024-12-02T00:17:50.453+0000] {python.py:240} INFO - Done. Returned value was: None
[2024-12-02T00:17:50.470+0000] {taskinstance.py:340} INFO - ::group::Post task execution logs
[2024-12-02T00:17:50.471+0000] {taskinstance.py:352} INFO - Marking task as SUCCESS. dag_id=dag1, task_id=process_task_tag2, run_id=scheduled__2024-12-01T00:00:00+00:00, execution_date=20241201T000000, start_date=20241202T000748, end_date=20241202T001750
[2024-12-02T00:17:50.573+0000] {local_task_job_runner.py:266} INFO - Task exited with return code 0
[2024-12-02T00:17:50.609+0000] {taskinstance.py:3895} INFO - 0 downstream tasks scheduled from follow-on schedule check
[2024-12-02T00:17:50.613+0000] {local_task_job_runner.py:245} INFO - ::endgroup::
