[2024-12-01T15:44:54.934+0000] {local_task_job_runner.py:123} INFO - ::group::Pre task execution logs
[2024-12-01T15:44:54.973+0000] {taskinstance.py:2613} INFO - Dependencies all met for dep_context=non-requeueable deps ti=<TaskInstance: dag_tohive.process_task_tohive manual__2024-12-01T15:44:38.847069+00:00 [queued]>
[2024-12-01T15:44:55.000+0000] {taskinstance.py:2613} INFO - Dependencies all met for dep_context=requeueable deps ti=<TaskInstance: dag_tohive.process_task_tohive manual__2024-12-01T15:44:38.847069+00:00 [queued]>
[2024-12-01T15:44:55.002+0000] {taskinstance.py:2866} INFO - Starting attempt 1 of 1
[2024-12-01T15:44:55.072+0000] {taskinstance.py:2889} INFO - Executing <Task(PythonOperator): process_task_tohive> on 2024-12-01 15:44:38.847069+00:00
[2024-12-01T15:44:55.091+0000] {standard_task_runner.py:104} INFO - Running: ['airflow', 'tasks', 'run', 'dag_tohive', 'process_task_tohive', 'manual__2024-12-01T15:44:38.847069+00:00', '--job-id', '53', '--raw', '--subdir', 'DAGS_FOLDER/dag_tohive.py', '--cfg-path', '/tmp/tmpwhk1rrkf']
[2024-12-01T15:44:55.095+0000] {standard_task_runner.py:105} INFO - Job 53: Subtask process_task_tohive
[2024-12-01T15:44:55.096+0000] {logging_mixin.py:190} WARNING - /home/airflow/.local/lib/python3.12/site-packages/airflow/task/task_runner/standard_task_runner.py:70 DeprecationWarning: This process (pid=2338) is multi-threaded, use of fork() may lead to deadlocks in the child.
[2024-12-01T15:44:55.097+0000] {standard_task_runner.py:72} INFO - Started process 2352 to run task
[2024-12-01T15:44:55.272+0000] {task_command.py:467} INFO - Running <TaskInstance: dag_tohive.process_task_tohive manual__2024-12-01T15:44:38.847069+00:00 [running]> on host 45770b1a429e
[2024-12-01T15:44:55.504+0000] {taskinstance.py:3132} INFO - Exporting env vars: AIRFLOW_CTX_DAG_OWNER='admin' AIRFLOW_CTX_DAG_ID='dag_tohive' AIRFLOW_CTX_TASK_ID='process_task_tohive' AIRFLOW_CTX_EXECUTION_DATE='2024-12-01T15:44:38.847069+00:00' AIRFLOW_CTX_TRY_NUMBER='1' AIRFLOW_CTX_DAG_RUN_ID='manual__2024-12-01T15:44:38.847069+00:00'
[2024-12-01T15:44:55.508+0000] {taskinstance.py:731} INFO - ::endgroup::
[2024-12-01T15:44:56.569+0000] {dag_tohive.py:22} INFO - Message delivered to tohive [0]
[2024-12-01T15:44:56.570+0000] {dag_tohive.py:22} INFO - Message delivered to tohive [0]
[2024-12-01T15:44:56.571+0000] {dag_tohive.py:22} INFO - Message delivered to tohive [0]
[2024-12-01T15:44:56.572+0000] {dag_tohive.py:22} INFO - Message delivered to tohive [0]
[2024-12-01T15:44:56.572+0000] {dag_tohive.py:22} INFO - Message delivered to tohive [0]
[2024-12-01T15:44:56.573+0000] {dag_tohive.py:22} INFO - Message delivered to tohive [0]
[2024-12-01T15:44:56.574+0000] {dag_tohive.py:22} INFO - Message delivered to tohive [0]
[2024-12-01T15:44:56.575+0000] {dag_tohive.py:22} INFO - Message delivered to tohive [0]
[2024-12-01T15:44:56.575+0000] {dag_tohive.py:22} INFO - Message delivered to tohive [0]
[2024-12-01T15:44:56.576+0000] {dag_tohive.py:74} INFO - Toutes les données de sales.csv ont été publiées avec succès.
[2024-12-01T15:44:56.578+0000] {python.py:240} INFO - Done. Returned value was: None
[2024-12-01T15:44:56.599+0000] {taskinstance.py:340} INFO - ::group::Post task execution logs
[2024-12-01T15:44:56.599+0000] {taskinstance.py:352} INFO - Marking task as SUCCESS. dag_id=dag_tohive, task_id=process_task_tohive, run_id=manual__2024-12-01T15:44:38.847069+00:00, execution_date=20241201T154438, start_date=20241201T154454, end_date=20241201T154456
[2024-12-01T15:44:56.685+0000] {local_task_job_runner.py:266} INFO - Task exited with return code 0
[2024-12-01T15:44:56.717+0000] {taskinstance.py:3895} INFO - 0 downstream tasks scheduled from follow-on schedule check
[2024-12-01T15:44:56.720+0000] {local_task_job_runner.py:245} INFO - ::endgroup::
