[2024-12-02T01:52:56.250+0000] {local_task_job_runner.py:123} INFO - ::group::Pre task execution logs
[2024-12-02T01:52:56.300+0000] {taskinstance.py:2613} INFO - Dependencies all met for dep_context=non-requeueable deps ti=<TaskInstance: batch_views_creation_dag.create_payment_method_sales_summary manual__2024-12-02T01:52:38.546031+00:00 [queued]>
[2024-12-02T01:52:56.340+0000] {taskinstance.py:2613} INFO - Dependencies all met for dep_context=requeueable deps ti=<TaskInstance: batch_views_creation_dag.create_payment_method_sales_summary manual__2024-12-02T01:52:38.546031+00:00 [queued]>
[2024-12-02T01:52:56.342+0000] {taskinstance.py:2866} INFO - Starting attempt 1 of 2
[2024-12-02T01:52:56.433+0000] {taskinstance.py:2889} INFO - Executing <Task(PythonOperator): create_payment_method_sales_summary> on 2024-12-02 01:52:38.546031+00:00
[2024-12-02T01:52:56.441+0000] {standard_task_runner.py:72} INFO - Started process 1988 to run task
[2024-12-02T01:52:56.447+0000] {standard_task_runner.py:104} INFO - Running: ['airflow', 'tasks', 'run', 'batch_views_creation_dag', 'create_payment_method_sales_summary', 'manual__2024-12-02T01:52:38.546031+00:00', '--job-id', '123', '--raw', '--subdir', 'DAGS_FOLDER/batch_views.py', '--cfg-path', '/tmp/tmpz_so7hjx']
[2024-12-02T01:52:56.450+0000] {standard_task_runner.py:105} INFO - Job 123: Subtask create_payment_method_sales_summary
[2024-12-02T01:52:56.669+0000] {task_command.py:467} INFO - Running <TaskInstance: batch_views_creation_dag.create_payment_method_sales_summary manual__2024-12-02T01:52:38.546031+00:00 [running]> on host 45770b1a429e
[2024-12-02T01:52:56.928+0000] {taskinstance.py:3132} INFO - Exporting env vars: AIRFLOW_CTX_DAG_OWNER='airflow' AIRFLOW_CTX_DAG_ID='batch_views_creation_dag' AIRFLOW_CTX_TASK_ID='create_payment_method_sales_summary' AIRFLOW_CTX_EXECUTION_DATE='2024-12-02T01:52:38.546031+00:00' AIRFLOW_CTX_TRY_NUMBER='1' AIRFLOW_CTX_DAG_RUN_ID='manual__2024-12-02T01:52:38.546031+00:00'
[2024-12-02T01:52:56.931+0000] {taskinstance.py:731} INFO - ::endgroup::
[2024-12-02T01:52:57.068+0000] {hive.py:475} INFO - USE `default`
[2024-12-02T01:52:57.165+0000] {hive.py:475} INFO - 
        CREATE TABLE IF NOT EXISTS payment_method_sales_summary
        STORED AS PARQUET
        AS
        SELECT
            payment,
            SUM(total) AS total_sales,
            COUNT(DISTINCT invoice_id) AS total_invoices
        FROM
            sales
        GROUP BY
            payment
    
[2024-12-02T01:52:57.191+0000] {batch_views.py:87} INFO - Created payment_method_sales_summary view
[2024-12-02T01:52:57.210+0000] {python.py:240} INFO - Done. Returned value was: None
[2024-12-02T01:52:57.246+0000] {taskinstance.py:340} INFO - ::group::Post task execution logs
[2024-12-02T01:52:57.248+0000] {taskinstance.py:352} INFO - Marking task as SUCCESS. dag_id=batch_views_creation_dag, task_id=create_payment_method_sales_summary, run_id=manual__2024-12-02T01:52:38.546031+00:00, execution_date=20241202T015238, start_date=20241202T015256, end_date=20241202T015257
[2024-12-02T01:52:57.351+0000] {local_task_job_runner.py:266} INFO - Task exited with return code 0
[2024-12-02T01:52:57.431+0000] {taskinstance.py:3895} INFO - 1 downstream tasks scheduled from follow-on schedule check
[2024-12-02T01:52:57.461+0000] {local_task_job_runner.py:245} INFO - ::endgroup::
