[2024-12-02T01:53:02.594+0000] {local_task_job_runner.py:123} INFO - ::group::Pre task execution logs
[2024-12-02T01:53:02.622+0000] {taskinstance.py:2613} INFO - Dependencies all met for dep_context=non-requeueable deps ti=<TaskInstance: batch_views_creation_dag.create_profitability_by_product_line manual__2024-12-02T01:52:38.546031+00:00 [queued]>
[2024-12-02T01:53:02.640+0000] {taskinstance.py:2613} INFO - Dependencies all met for dep_context=requeueable deps ti=<TaskInstance: batch_views_creation_dag.create_profitability_by_product_line manual__2024-12-02T01:52:38.546031+00:00 [queued]>
[2024-12-02T01:53:02.641+0000] {taskinstance.py:2866} INFO - Starting attempt 1 of 2
[2024-12-02T01:53:02.716+0000] {taskinstance.py:2889} INFO - Executing <Task(PythonOperator): create_profitability_by_product_line> on 2024-12-02 01:52:38.546031+00:00
[2024-12-02T01:53:02.723+0000] {standard_task_runner.py:72} INFO - Started process 2004 to run task
[2024-12-02T01:53:02.728+0000] {standard_task_runner.py:104} INFO - Running: ['airflow', 'tasks', 'run', 'batch_views_creation_dag', 'create_profitability_by_product_line', 'manual__2024-12-02T01:52:38.546031+00:00', '--job-id', '124', '--raw', '--subdir', 'DAGS_FOLDER/batch_views.py', '--cfg-path', '/tmp/tmpftnvvi4n']
[2024-12-02T01:53:02.731+0000] {standard_task_runner.py:105} INFO - Job 124: Subtask create_profitability_by_product_line
[2024-12-02T01:53:02.939+0000] {task_command.py:467} INFO - Running <TaskInstance: batch_views_creation_dag.create_profitability_by_product_line manual__2024-12-02T01:52:38.546031+00:00 [running]> on host 45770b1a429e
[2024-12-02T01:53:03.268+0000] {taskinstance.py:3132} INFO - Exporting env vars: AIRFLOW_CTX_DAG_OWNER='airflow' AIRFLOW_CTX_DAG_ID='batch_views_creation_dag' AIRFLOW_CTX_TASK_ID='create_profitability_by_product_line' AIRFLOW_CTX_EXECUTION_DATE='2024-12-02T01:52:38.546031+00:00' AIRFLOW_CTX_TRY_NUMBER='1' AIRFLOW_CTX_DAG_RUN_ID='manual__2024-12-02T01:52:38.546031+00:00'
[2024-12-02T01:53:03.271+0000] {taskinstance.py:731} INFO - ::endgroup::
[2024-12-02T01:53:03.439+0000] {hive.py:475} INFO - USE `default`
[2024-12-02T01:53:03.540+0000] {hive.py:475} INFO - 
        CREATE TABLE IF NOT EXISTS profitability_by_product_line
        STORED AS PARQUET
        AS
        SELECT
            product_line,
            SUM(total) AS total_sales,
            SUM(cogs) AS total_cost,
            SUM(total) - SUM(cogs) AS total_profit
        FROM
            sales
        GROUP BY
            product_line
    
[2024-12-02T01:53:06.643+0000] {batch_views.py:47} INFO - Created profitability_by_product_line view
[2024-12-02T01:53:06.662+0000] {python.py:240} INFO - Done. Returned value was: None
[2024-12-02T01:53:06.681+0000] {taskinstance.py:340} INFO - ::group::Post task execution logs
[2024-12-02T01:53:06.682+0000] {taskinstance.py:352} INFO - Marking task as SUCCESS. dag_id=batch_views_creation_dag, task_id=create_profitability_by_product_line, run_id=manual__2024-12-02T01:52:38.546031+00:00, execution_date=20241202T015238, start_date=20241202T015302, end_date=20241202T015306
[2024-12-02T01:53:06.773+0000] {local_task_job_runner.py:266} INFO - Task exited with return code 0
[2024-12-02T01:53:06.834+0000] {taskinstance.py:3895} INFO - 1 downstream tasks scheduled from follow-on schedule check
[2024-12-02T01:53:06.850+0000] {local_task_job_runner.py:245} INFO - ::endgroup::
