[2024-12-01T21:48:21.807+0000] {local_task_job_runner.py:123} INFO - ::group::Pre task execution logs
[2024-12-01T21:48:21.833+0000] {taskinstance.py:2613} INFO - Dependencies all met for dep_context=non-requeueable deps ti=<TaskInstance: consume_kafka_to_hive.consume_kafka_messages manual__2024-12-01T21:48:15.538911+00:00 [queued]>
[2024-12-01T21:48:21.850+0000] {taskinstance.py:2613} INFO - Dependencies all met for dep_context=requeueable deps ti=<TaskInstance: consume_kafka_to_hive.consume_kafka_messages manual__2024-12-01T21:48:15.538911+00:00 [queued]>
[2024-12-01T21:48:21.851+0000] {taskinstance.py:2866} INFO - Starting attempt 1 of 2
[2024-12-01T21:48:21.921+0000] {taskinstance.py:2889} INFO - Executing <Task(PythonOperator): consume_kafka_messages> on 2024-12-01 21:48:15.538911+00:00
[2024-12-01T21:48:21.930+0000] {standard_task_runner.py:72} INFO - Started process 1045 to run task
[2024-12-01T21:48:21.940+0000] {standard_task_runner.py:104} INFO - Running: ['airflow', 'tasks', 'run', 'consume_kafka_to_hive', 'consume_kafka_messages', 'manual__2024-12-01T21:48:15.538911+00:00', '--job-id', '78', '--raw', '--subdir', 'DAGS_FOLDER/consume_kafka_to_hive.py', '--cfg-path', '/tmp/tmpgvvchrds']
[2024-12-01T21:48:21.944+0000] {standard_task_runner.py:105} INFO - Job 78: Subtask consume_kafka_messages
[2024-12-01T21:48:22.242+0000] {task_command.py:467} INFO - Running <TaskInstance: consume_kafka_to_hive.consume_kafka_messages manual__2024-12-01T21:48:15.538911+00:00 [running]> on host 45770b1a429e
[2024-12-01T21:48:22.582+0000] {taskinstance.py:3132} INFO - Exporting env vars: AIRFLOW_CTX_DAG_OWNER='airflow' AIRFLOW_CTX_DAG_ID='consume_kafka_to_hive' AIRFLOW_CTX_TASK_ID='consume_kafka_messages' AIRFLOW_CTX_EXECUTION_DATE='2024-12-01T21:48:15.538911+00:00' AIRFLOW_CTX_TRY_NUMBER='1' AIRFLOW_CTX_DAG_RUN_ID='manual__2024-12-01T21:48:15.538911+00:00'
[2024-12-01T21:48:22.587+0000] {taskinstance.py:731} INFO - ::endgroup::
[2024-12-01T21:48:22.859+0000] {hive.py:475} INFO - USE `default`
[2024-12-01T21:48:23.050+0000] {hive.py:475} INFO - 
    CREATE TABLE IF NOT EXISTS sales (
        id STRING,
        invoice_id STRING,
        branch STRING,
        city STRING,
        customer_type STRING,
        gender STRING,
        product_line STRING,
        unit_price FLOAT,
        quantity INT,
        tax_5_percent FLOAT,
        total FLOAT,
        `date` STRING,
        time STRING,
        payment STRING,
        cogs FLOAT,
        gross_margin_percentage FLOAT,
        gross_income FLOAT,
        rating FLOAT
    ) STORED AS ORC
    
[2024-12-01T21:48:23.118+0000] {logging_mixin.py:190} INFO - Subscribed to topic 'topic-hive'
[2024-12-01T21:48:23.147+0000] {logging_mixin.py:190} INFO - Raw Kafka message: b"\x00\x00\x00\x00\x03H4c88c585-9267-4063-81e7-a17b9162c467\x16631-41-3108\x02A\x0cYangon\x0cNormal\x08Male$Home and lifestyle\xecQ9B\x0eX\xb9\x81ADC\xaaC\x103/3/2019\n13:23\x16Credit card\xae'\xa2C\x86a\x98@X\xb9\x81A\xcd\xcc\xec@"
[2024-12-01T21:48:23.170+0000] {taskinstance.py:3311} ERROR - Task failed with exception
Traceback (most recent call last):
  File "/home/airflow/.local/lib/python3.12/site-packages/airflow/models/taskinstance.py", line 767, in _execute_task
    result = _execute_callable(context=context, **execute_callable_kwargs)
             ^^^^^^^^^^^^^^^^^^^^^^^^^^^^^^^^^^^^^^^^^^^^^^^^^^^^^^^^^^^^^
  File "/home/airflow/.local/lib/python3.12/site-packages/airflow/models/taskinstance.py", line 733, in _execute_callable
    return ExecutionCallableRunner(
           ^^^^^^^^^^^^^^^^^^^^^^^^
  File "/home/airflow/.local/lib/python3.12/site-packages/airflow/utils/operator_helpers.py", line 252, in run
    return self.func(*args, **kwargs)
           ^^^^^^^^^^^^^^^^^^^^^^^^^^
  File "/home/airflow/.local/lib/python3.12/site-packages/airflow/models/baseoperator.py", line 417, in wrapper
    return func(self, *args, **kwargs)
           ^^^^^^^^^^^^^^^^^^^^^^^^^^^
  File "/home/airflow/.local/lib/python3.12/site-packages/airflow/operators/python.py", line 238, in execute
    return_value = self.execute_callable()
                   ^^^^^^^^^^^^^^^^^^^^^^^
  File "/home/airflow/.local/lib/python3.12/site-packages/airflow/operators/python.py", line 256, in execute_callable
    return runner.run(*self.op_args, **self.op_kwargs)
           ^^^^^^^^^^^^^^^^^^^^^^^^^^^^^^^^^^^^^^^^^^^
  File "/home/airflow/.local/lib/python3.12/site-packages/airflow/utils/operator_helpers.py", line 252, in run
    return self.func(*args, **kwargs)
           ^^^^^^^^^^^^^^^^^^^^^^^^^^
  File "/opt/airflow/dags/consume_kafka_to_hive.py", line 85, in consume_kafka_to_hive
    data = reader.read(decoder)
           ^^^^^^^^^^^^^^^^^^^^
  File "/home/airflow/.local/lib/python3.12/site-packages/avro/io.py", line 638, in read
    return self.read_data(self.writers_schema, self.readers_schema, decoder)
           ^^^^^^^^^^^^^^^^^^^^^^^^^^^^^^^^^^^^^^^^^^^^^^^^^^^^^^^^^^^^^^^^^
  File "/home/airflow/.local/lib/python3.12/site-packages/avro/io.py", line 716, in read_data
    return self.read_record(writers_schema, readers_schema, decoder)
           ^^^^^^^^^^^^^^^^^^^^^^^^^^^^^^^^^^^^^^^^^^^^^^^^^^^^^^^^^
  File "/home/airflow/.local/lib/python3.12/site-packages/avro/io.py", line 911, in read_record
    field_val = self.read_data(field.type, readers_field.type, decoder)
                ^^^^^^^^^^^^^^^^^^^^^^^^^^^^^^^^^^^^^^^^^^^^^^^^^^^^^^^
  File "/home/airflow/.local/lib/python3.12/site-packages/avro/io.py", line 665, in read_data
    return decoder.read_utf8()
           ^^^^^^^^^^^^^^^^^^^
  File "/home/airflow/.local/lib/python3.12/site-packages/avro/io.py", line 319, in read_utf8
    return self.read_bytes().decode("utf-8")
           ^^^^^^^^^^^^^^^^^
  File "/home/airflow/.local/lib/python3.12/site-packages/avro/io.py", line 312, in read_bytes
    return self.read(self.read_long())
           ^^^^^^^^^^^^^^^^^^^^^^^^^^^
  File "/home/airflow/.local/lib/python3.12/site-packages/avro/io.py", line 216, in read
    raise avro.errors.InvalidAvroBinaryEncoding(f"Requested {n} bytes to read, expected positive integer.")
avro.errors.InvalidAvroBinaryEncoding: Requested -2 bytes to read, expected positive integer.
[2024-12-01T21:48:23.216+0000] {taskinstance.py:1225} INFO - Marking task as UP_FOR_RETRY. dag_id=consume_kafka_to_hive, task_id=consume_kafka_messages, run_id=manual__2024-12-01T21:48:15.538911+00:00, execution_date=20241201T214815, start_date=20241201T214821, end_date=20241201T214823
[2024-12-01T21:48:23.301+0000] {taskinstance.py:340} INFO - ::group::Post task execution logs
[2024-12-01T21:48:23.302+0000] {standard_task_runner.py:124} ERROR - Failed to execute job 78 for task consume_kafka_messages (Requested -2 bytes to read, expected positive integer.; 1045)
Traceback (most recent call last):
  File "/home/airflow/.local/lib/python3.12/site-packages/airflow/task/task_runner/standard_task_runner.py", line 117, in _start_by_fork
    ret = args.func(args, dag=self.dag)
          ^^^^^^^^^^^^^^^^^^^^^^^^^^^^^
  File "/home/airflow/.local/lib/python3.12/site-packages/airflow/cli/cli_config.py", line 49, in command
    return func(*args, **kwargs)
           ^^^^^^^^^^^^^^^^^^^^^
  File "/home/airflow/.local/lib/python3.12/site-packages/airflow/utils/cli.py", line 116, in wrapper
    return f(*args, **kwargs)
           ^^^^^^^^^^^^^^^^^^
  File "/home/airflow/.local/lib/python3.12/site-packages/airflow/cli/commands/task_command.py", line 483, in task_run
    task_return_code = _run_task_by_selected_method(args, _dag, ti)
                       ^^^^^^^^^^^^^^^^^^^^^^^^^^^^^^^^^^^^^^^^^^^^
  File "/home/airflow/.local/lib/python3.12/site-packages/airflow/cli/commands/task_command.py", line 256, in _run_task_by_selected_method
    return _run_raw_task(args, ti)
           ^^^^^^^^^^^^^^^^^^^^^^^
  File "/home/airflow/.local/lib/python3.12/site-packages/airflow/cli/commands/task_command.py", line 341, in _run_raw_task
    return ti._run_raw_task(
           ^^^^^^^^^^^^^^^^^
  File "/home/airflow/.local/lib/python3.12/site-packages/airflow/utils/session.py", line 97, in wrapper
    return func(*args, session=session, **kwargs)
           ^^^^^^^^^^^^^^^^^^^^^^^^^^^^^^^^^^^^^^
  File "/home/airflow/.local/lib/python3.12/site-packages/airflow/models/taskinstance.py", line 3005, in _run_raw_task
    return _run_raw_task(
           ^^^^^^^^^^^^^^
  File "/home/airflow/.local/lib/python3.12/site-packages/airflow/models/taskinstance.py", line 273, in _run_raw_task
    TaskInstance._execute_task_with_callbacks(
  File "/home/airflow/.local/lib/python3.12/site-packages/airflow/models/taskinstance.py", line 3159, in _execute_task_with_callbacks
    result = self._execute_task(context, task_orig)
             ^^^^^^^^^^^^^^^^^^^^^^^^^^^^^^^^^^^^^^
  File "/home/airflow/.local/lib/python3.12/site-packages/airflow/models/taskinstance.py", line 3183, in _execute_task
    return _execute_task(self, context, task_orig)
           ^^^^^^^^^^^^^^^^^^^^^^^^^^^^^^^^^^^^^^^
  File "/home/airflow/.local/lib/python3.12/site-packages/airflow/models/taskinstance.py", line 767, in _execute_task
    result = _execute_callable(context=context, **execute_callable_kwargs)
             ^^^^^^^^^^^^^^^^^^^^^^^^^^^^^^^^^^^^^^^^^^^^^^^^^^^^^^^^^^^^^
  File "/home/airflow/.local/lib/python3.12/site-packages/airflow/models/taskinstance.py", line 733, in _execute_callable
    return ExecutionCallableRunner(
           ^^^^^^^^^^^^^^^^^^^^^^^^
  File "/home/airflow/.local/lib/python3.12/site-packages/airflow/utils/operator_helpers.py", line 252, in run
    return self.func(*args, **kwargs)
           ^^^^^^^^^^^^^^^^^^^^^^^^^^
  File "/home/airflow/.local/lib/python3.12/site-packages/airflow/models/baseoperator.py", line 417, in wrapper
    return func(self, *args, **kwargs)
           ^^^^^^^^^^^^^^^^^^^^^^^^^^^
  File "/home/airflow/.local/lib/python3.12/site-packages/airflow/operators/python.py", line 238, in execute
    return_value = self.execute_callable()
                   ^^^^^^^^^^^^^^^^^^^^^^^
  File "/home/airflow/.local/lib/python3.12/site-packages/airflow/operators/python.py", line 256, in execute_callable
    return runner.run(*self.op_args, **self.op_kwargs)
           ^^^^^^^^^^^^^^^^^^^^^^^^^^^^^^^^^^^^^^^^^^^
  File "/home/airflow/.local/lib/python3.12/site-packages/airflow/utils/operator_helpers.py", line 252, in run
    return self.func(*args, **kwargs)
           ^^^^^^^^^^^^^^^^^^^^^^^^^^
  File "/opt/airflow/dags/consume_kafka_to_hive.py", line 85, in consume_kafka_to_hive
    data = reader.read(decoder)
           ^^^^^^^^^^^^^^^^^^^^
  File "/home/airflow/.local/lib/python3.12/site-packages/avro/io.py", line 638, in read
    return self.read_data(self.writers_schema, self.readers_schema, decoder)
           ^^^^^^^^^^^^^^^^^^^^^^^^^^^^^^^^^^^^^^^^^^^^^^^^^^^^^^^^^^^^^^^^^
  File "/home/airflow/.local/lib/python3.12/site-packages/avro/io.py", line 716, in read_data
    return self.read_record(writers_schema, readers_schema, decoder)
           ^^^^^^^^^^^^^^^^^^^^^^^^^^^^^^^^^^^^^^^^^^^^^^^^^^^^^^^^^
  File "/home/airflow/.local/lib/python3.12/site-packages/avro/io.py", line 911, in read_record
    field_val = self.read_data(field.type, readers_field.type, decoder)
                ^^^^^^^^^^^^^^^^^^^^^^^^^^^^^^^^^^^^^^^^^^^^^^^^^^^^^^^
  File "/home/airflow/.local/lib/python3.12/site-packages/avro/io.py", line 665, in read_data
    return decoder.read_utf8()
           ^^^^^^^^^^^^^^^^^^^
  File "/home/airflow/.local/lib/python3.12/site-packages/avro/io.py", line 319, in read_utf8
    return self.read_bytes().decode("utf-8")
           ^^^^^^^^^^^^^^^^^
  File "/home/airflow/.local/lib/python3.12/site-packages/avro/io.py", line 312, in read_bytes
    return self.read(self.read_long())
           ^^^^^^^^^^^^^^^^^^^^^^^^^^^
  File "/home/airflow/.local/lib/python3.12/site-packages/avro/io.py", line 216, in read
    raise avro.errors.InvalidAvroBinaryEncoding(f"Requested {n} bytes to read, expected positive integer.")
avro.errors.InvalidAvroBinaryEncoding: Requested -2 bytes to read, expected positive integer.
[2024-12-01T21:48:23.336+0000] {local_task_job_runner.py:266} INFO - Task exited with return code 1
[2024-12-01T21:48:23.400+0000] {taskinstance.py:3895} INFO - 0 downstream tasks scheduled from follow-on schedule check
[2024-12-01T21:48:23.405+0000] {local_task_job_runner.py:245} INFO - ::endgroup::
