[2024-12-02T14:34:47.385+0000] {local_task_job_runner.py:123} INFO - ::group::Pre task execution logs
[2024-12-02T14:34:47.416+0000] {taskinstance.py:2613} INFO - Dependencies all met for dep_context=non-requeueable deps ti=<TaskInstance: kafka_hive_pipeline.consume_from_kafka manual__2024-12-02T14:32:50.608074+00:00 [queued]>
[2024-12-02T14:34:47.436+0000] {taskinstance.py:2613} INFO - Dependencies all met for dep_context=requeueable deps ti=<TaskInstance: kafka_hive_pipeline.consume_from_kafka manual__2024-12-02T14:32:50.608074+00:00 [queued]>
[2024-12-02T14:34:47.437+0000] {taskinstance.py:2866} INFO - Starting attempt 1 of 1
[2024-12-02T14:34:47.494+0000] {taskinstance.py:2889} INFO - Executing <Task(PythonOperator): consume_from_kafka> on 2024-12-02 14:32:50.608074+00:00
[2024-12-02T14:34:47.506+0000] {logging_mixin.py:190} WARNING - /home/airflow/.local/lib/python3.12/site-packages/airflow/task/task_runner/standard_task_runner.py:70 DeprecationWarning: This process (pid=1944) is multi-threaded, use of fork() may lead to deadlocks in the child.
[2024-12-02T14:34:47.506+0000] {standard_task_runner.py:104} INFO - Running: ['airflow', 'tasks', 'run', 'kafka_hive_pipeline', 'consume_from_kafka', 'manual__2024-12-02T14:32:50.608074+00:00', '--job-id', '143', '--raw', '--subdir', 'DAGS_FOLDER/gestion_airflow.py', '--cfg-path', '/tmp/tmpfm5oiv6b']
[2024-12-02T14:34:47.508+0000] {standard_task_runner.py:72} INFO - Started process 1958 to run task
[2024-12-02T14:34:47.509+0000] {standard_task_runner.py:105} INFO - Job 143: Subtask consume_from_kafka
[2024-12-02T14:34:47.640+0000] {task_command.py:467} INFO - Running <TaskInstance: kafka_hive_pipeline.consume_from_kafka manual__2024-12-02T14:32:50.608074+00:00 [running]> on host 45770b1a429e
[2024-12-02T14:34:47.798+0000] {taskinstance.py:3132} INFO - Exporting env vars: AIRFLOW_CTX_DAG_OWNER='airflow' AIRFLOW_CTX_DAG_ID='kafka_hive_pipeline' AIRFLOW_CTX_TASK_ID='consume_from_kafka' AIRFLOW_CTX_EXECUTION_DATE='2024-12-02T14:32:50.608074+00:00' AIRFLOW_CTX_TRY_NUMBER='1' AIRFLOW_CTX_DAG_RUN_ID='manual__2024-12-02T14:32:50.608074+00:00'
[2024-12-02T14:34:47.800+0000] {taskinstance.py:731} INFO - ::endgroup::
[2024-12-02T14:34:48.479+0000] {hive.py:475} INFO - USE `default`
[2024-12-02T14:34:49.757+0000] {hive.py:475} INFO - 
    CREATE TABLE IF NOT EXISTS sales (
        id STRING,
        invoice_id STRING,
        branch STRING,
        city STRING,
        customer_type STRING,
        gender STRING,
        product_line STRING,
        unit_price FLOAT,
        quantity INT,
        tax_5_percent FLOAT,
        total FLOAT,
        `date` STRING,
        time STRING,
        payment STRING,
        cogs FLOAT,
        gross_margin_percentage FLOAT,
        gross_income FLOAT,
        rating FLOAT
    ) STORED AS ORC
    
[2024-12-02T14:34:49.913+0000] {kafka_to_hive_with_redis.py:70} INFO - Subscribed to topic 'topic-batch'
[2024-12-02T14:38:59.928+0000] {kafka_to_hive_with_redis.py:126} INFO - Redis batch status: DONE
[2024-12-02T14:38:59.930+0000] {kafka_to_hive_with_redis.py:75} INFO - En attente du producteur...
[2024-12-02T14:39:00.931+0000] {kafka_to_hive_with_redis.py:75} INFO - En attente du producteur...
[2024-12-02T14:39:01.933+0000] {kafka_to_hive_with_redis.py:75} INFO - En attente du producteur...
[2024-12-02T14:39:02.934+0000] {kafka_to_hive_with_redis.py:75} INFO - En attente du producteur...
[2024-12-02T14:39:03.936+0000] {kafka_to_hive_with_redis.py:75} INFO - En attente du producteur...
[2024-12-02T14:39:04.938+0000] {kafka_to_hive_with_redis.py:75} INFO - En attente du producteur...
[2024-12-02T14:39:05.939+0000] {kafka_to_hive_with_redis.py:75} INFO - En attente du producteur...
[2024-12-02T14:39:06.941+0000] {kafka_to_hive_with_redis.py:75} INFO - En attente du producteur...
[2024-12-02T14:39:07.942+0000] {kafka_to_hive_with_redis.py:75} INFO - En attente du producteur...
[2024-12-02T14:39:08.944+0000] {kafka_to_hive_with_redis.py:75} INFO - En attente du producteur...
[2024-12-02T14:39:09.945+0000] {kafka_to_hive_with_redis.py:75} INFO - En attente du producteur...
[2024-12-02T14:39:10.945+0000] {kafka_to_hive_with_redis.py:75} INFO - En attente du producteur...
[2024-12-02T14:39:11.947+0000] {kafka_to_hive_with_redis.py:75} INFO - En attente du producteur...
[2024-12-02T14:39:12.948+0000] {kafka_to_hive_with_redis.py:75} INFO - En attente du producteur...
[2024-12-02T14:39:13.950+0000] {kafka_to_hive_with_redis.py:75} INFO - En attente du producteur...
[2024-12-02T14:39:14.951+0000] {kafka_to_hive_with_redis.py:75} INFO - En attente du producteur...
[2024-12-02T14:39:15.953+0000] {kafka_to_hive_with_redis.py:75} INFO - En attente du producteur...
[2024-12-02T14:39:16.954+0000] {kafka_to_hive_with_redis.py:75} INFO - En attente du producteur...
[2024-12-02T14:39:17.955+0000] {kafka_to_hive_with_redis.py:75} INFO - En attente du producteur...
[2024-12-02T14:39:18.957+0000] {kafka_to_hive_with_redis.py:75} INFO - En attente du producteur...
[2024-12-02T14:39:19.958+0000] {kafka_to_hive_with_redis.py:75} INFO - En attente du producteur...
[2024-12-02T14:39:20.960+0000] {kafka_to_hive_with_redis.py:75} INFO - En attente du producteur...
[2024-12-02T14:39:21.962+0000] {kafka_to_hive_with_redis.py:75} INFO - En attente du producteur...
[2024-12-02T14:39:22.963+0000] {kafka_to_hive_with_redis.py:75} INFO - En attente du producteur...
[2024-12-02T14:39:23.964+0000] {kafka_to_hive_with_redis.py:75} INFO - En attente du producteur...
[2024-12-02T14:39:24.966+0000] {kafka_to_hive_with_redis.py:75} INFO - En attente du producteur...
[2024-12-02T14:39:25.967+0000] {kafka_to_hive_with_redis.py:75} INFO - En attente du producteur...
[2024-12-02T14:39:26.969+0000] {kafka_to_hive_with_redis.py:75} INFO - En attente du producteur...
[2024-12-02T14:39:27.971+0000] {kafka_to_hive_with_redis.py:75} INFO - En attente du producteur...
[2024-12-02T14:39:28.972+0000] {kafka_to_hive_with_redis.py:75} INFO - En attente du producteur...
[2024-12-02T14:39:29.974+0000] {kafka_to_hive_with_redis.py:75} INFO - En attente du producteur...
[2024-12-02T14:39:30.975+0000] {kafka_to_hive_with_redis.py:75} INFO - En attente du producteur...
[2024-12-02T14:39:31.977+0000] {kafka_to_hive_with_redis.py:75} INFO - En attente du producteur...
[2024-12-02T14:39:32.978+0000] {kafka_to_hive_with_redis.py:75} INFO - En attente du producteur...
[2024-12-02T14:39:33.980+0000] {kafka_to_hive_with_redis.py:75} INFO - En attente du producteur...
[2024-12-02T14:39:34.982+0000] {kafka_to_hive_with_redis.py:75} INFO - En attente du producteur...
[2024-12-02T14:39:35.983+0000] {kafka_to_hive_with_redis.py:75} INFO - En attente du producteur...
[2024-12-02T14:39:36.985+0000] {kafka_to_hive_with_redis.py:75} INFO - En attente du producteur...
[2024-12-02T14:39:37.986+0000] {kafka_to_hive_with_redis.py:75} INFO - En attente du producteur...
[2024-12-02T14:39:38.988+0000] {kafka_to_hive_with_redis.py:75} INFO - En attente du producteur...
[2024-12-02T14:39:39.989+0000] {kafka_to_hive_with_redis.py:75} INFO - En attente du producteur...
[2024-12-02T14:39:40.989+0000] {kafka_to_hive_with_redis.py:75} INFO - En attente du producteur...
[2024-12-02T14:39:41.991+0000] {kafka_to_hive_with_redis.py:75} INFO - En attente du producteur...
[2024-12-02T14:39:42.992+0000] {kafka_to_hive_with_redis.py:75} INFO - En attente du producteur...
[2024-12-02T14:39:43.994+0000] {kafka_to_hive_with_redis.py:75} INFO - En attente du producteur...
[2024-12-02T14:39:44.995+0000] {kafka_to_hive_with_redis.py:75} INFO - En attente du producteur...
[2024-12-02T14:39:45.997+0000] {kafka_to_hive_with_redis.py:75} INFO - En attente du producteur...
[2024-12-02T14:39:46.999+0000] {kafka_to_hive_with_redis.py:75} INFO - En attente du producteur...
[2024-12-02T14:39:48.000+0000] {kafka_to_hive_with_redis.py:75} INFO - En attente du producteur...
[2024-12-02T14:39:49.002+0000] {kafka_to_hive_with_redis.py:75} INFO - En attente du producteur...
[2024-12-02T14:39:50.004+0000] {kafka_to_hive_with_redis.py:75} INFO - En attente du producteur...
[2024-12-02T14:39:51.005+0000] {kafka_to_hive_with_redis.py:75} INFO - En attente du producteur...
[2024-12-02T14:39:52.007+0000] {kafka_to_hive_with_redis.py:75} INFO - En attente du producteur...
[2024-12-02T14:39:53.009+0000] {kafka_to_hive_with_redis.py:75} INFO - En attente du producteur...
[2024-12-02T14:39:54.012+0000] {kafka_to_hive_with_redis.py:75} INFO - En attente du producteur...
[2024-12-02T14:39:55.014+0000] {kafka_to_hive_with_redis.py:75} INFO - En attente du producteur...
[2024-12-02T14:39:56.016+0000] {kafka_to_hive_with_redis.py:75} INFO - En attente du producteur...
[2024-12-02T14:39:57.018+0000] {kafka_to_hive_with_redis.py:75} INFO - En attente du producteur...
[2024-12-02T14:39:58.019+0000] {kafka_to_hive_with_redis.py:75} INFO - En attente du producteur...
[2024-12-02T14:39:59.021+0000] {kafka_to_hive_with_redis.py:75} INFO - En attente du producteur...
[2024-12-02T14:40:00.022+0000] {kafka_to_hive_with_redis.py:75} INFO - En attente du producteur...
[2024-12-02T14:40:01.024+0000] {kafka_to_hive_with_redis.py:75} INFO - En attente du producteur...
[2024-12-02T14:40:02.025+0000] {kafka_to_hive_with_redis.py:75} INFO - En attente du producteur...
[2024-12-02T14:40:03.027+0000] {kafka_to_hive_with_redis.py:75} INFO - En attente du producteur...
[2024-12-02T14:40:04.029+0000] {kafka_to_hive_with_redis.py:75} INFO - En attente du producteur...
[2024-12-02T14:40:05.031+0000] {kafka_to_hive_with_redis.py:75} INFO - En attente du producteur...
[2024-12-02T14:40:06.033+0000] {kafka_to_hive_with_redis.py:75} INFO - En attente du producteur...
[2024-12-02T14:40:07.034+0000] {kafka_to_hive_with_redis.py:75} INFO - En attente du producteur...
[2024-12-02T14:40:08.036+0000] {kafka_to_hive_with_redis.py:75} INFO - En attente du producteur...
[2024-12-02T14:40:09.037+0000] {kafka_to_hive_with_redis.py:75} INFO - En attente du producteur...
[2024-12-02T14:40:10.039+0000] {kafka_to_hive_with_redis.py:75} INFO - En attente du producteur...
[2024-12-02T14:40:11.039+0000] {kafka_to_hive_with_redis.py:75} INFO - En attente du producteur...
[2024-12-02T14:40:12.041+0000] {kafka_to_hive_with_redis.py:75} INFO - En attente du producteur...
[2024-12-02T14:40:13.042+0000] {kafka_to_hive_with_redis.py:75} INFO - En attente du producteur...
[2024-12-02T14:40:14.044+0000] {kafka_to_hive_with_redis.py:75} INFO - En attente du producteur...
[2024-12-02T14:40:15.045+0000] {kafka_to_hive_with_redis.py:75} INFO - En attente du producteur...
[2024-12-02T14:40:16.047+0000] {kafka_to_hive_with_redis.py:75} INFO - En attente du producteur...
[2024-12-02T14:40:17.048+0000] {kafka_to_hive_with_redis.py:75} INFO - En attente du producteur...
[2024-12-02T14:40:18.050+0000] {kafka_to_hive_with_redis.py:75} INFO - En attente du producteur...
[2024-12-02T14:40:19.052+0000] {kafka_to_hive_with_redis.py:75} INFO - En attente du producteur...
[2024-12-02T14:40:20.054+0000] {kafka_to_hive_with_redis.py:75} INFO - En attente du producteur...
[2024-12-02T14:40:21.055+0000] {kafka_to_hive_with_redis.py:75} INFO - En attente du producteur...
[2024-12-02T14:40:22.057+0000] {kafka_to_hive_with_redis.py:75} INFO - En attente du producteur...
[2024-12-02T14:40:23.058+0000] {kafka_to_hive_with_redis.py:75} INFO - En attente du producteur...
[2024-12-02T14:40:24.060+0000] {kafka_to_hive_with_redis.py:75} INFO - En attente du producteur...
[2024-12-02T14:40:25.062+0000] {kafka_to_hive_with_redis.py:75} INFO - En attente du producteur...
[2024-12-02T14:40:26.064+0000] {kafka_to_hive_with_redis.py:75} INFO - En attente du producteur...
[2024-12-02T14:40:27.066+0000] {kafka_to_hive_with_redis.py:75} INFO - En attente du producteur...
[2024-12-02T14:40:28.067+0000] {kafka_to_hive_with_redis.py:75} INFO - En attente du producteur...
[2024-12-02T14:40:29.069+0000] {kafka_to_hive_with_redis.py:75} INFO - En attente du producteur...
[2024-12-02T14:40:30.071+0000] {kafka_to_hive_with_redis.py:75} INFO - En attente du producteur...
[2024-12-02T14:40:31.074+0000] {kafka_to_hive_with_redis.py:75} INFO - En attente du producteur...
[2024-12-02T14:40:32.076+0000] {kafka_to_hive_with_redis.py:75} INFO - En attente du producteur...
[2024-12-02T14:40:33.078+0000] {kafka_to_hive_with_redis.py:75} INFO - En attente du producteur...
[2024-12-02T14:40:34.079+0000] {kafka_to_hive_with_redis.py:75} INFO - En attente du producteur...
[2024-12-02T14:40:35.081+0000] {kafka_to_hive_with_redis.py:75} INFO - En attente du producteur...
[2024-12-02T14:40:36.082+0000] {kafka_to_hive_with_redis.py:75} INFO - En attente du producteur...
[2024-12-02T14:40:37.084+0000] {kafka_to_hive_with_redis.py:75} INFO - En attente du producteur...
[2024-12-02T14:40:38.085+0000] {kafka_to_hive_with_redis.py:75} INFO - En attente du producteur...
[2024-12-02T14:40:39.087+0000] {kafka_to_hive_with_redis.py:75} INFO - En attente du producteur...
[2024-12-02T14:40:40.089+0000] {kafka_to_hive_with_redis.py:75} INFO - En attente du producteur...
[2024-12-02T14:40:41.089+0000] {kafka_to_hive_with_redis.py:75} INFO - En attente du producteur...
[2024-12-02T14:40:42.091+0000] {kafka_to_hive_with_redis.py:75} INFO - En attente du producteur...
[2024-12-02T14:40:43.092+0000] {kafka_to_hive_with_redis.py:75} INFO - En attente du producteur...
[2024-12-02T14:40:44.094+0000] {kafka_to_hive_with_redis.py:75} INFO - En attente du producteur...
[2024-12-02T14:40:45.095+0000] {kafka_to_hive_with_redis.py:75} INFO - En attente du producteur...
[2024-12-02T14:40:46.097+0000] {kafka_to_hive_with_redis.py:75} INFO - En attente du producteur...
[2024-12-02T14:40:47.099+0000] {kafka_to_hive_with_redis.py:75} INFO - En attente du producteur...
[2024-12-02T14:40:48.101+0000] {kafka_to_hive_with_redis.py:75} INFO - En attente du producteur...
[2024-12-02T14:40:49.102+0000] {kafka_to_hive_with_redis.py:75} INFO - En attente du producteur...
[2024-12-02T14:40:50.104+0000] {kafka_to_hive_with_redis.py:75} INFO - En attente du producteur...
[2024-12-02T14:40:51.106+0000] {kafka_to_hive_with_redis.py:75} INFO - En attente du producteur...
[2024-12-02T14:40:52.108+0000] {kafka_to_hive_with_redis.py:75} INFO - En attente du producteur...
[2024-12-02T14:40:53.109+0000] {kafka_to_hive_with_redis.py:75} INFO - En attente du producteur...
[2024-12-02T14:40:54.111+0000] {kafka_to_hive_with_redis.py:75} INFO - En attente du producteur...
[2024-12-02T14:40:55.113+0000] {kafka_to_hive_with_redis.py:75} INFO - En attente du producteur...
[2024-12-02T14:40:56.114+0000] {kafka_to_hive_with_redis.py:75} INFO - En attente du producteur...
[2024-12-02T14:40:57.116+0000] {kafka_to_hive_with_redis.py:75} INFO - En attente du producteur...
[2024-12-02T14:40:58.118+0000] {kafka_to_hive_with_redis.py:75} INFO - En attente du producteur...
[2024-12-02T14:40:59.120+0000] {kafka_to_hive_with_redis.py:75} INFO - En attente du producteur...
[2024-12-02T14:41:00.121+0000] {kafka_to_hive_with_redis.py:75} INFO - En attente du producteur...
[2024-12-02T14:41:01.123+0000] {kafka_to_hive_with_redis.py:75} INFO - En attente du producteur...
[2024-12-02T14:41:02.124+0000] {kafka_to_hive_with_redis.py:75} INFO - En attente du producteur...
[2024-12-02T14:41:03.125+0000] {kafka_to_hive_with_redis.py:75} INFO - En attente du producteur...
[2024-12-02T14:41:04.127+0000] {kafka_to_hive_with_redis.py:75} INFO - En attente du producteur...
[2024-12-02T14:41:04.451+0000] {local_task_job_runner.py:346} WARNING - State of this instance has been externally set to failed. Terminating instance.
[2024-12-02T14:41:04.453+0000] {local_task_job_runner.py:245} INFO - ::endgroup::
[2024-12-02T14:41:04.455+0000] {process_utils.py:132} INFO - Sending 15 to group 1958. PIDs of all processes in the group: [1958]
[2024-12-02T14:41:04.456+0000] {process_utils.py:87} INFO - Sending the signal 15 to group 1958
[2024-12-02T14:41:04.457+0000] {taskinstance.py:3093} ERROR - Received SIGTERM. Terminating subprocesses.
[2024-12-02T14:41:04.534+0000] {taskinstance.py:340} INFO - ::group::Post task execution logs
[2024-12-02T14:41:04.550+0000] {process_utils.py:80} INFO - Process psutil.Process(pid=1958, status='terminated', exitcode=0, started='14:34:46') (1958) terminated with exit code 0
