[2024-12-02T19:13:08.960+0000] {local_task_job_runner.py:123} INFO - ::group::Pre task execution logs
[2024-12-02T19:13:08.994+0000] {taskinstance.py:2613} INFO - Dependencies all met for dep_context=non-requeueable deps ti=<TaskInstance: kafka_hive_pipeline.produce_to_kafka manual__2024-12-02T19:13:02.687240+00:00 [queued]>
[2024-12-02T19:13:09.019+0000] {taskinstance.py:2613} INFO - Dependencies all met for dep_context=requeueable deps ti=<TaskInstance: kafka_hive_pipeline.produce_to_kafka manual__2024-12-02T19:13:02.687240+00:00 [queued]>
[2024-12-02T19:13:09.020+0000] {taskinstance.py:2866} INFO - Starting attempt 1 of 1
[2024-12-02T19:13:09.094+0000] {taskinstance.py:2889} INFO - Executing <Task(PythonOperator): produce_to_kafka> on 2024-12-02 19:13:02.687240+00:00
[2024-12-02T19:13:09.107+0000] {logging_mixin.py:190} WARNING - /home/airflow/.local/lib/python3.12/site-packages/airflow/task/task_runner/standard_task_runner.py:70 DeprecationWarning: This process (pid=1871) is multi-threaded, use of fork() may lead to deadlocks in the child.
[2024-12-02T19:13:09.109+0000] {standard_task_runner.py:72} INFO - Started process 1885 to run task
[2024-12-02T19:13:09.107+0000] {standard_task_runner.py:104} INFO - Running: ['airflow', 'tasks', 'run', 'kafka_hive_pipeline', 'produce_to_kafka', 'manual__2024-12-02T19:13:02.687240+00:00', '--job-id', '157', '--raw', '--subdir', 'DAGS_FOLDER/gestion_airflow.py', '--cfg-path', '/tmp/tmpc6dp4bks']
[2024-12-02T19:13:09.111+0000] {standard_task_runner.py:105} INFO - Job 157: Subtask produce_to_kafka
[2024-12-02T19:13:09.265+0000] {task_command.py:467} INFO - Running <TaskInstance: kafka_hive_pipeline.produce_to_kafka manual__2024-12-02T19:13:02.687240+00:00 [running]> on host 45770b1a429e
[2024-12-02T19:13:09.495+0000] {taskinstance.py:3132} INFO - Exporting env vars: AIRFLOW_CTX_DAG_OWNER='airflow' AIRFLOW_CTX_DAG_ID='kafka_hive_pipeline' AIRFLOW_CTX_TASK_ID='produce_to_kafka' AIRFLOW_CTX_EXECUTION_DATE='2024-12-02T19:13:02.687240+00:00' AIRFLOW_CTX_TRY_NUMBER='1' AIRFLOW_CTX_DAG_RUN_ID='manual__2024-12-02T19:13:02.687240+00:00'
[2024-12-02T19:13:09.498+0000] {taskinstance.py:731} INFO - ::endgroup::
[2024-12-02T19:13:09.586+0000] {csv_to_kafka_with_redis.py:50} INFO - Loaded CSV Data:
    Invoice ID Branch       City  ... gross margin percentage gross income Rating
0  750-67-8428      A     Yangon  ...                4.761905      26.1415    9.1
1  226-31-3081      C  Naypyitaw  ...                4.761905       3.8200    9.6
2  631-41-3108      A     Yangon  ...                4.761905      16.2155    7.4
3  123-19-1176      A     Yangon  ...                4.761905      23.2880    8.4
4  373-73-7910      A     Yangon  ...                4.761905      30.2085    5.3

[5 rows x 17 columns]
[2024-12-02T19:13:09.588+0000] {csv_to_kafka_with_redis.py:84} INFO - Row data before serialization: {'id': '4ba27744-502a-4c35-9dbe-37b31b109d73', 'invoice_id': '750-67-8428', 'branch': 'A', 'city': 'Yangon', 'customer_type': 'Member', 'gender': 'Female', 'product_line': 'Health and beauty', 'unit_price': 74.69, 'quantity': 7, 'tax_5_percent': 26.1415, 'total': 548.9715, 'date': '1/5/2019', 'time': '13:08', 'payment': 'Ewallet', 'cogs': 522.83, 'gross_margin_percentage': 4.761904762, 'gross_income': 26.1415, 'rating': 9.1}
[2024-12-02T19:13:09.608+0000] {csv_to_kafka_with_redis.py:84} INFO - Row data before serialization: {'id': '4f638d1d-f8bb-4d20-b7d9-049b29ed6deb', 'invoice_id': '226-31-3081', 'branch': 'C', 'city': 'Naypyitaw', 'customer_type': 'Normal', 'gender': 'Female', 'product_line': 'Electronic accessories', 'unit_price': 15.28, 'quantity': 5, 'tax_5_percent': 3.82, 'total': 80.22, 'date': '3/8/2019', 'time': '10:29', 'payment': 'Cash', 'cogs': 76.4, 'gross_margin_percentage': 4.761904762, 'gross_income': 3.82, 'rating': 9.6}
[2024-12-02T19:13:09.610+0000] {csv_to_kafka_with_redis.py:84} INFO - Row data before serialization: {'id': '1a4c7f8f-9b55-4a61-a1ba-d13355aff5a9', 'invoice_id': '631-41-3108', 'branch': 'A', 'city': 'Yangon', 'customer_type': 'Normal', 'gender': 'Male', 'product_line': 'Home and lifestyle', 'unit_price': 46.33, 'quantity': 7, 'tax_5_percent': 16.2155, 'total': 340.5255, 'date': '3/3/2019', 'time': '13:23', 'payment': 'Credit card', 'cogs': 324.31, 'gross_margin_percentage': 4.761904762, 'gross_income': 16.2155, 'rating': 7.4}
[2024-12-02T19:13:09.612+0000] {csv_to_kafka_with_redis.py:84} INFO - Row data before serialization: {'id': '059a6818-242b-45b9-aa91-ed0ffd1dff0e', 'invoice_id': '123-19-1176', 'branch': 'A', 'city': 'Yangon', 'customer_type': 'Member', 'gender': 'Male', 'product_line': 'Health and beauty', 'unit_price': 58.22, 'quantity': 8, 'tax_5_percent': 23.288, 'total': 489.048, 'date': '1/27/2019', 'time': '20:33', 'payment': 'Ewallet', 'cogs': 465.76, 'gross_margin_percentage': 4.761904762, 'gross_income': 23.288, 'rating': 8.4}
[2024-12-02T19:13:09.614+0000] {csv_to_kafka_with_redis.py:84} INFO - Row data before serialization: {'id': '6c87f6a8-5641-4f0f-8743-9a4aab7f32a1', 'invoice_id': '373-73-7910', 'branch': 'A', 'city': 'Yangon', 'customer_type': 'Normal', 'gender': 'Male', 'product_line': 'Sports and travel', 'unit_price': 86.31, 'quantity': 7, 'tax_5_percent': 30.2085, 'total': 634.3785, 'date': '2/8/2019', 'time': '10:37', 'payment': 'Ewallet', 'cogs': 604.17, 'gross_margin_percentage': 4.761904762, 'gross_income': 30.2085, 'rating': 5.3}
[2024-12-02T19:13:09.616+0000] {csv_to_kafka_with_redis.py:84} INFO - Row data before serialization: {'id': '5faf0be2-ea8a-497a-ab70-c6b971157c46', 'invoice_id': '699-14-3026', 'branch': 'C', 'city': 'Naypyitaw', 'customer_type': 'Normal', 'gender': 'Male', 'product_line': 'Electronic accessories', 'unit_price': 85.39, 'quantity': 7, 'tax_5_percent': 29.8865, 'total': 627.6165, 'date': '3/25/2019', 'time': '18:30', 'payment': 'Ewallet', 'cogs': 597.73, 'gross_margin_percentage': 4.761904762, 'gross_income': 29.8865, 'rating': 4.1}
[2024-12-02T19:13:09.617+0000] {csv_to_kafka_with_redis.py:84} INFO - Row data before serialization: {'id': 'eb125ebc-5dd5-47b4-805d-8a4d27920ef5', 'invoice_id': '355-53-5943', 'branch': 'A', 'city': 'Yangon', 'customer_type': 'Member', 'gender': 'Female', 'product_line': 'Electronic accessories', 'unit_price': 68.84, 'quantity': 6, 'tax_5_percent': 20.652, 'total': 433.692, 'date': '2/25/2019', 'time': '14:36', 'payment': 'Ewallet', 'cogs': 413.04, 'gross_margin_percentage': 4.761904762, 'gross_income': 20.652, 'rating': 5.8}
[2024-12-02T19:13:09.619+0000] {csv_to_kafka_with_redis.py:84} INFO - Row data before serialization: {'id': 'eef02783-2d8b-48ba-8bae-dbbba8db63ff', 'invoice_id': '315-22-5665', 'branch': 'C', 'city': 'Naypyitaw', 'customer_type': 'Normal', 'gender': 'Female', 'product_line': 'Home and lifestyle', 'unit_price': 73.56, 'quantity': 10, 'tax_5_percent': 36.78, 'total': 772.38, 'date': '2/24/2019', 'time': '11:38', 'payment': 'Ewallet', 'cogs': 735.6, 'gross_margin_percentage': 4.761904762, 'gross_income': 36.78, 'rating': 8.0}
[2024-12-02T19:13:09.621+0000] {csv_to_kafka_with_redis.py:84} INFO - Row data before serialization: {'id': 'bdab9cc0-8cf4-4672-9ff1-e5f5e73b55ea', 'invoice_id': '665-32-9167', 'branch': 'A', 'city': 'Yangon', 'customer_type': 'Member', 'gender': 'Female', 'product_line': 'Health and beauty', 'unit_price': 36.26, 'quantity': 2, 'tax_5_percent': 3.626, 'total': 76.146, 'date': '1/10/2019', 'time': '17:15', 'payment': 'Credit card', 'cogs': 72.52, 'gross_margin_percentage': 4.761904762, 'gross_income': 3.626, 'rating': 7.2}
[2024-12-02T19:13:09.622+0000] {csv_to_kafka_with_redis.py:84} INFO - Row data before serialization: {'id': '0d826ad9-23ac-41d3-8906-ebb2553b2661', 'invoice_id': '692-92-5582', 'branch': 'B', 'city': 'Mandalay', 'customer_type': 'Member', 'gender': 'Female', 'product_line': 'Food and beverages', 'unit_price': 54.84, 'quantity': 3, 'tax_5_percent': 8.226, 'total': 172.746, 'date': '2/20/2019', 'time': '13:27', 'payment': 'Credit card', 'cogs': 164.52, 'gross_margin_percentage': 4.761904762, 'gross_income': 8.226, 'rating': 5.9}
[2024-12-02T19:13:09.625+0000] {csv_to_kafka_with_redis.py:84} INFO - Row data before serialization: {'id': 'fafb1aeb-92ad-4a24-b003-fe64c595ded8', 'invoice_id': '351-62-0822', 'branch': 'B', 'city': 'Mandalay', 'customer_type': 'Member', 'gender': 'Female', 'product_line': 'Fashion accessories', 'unit_price': 14.48, 'quantity': 4, 'tax_5_percent': 2.896, 'total': 60.816, 'date': '2/6/2019', 'time': '18:07', 'payment': 'Ewallet', 'cogs': 57.92, 'gross_margin_percentage': 4.761904762, 'gross_income': 2.896, 'rating': 4.5}
[2024-12-02T19:13:09.628+0000] {csv_to_kafka_with_redis.py:84} INFO - Row data before serialization: {'id': '079dc842-e5a9-4258-bf0f-cb188093f617', 'invoice_id': '529-56-3974', 'branch': 'B', 'city': 'Mandalay', 'customer_type': 'Member', 'gender': 'Male', 'product_line': 'Electronic accessories', 'unit_price': 25.51, 'quantity': 4, 'tax_5_percent': 5.102, 'total': 107.142, 'date': '3/9/2019', 'time': '17:03', 'payment': 'Cash', 'cogs': 102.04, 'gross_margin_percentage': 4.761904762, 'gross_income': 5.102, 'rating': 6.8}
[2024-12-02T19:13:09.630+0000] {csv_to_kafka_with_redis.py:84} INFO - Row data before serialization: {'id': '5a82e231-3a92-41ce-be10-4466dc43dd93', 'invoice_id': '365-64-0515', 'branch': 'A', 'city': 'Yangon', 'customer_type': 'Normal', 'gender': 'Female', 'product_line': 'Electronic accessories', 'unit_price': 46.95, 'quantity': 5, 'tax_5_percent': 11.7375, 'total': 246.4875, 'date': '2/12/2019', 'time': '10:25', 'payment': 'Ewallet', 'cogs': 234.75, 'gross_margin_percentage': 4.761904762, 'gross_income': 11.7375, 'rating': 7.1}
[2024-12-02T19:13:09.632+0000] {csv_to_kafka_with_redis.py:84} INFO - Row data before serialization: {'id': 'd49b30d7-2076-454a-a3a9-c6a6c283a444', 'invoice_id': '252-56-2699', 'branch': 'A', 'city': 'Yangon', 'customer_type': 'Normal', 'gender': 'Male', 'product_line': 'Food and beverages', 'unit_price': 43.19, 'quantity': 10, 'tax_5_percent': 21.595, 'total': 453.495, 'date': '2/7/2019', 'time': '16:48', 'payment': 'Ewallet', 'cogs': 431.9, 'gross_margin_percentage': 4.761904762, 'gross_income': 21.595, 'rating': 8.2}
[2024-12-02T19:13:09.633+0000] {csv_to_kafka_with_redis.py:84} INFO - Row data before serialization: {'id': '9166c7bf-d528-4cd7-9ef7-a52d7ab38f89', 'invoice_id': '829-34-3910', 'branch': 'A', 'city': 'Yangon', 'customer_type': 'Normal', 'gender': 'Female', 'product_line': 'Health and beauty', 'unit_price': 71.38, 'quantity': 10, 'tax_5_percent': 35.69, 'total': 749.49, 'date': '3/29/2019', 'time': '19:21', 'payment': 'Cash', 'cogs': 713.8, 'gross_margin_percentage': 4.761904762, 'gross_income': 35.69, 'rating': 5.7}
[2024-12-02T19:13:09.635+0000] {csv_to_kafka_with_redis.py:84} INFO - Row data before serialization: {'id': 'b0d2ea73-1527-4627-8494-06c76a7c865f', 'invoice_id': '299-46-1805', 'branch': 'B', 'city': 'Mandalay', 'customer_type': 'Member', 'gender': 'Female', 'product_line': 'Sports and travel', 'unit_price': 93.72, 'quantity': 6, 'tax_5_percent': 28.116, 'total': 590.436, 'date': '1/15/2019', 'time': '16:19', 'payment': 'Cash', 'cogs': 562.32, 'gross_margin_percentage': 4.761904762, 'gross_income': 28.116, 'rating': 4.5}
[2024-12-02T19:13:09.636+0000] {csv_to_kafka_with_redis.py:84} INFO - Row data before serialization: {'id': '06342602-4cf8-4333-9503-a869a138e4ec', 'invoice_id': '656-95-9349', 'branch': 'A', 'city': 'Yangon', 'customer_type': 'Member', 'gender': 'Female', 'product_line': 'Health and beauty', 'unit_price': 68.93, 'quantity': 7, 'tax_5_percent': 24.1255, 'total': 506.6355, 'date': '3/11/2019', 'time': '11:03', 'payment': 'Credit card', 'cogs': 482.51, 'gross_margin_percentage': 4.761904762, 'gross_income': 24.1255, 'rating': 4.6}
[2024-12-02T19:13:09.638+0000] {csv_to_kafka_with_redis.py:84} INFO - Row data before serialization: {'id': '8dd48dc0-073f-42ce-bb8e-5d4dede330f3', 'invoice_id': '765-26-6951', 'branch': 'A', 'city': 'Yangon', 'customer_type': 'Normal', 'gender': 'Male', 'product_line': 'Sports and travel', 'unit_price': 72.61, 'quantity': 6, 'tax_5_percent': 21.783, 'total': 457.443, 'date': '1/1/2019', 'time': '10:39', 'payment': 'Credit card', 'cogs': 435.66, 'gross_margin_percentage': 4.761904762, 'gross_income': 21.783, 'rating': 6.9}
[2024-12-02T19:13:09.640+0000] {csv_to_kafka_with_redis.py:84} INFO - Row data before serialization: {'id': '86d9b612-f6bf-42a6-8287-9fd751ccce1c', 'invoice_id': '329-62-1586', 'branch': 'A', 'city': 'Yangon', 'customer_type': 'Normal', 'gender': 'Male', 'product_line': 'Food and beverages', 'unit_price': 54.67, 'quantity': 3, 'tax_5_percent': 8.2005, 'total': 172.2105, 'date': '1/21/2019', 'time': '18:00', 'payment': 'Credit card', 'cogs': 164.01, 'gross_margin_percentage': 4.761904762, 'gross_income': 8.2005, 'rating': 8.6}
[2024-12-02T19:13:09.641+0000] {csv_to_kafka_with_redis.py:84} INFO - Row data before serialization: {'id': 'dbc59f97-5156-4420-b0da-9079917b78f4', 'invoice_id': '319-50-3348', 'branch': 'B', 'city': 'Mandalay', 'customer_type': 'Normal', 'gender': 'Female', 'product_line': 'Home and lifestyle', 'unit_price': 40.3, 'quantity': 2, 'tax_5_percent': 4.03, 'total': 84.63, 'date': '3/11/2019', 'time': '15:30', 'payment': 'Ewallet', 'cogs': 80.6, 'gross_margin_percentage': 4.761904762, 'gross_income': 4.03, 'rating': 4.4}
[2024-12-02T19:13:09.643+0000] {csv_to_kafka_with_redis.py:84} INFO - Row data before serialization: {'id': '66f56032-6517-4b7e-b3c0-c8a3e53fcf54', 'invoice_id': '300-71-4605', 'branch': 'C', 'city': 'Naypyitaw', 'customer_type': 'Member', 'gender': 'Male', 'product_line': 'Electronic accessories', 'unit_price': 86.04, 'quantity': 5, 'tax_5_percent': 21.51, 'total': 451.71, 'date': '2/25/2019', 'time': '11:24', 'payment': 'Ewallet', 'cogs': 430.2, 'gross_margin_percentage': 4.761904762, 'gross_income': 21.51, 'rating': 4.8}
[2024-12-02T19:13:09.645+0000] {csv_to_kafka_with_redis.py:84} INFO - Row data before serialization: {'id': '9c28741f-07f3-44b7-a5d0-d2bec8080d85', 'invoice_id': '371-85-5789', 'branch': 'B', 'city': 'Mandalay', 'customer_type': 'Normal', 'gender': 'Male', 'product_line': 'Health and beauty', 'unit_price': 87.98, 'quantity': 3, 'tax_5_percent': 13.197, 'total': 277.137, 'date': '3/5/2019', 'time': '10:40', 'payment': 'Ewallet', 'cogs': 263.94, 'gross_margin_percentage': 4.761904762, 'gross_income': 13.197, 'rating': 5.1}
[2024-12-02T19:13:09.647+0000] {csv_to_kafka_with_redis.py:84} INFO - Row data before serialization: {'id': '89a16d4c-eb85-4f7b-b583-4a2c29422119', 'invoice_id': '273-16-6619', 'branch': 'B', 'city': 'Mandalay', 'customer_type': 'Normal', 'gender': 'Male', 'product_line': 'Home and lifestyle', 'unit_price': 33.2, 'quantity': 2, 'tax_5_percent': 3.32, 'total': 69.72, 'date': '3/15/2019', 'time': '12:20', 'payment': 'Credit card', 'cogs': 66.4, 'gross_margin_percentage': 4.761904762, 'gross_income': 3.32, 'rating': 4.4}
[2024-12-02T19:13:09.649+0000] {csv_to_kafka_with_redis.py:84} INFO - Row data before serialization: {'id': 'a7f020d2-a87a-4993-a008-5f6951e5a094', 'invoice_id': '636-48-8204', 'branch': 'A', 'city': 'Yangon', 'customer_type': 'Normal', 'gender': 'Male', 'product_line': 'Electronic accessories', 'unit_price': 34.56, 'quantity': 5, 'tax_5_percent': 8.64, 'total': 181.44, 'date': '2/17/2019', 'time': '11:15', 'payment': 'Ewallet', 'cogs': 172.8, 'gross_margin_percentage': 4.761904762, 'gross_income': 8.64, 'rating': 9.9}
[2024-12-02T19:13:09.650+0000] {csv_to_kafka_with_redis.py:84} INFO - Row data before serialization: {'id': 'a30f784f-3d4b-4170-b7f7-3f45739b07c6', 'invoice_id': '549-59-1358', 'branch': 'A', 'city': 'Yangon', 'customer_type': 'Member', 'gender': 'Male', 'product_line': 'Sports and travel', 'unit_price': 88.63, 'quantity': 3, 'tax_5_percent': 13.2945, 'total': 279.1845, 'date': '3/2/2019', 'time': '17:36', 'payment': 'Ewallet', 'cogs': 265.89, 'gross_margin_percentage': 4.761904762, 'gross_income': 13.2945, 'rating': 6.0}
[2024-12-02T19:13:09.652+0000] {csv_to_kafka_with_redis.py:84} INFO - Row data before serialization: {'id': 'c56b26d3-242f-4cec-aef3-688ff7706735', 'invoice_id': '227-03-5010', 'branch': 'A', 'city': 'Yangon', 'customer_type': 'Member', 'gender': 'Female', 'product_line': 'Home and lifestyle', 'unit_price': 52.59, 'quantity': 8, 'tax_5_percent': 21.036, 'total': 441.756, 'date': '3/22/2019', 'time': '19:20', 'payment': 'Credit card', 'cogs': 420.72, 'gross_margin_percentage': 4.761904762, 'gross_income': 21.036, 'rating': 8.5}
[2024-12-02T19:13:09.654+0000] {csv_to_kafka_with_redis.py:84} INFO - Row data before serialization: {'id': '3fd3cf4a-da8a-4881-8548-09b0853b1e42', 'invoice_id': '649-29-6775', 'branch': 'B', 'city': 'Mandalay', 'customer_type': 'Normal', 'gender': 'Male', 'product_line': 'Fashion accessories', 'unit_price': 33.52, 'quantity': 1, 'tax_5_percent': 1.676, 'total': 35.196, 'date': '2/8/2019', 'time': '15:31', 'payment': 'Cash', 'cogs': 33.52, 'gross_margin_percentage': 4.761904762, 'gross_income': 1.676, 'rating': 6.7}
[2024-12-02T19:13:09.656+0000] {csv_to_kafka_with_redis.py:84} INFO - Row data before serialization: {'id': '421f5e2f-7e3a-4c9c-a416-1b31fe3ad15c', 'invoice_id': '189-17-4241', 'branch': 'A', 'city': 'Yangon', 'customer_type': 'Normal', 'gender': 'Female', 'product_line': 'Fashion accessories', 'unit_price': 87.67, 'quantity': 2, 'tax_5_percent': 8.767, 'total': 184.107, 'date': '3/10/2019', 'time': '12:17', 'payment': 'Credit card', 'cogs': 175.34, 'gross_margin_percentage': 4.761904762, 'gross_income': 8.767, 'rating': 7.7}
[2024-12-02T19:13:09.657+0000] {csv_to_kafka_with_redis.py:84} INFO - Row data before serialization: {'id': '1730f6f8-389b-4fc1-94a8-f427beb88364', 'invoice_id': '145-94-9061', 'branch': 'B', 'city': 'Mandalay', 'customer_type': 'Normal', 'gender': 'Female', 'product_line': 'Food and beverages', 'unit_price': 88.36, 'quantity': 5, 'tax_5_percent': 22.09, 'total': 463.89, 'date': '1/25/2019', 'time': '19:48', 'payment': 'Cash', 'cogs': 441.8, 'gross_margin_percentage': 4.761904762, 'gross_income': 22.09, 'rating': 9.6}
[2024-12-02T19:13:09.659+0000] {csv_to_kafka_with_redis.py:84} INFO - Row data before serialization: {'id': 'ac260720-7d83-4025-baab-d2e05edcaa39', 'invoice_id': '848-62-7243', 'branch': 'A', 'city': 'Yangon', 'customer_type': 'Normal', 'gender': 'Male', 'product_line': 'Health and beauty', 'unit_price': 24.89, 'quantity': 9, 'tax_5_percent': 11.2005, 'total': 235.2105, 'date': '3/15/2019', 'time': '15:36', 'payment': 'Cash', 'cogs': 224.01, 'gross_margin_percentage': 4.761904762, 'gross_income': 11.2005, 'rating': 7.4}
[2024-12-02T19:13:09.661+0000] {csv_to_kafka_with_redis.py:84} INFO - Row data before serialization: {'id': '98f994c6-2972-42a6-b4bf-a83e2626ccd5', 'invoice_id': '871-79-8483', 'branch': 'B', 'city': 'Mandalay', 'customer_type': 'Normal', 'gender': 'Male', 'product_line': 'Fashion accessories', 'unit_price': 94.13, 'quantity': 5, 'tax_5_percent': 23.5325, 'total': 494.1825, 'date': '2/25/2019', 'time': '19:39', 'payment': 'Credit card', 'cogs': 470.65, 'gross_margin_percentage': 4.761904762, 'gross_income': 23.5325, 'rating': 4.8}
[2024-12-02T19:13:09.663+0000] {csv_to_kafka_with_redis.py:84} INFO - Row data before serialization: {'id': 'c5b370ae-5a98-4a31-9436-93e8f281eef6', 'invoice_id': '149-71-6266', 'branch': 'B', 'city': 'Mandalay', 'customer_type': 'Member', 'gender': 'Male', 'product_line': 'Sports and travel', 'unit_price': 78.07, 'quantity': 9, 'tax_5_percent': 35.1315, 'total': 737.7615, 'date': '1/28/2019', 'time': '12:43', 'payment': 'Cash', 'cogs': 702.63, 'gross_margin_percentage': 4.761904762, 'gross_income': 35.1315, 'rating': 4.5}
[2024-12-02T19:13:09.664+0000] {csv_to_kafka_with_redis.py:84} INFO - Row data before serialization: {'id': 'e59cfa40-0cc9-4b88-831a-7340d2f5ac9c', 'invoice_id': '640-49-2076', 'branch': 'B', 'city': 'Mandalay', 'customer_type': 'Normal', 'gender': 'Male', 'product_line': 'Sports and travel', 'unit_price': 83.78, 'quantity': 8, 'tax_5_percent': 33.512, 'total': 703.752, 'date': '1/10/2019', 'time': '14:49', 'payment': 'Cash', 'cogs': 670.24, 'gross_margin_percentage': 4.761904762, 'gross_income': 33.512, 'rating': 5.1}
[2024-12-02T19:13:09.666+0000] {csv_to_kafka_with_redis.py:84} INFO - Row data before serialization: {'id': 'bf441597-aa0c-4042-9e20-0001438eeb9a', 'invoice_id': '595-11-5460', 'branch': 'A', 'city': 'Yangon', 'customer_type': 'Normal', 'gender': 'Male', 'product_line': 'Health and beauty', 'unit_price': 96.58, 'quantity': 2, 'tax_5_percent': 9.658, 'total': 202.818, 'date': '3/15/2019', 'time': '10:12', 'payment': 'Credit card', 'cogs': 193.16, 'gross_margin_percentage': 4.761904762, 'gross_income': 9.658, 'rating': 5.1}
[2024-12-02T19:13:09.668+0000] {csv_to_kafka_with_redis.py:84} INFO - Row data before serialization: {'id': 'a1a7f936-bbee-427a-ad4e-fa14a67c7362', 'invoice_id': '183-56-6882', 'branch': 'C', 'city': 'Naypyitaw', 'customer_type': 'Member', 'gender': 'Female', 'product_line': 'Food and beverages', 'unit_price': 99.42, 'quantity': 4, 'tax_5_percent': 19.884, 'total': 417.564, 'date': '2/6/2019', 'time': '10:42', 'payment': 'Ewallet', 'cogs': 397.68, 'gross_margin_percentage': 4.761904762, 'gross_income': 19.884, 'rating': 7.5}
[2024-12-02T19:13:09.669+0000] {csv_to_kafka_with_redis.py:84} INFO - Row data before serialization: {'id': 'cddf4aca-08c7-4a3a-9cbe-3fc220d574d6', 'invoice_id': '232-16-2483', 'branch': 'C', 'city': 'Naypyitaw', 'customer_type': 'Member', 'gender': 'Female', 'product_line': 'Sports and travel', 'unit_price': 68.12, 'quantity': 1, 'tax_5_percent': 3.406, 'total': 71.526, 'date': '1/7/2019', 'time': '12:28', 'payment': 'Ewallet', 'cogs': 68.12, 'gross_margin_percentage': 4.761904762, 'gross_income': 3.406, 'rating': 6.8}
[2024-12-02T19:13:09.671+0000] {csv_to_kafka_with_redis.py:84} INFO - Row data before serialization: {'id': '04b27843-d247-4702-a650-0098a9abdcc3', 'invoice_id': '129-29-8530', 'branch': 'A', 'city': 'Yangon', 'customer_type': 'Member', 'gender': 'Male', 'product_line': 'Sports and travel', 'unit_price': 62.62, 'quantity': 5, 'tax_5_percent': 15.655, 'total': 328.755, 'date': '3/10/2019', 'time': '19:15', 'payment': 'Ewallet', 'cogs': 313.1, 'gross_margin_percentage': 4.761904762, 'gross_income': 15.655, 'rating': 7.0}
[2024-12-02T19:13:09.672+0000] {csv_to_kafka_with_redis.py:84} INFO - Row data before serialization: {'id': '9d1341ca-a7a8-47da-8772-028b22dbf6c8', 'invoice_id': '272-65-1806', 'branch': 'A', 'city': 'Yangon', 'customer_type': 'Normal', 'gender': 'Female', 'product_line': 'Electronic accessories', 'unit_price': 60.88, 'quantity': 9, 'tax_5_percent': 27.396, 'total': 575.316, 'date': '1/15/2019', 'time': '17:17', 'payment': 'Ewallet', 'cogs': 547.92, 'gross_margin_percentage': 4.761904762, 'gross_income': 27.396, 'rating': 4.7}
[2024-12-02T19:13:09.674+0000] {csv_to_kafka_with_redis.py:84} INFO - Row data before serialization: {'id': '9f68fbc4-b21c-42f3-83e6-022722b0da2c', 'invoice_id': '333-73-7901', 'branch': 'C', 'city': 'Naypyitaw', 'customer_type': 'Normal', 'gender': 'Female', 'product_line': 'Health and beauty', 'unit_price': 54.92, 'quantity': 8, 'tax_5_percent': 21.968, 'total': 461.328, 'date': '3/23/2019', 'time': '13:24', 'payment': 'Ewallet', 'cogs': 439.36, 'gross_margin_percentage': 4.761904762, 'gross_income': 21.968, 'rating': 7.6}
[2024-12-02T19:13:09.676+0000] {csv_to_kafka_with_redis.py:84} INFO - Row data before serialization: {'id': '675d9854-e9ef-480e-86b4-26681ed79c69', 'invoice_id': '777-82-7220', 'branch': 'B', 'city': 'Mandalay', 'customer_type': 'Member', 'gender': 'Male', 'product_line': 'Home and lifestyle', 'unit_price': 30.12, 'quantity': 8, 'tax_5_percent': 12.048, 'total': 253.008, 'date': '3/3/2019', 'time': '13:01', 'payment': 'Cash', 'cogs': 240.96, 'gross_margin_percentage': 4.761904762, 'gross_income': 12.048, 'rating': 7.7}
[2024-12-02T19:13:09.678+0000] {csv_to_kafka_with_redis.py:84} INFO - Row data before serialization: {'id': '4429b9ed-3585-498c-9d76-9d867088da5a', 'invoice_id': '280-35-5823', 'branch': 'B', 'city': 'Mandalay', 'customer_type': 'Member', 'gender': 'Female', 'product_line': 'Home and lifestyle', 'unit_price': 86.72, 'quantity': 1, 'tax_5_percent': 4.336, 'total': 91.056, 'date': '1/17/2019', 'time': '18:45', 'payment': 'Ewallet', 'cogs': 86.72, 'gross_margin_percentage': 4.761904762, 'gross_income': 4.336, 'rating': 7.9}
[2024-12-02T19:13:09.680+0000] {csv_to_kafka_with_redis.py:84} INFO - Row data before serialization: {'id': 'e48b25c1-59fd-4d00-9c58-07904b283b45', 'invoice_id': '554-53-8700', 'branch': 'C', 'city': 'Naypyitaw', 'customer_type': 'Member', 'gender': 'Male', 'product_line': 'Home and lifestyle', 'unit_price': 56.11, 'quantity': 2, 'tax_5_percent': 5.611, 'total': 117.831, 'date': '2/2/2019', 'time': '10:11', 'payment': 'Cash', 'cogs': 112.22, 'gross_margin_percentage': 4.761904762, 'gross_income': 5.611, 'rating': 6.3}
[2024-12-02T19:13:09.682+0000] {csv_to_kafka_with_redis.py:84} INFO - Row data before serialization: {'id': 'afb68990-bc3b-4a4d-9249-903e3cbe87be', 'invoice_id': '354-25-5821', 'branch': 'B', 'city': 'Mandalay', 'customer_type': 'Member', 'gender': 'Female', 'product_line': 'Sports and travel', 'unit_price': 69.12, 'quantity': 6, 'tax_5_percent': 20.736, 'total': 435.456, 'date': '2/8/2019', 'time': '13:03', 'payment': 'Cash', 'cogs': 414.72, 'gross_margin_percentage': 4.761904762, 'gross_income': 20.736, 'rating': 5.6}
[2024-12-02T19:13:09.683+0000] {csv_to_kafka_with_redis.py:84} INFO - Row data before serialization: {'id': 'ee4fac0e-65cb-4cfb-be7a-8cca7a8ee960', 'invoice_id': '228-96-1411', 'branch': 'C', 'city': 'Naypyitaw', 'customer_type': 'Member', 'gender': 'Female', 'product_line': 'Food and beverages', 'unit_price': 98.7, 'quantity': 8, 'tax_5_percent': 39.48, 'total': 829.08, 'date': '3/4/2019', 'time': '20:39', 'payment': 'Cash', 'cogs': 789.6, 'gross_margin_percentage': 4.761904762, 'gross_income': 39.48, 'rating': 7.6}
[2024-12-02T19:13:09.685+0000] {csv_to_kafka_with_redis.py:84} INFO - Row data before serialization: {'id': '0625e3c2-ccc2-4129-9a79-ab066d911d22', 'invoice_id': '617-15-4209', 'branch': 'C', 'city': 'Naypyitaw', 'customer_type': 'Member', 'gender': 'Male', 'product_line': 'Health and beauty', 'unit_price': 15.37, 'quantity': 2, 'tax_5_percent': 1.537, 'total': 32.277, 'date': '3/16/2019', 'time': '19:47', 'payment': 'Cash', 'cogs': 30.74, 'gross_margin_percentage': 4.761904762, 'gross_income': 1.537, 'rating': 7.2}
[2024-12-02T19:13:09.687+0000] {csv_to_kafka_with_redis.py:84} INFO - Row data before serialization: {'id': '23a98552-d615-4ea7-8e19-70953b0deaa5', 'invoice_id': '132-32-9879', 'branch': 'B', 'city': 'Mandalay', 'customer_type': 'Member', 'gender': 'Female', 'product_line': 'Electronic accessories', 'unit_price': 93.96, 'quantity': 4, 'tax_5_percent': 18.792, 'total': 394.632, 'date': '3/9/2019', 'time': '18:00', 'payment': 'Cash', 'cogs': 375.84, 'gross_margin_percentage': 4.761904762, 'gross_income': 18.792, 'rating': 9.5}
[2024-12-02T19:13:09.689+0000] {csv_to_kafka_with_redis.py:84} INFO - Row data before serialization: {'id': '721b2b16-f4a5-44b5-a7d7-4b50e44cefb4', 'invoice_id': '370-41-7321', 'branch': 'B', 'city': 'Mandalay', 'customer_type': 'Member', 'gender': 'Male', 'product_line': 'Health and beauty', 'unit_price': 56.69, 'quantity': 9, 'tax_5_percent': 25.5105, 'total': 535.7205, 'date': '2/27/2019', 'time': '17:24', 'payment': 'Credit card', 'cogs': 510.21, 'gross_margin_percentage': 4.761904762, 'gross_income': 25.5105, 'rating': 8.4}
[2024-12-02T19:13:09.691+0000] {csv_to_kafka_with_redis.py:84} INFO - Row data before serialization: {'id': 'dbaaa485-e121-4f92-afb6-849995ac7725', 'invoice_id': '727-46-3608', 'branch': 'B', 'city': 'Mandalay', 'customer_type': 'Member', 'gender': 'Female', 'product_line': 'Food and beverages', 'unit_price': 20.01, 'quantity': 9, 'tax_5_percent': 9.0045, 'total': 189.0945, 'date': '2/6/2019', 'time': '15:47', 'payment': 'Ewallet', 'cogs': 180.09, 'gross_margin_percentage': 4.761904762, 'gross_income': 9.0045, 'rating': 4.1}
[2024-12-02T19:13:09.692+0000] {csv_to_kafka_with_redis.py:84} INFO - Row data before serialization: {'id': 'ac2efa55-62b5-4ba3-ace5-a19488b72c29', 'invoice_id': '669-54-1719', 'branch': 'B', 'city': 'Mandalay', 'customer_type': 'Member', 'gender': 'Male', 'product_line': 'Electronic accessories', 'unit_price': 18.93, 'quantity': 6, 'tax_5_percent': 5.679, 'total': 119.259, 'date': '2/10/2019', 'time': '12:45', 'payment': 'Credit card', 'cogs': 113.58, 'gross_margin_percentage': 4.761904762, 'gross_income': 5.679, 'rating': 8.1}
[2024-12-02T19:13:09.694+0000] {csv_to_kafka_with_redis.py:84} INFO - Row data before serialization: {'id': '3baaa2f7-a2bc-45e5-989c-a9f39f1907b7', 'invoice_id': '574-22-5561', 'branch': 'C', 'city': 'Naypyitaw', 'customer_type': 'Member', 'gender': 'Female', 'product_line': 'Fashion accessories', 'unit_price': 82.63, 'quantity': 10, 'tax_5_percent': 41.315, 'total': 867.615, 'date': '3/19/2019', 'time': '17:08', 'payment': 'Ewallet', 'cogs': 826.3, 'gross_margin_percentage': 4.761904762, 'gross_income': 41.315, 'rating': 7.9}
[2024-12-02T19:13:10.526+0000] {csv_to_kafka_with_redis.py:94} INFO - Batch 1 envoyé à Kafka.
[2024-12-02T19:13:10.530+0000] {csv_to_kafka_with_redis.py:98} INFO - Redis batch status: READY
[2024-12-02T19:13:10.531+0000] {csv_to_kafka_with_redis.py:102} INFO - En attente du consommateur...
[2024-12-02T19:13:11.532+0000] {csv_to_kafka_with_redis.py:102} INFO - En attente du consommateur...
[2024-12-02T19:13:12.534+0000] {csv_to_kafka_with_redis.py:102} INFO - En attente du consommateur...
[2024-12-02T19:13:13.535+0000] {csv_to_kafka_with_redis.py:102} INFO - En attente du consommateur...
[2024-12-02T19:13:14.537+0000] {csv_to_kafka_with_redis.py:102} INFO - En attente du consommateur...
[2024-12-02T19:13:15.539+0000] {csv_to_kafka_with_redis.py:102} INFO - En attente du consommateur...
[2024-12-02T19:13:16.541+0000] {csv_to_kafka_with_redis.py:102} INFO - En attente du consommateur...
[2024-12-02T19:13:17.543+0000] {csv_to_kafka_with_redis.py:102} INFO - En attente du consommateur...
[2024-12-02T19:13:18.544+0000] {csv_to_kafka_with_redis.py:102} INFO - En attente du consommateur...
[2024-12-02T19:13:19.546+0000] {csv_to_kafka_with_redis.py:102} INFO - En attente du consommateur...
[2024-12-02T19:13:20.548+0000] {csv_to_kafka_with_redis.py:102} INFO - En attente du consommateur...
[2024-12-02T19:13:21.549+0000] {csv_to_kafka_with_redis.py:102} INFO - En attente du consommateur...
[2024-12-02T19:13:22.551+0000] {csv_to_kafka_with_redis.py:102} INFO - En attente du consommateur...
[2024-12-02T19:13:23.553+0000] {csv_to_kafka_with_redis.py:102} INFO - En attente du consommateur...
[2024-12-02T19:13:24.556+0000] {csv_to_kafka_with_redis.py:102} INFO - En attente du consommateur...
[2024-12-02T19:13:25.559+0000] {csv_to_kafka_with_redis.py:102} INFO - En attente du consommateur...
[2024-12-02T19:13:26.560+0000] {csv_to_kafka_with_redis.py:102} INFO - En attente du consommateur...
[2024-12-02T19:13:27.562+0000] {csv_to_kafka_with_redis.py:102} INFO - En attente du consommateur...
[2024-12-02T19:13:28.564+0000] {csv_to_kafka_with_redis.py:102} INFO - En attente du consommateur...
[2024-12-02T19:13:29.566+0000] {csv_to_kafka_with_redis.py:102} INFO - En attente du consommateur...
[2024-12-02T19:13:30.567+0000] {csv_to_kafka_with_redis.py:102} INFO - En attente du consommateur...
[2024-12-02T19:13:31.569+0000] {csv_to_kafka_with_redis.py:102} INFO - En attente du consommateur...
[2024-12-02T19:13:32.570+0000] {csv_to_kafka_with_redis.py:102} INFO - En attente du consommateur...
[2024-12-02T19:13:33.572+0000] {csv_to_kafka_with_redis.py:102} INFO - En attente du consommateur...
[2024-12-02T19:13:34.574+0000] {csv_to_kafka_with_redis.py:102} INFO - En attente du consommateur...
[2024-12-02T19:13:35.576+0000] {csv_to_kafka_with_redis.py:102} INFO - En attente du consommateur...
[2024-12-02T19:13:36.578+0000] {csv_to_kafka_with_redis.py:102} INFO - En attente du consommateur...
[2024-12-02T19:13:37.578+0000] {csv_to_kafka_with_redis.py:102} INFO - En attente du consommateur...
[2024-12-02T19:13:38.579+0000] {csv_to_kafka_with_redis.py:102} INFO - En attente du consommateur...
[2024-12-02T19:13:39.581+0000] {csv_to_kafka_with_redis.py:102} INFO - En attente du consommateur...
[2024-12-02T19:13:40.583+0000] {csv_to_kafka_with_redis.py:102} INFO - En attente du consommateur...
[2024-12-02T19:13:41.585+0000] {csv_to_kafka_with_redis.py:102} INFO - En attente du consommateur...
[2024-12-02T19:13:42.586+0000] {csv_to_kafka_with_redis.py:102} INFO - En attente du consommateur...
[2024-12-02T19:13:43.588+0000] {csv_to_kafka_with_redis.py:102} INFO - En attente du consommateur...
[2024-12-02T19:13:44.590+0000] {csv_to_kafka_with_redis.py:102} INFO - En attente du consommateur...
[2024-12-02T19:13:45.592+0000] {csv_to_kafka_with_redis.py:102} INFO - En attente du consommateur...
[2024-12-02T19:13:46.593+0000] {csv_to_kafka_with_redis.py:102} INFO - En attente du consommateur...
[2024-12-02T19:13:47.595+0000] {csv_to_kafka_with_redis.py:102} INFO - En attente du consommateur...
[2024-12-02T19:13:48.597+0000] {csv_to_kafka_with_redis.py:102} INFO - En attente du consommateur...
[2024-12-02T19:13:49.599+0000] {csv_to_kafka_with_redis.py:102} INFO - En attente du consommateur...
[2024-12-02T19:13:50.601+0000] {csv_to_kafka_with_redis.py:102} INFO - En attente du consommateur...
[2024-12-02T19:13:51.602+0000] {csv_to_kafka_with_redis.py:102} INFO - En attente du consommateur...
[2024-12-02T19:13:52.604+0000] {csv_to_kafka_with_redis.py:102} INFO - En attente du consommateur...
[2024-12-02T19:13:53.605+0000] {csv_to_kafka_with_redis.py:102} INFO - En attente du consommateur...
[2024-12-02T19:13:54.607+0000] {csv_to_kafka_with_redis.py:102} INFO - En attente du consommateur...
[2024-12-02T19:13:55.609+0000] {csv_to_kafka_with_redis.py:102} INFO - En attente du consommateur...
[2024-12-02T19:13:56.610+0000] {csv_to_kafka_with_redis.py:102} INFO - En attente du consommateur...
[2024-12-02T19:13:57.612+0000] {csv_to_kafka_with_redis.py:102} INFO - En attente du consommateur...
[2024-12-02T19:13:58.614+0000] {csv_to_kafka_with_redis.py:102} INFO - En attente du consommateur...
[2024-12-02T19:13:59.615+0000] {csv_to_kafka_with_redis.py:102} INFO - En attente du consommateur...
[2024-12-02T19:14:00.617+0000] {csv_to_kafka_with_redis.py:102} INFO - En attente du consommateur...
[2024-12-02T19:14:01.618+0000] {csv_to_kafka_with_redis.py:102} INFO - En attente du consommateur...
[2024-12-02T19:14:02.620+0000] {csv_to_kafka_with_redis.py:102} INFO - En attente du consommateur...
[2024-12-02T19:14:03.622+0000] {csv_to_kafka_with_redis.py:102} INFO - En attente du consommateur...
[2024-12-02T19:14:04.624+0000] {csv_to_kafka_with_redis.py:102} INFO - En attente du consommateur...
[2024-12-02T19:14:05.626+0000] {csv_to_kafka_with_redis.py:102} INFO - En attente du consommateur...
[2024-12-02T19:14:06.627+0000] {csv_to_kafka_with_redis.py:102} INFO - En attente du consommateur...
[2024-12-02T19:14:07.627+0000] {csv_to_kafka_with_redis.py:102} INFO - En attente du consommateur...
[2024-12-02T19:14:08.629+0000] {csv_to_kafka_with_redis.py:102} INFO - En attente du consommateur...
[2024-12-02T19:14:09.630+0000] {csv_to_kafka_with_redis.py:102} INFO - En attente du consommateur...
[2024-12-02T19:14:10.632+0000] {csv_to_kafka_with_redis.py:102} INFO - En attente du consommateur...
[2024-12-02T19:14:11.633+0000] {csv_to_kafka_with_redis.py:102} INFO - En attente du consommateur...
[2024-12-02T19:14:12.635+0000] {csv_to_kafka_with_redis.py:102} INFO - En attente du consommateur...
[2024-12-02T19:14:13.636+0000] {csv_to_kafka_with_redis.py:102} INFO - En attente du consommateur...
[2024-12-02T19:14:14.638+0000] {csv_to_kafka_with_redis.py:102} INFO - En attente du consommateur...
[2024-12-02T19:14:15.640+0000] {csv_to_kafka_with_redis.py:102} INFO - En attente du consommateur...
[2024-12-02T19:14:16.641+0000] {csv_to_kafka_with_redis.py:102} INFO - En attente du consommateur...
[2024-12-02T19:14:17.643+0000] {csv_to_kafka_with_redis.py:102} INFO - En attente du consommateur...
[2024-12-02T19:14:18.644+0000] {csv_to_kafka_with_redis.py:102} INFO - En attente du consommateur...
[2024-12-02T19:14:19.646+0000] {csv_to_kafka_with_redis.py:102} INFO - En attente du consommateur...
[2024-12-02T19:14:20.648+0000] {csv_to_kafka_with_redis.py:102} INFO - En attente du consommateur...
[2024-12-02T19:14:21.649+0000] {csv_to_kafka_with_redis.py:102} INFO - En attente du consommateur...
[2024-12-02T19:14:22.651+0000] {csv_to_kafka_with_redis.py:102} INFO - En attente du consommateur...
[2024-12-02T19:14:23.652+0000] {csv_to_kafka_with_redis.py:102} INFO - En attente du consommateur...
[2024-12-02T19:14:24.654+0000] {csv_to_kafka_with_redis.py:102} INFO - En attente du consommateur...
[2024-12-02T19:14:25.656+0000] {csv_to_kafka_with_redis.py:102} INFO - En attente du consommateur...
[2024-12-02T19:14:26.657+0000] {csv_to_kafka_with_redis.py:102} INFO - En attente du consommateur...
[2024-12-02T19:14:27.659+0000] {csv_to_kafka_with_redis.py:102} INFO - En attente du consommateur...
[2024-12-02T19:14:28.660+0000] {csv_to_kafka_with_redis.py:102} INFO - En attente du consommateur...
[2024-12-02T19:14:29.662+0000] {csv_to_kafka_with_redis.py:102} INFO - En attente du consommateur...
[2024-12-02T19:14:30.664+0000] {csv_to_kafka_with_redis.py:102} INFO - En attente du consommateur...
[2024-12-02T19:14:31.666+0000] {csv_to_kafka_with_redis.py:102} INFO - En attente du consommateur...
[2024-12-02T19:14:32.668+0000] {csv_to_kafka_with_redis.py:102} INFO - En attente du consommateur...
[2024-12-02T19:14:33.669+0000] {csv_to_kafka_with_redis.py:102} INFO - En attente du consommateur...
[2024-12-02T19:14:34.671+0000] {csv_to_kafka_with_redis.py:102} INFO - En attente du consommateur...
[2024-12-02T19:14:35.672+0000] {csv_to_kafka_with_redis.py:102} INFO - En attente du consommateur...
[2024-12-02T19:14:36.674+0000] {csv_to_kafka_with_redis.py:102} INFO - En attente du consommateur...
[2024-12-02T19:14:37.675+0000] {csv_to_kafka_with_redis.py:102} INFO - En attente du consommateur...
[2024-12-02T19:14:38.677+0000] {csv_to_kafka_with_redis.py:102} INFO - En attente du consommateur...
[2024-12-02T19:14:39.678+0000] {csv_to_kafka_with_redis.py:102} INFO - En attente du consommateur...
[2024-12-02T19:14:40.680+0000] {csv_to_kafka_with_redis.py:102} INFO - En attente du consommateur...
[2024-12-02T19:14:41.681+0000] {csv_to_kafka_with_redis.py:102} INFO - En attente du consommateur...
[2024-12-02T19:14:42.683+0000] {csv_to_kafka_with_redis.py:102} INFO - En attente du consommateur...
[2024-12-02T19:14:43.685+0000] {csv_to_kafka_with_redis.py:102} INFO - En attente du consommateur...
[2024-12-02T19:14:44.686+0000] {csv_to_kafka_with_redis.py:102} INFO - En attente du consommateur...
[2024-12-02T19:14:45.689+0000] {csv_to_kafka_with_redis.py:102} INFO - En attente du consommateur...
[2024-12-02T19:14:46.690+0000] {csv_to_kafka_with_redis.py:102} INFO - En attente du consommateur...
[2024-12-02T19:14:47.692+0000] {csv_to_kafka_with_redis.py:102} INFO - En attente du consommateur...
[2024-12-02T19:14:48.694+0000] {csv_to_kafka_with_redis.py:102} INFO - En attente du consommateur...
[2024-12-02T19:14:49.696+0000] {csv_to_kafka_with_redis.py:102} INFO - En attente du consommateur...
[2024-12-02T19:14:50.697+0000] {csv_to_kafka_with_redis.py:102} INFO - En attente du consommateur...
[2024-12-02T19:14:51.699+0000] {csv_to_kafka_with_redis.py:102} INFO - En attente du consommateur...
[2024-12-02T19:14:52.700+0000] {csv_to_kafka_with_redis.py:102} INFO - En attente du consommateur...
[2024-12-02T19:14:53.702+0000] {csv_to_kafka_with_redis.py:102} INFO - En attente du consommateur...
[2024-12-02T19:14:54.703+0000] {csv_to_kafka_with_redis.py:102} INFO - En attente du consommateur...
[2024-12-02T19:14:55.705+0000] {csv_to_kafka_with_redis.py:102} INFO - En attente du consommateur...
[2024-12-02T19:14:56.707+0000] {csv_to_kafka_with_redis.py:102} INFO - En attente du consommateur...
[2024-12-02T19:14:57.709+0000] {csv_to_kafka_with_redis.py:102} INFO - En attente du consommateur...
[2024-12-02T19:14:58.711+0000] {csv_to_kafka_with_redis.py:102} INFO - En attente du consommateur...
[2024-12-02T19:14:59.712+0000] {csv_to_kafka_with_redis.py:102} INFO - En attente du consommateur...
[2024-12-02T19:15:00.714+0000] {csv_to_kafka_with_redis.py:102} INFO - En attente du consommateur...
[2024-12-02T19:15:01.715+0000] {csv_to_kafka_with_redis.py:102} INFO - En attente du consommateur...
[2024-12-02T19:15:02.717+0000] {csv_to_kafka_with_redis.py:102} INFO - En attente du consommateur...
[2024-12-02T19:15:03.719+0000] {csv_to_kafka_with_redis.py:102} INFO - En attente du consommateur...
[2024-12-02T19:15:04.720+0000] {csv_to_kafka_with_redis.py:102} INFO - En attente du consommateur...
[2024-12-02T19:15:05.722+0000] {csv_to_kafka_with_redis.py:102} INFO - En attente du consommateur...
[2024-12-02T19:15:06.724+0000] {csv_to_kafka_with_redis.py:102} INFO - En attente du consommateur...
[2024-12-02T19:15:07.724+0000] {csv_to_kafka_with_redis.py:102} INFO - En attente du consommateur...
[2024-12-02T19:15:08.726+0000] {csv_to_kafka_with_redis.py:102} INFO - En attente du consommateur...
[2024-12-02T19:15:09.728+0000] {csv_to_kafka_with_redis.py:102} INFO - En attente du consommateur...
[2024-12-02T19:15:10.730+0000] {csv_to_kafka_with_redis.py:102} INFO - En attente du consommateur...
[2024-12-02T19:15:11.732+0000] {csv_to_kafka_with_redis.py:102} INFO - En attente du consommateur...
[2024-12-02T19:15:12.733+0000] {csv_to_kafka_with_redis.py:102} INFO - En attente du consommateur...
[2024-12-02T19:15:13.735+0000] {csv_to_kafka_with_redis.py:102} INFO - En attente du consommateur...
[2024-12-02T19:15:14.737+0000] {csv_to_kafka_with_redis.py:102} INFO - En attente du consommateur...
[2024-12-02T19:15:15.739+0000] {csv_to_kafka_with_redis.py:102} INFO - En attente du consommateur...
[2024-12-02T19:15:16.740+0000] {csv_to_kafka_with_redis.py:102} INFO - En attente du consommateur...
[2024-12-02T19:15:17.742+0000] {csv_to_kafka_with_redis.py:102} INFO - En attente du consommateur...
[2024-12-02T19:15:18.744+0000] {csv_to_kafka_with_redis.py:102} INFO - En attente du consommateur...
[2024-12-02T19:15:19.746+0000] {csv_to_kafka_with_redis.py:102} INFO - En attente du consommateur...
[2024-12-02T19:15:20.747+0000] {csv_to_kafka_with_redis.py:102} INFO - En attente du consommateur...
[2024-12-02T19:15:21.749+0000] {csv_to_kafka_with_redis.py:102} INFO - En attente du consommateur...
[2024-12-02T19:15:22.751+0000] {csv_to_kafka_with_redis.py:102} INFO - En attente du consommateur...
[2024-12-02T19:15:23.753+0000] {csv_to_kafka_with_redis.py:102} INFO - En attente du consommateur...
[2024-12-02T19:15:24.755+0000] {csv_to_kafka_with_redis.py:102} INFO - En attente du consommateur...
[2024-12-02T19:15:25.757+0000] {csv_to_kafka_with_redis.py:102} INFO - En attente du consommateur...
[2024-12-02T19:15:26.759+0000] {csv_to_kafka_with_redis.py:102} INFO - En attente du consommateur...
[2024-12-02T19:15:27.761+0000] {csv_to_kafka_with_redis.py:102} INFO - En attente du consommateur...
[2024-12-02T19:15:28.763+0000] {csv_to_kafka_with_redis.py:102} INFO - En attente du consommateur...
[2024-12-02T19:15:29.765+0000] {csv_to_kafka_with_redis.py:102} INFO - En attente du consommateur...
[2024-12-02T19:15:30.767+0000] {csv_to_kafka_with_redis.py:102} INFO - En attente du consommateur...
[2024-12-02T19:15:31.769+0000] {csv_to_kafka_with_redis.py:102} INFO - En attente du consommateur...
[2024-12-02T19:15:32.772+0000] {csv_to_kafka_with_redis.py:102} INFO - En attente du consommateur...
[2024-12-02T19:15:33.774+0000] {csv_to_kafka_with_redis.py:102} INFO - En attente du consommateur...
[2024-12-02T19:15:34.776+0000] {csv_to_kafka_with_redis.py:102} INFO - En attente du consommateur...
[2024-12-02T19:15:35.779+0000] {csv_to_kafka_with_redis.py:102} INFO - En attente du consommateur...
[2024-12-02T19:15:36.779+0000] {csv_to_kafka_with_redis.py:102} INFO - En attente du consommateur...
[2024-12-02T19:15:37.781+0000] {csv_to_kafka_with_redis.py:102} INFO - En attente du consommateur...
[2024-12-02T19:15:38.783+0000] {csv_to_kafka_with_redis.py:102} INFO - En attente du consommateur...
[2024-12-02T19:15:39.784+0000] {csv_to_kafka_with_redis.py:102} INFO - En attente du consommateur...
[2024-12-02T19:15:40.787+0000] {csv_to_kafka_with_redis.py:102} INFO - En attente du consommateur...
[2024-12-02T19:15:41.789+0000] {csv_to_kafka_with_redis.py:102} INFO - En attente du consommateur...
[2024-12-02T19:15:42.791+0000] {csv_to_kafka_with_redis.py:102} INFO - En attente du consommateur...
[2024-12-02T19:15:43.793+0000] {csv_to_kafka_with_redis.py:102} INFO - En attente du consommateur...
[2024-12-02T19:15:44.795+0000] {csv_to_kafka_with_redis.py:102} INFO - En attente du consommateur...
[2024-12-02T19:15:45.796+0000] {csv_to_kafka_with_redis.py:102} INFO - En attente du consommateur...
[2024-12-02T19:15:46.798+0000] {csv_to_kafka_with_redis.py:102} INFO - En attente du consommateur...
[2024-12-02T19:15:47.801+0000] {csv_to_kafka_with_redis.py:102} INFO - En attente du consommateur...
[2024-12-02T19:15:48.803+0000] {csv_to_kafka_with_redis.py:102} INFO - En attente du consommateur...
[2024-12-02T19:15:49.805+0000] {csv_to_kafka_with_redis.py:102} INFO - En attente du consommateur...
[2024-12-02T19:15:50.807+0000] {csv_to_kafka_with_redis.py:102} INFO - En attente du consommateur...
[2024-12-02T19:15:51.809+0000] {csv_to_kafka_with_redis.py:102} INFO - En attente du consommateur...
[2024-12-02T19:15:52.812+0000] {csv_to_kafka_with_redis.py:102} INFO - En attente du consommateur...
[2024-12-02T19:15:53.814+0000] {csv_to_kafka_with_redis.py:102} INFO - En attente du consommateur...
[2024-12-02T19:15:54.815+0000] {csv_to_kafka_with_redis.py:102} INFO - En attente du consommateur...
[2024-12-02T19:15:55.817+0000] {csv_to_kafka_with_redis.py:102} INFO - En attente du consommateur...
[2024-12-02T19:15:56.819+0000] {csv_to_kafka_with_redis.py:102} INFO - En attente du consommateur...
[2024-12-02T19:15:57.821+0000] {csv_to_kafka_with_redis.py:102} INFO - En attente du consommateur...
[2024-12-02T19:15:58.823+0000] {csv_to_kafka_with_redis.py:102} INFO - En attente du consommateur...
[2024-12-02T19:15:59.825+0000] {csv_to_kafka_with_redis.py:102} INFO - En attente du consommateur...
[2024-12-02T19:16:00.826+0000] {csv_to_kafka_with_redis.py:102} INFO - En attente du consommateur...
[2024-12-02T19:16:01.828+0000] {csv_to_kafka_with_redis.py:102} INFO - En attente du consommateur...
[2024-12-02T19:16:02.830+0000] {csv_to_kafka_with_redis.py:102} INFO - En attente du consommateur...
[2024-12-02T19:16:03.832+0000] {csv_to_kafka_with_redis.py:102} INFO - En attente du consommateur...
[2024-12-02T19:16:04.834+0000] {csv_to_kafka_with_redis.py:102} INFO - En attente du consommateur...
[2024-12-02T19:16:05.837+0000] {csv_to_kafka_with_redis.py:102} INFO - En attente du consommateur...
[2024-12-02T19:16:06.838+0000] {csv_to_kafka_with_redis.py:102} INFO - En attente du consommateur...
[2024-12-02T19:16:07.840+0000] {csv_to_kafka_with_redis.py:102} INFO - En attente du consommateur...
[2024-12-02T19:16:08.842+0000] {csv_to_kafka_with_redis.py:102} INFO - En attente du consommateur...
[2024-12-02T19:16:09.843+0000] {csv_to_kafka_with_redis.py:102} INFO - En attente du consommateur...
[2024-12-02T19:16:10.845+0000] {csv_to_kafka_with_redis.py:102} INFO - En attente du consommateur...
[2024-12-02T19:16:11.847+0000] {csv_to_kafka_with_redis.py:102} INFO - En attente du consommateur...
[2024-12-02T19:16:12.848+0000] {csv_to_kafka_with_redis.py:102} INFO - En attente du consommateur...
[2024-12-02T19:16:13.850+0000] {csv_to_kafka_with_redis.py:102} INFO - En attente du consommateur...
[2024-12-02T19:16:14.852+0000] {csv_to_kafka_with_redis.py:102} INFO - En attente du consommateur...
[2024-12-02T19:16:15.854+0000] {csv_to_kafka_with_redis.py:102} INFO - En attente du consommateur...
[2024-12-02T19:16:16.855+0000] {csv_to_kafka_with_redis.py:102} INFO - En attente du consommateur...
[2024-12-02T19:16:17.857+0000] {csv_to_kafka_with_redis.py:102} INFO - En attente du consommateur...
[2024-12-02T19:16:18.859+0000] {csv_to_kafka_with_redis.py:102} INFO - En attente du consommateur...
[2024-12-02T19:16:19.861+0000] {csv_to_kafka_with_redis.py:102} INFO - En attente du consommateur...
[2024-12-02T19:16:20.862+0000] {csv_to_kafka_with_redis.py:102} INFO - En attente du consommateur...
[2024-12-02T19:16:21.863+0000] {csv_to_kafka_with_redis.py:102} INFO - En attente du consommateur...
[2024-12-02T19:16:22.865+0000] {csv_to_kafka_with_redis.py:102} INFO - En attente du consommateur...
[2024-12-02T19:16:23.867+0000] {csv_to_kafka_with_redis.py:102} INFO - En attente du consommateur...
[2024-12-02T19:16:24.869+0000] {csv_to_kafka_with_redis.py:102} INFO - En attente du consommateur...
[2024-12-02T19:16:25.871+0000] {csv_to_kafka_with_redis.py:102} INFO - En attente du consommateur...
[2024-12-02T19:16:26.873+0000] {csv_to_kafka_with_redis.py:102} INFO - En attente du consommateur...
[2024-12-02T19:16:27.875+0000] {csv_to_kafka_with_redis.py:102} INFO - En attente du consommateur...
[2024-12-02T19:16:28.877+0000] {csv_to_kafka_with_redis.py:102} INFO - En attente du consommateur...
[2024-12-02T19:16:29.878+0000] {csv_to_kafka_with_redis.py:102} INFO - En attente du consommateur...
[2024-12-02T19:16:30.880+0000] {csv_to_kafka_with_redis.py:102} INFO - En attente du consommateur...
[2024-12-02T19:16:31.883+0000] {csv_to_kafka_with_redis.py:102} INFO - En attente du consommateur...
[2024-12-02T19:16:32.885+0000] {csv_to_kafka_with_redis.py:102} INFO - En attente du consommateur...
[2024-12-02T19:16:33.886+0000] {csv_to_kafka_with_redis.py:102} INFO - En attente du consommateur...
[2024-12-02T19:16:34.888+0000] {csv_to_kafka_with_redis.py:102} INFO - En attente du consommateur...
[2024-12-02T19:16:35.889+0000] {csv_to_kafka_with_redis.py:102} INFO - En attente du consommateur...
[2024-12-02T19:16:36.890+0000] {csv_to_kafka_with_redis.py:102} INFO - En attente du consommateur...
[2024-12-02T19:16:37.897+0000] {csv_to_kafka_with_redis.py:102} INFO - En attente du consommateur...
[2024-12-02T19:16:38.898+0000] {csv_to_kafka_with_redis.py:102} INFO - En attente du consommateur...
[2024-12-02T19:16:39.900+0000] {csv_to_kafka_with_redis.py:102} INFO - En attente du consommateur...
[2024-12-02T19:16:40.901+0000] {csv_to_kafka_with_redis.py:102} INFO - En attente du consommateur...
[2024-12-02T19:16:41.903+0000] {csv_to_kafka_with_redis.py:102} INFO - En attente du consommateur...
[2024-12-02T19:16:42.904+0000] {csv_to_kafka_with_redis.py:102} INFO - En attente du consommateur...
[2024-12-02T19:16:43.906+0000] {csv_to_kafka_with_redis.py:102} INFO - En attente du consommateur...
[2024-12-02T19:16:44.908+0000] {csv_to_kafka_with_redis.py:102} INFO - En attente du consommateur...
[2024-12-02T19:16:45.909+0000] {csv_to_kafka_with_redis.py:102} INFO - En attente du consommateur...
[2024-12-02T19:16:46.911+0000] {csv_to_kafka_with_redis.py:102} INFO - En attente du consommateur...
[2024-12-02T19:16:47.913+0000] {csv_to_kafka_with_redis.py:102} INFO - En attente du consommateur...
[2024-12-02T19:16:48.915+0000] {csv_to_kafka_with_redis.py:102} INFO - En attente du consommateur...
[2024-12-02T19:16:49.918+0000] {csv_to_kafka_with_redis.py:102} INFO - En attente du consommateur...
[2024-12-02T19:16:50.920+0000] {csv_to_kafka_with_redis.py:102} INFO - En attente du consommateur...
[2024-12-02T19:16:51.922+0000] {csv_to_kafka_with_redis.py:102} INFO - En attente du consommateur...
[2024-12-02T19:16:52.923+0000] {csv_to_kafka_with_redis.py:102} INFO - En attente du consommateur...
[2024-12-02T19:16:53.925+0000] {csv_to_kafka_with_redis.py:102} INFO - En attente du consommateur...
[2024-12-02T19:16:54.926+0000] {csv_to_kafka_with_redis.py:102} INFO - En attente du consommateur...
[2024-12-02T19:16:55.928+0000] {csv_to_kafka_with_redis.py:102} INFO - En attente du consommateur...
[2024-12-02T19:16:56.929+0000] {csv_to_kafka_with_redis.py:102} INFO - En attente du consommateur...
[2024-12-02T19:16:57.931+0000] {csv_to_kafka_with_redis.py:102} INFO - En attente du consommateur...
[2024-12-02T19:16:58.932+0000] {csv_to_kafka_with_redis.py:102} INFO - En attente du consommateur...
[2024-12-02T19:16:59.934+0000] {csv_to_kafka_with_redis.py:102} INFO - En attente du consommateur...
[2024-12-02T19:17:00.936+0000] {csv_to_kafka_with_redis.py:102} INFO - En attente du consommateur...
[2024-12-02T19:17:01.937+0000] {csv_to_kafka_with_redis.py:102} INFO - En attente du consommateur...
[2024-12-02T19:17:02.939+0000] {csv_to_kafka_with_redis.py:102} INFO - En attente du consommateur...
[2024-12-02T19:17:03.941+0000] {csv_to_kafka_with_redis.py:102} INFO - En attente du consommateur...
[2024-12-02T19:17:04.942+0000] {csv_to_kafka_with_redis.py:102} INFO - En attente du consommateur...
[2024-12-02T19:17:05.944+0000] {csv_to_kafka_with_redis.py:102} INFO - En attente du consommateur...
[2024-12-02T19:17:06.944+0000] {csv_to_kafka_with_redis.py:102} INFO - En attente du consommateur...
[2024-12-02T19:17:07.946+0000] {csv_to_kafka_with_redis.py:102} INFO - En attente du consommateur...
[2024-12-02T19:17:08.948+0000] {csv_to_kafka_with_redis.py:102} INFO - En attente du consommateur...
[2024-12-02T19:17:09.950+0000] {csv_to_kafka_with_redis.py:102} INFO - En attente du consommateur...
[2024-12-02T19:17:10.951+0000] {csv_to_kafka_with_redis.py:102} INFO - En attente du consommateur...
[2024-12-02T19:17:11.953+0000] {csv_to_kafka_with_redis.py:102} INFO - En attente du consommateur...
[2024-12-02T19:17:12.955+0000] {csv_to_kafka_with_redis.py:102} INFO - En attente du consommateur...
[2024-12-02T19:17:13.957+0000] {csv_to_kafka_with_redis.py:102} INFO - En attente du consommateur...
[2024-12-02T19:17:14.959+0000] {csv_to_kafka_with_redis.py:102} INFO - En attente du consommateur...
[2024-12-02T19:17:15.961+0000] {csv_to_kafka_with_redis.py:102} INFO - En attente du consommateur...
[2024-12-02T19:17:16.963+0000] {csv_to_kafka_with_redis.py:102} INFO - En attente du consommateur...
[2024-12-02T19:17:17.965+0000] {csv_to_kafka_with_redis.py:102} INFO - En attente du consommateur...
[2024-12-02T19:17:18.967+0000] {csv_to_kafka_with_redis.py:102} INFO - En attente du consommateur...
[2024-12-02T19:17:19.968+0000] {csv_to_kafka_with_redis.py:102} INFO - En attente du consommateur...
[2024-12-02T19:17:20.970+0000] {csv_to_kafka_with_redis.py:102} INFO - En attente du consommateur...
[2024-12-02T19:17:21.972+0000] {csv_to_kafka_with_redis.py:102} INFO - En attente du consommateur...
[2024-12-02T19:17:22.973+0000] {csv_to_kafka_with_redis.py:102} INFO - En attente du consommateur...
[2024-12-02T19:17:23.975+0000] {csv_to_kafka_with_redis.py:102} INFO - En attente du consommateur...
[2024-12-02T19:17:24.110+0000] {local_task_job_runner.py:346} WARNING - State of this instance has been externally set to failed. Terminating instance.
[2024-12-02T19:17:24.112+0000] {local_task_job_runner.py:245} INFO - ::endgroup::
[2024-12-02T19:17:24.114+0000] {process_utils.py:132} INFO - Sending 15 to group 1885. PIDs of all processes in the group: [1885]
[2024-12-02T19:17:24.115+0000] {process_utils.py:87} INFO - Sending the signal 15 to group 1885
[2024-12-02T19:17:24.116+0000] {taskinstance.py:3093} ERROR - Received SIGTERM. Terminating subprocesses.
[2024-12-02T19:17:24.175+0000] {taskinstance.py:340} INFO - ::group::Post task execution logs
[2024-12-02T19:17:24.209+0000] {process_utils.py:80} INFO - Process psutil.Process(pid=1885, status='terminated', exitcode=0, started='19:13:08') (1885) terminated with exit code 0
