[2024-12-03T00:11:44.021+0000] {processor.py:186} INFO - Started process (PID=7659) to work on /opt/airflow/dags/csv_to_kafka_with_redis.py
[2024-12-03T00:11:44.023+0000] {processor.py:914} INFO - Processing file /opt/airflow/dags/csv_to_kafka_with_redis.py for tasks to queue
[2024-12-03T00:11:44.026+0000] {logging_mixin.py:190} INFO - [2024-12-03T00:11:44.025+0000] {dagbag.py:588} INFO - Filling up the DagBag from /opt/airflow/dags/csv_to_kafka_with_redis.py
[2024-12-03T00:11:45.091+0000] {processor.py:927} WARNING - No viable dags retrieved from /opt/airflow/dags/csv_to_kafka_with_redis.py
[2024-12-03T00:11:45.142+0000] {processor.py:208} INFO - Processing /opt/airflow/dags/csv_to_kafka_with_redis.py took 1.131 seconds
[2024-12-03T00:12:15.550+0000] {processor.py:186} INFO - Started process (PID=7672) to work on /opt/airflow/dags/csv_to_kafka_with_redis.py
[2024-12-03T00:12:15.552+0000] {processor.py:914} INFO - Processing file /opt/airflow/dags/csv_to_kafka_with_redis.py for tasks to queue
[2024-12-03T00:12:15.554+0000] {logging_mixin.py:190} INFO - [2024-12-03T00:12:15.554+0000] {dagbag.py:588} INFO - Filling up the DagBag from /opt/airflow/dags/csv_to_kafka_with_redis.py
[2024-12-03T00:12:16.562+0000] {processor.py:927} WARNING - No viable dags retrieved from /opt/airflow/dags/csv_to_kafka_with_redis.py
[2024-12-03T00:12:16.644+0000] {processor.py:208} INFO - Processing /opt/airflow/dags/csv_to_kafka_with_redis.py took 1.101 seconds
[2024-12-03T00:12:47.574+0000] {processor.py:186} INFO - Started process (PID=7685) to work on /opt/airflow/dags/csv_to_kafka_with_redis.py
[2024-12-03T00:12:47.576+0000] {processor.py:914} INFO - Processing file /opt/airflow/dags/csv_to_kafka_with_redis.py for tasks to queue
[2024-12-03T00:12:47.578+0000] {logging_mixin.py:190} INFO - [2024-12-03T00:12:47.578+0000] {dagbag.py:588} INFO - Filling up the DagBag from /opt/airflow/dags/csv_to_kafka_with_redis.py
[2024-12-03T00:12:48.293+0000] {processor.py:927} WARNING - No viable dags retrieved from /opt/airflow/dags/csv_to_kafka_with_redis.py
[2024-12-03T00:12:48.342+0000] {processor.py:208} INFO - Processing /opt/airflow/dags/csv_to_kafka_with_redis.py took 0.777 seconds
[2024-12-03T00:14:49.350+0000] {processor.py:186} INFO - Started process (PID=7725) to work on /opt/airflow/dags/csv_to_kafka_with_redis.py
[2024-12-03T00:14:49.351+0000] {processor.py:914} INFO - Processing file /opt/airflow/dags/csv_to_kafka_with_redis.py for tasks to queue
[2024-12-03T00:14:49.354+0000] {logging_mixin.py:190} INFO - [2024-12-03T00:14:49.354+0000] {dagbag.py:588} INFO - Filling up the DagBag from /opt/airflow/dags/csv_to_kafka_with_redis.py
[2024-12-03T00:14:50.434+0000] {processor.py:927} WARNING - No viable dags retrieved from /opt/airflow/dags/csv_to_kafka_with_redis.py
[2024-12-03T00:14:50.466+0000] {processor.py:208} INFO - Processing /opt/airflow/dags/csv_to_kafka_with_redis.py took 1.124 seconds
[2024-12-03T00:15:21.164+0000] {processor.py:186} INFO - Started process (PID=7738) to work on /opt/airflow/dags/csv_to_kafka_with_redis.py
[2024-12-03T00:15:21.166+0000] {processor.py:914} INFO - Processing file /opt/airflow/dags/csv_to_kafka_with_redis.py for tasks to queue
[2024-12-03T00:15:21.170+0000] {logging_mixin.py:190} INFO - [2024-12-03T00:15:21.170+0000] {dagbag.py:588} INFO - Filling up the DagBag from /opt/airflow/dags/csv_to_kafka_with_redis.py
[2024-12-03T00:15:21.878+0000] {processor.py:927} WARNING - No viable dags retrieved from /opt/airflow/dags/csv_to_kafka_with_redis.py
[2024-12-03T00:15:21.930+0000] {processor.py:208} INFO - Processing /opt/airflow/dags/csv_to_kafka_with_redis.py took 0.775 seconds
[2024-12-03T00:15:53.256+0000] {processor.py:186} INFO - Started process (PID=7751) to work on /opt/airflow/dags/csv_to_kafka_with_redis.py
[2024-12-03T00:15:53.257+0000] {processor.py:914} INFO - Processing file /opt/airflow/dags/csv_to_kafka_with_redis.py for tasks to queue
[2024-12-03T00:15:53.260+0000] {logging_mixin.py:190} INFO - [2024-12-03T00:15:53.260+0000] {dagbag.py:588} INFO - Filling up the DagBag from /opt/airflow/dags/csv_to_kafka_with_redis.py
[2024-12-03T00:15:53.762+0000] {processor.py:927} WARNING - No viable dags retrieved from /opt/airflow/dags/csv_to_kafka_with_redis.py
[2024-12-03T00:15:53.795+0000] {processor.py:208} INFO - Processing /opt/airflow/dags/csv_to_kafka_with_redis.py took 0.546 seconds
[2024-12-03T00:16:23.983+0000] {processor.py:186} INFO - Started process (PID=7764) to work on /opt/airflow/dags/csv_to_kafka_with_redis.py
[2024-12-03T00:16:23.985+0000] {processor.py:914} INFO - Processing file /opt/airflow/dags/csv_to_kafka_with_redis.py for tasks to queue
[2024-12-03T00:16:23.988+0000] {logging_mixin.py:190} INFO - [2024-12-03T00:16:23.987+0000] {dagbag.py:588} INFO - Filling up the DagBag from /opt/airflow/dags/csv_to_kafka_with_redis.py
[2024-12-03T00:16:24.638+0000] {processor.py:927} WARNING - No viable dags retrieved from /opt/airflow/dags/csv_to_kafka_with_redis.py
[2024-12-03T00:16:24.686+0000] {processor.py:208} INFO - Processing /opt/airflow/dags/csv_to_kafka_with_redis.py took 0.712 seconds
[2024-12-03T00:16:55.279+0000] {processor.py:186} INFO - Started process (PID=7777) to work on /opt/airflow/dags/csv_to_kafka_with_redis.py
[2024-12-03T00:16:55.281+0000] {processor.py:914} INFO - Processing file /opt/airflow/dags/csv_to_kafka_with_redis.py for tasks to queue
[2024-12-03T00:16:55.283+0000] {logging_mixin.py:190} INFO - [2024-12-03T00:16:55.283+0000] {dagbag.py:588} INFO - Filling up the DagBag from /opt/airflow/dags/csv_to_kafka_with_redis.py
[2024-12-03T00:16:55.801+0000] {processor.py:927} WARNING - No viable dags retrieved from /opt/airflow/dags/csv_to_kafka_with_redis.py
[2024-12-03T00:16:55.854+0000] {processor.py:208} INFO - Processing /opt/airflow/dags/csv_to_kafka_with_redis.py took 0.583 seconds
[2024-12-03T00:17:26.457+0000] {processor.py:186} INFO - Started process (PID=7790) to work on /opt/airflow/dags/csv_to_kafka_with_redis.py
[2024-12-03T00:17:26.459+0000] {processor.py:914} INFO - Processing file /opt/airflow/dags/csv_to_kafka_with_redis.py for tasks to queue
[2024-12-03T00:17:26.462+0000] {logging_mixin.py:190} INFO - [2024-12-03T00:17:26.461+0000] {dagbag.py:588} INFO - Filling up the DagBag from /opt/airflow/dags/csv_to_kafka_with_redis.py
[2024-12-03T00:17:27.337+0000] {processor.py:927} WARNING - No viable dags retrieved from /opt/airflow/dags/csv_to_kafka_with_redis.py
[2024-12-03T00:17:27.399+0000] {processor.py:208} INFO - Processing /opt/airflow/dags/csv_to_kafka_with_redis.py took 0.949 seconds
[2024-12-03T00:17:58.474+0000] {processor.py:186} INFO - Started process (PID=7803) to work on /opt/airflow/dags/csv_to_kafka_with_redis.py
[2024-12-03T00:17:58.476+0000] {processor.py:914} INFO - Processing file /opt/airflow/dags/csv_to_kafka_with_redis.py for tasks to queue
[2024-12-03T00:17:58.478+0000] {logging_mixin.py:190} INFO - [2024-12-03T00:17:58.477+0000] {dagbag.py:588} INFO - Filling up the DagBag from /opt/airflow/dags/csv_to_kafka_with_redis.py
[2024-12-03T00:17:58.882+0000] {processor.py:927} WARNING - No viable dags retrieved from /opt/airflow/dags/csv_to_kafka_with_redis.py
[2024-12-03T00:17:58.914+0000] {processor.py:208} INFO - Processing /opt/airflow/dags/csv_to_kafka_with_redis.py took 0.445 seconds
[2024-12-03T00:18:29.915+0000] {processor.py:186} INFO - Started process (PID=7816) to work on /opt/airflow/dags/csv_to_kafka_with_redis.py
[2024-12-03T00:18:29.917+0000] {processor.py:914} INFO - Processing file /opt/airflow/dags/csv_to_kafka_with_redis.py for tasks to queue
[2024-12-03T00:18:29.920+0000] {logging_mixin.py:190} INFO - [2024-12-03T00:18:29.919+0000] {dagbag.py:588} INFO - Filling up the DagBag from /opt/airflow/dags/csv_to_kafka_with_redis.py
[2024-12-03T00:18:30.545+0000] {processor.py:927} WARNING - No viable dags retrieved from /opt/airflow/dags/csv_to_kafka_with_redis.py
[2024-12-03T00:18:30.597+0000] {processor.py:208} INFO - Processing /opt/airflow/dags/csv_to_kafka_with_redis.py took 0.691 seconds
[2024-12-03T00:19:01.020+0000] {processor.py:186} INFO - Started process (PID=7829) to work on /opt/airflow/dags/csv_to_kafka_with_redis.py
[2024-12-03T00:19:01.022+0000] {processor.py:914} INFO - Processing file /opt/airflow/dags/csv_to_kafka_with_redis.py for tasks to queue
[2024-12-03T00:19:01.025+0000] {logging_mixin.py:190} INFO - [2024-12-03T00:19:01.024+0000] {dagbag.py:588} INFO - Filling up the DagBag from /opt/airflow/dags/csv_to_kafka_with_redis.py
[2024-12-03T00:19:01.622+0000] {processor.py:927} WARNING - No viable dags retrieved from /opt/airflow/dags/csv_to_kafka_with_redis.py
[2024-12-03T00:19:01.665+0000] {processor.py:208} INFO - Processing /opt/airflow/dags/csv_to_kafka_with_redis.py took 0.654 seconds
[2024-12-03T00:19:32.755+0000] {processor.py:186} INFO - Started process (PID=7842) to work on /opt/airflow/dags/csv_to_kafka_with_redis.py
[2024-12-03T00:19:32.757+0000] {processor.py:914} INFO - Processing file /opt/airflow/dags/csv_to_kafka_with_redis.py for tasks to queue
[2024-12-03T00:19:32.761+0000] {logging_mixin.py:190} INFO - [2024-12-03T00:19:32.760+0000] {dagbag.py:588} INFO - Filling up the DagBag from /opt/airflow/dags/csv_to_kafka_with_redis.py
[2024-12-03T00:19:33.287+0000] {processor.py:927} WARNING - No viable dags retrieved from /opt/airflow/dags/csv_to_kafka_with_redis.py
[2024-12-03T00:19:33.315+0000] {processor.py:208} INFO - Processing /opt/airflow/dags/csv_to_kafka_with_redis.py took 0.569 seconds
[2024-12-03T00:20:03.645+0000] {processor.py:186} INFO - Started process (PID=7855) to work on /opt/airflow/dags/csv_to_kafka_with_redis.py
[2024-12-03T00:20:03.647+0000] {processor.py:914} INFO - Processing file /opt/airflow/dags/csv_to_kafka_with_redis.py for tasks to queue
[2024-12-03T00:20:03.649+0000] {logging_mixin.py:190} INFO - [2024-12-03T00:20:03.648+0000] {dagbag.py:588} INFO - Filling up the DagBag from /opt/airflow/dags/csv_to_kafka_with_redis.py
[2024-12-03T00:20:04.067+0000] {processor.py:927} WARNING - No viable dags retrieved from /opt/airflow/dags/csv_to_kafka_with_redis.py
[2024-12-03T00:20:04.100+0000] {processor.py:208} INFO - Processing /opt/airflow/dags/csv_to_kafka_with_redis.py took 0.460 seconds
[2024-12-03T00:20:34.598+0000] {processor.py:186} INFO - Started process (PID=7868) to work on /opt/airflow/dags/csv_to_kafka_with_redis.py
[2024-12-03T00:20:34.601+0000] {processor.py:914} INFO - Processing file /opt/airflow/dags/csv_to_kafka_with_redis.py for tasks to queue
[2024-12-03T00:20:34.603+0000] {logging_mixin.py:190} INFO - [2024-12-03T00:20:34.603+0000] {dagbag.py:588} INFO - Filling up the DagBag from /opt/airflow/dags/csv_to_kafka_with_redis.py
[2024-12-03T00:20:35.386+0000] {processor.py:927} WARNING - No viable dags retrieved from /opt/airflow/dags/csv_to_kafka_with_redis.py
[2024-12-03T00:20:35.429+0000] {processor.py:208} INFO - Processing /opt/airflow/dags/csv_to_kafka_with_redis.py took 0.843 seconds
[2024-12-03T00:21:06.459+0000] {processor.py:186} INFO - Started process (PID=7881) to work on /opt/airflow/dags/csv_to_kafka_with_redis.py
[2024-12-03T00:21:06.462+0000] {processor.py:914} INFO - Processing file /opt/airflow/dags/csv_to_kafka_with_redis.py for tasks to queue
[2024-12-03T00:21:06.466+0000] {logging_mixin.py:190} INFO - [2024-12-03T00:21:06.465+0000] {dagbag.py:588} INFO - Filling up the DagBag from /opt/airflow/dags/csv_to_kafka_with_redis.py
[2024-12-03T00:21:07.241+0000] {processor.py:927} WARNING - No viable dags retrieved from /opt/airflow/dags/csv_to_kafka_with_redis.py
[2024-12-03T00:21:07.284+0000] {processor.py:208} INFO - Processing /opt/airflow/dags/csv_to_kafka_with_redis.py took 0.835 seconds
[2024-12-03T00:21:37.629+0000] {processor.py:186} INFO - Started process (PID=7894) to work on /opt/airflow/dags/csv_to_kafka_with_redis.py
[2024-12-03T00:21:37.632+0000] {processor.py:914} INFO - Processing file /opt/airflow/dags/csv_to_kafka_with_redis.py for tasks to queue
[2024-12-03T00:21:37.638+0000] {logging_mixin.py:190} INFO - [2024-12-03T00:21:37.637+0000] {dagbag.py:588} INFO - Filling up the DagBag from /opt/airflow/dags/csv_to_kafka_with_redis.py
[2024-12-03T00:21:38.479+0000] {processor.py:927} WARNING - No viable dags retrieved from /opt/airflow/dags/csv_to_kafka_with_redis.py
[2024-12-03T00:21:38.503+0000] {processor.py:208} INFO - Processing /opt/airflow/dags/csv_to_kafka_with_redis.py took 0.887 seconds
[2024-12-03T00:22:09.326+0000] {processor.py:186} INFO - Started process (PID=7907) to work on /opt/airflow/dags/csv_to_kafka_with_redis.py
[2024-12-03T00:22:09.328+0000] {processor.py:914} INFO - Processing file /opt/airflow/dags/csv_to_kafka_with_redis.py for tasks to queue
[2024-12-03T00:22:09.331+0000] {logging_mixin.py:190} INFO - [2024-12-03T00:22:09.330+0000] {dagbag.py:588} INFO - Filling up the DagBag from /opt/airflow/dags/csv_to_kafka_with_redis.py
[2024-12-03T00:22:10.550+0000] {processor.py:927} WARNING - No viable dags retrieved from /opt/airflow/dags/csv_to_kafka_with_redis.py
[2024-12-03T00:22:10.612+0000] {processor.py:208} INFO - Processing /opt/airflow/dags/csv_to_kafka_with_redis.py took 1.292 seconds
[2024-12-03T00:22:41.234+0000] {processor.py:186} INFO - Started process (PID=7920) to work on /opt/airflow/dags/csv_to_kafka_with_redis.py
[2024-12-03T00:22:41.235+0000] {processor.py:914} INFO - Processing file /opt/airflow/dags/csv_to_kafka_with_redis.py for tasks to queue
[2024-12-03T00:22:41.237+0000] {logging_mixin.py:190} INFO - [2024-12-03T00:22:41.237+0000] {dagbag.py:588} INFO - Filling up the DagBag from /opt/airflow/dags/csv_to_kafka_with_redis.py
[2024-12-03T00:22:41.742+0000] {processor.py:927} WARNING - No viable dags retrieved from /opt/airflow/dags/csv_to_kafka_with_redis.py
[2024-12-03T00:22:41.813+0000] {processor.py:208} INFO - Processing /opt/airflow/dags/csv_to_kafka_with_redis.py took 0.584 seconds
[2024-12-03T00:23:12.793+0000] {processor.py:186} INFO - Started process (PID=7933) to work on /opt/airflow/dags/csv_to_kafka_with_redis.py
[2024-12-03T00:23:12.796+0000] {processor.py:914} INFO - Processing file /opt/airflow/dags/csv_to_kafka_with_redis.py for tasks to queue
[2024-12-03T00:23:12.798+0000] {logging_mixin.py:190} INFO - [2024-12-03T00:23:12.798+0000] {dagbag.py:588} INFO - Filling up the DagBag from /opt/airflow/dags/csv_to_kafka_with_redis.py
[2024-12-03T00:23:13.416+0000] {processor.py:927} WARNING - No viable dags retrieved from /opt/airflow/dags/csv_to_kafka_with_redis.py
[2024-12-03T00:23:13.461+0000] {processor.py:208} INFO - Processing /opt/airflow/dags/csv_to_kafka_with_redis.py took 0.676 seconds
[2024-12-03T00:23:43.956+0000] {processor.py:186} INFO - Started process (PID=7946) to work on /opt/airflow/dags/csv_to_kafka_with_redis.py
[2024-12-03T00:23:43.958+0000] {processor.py:914} INFO - Processing file /opt/airflow/dags/csv_to_kafka_with_redis.py for tasks to queue
[2024-12-03T00:23:43.961+0000] {logging_mixin.py:190} INFO - [2024-12-03T00:23:43.960+0000] {dagbag.py:588} INFO - Filling up the DagBag from /opt/airflow/dags/csv_to_kafka_with_redis.py
[2024-12-03T00:23:44.503+0000] {processor.py:927} WARNING - No viable dags retrieved from /opt/airflow/dags/csv_to_kafka_with_redis.py
[2024-12-03T00:23:44.528+0000] {processor.py:208} INFO - Processing /opt/airflow/dags/csv_to_kafka_with_redis.py took 0.590 seconds
[2024-12-03T00:24:15.159+0000] {processor.py:186} INFO - Started process (PID=7959) to work on /opt/airflow/dags/csv_to_kafka_with_redis.py
[2024-12-03T00:24:15.161+0000] {processor.py:914} INFO - Processing file /opt/airflow/dags/csv_to_kafka_with_redis.py for tasks to queue
[2024-12-03T00:24:15.163+0000] {logging_mixin.py:190} INFO - [2024-12-03T00:24:15.162+0000] {dagbag.py:588} INFO - Filling up the DagBag from /opt/airflow/dags/csv_to_kafka_with_redis.py
[2024-12-03T00:24:15.984+0000] {processor.py:927} WARNING - No viable dags retrieved from /opt/airflow/dags/csv_to_kafka_with_redis.py
[2024-12-03T00:24:16.012+0000] {processor.py:208} INFO - Processing /opt/airflow/dags/csv_to_kafka_with_redis.py took 0.863 seconds
[2024-12-03T00:25:34.509+0000] {processor.py:186} INFO - Started process (PID=7985) to work on /opt/airflow/dags/csv_to_kafka_with_redis.py
[2024-12-03T00:25:34.511+0000] {processor.py:914} INFO - Processing file /opt/airflow/dags/csv_to_kafka_with_redis.py for tasks to queue
[2024-12-03T00:25:34.516+0000] {logging_mixin.py:190} INFO - [2024-12-03T00:25:34.516+0000] {dagbag.py:588} INFO - Filling up the DagBag from /opt/airflow/dags/csv_to_kafka_with_redis.py
[2024-12-03T00:25:36.200+0000] {processor.py:927} WARNING - No viable dags retrieved from /opt/airflow/dags/csv_to_kafka_with_redis.py
[2024-12-03T00:25:36.267+0000] {processor.py:208} INFO - Processing /opt/airflow/dags/csv_to_kafka_with_redis.py took 1.768 seconds
[2024-12-03T00:26:06.781+0000] {processor.py:186} INFO - Started process (PID=7998) to work on /opt/airflow/dags/csv_to_kafka_with_redis.py
[2024-12-03T00:26:06.784+0000] {processor.py:914} INFO - Processing file /opt/airflow/dags/csv_to_kafka_with_redis.py for tasks to queue
[2024-12-03T00:26:06.787+0000] {logging_mixin.py:190} INFO - [2024-12-03T00:26:06.787+0000] {dagbag.py:588} INFO - Filling up the DagBag from /opt/airflow/dags/csv_to_kafka_with_redis.py
[2024-12-03T00:26:07.804+0000] {processor.py:927} WARNING - No viable dags retrieved from /opt/airflow/dags/csv_to_kafka_with_redis.py
[2024-12-03T00:26:07.852+0000] {processor.py:208} INFO - Processing /opt/airflow/dags/csv_to_kafka_with_redis.py took 1.079 seconds
[2024-12-03T00:26:40.016+0000] {processor.py:186} INFO - Started process (PID=8014) to work on /opt/airflow/dags/csv_to_kafka_with_redis.py
[2024-12-03T00:26:40.017+0000] {processor.py:914} INFO - Processing file /opt/airflow/dags/csv_to_kafka_with_redis.py for tasks to queue
[2024-12-03T00:26:40.019+0000] {logging_mixin.py:190} INFO - [2024-12-03T00:26:40.018+0000] {dagbag.py:588} INFO - Filling up the DagBag from /opt/airflow/dags/csv_to_kafka_with_redis.py
[2024-12-03T00:26:40.621+0000] {processor.py:927} WARNING - No viable dags retrieved from /opt/airflow/dags/csv_to_kafka_with_redis.py
[2024-12-03T00:26:40.643+0000] {processor.py:208} INFO - Processing /opt/airflow/dags/csv_to_kafka_with_redis.py took 0.633 seconds
[2024-12-03T00:27:12.149+0000] {processor.py:186} INFO - Started process (PID=8030) to work on /opt/airflow/dags/csv_to_kafka_with_redis.py
[2024-12-03T00:27:12.151+0000] {processor.py:914} INFO - Processing file /opt/airflow/dags/csv_to_kafka_with_redis.py for tasks to queue
[2024-12-03T00:27:12.154+0000] {logging_mixin.py:190} INFO - [2024-12-03T00:27:12.153+0000] {dagbag.py:588} INFO - Filling up the DagBag from /opt/airflow/dags/csv_to_kafka_with_redis.py
[2024-12-03T00:27:12.915+0000] {processor.py:927} WARNING - No viable dags retrieved from /opt/airflow/dags/csv_to_kafka_with_redis.py
[2024-12-03T00:27:12.947+0000] {processor.py:208} INFO - Processing /opt/airflow/dags/csv_to_kafka_with_redis.py took 0.807 seconds
[2024-12-03T00:27:44.061+0000] {processor.py:186} INFO - Started process (PID=8043) to work on /opt/airflow/dags/csv_to_kafka_with_redis.py
[2024-12-03T00:27:44.062+0000] {processor.py:914} INFO - Processing file /opt/airflow/dags/csv_to_kafka_with_redis.py for tasks to queue
[2024-12-03T00:27:44.063+0000] {logging_mixin.py:190} INFO - [2024-12-03T00:27:44.063+0000] {dagbag.py:588} INFO - Filling up the DagBag from /opt/airflow/dags/csv_to_kafka_with_redis.py
[2024-12-03T00:27:44.839+0000] {processor.py:927} WARNING - No viable dags retrieved from /opt/airflow/dags/csv_to_kafka_with_redis.py
[2024-12-03T00:27:44.893+0000] {processor.py:208} INFO - Processing /opt/airflow/dags/csv_to_kafka_with_redis.py took 0.837 seconds
[2024-12-03T00:28:16.330+0000] {processor.py:186} INFO - Started process (PID=8056) to work on /opt/airflow/dags/csv_to_kafka_with_redis.py
[2024-12-03T00:28:16.333+0000] {processor.py:914} INFO - Processing file /opt/airflow/dags/csv_to_kafka_with_redis.py for tasks to queue
[2024-12-03T00:28:16.337+0000] {logging_mixin.py:190} INFO - [2024-12-03T00:28:16.336+0000] {dagbag.py:588} INFO - Filling up the DagBag from /opt/airflow/dags/csv_to_kafka_with_redis.py
[2024-12-03T00:28:17.395+0000] {processor.py:927} WARNING - No viable dags retrieved from /opt/airflow/dags/csv_to_kafka_with_redis.py
[2024-12-03T00:28:17.429+0000] {processor.py:208} INFO - Processing /opt/airflow/dags/csv_to_kafka_with_redis.py took 1.114 seconds
[2024-12-03T00:28:50.748+0000] {processor.py:186} INFO - Started process (PID=8083) to work on /opt/airflow/dags/csv_to_kafka_with_redis.py
[2024-12-03T00:28:50.752+0000] {processor.py:914} INFO - Processing file /opt/airflow/dags/csv_to_kafka_with_redis.py for tasks to queue
[2024-12-03T00:28:50.755+0000] {logging_mixin.py:190} INFO - [2024-12-03T00:28:50.754+0000] {dagbag.py:588} INFO - Filling up the DagBag from /opt/airflow/dags/csv_to_kafka_with_redis.py
[2024-12-03T00:28:51.630+0000] {processor.py:927} WARNING - No viable dags retrieved from /opt/airflow/dags/csv_to_kafka_with_redis.py
[2024-12-03T00:28:51.670+0000] {processor.py:208} INFO - Processing /opt/airflow/dags/csv_to_kafka_with_redis.py took 0.930 seconds
[2024-12-03T00:29:22.687+0000] {processor.py:186} INFO - Started process (PID=8096) to work on /opt/airflow/dags/csv_to_kafka_with_redis.py
[2024-12-03T00:29:22.691+0000] {processor.py:914} INFO - Processing file /opt/airflow/dags/csv_to_kafka_with_redis.py for tasks to queue
[2024-12-03T00:29:22.694+0000] {logging_mixin.py:190} INFO - [2024-12-03T00:29:22.693+0000] {dagbag.py:588} INFO - Filling up the DagBag from /opt/airflow/dags/csv_to_kafka_with_redis.py
[2024-12-03T00:29:23.756+0000] {processor.py:927} WARNING - No viable dags retrieved from /opt/airflow/dags/csv_to_kafka_with_redis.py
[2024-12-03T00:29:23.813+0000] {processor.py:208} INFO - Processing /opt/airflow/dags/csv_to_kafka_with_redis.py took 1.138 seconds
[2024-12-03T00:30:36.938+0000] {processor.py:186} INFO - Started process (PID=8136) to work on /opt/airflow/dags/csv_to_kafka_with_redis.py
[2024-12-03T00:30:36.940+0000] {processor.py:914} INFO - Processing file /opt/airflow/dags/csv_to_kafka_with_redis.py for tasks to queue
[2024-12-03T00:30:36.942+0000] {logging_mixin.py:190} INFO - [2024-12-03T00:30:36.942+0000] {dagbag.py:588} INFO - Filling up the DagBag from /opt/airflow/dags/csv_to_kafka_with_redis.py
[2024-12-03T00:30:38.369+0000] {processor.py:927} WARNING - No viable dags retrieved from /opt/airflow/dags/csv_to_kafka_with_redis.py
[2024-12-03T00:30:38.410+0000] {processor.py:208} INFO - Processing /opt/airflow/dags/csv_to_kafka_with_redis.py took 1.482 seconds
[2024-12-03T00:31:09.674+0000] {processor.py:186} INFO - Started process (PID=8149) to work on /opt/airflow/dags/csv_to_kafka_with_redis.py
[2024-12-03T00:31:09.675+0000] {processor.py:914} INFO - Processing file /opt/airflow/dags/csv_to_kafka_with_redis.py for tasks to queue
[2024-12-03T00:31:09.677+0000] {logging_mixin.py:190} INFO - [2024-12-03T00:31:09.676+0000] {dagbag.py:588} INFO - Filling up the DagBag from /opt/airflow/dags/csv_to_kafka_with_redis.py
[2024-12-03T00:31:10.282+0000] {processor.py:927} WARNING - No viable dags retrieved from /opt/airflow/dags/csv_to_kafka_with_redis.py
[2024-12-03T00:31:10.307+0000] {processor.py:208} INFO - Processing /opt/airflow/dags/csv_to_kafka_with_redis.py took 0.639 seconds
[2024-12-03T00:31:41.073+0000] {processor.py:186} INFO - Started process (PID=8162) to work on /opt/airflow/dags/csv_to_kafka_with_redis.py
[2024-12-03T00:31:41.074+0000] {processor.py:914} INFO - Processing file /opt/airflow/dags/csv_to_kafka_with_redis.py for tasks to queue
[2024-12-03T00:31:41.077+0000] {logging_mixin.py:190} INFO - [2024-12-03T00:31:41.076+0000] {dagbag.py:588} INFO - Filling up the DagBag from /opt/airflow/dags/csv_to_kafka_with_redis.py
[2024-12-03T00:31:41.628+0000] {processor.py:927} WARNING - No viable dags retrieved from /opt/airflow/dags/csv_to_kafka_with_redis.py
[2024-12-03T00:31:41.674+0000] {processor.py:208} INFO - Processing /opt/airflow/dags/csv_to_kafka_with_redis.py took 0.607 seconds
[2024-12-03T00:32:02.928+0000] {processor.py:186} INFO - Started process (PID=8176) to work on /opt/airflow/dags/csv_to_kafka_with_redis.py
[2024-12-03T00:32:02.929+0000] {processor.py:914} INFO - Processing file /opt/airflow/dags/csv_to_kafka_with_redis.py for tasks to queue
[2024-12-03T00:32:02.931+0000] {logging_mixin.py:190} INFO - [2024-12-03T00:32:02.930+0000] {dagbag.py:588} INFO - Filling up the DagBag from /opt/airflow/dags/csv_to_kafka_with_redis.py
[2024-12-03T00:32:03.518+0000] {processor.py:927} WARNING - No viable dags retrieved from /opt/airflow/dags/csv_to_kafka_with_redis.py
[2024-12-03T00:32:03.542+0000] {processor.py:208} INFO - Processing /opt/airflow/dags/csv_to_kafka_with_redis.py took 0.620 seconds
[2024-12-03T00:32:06.431+0000] {processor.py:186} INFO - Started process (PID=8178) to work on /opt/airflow/dags/csv_to_kafka_with_redis.py
[2024-12-03T00:32:06.434+0000] {processor.py:914} INFO - Processing file /opt/airflow/dags/csv_to_kafka_with_redis.py for tasks to queue
[2024-12-03T00:32:06.436+0000] {logging_mixin.py:190} INFO - [2024-12-03T00:32:06.436+0000] {dagbag.py:588} INFO - Filling up the DagBag from /opt/airflow/dags/csv_to_kafka_with_redis.py
[2024-12-03T00:32:07.392+0000] {processor.py:927} WARNING - No viable dags retrieved from /opt/airflow/dags/csv_to_kafka_with_redis.py
[2024-12-03T00:32:07.442+0000] {processor.py:208} INFO - Processing /opt/airflow/dags/csv_to_kafka_with_redis.py took 1.018 seconds
[2024-12-03T00:32:38.057+0000] {processor.py:186} INFO - Started process (PID=8191) to work on /opt/airflow/dags/csv_to_kafka_with_redis.py
[2024-12-03T00:32:38.058+0000] {processor.py:914} INFO - Processing file /opt/airflow/dags/csv_to_kafka_with_redis.py for tasks to queue
[2024-12-03T00:32:38.060+0000] {logging_mixin.py:190} INFO - [2024-12-03T00:32:38.060+0000] {dagbag.py:588} INFO - Filling up the DagBag from /opt/airflow/dags/csv_to_kafka_with_redis.py
[2024-12-03T00:32:38.616+0000] {processor.py:927} WARNING - No viable dags retrieved from /opt/airflow/dags/csv_to_kafka_with_redis.py
[2024-12-03T00:32:38.641+0000] {processor.py:208} INFO - Processing /opt/airflow/dags/csv_to_kafka_with_redis.py took 0.590 seconds
[2024-12-03T00:33:08.993+0000] {processor.py:186} INFO - Started process (PID=8204) to work on /opt/airflow/dags/csv_to_kafka_with_redis.py
[2024-12-03T00:33:08.995+0000] {processor.py:914} INFO - Processing file /opt/airflow/dags/csv_to_kafka_with_redis.py for tasks to queue
[2024-12-03T00:33:09.003+0000] {logging_mixin.py:190} INFO - [2024-12-03T00:33:09.000+0000] {dagbag.py:588} INFO - Filling up the DagBag from /opt/airflow/dags/csv_to_kafka_with_redis.py
[2024-12-03T00:33:09.980+0000] {processor.py:927} WARNING - No viable dags retrieved from /opt/airflow/dags/csv_to_kafka_with_redis.py
[2024-12-03T00:33:10.010+0000] {processor.py:208} INFO - Processing /opt/airflow/dags/csv_to_kafka_with_redis.py took 1.032 seconds
[2024-12-03T00:34:14.405+0000] {processor.py:186} INFO - Started process (PID=8232) to work on /opt/airflow/dags/csv_to_kafka_with_redis.py
[2024-12-03T00:34:14.410+0000] {processor.py:914} INFO - Processing file /opt/airflow/dags/csv_to_kafka_with_redis.py for tasks to queue
[2024-12-03T00:34:14.414+0000] {logging_mixin.py:190} INFO - [2024-12-03T00:34:14.413+0000] {dagbag.py:588} INFO - Filling up the DagBag from /opt/airflow/dags/csv_to_kafka_with_redis.py
[2024-12-03T00:34:16.482+0000] {processor.py:927} WARNING - No viable dags retrieved from /opt/airflow/dags/csv_to_kafka_with_redis.py
[2024-12-03T00:34:16.532+0000] {processor.py:208} INFO - Processing /opt/airflow/dags/csv_to_kafka_with_redis.py took 2.146 seconds
[2024-12-03T00:34:47.062+0000] {processor.py:186} INFO - Started process (PID=8245) to work on /opt/airflow/dags/csv_to_kafka_with_redis.py
[2024-12-03T00:34:47.065+0000] {processor.py:914} INFO - Processing file /opt/airflow/dags/csv_to_kafka_with_redis.py for tasks to queue
[2024-12-03T00:34:47.071+0000] {logging_mixin.py:190} INFO - [2024-12-03T00:34:47.070+0000] {dagbag.py:588} INFO - Filling up the DagBag from /opt/airflow/dags/csv_to_kafka_with_redis.py
[2024-12-03T00:34:48.059+0000] {processor.py:927} WARNING - No viable dags retrieved from /opt/airflow/dags/csv_to_kafka_with_redis.py
[2024-12-03T00:34:48.115+0000] {processor.py:208} INFO - Processing /opt/airflow/dags/csv_to_kafka_with_redis.py took 1.061 seconds
[2024-12-03T00:35:18.828+0000] {processor.py:186} INFO - Started process (PID=8258) to work on /opt/airflow/dags/csv_to_kafka_with_redis.py
[2024-12-03T00:35:18.831+0000] {processor.py:914} INFO - Processing file /opt/airflow/dags/csv_to_kafka_with_redis.py for tasks to queue
[2024-12-03T00:35:18.841+0000] {logging_mixin.py:190} INFO - [2024-12-03T00:35:18.840+0000] {dagbag.py:588} INFO - Filling up the DagBag from /opt/airflow/dags/csv_to_kafka_with_redis.py
[2024-12-03T00:35:20.358+0000] {processor.py:927} WARNING - No viable dags retrieved from /opt/airflow/dags/csv_to_kafka_with_redis.py
[2024-12-03T00:35:20.407+0000] {processor.py:208} INFO - Processing /opt/airflow/dags/csv_to_kafka_with_redis.py took 1.612 seconds
[2024-12-03T00:35:51.074+0000] {processor.py:186} INFO - Started process (PID=8271) to work on /opt/airflow/dags/csv_to_kafka_with_redis.py
[2024-12-03T00:35:51.075+0000] {processor.py:914} INFO - Processing file /opt/airflow/dags/csv_to_kafka_with_redis.py for tasks to queue
[2024-12-03T00:35:51.077+0000] {logging_mixin.py:190} INFO - [2024-12-03T00:35:51.077+0000] {dagbag.py:588} INFO - Filling up the DagBag from /opt/airflow/dags/csv_to_kafka_with_redis.py
[2024-12-03T00:35:51.886+0000] {processor.py:927} WARNING - No viable dags retrieved from /opt/airflow/dags/csv_to_kafka_with_redis.py
[2024-12-03T00:35:51.944+0000] {processor.py:208} INFO - Processing /opt/airflow/dags/csv_to_kafka_with_redis.py took 0.876 seconds
[2024-12-03T00:36:22.442+0000] {processor.py:186} INFO - Started process (PID=8284) to work on /opt/airflow/dags/csv_to_kafka_with_redis.py
[2024-12-03T00:36:22.443+0000] {processor.py:914} INFO - Processing file /opt/airflow/dags/csv_to_kafka_with_redis.py for tasks to queue
[2024-12-03T00:36:22.445+0000] {logging_mixin.py:190} INFO - [2024-12-03T00:36:22.444+0000] {dagbag.py:588} INFO - Filling up the DagBag from /opt/airflow/dags/csv_to_kafka_with_redis.py
[2024-12-03T00:36:23.387+0000] {processor.py:927} WARNING - No viable dags retrieved from /opt/airflow/dags/csv_to_kafka_with_redis.py
[2024-12-03T00:36:23.458+0000] {processor.py:208} INFO - Processing /opt/airflow/dags/csv_to_kafka_with_redis.py took 1.023 seconds
[2024-12-03T00:36:53.947+0000] {processor.py:186} INFO - Started process (PID=8297) to work on /opt/airflow/dags/csv_to_kafka_with_redis.py
[2024-12-03T00:36:53.949+0000] {processor.py:914} INFO - Processing file /opt/airflow/dags/csv_to_kafka_with_redis.py for tasks to queue
[2024-12-03T00:36:53.953+0000] {logging_mixin.py:190} INFO - [2024-12-03T00:36:53.953+0000] {dagbag.py:588} INFO - Filling up the DagBag from /opt/airflow/dags/csv_to_kafka_with_redis.py
[2024-12-03T00:36:55.054+0000] {processor.py:927} WARNING - No viable dags retrieved from /opt/airflow/dags/csv_to_kafka_with_redis.py
[2024-12-03T00:36:55.131+0000] {processor.py:208} INFO - Processing /opt/airflow/dags/csv_to_kafka_with_redis.py took 1.190 seconds
[2024-12-03T00:37:25.370+0000] {processor.py:186} INFO - Started process (PID=8310) to work on /opt/airflow/dags/csv_to_kafka_with_redis.py
[2024-12-03T00:37:25.371+0000] {processor.py:914} INFO - Processing file /opt/airflow/dags/csv_to_kafka_with_redis.py for tasks to queue
[2024-12-03T00:37:25.374+0000] {logging_mixin.py:190} INFO - [2024-12-03T00:37:25.373+0000] {dagbag.py:588} INFO - Filling up the DagBag from /opt/airflow/dags/csv_to_kafka_with_redis.py
[2024-12-03T00:37:26.026+0000] {processor.py:927} WARNING - No viable dags retrieved from /opt/airflow/dags/csv_to_kafka_with_redis.py
[2024-12-03T00:37:26.057+0000] {processor.py:208} INFO - Processing /opt/airflow/dags/csv_to_kafka_with_redis.py took 0.694 seconds
[2024-12-03T00:37:57.293+0000] {processor.py:186} INFO - Started process (PID=8323) to work on /opt/airflow/dags/csv_to_kafka_with_redis.py
[2024-12-03T00:37:57.297+0000] {processor.py:914} INFO - Processing file /opt/airflow/dags/csv_to_kafka_with_redis.py for tasks to queue
[2024-12-03T00:37:57.301+0000] {logging_mixin.py:190} INFO - [2024-12-03T00:37:57.299+0000] {dagbag.py:588} INFO - Filling up the DagBag from /opt/airflow/dags/csv_to_kafka_with_redis.py
[2024-12-03T00:37:58.355+0000] {processor.py:927} WARNING - No viable dags retrieved from /opt/airflow/dags/csv_to_kafka_with_redis.py
[2024-12-03T00:37:58.424+0000] {processor.py:208} INFO - Processing /opt/airflow/dags/csv_to_kafka_with_redis.py took 1.146 seconds
[2024-12-03T00:38:29.336+0000] {processor.py:186} INFO - Started process (PID=8336) to work on /opt/airflow/dags/csv_to_kafka_with_redis.py
[2024-12-03T00:38:29.338+0000] {processor.py:914} INFO - Processing file /opt/airflow/dags/csv_to_kafka_with_redis.py for tasks to queue
[2024-12-03T00:38:29.340+0000] {logging_mixin.py:190} INFO - [2024-12-03T00:38:29.339+0000] {dagbag.py:588} INFO - Filling up the DagBag from /opt/airflow/dags/csv_to_kafka_with_redis.py
[2024-12-03T00:38:30.152+0000] {processor.py:927} WARNING - No viable dags retrieved from /opt/airflow/dags/csv_to_kafka_with_redis.py
[2024-12-03T00:38:30.226+0000] {processor.py:208} INFO - Processing /opt/airflow/dags/csv_to_kafka_with_redis.py took 0.903 seconds
[2024-12-03T00:39:01.163+0000] {processor.py:186} INFO - Started process (PID=8349) to work on /opt/airflow/dags/csv_to_kafka_with_redis.py
[2024-12-03T00:39:01.166+0000] {processor.py:914} INFO - Processing file /opt/airflow/dags/csv_to_kafka_with_redis.py for tasks to queue
[2024-12-03T00:39:01.171+0000] {logging_mixin.py:190} INFO - [2024-12-03T00:39:01.170+0000] {dagbag.py:588} INFO - Filling up the DagBag from /opt/airflow/dags/csv_to_kafka_with_redis.py
[2024-12-03T00:39:02.091+0000] {processor.py:927} WARNING - No viable dags retrieved from /opt/airflow/dags/csv_to_kafka_with_redis.py
[2024-12-03T00:39:02.152+0000] {processor.py:208} INFO - Processing /opt/airflow/dags/csv_to_kafka_with_redis.py took 0.996 seconds
[2024-12-03T00:39:33.990+0000] {processor.py:186} INFO - Started process (PID=8362) to work on /opt/airflow/dags/csv_to_kafka_with_redis.py
[2024-12-03T00:39:33.992+0000] {processor.py:914} INFO - Processing file /opt/airflow/dags/csv_to_kafka_with_redis.py for tasks to queue
[2024-12-03T00:39:33.996+0000] {logging_mixin.py:190} INFO - [2024-12-03T00:39:33.995+0000] {dagbag.py:588} INFO - Filling up the DagBag from /opt/airflow/dags/csv_to_kafka_with_redis.py
[2024-12-03T00:39:35.053+0000] {processor.py:927} WARNING - No viable dags retrieved from /opt/airflow/dags/csv_to_kafka_with_redis.py
[2024-12-03T00:39:35.110+0000] {processor.py:208} INFO - Processing /opt/airflow/dags/csv_to_kafka_with_redis.py took 1.131 seconds
[2024-12-03T00:40:05.745+0000] {processor.py:186} INFO - Started process (PID=8375) to work on /opt/airflow/dags/csv_to_kafka_with_redis.py
[2024-12-03T00:40:05.747+0000] {processor.py:914} INFO - Processing file /opt/airflow/dags/csv_to_kafka_with_redis.py for tasks to queue
[2024-12-03T00:40:05.753+0000] {logging_mixin.py:190} INFO - [2024-12-03T00:40:05.752+0000] {dagbag.py:588} INFO - Filling up the DagBag from /opt/airflow/dags/csv_to_kafka_with_redis.py
[2024-12-03T00:40:06.666+0000] {processor.py:927} WARNING - No viable dags retrieved from /opt/airflow/dags/csv_to_kafka_with_redis.py
[2024-12-03T00:40:06.721+0000] {processor.py:208} INFO - Processing /opt/airflow/dags/csv_to_kafka_with_redis.py took 0.984 seconds
[2024-12-03T00:40:36.973+0000] {processor.py:186} INFO - Started process (PID=8388) to work on /opt/airflow/dags/csv_to_kafka_with_redis.py
[2024-12-03T00:40:36.974+0000] {processor.py:914} INFO - Processing file /opt/airflow/dags/csv_to_kafka_with_redis.py for tasks to queue
[2024-12-03T00:40:36.976+0000] {logging_mixin.py:190} INFO - [2024-12-03T00:40:36.976+0000] {dagbag.py:588} INFO - Filling up the DagBag from /opt/airflow/dags/csv_to_kafka_with_redis.py
[2024-12-03T00:40:37.589+0000] {processor.py:927} WARNING - No viable dags retrieved from /opt/airflow/dags/csv_to_kafka_with_redis.py
[2024-12-03T00:40:37.647+0000] {processor.py:208} INFO - Processing /opt/airflow/dags/csv_to_kafka_with_redis.py took 0.679 seconds
[2024-12-03T00:41:08.713+0000] {processor.py:186} INFO - Started process (PID=8401) to work on /opt/airflow/dags/csv_to_kafka_with_redis.py
[2024-12-03T00:41:08.715+0000] {processor.py:914} INFO - Processing file /opt/airflow/dags/csv_to_kafka_with_redis.py for tasks to queue
[2024-12-03T00:41:08.718+0000] {logging_mixin.py:190} INFO - [2024-12-03T00:41:08.717+0000] {dagbag.py:588} INFO - Filling up the DagBag from /opt/airflow/dags/csv_to_kafka_with_redis.py
[2024-12-03T00:41:09.532+0000] {processor.py:927} WARNING - No viable dags retrieved from /opt/airflow/dags/csv_to_kafka_with_redis.py
[2024-12-03T00:41:09.569+0000] {processor.py:208} INFO - Processing /opt/airflow/dags/csv_to_kafka_with_redis.py took 0.863 seconds
[2024-12-03T00:41:40.858+0000] {processor.py:186} INFO - Started process (PID=8415) to work on /opt/airflow/dags/csv_to_kafka_with_redis.py
[2024-12-03T00:41:40.860+0000] {processor.py:914} INFO - Processing file /opt/airflow/dags/csv_to_kafka_with_redis.py for tasks to queue
[2024-12-03T00:41:40.861+0000] {logging_mixin.py:190} INFO - [2024-12-03T00:41:40.861+0000] {dagbag.py:588} INFO - Filling up the DagBag from /opt/airflow/dags/csv_to_kafka_with_redis.py
[2024-12-03T00:41:41.549+0000] {processor.py:927} WARNING - No viable dags retrieved from /opt/airflow/dags/csv_to_kafka_with_redis.py
[2024-12-03T00:41:41.587+0000] {processor.py:208} INFO - Processing /opt/airflow/dags/csv_to_kafka_with_redis.py took 0.734 seconds
[2024-12-03T00:42:11.887+0000] {processor.py:186} INFO - Started process (PID=8428) to work on /opt/airflow/dags/csv_to_kafka_with_redis.py
[2024-12-03T00:42:11.889+0000] {processor.py:914} INFO - Processing file /opt/airflow/dags/csv_to_kafka_with_redis.py for tasks to queue
[2024-12-03T00:42:11.891+0000] {logging_mixin.py:190} INFO - [2024-12-03T00:42:11.890+0000] {dagbag.py:588} INFO - Filling up the DagBag from /opt/airflow/dags/csv_to_kafka_with_redis.py
[2024-12-03T00:42:12.700+0000] {processor.py:927} WARNING - No viable dags retrieved from /opt/airflow/dags/csv_to_kafka_with_redis.py
[2024-12-03T00:42:12.741+0000] {processor.py:208} INFO - Processing /opt/airflow/dags/csv_to_kafka_with_redis.py took 0.863 seconds
[2024-12-03T00:42:43.344+0000] {processor.py:186} INFO - Started process (PID=8441) to work on /opt/airflow/dags/csv_to_kafka_with_redis.py
[2024-12-03T00:42:43.345+0000] {processor.py:914} INFO - Processing file /opt/airflow/dags/csv_to_kafka_with_redis.py for tasks to queue
[2024-12-03T00:42:43.347+0000] {logging_mixin.py:190} INFO - [2024-12-03T00:42:43.347+0000] {dagbag.py:588} INFO - Filling up the DagBag from /opt/airflow/dags/csv_to_kafka_with_redis.py
[2024-12-03T00:42:43.888+0000] {processor.py:927} WARNING - No viable dags retrieved from /opt/airflow/dags/csv_to_kafka_with_redis.py
[2024-12-03T00:42:43.914+0000] {processor.py:208} INFO - Processing /opt/airflow/dags/csv_to_kafka_with_redis.py took 0.577 seconds
[2024-12-03T00:43:14.325+0000] {processor.py:186} INFO - Started process (PID=8454) to work on /opt/airflow/dags/csv_to_kafka_with_redis.py
[2024-12-03T00:43:14.327+0000] {processor.py:914} INFO - Processing file /opt/airflow/dags/csv_to_kafka_with_redis.py for tasks to queue
[2024-12-03T00:43:14.333+0000] {logging_mixin.py:190} INFO - [2024-12-03T00:43:14.331+0000] {dagbag.py:588} INFO - Filling up the DagBag from /opt/airflow/dags/csv_to_kafka_with_redis.py
[2024-12-03T00:43:15.152+0000] {processor.py:927} WARNING - No viable dags retrieved from /opt/airflow/dags/csv_to_kafka_with_redis.py
[2024-12-03T00:43:15.194+0000] {processor.py:208} INFO - Processing /opt/airflow/dags/csv_to_kafka_with_redis.py took 0.877 seconds
[2024-12-03T00:43:45.723+0000] {processor.py:186} INFO - Started process (PID=8467) to work on /opt/airflow/dags/csv_to_kafka_with_redis.py
[2024-12-03T00:43:45.724+0000] {processor.py:914} INFO - Processing file /opt/airflow/dags/csv_to_kafka_with_redis.py for tasks to queue
[2024-12-03T00:43:45.726+0000] {logging_mixin.py:190} INFO - [2024-12-03T00:43:45.725+0000] {dagbag.py:588} INFO - Filling up the DagBag from /opt/airflow/dags/csv_to_kafka_with_redis.py
[2024-12-03T00:43:46.342+0000] {processor.py:927} WARNING - No viable dags retrieved from /opt/airflow/dags/csv_to_kafka_with_redis.py
[2024-12-03T00:43:46.366+0000] {processor.py:208} INFO - Processing /opt/airflow/dags/csv_to_kafka_with_redis.py took 0.649 seconds
[2024-12-03T00:44:17.675+0000] {processor.py:186} INFO - Started process (PID=8480) to work on /opt/airflow/dags/csv_to_kafka_with_redis.py
[2024-12-03T00:44:17.677+0000] {processor.py:914} INFO - Processing file /opt/airflow/dags/csv_to_kafka_with_redis.py for tasks to queue
[2024-12-03T00:44:17.680+0000] {logging_mixin.py:190} INFO - [2024-12-03T00:44:17.679+0000] {dagbag.py:588} INFO - Filling up the DagBag from /opt/airflow/dags/csv_to_kafka_with_redis.py
[2024-12-03T00:44:18.238+0000] {processor.py:927} WARNING - No viable dags retrieved from /opt/airflow/dags/csv_to_kafka_with_redis.py
[2024-12-03T00:44:18.262+0000] {processor.py:208} INFO - Processing /opt/airflow/dags/csv_to_kafka_with_redis.py took 0.595 seconds
[2024-12-03T00:44:49.521+0000] {processor.py:186} INFO - Started process (PID=8493) to work on /opt/airflow/dags/csv_to_kafka_with_redis.py
[2024-12-03T00:44:49.522+0000] {processor.py:914} INFO - Processing file /opt/airflow/dags/csv_to_kafka_with_redis.py for tasks to queue
[2024-12-03T00:44:49.525+0000] {logging_mixin.py:190} INFO - [2024-12-03T00:44:49.524+0000] {dagbag.py:588} INFO - Filling up the DagBag from /opt/airflow/dags/csv_to_kafka_with_redis.py
[2024-12-03T00:44:50.375+0000] {processor.py:927} WARNING - No viable dags retrieved from /opt/airflow/dags/csv_to_kafka_with_redis.py
[2024-12-03T00:44:50.400+0000] {processor.py:208} INFO - Processing /opt/airflow/dags/csv_to_kafka_with_redis.py took 0.889 seconds
[2024-12-03T00:49:55.755+0000] {processor.py:186} INFO - Started process (PID=68) to work on /opt/airflow/dags/csv_to_kafka_with_redis.py
[2024-12-03T00:49:55.760+0000] {processor.py:914} INFO - Processing file /opt/airflow/dags/csv_to_kafka_with_redis.py for tasks to queue
[2024-12-03T00:49:55.772+0000] {logging_mixin.py:190} INFO - [2024-12-03T00:49:55.771+0000] {dagbag.py:588} INFO - Filling up the DagBag from /opt/airflow/dags/csv_to_kafka_with_redis.py
[2024-12-03T00:49:57.788+0000] {processor.py:927} WARNING - No viable dags retrieved from /opt/airflow/dags/csv_to_kafka_with_redis.py
[2024-12-03T00:49:57.864+0000] {processor.py:208} INFO - Processing /opt/airflow/dags/csv_to_kafka_with_redis.py took 2.145 seconds
[2024-12-03T00:50:30.923+0000] {processor.py:186} INFO - Started process (PID=95) to work on /opt/airflow/dags/csv_to_kafka_with_redis.py
[2024-12-03T00:50:30.927+0000] {processor.py:914} INFO - Processing file /opt/airflow/dags/csv_to_kafka_with_redis.py for tasks to queue
[2024-12-03T00:50:30.943+0000] {logging_mixin.py:190} INFO - [2024-12-03T00:50:30.942+0000] {dagbag.py:588} INFO - Filling up the DagBag from /opt/airflow/dags/csv_to_kafka_with_redis.py
[2024-12-03T00:50:36.028+0000] {processor.py:927} WARNING - No viable dags retrieved from /opt/airflow/dags/csv_to_kafka_with_redis.py
[2024-12-03T00:50:36.077+0000] {processor.py:208} INFO - Processing /opt/airflow/dags/csv_to_kafka_with_redis.py took 5.181 seconds
[2024-12-03T00:51:06.894+0000] {processor.py:186} INFO - Started process (PID=118) to work on /opt/airflow/dags/csv_to_kafka_with_redis.py
[2024-12-03T00:51:06.897+0000] {processor.py:914} INFO - Processing file /opt/airflow/dags/csv_to_kafka_with_redis.py for tasks to queue
[2024-12-03T00:51:06.908+0000] {logging_mixin.py:190} INFO - [2024-12-03T00:51:06.907+0000] {dagbag.py:588} INFO - Filling up the DagBag from /opt/airflow/dags/csv_to_kafka_with_redis.py
[2024-12-03T00:51:08.177+0000] {processor.py:927} WARNING - No viable dags retrieved from /opt/airflow/dags/csv_to_kafka_with_redis.py
[2024-12-03T00:51:08.226+0000] {processor.py:208} INFO - Processing /opt/airflow/dags/csv_to_kafka_with_redis.py took 1.354 seconds
[2024-12-03T00:51:39.697+0000] {processor.py:186} INFO - Started process (PID=131) to work on /opt/airflow/dags/csv_to_kafka_with_redis.py
[2024-12-03T00:51:39.702+0000] {processor.py:914} INFO - Processing file /opt/airflow/dags/csv_to_kafka_with_redis.py for tasks to queue
[2024-12-03T00:51:39.714+0000] {logging_mixin.py:190} INFO - [2024-12-03T00:51:39.712+0000] {dagbag.py:588} INFO - Filling up the DagBag from /opt/airflow/dags/csv_to_kafka_with_redis.py
[2024-12-03T00:51:41.053+0000] {processor.py:927} WARNING - No viable dags retrieved from /opt/airflow/dags/csv_to_kafka_with_redis.py
[2024-12-03T00:51:41.114+0000] {processor.py:208} INFO - Processing /opt/airflow/dags/csv_to_kafka_with_redis.py took 1.431 seconds
[2024-12-03T00:52:12.112+0000] {processor.py:186} INFO - Started process (PID=144) to work on /opt/airflow/dags/csv_to_kafka_with_redis.py
[2024-12-03T00:52:12.115+0000] {processor.py:914} INFO - Processing file /opt/airflow/dags/csv_to_kafka_with_redis.py for tasks to queue
[2024-12-03T00:52:12.122+0000] {logging_mixin.py:190} INFO - [2024-12-03T00:52:12.121+0000] {dagbag.py:588} INFO - Filling up the DagBag from /opt/airflow/dags/csv_to_kafka_with_redis.py
[2024-12-03T00:52:13.407+0000] {processor.py:927} WARNING - No viable dags retrieved from /opt/airflow/dags/csv_to_kafka_with_redis.py
[2024-12-03T00:52:13.471+0000] {processor.py:208} INFO - Processing /opt/airflow/dags/csv_to_kafka_with_redis.py took 1.383 seconds
[2024-12-03T00:52:44.470+0000] {processor.py:186} INFO - Started process (PID=157) to work on /opt/airflow/dags/csv_to_kafka_with_redis.py
[2024-12-03T00:52:44.471+0000] {processor.py:914} INFO - Processing file /opt/airflow/dags/csv_to_kafka_with_redis.py for tasks to queue
[2024-12-03T00:52:44.475+0000] {logging_mixin.py:190} INFO - [2024-12-03T00:52:44.474+0000] {dagbag.py:588} INFO - Filling up the DagBag from /opt/airflow/dags/csv_to_kafka_with_redis.py
[2024-12-03T00:52:45.246+0000] {processor.py:927} WARNING - No viable dags retrieved from /opt/airflow/dags/csv_to_kafka_with_redis.py
[2024-12-03T00:52:45.295+0000] {processor.py:208} INFO - Processing /opt/airflow/dags/csv_to_kafka_with_redis.py took 0.830 seconds
[2024-12-03T00:53:16.668+0000] {processor.py:186} INFO - Started process (PID=170) to work on /opt/airflow/dags/csv_to_kafka_with_redis.py
[2024-12-03T00:53:16.671+0000] {processor.py:914} INFO - Processing file /opt/airflow/dags/csv_to_kafka_with_redis.py for tasks to queue
[2024-12-03T00:53:16.675+0000] {logging_mixin.py:190} INFO - [2024-12-03T00:53:16.674+0000] {dagbag.py:588} INFO - Filling up the DagBag from /opt/airflow/dags/csv_to_kafka_with_redis.py
[2024-12-03T00:53:17.690+0000] {processor.py:927} WARNING - No viable dags retrieved from /opt/airflow/dags/csv_to_kafka_with_redis.py
[2024-12-03T00:53:17.743+0000] {processor.py:208} INFO - Processing /opt/airflow/dags/csv_to_kafka_with_redis.py took 1.084 seconds
[2024-12-03T00:53:48.229+0000] {processor.py:186} INFO - Started process (PID=183) to work on /opt/airflow/dags/csv_to_kafka_with_redis.py
[2024-12-03T00:53:48.233+0000] {processor.py:914} INFO - Processing file /opt/airflow/dags/csv_to_kafka_with_redis.py for tasks to queue
[2024-12-03T00:53:48.238+0000] {logging_mixin.py:190} INFO - [2024-12-03T00:53:48.238+0000] {dagbag.py:588} INFO - Filling up the DagBag from /opt/airflow/dags/csv_to_kafka_with_redis.py
[2024-12-03T00:53:49.089+0000] {processor.py:927} WARNING - No viable dags retrieved from /opt/airflow/dags/csv_to_kafka_with_redis.py
[2024-12-03T00:53:49.153+0000] {processor.py:208} INFO - Processing /opt/airflow/dags/csv_to_kafka_with_redis.py took 0.932 seconds
[2024-12-03T00:54:20.690+0000] {processor.py:186} INFO - Started process (PID=196) to work on /opt/airflow/dags/csv_to_kafka_with_redis.py
[2024-12-03T00:54:20.693+0000] {processor.py:914} INFO - Processing file /opt/airflow/dags/csv_to_kafka_with_redis.py for tasks to queue
[2024-12-03T00:54:20.697+0000] {logging_mixin.py:190} INFO - [2024-12-03T00:54:20.696+0000] {dagbag.py:588} INFO - Filling up the DagBag from /opt/airflow/dags/csv_to_kafka_with_redis.py
[2024-12-03T00:54:22.089+0000] {processor.py:927} WARNING - No viable dags retrieved from /opt/airflow/dags/csv_to_kafka_with_redis.py
[2024-12-03T00:54:22.161+0000] {processor.py:208} INFO - Processing /opt/airflow/dags/csv_to_kafka_with_redis.py took 1.479 seconds
[2024-12-03T00:56:01.536+0000] {processor.py:186} INFO - Started process (PID=235) to work on /opt/airflow/dags/csv_to_kafka_with_redis.py
[2024-12-03T00:56:01.539+0000] {processor.py:914} INFO - Processing file /opt/airflow/dags/csv_to_kafka_with_redis.py for tasks to queue
[2024-12-03T00:56:01.544+0000] {logging_mixin.py:190} INFO - [2024-12-03T00:56:01.542+0000] {dagbag.py:588} INFO - Filling up the DagBag from /opt/airflow/dags/csv_to_kafka_with_redis.py
[2024-12-03T00:56:04.267+0000] {processor.py:927} WARNING - No viable dags retrieved from /opt/airflow/dags/csv_to_kafka_with_redis.py
[2024-12-03T00:56:04.322+0000] {processor.py:208} INFO - Processing /opt/airflow/dags/csv_to_kafka_with_redis.py took 2.804 seconds
[2024-12-03T00:56:36.093+0000] {processor.py:186} INFO - Started process (PID=248) to work on /opt/airflow/dags/csv_to_kafka_with_redis.py
[2024-12-03T00:56:36.096+0000] {processor.py:914} INFO - Processing file /opt/airflow/dags/csv_to_kafka_with_redis.py for tasks to queue
[2024-12-03T00:56:36.101+0000] {logging_mixin.py:190} INFO - [2024-12-03T00:56:36.100+0000] {dagbag.py:588} INFO - Filling up the DagBag from /opt/airflow/dags/csv_to_kafka_with_redis.py
[2024-12-03T00:56:37.120+0000] {processor.py:927} WARNING - No viable dags retrieved from /opt/airflow/dags/csv_to_kafka_with_redis.py
[2024-12-03T00:56:37.208+0000] {processor.py:208} INFO - Processing /opt/airflow/dags/csv_to_kafka_with_redis.py took 1.145 seconds
[2024-12-03T00:57:07.780+0000] {processor.py:186} INFO - Started process (PID=261) to work on /opt/airflow/dags/csv_to_kafka_with_redis.py
[2024-12-03T00:57:07.783+0000] {processor.py:914} INFO - Processing file /opt/airflow/dags/csv_to_kafka_with_redis.py for tasks to queue
[2024-12-03T00:57:07.788+0000] {logging_mixin.py:190} INFO - [2024-12-03T00:57:07.787+0000] {dagbag.py:588} INFO - Filling up the DagBag from /opt/airflow/dags/csv_to_kafka_with_redis.py
[2024-12-03T00:57:08.689+0000] {processor.py:927} WARNING - No viable dags retrieved from /opt/airflow/dags/csv_to_kafka_with_redis.py
[2024-12-03T00:57:08.752+0000] {processor.py:208} INFO - Processing /opt/airflow/dags/csv_to_kafka_with_redis.py took 0.980 seconds
[2024-12-03T00:57:39.930+0000] {processor.py:186} INFO - Started process (PID=274) to work on /opt/airflow/dags/csv_to_kafka_with_redis.py
[2024-12-03T00:57:39.937+0000] {processor.py:914} INFO - Processing file /opt/airflow/dags/csv_to_kafka_with_redis.py for tasks to queue
[2024-12-03T00:57:39.944+0000] {logging_mixin.py:190} INFO - [2024-12-03T00:57:39.943+0000] {dagbag.py:588} INFO - Filling up the DagBag from /opt/airflow/dags/csv_to_kafka_with_redis.py
[2024-12-03T00:57:40.991+0000] {processor.py:927} WARNING - No viable dags retrieved from /opt/airflow/dags/csv_to_kafka_with_redis.py
[2024-12-03T00:57:41.130+0000] {processor.py:208} INFO - Processing /opt/airflow/dags/csv_to_kafka_with_redis.py took 1.219 seconds
[2024-12-03T00:58:11.424+0000] {processor.py:186} INFO - Started process (PID=287) to work on /opt/airflow/dags/csv_to_kafka_with_redis.py
[2024-12-03T00:58:11.427+0000] {processor.py:914} INFO - Processing file /opt/airflow/dags/csv_to_kafka_with_redis.py for tasks to queue
[2024-12-03T00:58:11.430+0000] {logging_mixin.py:190} INFO - [2024-12-03T00:58:11.429+0000] {dagbag.py:588} INFO - Filling up the DagBag from /opt/airflow/dags/csv_to_kafka_with_redis.py
[2024-12-03T00:58:12.639+0000] {processor.py:927} WARNING - No viable dags retrieved from /opt/airflow/dags/csv_to_kafka_with_redis.py
[2024-12-03T00:58:12.694+0000] {processor.py:208} INFO - Processing /opt/airflow/dags/csv_to_kafka_with_redis.py took 1.282 seconds
[2024-12-03T00:58:43.326+0000] {processor.py:186} INFO - Started process (PID=300) to work on /opt/airflow/dags/csv_to_kafka_with_redis.py
[2024-12-03T00:58:43.328+0000] {processor.py:914} INFO - Processing file /opt/airflow/dags/csv_to_kafka_with_redis.py for tasks to queue
[2024-12-03T00:58:43.336+0000] {logging_mixin.py:190} INFO - [2024-12-03T00:58:43.334+0000] {dagbag.py:588} INFO - Filling up the DagBag from /opt/airflow/dags/csv_to_kafka_with_redis.py
[2024-12-03T00:58:44.557+0000] {processor.py:927} WARNING - No viable dags retrieved from /opt/airflow/dags/csv_to_kafka_with_redis.py
[2024-12-03T00:58:44.602+0000] {processor.py:208} INFO - Processing /opt/airflow/dags/csv_to_kafka_with_redis.py took 1.291 seconds
[2024-12-03T00:59:15.004+0000] {processor.py:186} INFO - Started process (PID=313) to work on /opt/airflow/dags/csv_to_kafka_with_redis.py
[2024-12-03T00:59:15.007+0000] {processor.py:914} INFO - Processing file /opt/airflow/dags/csv_to_kafka_with_redis.py for tasks to queue
[2024-12-03T00:59:15.015+0000] {logging_mixin.py:190} INFO - [2024-12-03T00:59:15.013+0000] {dagbag.py:588} INFO - Filling up the DagBag from /opt/airflow/dags/csv_to_kafka_with_redis.py
[2024-12-03T00:59:16.666+0000] {processor.py:927} WARNING - No viable dags retrieved from /opt/airflow/dags/csv_to_kafka_with_redis.py
[2024-12-03T00:59:16.752+0000] {processor.py:208} INFO - Processing /opt/airflow/dags/csv_to_kafka_with_redis.py took 1.765 seconds
[2024-12-03T00:59:48.427+0000] {processor.py:186} INFO - Started process (PID=326) to work on /opt/airflow/dags/csv_to_kafka_with_redis.py
[2024-12-03T00:59:48.428+0000] {processor.py:914} INFO - Processing file /opt/airflow/dags/csv_to_kafka_with_redis.py for tasks to queue
[2024-12-03T00:59:48.431+0000] {logging_mixin.py:190} INFO - [2024-12-03T00:59:48.430+0000] {dagbag.py:588} INFO - Filling up the DagBag from /opt/airflow/dags/csv_to_kafka_with_redis.py
[2024-12-03T00:59:49.197+0000] {processor.py:927} WARNING - No viable dags retrieved from /opt/airflow/dags/csv_to_kafka_with_redis.py
[2024-12-03T00:59:49.253+0000] {processor.py:208} INFO - Processing /opt/airflow/dags/csv_to_kafka_with_redis.py took 0.835 seconds
[2024-12-03T01:00:19.582+0000] {processor.py:186} INFO - Started process (PID=339) to work on /opt/airflow/dags/csv_to_kafka_with_redis.py
[2024-12-03T01:00:19.590+0000] {processor.py:914} INFO - Processing file /opt/airflow/dags/csv_to_kafka_with_redis.py for tasks to queue
[2024-12-03T01:00:19.595+0000] {logging_mixin.py:190} INFO - [2024-12-03T01:00:19.594+0000] {dagbag.py:588} INFO - Filling up the DagBag from /opt/airflow/dags/csv_to_kafka_with_redis.py
[2024-12-03T01:00:20.981+0000] {processor.py:927} WARNING - No viable dags retrieved from /opt/airflow/dags/csv_to_kafka_with_redis.py
[2024-12-03T01:00:21.112+0000] {processor.py:208} INFO - Processing /opt/airflow/dags/csv_to_kafka_with_redis.py took 1.558 seconds
[2024-12-03T01:00:52.362+0000] {processor.py:186} INFO - Started process (PID=352) to work on /opt/airflow/dags/csv_to_kafka_with_redis.py
[2024-12-03T01:00:52.365+0000] {processor.py:914} INFO - Processing file /opt/airflow/dags/csv_to_kafka_with_redis.py for tasks to queue
[2024-12-03T01:00:52.371+0000] {logging_mixin.py:190} INFO - [2024-12-03T01:00:52.370+0000] {dagbag.py:588} INFO - Filling up the DagBag from /opt/airflow/dags/csv_to_kafka_with_redis.py
[2024-12-03T01:00:53.220+0000] {processor.py:927} WARNING - No viable dags retrieved from /opt/airflow/dags/csv_to_kafka_with_redis.py
[2024-12-03T01:00:53.275+0000] {processor.py:208} INFO - Processing /opt/airflow/dags/csv_to_kafka_with_redis.py took 0.925 seconds
[2024-12-03T01:01:24.060+0000] {processor.py:186} INFO - Started process (PID=365) to work on /opt/airflow/dags/csv_to_kafka_with_redis.py
[2024-12-03T01:01:24.063+0000] {processor.py:914} INFO - Processing file /opt/airflow/dags/csv_to_kafka_with_redis.py for tasks to queue
[2024-12-03T01:01:24.065+0000] {logging_mixin.py:190} INFO - [2024-12-03T01:01:24.065+0000] {dagbag.py:588} INFO - Filling up the DagBag from /opt/airflow/dags/csv_to_kafka_with_redis.py
[2024-12-03T01:01:25.131+0000] {processor.py:927} WARNING - No viable dags retrieved from /opt/airflow/dags/csv_to_kafka_with_redis.py
[2024-12-03T01:01:25.210+0000] {processor.py:208} INFO - Processing /opt/airflow/dags/csv_to_kafka_with_redis.py took 1.169 seconds
[2024-12-03T01:01:56.038+0000] {processor.py:186} INFO - Started process (PID=378) to work on /opt/airflow/dags/csv_to_kafka_with_redis.py
[2024-12-03T01:01:56.044+0000] {processor.py:914} INFO - Processing file /opt/airflow/dags/csv_to_kafka_with_redis.py for tasks to queue
[2024-12-03T01:01:56.049+0000] {logging_mixin.py:190} INFO - [2024-12-03T01:01:56.048+0000] {dagbag.py:588} INFO - Filling up the DagBag from /opt/airflow/dags/csv_to_kafka_with_redis.py
[2024-12-03T01:01:56.936+0000] {processor.py:927} WARNING - No viable dags retrieved from /opt/airflow/dags/csv_to_kafka_with_redis.py
[2024-12-03T01:01:57.008+0000] {processor.py:208} INFO - Processing /opt/airflow/dags/csv_to_kafka_with_redis.py took 0.990 seconds
[2024-12-03T01:02:28.127+0000] {processor.py:186} INFO - Started process (PID=391) to work on /opt/airflow/dags/csv_to_kafka_with_redis.py
[2024-12-03T01:02:28.130+0000] {processor.py:914} INFO - Processing file /opt/airflow/dags/csv_to_kafka_with_redis.py for tasks to queue
[2024-12-03T01:02:28.136+0000] {logging_mixin.py:190} INFO - [2024-12-03T01:02:28.135+0000] {dagbag.py:588} INFO - Filling up the DagBag from /opt/airflow/dags/csv_to_kafka_with_redis.py
[2024-12-03T01:02:29.315+0000] {processor.py:927} WARNING - No viable dags retrieved from /opt/airflow/dags/csv_to_kafka_with_redis.py
[2024-12-03T01:02:29.389+0000] {processor.py:208} INFO - Processing /opt/airflow/dags/csv_to_kafka_with_redis.py took 1.271 seconds
[2024-12-03T01:03:00.274+0000] {processor.py:186} INFO - Started process (PID=404) to work on /opt/airflow/dags/csv_to_kafka_with_redis.py
[2024-12-03T01:03:00.276+0000] {processor.py:914} INFO - Processing file /opt/airflow/dags/csv_to_kafka_with_redis.py for tasks to queue
[2024-12-03T01:03:00.279+0000] {logging_mixin.py:190} INFO - [2024-12-03T01:03:00.279+0000] {dagbag.py:588} INFO - Filling up the DagBag from /opt/airflow/dags/csv_to_kafka_with_redis.py
[2024-12-03T01:03:01.376+0000] {processor.py:927} WARNING - No viable dags retrieved from /opt/airflow/dags/csv_to_kafka_with_redis.py
[2024-12-03T01:03:01.454+0000] {processor.py:208} INFO - Processing /opt/airflow/dags/csv_to_kafka_with_redis.py took 1.192 seconds
[2024-12-03T01:03:32.511+0000] {processor.py:186} INFO - Started process (PID=417) to work on /opt/airflow/dags/csv_to_kafka_with_redis.py
[2024-12-03T01:03:32.514+0000] {processor.py:914} INFO - Processing file /opt/airflow/dags/csv_to_kafka_with_redis.py for tasks to queue
[2024-12-03T01:03:32.519+0000] {logging_mixin.py:190} INFO - [2024-12-03T01:03:32.518+0000] {dagbag.py:588} INFO - Filling up the DagBag from /opt/airflow/dags/csv_to_kafka_with_redis.py
[2024-12-03T01:03:33.412+0000] {processor.py:927} WARNING - No viable dags retrieved from /opt/airflow/dags/csv_to_kafka_with_redis.py
[2024-12-03T01:03:33.462+0000] {processor.py:208} INFO - Processing /opt/airflow/dags/csv_to_kafka_with_redis.py took 0.968 seconds
[2024-12-03T01:04:03.797+0000] {processor.py:186} INFO - Started process (PID=430) to work on /opt/airflow/dags/csv_to_kafka_with_redis.py
[2024-12-03T01:04:03.801+0000] {processor.py:914} INFO - Processing file /opt/airflow/dags/csv_to_kafka_with_redis.py for tasks to queue
[2024-12-03T01:04:03.805+0000] {logging_mixin.py:190} INFO - [2024-12-03T01:04:03.804+0000] {dagbag.py:588} INFO - Filling up the DagBag from /opt/airflow/dags/csv_to_kafka_with_redis.py
[2024-12-03T01:04:05.324+0000] {processor.py:927} WARNING - No viable dags retrieved from /opt/airflow/dags/csv_to_kafka_with_redis.py
[2024-12-03T01:04:05.412+0000] {processor.py:208} INFO - Processing /opt/airflow/dags/csv_to_kafka_with_redis.py took 1.628 seconds
[2024-12-03T01:04:35.689+0000] {processor.py:186} INFO - Started process (PID=447) to work on /opt/airflow/dags/csv_to_kafka_with_redis.py
[2024-12-03T01:04:35.696+0000] {processor.py:914} INFO - Processing file /opt/airflow/dags/csv_to_kafka_with_redis.py for tasks to queue
[2024-12-03T01:04:35.710+0000] {logging_mixin.py:190} INFO - [2024-12-03T01:04:35.707+0000] {dagbag.py:588} INFO - Filling up the DagBag from /opt/airflow/dags/csv_to_kafka_with_redis.py
[2024-12-03T01:04:36.735+0000] {processor.py:927} WARNING - No viable dags retrieved from /opt/airflow/dags/csv_to_kafka_with_redis.py
[2024-12-03T01:04:36.797+0000] {processor.py:208} INFO - Processing /opt/airflow/dags/csv_to_kafka_with_redis.py took 1.133 seconds
[2024-12-03T01:05:08.827+0000] {processor.py:186} INFO - Started process (PID=460) to work on /opt/airflow/dags/csv_to_kafka_with_redis.py
[2024-12-03T01:05:08.829+0000] {processor.py:914} INFO - Processing file /opt/airflow/dags/csv_to_kafka_with_redis.py for tasks to queue
[2024-12-03T01:05:08.837+0000] {logging_mixin.py:190} INFO - [2024-12-03T01:05:08.836+0000] {dagbag.py:588} INFO - Filling up the DagBag from /opt/airflow/dags/csv_to_kafka_with_redis.py
[2024-12-03T01:05:09.565+0000] {processor.py:927} WARNING - No viable dags retrieved from /opt/airflow/dags/csv_to_kafka_with_redis.py
[2024-12-03T01:05:09.603+0000] {processor.py:208} INFO - Processing /opt/airflow/dags/csv_to_kafka_with_redis.py took 0.791 seconds
[2024-12-03T01:05:41.669+0000] {processor.py:186} INFO - Started process (PID=473) to work on /opt/airflow/dags/csv_to_kafka_with_redis.py
[2024-12-03T01:05:41.673+0000] {processor.py:914} INFO - Processing file /opt/airflow/dags/csv_to_kafka_with_redis.py for tasks to queue
[2024-12-03T01:05:41.676+0000] {logging_mixin.py:190} INFO - [2024-12-03T01:05:41.676+0000] {dagbag.py:588} INFO - Filling up the DagBag from /opt/airflow/dags/csv_to_kafka_with_redis.py
[2024-12-03T01:05:42.518+0000] {processor.py:927} WARNING - No viable dags retrieved from /opt/airflow/dags/csv_to_kafka_with_redis.py
[2024-12-03T01:05:42.577+0000] {processor.py:208} INFO - Processing /opt/airflow/dags/csv_to_kafka_with_redis.py took 0.932 seconds
[2024-12-03T01:06:59.595+0000] {processor.py:186} INFO - Started process (PID=504) to work on /opt/airflow/dags/csv_to_kafka_with_redis.py
[2024-12-03T01:06:59.600+0000] {processor.py:914} INFO - Processing file /opt/airflow/dags/csv_to_kafka_with_redis.py for tasks to queue
[2024-12-03T01:06:59.605+0000] {logging_mixin.py:190} INFO - [2024-12-03T01:06:59.604+0000] {dagbag.py:588} INFO - Filling up the DagBag from /opt/airflow/dags/csv_to_kafka_with_redis.py
[2024-12-03T01:07:01.532+0000] {processor.py:927} WARNING - No viable dags retrieved from /opt/airflow/dags/csv_to_kafka_with_redis.py
[2024-12-03T01:07:01.588+0000] {processor.py:208} INFO - Processing /opt/airflow/dags/csv_to_kafka_with_redis.py took 2.002 seconds
[2024-12-03T01:07:32.810+0000] {processor.py:186} INFO - Started process (PID=517) to work on /opt/airflow/dags/csv_to_kafka_with_redis.py
[2024-12-03T01:07:32.814+0000] {processor.py:914} INFO - Processing file /opt/airflow/dags/csv_to_kafka_with_redis.py for tasks to queue
[2024-12-03T01:07:32.824+0000] {logging_mixin.py:190} INFO - [2024-12-03T01:07:32.821+0000] {dagbag.py:588} INFO - Filling up the DagBag from /opt/airflow/dags/csv_to_kafka_with_redis.py
[2024-12-03T01:07:33.928+0000] {processor.py:927} WARNING - No viable dags retrieved from /opt/airflow/dags/csv_to_kafka_with_redis.py
[2024-12-03T01:07:33.976+0000] {processor.py:208} INFO - Processing /opt/airflow/dags/csv_to_kafka_with_redis.py took 1.187 seconds
[2024-12-03T01:08:05.256+0000] {processor.py:186} INFO - Started process (PID=530) to work on /opt/airflow/dags/csv_to_kafka_with_redis.py
[2024-12-03T01:08:05.260+0000] {processor.py:914} INFO - Processing file /opt/airflow/dags/csv_to_kafka_with_redis.py for tasks to queue
[2024-12-03T01:08:05.263+0000] {logging_mixin.py:190} INFO - [2024-12-03T01:08:05.262+0000] {dagbag.py:588} INFO - Filling up the DagBag from /opt/airflow/dags/csv_to_kafka_with_redis.py
[2024-12-03T01:08:06.216+0000] {processor.py:927} WARNING - No viable dags retrieved from /opt/airflow/dags/csv_to_kafka_with_redis.py
[2024-12-03T01:08:06.288+0000] {processor.py:208} INFO - Processing /opt/airflow/dags/csv_to_kafka_with_redis.py took 1.050 seconds
[2024-12-03T01:08:36.545+0000] {processor.py:186} INFO - Started process (PID=543) to work on /opt/airflow/dags/csv_to_kafka_with_redis.py
[2024-12-03T01:08:36.549+0000] {processor.py:914} INFO - Processing file /opt/airflow/dags/csv_to_kafka_with_redis.py for tasks to queue
[2024-12-03T01:08:36.555+0000] {logging_mixin.py:190} INFO - [2024-12-03T01:08:36.554+0000] {dagbag.py:588} INFO - Filling up the DagBag from /opt/airflow/dags/csv_to_kafka_with_redis.py
[2024-12-03T01:08:37.304+0000] {processor.py:927} WARNING - No viable dags retrieved from /opt/airflow/dags/csv_to_kafka_with_redis.py
[2024-12-03T01:08:37.361+0000] {processor.py:208} INFO - Processing /opt/airflow/dags/csv_to_kafka_with_redis.py took 0.825 seconds
[2024-12-03T01:09:08.606+0000] {processor.py:186} INFO - Started process (PID=556) to work on /opt/airflow/dags/csv_to_kafka_with_redis.py
[2024-12-03T01:09:08.611+0000] {processor.py:914} INFO - Processing file /opt/airflow/dags/csv_to_kafka_with_redis.py for tasks to queue
[2024-12-03T01:09:08.613+0000] {logging_mixin.py:190} INFO - [2024-12-03T01:09:08.613+0000] {dagbag.py:588} INFO - Filling up the DagBag from /opt/airflow/dags/csv_to_kafka_with_redis.py
[2024-12-03T01:09:09.607+0000] {processor.py:927} WARNING - No viable dags retrieved from /opt/airflow/dags/csv_to_kafka_with_redis.py
[2024-12-03T01:09:09.712+0000] {processor.py:208} INFO - Processing /opt/airflow/dags/csv_to_kafka_with_redis.py took 1.116 seconds
[2024-12-03T01:09:40.677+0000] {processor.py:186} INFO - Started process (PID=569) to work on /opt/airflow/dags/csv_to_kafka_with_redis.py
[2024-12-03T01:09:40.679+0000] {processor.py:914} INFO - Processing file /opt/airflow/dags/csv_to_kafka_with_redis.py for tasks to queue
[2024-12-03T01:09:40.685+0000] {logging_mixin.py:190} INFO - [2024-12-03T01:09:40.683+0000] {dagbag.py:588} INFO - Filling up the DagBag from /opt/airflow/dags/csv_to_kafka_with_redis.py
[2024-12-03T01:09:41.563+0000] {processor.py:927} WARNING - No viable dags retrieved from /opt/airflow/dags/csv_to_kafka_with_redis.py
[2024-12-03T01:09:41.642+0000] {processor.py:208} INFO - Processing /opt/airflow/dags/csv_to_kafka_with_redis.py took 0.974 seconds
[2024-12-03T01:10:12.646+0000] {processor.py:186} INFO - Started process (PID=582) to work on /opt/airflow/dags/csv_to_kafka_with_redis.py
[2024-12-03T01:10:12.652+0000] {processor.py:914} INFO - Processing file /opt/airflow/dags/csv_to_kafka_with_redis.py for tasks to queue
[2024-12-03T01:10:12.656+0000] {logging_mixin.py:190} INFO - [2024-12-03T01:10:12.655+0000] {dagbag.py:588} INFO - Filling up the DagBag from /opt/airflow/dags/csv_to_kafka_with_redis.py
[2024-12-03T01:10:13.438+0000] {processor.py:927} WARNING - No viable dags retrieved from /opt/airflow/dags/csv_to_kafka_with_redis.py
[2024-12-03T01:10:13.501+0000] {processor.py:208} INFO - Processing /opt/airflow/dags/csv_to_kafka_with_redis.py took 0.869 seconds
[2024-12-03T01:10:44.590+0000] {processor.py:186} INFO - Started process (PID=595) to work on /opt/airflow/dags/csv_to_kafka_with_redis.py
[2024-12-03T01:10:44.593+0000] {processor.py:914} INFO - Processing file /opt/airflow/dags/csv_to_kafka_with_redis.py for tasks to queue
[2024-12-03T01:10:44.597+0000] {logging_mixin.py:190} INFO - [2024-12-03T01:10:44.596+0000] {dagbag.py:588} INFO - Filling up the DagBag from /opt/airflow/dags/csv_to_kafka_with_redis.py
[2024-12-03T01:10:45.497+0000] {processor.py:927} WARNING - No viable dags retrieved from /opt/airflow/dags/csv_to_kafka_with_redis.py
[2024-12-03T01:10:45.560+0000] {processor.py:208} INFO - Processing /opt/airflow/dags/csv_to_kafka_with_redis.py took 0.981 seconds
[2024-12-03T01:13:32.917+0000] {processor.py:186} INFO - Started process (PID=631) to work on /opt/airflow/dags/csv_to_kafka_with_redis.py
[2024-12-03T01:13:32.919+0000] {processor.py:914} INFO - Processing file /opt/airflow/dags/csv_to_kafka_with_redis.py for tasks to queue
[2024-12-03T01:13:32.921+0000] {logging_mixin.py:190} INFO - [2024-12-03T01:13:32.920+0000] {dagbag.py:588} INFO - Filling up the DagBag from /opt/airflow/dags/csv_to_kafka_with_redis.py
[2024-12-03T01:13:33.953+0000] {processor.py:927} WARNING - No viable dags retrieved from /opt/airflow/dags/csv_to_kafka_with_redis.py
[2024-12-03T01:13:34.025+0000] {processor.py:208} INFO - Processing /opt/airflow/dags/csv_to_kafka_with_redis.py took 1.116 seconds
[2024-12-03T01:14:04.343+0000] {processor.py:186} INFO - Started process (PID=644) to work on /opt/airflow/dags/csv_to_kafka_with_redis.py
[2024-12-03T01:14:04.346+0000] {processor.py:914} INFO - Processing file /opt/airflow/dags/csv_to_kafka_with_redis.py for tasks to queue
[2024-12-03T01:14:04.353+0000] {logging_mixin.py:190} INFO - [2024-12-03T01:14:04.352+0000] {dagbag.py:588} INFO - Filling up the DagBag from /opt/airflow/dags/csv_to_kafka_with_redis.py
[2024-12-03T01:14:05.111+0000] {processor.py:927} WARNING - No viable dags retrieved from /opt/airflow/dags/csv_to_kafka_with_redis.py
[2024-12-03T01:14:05.169+0000] {processor.py:208} INFO - Processing /opt/airflow/dags/csv_to_kafka_with_redis.py took 0.847 seconds
[2024-12-03T01:14:36.477+0000] {processor.py:186} INFO - Started process (PID=657) to work on /opt/airflow/dags/csv_to_kafka_with_redis.py
[2024-12-03T01:14:36.479+0000] {processor.py:914} INFO - Processing file /opt/airflow/dags/csv_to_kafka_with_redis.py for tasks to queue
[2024-12-03T01:14:36.485+0000] {logging_mixin.py:190} INFO - [2024-12-03T01:14:36.484+0000] {dagbag.py:588} INFO - Filling up the DagBag from /opt/airflow/dags/csv_to_kafka_with_redis.py
[2024-12-03T01:14:37.309+0000] {processor.py:927} WARNING - No viable dags retrieved from /opt/airflow/dags/csv_to_kafka_with_redis.py
[2024-12-03T01:14:37.368+0000] {processor.py:208} INFO - Processing /opt/airflow/dags/csv_to_kafka_with_redis.py took 0.899 seconds
[2024-12-03T01:15:08.609+0000] {processor.py:186} INFO - Started process (PID=670) to work on /opt/airflow/dags/csv_to_kafka_with_redis.py
[2024-12-03T01:15:08.614+0000] {processor.py:914} INFO - Processing file /opt/airflow/dags/csv_to_kafka_with_redis.py for tasks to queue
[2024-12-03T01:15:08.623+0000] {logging_mixin.py:190} INFO - [2024-12-03T01:15:08.620+0000] {dagbag.py:588} INFO - Filling up the DagBag from /opt/airflow/dags/csv_to_kafka_with_redis.py
[2024-12-03T01:15:10.365+0000] {processor.py:927} WARNING - No viable dags retrieved from /opt/airflow/dags/csv_to_kafka_with_redis.py
[2024-12-03T01:15:10.476+0000] {processor.py:208} INFO - Processing /opt/airflow/dags/csv_to_kafka_with_redis.py took 1.885 seconds
[2024-12-03T01:15:42.053+0000] {processor.py:186} INFO - Started process (PID=683) to work on /opt/airflow/dags/csv_to_kafka_with_redis.py
[2024-12-03T01:15:42.056+0000] {processor.py:914} INFO - Processing file /opt/airflow/dags/csv_to_kafka_with_redis.py for tasks to queue
[2024-12-03T01:15:42.060+0000] {logging_mixin.py:190} INFO - [2024-12-03T01:15:42.059+0000] {dagbag.py:588} INFO - Filling up the DagBag from /opt/airflow/dags/csv_to_kafka_with_redis.py
[2024-12-03T01:15:43.322+0000] {processor.py:927} WARNING - No viable dags retrieved from /opt/airflow/dags/csv_to_kafka_with_redis.py
[2024-12-03T01:15:43.431+0000] {processor.py:208} INFO - Processing /opt/airflow/dags/csv_to_kafka_with_redis.py took 1.388 seconds
[2024-12-03T01:16:15.207+0000] {processor.py:186} INFO - Started process (PID=696) to work on /opt/airflow/dags/csv_to_kafka_with_redis.py
[2024-12-03T01:16:15.209+0000] {processor.py:914} INFO - Processing file /opt/airflow/dags/csv_to_kafka_with_redis.py for tasks to queue
[2024-12-03T01:16:15.212+0000] {logging_mixin.py:190} INFO - [2024-12-03T01:16:15.211+0000] {dagbag.py:588} INFO - Filling up the DagBag from /opt/airflow/dags/csv_to_kafka_with_redis.py
[2024-12-03T01:16:16.457+0000] {processor.py:927} WARNING - No viable dags retrieved from /opt/airflow/dags/csv_to_kafka_with_redis.py
[2024-12-03T01:16:16.545+0000] {processor.py:208} INFO - Processing /opt/airflow/dags/csv_to_kafka_with_redis.py took 1.363 seconds
[2024-12-03T01:16:48.418+0000] {processor.py:186} INFO - Started process (PID=709) to work on /opt/airflow/dags/csv_to_kafka_with_redis.py
[2024-12-03T01:16:48.422+0000] {processor.py:914} INFO - Processing file /opt/airflow/dags/csv_to_kafka_with_redis.py for tasks to queue
[2024-12-03T01:16:48.424+0000] {logging_mixin.py:190} INFO - [2024-12-03T01:16:48.424+0000] {dagbag.py:588} INFO - Filling up the DagBag from /opt/airflow/dags/csv_to_kafka_with_redis.py
[2024-12-03T01:16:49.687+0000] {processor.py:927} WARNING - No viable dags retrieved from /opt/airflow/dags/csv_to_kafka_with_redis.py
[2024-12-03T01:16:49.801+0000] {processor.py:208} INFO - Processing /opt/airflow/dags/csv_to_kafka_with_redis.py took 1.395 seconds
[2024-12-03T01:17:21.328+0000] {processor.py:186} INFO - Started process (PID=722) to work on /opt/airflow/dags/csv_to_kafka_with_redis.py
[2024-12-03T01:17:21.331+0000] {processor.py:914} INFO - Processing file /opt/airflow/dags/csv_to_kafka_with_redis.py for tasks to queue
[2024-12-03T01:17:21.338+0000] {logging_mixin.py:190} INFO - [2024-12-03T01:17:21.337+0000] {dagbag.py:588} INFO - Filling up the DagBag from /opt/airflow/dags/csv_to_kafka_with_redis.py
[2024-12-03T01:17:22.492+0000] {processor.py:927} WARNING - No viable dags retrieved from /opt/airflow/dags/csv_to_kafka_with_redis.py
[2024-12-03T01:17:22.554+0000] {processor.py:208} INFO - Processing /opt/airflow/dags/csv_to_kafka_with_redis.py took 1.240 seconds
[2024-12-03T01:17:53.014+0000] {processor.py:186} INFO - Started process (PID=735) to work on /opt/airflow/dags/csv_to_kafka_with_redis.py
[2024-12-03T01:17:53.016+0000] {processor.py:914} INFO - Processing file /opt/airflow/dags/csv_to_kafka_with_redis.py for tasks to queue
[2024-12-03T01:17:53.023+0000] {logging_mixin.py:190} INFO - [2024-12-03T01:17:53.022+0000] {dagbag.py:588} INFO - Filling up the DagBag from /opt/airflow/dags/csv_to_kafka_with_redis.py
[2024-12-03T01:17:53.876+0000] {processor.py:927} WARNING - No viable dags retrieved from /opt/airflow/dags/csv_to_kafka_with_redis.py
[2024-12-03T01:17:53.940+0000] {processor.py:208} INFO - Processing /opt/airflow/dags/csv_to_kafka_with_redis.py took 0.935 seconds
[2024-12-03T01:18:24.928+0000] {processor.py:186} INFO - Started process (PID=749) to work on /opt/airflow/dags/csv_to_kafka_with_redis.py
[2024-12-03T01:18:24.931+0000] {processor.py:914} INFO - Processing file /opt/airflow/dags/csv_to_kafka_with_redis.py for tasks to queue
[2024-12-03T01:18:24.935+0000] {logging_mixin.py:190} INFO - [2024-12-03T01:18:24.934+0000] {dagbag.py:588} INFO - Filling up the DagBag from /opt/airflow/dags/csv_to_kafka_with_redis.py
[2024-12-03T01:18:25.795+0000] {processor.py:927} WARNING - No viable dags retrieved from /opt/airflow/dags/csv_to_kafka_with_redis.py
[2024-12-03T01:18:25.854+0000] {processor.py:208} INFO - Processing /opt/airflow/dags/csv_to_kafka_with_redis.py took 0.934 seconds
[2024-12-03T01:18:57.295+0000] {processor.py:186} INFO - Started process (PID=762) to work on /opt/airflow/dags/csv_to_kafka_with_redis.py
[2024-12-03T01:18:57.297+0000] {processor.py:914} INFO - Processing file /opt/airflow/dags/csv_to_kafka_with_redis.py for tasks to queue
[2024-12-03T01:18:57.300+0000] {logging_mixin.py:190} INFO - [2024-12-03T01:18:57.299+0000] {dagbag.py:588} INFO - Filling up the DagBag from /opt/airflow/dags/csv_to_kafka_with_redis.py
[2024-12-03T01:18:58.203+0000] {processor.py:927} WARNING - No viable dags retrieved from /opt/airflow/dags/csv_to_kafka_with_redis.py
[2024-12-03T01:18:58.277+0000] {processor.py:208} INFO - Processing /opt/airflow/dags/csv_to_kafka_with_redis.py took 0.996 seconds
[2024-12-03T01:19:29.621+0000] {processor.py:186} INFO - Started process (PID=775) to work on /opt/airflow/dags/csv_to_kafka_with_redis.py
[2024-12-03T01:19:29.622+0000] {processor.py:914} INFO - Processing file /opt/airflow/dags/csv_to_kafka_with_redis.py for tasks to queue
[2024-12-03T01:19:29.624+0000] {logging_mixin.py:190} INFO - [2024-12-03T01:19:29.624+0000] {dagbag.py:588} INFO - Filling up the DagBag from /opt/airflow/dags/csv_to_kafka_with_redis.py
[2024-12-03T01:19:30.521+0000] {processor.py:927} WARNING - No viable dags retrieved from /opt/airflow/dags/csv_to_kafka_with_redis.py
[2024-12-03T01:19:30.578+0000] {processor.py:208} INFO - Processing /opt/airflow/dags/csv_to_kafka_with_redis.py took 0.963 seconds
[2024-12-03T01:20:01.363+0000] {processor.py:186} INFO - Started process (PID=788) to work on /opt/airflow/dags/csv_to_kafka_with_redis.py
[2024-12-03T01:20:01.365+0000] {processor.py:914} INFO - Processing file /opt/airflow/dags/csv_to_kafka_with_redis.py for tasks to queue
[2024-12-03T01:20:01.367+0000] {logging_mixin.py:190} INFO - [2024-12-03T01:20:01.367+0000] {dagbag.py:588} INFO - Filling up the DagBag from /opt/airflow/dags/csv_to_kafka_with_redis.py
[2024-12-03T01:20:01.796+0000] {processor.py:927} WARNING - No viable dags retrieved from /opt/airflow/dags/csv_to_kafka_with_redis.py
[2024-12-03T01:20:01.827+0000] {processor.py:208} INFO - Processing /opt/airflow/dags/csv_to_kafka_with_redis.py took 0.470 seconds
[2024-12-03T01:20:32.747+0000] {processor.py:186} INFO - Started process (PID=801) to work on /opt/airflow/dags/csv_to_kafka_with_redis.py
[2024-12-03T01:20:32.748+0000] {processor.py:914} INFO - Processing file /opt/airflow/dags/csv_to_kafka_with_redis.py for tasks to queue
[2024-12-03T01:20:32.751+0000] {logging_mixin.py:190} INFO - [2024-12-03T01:20:32.750+0000] {dagbag.py:588} INFO - Filling up the DagBag from /opt/airflow/dags/csv_to_kafka_with_redis.py
[2024-12-03T01:20:33.181+0000] {processor.py:927} WARNING - No viable dags retrieved from /opt/airflow/dags/csv_to_kafka_with_redis.py
[2024-12-03T01:20:33.211+0000] {processor.py:208} INFO - Processing /opt/airflow/dags/csv_to_kafka_with_redis.py took 0.470 seconds
[2024-12-03T01:21:03.942+0000] {processor.py:186} INFO - Started process (PID=814) to work on /opt/airflow/dags/csv_to_kafka_with_redis.py
[2024-12-03T01:21:03.945+0000] {processor.py:914} INFO - Processing file /opt/airflow/dags/csv_to_kafka_with_redis.py for tasks to queue
[2024-12-03T01:21:03.957+0000] {logging_mixin.py:190} INFO - [2024-12-03T01:21:03.956+0000] {dagbag.py:588} INFO - Filling up the DagBag from /opt/airflow/dags/csv_to_kafka_with_redis.py
[2024-12-03T01:21:05.165+0000] {processor.py:927} WARNING - No viable dags retrieved from /opt/airflow/dags/csv_to_kafka_with_redis.py
[2024-12-03T01:21:05.256+0000] {processor.py:208} INFO - Processing /opt/airflow/dags/csv_to_kafka_with_redis.py took 1.338 seconds
[2024-12-03T01:21:36.161+0000] {processor.py:186} INFO - Started process (PID=827) to work on /opt/airflow/dags/csv_to_kafka_with_redis.py
[2024-12-03T01:21:36.162+0000] {processor.py:914} INFO - Processing file /opt/airflow/dags/csv_to_kafka_with_redis.py for tasks to queue
[2024-12-03T01:21:36.164+0000] {logging_mixin.py:190} INFO - [2024-12-03T01:21:36.164+0000] {dagbag.py:588} INFO - Filling up the DagBag from /opt/airflow/dags/csv_to_kafka_with_redis.py
[2024-12-03T01:21:37.093+0000] {processor.py:927} WARNING - No viable dags retrieved from /opt/airflow/dags/csv_to_kafka_with_redis.py
[2024-12-03T01:21:37.120+0000] {processor.py:208} INFO - Processing /opt/airflow/dags/csv_to_kafka_with_redis.py took 0.966 seconds
[2024-12-03T01:22:07.529+0000] {processor.py:186} INFO - Started process (PID=840) to work on /opt/airflow/dags/csv_to_kafka_with_redis.py
[2024-12-03T01:22:07.532+0000] {processor.py:914} INFO - Processing file /opt/airflow/dags/csv_to_kafka_with_redis.py for tasks to queue
[2024-12-03T01:22:07.539+0000] {logging_mixin.py:190} INFO - [2024-12-03T01:22:07.538+0000] {dagbag.py:588} INFO - Filling up the DagBag from /opt/airflow/dags/csv_to_kafka_with_redis.py
[2024-12-03T01:22:08.422+0000] {processor.py:927} WARNING - No viable dags retrieved from /opt/airflow/dags/csv_to_kafka_with_redis.py
[2024-12-03T01:22:08.486+0000] {processor.py:208} INFO - Processing /opt/airflow/dags/csv_to_kafka_with_redis.py took 0.965 seconds
[2024-12-03T01:29:07.606+0000] {processor.py:186} INFO - Started process (PID=870) to work on /opt/airflow/dags/csv_to_kafka_with_redis.py
[2024-12-03T01:29:07.609+0000] {processor.py:914} INFO - Processing file /opt/airflow/dags/csv_to_kafka_with_redis.py for tasks to queue
[2024-12-03T01:29:07.612+0000] {logging_mixin.py:190} INFO - [2024-12-03T01:29:07.611+0000] {dagbag.py:588} INFO - Filling up the DagBag from /opt/airflow/dags/csv_to_kafka_with_redis.py
[2024-12-03T01:29:09.041+0000] {processor.py:927} WARNING - No viable dags retrieved from /opt/airflow/dags/csv_to_kafka_with_redis.py
[2024-12-03T01:29:09.112+0000] {processor.py:208} INFO - Processing /opt/airflow/dags/csv_to_kafka_with_redis.py took 1.513 seconds
[2024-12-03T01:29:39.897+0000] {processor.py:186} INFO - Started process (PID=885) to work on /opt/airflow/dags/csv_to_kafka_with_redis.py
[2024-12-03T01:29:39.901+0000] {processor.py:914} INFO - Processing file /opt/airflow/dags/csv_to_kafka_with_redis.py for tasks to queue
[2024-12-03T01:29:39.904+0000] {logging_mixin.py:190} INFO - [2024-12-03T01:29:39.904+0000] {dagbag.py:588} INFO - Filling up the DagBag from /opt/airflow/dags/csv_to_kafka_with_redis.py
[2024-12-03T01:29:40.535+0000] {processor.py:927} WARNING - No viable dags retrieved from /opt/airflow/dags/csv_to_kafka_with_redis.py
[2024-12-03T01:29:40.586+0000] {processor.py:208} INFO - Processing /opt/airflow/dags/csv_to_kafka_with_redis.py took 0.697 seconds
