[2024-12-03T00:00:24.312+0000] {processor.py:186} INFO - Started process (PID=7618) to work on /opt/airflow/dags/kafka_to_hive_with_redis.py
[2024-12-03T00:00:24.330+0000] {processor.py:914} INFO - Processing file /opt/airflow/dags/kafka_to_hive_with_redis.py for tasks to queue
[2024-12-03T00:00:24.358+0000] {logging_mixin.py:190} INFO - [2024-12-03T00:00:24.347+0000] {dagbag.py:588} INFO - Filling up the DagBag from /opt/airflow/dags/kafka_to_hive_with_redis.py
[2024-12-03T00:00:26.457+0000] {processor.py:927} WARNING - No viable dags retrieved from /opt/airflow/dags/kafka_to_hive_with_redis.py
[2024-12-03T00:00:26.603+0000] {processor.py:208} INFO - Processing /opt/airflow/dags/kafka_to_hive_with_redis.py took 2.378 seconds
[2024-12-03T00:11:42.147+0000] {processor.py:186} INFO - Started process (PID=7658) to work on /opt/airflow/dags/kafka_to_hive_with_redis.py
[2024-12-03T00:11:42.150+0000] {processor.py:914} INFO - Processing file /opt/airflow/dags/kafka_to_hive_with_redis.py for tasks to queue
[2024-12-03T00:11:42.154+0000] {logging_mixin.py:190} INFO - [2024-12-03T00:11:42.153+0000] {dagbag.py:588} INFO - Filling up the DagBag from /opt/airflow/dags/kafka_to_hive_with_redis.py
[2024-12-03T00:11:42.474+0000] {processor.py:927} WARNING - No viable dags retrieved from /opt/airflow/dags/kafka_to_hive_with_redis.py
[2024-12-03T00:11:42.521+0000] {processor.py:208} INFO - Processing /opt/airflow/dags/kafka_to_hive_with_redis.py took 0.386 seconds
[2024-12-03T00:12:13.719+0000] {processor.py:186} INFO - Started process (PID=7671) to work on /opt/airflow/dags/kafka_to_hive_with_redis.py
[2024-12-03T00:12:13.722+0000] {processor.py:914} INFO - Processing file /opt/airflow/dags/kafka_to_hive_with_redis.py for tasks to queue
[2024-12-03T00:12:13.726+0000] {logging_mixin.py:190} INFO - [2024-12-03T00:12:13.725+0000] {dagbag.py:588} INFO - Filling up the DagBag from /opt/airflow/dags/kafka_to_hive_with_redis.py
[2024-12-03T00:12:13.999+0000] {processor.py:927} WARNING - No viable dags retrieved from /opt/airflow/dags/kafka_to_hive_with_redis.py
[2024-12-03T00:12:14.064+0000] {processor.py:208} INFO - Processing /opt/airflow/dags/kafka_to_hive_with_redis.py took 0.356 seconds
[2024-12-03T00:12:44.769+0000] {processor.py:186} INFO - Started process (PID=7684) to work on /opt/airflow/dags/kafka_to_hive_with_redis.py
[2024-12-03T00:12:44.770+0000] {processor.py:914} INFO - Processing file /opt/airflow/dags/kafka_to_hive_with_redis.py for tasks to queue
[2024-12-03T00:12:44.773+0000] {logging_mixin.py:190} INFO - [2024-12-03T00:12:44.772+0000] {dagbag.py:588} INFO - Filling up the DagBag from /opt/airflow/dags/kafka_to_hive_with_redis.py
[2024-12-03T00:12:44.925+0000] {processor.py:927} WARNING - No viable dags retrieved from /opt/airflow/dags/kafka_to_hive_with_redis.py
[2024-12-03T00:12:44.967+0000] {processor.py:208} INFO - Processing /opt/airflow/dags/kafka_to_hive_with_redis.py took 0.205 seconds
[2024-12-03T00:13:15.445+0000] {processor.py:186} INFO - Started process (PID=7697) to work on /opt/airflow/dags/kafka_to_hive_with_redis.py
[2024-12-03T00:13:15.447+0000] {processor.py:914} INFO - Processing file /opt/airflow/dags/kafka_to_hive_with_redis.py for tasks to queue
[2024-12-03T00:13:15.451+0000] {logging_mixin.py:190} INFO - [2024-12-03T00:13:15.450+0000] {dagbag.py:588} INFO - Filling up the DagBag from /opt/airflow/dags/kafka_to_hive_with_redis.py
[2024-12-03T00:13:15.629+0000] {processor.py:927} WARNING - No viable dags retrieved from /opt/airflow/dags/kafka_to_hive_with_redis.py
[2024-12-03T00:13:15.668+0000] {processor.py:208} INFO - Processing /opt/airflow/dags/kafka_to_hive_with_redis.py took 0.236 seconds
[2024-12-03T00:14:47.647+0000] {processor.py:186} INFO - Started process (PID=7724) to work on /opt/airflow/dags/kafka_to_hive_with_redis.py
[2024-12-03T00:14:47.650+0000] {processor.py:914} INFO - Processing file /opt/airflow/dags/kafka_to_hive_with_redis.py for tasks to queue
[2024-12-03T00:14:47.652+0000] {logging_mixin.py:190} INFO - [2024-12-03T00:14:47.651+0000] {dagbag.py:588} INFO - Filling up the DagBag from /opt/airflow/dags/kafka_to_hive_with_redis.py
[2024-12-03T00:14:47.924+0000] {processor.py:927} WARNING - No viable dags retrieved from /opt/airflow/dags/kafka_to_hive_with_redis.py
[2024-12-03T00:14:47.966+0000] {processor.py:208} INFO - Processing /opt/airflow/dags/kafka_to_hive_with_redis.py took 0.327 seconds
[2024-12-03T00:15:19.078+0000] {processor.py:186} INFO - Started process (PID=7737) to work on /opt/airflow/dags/kafka_to_hive_with_redis.py
[2024-12-03T00:15:19.080+0000] {processor.py:914} INFO - Processing file /opt/airflow/dags/kafka_to_hive_with_redis.py for tasks to queue
[2024-12-03T00:15:19.082+0000] {logging_mixin.py:190} INFO - [2024-12-03T00:15:19.082+0000] {dagbag.py:588} INFO - Filling up the DagBag from /opt/airflow/dags/kafka_to_hive_with_redis.py
[2024-12-03T00:15:19.223+0000] {processor.py:927} WARNING - No viable dags retrieved from /opt/airflow/dags/kafka_to_hive_with_redis.py
[2024-12-03T00:15:19.268+0000] {processor.py:208} INFO - Processing /opt/airflow/dags/kafka_to_hive_with_redis.py took 0.195 seconds
[2024-12-03T00:15:50.635+0000] {processor.py:186} INFO - Started process (PID=7750) to work on /opt/airflow/dags/kafka_to_hive_with_redis.py
[2024-12-03T00:15:50.636+0000] {processor.py:914} INFO - Processing file /opt/airflow/dags/kafka_to_hive_with_redis.py for tasks to queue
[2024-12-03T00:15:50.638+0000] {logging_mixin.py:190} INFO - [2024-12-03T00:15:50.638+0000] {dagbag.py:588} INFO - Filling up the DagBag from /opt/airflow/dags/kafka_to_hive_with_redis.py
[2024-12-03T00:15:50.744+0000] {processor.py:927} WARNING - No viable dags retrieved from /opt/airflow/dags/kafka_to_hive_with_redis.py
[2024-12-03T00:15:50.777+0000] {processor.py:208} INFO - Processing /opt/airflow/dags/kafka_to_hive_with_redis.py took 0.149 seconds
[2024-12-03T00:16:21.985+0000] {processor.py:186} INFO - Started process (PID=7763) to work on /opt/airflow/dags/kafka_to_hive_with_redis.py
[2024-12-03T00:16:21.987+0000] {processor.py:914} INFO - Processing file /opt/airflow/dags/kafka_to_hive_with_redis.py for tasks to queue
[2024-12-03T00:16:21.989+0000] {logging_mixin.py:190} INFO - [2024-12-03T00:16:21.988+0000] {dagbag.py:588} INFO - Filling up the DagBag from /opt/airflow/dags/kafka_to_hive_with_redis.py
[2024-12-03T00:16:22.091+0000] {processor.py:927} WARNING - No viable dags retrieved from /opt/airflow/dags/kafka_to_hive_with_redis.py
[2024-12-03T00:16:22.123+0000] {processor.py:208} INFO - Processing /opt/airflow/dags/kafka_to_hive_with_redis.py took 0.145 seconds
[2024-12-03T00:16:52.744+0000] {processor.py:186} INFO - Started process (PID=7776) to work on /opt/airflow/dags/kafka_to_hive_with_redis.py
[2024-12-03T00:16:52.746+0000] {processor.py:914} INFO - Processing file /opt/airflow/dags/kafka_to_hive_with_redis.py for tasks to queue
[2024-12-03T00:16:52.747+0000] {logging_mixin.py:190} INFO - [2024-12-03T00:16:52.747+0000] {dagbag.py:588} INFO - Filling up the DagBag from /opt/airflow/dags/kafka_to_hive_with_redis.py
[2024-12-03T00:16:52.844+0000] {processor.py:927} WARNING - No viable dags retrieved from /opt/airflow/dags/kafka_to_hive_with_redis.py
[2024-12-03T00:16:52.874+0000] {processor.py:208} INFO - Processing /opt/airflow/dags/kafka_to_hive_with_redis.py took 0.135 seconds
[2024-12-03T00:17:23.640+0000] {processor.py:186} INFO - Started process (PID=7789) to work on /opt/airflow/dags/kafka_to_hive_with_redis.py
[2024-12-03T00:17:23.642+0000] {processor.py:914} INFO - Processing file /opt/airflow/dags/kafka_to_hive_with_redis.py for tasks to queue
[2024-12-03T00:17:23.644+0000] {logging_mixin.py:190} INFO - [2024-12-03T00:17:23.643+0000] {dagbag.py:588} INFO - Filling up the DagBag from /opt/airflow/dags/kafka_to_hive_with_redis.py
[2024-12-03T00:17:23.762+0000] {processor.py:927} WARNING - No viable dags retrieved from /opt/airflow/dags/kafka_to_hive_with_redis.py
[2024-12-03T00:17:23.803+0000] {processor.py:208} INFO - Processing /opt/airflow/dags/kafka_to_hive_with_redis.py took 0.171 seconds
[2024-12-03T00:17:54.726+0000] {processor.py:186} INFO - Started process (PID=7802) to work on /opt/airflow/dags/kafka_to_hive_with_redis.py
[2024-12-03T00:17:54.728+0000] {processor.py:914} INFO - Processing file /opt/airflow/dags/kafka_to_hive_with_redis.py for tasks to queue
[2024-12-03T00:17:54.730+0000] {logging_mixin.py:190} INFO - [2024-12-03T00:17:54.729+0000] {dagbag.py:588} INFO - Filling up the DagBag from /opt/airflow/dags/kafka_to_hive_with_redis.py
[2024-12-03T00:17:54.873+0000] {processor.py:927} WARNING - No viable dags retrieved from /opt/airflow/dags/kafka_to_hive_with_redis.py
[2024-12-03T00:17:54.917+0000] {processor.py:208} INFO - Processing /opt/airflow/dags/kafka_to_hive_with_redis.py took 0.199 seconds
[2024-12-03T00:18:26.186+0000] {processor.py:186} INFO - Started process (PID=7815) to work on /opt/airflow/dags/kafka_to_hive_with_redis.py
[2024-12-03T00:18:26.188+0000] {processor.py:914} INFO - Processing file /opt/airflow/dags/kafka_to_hive_with_redis.py for tasks to queue
[2024-12-03T00:18:26.190+0000] {logging_mixin.py:190} INFO - [2024-12-03T00:18:26.189+0000] {dagbag.py:588} INFO - Filling up the DagBag from /opt/airflow/dags/kafka_to_hive_with_redis.py
[2024-12-03T00:18:26.295+0000] {processor.py:927} WARNING - No viable dags retrieved from /opt/airflow/dags/kafka_to_hive_with_redis.py
[2024-12-03T00:18:26.325+0000] {processor.py:208} INFO - Processing /opt/airflow/dags/kafka_to_hive_with_redis.py took 0.145 seconds
[2024-12-03T00:18:56.858+0000] {processor.py:186} INFO - Started process (PID=7828) to work on /opt/airflow/dags/kafka_to_hive_with_redis.py
[2024-12-03T00:18:56.860+0000] {processor.py:914} INFO - Processing file /opt/airflow/dags/kafka_to_hive_with_redis.py for tasks to queue
[2024-12-03T00:18:56.862+0000] {logging_mixin.py:190} INFO - [2024-12-03T00:18:56.862+0000] {dagbag.py:588} INFO - Filling up the DagBag from /opt/airflow/dags/kafka_to_hive_with_redis.py
[2024-12-03T00:18:57.008+0000] {processor.py:927} WARNING - No viable dags retrieved from /opt/airflow/dags/kafka_to_hive_with_redis.py
[2024-12-03T00:18:57.053+0000] {processor.py:208} INFO - Processing /opt/airflow/dags/kafka_to_hive_with_redis.py took 0.204 seconds
[2024-12-03T00:19:28.312+0000] {processor.py:186} INFO - Started process (PID=7841) to work on /opt/airflow/dags/kafka_to_hive_with_redis.py
[2024-12-03T00:19:28.314+0000] {processor.py:914} INFO - Processing file /opt/airflow/dags/kafka_to_hive_with_redis.py for tasks to queue
[2024-12-03T00:19:28.316+0000] {logging_mixin.py:190} INFO - [2024-12-03T00:19:28.316+0000] {dagbag.py:588} INFO - Filling up the DagBag from /opt/airflow/dags/kafka_to_hive_with_redis.py
[2024-12-03T00:19:28.448+0000] {processor.py:927} WARNING - No viable dags retrieved from /opt/airflow/dags/kafka_to_hive_with_redis.py
[2024-12-03T00:19:28.475+0000] {processor.py:208} INFO - Processing /opt/airflow/dags/kafka_to_hive_with_redis.py took 0.169 seconds
[2024-12-03T00:19:59.744+0000] {processor.py:186} INFO - Started process (PID=7854) to work on /opt/airflow/dags/kafka_to_hive_with_redis.py
[2024-12-03T00:19:59.746+0000] {processor.py:914} INFO - Processing file /opt/airflow/dags/kafka_to_hive_with_redis.py for tasks to queue
[2024-12-03T00:19:59.751+0000] {logging_mixin.py:190} INFO - [2024-12-03T00:19:59.750+0000] {dagbag.py:588} INFO - Filling up the DagBag from /opt/airflow/dags/kafka_to_hive_with_redis.py
[2024-12-03T00:19:59.988+0000] {processor.py:927} WARNING - No viable dags retrieved from /opt/airflow/dags/kafka_to_hive_with_redis.py
[2024-12-03T00:20:00.027+0000] {processor.py:208} INFO - Processing /opt/airflow/dags/kafka_to_hive_with_redis.py took 0.291 seconds
[2024-12-03T00:20:30.779+0000] {processor.py:186} INFO - Started process (PID=7867) to work on /opt/airflow/dags/kafka_to_hive_with_redis.py
[2024-12-03T00:20:30.785+0000] {processor.py:914} INFO - Processing file /opt/airflow/dags/kafka_to_hive_with_redis.py for tasks to queue
[2024-12-03T00:20:30.789+0000] {logging_mixin.py:190} INFO - [2024-12-03T00:20:30.788+0000] {dagbag.py:588} INFO - Filling up the DagBag from /opt/airflow/dags/kafka_to_hive_with_redis.py
[2024-12-03T00:20:30.961+0000] {processor.py:927} WARNING - No viable dags retrieved from /opt/airflow/dags/kafka_to_hive_with_redis.py
[2024-12-03T00:20:31.014+0000] {processor.py:208} INFO - Processing /opt/airflow/dags/kafka_to_hive_with_redis.py took 0.257 seconds
[2024-12-03T00:21:01.344+0000] {processor.py:186} INFO - Started process (PID=7880) to work on /opt/airflow/dags/kafka_to_hive_with_redis.py
[2024-12-03T00:21:01.347+0000] {processor.py:914} INFO - Processing file /opt/airflow/dags/kafka_to_hive_with_redis.py for tasks to queue
[2024-12-03T00:21:01.350+0000] {logging_mixin.py:190} INFO - [2024-12-03T00:21:01.350+0000] {dagbag.py:588} INFO - Filling up the DagBag from /opt/airflow/dags/kafka_to_hive_with_redis.py
[2024-12-03T00:21:01.520+0000] {processor.py:927} WARNING - No viable dags retrieved from /opt/airflow/dags/kafka_to_hive_with_redis.py
[2024-12-03T00:21:01.570+0000] {processor.py:208} INFO - Processing /opt/airflow/dags/kafka_to_hive_with_redis.py took 0.234 seconds
[2024-12-03T00:21:32.102+0000] {processor.py:186} INFO - Started process (PID=7893) to work on /opt/airflow/dags/kafka_to_hive_with_redis.py
[2024-12-03T00:21:32.106+0000] {processor.py:914} INFO - Processing file /opt/airflow/dags/kafka_to_hive_with_redis.py for tasks to queue
[2024-12-03T00:21:32.109+0000] {logging_mixin.py:190} INFO - [2024-12-03T00:21:32.108+0000] {dagbag.py:588} INFO - Filling up the DagBag from /opt/airflow/dags/kafka_to_hive_with_redis.py
[2024-12-03T00:21:32.343+0000] {processor.py:927} WARNING - No viable dags retrieved from /opt/airflow/dags/kafka_to_hive_with_redis.py
[2024-12-03T00:21:32.426+0000] {processor.py:208} INFO - Processing /opt/airflow/dags/kafka_to_hive_with_redis.py took 0.339 seconds
[2024-12-03T00:22:03.421+0000] {processor.py:186} INFO - Started process (PID=7906) to work on /opt/airflow/dags/kafka_to_hive_with_redis.py
[2024-12-03T00:22:03.423+0000] {processor.py:914} INFO - Processing file /opt/airflow/dags/kafka_to_hive_with_redis.py for tasks to queue
[2024-12-03T00:22:03.425+0000] {logging_mixin.py:190} INFO - [2024-12-03T00:22:03.425+0000] {dagbag.py:588} INFO - Filling up the DagBag from /opt/airflow/dags/kafka_to_hive_with_redis.py
[2024-12-03T00:22:03.517+0000] {processor.py:927} WARNING - No viable dags retrieved from /opt/airflow/dags/kafka_to_hive_with_redis.py
[2024-12-03T00:22:03.548+0000] {processor.py:208} INFO - Processing /opt/airflow/dags/kafka_to_hive_with_redis.py took 0.134 seconds
[2024-12-03T00:22:34.120+0000] {processor.py:186} INFO - Started process (PID=7919) to work on /opt/airflow/dags/kafka_to_hive_with_redis.py
[2024-12-03T00:22:34.124+0000] {processor.py:914} INFO - Processing file /opt/airflow/dags/kafka_to_hive_with_redis.py for tasks to queue
[2024-12-03T00:22:34.128+0000] {logging_mixin.py:190} INFO - [2024-12-03T00:22:34.128+0000] {dagbag.py:588} INFO - Filling up the DagBag from /opt/airflow/dags/kafka_to_hive_with_redis.py
[2024-12-03T00:22:34.321+0000] {processor.py:927} WARNING - No viable dags retrieved from /opt/airflow/dags/kafka_to_hive_with_redis.py
[2024-12-03T00:22:34.388+0000] {processor.py:208} INFO - Processing /opt/airflow/dags/kafka_to_hive_with_redis.py took 0.280 seconds
[2024-12-03T00:22:49.764+0000] {processor.py:186} INFO - Started process (PID=7922) to work on /opt/airflow/dags/kafka_to_hive_with_redis.py
[2024-12-03T00:22:49.767+0000] {processor.py:914} INFO - Processing file /opt/airflow/dags/kafka_to_hive_with_redis.py for tasks to queue
[2024-12-03T00:22:49.769+0000] {logging_mixin.py:190} INFO - [2024-12-03T00:22:49.769+0000] {dagbag.py:588} INFO - Filling up the DagBag from /opt/airflow/dags/kafka_to_hive_with_redis.py
[2024-12-03T00:22:49.975+0000] {processor.py:927} WARNING - No viable dags retrieved from /opt/airflow/dags/kafka_to_hive_with_redis.py
[2024-12-03T00:22:50.023+0000] {processor.py:208} INFO - Processing /opt/airflow/dags/kafka_to_hive_with_redis.py took 0.269 seconds
[2024-12-03T00:23:20.947+0000] {processor.py:186} INFO - Started process (PID=7935) to work on /opt/airflow/dags/kafka_to_hive_with_redis.py
[2024-12-03T00:23:20.949+0000] {processor.py:914} INFO - Processing file /opt/airflow/dags/kafka_to_hive_with_redis.py for tasks to queue
[2024-12-03T00:23:20.953+0000] {logging_mixin.py:190} INFO - [2024-12-03T00:23:20.952+0000] {dagbag.py:588} INFO - Filling up the DagBag from /opt/airflow/dags/kafka_to_hive_with_redis.py
[2024-12-03T00:23:21.093+0000] {processor.py:927} WARNING - No viable dags retrieved from /opt/airflow/dags/kafka_to_hive_with_redis.py
[2024-12-03T00:23:21.137+0000] {processor.py:208} INFO - Processing /opt/airflow/dags/kafka_to_hive_with_redis.py took 0.198 seconds
[2024-12-03T00:23:51.904+0000] {processor.py:186} INFO - Started process (PID=7948) to work on /opt/airflow/dags/kafka_to_hive_with_redis.py
[2024-12-03T00:23:51.907+0000] {processor.py:914} INFO - Processing file /opt/airflow/dags/kafka_to_hive_with_redis.py for tasks to queue
[2024-12-03T00:23:51.912+0000] {logging_mixin.py:190} INFO - [2024-12-03T00:23:51.910+0000] {dagbag.py:588} INFO - Filling up the DagBag from /opt/airflow/dags/kafka_to_hive_with_redis.py
[2024-12-03T00:23:52.072+0000] {processor.py:927} WARNING - No viable dags retrieved from /opt/airflow/dags/kafka_to_hive_with_redis.py
[2024-12-03T00:23:52.125+0000] {processor.py:208} INFO - Processing /opt/airflow/dags/kafka_to_hive_with_redis.py took 0.229 seconds
[2024-12-03T00:24:22.510+0000] {processor.py:186} INFO - Started process (PID=7961) to work on /opt/airflow/dags/kafka_to_hive_with_redis.py
[2024-12-03T00:24:22.512+0000] {processor.py:914} INFO - Processing file /opt/airflow/dags/kafka_to_hive_with_redis.py for tasks to queue
[2024-12-03T00:24:22.515+0000] {logging_mixin.py:190} INFO - [2024-12-03T00:24:22.514+0000] {dagbag.py:588} INFO - Filling up the DagBag from /opt/airflow/dags/kafka_to_hive_with_redis.py
[2024-12-03T00:24:22.678+0000] {processor.py:927} WARNING - No viable dags retrieved from /opt/airflow/dags/kafka_to_hive_with_redis.py
[2024-12-03T00:24:22.724+0000] {processor.py:208} INFO - Processing /opt/airflow/dags/kafka_to_hive_with_redis.py took 0.226 seconds
[2024-12-03T00:25:32.439+0000] {processor.py:186} INFO - Started process (PID=7984) to work on /opt/airflow/dags/kafka_to_hive_with_redis.py
[2024-12-03T00:25:32.443+0000] {processor.py:914} INFO - Processing file /opt/airflow/dags/kafka_to_hive_with_redis.py for tasks to queue
[2024-12-03T00:25:32.446+0000] {logging_mixin.py:190} INFO - [2024-12-03T00:25:32.445+0000] {dagbag.py:588} INFO - Filling up the DagBag from /opt/airflow/dags/kafka_to_hive_with_redis.py
[2024-12-03T00:25:32.836+0000] {processor.py:927} WARNING - No viable dags retrieved from /opt/airflow/dags/kafka_to_hive_with_redis.py
[2024-12-03T00:25:32.886+0000] {processor.py:208} INFO - Processing /opt/airflow/dags/kafka_to_hive_with_redis.py took 0.458 seconds
[2024-12-03T00:26:04.142+0000] {processor.py:186} INFO - Started process (PID=7997) to work on /opt/airflow/dags/kafka_to_hive_with_redis.py
[2024-12-03T00:26:04.144+0000] {processor.py:914} INFO - Processing file /opt/airflow/dags/kafka_to_hive_with_redis.py for tasks to queue
[2024-12-03T00:26:04.148+0000] {logging_mixin.py:190} INFO - [2024-12-03T00:26:04.146+0000] {dagbag.py:588} INFO - Filling up the DagBag from /opt/airflow/dags/kafka_to_hive_with_redis.py
[2024-12-03T00:26:04.274+0000] {processor.py:927} WARNING - No viable dags retrieved from /opt/airflow/dags/kafka_to_hive_with_redis.py
[2024-12-03T00:26:04.305+0000] {processor.py:208} INFO - Processing /opt/airflow/dags/kafka_to_hive_with_redis.py took 0.173 seconds
[2024-12-03T00:26:15.055+0000] {processor.py:186} INFO - Started process (PID=8004) to work on /opt/airflow/dags/kafka_to_hive_with_redis.py
[2024-12-03T00:26:15.058+0000] {processor.py:914} INFO - Processing file /opt/airflow/dags/kafka_to_hive_with_redis.py for tasks to queue
[2024-12-03T00:26:15.060+0000] {logging_mixin.py:190} INFO - [2024-12-03T00:26:15.060+0000] {dagbag.py:588} INFO - Filling up the DagBag from /opt/airflow/dags/kafka_to_hive_with_redis.py
[2024-12-03T00:26:15.286+0000] {processor.py:927} WARNING - No viable dags retrieved from /opt/airflow/dags/kafka_to_hive_with_redis.py
[2024-12-03T00:26:15.331+0000] {processor.py:208} INFO - Processing /opt/airflow/dags/kafka_to_hive_with_redis.py took 0.284 seconds
[2024-12-03T00:26:23.030+0000] {processor.py:186} INFO - Started process (PID=8011) to work on /opt/airflow/dags/kafka_to_hive_with_redis.py
[2024-12-03T00:26:23.031+0000] {processor.py:914} INFO - Processing file /opt/airflow/dags/kafka_to_hive_with_redis.py for tasks to queue
[2024-12-03T00:26:23.033+0000] {logging_mixin.py:190} INFO - [2024-12-03T00:26:23.032+0000] {dagbag.py:588} INFO - Filling up the DagBag from /opt/airflow/dags/kafka_to_hive_with_redis.py
[2024-12-03T00:26:23.197+0000] {processor.py:927} WARNING - No viable dags retrieved from /opt/airflow/dags/kafka_to_hive_with_redis.py
[2024-12-03T00:26:23.252+0000] {processor.py:208} INFO - Processing /opt/airflow/dags/kafka_to_hive_with_redis.py took 0.229 seconds
[2024-12-03T00:26:32.780+0000] {processor.py:186} INFO - Started process (PID=8012) to work on /opt/airflow/dags/kafka_to_hive_with_redis.py
[2024-12-03T00:26:32.784+0000] {processor.py:914} INFO - Processing file /opt/airflow/dags/kafka_to_hive_with_redis.py for tasks to queue
[2024-12-03T00:26:32.789+0000] {logging_mixin.py:190} INFO - [2024-12-03T00:26:32.788+0000] {dagbag.py:588} INFO - Filling up the DagBag from /opt/airflow/dags/kafka_to_hive_with_redis.py
[2024-12-03T00:26:33.041+0000] {processor.py:927} WARNING - No viable dags retrieved from /opt/airflow/dags/kafka_to_hive_with_redis.py
[2024-12-03T00:26:33.100+0000] {processor.py:208} INFO - Processing /opt/airflow/dags/kafka_to_hive_with_redis.py took 0.331 seconds
[2024-12-03T00:26:38.425+0000] {processor.py:186} INFO - Started process (PID=8013) to work on /opt/airflow/dags/kafka_to_hive_with_redis.py
[2024-12-03T00:26:38.428+0000] {processor.py:914} INFO - Processing file /opt/airflow/dags/kafka_to_hive_with_redis.py for tasks to queue
[2024-12-03T00:26:38.431+0000] {logging_mixin.py:190} INFO - [2024-12-03T00:26:38.430+0000] {dagbag.py:588} INFO - Filling up the DagBag from /opt/airflow/dags/kafka_to_hive_with_redis.py
[2024-12-03T00:26:38.603+0000] {processor.py:927} WARNING - No viable dags retrieved from /opt/airflow/dags/kafka_to_hive_with_redis.py
[2024-12-03T00:26:38.650+0000] {processor.py:208} INFO - Processing /opt/airflow/dags/kafka_to_hive_with_redis.py took 0.233 seconds
[2024-12-03T00:26:41.050+0000] {processor.py:186} INFO - Started process (PID=8016) to work on /opt/airflow/dags/kafka_to_hive_with_redis.py
[2024-12-03T00:26:41.051+0000] {processor.py:914} INFO - Processing file /opt/airflow/dags/kafka_to_hive_with_redis.py for tasks to queue
[2024-12-03T00:26:41.053+0000] {logging_mixin.py:190} INFO - [2024-12-03T00:26:41.052+0000] {dagbag.py:588} INFO - Filling up the DagBag from /opt/airflow/dags/kafka_to_hive_with_redis.py
[2024-12-03T00:26:41.206+0000] {processor.py:927} WARNING - No viable dags retrieved from /opt/airflow/dags/kafka_to_hive_with_redis.py
[2024-12-03T00:26:41.244+0000] {processor.py:208} INFO - Processing /opt/airflow/dags/kafka_to_hive_with_redis.py took 0.200 seconds
[2024-12-03T00:26:46.655+0000] {processor.py:186} INFO - Started process (PID=8021) to work on /opt/airflow/dags/kafka_to_hive_with_redis.py
[2024-12-03T00:26:46.657+0000] {processor.py:914} INFO - Processing file /opt/airflow/dags/kafka_to_hive_with_redis.py for tasks to queue
[2024-12-03T00:26:46.659+0000] {logging_mixin.py:190} INFO - [2024-12-03T00:26:46.659+0000] {dagbag.py:588} INFO - Filling up the DagBag from /opt/airflow/dags/kafka_to_hive_with_redis.py
[2024-12-03T00:26:46.828+0000] {processor.py:927} WARNING - No viable dags retrieved from /opt/airflow/dags/kafka_to_hive_with_redis.py
[2024-12-03T00:26:46.874+0000] {processor.py:208} INFO - Processing /opt/airflow/dags/kafka_to_hive_with_redis.py took 0.228 seconds
[2024-12-03T00:26:50.798+0000] {processor.py:186} INFO - Started process (PID=8024) to work on /opt/airflow/dags/kafka_to_hive_with_redis.py
[2024-12-03T00:26:50.799+0000] {processor.py:914} INFO - Processing file /opt/airflow/dags/kafka_to_hive_with_redis.py for tasks to queue
[2024-12-03T00:26:50.801+0000] {logging_mixin.py:190} INFO - [2024-12-03T00:26:50.801+0000] {dagbag.py:588} INFO - Filling up the DagBag from /opt/airflow/dags/kafka_to_hive_with_redis.py
[2024-12-03T00:26:50.942+0000] {processor.py:927} WARNING - No viable dags retrieved from /opt/airflow/dags/kafka_to_hive_with_redis.py
[2024-12-03T00:26:51.006+0000] {processor.py:208} INFO - Processing /opt/airflow/dags/kafka_to_hive_with_redis.py took 0.214 seconds
[2024-12-03T00:26:54.698+0000] {processor.py:186} INFO - Started process (PID=8027) to work on /opt/airflow/dags/kafka_to_hive_with_redis.py
[2024-12-03T00:26:54.701+0000] {processor.py:914} INFO - Processing file /opt/airflow/dags/kafka_to_hive_with_redis.py for tasks to queue
[2024-12-03T00:26:54.704+0000] {logging_mixin.py:190} INFO - [2024-12-03T00:26:54.704+0000] {dagbag.py:588} INFO - Filling up the DagBag from /opt/airflow/dags/kafka_to_hive_with_redis.py
[2024-12-03T00:26:54.880+0000] {processor.py:927} WARNING - No viable dags retrieved from /opt/airflow/dags/kafka_to_hive_with_redis.py
[2024-12-03T00:26:54.936+0000] {processor.py:208} INFO - Processing /opt/airflow/dags/kafka_to_hive_with_redis.py took 0.245 seconds
[2024-12-03T00:27:26.382+0000] {processor.py:186} INFO - Started process (PID=8040) to work on /opt/airflow/dags/kafka_to_hive_with_redis.py
[2024-12-03T00:27:26.386+0000] {processor.py:914} INFO - Processing file /opt/airflow/dags/kafka_to_hive_with_redis.py for tasks to queue
[2024-12-03T00:27:26.389+0000] {logging_mixin.py:190} INFO - [2024-12-03T00:27:26.389+0000] {dagbag.py:588} INFO - Filling up the DagBag from /opt/airflow/dags/kafka_to_hive_with_redis.py
[2024-12-03T00:27:26.536+0000] {processor.py:927} WARNING - No viable dags retrieved from /opt/airflow/dags/kafka_to_hive_with_redis.py
[2024-12-03T00:27:26.564+0000] {processor.py:208} INFO - Processing /opt/airflow/dags/kafka_to_hive_with_redis.py took 0.189 seconds
[2024-12-03T00:27:57.871+0000] {processor.py:186} INFO - Started process (PID=8053) to work on /opt/airflow/dags/kafka_to_hive_with_redis.py
[2024-12-03T00:27:57.873+0000] {processor.py:914} INFO - Processing file /opt/airflow/dags/kafka_to_hive_with_redis.py for tasks to queue
[2024-12-03T00:27:57.876+0000] {logging_mixin.py:190} INFO - [2024-12-03T00:27:57.875+0000] {dagbag.py:588} INFO - Filling up the DagBag from /opt/airflow/dags/kafka_to_hive_with_redis.py
[2024-12-03T00:27:58.009+0000] {processor.py:927} WARNING - No viable dags retrieved from /opt/airflow/dags/kafka_to_hive_with_redis.py
[2024-12-03T00:27:58.056+0000] {processor.py:208} INFO - Processing /opt/airflow/dags/kafka_to_hive_with_redis.py took 0.195 seconds
[2024-12-03T00:28:30.380+0000] {processor.py:186} INFO - Started process (PID=8066) to work on /opt/airflow/dags/kafka_to_hive_with_redis.py
[2024-12-03T00:28:30.385+0000] {processor.py:914} INFO - Processing file /opt/airflow/dags/kafka_to_hive_with_redis.py for tasks to queue
[2024-12-03T00:28:30.387+0000] {logging_mixin.py:190} INFO - [2024-12-03T00:28:30.387+0000] {dagbag.py:588} INFO - Filling up the DagBag from /opt/airflow/dags/kafka_to_hive_with_redis.py
[2024-12-03T00:28:30.536+0000] {processor.py:927} WARNING - No viable dags retrieved from /opt/airflow/dags/kafka_to_hive_with_redis.py
[2024-12-03T00:28:30.608+0000] {processor.py:208} INFO - Processing /opt/airflow/dags/kafka_to_hive_with_redis.py took 0.235 seconds
[2024-12-03T00:29:03.536+0000] {processor.py:186} INFO - Started process (PID=8093) to work on /opt/airflow/dags/kafka_to_hive_with_redis.py
[2024-12-03T00:29:03.538+0000] {processor.py:914} INFO - Processing file /opt/airflow/dags/kafka_to_hive_with_redis.py for tasks to queue
[2024-12-03T00:29:03.541+0000] {logging_mixin.py:190} INFO - [2024-12-03T00:29:03.540+0000] {dagbag.py:588} INFO - Filling up the DagBag from /opt/airflow/dags/kafka_to_hive_with_redis.py
[2024-12-03T00:29:03.729+0000] {processor.py:927} WARNING - No viable dags retrieved from /opt/airflow/dags/kafka_to_hive_with_redis.py
[2024-12-03T00:29:03.790+0000] {processor.py:208} INFO - Processing /opt/airflow/dags/kafka_to_hive_with_redis.py took 0.265 seconds
[2024-12-03T00:29:36.347+0000] {processor.py:186} INFO - Started process (PID=8106) to work on /opt/airflow/dags/kafka_to_hive_with_redis.py
[2024-12-03T00:29:36.350+0000] {processor.py:914} INFO - Processing file /opt/airflow/dags/kafka_to_hive_with_redis.py for tasks to queue
[2024-12-03T00:29:36.353+0000] {logging_mixin.py:190} INFO - [2024-12-03T00:29:36.352+0000] {dagbag.py:588} INFO - Filling up the DagBag from /opt/airflow/dags/kafka_to_hive_with_redis.py
[2024-12-03T00:29:36.492+0000] {processor.py:927} WARNING - No viable dags retrieved from /opt/airflow/dags/kafka_to_hive_with_redis.py
[2024-12-03T00:29:36.535+0000] {processor.py:208} INFO - Processing /opt/airflow/dags/kafka_to_hive_with_redis.py took 0.196 seconds
[2024-12-03T00:30:35.102+0000] {processor.py:186} INFO - Started process (PID=8135) to work on /opt/airflow/dags/kafka_to_hive_with_redis.py
[2024-12-03T00:30:35.103+0000] {processor.py:914} INFO - Processing file /opt/airflow/dags/kafka_to_hive_with_redis.py for tasks to queue
[2024-12-03T00:30:35.105+0000] {logging_mixin.py:190} INFO - [2024-12-03T00:30:35.105+0000] {dagbag.py:588} INFO - Filling up the DagBag from /opt/airflow/dags/kafka_to_hive_with_redis.py
[2024-12-03T00:30:35.320+0000] {processor.py:927} WARNING - No viable dags retrieved from /opt/airflow/dags/kafka_to_hive_with_redis.py
[2024-12-03T00:30:35.352+0000] {processor.py:208} INFO - Processing /opt/airflow/dags/kafka_to_hive_with_redis.py took 0.256 seconds
[2024-12-03T00:31:05.817+0000] {processor.py:186} INFO - Started process (PID=8148) to work on /opt/airflow/dags/kafka_to_hive_with_redis.py
[2024-12-03T00:31:05.819+0000] {processor.py:914} INFO - Processing file /opt/airflow/dags/kafka_to_hive_with_redis.py for tasks to queue
[2024-12-03T00:31:05.820+0000] {logging_mixin.py:190} INFO - [2024-12-03T00:31:05.820+0000] {dagbag.py:588} INFO - Filling up the DagBag from /opt/airflow/dags/kafka_to_hive_with_redis.py
[2024-12-03T00:31:05.918+0000] {processor.py:927} WARNING - No viable dags retrieved from /opt/airflow/dags/kafka_to_hive_with_redis.py
[2024-12-03T00:31:05.945+0000] {processor.py:208} INFO - Processing /opt/airflow/dags/kafka_to_hive_with_redis.py took 0.134 seconds
[2024-12-03T00:31:37.101+0000] {processor.py:186} INFO - Started process (PID=8161) to work on /opt/airflow/dags/kafka_to_hive_with_redis.py
[2024-12-03T00:31:37.104+0000] {processor.py:914} INFO - Processing file /opt/airflow/dags/kafka_to_hive_with_redis.py for tasks to queue
[2024-12-03T00:31:37.107+0000] {logging_mixin.py:190} INFO - [2024-12-03T00:31:37.107+0000] {dagbag.py:588} INFO - Filling up the DagBag from /opt/airflow/dags/kafka_to_hive_with_redis.py
[2024-12-03T00:31:37.347+0000] {processor.py:927} WARNING - No viable dags retrieved from /opt/airflow/dags/kafka_to_hive_with_redis.py
[2024-12-03T00:31:37.397+0000] {processor.py:208} INFO - Processing /opt/airflow/dags/kafka_to_hive_with_redis.py took 0.305 seconds
[2024-12-03T00:31:42.975+0000] {processor.py:186} INFO - Started process (PID=8164) to work on /opt/airflow/dags/kafka_to_hive_with_redis.py
[2024-12-03T00:31:42.976+0000] {processor.py:914} INFO - Processing file /opt/airflow/dags/kafka_to_hive_with_redis.py for tasks to queue
[2024-12-03T00:31:42.979+0000] {logging_mixin.py:190} INFO - [2024-12-03T00:31:42.978+0000] {dagbag.py:588} INFO - Filling up the DagBag from /opt/airflow/dags/kafka_to_hive_with_redis.py
[2024-12-03T00:31:43.119+0000] {processor.py:927} WARNING - No viable dags retrieved from /opt/airflow/dags/kafka_to_hive_with_redis.py
[2024-12-03T00:31:43.158+0000] {processor.py:208} INFO - Processing /opt/airflow/dags/kafka_to_hive_with_redis.py took 0.190 seconds
[2024-12-03T00:31:49.142+0000] {processor.py:186} INFO - Started process (PID=8169) to work on /opt/airflow/dags/kafka_to_hive_with_redis.py
[2024-12-03T00:31:49.144+0000] {processor.py:914} INFO - Processing file /opt/airflow/dags/kafka_to_hive_with_redis.py for tasks to queue
[2024-12-03T00:31:49.150+0000] {logging_mixin.py:190} INFO - [2024-12-03T00:31:49.148+0000] {dagbag.py:588} INFO - Filling up the DagBag from /opt/airflow/dags/kafka_to_hive_with_redis.py
[2024-12-03T00:31:49.359+0000] {processor.py:927} WARNING - No viable dags retrieved from /opt/airflow/dags/kafka_to_hive_with_redis.py
[2024-12-03T00:31:49.413+0000] {processor.py:208} INFO - Processing /opt/airflow/dags/kafka_to_hive_with_redis.py took 0.281 seconds
[2024-12-03T00:32:20.188+0000] {processor.py:186} INFO - Started process (PID=8184) to work on /opt/airflow/dags/kafka_to_hive_with_redis.py
[2024-12-03T00:32:20.190+0000] {processor.py:914} INFO - Processing file /opt/airflow/dags/kafka_to_hive_with_redis.py for tasks to queue
[2024-12-03T00:32:20.192+0000] {logging_mixin.py:190} INFO - [2024-12-03T00:32:20.191+0000] {dagbag.py:588} INFO - Filling up the DagBag from /opt/airflow/dags/kafka_to_hive_with_redis.py
[2024-12-03T00:32:20.311+0000] {processor.py:927} WARNING - No viable dags retrieved from /opt/airflow/dags/kafka_to_hive_with_redis.py
[2024-12-03T00:32:20.366+0000] {processor.py:208} INFO - Processing /opt/airflow/dags/kafka_to_hive_with_redis.py took 0.184 seconds
[2024-12-03T00:32:53.056+0000] {processor.py:186} INFO - Started process (PID=8197) to work on /opt/airflow/dags/kafka_to_hive_with_redis.py
[2024-12-03T00:32:53.058+0000] {processor.py:914} INFO - Processing file /opt/airflow/dags/kafka_to_hive_with_redis.py for tasks to queue
[2024-12-03T00:32:53.059+0000] {logging_mixin.py:190} INFO - [2024-12-03T00:32:53.059+0000] {dagbag.py:588} INFO - Filling up the DagBag from /opt/airflow/dags/kafka_to_hive_with_redis.py
[2024-12-03T00:32:53.154+0000] {processor.py:927} WARNING - No viable dags retrieved from /opt/airflow/dags/kafka_to_hive_with_redis.py
[2024-12-03T00:32:53.182+0000] {processor.py:208} INFO - Processing /opt/airflow/dags/kafka_to_hive_with_redis.py took 0.132 seconds
[2024-12-03T00:34:18.000+0000] {processor.py:186} INFO - Started process (PID=8234) to work on /opt/airflow/dags/kafka_to_hive_with_redis.py
[2024-12-03T00:34:18.003+0000] {processor.py:914} INFO - Processing file /opt/airflow/dags/kafka_to_hive_with_redis.py for tasks to queue
[2024-12-03T00:34:18.009+0000] {logging_mixin.py:190} INFO - [2024-12-03T00:34:18.008+0000] {dagbag.py:588} INFO - Filling up the DagBag from /opt/airflow/dags/kafka_to_hive_with_redis.py
[2024-12-03T00:34:18.285+0000] {processor.py:927} WARNING - No viable dags retrieved from /opt/airflow/dags/kafka_to_hive_with_redis.py
[2024-12-03T00:34:18.347+0000] {processor.py:208} INFO - Processing /opt/airflow/dags/kafka_to_hive_with_redis.py took 0.355 seconds
[2024-12-03T00:34:49.809+0000] {processor.py:186} INFO - Started process (PID=8247) to work on /opt/airflow/dags/kafka_to_hive_with_redis.py
[2024-12-03T00:34:49.812+0000] {processor.py:914} INFO - Processing file /opt/airflow/dags/kafka_to_hive_with_redis.py for tasks to queue
[2024-12-03T00:34:49.820+0000] {logging_mixin.py:190} INFO - [2024-12-03T00:34:49.816+0000] {dagbag.py:588} INFO - Filling up the DagBag from /opt/airflow/dags/kafka_to_hive_with_redis.py
[2024-12-03T00:34:50.056+0000] {processor.py:927} WARNING - No viable dags retrieved from /opt/airflow/dags/kafka_to_hive_with_redis.py
[2024-12-03T00:34:50.113+0000] {processor.py:208} INFO - Processing /opt/airflow/dags/kafka_to_hive_with_redis.py took 0.314 seconds
[2024-12-03T00:35:21.825+0000] {processor.py:186} INFO - Started process (PID=8260) to work on /opt/airflow/dags/kafka_to_hive_with_redis.py
[2024-12-03T00:35:21.828+0000] {processor.py:914} INFO - Processing file /opt/airflow/dags/kafka_to_hive_with_redis.py for tasks to queue
[2024-12-03T00:35:21.830+0000] {logging_mixin.py:190} INFO - [2024-12-03T00:35:21.830+0000] {dagbag.py:588} INFO - Filling up the DagBag from /opt/airflow/dags/kafka_to_hive_with_redis.py
[2024-12-03T00:35:22.026+0000] {processor.py:927} WARNING - No viable dags retrieved from /opt/airflow/dags/kafka_to_hive_with_redis.py
[2024-12-03T00:35:22.077+0000] {processor.py:208} INFO - Processing /opt/airflow/dags/kafka_to_hive_with_redis.py took 0.263 seconds
[2024-12-03T00:35:53.516+0000] {processor.py:186} INFO - Started process (PID=8273) to work on /opt/airflow/dags/kafka_to_hive_with_redis.py
[2024-12-03T00:35:53.519+0000] {processor.py:914} INFO - Processing file /opt/airflow/dags/kafka_to_hive_with_redis.py for tasks to queue
[2024-12-03T00:35:53.521+0000] {logging_mixin.py:190} INFO - [2024-12-03T00:35:53.521+0000] {dagbag.py:588} INFO - Filling up the DagBag from /opt/airflow/dags/kafka_to_hive_with_redis.py
[2024-12-03T00:35:53.657+0000] {processor.py:927} WARNING - No viable dags retrieved from /opt/airflow/dags/kafka_to_hive_with_redis.py
[2024-12-03T00:35:53.703+0000] {processor.py:208} INFO - Processing /opt/airflow/dags/kafka_to_hive_with_redis.py took 0.194 seconds
[2024-12-03T00:36:24.898+0000] {processor.py:186} INFO - Started process (PID=8286) to work on /opt/airflow/dags/kafka_to_hive_with_redis.py
[2024-12-03T00:36:24.900+0000] {processor.py:914} INFO - Processing file /opt/airflow/dags/kafka_to_hive_with_redis.py for tasks to queue
[2024-12-03T00:36:24.903+0000] {logging_mixin.py:190} INFO - [2024-12-03T00:36:24.902+0000] {dagbag.py:588} INFO - Filling up the DagBag from /opt/airflow/dags/kafka_to_hive_with_redis.py
[2024-12-03T00:36:25.020+0000] {processor.py:927} WARNING - No viable dags retrieved from /opt/airflow/dags/kafka_to_hive_with_redis.py
[2024-12-03T00:36:25.051+0000] {processor.py:208} INFO - Processing /opt/airflow/dags/kafka_to_hive_with_redis.py took 0.160 seconds
[2024-12-03T00:36:56.598+0000] {processor.py:186} INFO - Started process (PID=8299) to work on /opt/airflow/dags/kafka_to_hive_with_redis.py
[2024-12-03T00:36:56.601+0000] {processor.py:914} INFO - Processing file /opt/airflow/dags/kafka_to_hive_with_redis.py for tasks to queue
[2024-12-03T00:36:56.604+0000] {logging_mixin.py:190} INFO - [2024-12-03T00:36:56.603+0000] {dagbag.py:588} INFO - Filling up the DagBag from /opt/airflow/dags/kafka_to_hive_with_redis.py
[2024-12-03T00:36:56.796+0000] {processor.py:927} WARNING - No viable dags retrieved from /opt/airflow/dags/kafka_to_hive_with_redis.py
[2024-12-03T00:36:56.835+0000] {processor.py:208} INFO - Processing /opt/airflow/dags/kafka_to_hive_with_redis.py took 0.246 seconds
[2024-12-03T00:37:27.467+0000] {processor.py:186} INFO - Started process (PID=8312) to work on /opt/airflow/dags/kafka_to_hive_with_redis.py
[2024-12-03T00:37:27.469+0000] {processor.py:914} INFO - Processing file /opt/airflow/dags/kafka_to_hive_with_redis.py for tasks to queue
[2024-12-03T00:37:27.471+0000] {logging_mixin.py:190} INFO - [2024-12-03T00:37:27.471+0000] {dagbag.py:588} INFO - Filling up the DagBag from /opt/airflow/dags/kafka_to_hive_with_redis.py
[2024-12-03T00:37:27.579+0000] {processor.py:927} WARNING - No viable dags retrieved from /opt/airflow/dags/kafka_to_hive_with_redis.py
[2024-12-03T00:37:27.612+0000] {processor.py:208} INFO - Processing /opt/airflow/dags/kafka_to_hive_with_redis.py took 0.151 seconds
[2024-12-03T00:37:59.854+0000] {processor.py:186} INFO - Started process (PID=8325) to work on /opt/airflow/dags/kafka_to_hive_with_redis.py
[2024-12-03T00:37:59.857+0000] {processor.py:914} INFO - Processing file /opt/airflow/dags/kafka_to_hive_with_redis.py for tasks to queue
[2024-12-03T00:37:59.860+0000] {logging_mixin.py:190} INFO - [2024-12-03T00:37:59.860+0000] {dagbag.py:588} INFO - Filling up the DagBag from /opt/airflow/dags/kafka_to_hive_with_redis.py
[2024-12-03T00:38:00.085+0000] {processor.py:927} WARNING - No viable dags retrieved from /opt/airflow/dags/kafka_to_hive_with_redis.py
[2024-12-03T00:38:00.153+0000] {processor.py:208} INFO - Processing /opt/airflow/dags/kafka_to_hive_with_redis.py took 0.309 seconds
[2024-12-03T00:38:32.023+0000] {processor.py:186} INFO - Started process (PID=8338) to work on /opt/airflow/dags/kafka_to_hive_with_redis.py
[2024-12-03T00:38:32.027+0000] {processor.py:914} INFO - Processing file /opt/airflow/dags/kafka_to_hive_with_redis.py for tasks to queue
[2024-12-03T00:38:32.031+0000] {logging_mixin.py:190} INFO - [2024-12-03T00:38:32.030+0000] {dagbag.py:588} INFO - Filling up the DagBag from /opt/airflow/dags/kafka_to_hive_with_redis.py
[2024-12-03T00:38:32.363+0000] {processor.py:927} WARNING - No viable dags retrieved from /opt/airflow/dags/kafka_to_hive_with_redis.py
[2024-12-03T00:38:32.443+0000] {processor.py:208} INFO - Processing /opt/airflow/dags/kafka_to_hive_with_redis.py took 0.435 seconds
[2024-12-03T00:39:02.899+0000] {processor.py:186} INFO - Started process (PID=8351) to work on /opt/airflow/dags/kafka_to_hive_with_redis.py
[2024-12-03T00:39:02.903+0000] {processor.py:914} INFO - Processing file /opt/airflow/dags/kafka_to_hive_with_redis.py for tasks to queue
[2024-12-03T00:39:02.908+0000] {logging_mixin.py:190} INFO - [2024-12-03T00:39:02.907+0000] {dagbag.py:588} INFO - Filling up the DagBag from /opt/airflow/dags/kafka_to_hive_with_redis.py
[2024-12-03T00:39:03.074+0000] {processor.py:927} WARNING - No viable dags retrieved from /opt/airflow/dags/kafka_to_hive_with_redis.py
[2024-12-03T00:39:03.140+0000] {processor.py:208} INFO - Processing /opt/airflow/dags/kafka_to_hive_with_redis.py took 0.250 seconds
[2024-12-03T00:39:36.609+0000] {processor.py:186} INFO - Started process (PID=8364) to work on /opt/airflow/dags/kafka_to_hive_with_redis.py
[2024-12-03T00:39:36.611+0000] {processor.py:914} INFO - Processing file /opt/airflow/dags/kafka_to_hive_with_redis.py for tasks to queue
[2024-12-03T00:39:36.613+0000] {logging_mixin.py:190} INFO - [2024-12-03T00:39:36.612+0000] {dagbag.py:588} INFO - Filling up the DagBag from /opt/airflow/dags/kafka_to_hive_with_redis.py
[2024-12-03T00:39:36.800+0000] {processor.py:927} WARNING - No viable dags retrieved from /opt/airflow/dags/kafka_to_hive_with_redis.py
[2024-12-03T00:39:36.869+0000] {processor.py:208} INFO - Processing /opt/airflow/dags/kafka_to_hive_with_redis.py took 0.270 seconds
[2024-12-03T00:40:08.513+0000] {processor.py:186} INFO - Started process (PID=8377) to work on /opt/airflow/dags/kafka_to_hive_with_redis.py
[2024-12-03T00:40:08.518+0000] {processor.py:914} INFO - Processing file /opt/airflow/dags/kafka_to_hive_with_redis.py for tasks to queue
[2024-12-03T00:40:08.522+0000] {logging_mixin.py:190} INFO - [2024-12-03T00:40:08.521+0000] {dagbag.py:588} INFO - Filling up the DagBag from /opt/airflow/dags/kafka_to_hive_with_redis.py
[2024-12-03T00:40:08.737+0000] {processor.py:927} WARNING - No viable dags retrieved from /opt/airflow/dags/kafka_to_hive_with_redis.py
[2024-12-03T00:40:08.784+0000] {processor.py:208} INFO - Processing /opt/airflow/dags/kafka_to_hive_with_redis.py took 0.288 seconds
[2024-12-03T00:40:39.000+0000] {processor.py:186} INFO - Started process (PID=8390) to work on /opt/airflow/dags/kafka_to_hive_with_redis.py
[2024-12-03T00:40:39.002+0000] {processor.py:914} INFO - Processing file /opt/airflow/dags/kafka_to_hive_with_redis.py for tasks to queue
[2024-12-03T00:40:39.003+0000] {logging_mixin.py:190} INFO - [2024-12-03T00:40:39.003+0000] {dagbag.py:588} INFO - Filling up the DagBag from /opt/airflow/dags/kafka_to_hive_with_redis.py
[2024-12-03T00:40:39.097+0000] {processor.py:927} WARNING - No viable dags retrieved from /opt/airflow/dags/kafka_to_hive_with_redis.py
[2024-12-03T00:40:39.127+0000] {processor.py:208} INFO - Processing /opt/airflow/dags/kafka_to_hive_with_redis.py took 0.134 seconds
[2024-12-03T00:41:10.865+0000] {processor.py:186} INFO - Started process (PID=8403) to work on /opt/airflow/dags/kafka_to_hive_with_redis.py
[2024-12-03T00:41:10.867+0000] {processor.py:914} INFO - Processing file /opt/airflow/dags/kafka_to_hive_with_redis.py for tasks to queue
[2024-12-03T00:41:10.870+0000] {logging_mixin.py:190} INFO - [2024-12-03T00:41:10.869+0000] {dagbag.py:588} INFO - Filling up the DagBag from /opt/airflow/dags/kafka_to_hive_with_redis.py
[2024-12-03T00:41:11.033+0000] {processor.py:927} WARNING - No viable dags retrieved from /opt/airflow/dags/kafka_to_hive_with_redis.py
[2024-12-03T00:41:11.071+0000] {processor.py:208} INFO - Processing /opt/airflow/dags/kafka_to_hive_with_redis.py took 0.213 seconds
[2024-12-03T00:41:42.972+0000] {processor.py:186} INFO - Started process (PID=8417) to work on /opt/airflow/dags/kafka_to_hive_with_redis.py
[2024-12-03T00:41:42.974+0000] {processor.py:914} INFO - Processing file /opt/airflow/dags/kafka_to_hive_with_redis.py for tasks to queue
[2024-12-03T00:41:42.977+0000] {logging_mixin.py:190} INFO - [2024-12-03T00:41:42.976+0000] {dagbag.py:588} INFO - Filling up the DagBag from /opt/airflow/dags/kafka_to_hive_with_redis.py
[2024-12-03T00:41:43.108+0000] {processor.py:927} WARNING - No viable dags retrieved from /opt/airflow/dags/kafka_to_hive_with_redis.py
[2024-12-03T00:41:43.160+0000] {processor.py:208} INFO - Processing /opt/airflow/dags/kafka_to_hive_with_redis.py took 0.195 seconds
[2024-12-03T00:42:14.196+0000] {processor.py:186} INFO - Started process (PID=8430) to work on /opt/airflow/dags/kafka_to_hive_with_redis.py
[2024-12-03T00:42:14.198+0000] {processor.py:914} INFO - Processing file /opt/airflow/dags/kafka_to_hive_with_redis.py for tasks to queue
[2024-12-03T00:42:14.201+0000] {logging_mixin.py:190} INFO - [2024-12-03T00:42:14.201+0000] {dagbag.py:588} INFO - Filling up the DagBag from /opt/airflow/dags/kafka_to_hive_with_redis.py
[2024-12-03T00:42:14.340+0000] {processor.py:927} WARNING - No viable dags retrieved from /opt/airflow/dags/kafka_to_hive_with_redis.py
[2024-12-03T00:42:14.386+0000] {processor.py:208} INFO - Processing /opt/airflow/dags/kafka_to_hive_with_redis.py took 0.198 seconds
[2024-12-03T00:42:44.939+0000] {processor.py:186} INFO - Started process (PID=8443) to work on /opt/airflow/dags/kafka_to_hive_with_redis.py
[2024-12-03T00:42:44.942+0000] {processor.py:914} INFO - Processing file /opt/airflow/dags/kafka_to_hive_with_redis.py for tasks to queue
[2024-12-03T00:42:44.946+0000] {logging_mixin.py:190} INFO - [2024-12-03T00:42:44.945+0000] {dagbag.py:588} INFO - Filling up the DagBag from /opt/airflow/dags/kafka_to_hive_with_redis.py
[2024-12-03T00:42:45.075+0000] {processor.py:927} WARNING - No viable dags retrieved from /opt/airflow/dags/kafka_to_hive_with_redis.py
[2024-12-03T00:42:45.117+0000] {processor.py:208} INFO - Processing /opt/airflow/dags/kafka_to_hive_with_redis.py took 0.185 seconds
[2024-12-03T00:43:16.545+0000] {processor.py:186} INFO - Started process (PID=8456) to work on /opt/airflow/dags/kafka_to_hive_with_redis.py
[2024-12-03T00:43:16.547+0000] {processor.py:914} INFO - Processing file /opt/airflow/dags/kafka_to_hive_with_redis.py for tasks to queue
[2024-12-03T00:43:16.549+0000] {logging_mixin.py:190} INFO - [2024-12-03T00:43:16.548+0000] {dagbag.py:588} INFO - Filling up the DagBag from /opt/airflow/dags/kafka_to_hive_with_redis.py
[2024-12-03T00:43:16.639+0000] {processor.py:927} WARNING - No viable dags retrieved from /opt/airflow/dags/kafka_to_hive_with_redis.py
[2024-12-03T00:43:16.667+0000] {processor.py:208} INFO - Processing /opt/airflow/dags/kafka_to_hive_with_redis.py took 0.128 seconds
[2024-12-03T00:43:47.906+0000] {processor.py:186} INFO - Started process (PID=8469) to work on /opt/airflow/dags/kafka_to_hive_with_redis.py
[2024-12-03T00:43:47.909+0000] {processor.py:914} INFO - Processing file /opt/airflow/dags/kafka_to_hive_with_redis.py for tasks to queue
[2024-12-03T00:43:47.911+0000] {logging_mixin.py:190} INFO - [2024-12-03T00:43:47.911+0000] {dagbag.py:588} INFO - Filling up the DagBag from /opt/airflow/dags/kafka_to_hive_with_redis.py
[2024-12-03T00:43:48.054+0000] {processor.py:927} WARNING - No viable dags retrieved from /opt/airflow/dags/kafka_to_hive_with_redis.py
[2024-12-03T00:43:48.106+0000] {processor.py:208} INFO - Processing /opt/airflow/dags/kafka_to_hive_with_redis.py took 0.208 seconds
[2024-12-03T00:44:19.751+0000] {processor.py:186} INFO - Started process (PID=8482) to work on /opt/airflow/dags/kafka_to_hive_with_redis.py
[2024-12-03T00:44:19.753+0000] {processor.py:914} INFO - Processing file /opt/airflow/dags/kafka_to_hive_with_redis.py for tasks to queue
[2024-12-03T00:44:19.758+0000] {logging_mixin.py:190} INFO - [2024-12-03T00:44:19.757+0000] {dagbag.py:588} INFO - Filling up the DagBag from /opt/airflow/dags/kafka_to_hive_with_redis.py
[2024-12-03T00:44:19.865+0000] {processor.py:927} WARNING - No viable dags retrieved from /opt/airflow/dags/kafka_to_hive_with_redis.py
[2024-12-03T00:44:19.897+0000] {processor.py:208} INFO - Processing /opt/airflow/dags/kafka_to_hive_with_redis.py took 0.156 seconds
[2024-12-03T00:44:51.743+0000] {processor.py:186} INFO - Started process (PID=8495) to work on /opt/airflow/dags/kafka_to_hive_with_redis.py
[2024-12-03T00:44:51.744+0000] {processor.py:914} INFO - Processing file /opt/airflow/dags/kafka_to_hive_with_redis.py for tasks to queue
[2024-12-03T00:44:51.746+0000] {logging_mixin.py:190} INFO - [2024-12-03T00:44:51.746+0000] {dagbag.py:588} INFO - Filling up the DagBag from /opt/airflow/dags/kafka_to_hive_with_redis.py
[2024-12-03T00:49:59.338+0000] {processor.py:186} INFO - Started process (PID=72) to work on /opt/airflow/dags/kafka_to_hive_with_redis.py
[2024-12-03T00:49:59.344+0000] {processor.py:914} INFO - Processing file /opt/airflow/dags/kafka_to_hive_with_redis.py for tasks to queue
[2024-12-03T00:49:59.351+0000] {logging_mixin.py:190} INFO - [2024-12-03T00:49:59.350+0000] {dagbag.py:588} INFO - Filling up the DagBag from /opt/airflow/dags/kafka_to_hive_with_redis.py
[2024-12-03T00:49:59.575+0000] {processor.py:927} WARNING - No viable dags retrieved from /opt/airflow/dags/kafka_to_hive_with_redis.py
[2024-12-03T00:49:59.665+0000] {processor.py:208} INFO - Processing /opt/airflow/dags/kafka_to_hive_with_redis.py took 0.351 seconds
[2024-12-03T00:50:37.789+0000] {processor.py:186} INFO - Started process (PID=97) to work on /opt/airflow/dags/kafka_to_hive_with_redis.py
[2024-12-03T00:50:37.792+0000] {processor.py:914} INFO - Processing file /opt/airflow/dags/kafka_to_hive_with_redis.py for tasks to queue
[2024-12-03T00:50:37.806+0000] {logging_mixin.py:190} INFO - [2024-12-03T00:50:37.805+0000] {dagbag.py:588} INFO - Filling up the DagBag from /opt/airflow/dags/kafka_to_hive_with_redis.py
[2024-12-03T00:50:38.289+0000] {processor.py:927} WARNING - No viable dags retrieved from /opt/airflow/dags/kafka_to_hive_with_redis.py
[2024-12-03T00:50:38.383+0000] {processor.py:208} INFO - Processing /opt/airflow/dags/kafka_to_hive_with_redis.py took 0.614 seconds
[2024-12-03T00:51:09.814+0000] {processor.py:186} INFO - Started process (PID=120) to work on /opt/airflow/dags/kafka_to_hive_with_redis.py
[2024-12-03T00:51:09.820+0000] {processor.py:914} INFO - Processing file /opt/airflow/dags/kafka_to_hive_with_redis.py for tasks to queue
[2024-12-03T00:51:09.830+0000] {logging_mixin.py:190} INFO - [2024-12-03T00:51:09.829+0000] {dagbag.py:588} INFO - Filling up the DagBag from /opt/airflow/dags/kafka_to_hive_with_redis.py
[2024-12-03T00:51:10.170+0000] {processor.py:927} WARNING - No viable dags retrieved from /opt/airflow/dags/kafka_to_hive_with_redis.py
[2024-12-03T00:51:10.260+0000] {processor.py:208} INFO - Processing /opt/airflow/dags/kafka_to_hive_with_redis.py took 0.467 seconds
[2024-12-03T00:51:42.692+0000] {processor.py:186} INFO - Started process (PID=133) to work on /opt/airflow/dags/kafka_to_hive_with_redis.py
[2024-12-03T00:51:42.694+0000] {processor.py:914} INFO - Processing file /opt/airflow/dags/kafka_to_hive_with_redis.py for tasks to queue
[2024-12-03T00:51:42.700+0000] {logging_mixin.py:190} INFO - [2024-12-03T00:51:42.699+0000] {dagbag.py:588} INFO - Filling up the DagBag from /opt/airflow/dags/kafka_to_hive_with_redis.py
[2024-12-03T00:51:42.951+0000] {processor.py:927} WARNING - No viable dags retrieved from /opt/airflow/dags/kafka_to_hive_with_redis.py
[2024-12-03T00:51:43.015+0000] {processor.py:208} INFO - Processing /opt/airflow/dags/kafka_to_hive_with_redis.py took 0.336 seconds
[2024-12-03T00:52:15.044+0000] {processor.py:186} INFO - Started process (PID=146) to work on /opt/airflow/dags/kafka_to_hive_with_redis.py
[2024-12-03T00:52:15.046+0000] {processor.py:914} INFO - Processing file /opt/airflow/dags/kafka_to_hive_with_redis.py for tasks to queue
[2024-12-03T00:52:15.050+0000] {logging_mixin.py:190} INFO - [2024-12-03T00:52:15.049+0000] {dagbag.py:588} INFO - Filling up the DagBag from /opt/airflow/dags/kafka_to_hive_with_redis.py
[2024-12-03T00:52:15.172+0000] {processor.py:927} WARNING - No viable dags retrieved from /opt/airflow/dags/kafka_to_hive_with_redis.py
[2024-12-03T00:52:15.208+0000] {processor.py:208} INFO - Processing /opt/airflow/dags/kafka_to_hive_with_redis.py took 0.170 seconds
[2024-12-03T00:52:45.924+0000] {processor.py:186} INFO - Started process (PID=159) to work on /opt/airflow/dags/kafka_to_hive_with_redis.py
[2024-12-03T00:52:45.926+0000] {processor.py:914} INFO - Processing file /opt/airflow/dags/kafka_to_hive_with_redis.py for tasks to queue
[2024-12-03T00:52:45.931+0000] {logging_mixin.py:190} INFO - [2024-12-03T00:52:45.930+0000] {dagbag.py:588} INFO - Filling up the DagBag from /opt/airflow/dags/kafka_to_hive_with_redis.py
[2024-12-03T00:52:46.098+0000] {processor.py:927} WARNING - No viable dags retrieved from /opt/airflow/dags/kafka_to_hive_with_redis.py
[2024-12-03T00:52:46.208+0000] {processor.py:208} INFO - Processing /opt/airflow/dags/kafka_to_hive_with_redis.py took 0.293 seconds
[2024-12-03T00:53:19.292+0000] {processor.py:186} INFO - Started process (PID=172) to work on /opt/airflow/dags/kafka_to_hive_with_redis.py
[2024-12-03T00:53:19.295+0000] {processor.py:914} INFO - Processing file /opt/airflow/dags/kafka_to_hive_with_redis.py for tasks to queue
[2024-12-03T00:53:19.302+0000] {logging_mixin.py:190} INFO - [2024-12-03T00:53:19.301+0000] {dagbag.py:588} INFO - Filling up the DagBag from /opt/airflow/dags/kafka_to_hive_with_redis.py
[2024-12-03T00:53:19.513+0000] {processor.py:927} WARNING - No viable dags retrieved from /opt/airflow/dags/kafka_to_hive_with_redis.py
[2024-12-03T00:53:19.556+0000] {processor.py:208} INFO - Processing /opt/airflow/dags/kafka_to_hive_with_redis.py took 0.281 seconds
[2024-12-03T00:53:50.793+0000] {processor.py:186} INFO - Started process (PID=185) to work on /opt/airflow/dags/kafka_to_hive_with_redis.py
[2024-12-03T00:53:50.796+0000] {processor.py:914} INFO - Processing file /opt/airflow/dags/kafka_to_hive_with_redis.py for tasks to queue
[2024-12-03T00:53:50.806+0000] {logging_mixin.py:190} INFO - [2024-12-03T00:53:50.805+0000] {dagbag.py:588} INFO - Filling up the DagBag from /opt/airflow/dags/kafka_to_hive_with_redis.py
[2024-12-03T00:53:51.006+0000] {processor.py:927} WARNING - No viable dags retrieved from /opt/airflow/dags/kafka_to_hive_with_redis.py
[2024-12-03T00:53:51.080+0000] {processor.py:208} INFO - Processing /opt/airflow/dags/kafka_to_hive_with_redis.py took 0.303 seconds
[2024-12-03T00:54:23.211+0000] {processor.py:186} INFO - Started process (PID=198) to work on /opt/airflow/dags/kafka_to_hive_with_redis.py
[2024-12-03T00:54:23.213+0000] {processor.py:914} INFO - Processing file /opt/airflow/dags/kafka_to_hive_with_redis.py for tasks to queue
[2024-12-03T00:54:23.218+0000] {logging_mixin.py:190} INFO - [2024-12-03T00:54:23.217+0000] {dagbag.py:588} INFO - Filling up the DagBag from /opt/airflow/dags/kafka_to_hive_with_redis.py
[2024-12-03T00:54:23.383+0000] {processor.py:927} WARNING - No viable dags retrieved from /opt/airflow/dags/kafka_to_hive_with_redis.py
[2024-12-03T00:54:23.676+0000] {processor.py:208} INFO - Processing /opt/airflow/dags/kafka_to_hive_with_redis.py took 0.473 seconds
[2024-12-03T00:56:05.260+0000] {processor.py:186} INFO - Started process (PID=237) to work on /opt/airflow/dags/kafka_to_hive_with_redis.py
[2024-12-03T00:56:05.265+0000] {processor.py:914} INFO - Processing file /opt/airflow/dags/kafka_to_hive_with_redis.py for tasks to queue
[2024-12-03T00:56:05.270+0000] {logging_mixin.py:190} INFO - [2024-12-03T00:56:05.269+0000] {dagbag.py:588} INFO - Filling up the DagBag from /opt/airflow/dags/kafka_to_hive_with_redis.py
[2024-12-03T00:56:06.049+0000] {processor.py:927} WARNING - No viable dags retrieved from /opt/airflow/dags/kafka_to_hive_with_redis.py
[2024-12-03T00:56:06.142+0000] {processor.py:208} INFO - Processing /opt/airflow/dags/kafka_to_hive_with_redis.py took 0.897 seconds
[2024-12-03T00:56:38.860+0000] {processor.py:186} INFO - Started process (PID=250) to work on /opt/airflow/dags/kafka_to_hive_with_redis.py
[2024-12-03T00:56:38.862+0000] {processor.py:914} INFO - Processing file /opt/airflow/dags/kafka_to_hive_with_redis.py for tasks to queue
[2024-12-03T00:56:38.867+0000] {logging_mixin.py:190} INFO - [2024-12-03T00:56:38.866+0000] {dagbag.py:588} INFO - Filling up the DagBag from /opt/airflow/dags/kafka_to_hive_with_redis.py
[2024-12-03T00:56:39.139+0000] {processor.py:927} WARNING - No viable dags retrieved from /opt/airflow/dags/kafka_to_hive_with_redis.py
[2024-12-03T00:56:39.212+0000] {processor.py:208} INFO - Processing /opt/airflow/dags/kafka_to_hive_with_redis.py took 0.361 seconds
[2024-12-03T00:57:10.500+0000] {processor.py:186} INFO - Started process (PID=263) to work on /opt/airflow/dags/kafka_to_hive_with_redis.py
[2024-12-03T00:57:10.510+0000] {processor.py:914} INFO - Processing file /opt/airflow/dags/kafka_to_hive_with_redis.py for tasks to queue
[2024-12-03T00:57:10.516+0000] {logging_mixin.py:190} INFO - [2024-12-03T00:57:10.514+0000] {dagbag.py:588} INFO - Filling up the DagBag from /opt/airflow/dags/kafka_to_hive_with_redis.py
[2024-12-03T00:57:10.968+0000] {processor.py:927} WARNING - No viable dags retrieved from /opt/airflow/dags/kafka_to_hive_with_redis.py
[2024-12-03T00:57:11.062+0000] {processor.py:208} INFO - Processing /opt/airflow/dags/kafka_to_hive_with_redis.py took 0.626 seconds
[2024-12-03T00:57:42.938+0000] {processor.py:186} INFO - Started process (PID=276) to work on /opt/airflow/dags/kafka_to_hive_with_redis.py
[2024-12-03T00:57:42.942+0000] {processor.py:914} INFO - Processing file /opt/airflow/dags/kafka_to_hive_with_redis.py for tasks to queue
[2024-12-03T00:57:42.945+0000] {logging_mixin.py:190} INFO - [2024-12-03T00:57:42.944+0000] {dagbag.py:588} INFO - Filling up the DagBag from /opt/airflow/dags/kafka_to_hive_with_redis.py
[2024-12-03T00:57:43.190+0000] {processor.py:927} WARNING - No viable dags retrieved from /opt/airflow/dags/kafka_to_hive_with_redis.py
[2024-12-03T00:57:43.265+0000] {processor.py:208} INFO - Processing /opt/airflow/dags/kafka_to_hive_with_redis.py took 0.340 seconds
[2024-12-03T00:58:14.249+0000] {processor.py:186} INFO - Started process (PID=289) to work on /opt/airflow/dags/kafka_to_hive_with_redis.py
[2024-12-03T00:58:14.255+0000] {processor.py:914} INFO - Processing file /opt/airflow/dags/kafka_to_hive_with_redis.py for tasks to queue
[2024-12-03T00:58:14.263+0000] {logging_mixin.py:190} INFO - [2024-12-03T00:58:14.262+0000] {dagbag.py:588} INFO - Filling up the DagBag from /opt/airflow/dags/kafka_to_hive_with_redis.py
[2024-12-03T00:58:14.515+0000] {processor.py:927} WARNING - No viable dags retrieved from /opt/airflow/dags/kafka_to_hive_with_redis.py
[2024-12-03T00:58:14.563+0000] {processor.py:208} INFO - Processing /opt/airflow/dags/kafka_to_hive_with_redis.py took 0.328 seconds
[2024-12-03T00:58:46.107+0000] {processor.py:186} INFO - Started process (PID=302) to work on /opt/airflow/dags/kafka_to_hive_with_redis.py
[2024-12-03T00:58:46.109+0000] {processor.py:914} INFO - Processing file /opt/airflow/dags/kafka_to_hive_with_redis.py for tasks to queue
[2024-12-03T00:58:46.113+0000] {logging_mixin.py:190} INFO - [2024-12-03T00:58:46.111+0000] {dagbag.py:588} INFO - Filling up the DagBag from /opt/airflow/dags/kafka_to_hive_with_redis.py
[2024-12-03T00:58:46.372+0000] {processor.py:927} WARNING - No viable dags retrieved from /opt/airflow/dags/kafka_to_hive_with_redis.py
[2024-12-03T00:58:46.422+0000] {processor.py:208} INFO - Processing /opt/airflow/dags/kafka_to_hive_with_redis.py took 0.337 seconds
[2024-12-03T00:59:18.576+0000] {processor.py:186} INFO - Started process (PID=315) to work on /opt/airflow/dags/kafka_to_hive_with_redis.py
[2024-12-03T00:59:18.578+0000] {processor.py:914} INFO - Processing file /opt/airflow/dags/kafka_to_hive_with_redis.py for tasks to queue
[2024-12-03T00:59:18.581+0000] {logging_mixin.py:190} INFO - [2024-12-03T00:59:18.581+0000] {dagbag.py:588} INFO - Filling up the DagBag from /opt/airflow/dags/kafka_to_hive_with_redis.py
[2024-12-03T00:59:18.898+0000] {processor.py:927} WARNING - No viable dags retrieved from /opt/airflow/dags/kafka_to_hive_with_redis.py
[2024-12-03T00:59:19.018+0000] {processor.py:208} INFO - Processing /opt/airflow/dags/kafka_to_hive_with_redis.py took 0.457 seconds
[2024-12-03T00:59:50.912+0000] {processor.py:186} INFO - Started process (PID=328) to work on /opt/airflow/dags/kafka_to_hive_with_redis.py
[2024-12-03T00:59:50.916+0000] {processor.py:914} INFO - Processing file /opt/airflow/dags/kafka_to_hive_with_redis.py for tasks to queue
[2024-12-03T00:59:50.925+0000] {logging_mixin.py:190} INFO - [2024-12-03T00:59:50.925+0000] {dagbag.py:588} INFO - Filling up the DagBag from /opt/airflow/dags/kafka_to_hive_with_redis.py
[2024-12-03T00:59:51.143+0000] {processor.py:927} WARNING - No viable dags retrieved from /opt/airflow/dags/kafka_to_hive_with_redis.py
[2024-12-03T00:59:51.204+0000] {processor.py:208} INFO - Processing /opt/airflow/dags/kafka_to_hive_with_redis.py took 0.311 seconds
[2024-12-03T01:00:22.814+0000] {processor.py:186} INFO - Started process (PID=341) to work on /opt/airflow/dags/kafka_to_hive_with_redis.py
[2024-12-03T01:00:22.818+0000] {processor.py:914} INFO - Processing file /opt/airflow/dags/kafka_to_hive_with_redis.py for tasks to queue
[2024-12-03T01:00:22.822+0000] {logging_mixin.py:190} INFO - [2024-12-03T01:00:22.821+0000] {dagbag.py:588} INFO - Filling up the DagBag from /opt/airflow/dags/kafka_to_hive_with_redis.py
[2024-12-03T01:00:23.061+0000] {processor.py:927} WARNING - No viable dags retrieved from /opt/airflow/dags/kafka_to_hive_with_redis.py
[2024-12-03T01:00:23.111+0000] {processor.py:208} INFO - Processing /opt/airflow/dags/kafka_to_hive_with_redis.py took 0.307 seconds
[2024-12-03T01:00:54.734+0000] {processor.py:186} INFO - Started process (PID=354) to work on /opt/airflow/dags/kafka_to_hive_with_redis.py
[2024-12-03T01:00:54.737+0000] {processor.py:914} INFO - Processing file /opt/airflow/dags/kafka_to_hive_with_redis.py for tasks to queue
[2024-12-03T01:00:54.740+0000] {logging_mixin.py:190} INFO - [2024-12-03T01:00:54.739+0000] {dagbag.py:588} INFO - Filling up the DagBag from /opt/airflow/dags/kafka_to_hive_with_redis.py
[2024-12-03T01:00:54.910+0000] {processor.py:927} WARNING - No viable dags retrieved from /opt/airflow/dags/kafka_to_hive_with_redis.py
[2024-12-03T01:00:54.974+0000] {processor.py:208} INFO - Processing /opt/airflow/dags/kafka_to_hive_with_redis.py took 0.251 seconds
[2024-12-03T01:01:26.870+0000] {processor.py:186} INFO - Started process (PID=367) to work on /opt/airflow/dags/kafka_to_hive_with_redis.py
[2024-12-03T01:01:26.872+0000] {processor.py:914} INFO - Processing file /opt/airflow/dags/kafka_to_hive_with_redis.py for tasks to queue
[2024-12-03T01:01:26.875+0000] {logging_mixin.py:190} INFO - [2024-12-03T01:01:26.874+0000] {dagbag.py:588} INFO - Filling up the DagBag from /opt/airflow/dags/kafka_to_hive_with_redis.py
[2024-12-03T01:01:27.084+0000] {processor.py:927} WARNING - No viable dags retrieved from /opt/airflow/dags/kafka_to_hive_with_redis.py
[2024-12-03T01:01:27.174+0000] {processor.py:208} INFO - Processing /opt/airflow/dags/kafka_to_hive_with_redis.py took 0.313 seconds
[2024-12-03T01:01:58.581+0000] {processor.py:186} INFO - Started process (PID=380) to work on /opt/airflow/dags/kafka_to_hive_with_redis.py
[2024-12-03T01:01:58.587+0000] {processor.py:914} INFO - Processing file /opt/airflow/dags/kafka_to_hive_with_redis.py for tasks to queue
[2024-12-03T01:01:58.589+0000] {logging_mixin.py:190} INFO - [2024-12-03T01:01:58.589+0000] {dagbag.py:588} INFO - Filling up the DagBag from /opt/airflow/dags/kafka_to_hive_with_redis.py
[2024-12-03T01:01:58.742+0000] {processor.py:927} WARNING - No viable dags retrieved from /opt/airflow/dags/kafka_to_hive_with_redis.py
[2024-12-03T01:01:58.801+0000] {processor.py:208} INFO - Processing /opt/airflow/dags/kafka_to_hive_with_redis.py took 0.228 seconds
[2024-12-03T01:02:30.928+0000] {processor.py:186} INFO - Started process (PID=393) to work on /opt/airflow/dags/kafka_to_hive_with_redis.py
[2024-12-03T01:02:30.930+0000] {processor.py:914} INFO - Processing file /opt/airflow/dags/kafka_to_hive_with_redis.py for tasks to queue
[2024-12-03T01:02:30.936+0000] {logging_mixin.py:190} INFO - [2024-12-03T01:02:30.935+0000] {dagbag.py:588} INFO - Filling up the DagBag from /opt/airflow/dags/kafka_to_hive_with_redis.py
[2024-12-03T01:02:31.148+0000] {processor.py:927} WARNING - No viable dags retrieved from /opt/airflow/dags/kafka_to_hive_with_redis.py
[2024-12-03T01:02:31.237+0000] {processor.py:208} INFO - Processing /opt/airflow/dags/kafka_to_hive_with_redis.py took 0.320 seconds
[2024-12-03T01:03:03.294+0000] {processor.py:186} INFO - Started process (PID=406) to work on /opt/airflow/dags/kafka_to_hive_with_redis.py
[2024-12-03T01:03:03.296+0000] {processor.py:914} INFO - Processing file /opt/airflow/dags/kafka_to_hive_with_redis.py for tasks to queue
[2024-12-03T01:03:03.302+0000] {logging_mixin.py:190} INFO - [2024-12-03T01:03:03.299+0000] {dagbag.py:588} INFO - Filling up the DagBag from /opt/airflow/dags/kafka_to_hive_with_redis.py
[2024-12-03T01:03:03.496+0000] {processor.py:927} WARNING - No viable dags retrieved from /opt/airflow/dags/kafka_to_hive_with_redis.py
[2024-12-03T01:03:03.589+0000] {processor.py:208} INFO - Processing /opt/airflow/dags/kafka_to_hive_with_redis.py took 0.309 seconds
[2024-12-03T01:03:34.987+0000] {processor.py:186} INFO - Started process (PID=419) to work on /opt/airflow/dags/kafka_to_hive_with_redis.py
[2024-12-03T01:03:34.992+0000] {processor.py:914} INFO - Processing file /opt/airflow/dags/kafka_to_hive_with_redis.py for tasks to queue
[2024-12-03T01:03:34.996+0000] {logging_mixin.py:190} INFO - [2024-12-03T01:03:34.995+0000] {dagbag.py:588} INFO - Filling up the DagBag from /opt/airflow/dags/kafka_to_hive_with_redis.py
[2024-12-03T01:03:35.205+0000] {processor.py:927} WARNING - No viable dags retrieved from /opt/airflow/dags/kafka_to_hive_with_redis.py
[2024-12-03T01:03:35.269+0000] {processor.py:208} INFO - Processing /opt/airflow/dags/kafka_to_hive_with_redis.py took 0.305 seconds
[2024-12-03T01:04:06.987+0000] {processor.py:186} INFO - Started process (PID=432) to work on /opt/airflow/dags/kafka_to_hive_with_redis.py
[2024-12-03T01:04:06.989+0000] {processor.py:914} INFO - Processing file /opt/airflow/dags/kafka_to_hive_with_redis.py for tasks to queue
[2024-12-03T01:04:06.993+0000] {logging_mixin.py:190} INFO - [2024-12-03T01:04:06.992+0000] {dagbag.py:588} INFO - Filling up the DagBag from /opt/airflow/dags/kafka_to_hive_with_redis.py
[2024-12-03T01:04:07.160+0000] {processor.py:927} WARNING - No viable dags retrieved from /opt/airflow/dags/kafka_to_hive_with_redis.py
[2024-12-03T01:04:07.204+0000] {processor.py:208} INFO - Processing /opt/airflow/dags/kafka_to_hive_with_redis.py took 0.229 seconds
[2024-12-03T01:04:12.399+0000] {processor.py:186} INFO - Started process (PID=433) to work on /opt/airflow/dags/kafka_to_hive_with_redis.py
[2024-12-03T01:04:12.403+0000] {processor.py:914} INFO - Processing file /opt/airflow/dags/kafka_to_hive_with_redis.py for tasks to queue
[2024-12-03T01:04:12.407+0000] {logging_mixin.py:190} INFO - [2024-12-03T01:04:12.406+0000] {dagbag.py:588} INFO - Filling up the DagBag from /opt/airflow/dags/kafka_to_hive_with_redis.py
[2024-12-03T01:04:12.713+0000] {processor.py:927} WARNING - No viable dags retrieved from /opt/airflow/dags/kafka_to_hive_with_redis.py
[2024-12-03T01:04:12.778+0000] {processor.py:208} INFO - Processing /opt/airflow/dags/kafka_to_hive_with_redis.py took 0.401 seconds
[2024-12-03T01:04:14.371+0000] {processor.py:186} INFO - Started process (PID=434) to work on /opt/airflow/dags/kafka_to_hive_with_redis.py
[2024-12-03T01:04:14.373+0000] {processor.py:914} INFO - Processing file /opt/airflow/dags/kafka_to_hive_with_redis.py for tasks to queue
[2024-12-03T01:04:14.377+0000] {logging_mixin.py:190} INFO - [2024-12-03T01:04:14.376+0000] {dagbag.py:588} INFO - Filling up the DagBag from /opt/airflow/dags/kafka_to_hive_with_redis.py
[2024-12-03T01:04:14.460+0000] {logging_mixin.py:190} INFO - [2024-12-03T01:04:14.455+0000] {dagbag.py:387} ERROR - Failed to import: /opt/airflow/dags/kafka_to_hive_with_redis.py
Traceback (most recent call last):
  File "/home/airflow/.local/lib/python3.12/site-packages/airflow/models/dagbag.py", line 383, in parse
    loader.exec_module(new_module)
  File "<frozen importlib._bootstrap_external>", line 991, in exec_module
  File "<frozen importlib._bootstrap_external>", line 1129, in get_code
  File "<frozen importlib._bootstrap_external>", line 1059, in source_to_code
  File "<frozen importlib._bootstrap>", line 488, in _call_with_frames_removed
  File "/opt/airflow/dags/kafka_to_hive_with_redis.py", line 87
    continue
            ^
IndentationError: unindent does not match any outer indentation level
[2024-12-03T01:04:14.462+0000] {processor.py:927} WARNING - No viable dags retrieved from /opt/airflow/dags/kafka_to_hive_with_redis.py
[2024-12-03T01:04:14.565+0000] {processor.py:208} INFO - Processing /opt/airflow/dags/kafka_to_hive_with_redis.py took 0.208 seconds
[2024-12-03T01:04:21.891+0000] {processor.py:186} INFO - Started process (PID=438) to work on /opt/airflow/dags/kafka_to_hive_with_redis.py
[2024-12-03T01:04:21.893+0000] {processor.py:914} INFO - Processing file /opt/airflow/dags/kafka_to_hive_with_redis.py for tasks to queue
[2024-12-03T01:04:21.896+0000] {logging_mixin.py:190} INFO - [2024-12-03T01:04:21.896+0000] {dagbag.py:588} INFO - Filling up the DagBag from /opt/airflow/dags/kafka_to_hive_with_redis.py
[2024-12-03T01:04:22.110+0000] {processor.py:927} WARNING - No viable dags retrieved from /opt/airflow/dags/kafka_to_hive_with_redis.py
[2024-12-03T01:04:22.213+0000] {processor.py:208} INFO - Processing /opt/airflow/dags/kafka_to_hive_with_redis.py took 0.334 seconds
[2024-12-03T01:04:25.841+0000] {processor.py:186} INFO - Started process (PID=440) to work on /opt/airflow/dags/kafka_to_hive_with_redis.py
[2024-12-03T01:04:25.843+0000] {processor.py:914} INFO - Processing file /opt/airflow/dags/kafka_to_hive_with_redis.py for tasks to queue
[2024-12-03T01:04:25.846+0000] {logging_mixin.py:190} INFO - [2024-12-03T01:04:25.845+0000] {dagbag.py:588} INFO - Filling up the DagBag from /opt/airflow/dags/kafka_to_hive_with_redis.py
[2024-12-03T01:04:26.193+0000] {processor.py:927} WARNING - No viable dags retrieved from /opt/airflow/dags/kafka_to_hive_with_redis.py
[2024-12-03T01:04:26.291+0000] {processor.py:208} INFO - Processing /opt/airflow/dags/kafka_to_hive_with_redis.py took 0.461 seconds
[2024-12-03T01:04:57.259+0000] {processor.py:186} INFO - Started process (PID=453) to work on /opt/airflow/dags/kafka_to_hive_with_redis.py
[2024-12-03T01:04:57.262+0000] {processor.py:914} INFO - Processing file /opt/airflow/dags/kafka_to_hive_with_redis.py for tasks to queue
[2024-12-03T01:04:57.265+0000] {logging_mixin.py:190} INFO - [2024-12-03T01:04:57.264+0000] {dagbag.py:588} INFO - Filling up the DagBag from /opt/airflow/dags/kafka_to_hive_with_redis.py
[2024-12-03T01:04:57.440+0000] {processor.py:927} WARNING - No viable dags retrieved from /opt/airflow/dags/kafka_to_hive_with_redis.py
[2024-12-03T01:04:57.500+0000] {processor.py:208} INFO - Processing /opt/airflow/dags/kafka_to_hive_with_redis.py took 0.251 seconds
[2024-12-03T01:05:27.730+0000] {processor.py:186} INFO - Started process (PID=465) to work on /opt/airflow/dags/kafka_to_hive_with_redis.py
[2024-12-03T01:05:27.733+0000] {processor.py:914} INFO - Processing file /opt/airflow/dags/kafka_to_hive_with_redis.py for tasks to queue
[2024-12-03T01:05:27.740+0000] {logging_mixin.py:190} INFO - [2024-12-03T01:05:27.738+0000] {dagbag.py:588} INFO - Filling up the DagBag from /opt/airflow/dags/kafka_to_hive_with_redis.py
[2024-12-03T01:05:27.963+0000] {processor.py:927} WARNING - No viable dags retrieved from /opt/airflow/dags/kafka_to_hive_with_redis.py
[2024-12-03T01:05:28.056+0000] {processor.py:208} INFO - Processing /opt/airflow/dags/kafka_to_hive_with_redis.py took 0.337 seconds
[2024-12-03T01:06:57.210+0000] {processor.py:186} INFO - Started process (PID=503) to work on /opt/airflow/dags/kafka_to_hive_with_redis.py
[2024-12-03T01:06:57.214+0000] {processor.py:914} INFO - Processing file /opt/airflow/dags/kafka_to_hive_with_redis.py for tasks to queue
[2024-12-03T01:06:57.227+0000] {logging_mixin.py:190} INFO - [2024-12-03T01:06:57.226+0000] {dagbag.py:588} INFO - Filling up the DagBag from /opt/airflow/dags/kafka_to_hive_with_redis.py
[2024-12-03T01:06:57.667+0000] {processor.py:927} WARNING - No viable dags retrieved from /opt/airflow/dags/kafka_to_hive_with_redis.py
[2024-12-03T01:06:57.824+0000] {processor.py:208} INFO - Processing /opt/airflow/dags/kafka_to_hive_with_redis.py took 0.631 seconds
[2024-12-03T01:07:29.422+0000] {processor.py:186} INFO - Started process (PID=516) to work on /opt/airflow/dags/kafka_to_hive_with_redis.py
[2024-12-03T01:07:29.424+0000] {processor.py:914} INFO - Processing file /opt/airflow/dags/kafka_to_hive_with_redis.py for tasks to queue
[2024-12-03T01:07:29.427+0000] {logging_mixin.py:190} INFO - [2024-12-03T01:07:29.426+0000] {dagbag.py:588} INFO - Filling up the DagBag from /opt/airflow/dags/kafka_to_hive_with_redis.py
[2024-12-03T01:07:29.643+0000] {processor.py:927} WARNING - No viable dags retrieved from /opt/airflow/dags/kafka_to_hive_with_redis.py
[2024-12-03T01:07:29.711+0000] {processor.py:208} INFO - Processing /opt/airflow/dags/kafka_to_hive_with_redis.py took 0.302 seconds
[2024-12-03T01:08:00.708+0000] {processor.py:186} INFO - Started process (PID=529) to work on /opt/airflow/dags/kafka_to_hive_with_redis.py
[2024-12-03T01:08:00.710+0000] {processor.py:914} INFO - Processing file /opt/airflow/dags/kafka_to_hive_with_redis.py for tasks to queue
[2024-12-03T01:08:00.713+0000] {logging_mixin.py:190} INFO - [2024-12-03T01:08:00.713+0000] {dagbag.py:588} INFO - Filling up the DagBag from /opt/airflow/dags/kafka_to_hive_with_redis.py
[2024-12-03T01:08:00.951+0000] {processor.py:927} WARNING - No viable dags retrieved from /opt/airflow/dags/kafka_to_hive_with_redis.py
[2024-12-03T01:08:01.024+0000] {processor.py:208} INFO - Processing /opt/airflow/dags/kafka_to_hive_with_redis.py took 0.331 seconds
[2024-12-03T01:08:31.254+0000] {processor.py:186} INFO - Started process (PID=542) to work on /opt/airflow/dags/kafka_to_hive_with_redis.py
[2024-12-03T01:08:31.257+0000] {processor.py:914} INFO - Processing file /opt/airflow/dags/kafka_to_hive_with_redis.py for tasks to queue
[2024-12-03T01:08:31.260+0000] {logging_mixin.py:190} INFO - [2024-12-03T01:08:31.259+0000] {dagbag.py:588} INFO - Filling up the DagBag from /opt/airflow/dags/kafka_to_hive_with_redis.py
[2024-12-03T01:08:31.454+0000] {processor.py:927} WARNING - No viable dags retrieved from /opt/airflow/dags/kafka_to_hive_with_redis.py
[2024-12-03T01:08:31.524+0000] {processor.py:208} INFO - Processing /opt/airflow/dags/kafka_to_hive_with_redis.py took 0.284 seconds
[2024-12-03T01:09:03.074+0000] {processor.py:186} INFO - Started process (PID=555) to work on /opt/airflow/dags/kafka_to_hive_with_redis.py
[2024-12-03T01:09:03.078+0000] {processor.py:914} INFO - Processing file /opt/airflow/dags/kafka_to_hive_with_redis.py for tasks to queue
[2024-12-03T01:09:03.087+0000] {logging_mixin.py:190} INFO - [2024-12-03T01:09:03.083+0000] {dagbag.py:588} INFO - Filling up the DagBag from /opt/airflow/dags/kafka_to_hive_with_redis.py
[2024-12-03T01:09:03.352+0000] {processor.py:927} WARNING - No viable dags retrieved from /opt/airflow/dags/kafka_to_hive_with_redis.py
[2024-12-03T01:09:03.416+0000] {processor.py:208} INFO - Processing /opt/airflow/dags/kafka_to_hive_with_redis.py took 0.355 seconds
[2024-12-03T01:09:34.426+0000] {processor.py:186} INFO - Started process (PID=568) to work on /opt/airflow/dags/kafka_to_hive_with_redis.py
[2024-12-03T01:09:34.430+0000] {processor.py:914} INFO - Processing file /opt/airflow/dags/kafka_to_hive_with_redis.py for tasks to queue
[2024-12-03T01:09:34.436+0000] {logging_mixin.py:190} INFO - [2024-12-03T01:09:34.435+0000] {dagbag.py:588} INFO - Filling up the DagBag from /opt/airflow/dags/kafka_to_hive_with_redis.py
[2024-12-03T01:09:34.634+0000] {processor.py:927} WARNING - No viable dags retrieved from /opt/airflow/dags/kafka_to_hive_with_redis.py
[2024-12-03T01:09:34.702+0000] {processor.py:208} INFO - Processing /opt/airflow/dags/kafka_to_hive_with_redis.py took 0.290 seconds
[2024-12-03T01:09:56.066+0000] {processor.py:186} INFO - Started process (PID=577) to work on /opt/airflow/dags/kafka_to_hive_with_redis.py
[2024-12-03T01:09:56.070+0000] {processor.py:914} INFO - Processing file /opt/airflow/dags/kafka_to_hive_with_redis.py for tasks to queue
[2024-12-03T01:09:56.073+0000] {logging_mixin.py:190} INFO - [2024-12-03T01:09:56.073+0000] {dagbag.py:588} INFO - Filling up the DagBag from /opt/airflow/dags/kafka_to_hive_with_redis.py
[2024-12-03T01:09:56.288+0000] {processor.py:927} WARNING - No viable dags retrieved from /opt/airflow/dags/kafka_to_hive_with_redis.py
[2024-12-03T01:09:56.369+0000] {processor.py:208} INFO - Processing /opt/airflow/dags/kafka_to_hive_with_redis.py took 0.313 seconds
[2024-12-03T01:10:28.176+0000] {processor.py:186} INFO - Started process (PID=590) to work on /opt/airflow/dags/kafka_to_hive_with_redis.py
[2024-12-03T01:10:28.180+0000] {processor.py:914} INFO - Processing file /opt/airflow/dags/kafka_to_hive_with_redis.py for tasks to queue
[2024-12-03T01:10:28.189+0000] {logging_mixin.py:190} INFO - [2024-12-03T01:10:28.187+0000] {dagbag.py:588} INFO - Filling up the DagBag from /opt/airflow/dags/kafka_to_hive_with_redis.py
[2024-12-03T01:10:28.505+0000] {processor.py:927} WARNING - No viable dags retrieved from /opt/airflow/dags/kafka_to_hive_with_redis.py
[2024-12-03T01:10:28.608+0000] {processor.py:208} INFO - Processing /opt/airflow/dags/kafka_to_hive_with_redis.py took 0.448 seconds
[2024-12-03T01:11:00.462+0000] {processor.py:186} INFO - Started process (PID=601) to work on /opt/airflow/dags/kafka_to_hive_with_redis.py
[2024-12-03T01:11:00.466+0000] {processor.py:914} INFO - Processing file /opt/airflow/dags/kafka_to_hive_with_redis.py for tasks to queue
[2024-12-03T01:11:00.470+0000] {logging_mixin.py:190} INFO - [2024-12-03T01:11:00.469+0000] {dagbag.py:588} INFO - Filling up the DagBag from /opt/airflow/dags/kafka_to_hive_with_redis.py
[2024-12-03T01:11:00.709+0000] {processor.py:927} WARNING - No viable dags retrieved from /opt/airflow/dags/kafka_to_hive_with_redis.py
[2024-12-03T01:11:00.760+0000] {processor.py:208} INFO - Processing /opt/airflow/dags/kafka_to_hive_with_redis.py took 0.312 seconds
[2024-12-03T01:13:30.802+0000] {processor.py:186} INFO - Started process (PID=630) to work on /opt/airflow/dags/kafka_to_hive_with_redis.py
[2024-12-03T01:13:30.806+0000] {processor.py:914} INFO - Processing file /opt/airflow/dags/kafka_to_hive_with_redis.py for tasks to queue
[2024-12-03T01:13:30.810+0000] {logging_mixin.py:190} INFO - [2024-12-03T01:13:30.809+0000] {dagbag.py:588} INFO - Filling up the DagBag from /opt/airflow/dags/kafka_to_hive_with_redis.py
[2024-12-03T01:13:31.225+0000] {processor.py:927} WARNING - No viable dags retrieved from /opt/airflow/dags/kafka_to_hive_with_redis.py
[2024-12-03T01:13:31.325+0000] {processor.py:208} INFO - Processing /opt/airflow/dags/kafka_to_hive_with_redis.py took 0.535 seconds
[2024-12-03T01:14:02.593+0000] {processor.py:186} INFO - Started process (PID=643) to work on /opt/airflow/dags/kafka_to_hive_with_redis.py
[2024-12-03T01:14:02.600+0000] {processor.py:914} INFO - Processing file /opt/airflow/dags/kafka_to_hive_with_redis.py for tasks to queue
[2024-12-03T01:14:02.610+0000] {logging_mixin.py:190} INFO - [2024-12-03T01:14:02.608+0000] {dagbag.py:588} INFO - Filling up the DagBag from /opt/airflow/dags/kafka_to_hive_with_redis.py
[2024-12-03T01:14:02.768+0000] {processor.py:927} WARNING - No viable dags retrieved from /opt/airflow/dags/kafka_to_hive_with_redis.py
[2024-12-03T01:14:02.808+0000] {processor.py:208} INFO - Processing /opt/airflow/dags/kafka_to_hive_with_redis.py took 0.237 seconds
[2024-12-03T01:14:33.273+0000] {processor.py:186} INFO - Started process (PID=656) to work on /opt/airflow/dags/kafka_to_hive_with_redis.py
[2024-12-03T01:14:33.276+0000] {processor.py:914} INFO - Processing file /opt/airflow/dags/kafka_to_hive_with_redis.py for tasks to queue
[2024-12-03T01:14:33.279+0000] {logging_mixin.py:190} INFO - [2024-12-03T01:14:33.278+0000] {dagbag.py:588} INFO - Filling up the DagBag from /opt/airflow/dags/kafka_to_hive_with_redis.py
[2024-12-03T01:14:33.492+0000] {processor.py:927} WARNING - No viable dags retrieved from /opt/airflow/dags/kafka_to_hive_with_redis.py
[2024-12-03T01:14:33.546+0000] {processor.py:208} INFO - Processing /opt/airflow/dags/kafka_to_hive_with_redis.py took 0.283 seconds
[2024-12-03T01:15:04.879+0000] {processor.py:186} INFO - Started process (PID=669) to work on /opt/airflow/dags/kafka_to_hive_with_redis.py
[2024-12-03T01:15:04.882+0000] {processor.py:914} INFO - Processing file /opt/airflow/dags/kafka_to_hive_with_redis.py for tasks to queue
[2024-12-03T01:15:04.888+0000] {logging_mixin.py:190} INFO - [2024-12-03T01:15:04.887+0000] {dagbag.py:588} INFO - Filling up the DagBag from /opt/airflow/dags/kafka_to_hive_with_redis.py
[2024-12-03T01:15:05.192+0000] {processor.py:927} WARNING - No viable dags retrieved from /opt/airflow/dags/kafka_to_hive_with_redis.py
[2024-12-03T01:15:05.309+0000] {processor.py:208} INFO - Processing /opt/airflow/dags/kafka_to_hive_with_redis.py took 0.442 seconds
[2024-12-03T01:15:36.400+0000] {processor.py:186} INFO - Started process (PID=682) to work on /opt/airflow/dags/kafka_to_hive_with_redis.py
[2024-12-03T01:15:36.405+0000] {processor.py:914} INFO - Processing file /opt/airflow/dags/kafka_to_hive_with_redis.py for tasks to queue
[2024-12-03T01:15:36.409+0000] {logging_mixin.py:190} INFO - [2024-12-03T01:15:36.408+0000] {dagbag.py:588} INFO - Filling up the DagBag from /opt/airflow/dags/kafka_to_hive_with_redis.py
[2024-12-03T01:15:36.624+0000] {processor.py:927} WARNING - No viable dags retrieved from /opt/airflow/dags/kafka_to_hive_with_redis.py
[2024-12-03T01:15:36.703+0000] {processor.py:208} INFO - Processing /opt/airflow/dags/kafka_to_hive_with_redis.py took 0.312 seconds
[2024-12-03T01:16:07.318+0000] {processor.py:186} INFO - Started process (PID=695) to work on /opt/airflow/dags/kafka_to_hive_with_redis.py
[2024-12-03T01:16:07.321+0000] {processor.py:914} INFO - Processing file /opt/airflow/dags/kafka_to_hive_with_redis.py for tasks to queue
[2024-12-03T01:16:07.325+0000] {logging_mixin.py:190} INFO - [2024-12-03T01:16:07.324+0000] {dagbag.py:588} INFO - Filling up the DagBag from /opt/airflow/dags/kafka_to_hive_with_redis.py
[2024-12-03T01:16:07.627+0000] {processor.py:927} WARNING - No viable dags retrieved from /opt/airflow/dags/kafka_to_hive_with_redis.py
[2024-12-03T01:16:07.746+0000] {processor.py:208} INFO - Processing /opt/airflow/dags/kafka_to_hive_with_redis.py took 0.440 seconds
[2024-12-03T01:16:38.701+0000] {processor.py:186} INFO - Started process (PID=708) to work on /opt/airflow/dags/kafka_to_hive_with_redis.py
[2024-12-03T01:16:38.706+0000] {processor.py:914} INFO - Processing file /opt/airflow/dags/kafka_to_hive_with_redis.py for tasks to queue
[2024-12-03T01:16:38.715+0000] {logging_mixin.py:190} INFO - [2024-12-03T01:16:38.713+0000] {dagbag.py:588} INFO - Filling up the DagBag from /opt/airflow/dags/kafka_to_hive_with_redis.py
[2024-12-03T01:16:39.077+0000] {processor.py:927} WARNING - No viable dags retrieved from /opt/airflow/dags/kafka_to_hive_with_redis.py
[2024-12-03T01:16:39.156+0000] {processor.py:208} INFO - Processing /opt/airflow/dags/kafka_to_hive_with_redis.py took 0.484 seconds
[2024-12-03T01:17:12.173+0000] {processor.py:186} INFO - Started process (PID=721) to work on /opt/airflow/dags/kafka_to_hive_with_redis.py
[2024-12-03T01:17:12.178+0000] {processor.py:914} INFO - Processing file /opt/airflow/dags/kafka_to_hive_with_redis.py for tasks to queue
[2024-12-03T01:17:12.187+0000] {logging_mixin.py:190} INFO - [2024-12-03T01:17:12.183+0000] {dagbag.py:588} INFO - Filling up the DagBag from /opt/airflow/dags/kafka_to_hive_with_redis.py
[2024-12-03T01:17:12.588+0000] {processor.py:927} WARNING - No viable dags retrieved from /opt/airflow/dags/kafka_to_hive_with_redis.py
[2024-12-03T01:17:12.705+0000] {processor.py:208} INFO - Processing /opt/airflow/dags/kafka_to_hive_with_redis.py took 0.548 seconds
[2024-12-03T01:17:39.986+0000] {processor.py:186} INFO - Started process (PID=732) to work on /opt/airflow/dags/kafka_to_hive_with_redis.py
[2024-12-03T01:17:39.989+0000] {processor.py:914} INFO - Processing file /opt/airflow/dags/kafka_to_hive_with_redis.py for tasks to queue
[2024-12-03T01:17:39.992+0000] {logging_mixin.py:190} INFO - [2024-12-03T01:17:39.992+0000] {dagbag.py:588} INFO - Filling up the DagBag from /opt/airflow/dags/kafka_to_hive_with_redis.py
[2024-12-03T01:17:40.205+0000] {processor.py:927} WARNING - No viable dags retrieved from /opt/airflow/dags/kafka_to_hive_with_redis.py
[2024-12-03T01:17:40.261+0000] {processor.py:208} INFO - Processing /opt/airflow/dags/kafka_to_hive_with_redis.py took 0.287 seconds
[2024-12-03T01:18:05.440+0000] {processor.py:186} INFO - Started process (PID=741) to work on /opt/airflow/dags/kafka_to_hive_with_redis.py
[2024-12-03T01:18:05.441+0000] {processor.py:914} INFO - Processing file /opt/airflow/dags/kafka_to_hive_with_redis.py for tasks to queue
[2024-12-03T01:18:05.443+0000] {logging_mixin.py:190} INFO - [2024-12-03T01:18:05.443+0000] {dagbag.py:588} INFO - Filling up the DagBag from /opt/airflow/dags/kafka_to_hive_with_redis.py
[2024-12-03T01:18:05.612+0000] {processor.py:927} WARNING - No viable dags retrieved from /opt/airflow/dags/kafka_to_hive_with_redis.py
[2024-12-03T01:18:05.653+0000] {processor.py:208} INFO - Processing /opt/airflow/dags/kafka_to_hive_with_redis.py took 0.222 seconds
[2024-12-03T01:18:21.622+0000] {processor.py:186} INFO - Started process (PID=748) to work on /opt/airflow/dags/kafka_to_hive_with_redis.py
[2024-12-03T01:18:21.624+0000] {processor.py:914} INFO - Processing file /opt/airflow/dags/kafka_to_hive_with_redis.py for tasks to queue
[2024-12-03T01:18:21.627+0000] {logging_mixin.py:190} INFO - [2024-12-03T01:18:21.626+0000] {dagbag.py:588} INFO - Filling up the DagBag from /opt/airflow/dags/kafka_to_hive_with_redis.py
[2024-12-03T01:18:21.863+0000] {processor.py:927} WARNING - No viable dags retrieved from /opt/airflow/dags/kafka_to_hive_with_redis.py
[2024-12-03T01:18:21.930+0000] {processor.py:208} INFO - Processing /opt/airflow/dags/kafka_to_hive_with_redis.py took 0.319 seconds
[2024-12-03T01:18:27.542+0000] {processor.py:186} INFO - Started process (PID=751) to work on /opt/airflow/dags/kafka_to_hive_with_redis.py
[2024-12-03T01:18:27.545+0000] {processor.py:914} INFO - Processing file /opt/airflow/dags/kafka_to_hive_with_redis.py for tasks to queue
[2024-12-03T01:18:27.561+0000] {logging_mixin.py:190} INFO - [2024-12-03T01:18:27.557+0000] {dagbag.py:588} INFO - Filling up the DagBag from /opt/airflow/dags/kafka_to_hive_with_redis.py
[2024-12-03T01:18:27.917+0000] {processor.py:927} WARNING - No viable dags retrieved from /opt/airflow/dags/kafka_to_hive_with_redis.py
[2024-12-03T01:18:27.977+0000] {processor.py:208} INFO - Processing /opt/airflow/dags/kafka_to_hive_with_redis.py took 0.450 seconds
[2024-12-03T01:19:00.111+0000] {processor.py:186} INFO - Started process (PID=764) to work on /opt/airflow/dags/kafka_to_hive_with_redis.py
[2024-12-03T01:19:00.114+0000] {processor.py:914} INFO - Processing file /opt/airflow/dags/kafka_to_hive_with_redis.py for tasks to queue
[2024-12-03T01:19:00.126+0000] {logging_mixin.py:190} INFO - [2024-12-03T01:19:00.124+0000] {dagbag.py:588} INFO - Filling up the DagBag from /opt/airflow/dags/kafka_to_hive_with_redis.py
[2024-12-03T01:19:00.458+0000] {processor.py:927} WARNING - No viable dags retrieved from /opt/airflow/dags/kafka_to_hive_with_redis.py
[2024-12-03T01:19:00.521+0000] {processor.py:208} INFO - Processing /opt/airflow/dags/kafka_to_hive_with_redis.py took 0.418 seconds
[2024-12-03T01:19:31.991+0000] {processor.py:186} INFO - Started process (PID=777) to work on /opt/airflow/dags/kafka_to_hive_with_redis.py
[2024-12-03T01:19:31.995+0000] {processor.py:914} INFO - Processing file /opt/airflow/dags/kafka_to_hive_with_redis.py for tasks to queue
[2024-12-03T01:19:32.002+0000] {logging_mixin.py:190} INFO - [2024-12-03T01:19:32.001+0000] {dagbag.py:588} INFO - Filling up the DagBag from /opt/airflow/dags/kafka_to_hive_with_redis.py
[2024-12-03T01:19:32.304+0000] {processor.py:927} WARNING - No viable dags retrieved from /opt/airflow/dags/kafka_to_hive_with_redis.py
[2024-12-03T01:19:32.403+0000] {processor.py:208} INFO - Processing /opt/airflow/dags/kafka_to_hive_with_redis.py took 0.429 seconds
[2024-12-03T01:20:03.048+0000] {processor.py:186} INFO - Started process (PID=790) to work on /opt/airflow/dags/kafka_to_hive_with_redis.py
[2024-12-03T01:20:03.050+0000] {processor.py:914} INFO - Processing file /opt/airflow/dags/kafka_to_hive_with_redis.py for tasks to queue
[2024-12-03T01:20:03.052+0000] {logging_mixin.py:190} INFO - [2024-12-03T01:20:03.052+0000] {dagbag.py:588} INFO - Filling up the DagBag from /opt/airflow/dags/kafka_to_hive_with_redis.py
[2024-12-03T01:20:03.155+0000] {processor.py:927} WARNING - No viable dags retrieved from /opt/airflow/dags/kafka_to_hive_with_redis.py
[2024-12-03T01:20:03.186+0000] {processor.py:208} INFO - Processing /opt/airflow/dags/kafka_to_hive_with_redis.py took 0.145 seconds
[2024-12-03T01:20:34.463+0000] {processor.py:186} INFO - Started process (PID=803) to work on /opt/airflow/dags/kafka_to_hive_with_redis.py
[2024-12-03T01:20:34.465+0000] {processor.py:914} INFO - Processing file /opt/airflow/dags/kafka_to_hive_with_redis.py for tasks to queue
[2024-12-03T01:20:34.468+0000] {logging_mixin.py:190} INFO - [2024-12-03T01:20:34.467+0000] {dagbag.py:588} INFO - Filling up the DagBag from /opt/airflow/dags/kafka_to_hive_with_redis.py
[2024-12-03T01:20:34.597+0000] {processor.py:927} WARNING - No viable dags retrieved from /opt/airflow/dags/kafka_to_hive_with_redis.py
[2024-12-03T01:20:34.631+0000] {processor.py:208} INFO - Processing /opt/airflow/dags/kafka_to_hive_with_redis.py took 0.173 seconds
[2024-12-03T01:21:06.854+0000] {processor.py:186} INFO - Started process (PID=816) to work on /opt/airflow/dags/kafka_to_hive_with_redis.py
[2024-12-03T01:21:06.858+0000] {processor.py:914} INFO - Processing file /opt/airflow/dags/kafka_to_hive_with_redis.py for tasks to queue
[2024-12-03T01:21:06.861+0000] {logging_mixin.py:190} INFO - [2024-12-03T01:21:06.860+0000] {dagbag.py:588} INFO - Filling up the DagBag from /opt/airflow/dags/kafka_to_hive_with_redis.py
[2024-12-03T01:21:07.141+0000] {processor.py:927} WARNING - No viable dags retrieved from /opt/airflow/dags/kafka_to_hive_with_redis.py
[2024-12-03T01:21:07.247+0000] {processor.py:208} INFO - Processing /opt/airflow/dags/kafka_to_hive_with_redis.py took 0.413 seconds
[2024-12-03T01:21:38.512+0000] {processor.py:186} INFO - Started process (PID=829) to work on /opt/airflow/dags/kafka_to_hive_with_redis.py
[2024-12-03T01:21:38.514+0000] {processor.py:914} INFO - Processing file /opt/airflow/dags/kafka_to_hive_with_redis.py for tasks to queue
[2024-12-03T01:21:38.518+0000] {logging_mixin.py:190} INFO - [2024-12-03T01:21:38.516+0000] {dagbag.py:588} INFO - Filling up the DagBag from /opt/airflow/dags/kafka_to_hive_with_redis.py
[2024-12-03T01:21:38.685+0000] {processor.py:927} WARNING - No viable dags retrieved from /opt/airflow/dags/kafka_to_hive_with_redis.py
[2024-12-03T01:21:38.749+0000] {processor.py:208} INFO - Processing /opt/airflow/dags/kafka_to_hive_with_redis.py took 0.246 seconds
[2024-12-03T01:22:09.433+0000] {processor.py:186} INFO - Started process (PID=842) to work on /opt/airflow/dags/kafka_to_hive_with_redis.py
[2024-12-03T01:22:09.438+0000] {processor.py:914} INFO - Processing file /opt/airflow/dags/kafka_to_hive_with_redis.py for tasks to queue
[2024-12-03T01:22:09.445+0000] {logging_mixin.py:190} INFO - [2024-12-03T01:22:09.443+0000] {dagbag.py:588} INFO - Filling up the DagBag from /opt/airflow/dags/kafka_to_hive_with_redis.py
[2024-12-03T01:22:09.804+0000] {processor.py:927} WARNING - No viable dags retrieved from /opt/airflow/dags/kafka_to_hive_with_redis.py
[2024-12-03T01:22:09.871+0000] {processor.py:208} INFO - Processing /opt/airflow/dags/kafka_to_hive_with_redis.py took 0.457 seconds
[2024-12-03T01:29:05.673+0000] {processor.py:186} INFO - Started process (PID=869) to work on /opt/airflow/dags/kafka_to_hive_with_redis.py
[2024-12-03T01:29:05.675+0000] {processor.py:914} INFO - Processing file /opt/airflow/dags/kafka_to_hive_with_redis.py for tasks to queue
[2024-12-03T01:29:05.678+0000] {logging_mixin.py:190} INFO - [2024-12-03T01:29:05.678+0000] {dagbag.py:588} INFO - Filling up the DagBag from /opt/airflow/dags/kafka_to_hive_with_redis.py
[2024-12-03T01:29:06.015+0000] {processor.py:927} WARNING - No viable dags retrieved from /opt/airflow/dags/kafka_to_hive_with_redis.py
[2024-12-03T01:29:06.067+0000] {processor.py:208} INFO - Processing /opt/airflow/dags/kafka_to_hive_with_redis.py took 0.405 seconds
[2024-12-03T01:29:24.101+0000] {processor.py:186} INFO - Started process (PID=882) to work on /opt/airflow/dags/kafka_to_hive_with_redis.py
[2024-12-03T01:29:24.106+0000] {processor.py:914} INFO - Processing file /opt/airflow/dags/kafka_to_hive_with_redis.py for tasks to queue
[2024-12-03T01:29:24.110+0000] {logging_mixin.py:190} INFO - [2024-12-03T01:29:24.109+0000] {dagbag.py:588} INFO - Filling up the DagBag from /opt/airflow/dags/kafka_to_hive_with_redis.py
[2024-12-03T01:29:24.402+0000] {processor.py:927} WARNING - No viable dags retrieved from /opt/airflow/dags/kafka_to_hive_with_redis.py
[2024-12-03T01:29:24.440+0000] {processor.py:208} INFO - Processing /opt/airflow/dags/kafka_to_hive_with_redis.py took 0.356 seconds
[2024-12-03T01:29:25.476+0000] {processor.py:186} INFO - Started process (PID=883) to work on /opt/airflow/dags/kafka_to_hive_with_redis.py
[2024-12-03T01:29:25.478+0000] {processor.py:914} INFO - Processing file /opt/airflow/dags/kafka_to_hive_with_redis.py for tasks to queue
[2024-12-03T01:29:25.480+0000] {logging_mixin.py:190} INFO - [2024-12-03T01:29:25.480+0000] {dagbag.py:588} INFO - Filling up the DagBag from /opt/airflow/dags/kafka_to_hive_with_redis.py
[2024-12-03T01:29:25.642+0000] {processor.py:927} WARNING - No viable dags retrieved from /opt/airflow/dags/kafka_to_hive_with_redis.py
[2024-12-03T01:29:25.680+0000] {processor.py:208} INFO - Processing /opt/airflow/dags/kafka_to_hive_with_redis.py took 0.211 seconds
[2024-12-03T01:29:29.370+0000] {processor.py:186} INFO - Started process (PID=884) to work on /opt/airflow/dags/kafka_to_hive_with_redis.py
[2024-12-03T01:29:29.372+0000] {processor.py:914} INFO - Processing file /opt/airflow/dags/kafka_to_hive_with_redis.py for tasks to queue
[2024-12-03T01:29:29.376+0000] {logging_mixin.py:190} INFO - [2024-12-03T01:29:29.375+0000] {dagbag.py:588} INFO - Filling up the DagBag from /opt/airflow/dags/kafka_to_hive_with_redis.py
[2024-12-03T01:29:29.568+0000] {processor.py:927} WARNING - No viable dags retrieved from /opt/airflow/dags/kafka_to_hive_with_redis.py
[2024-12-03T01:29:29.625+0000] {processor.py:208} INFO - Processing /opt/airflow/dags/kafka_to_hive_with_redis.py took 0.264 seconds
[2024-12-03T01:29:59.952+0000] {processor.py:186} INFO - Started process (PID=897) to work on /opt/airflow/dags/kafka_to_hive_with_redis.py
[2024-12-03T01:29:59.954+0000] {processor.py:914} INFO - Processing file /opt/airflow/dags/kafka_to_hive_with_redis.py for tasks to queue
[2024-12-03T01:29:59.956+0000] {logging_mixin.py:190} INFO - [2024-12-03T01:29:59.956+0000] {dagbag.py:588} INFO - Filling up the DagBag from /opt/airflow/dags/kafka_to_hive_with_redis.py
[2024-12-03T01:30:00.059+0000] {processor.py:927} WARNING - No viable dags retrieved from /opt/airflow/dags/kafka_to_hive_with_redis.py
[2024-12-03T01:30:00.088+0000] {processor.py:208} INFO - Processing /opt/airflow/dags/kafka_to_hive_with_redis.py took 0.142 seconds
