[2024-12-02T01:45:48.444+0000] {local_task_job_runner.py:123} INFO - ::group::Pre task execution logs
[2024-12-02T01:45:48.487+0000] {taskinstance.py:2613} INFO - Dependencies all met for dep_context=non-requeueable deps ti=<TaskInstance: batch_views_creation_dag.create_gender_sales_summary manual__2024-12-02T01:45:37.262868+00:00 [queued]>
[2024-12-02T01:45:48.512+0000] {taskinstance.py:2613} INFO - Dependencies all met for dep_context=requeueable deps ti=<TaskInstance: batch_views_creation_dag.create_gender_sales_summary manual__2024-12-02T01:45:37.262868+00:00 [queued]>
[2024-12-02T01:45:48.513+0000] {taskinstance.py:2866} INFO - Starting attempt 1 of 2
[2024-12-02T01:45:48.598+0000] {taskinstance.py:2889} INFO - Executing <Task(PythonOperator): create_gender_sales_summary> on 2024-12-02 01:45:37.262868+00:00
[2024-12-02T01:45:48.605+0000] {standard_task_runner.py:72} INFO - Started process 1787 to run task
[2024-12-02T01:45:48.610+0000] {standard_task_runner.py:104} INFO - Running: ['airflow', 'tasks', 'run', 'batch_views_creation_dag', 'create_gender_sales_summary', 'manual__2024-12-02T01:45:37.262868+00:00', '--job-id', '117', '--raw', '--subdir', 'DAGS_FOLDER/batch_views.py', '--cfg-path', '/tmp/tmpt4t9da54']
[2024-12-02T01:45:48.613+0000] {standard_task_runner.py:105} INFO - Job 117: Subtask create_gender_sales_summary
[2024-12-02T01:45:48.816+0000] {task_command.py:467} INFO - Running <TaskInstance: batch_views_creation_dag.create_gender_sales_summary manual__2024-12-02T01:45:37.262868+00:00 [running]> on host 45770b1a429e
[2024-12-02T01:45:49.078+0000] {taskinstance.py:3132} INFO - Exporting env vars: AIRFLOW_CTX_DAG_OWNER='airflow' AIRFLOW_CTX_DAG_ID='batch_views_creation_dag' AIRFLOW_CTX_TASK_ID='create_gender_sales_summary' AIRFLOW_CTX_EXECUTION_DATE='2024-12-02T01:45:37.262868+00:00' AIRFLOW_CTX_TRY_NUMBER='1' AIRFLOW_CTX_DAG_RUN_ID='manual__2024-12-02T01:45:37.262868+00:00'
[2024-12-02T01:45:49.081+0000] {taskinstance.py:731} INFO - ::endgroup::
[2024-12-02T01:45:49.226+0000] {hive.py:475} INFO - USE `default`
[2024-12-02T01:45:49.316+0000] {hive.py:475} INFO - 
        CREATE TABLE IF NOT EXISTS gender_sales_summary
        STORED AS PARQUET
        AS
        SELECT
            gender,
            SUM(total) AS total_sales,
            COUNT(DISTINCT invoice_id) AS total_invoices
        FROM
            sales
        GROUP BY
            gender
    
[2024-12-02T01:45:49.351+0000] {batch_views.py:106} INFO - Created gender_sales_summary view
[2024-12-02T01:45:49.376+0000] {python.py:240} INFO - Done. Returned value was: None
[2024-12-02T01:45:49.404+0000] {taskinstance.py:340} INFO - ::group::Post task execution logs
[2024-12-02T01:45:49.406+0000] {taskinstance.py:352} INFO - Marking task as SUCCESS. dag_id=batch_views_creation_dag, task_id=create_gender_sales_summary, run_id=manual__2024-12-02T01:45:37.262868+00:00, execution_date=20241202T014537, start_date=20241202T014548, end_date=20241202T014549
[2024-12-02T01:45:49.512+0000] {local_task_job_runner.py:266} INFO - Task exited with return code 0
[2024-12-02T01:45:49.590+0000] {taskinstance.py:3895} INFO - 1 downstream tasks scheduled from follow-on schedule check
[2024-12-02T01:45:49.619+0000] {local_task_job_runner.py:245} INFO - ::endgroup::
