[2024-12-01T15:52:31.697+0000] {local_task_job_runner.py:123} INFO - ::group::Pre task execution logs
[2024-12-01T15:52:31.731+0000] {taskinstance.py:2613} INFO - Dependencies all met for dep_context=non-requeueable deps ti=<TaskInstance: dag_tohive.process_task_tohive manual__2024-12-01T15:52:24.720069+00:00 [queued]>
[2024-12-01T15:52:31.752+0000] {taskinstance.py:2613} INFO - Dependencies all met for dep_context=requeueable deps ti=<TaskInstance: dag_tohive.process_task_tohive manual__2024-12-01T15:52:24.720069+00:00 [queued]>
[2024-12-01T15:52:31.754+0000] {taskinstance.py:2866} INFO - Starting attempt 1 of 1
[2024-12-01T15:52:31.816+0000] {taskinstance.py:2889} INFO - Executing <Task(PythonOperator): process_task_tohive> on 2024-12-01 15:52:24.720069+00:00
[2024-12-01T15:52:31.850+0000] {logging_mixin.py:190} WARNING - /home/airflow/.local/lib/python3.12/site-packages/airflow/task/task_runner/standard_task_runner.py:70 DeprecationWarning: This process (pid=2443) is multi-threaded, use of fork() may lead to deadlocks in the child.
[2024-12-01T15:52:31.844+0000] {standard_task_runner.py:104} INFO - Running: ['airflow', 'tasks', 'run', 'dag_tohive', 'process_task_tohive', 'manual__2024-12-01T15:52:24.720069+00:00', '--job-id', '54', '--raw', '--subdir', 'DAGS_FOLDER/dag_tohive.py', '--cfg-path', '/tmp/tmpu5w8fqat']
[2024-12-01T15:52:31.852+0000] {standard_task_runner.py:72} INFO - Started process 2457 to run task
[2024-12-01T15:52:31.853+0000] {standard_task_runner.py:105} INFO - Job 54: Subtask process_task_tohive
[2024-12-01T15:52:32.178+0000] {task_command.py:467} INFO - Running <TaskInstance: dag_tohive.process_task_tohive manual__2024-12-01T15:52:24.720069+00:00 [running]> on host 45770b1a429e
[2024-12-01T15:52:32.473+0000] {taskinstance.py:3132} INFO - Exporting env vars: AIRFLOW_CTX_DAG_OWNER='admin' AIRFLOW_CTX_DAG_ID='dag_tohive' AIRFLOW_CTX_TASK_ID='process_task_tohive' AIRFLOW_CTX_EXECUTION_DATE='2024-12-01T15:52:24.720069+00:00' AIRFLOW_CTX_TRY_NUMBER='1' AIRFLOW_CTX_DAG_RUN_ID='manual__2024-12-01T15:52:24.720069+00:00'
[2024-12-01T15:52:32.477+0000] {taskinstance.py:731} INFO - ::endgroup::
[2024-12-01T15:52:33.538+0000] {dag_tohive.py:22} INFO - Message delivered to tohive [0]
[2024-12-01T15:52:33.539+0000] {dag_tohive.py:22} INFO - Message delivered to tohive [0]
[2024-12-01T15:52:33.540+0000] {dag_tohive.py:22} INFO - Message delivered to tohive [0]
[2024-12-01T15:52:33.541+0000] {dag_tohive.py:22} INFO - Message delivered to tohive [0]
[2024-12-01T15:52:33.542+0000] {dag_tohive.py:22} INFO - Message delivered to tohive [0]
[2024-12-01T15:52:33.543+0000] {dag_tohive.py:22} INFO - Message delivered to tohive [0]
[2024-12-01T15:52:33.544+0000] {dag_tohive.py:22} INFO - Message delivered to tohive [0]
[2024-12-01T15:52:33.544+0000] {dag_tohive.py:22} INFO - Message delivered to tohive [0]
[2024-12-01T15:52:33.545+0000] {dag_tohive.py:22} INFO - Message delivered to tohive [0]
[2024-12-01T15:52:33.546+0000] {dag_tohive.py:74} INFO - Toutes les données de test.csv ont été publiées avec succès.
[2024-12-01T15:52:33.548+0000] {python.py:240} INFO - Done. Returned value was: None
[2024-12-01T15:52:33.573+0000] {taskinstance.py:340} INFO - ::group::Post task execution logs
[2024-12-01T15:52:33.574+0000] {taskinstance.py:352} INFO - Marking task as SUCCESS. dag_id=dag_tohive, task_id=process_task_tohive, run_id=manual__2024-12-01T15:52:24.720069+00:00, execution_date=20241201T155224, start_date=20241201T155231, end_date=20241201T155233
[2024-12-01T15:52:33.645+0000] {local_task_job_runner.py:266} INFO - Task exited with return code 0
[2024-12-01T15:52:33.673+0000] {taskinstance.py:3895} INFO - 0 downstream tasks scheduled from follow-on schedule check
[2024-12-01T15:52:33.676+0000] {local_task_job_runner.py:245} INFO - ::endgroup::
