[2024-12-02T14:00:41.697+0000] {local_task_job_runner.py:123} INFO - ::group::Pre task execution logs
[2024-12-02T14:00:41.730+0000] {taskinstance.py:2613} INFO - Dependencies all met for dep_context=non-requeueable deps ti=<TaskInstance: kafka_hive_pipeline.produce_to_kafka manual__2024-12-02T14:00:26.702204+00:00 [queued]>
[2024-12-02T14:00:41.753+0000] {taskinstance.py:2613} INFO - Dependencies all met for dep_context=requeueable deps ti=<TaskInstance: kafka_hive_pipeline.produce_to_kafka manual__2024-12-02T14:00:26.702204+00:00 [queued]>
[2024-12-02T14:00:41.754+0000] {taskinstance.py:2866} INFO - Starting attempt 1 of 1
[2024-12-02T14:00:41.818+0000] {taskinstance.py:2889} INFO - Executing <Task(PythonOperator): produce_to_kafka> on 2024-12-02 14:00:26.702204+00:00
[2024-12-02T14:00:41.837+0000] {standard_task_runner.py:104} INFO - Running: ['airflow', 'tasks', 'run', 'kafka_hive_pipeline', 'produce_to_kafka', 'manual__2024-12-02T14:00:26.702204+00:00', '--job-id', '140', '--raw', '--subdir', 'DAGS_FOLDER/gestion_airflow.py', '--cfg-path', '/tmp/tmpyhticvkk']
[2024-12-02T14:00:41.846+0000] {logging_mixin.py:190} WARNING - /home/airflow/.local/lib/python3.12/site-packages/airflow/task/task_runner/standard_task_runner.py:70 DeprecationWarning: This process (pid=1436) is multi-threaded, use of fork() may lead to deadlocks in the child.
[2024-12-02T14:00:41.848+0000] {standard_task_runner.py:105} INFO - Job 140: Subtask produce_to_kafka
[2024-12-02T14:00:41.849+0000] {standard_task_runner.py:72} INFO - Started process 1450 to run task
[2024-12-02T14:00:42.074+0000] {task_command.py:467} INFO - Running <TaskInstance: kafka_hive_pipeline.produce_to_kafka manual__2024-12-02T14:00:26.702204+00:00 [running]> on host 45770b1a429e
[2024-12-02T14:00:42.377+0000] {taskinstance.py:3132} INFO - Exporting env vars: AIRFLOW_CTX_DAG_OWNER='airflow' AIRFLOW_CTX_DAG_ID='kafka_hive_pipeline' AIRFLOW_CTX_TASK_ID='produce_to_kafka' AIRFLOW_CTX_EXECUTION_DATE='2024-12-02T14:00:26.702204+00:00' AIRFLOW_CTX_TRY_NUMBER='1' AIRFLOW_CTX_DAG_RUN_ID='manual__2024-12-02T14:00:26.702204+00:00'
[2024-12-02T14:00:42.379+0000] {taskinstance.py:731} INFO - ::endgroup::
[2024-12-02T14:00:42.631+0000] {csv_to_kafka_with_redis.py:50} INFO - Loaded CSV Data:
    Invoice ID Branch       City  ... gross margin percentage gross income Rating
0  750-67-8428      A     Yangon  ...                4.761905      26.1415    9.1
1  226-31-3081      C  Naypyitaw  ...                4.761905       3.8200    9.6
2  631-41-3108      A     Yangon  ...                4.761905      16.2155    7.4
3  123-19-1176      A     Yangon  ...                4.761905      23.2880    8.4
4  373-73-7910      A     Yangon  ...                4.761905      30.2085    5.3

[5 rows x 17 columns]
[2024-12-02T14:00:42.633+0000] {csv_to_kafka_with_redis.py:84} INFO - Row data before serialization: {'id': 'c5381a90-70f3-469a-bf97-1e8edbdb7038', 'invoice_id': '750-67-8428', 'branch': 'A', 'city': 'Yangon', 'customer_type': 'Member', 'gender': 'Female', 'product_line': 'Health and beauty', 'unit_price': 74.69, 'quantity': 7, 'tax_5_percent': 26.1415, 'total': 548.9715, 'date': '1/5/2019', 'time': '13:08', 'payment': 'Ewallet', 'cogs': 522.83, 'gross_margin_percentage': 4.761904762, 'gross_income': 26.1415, 'rating': 9.1}
[2024-12-02T14:00:43.505+0000] {csv_to_kafka_with_redis.py:84} INFO - Row data before serialization: {'id': 'e1eea62e-ed72-4185-bd60-087d2670fc68', 'invoice_id': '226-31-3081', 'branch': 'C', 'city': 'Naypyitaw', 'customer_type': 'Normal', 'gender': 'Female', 'product_line': 'Electronic accessories', 'unit_price': 15.28, 'quantity': 5, 'tax_5_percent': 3.82, 'total': 80.22, 'date': '3/8/2019', 'time': '10:29', 'payment': 'Cash', 'cogs': 76.4, 'gross_margin_percentage': 4.761904762, 'gross_income': 3.82, 'rating': 9.6}
[2024-12-02T14:00:43.508+0000] {csv_to_kafka_with_redis.py:84} INFO - Row data before serialization: {'id': '3e926c7e-8f56-4d90-aaee-0f9cdc6e5a5c', 'invoice_id': '631-41-3108', 'branch': 'A', 'city': 'Yangon', 'customer_type': 'Normal', 'gender': 'Male', 'product_line': 'Home and lifestyle', 'unit_price': 46.33, 'quantity': 7, 'tax_5_percent': 16.2155, 'total': 340.5255, 'date': '3/3/2019', 'time': '13:23', 'payment': 'Credit card', 'cogs': 324.31, 'gross_margin_percentage': 4.761904762, 'gross_income': 16.2155, 'rating': 7.4}
[2024-12-02T14:00:43.509+0000] {csv_to_kafka_with_redis.py:84} INFO - Row data before serialization: {'id': '2a703596-822f-44dc-aec7-8a2fbc1a7ef0', 'invoice_id': '123-19-1176', 'branch': 'A', 'city': 'Yangon', 'customer_type': 'Member', 'gender': 'Male', 'product_line': 'Health and beauty', 'unit_price': 58.22, 'quantity': 8, 'tax_5_percent': 23.288, 'total': 489.048, 'date': '1/27/2019', 'time': '20:33', 'payment': 'Ewallet', 'cogs': 465.76, 'gross_margin_percentage': 4.761904762, 'gross_income': 23.288, 'rating': 8.4}
[2024-12-02T14:00:43.510+0000] {csv_to_kafka_with_redis.py:84} INFO - Row data before serialization: {'id': '7e06c29a-755d-4b2b-98ee-e64d7d72f8ae', 'invoice_id': '373-73-7910', 'branch': 'A', 'city': 'Yangon', 'customer_type': 'Normal', 'gender': 'Male', 'product_line': 'Sports and travel', 'unit_price': 86.31, 'quantity': 7, 'tax_5_percent': 30.2085, 'total': 634.3785, 'date': '2/8/2019', 'time': '10:37', 'payment': 'Ewallet', 'cogs': 604.17, 'gross_margin_percentage': 4.761904762, 'gross_income': 30.2085, 'rating': 5.3}
[2024-12-02T14:00:43.512+0000] {csv_to_kafka_with_redis.py:84} INFO - Row data before serialization: {'id': 'd6ed5050-4e51-45ae-8cb8-7c021b70339a', 'invoice_id': '699-14-3026', 'branch': 'C', 'city': 'Naypyitaw', 'customer_type': 'Normal', 'gender': 'Male', 'product_line': 'Electronic accessories', 'unit_price': 85.39, 'quantity': 7, 'tax_5_percent': 29.8865, 'total': 627.6165, 'date': '3/25/2019', 'time': '18:30', 'payment': 'Ewallet', 'cogs': 597.73, 'gross_margin_percentage': 4.761904762, 'gross_income': 29.8865, 'rating': 4.1}
[2024-12-02T14:00:43.514+0000] {csv_to_kafka_with_redis.py:84} INFO - Row data before serialization: {'id': '733e92dd-44fc-4f0f-a94e-cabfec19a1cb', 'invoice_id': '355-53-5943', 'branch': 'A', 'city': 'Yangon', 'customer_type': 'Member', 'gender': 'Female', 'product_line': 'Electronic accessories', 'unit_price': 68.84, 'quantity': 6, 'tax_5_percent': 20.652, 'total': 433.692, 'date': '2/25/2019', 'time': '14:36', 'payment': 'Ewallet', 'cogs': 413.04, 'gross_margin_percentage': 4.761904762, 'gross_income': 20.652, 'rating': 5.8}
[2024-12-02T14:00:43.515+0000] {csv_to_kafka_with_redis.py:84} INFO - Row data before serialization: {'id': '04457554-62fd-4683-9f18-03936f7a8583', 'invoice_id': '315-22-5665', 'branch': 'C', 'city': 'Naypyitaw', 'customer_type': 'Normal', 'gender': 'Female', 'product_line': 'Home and lifestyle', 'unit_price': 73.56, 'quantity': 10, 'tax_5_percent': 36.78, 'total': 772.38, 'date': '2/24/2019', 'time': '11:38', 'payment': 'Ewallet', 'cogs': 735.6, 'gross_margin_percentage': 4.761904762, 'gross_income': 36.78, 'rating': 8.0}
[2024-12-02T14:00:43.517+0000] {csv_to_kafka_with_redis.py:84} INFO - Row data before serialization: {'id': '227b4869-d6d9-417f-b775-fad186eac877', 'invoice_id': '665-32-9167', 'branch': 'A', 'city': 'Yangon', 'customer_type': 'Member', 'gender': 'Female', 'product_line': 'Health and beauty', 'unit_price': 36.26, 'quantity': 2, 'tax_5_percent': 3.626, 'total': 76.146, 'date': '1/10/2019', 'time': '17:15', 'payment': 'Credit card', 'cogs': 72.52, 'gross_margin_percentage': 4.761904762, 'gross_income': 3.626, 'rating': 7.2}
[2024-12-02T14:00:43.519+0000] {csv_to_kafka_with_redis.py:84} INFO - Row data before serialization: {'id': '1dbd22ad-adb8-4e3a-84d8-121edd2d68a5', 'invoice_id': '692-92-5582', 'branch': 'B', 'city': 'Mandalay', 'customer_type': 'Member', 'gender': 'Female', 'product_line': 'Food and beverages', 'unit_price': 54.84, 'quantity': 3, 'tax_5_percent': 8.226, 'total': 172.746, 'date': '2/20/2019', 'time': '13:27', 'payment': 'Credit card', 'cogs': 164.52, 'gross_margin_percentage': 4.761904762, 'gross_income': 8.226, 'rating': 5.9}
[2024-12-02T14:00:43.521+0000] {csv_to_kafka_with_redis.py:84} INFO - Row data before serialization: {'id': '7a528477-595c-4cae-8e0b-65a001792dcc', 'invoice_id': '351-62-0822', 'branch': 'B', 'city': 'Mandalay', 'customer_type': 'Member', 'gender': 'Female', 'product_line': 'Fashion accessories', 'unit_price': 14.48, 'quantity': 4, 'tax_5_percent': 2.896, 'total': 60.816, 'date': '2/6/2019', 'time': '18:07', 'payment': 'Ewallet', 'cogs': 57.92, 'gross_margin_percentage': 4.761904762, 'gross_income': 2.896, 'rating': 4.5}
[2024-12-02T14:00:43.523+0000] {csv_to_kafka_with_redis.py:84} INFO - Row data before serialization: {'id': '2a590e11-2465-477b-b468-8c2457bdaa22', 'invoice_id': '529-56-3974', 'branch': 'B', 'city': 'Mandalay', 'customer_type': 'Member', 'gender': 'Male', 'product_line': 'Electronic accessories', 'unit_price': 25.51, 'quantity': 4, 'tax_5_percent': 5.102, 'total': 107.142, 'date': '3/9/2019', 'time': '17:03', 'payment': 'Cash', 'cogs': 102.04, 'gross_margin_percentage': 4.761904762, 'gross_income': 5.102, 'rating': 6.8}
[2024-12-02T14:00:43.524+0000] {csv_to_kafka_with_redis.py:84} INFO - Row data before serialization: {'id': '78b6e05a-4005-4ee6-a356-c70c4e7d2c55', 'invoice_id': '365-64-0515', 'branch': 'A', 'city': 'Yangon', 'customer_type': 'Normal', 'gender': 'Female', 'product_line': 'Electronic accessories', 'unit_price': 46.95, 'quantity': 5, 'tax_5_percent': 11.7375, 'total': 246.4875, 'date': '2/12/2019', 'time': '10:25', 'payment': 'Ewallet', 'cogs': 234.75, 'gross_margin_percentage': 4.761904762, 'gross_income': 11.7375, 'rating': 7.1}
[2024-12-02T14:00:43.526+0000] {csv_to_kafka_with_redis.py:84} INFO - Row data before serialization: {'id': '0f64a7c9-aba8-4786-956a-685829f380c6', 'invoice_id': '252-56-2699', 'branch': 'A', 'city': 'Yangon', 'customer_type': 'Normal', 'gender': 'Male', 'product_line': 'Food and beverages', 'unit_price': 43.19, 'quantity': 10, 'tax_5_percent': 21.595, 'total': 453.495, 'date': '2/7/2019', 'time': '16:48', 'payment': 'Ewallet', 'cogs': 431.9, 'gross_margin_percentage': 4.761904762, 'gross_income': 21.595, 'rating': 8.2}
[2024-12-02T14:00:43.527+0000] {csv_to_kafka_with_redis.py:84} INFO - Row data before serialization: {'id': 'c5b87722-579d-411b-b16e-2e9a20c42c37', 'invoice_id': '829-34-3910', 'branch': 'A', 'city': 'Yangon', 'customer_type': 'Normal', 'gender': 'Female', 'product_line': 'Health and beauty', 'unit_price': 71.38, 'quantity': 10, 'tax_5_percent': 35.69, 'total': 749.49, 'date': '3/29/2019', 'time': '19:21', 'payment': 'Cash', 'cogs': 713.8, 'gross_margin_percentage': 4.761904762, 'gross_income': 35.69, 'rating': 5.7}
[2024-12-02T14:00:43.529+0000] {csv_to_kafka_with_redis.py:84} INFO - Row data before serialization: {'id': 'f2e430da-492c-4353-8265-37ffa8262723', 'invoice_id': '299-46-1805', 'branch': 'B', 'city': 'Mandalay', 'customer_type': 'Member', 'gender': 'Female', 'product_line': 'Sports and travel', 'unit_price': 93.72, 'quantity': 6, 'tax_5_percent': 28.116, 'total': 590.436, 'date': '1/15/2019', 'time': '16:19', 'payment': 'Cash', 'cogs': 562.32, 'gross_margin_percentage': 4.761904762, 'gross_income': 28.116, 'rating': 4.5}
[2024-12-02T14:00:43.530+0000] {csv_to_kafka_with_redis.py:84} INFO - Row data before serialization: {'id': '1c08adc4-4a25-4b84-b2f2-aa1cc5e6fa25', 'invoice_id': '656-95-9349', 'branch': 'A', 'city': 'Yangon', 'customer_type': 'Member', 'gender': 'Female', 'product_line': 'Health and beauty', 'unit_price': 68.93, 'quantity': 7, 'tax_5_percent': 24.1255, 'total': 506.6355, 'date': '3/11/2019', 'time': '11:03', 'payment': 'Credit card', 'cogs': 482.51, 'gross_margin_percentage': 4.761904762, 'gross_income': 24.1255, 'rating': 4.6}
[2024-12-02T14:00:43.531+0000] {csv_to_kafka_with_redis.py:84} INFO - Row data before serialization: {'id': '70727832-5e3c-48a5-9ddc-fab39f1764a7', 'invoice_id': '765-26-6951', 'branch': 'A', 'city': 'Yangon', 'customer_type': 'Normal', 'gender': 'Male', 'product_line': 'Sports and travel', 'unit_price': 72.61, 'quantity': 6, 'tax_5_percent': 21.783, 'total': 457.443, 'date': '1/1/2019', 'time': '10:39', 'payment': 'Credit card', 'cogs': 435.66, 'gross_margin_percentage': 4.761904762, 'gross_income': 21.783, 'rating': 6.9}
[2024-12-02T14:00:43.532+0000] {csv_to_kafka_with_redis.py:84} INFO - Row data before serialization: {'id': '4f64e388-83f7-43e5-80fa-5d6435f1427a', 'invoice_id': '329-62-1586', 'branch': 'A', 'city': 'Yangon', 'customer_type': 'Normal', 'gender': 'Male', 'product_line': 'Food and beverages', 'unit_price': 54.67, 'quantity': 3, 'tax_5_percent': 8.2005, 'total': 172.2105, 'date': '1/21/2019', 'time': '18:00', 'payment': 'Credit card', 'cogs': 164.01, 'gross_margin_percentage': 4.761904762, 'gross_income': 8.2005, 'rating': 8.6}
[2024-12-02T14:00:43.534+0000] {csv_to_kafka_with_redis.py:84} INFO - Row data before serialization: {'id': 'ed3214d7-46ee-4480-86c3-de330a9a0497', 'invoice_id': '319-50-3348', 'branch': 'B', 'city': 'Mandalay', 'customer_type': 'Normal', 'gender': 'Female', 'product_line': 'Home and lifestyle', 'unit_price': 40.3, 'quantity': 2, 'tax_5_percent': 4.03, 'total': 84.63, 'date': '3/11/2019', 'time': '15:30', 'payment': 'Ewallet', 'cogs': 80.6, 'gross_margin_percentage': 4.761904762, 'gross_income': 4.03, 'rating': 4.4}
[2024-12-02T14:00:43.535+0000] {csv_to_kafka_with_redis.py:84} INFO - Row data before serialization: {'id': '5252323a-fb3a-47fd-9e0e-f15d1b3dff4c', 'invoice_id': '300-71-4605', 'branch': 'C', 'city': 'Naypyitaw', 'customer_type': 'Member', 'gender': 'Male', 'product_line': 'Electronic accessories', 'unit_price': 86.04, 'quantity': 5, 'tax_5_percent': 21.51, 'total': 451.71, 'date': '2/25/2019', 'time': '11:24', 'payment': 'Ewallet', 'cogs': 430.2, 'gross_margin_percentage': 4.761904762, 'gross_income': 21.51, 'rating': 4.8}
[2024-12-02T14:00:43.536+0000] {csv_to_kafka_with_redis.py:84} INFO - Row data before serialization: {'id': '1a9969fa-e761-4d75-bb9e-f8a6196392f4', 'invoice_id': '371-85-5789', 'branch': 'B', 'city': 'Mandalay', 'customer_type': 'Normal', 'gender': 'Male', 'product_line': 'Health and beauty', 'unit_price': 87.98, 'quantity': 3, 'tax_5_percent': 13.197, 'total': 277.137, 'date': '3/5/2019', 'time': '10:40', 'payment': 'Ewallet', 'cogs': 263.94, 'gross_margin_percentage': 4.761904762, 'gross_income': 13.197, 'rating': 5.1}
[2024-12-02T14:00:43.538+0000] {csv_to_kafka_with_redis.py:84} INFO - Row data before serialization: {'id': '4ab62023-805b-4b20-8a19-d3469b8d5628', 'invoice_id': '273-16-6619', 'branch': 'B', 'city': 'Mandalay', 'customer_type': 'Normal', 'gender': 'Male', 'product_line': 'Home and lifestyle', 'unit_price': 33.2, 'quantity': 2, 'tax_5_percent': 3.32, 'total': 69.72, 'date': '3/15/2019', 'time': '12:20', 'payment': 'Credit card', 'cogs': 66.4, 'gross_margin_percentage': 4.761904762, 'gross_income': 3.32, 'rating': 4.4}
[2024-12-02T14:00:43.540+0000] {csv_to_kafka_with_redis.py:84} INFO - Row data before serialization: {'id': 'd557f604-3664-48bf-8372-41cc642e4b95', 'invoice_id': '636-48-8204', 'branch': 'A', 'city': 'Yangon', 'customer_type': 'Normal', 'gender': 'Male', 'product_line': 'Electronic accessories', 'unit_price': 34.56, 'quantity': 5, 'tax_5_percent': 8.64, 'total': 181.44, 'date': '2/17/2019', 'time': '11:15', 'payment': 'Ewallet', 'cogs': 172.8, 'gross_margin_percentage': 4.761904762, 'gross_income': 8.64, 'rating': 9.9}
[2024-12-02T14:00:43.541+0000] {csv_to_kafka_with_redis.py:84} INFO - Row data before serialization: {'id': '0844e12e-ad1d-453d-aacc-f85edede70b7', 'invoice_id': '549-59-1358', 'branch': 'A', 'city': 'Yangon', 'customer_type': 'Member', 'gender': 'Male', 'product_line': 'Sports and travel', 'unit_price': 88.63, 'quantity': 3, 'tax_5_percent': 13.2945, 'total': 279.1845, 'date': '3/2/2019', 'time': '17:36', 'payment': 'Ewallet', 'cogs': 265.89, 'gross_margin_percentage': 4.761904762, 'gross_income': 13.2945, 'rating': 6.0}
[2024-12-02T14:00:43.543+0000] {csv_to_kafka_with_redis.py:84} INFO - Row data before serialization: {'id': '93a4cce6-4206-4d27-a774-00b53b8de787', 'invoice_id': '227-03-5010', 'branch': 'A', 'city': 'Yangon', 'customer_type': 'Member', 'gender': 'Female', 'product_line': 'Home and lifestyle', 'unit_price': 52.59, 'quantity': 8, 'tax_5_percent': 21.036, 'total': 441.756, 'date': '3/22/2019', 'time': '19:20', 'payment': 'Credit card', 'cogs': 420.72, 'gross_margin_percentage': 4.761904762, 'gross_income': 21.036, 'rating': 8.5}
[2024-12-02T14:00:43.544+0000] {csv_to_kafka_with_redis.py:84} INFO - Row data before serialization: {'id': 'fcc938bd-8d0c-4b46-a5b7-b4c4968fb432', 'invoice_id': '649-29-6775', 'branch': 'B', 'city': 'Mandalay', 'customer_type': 'Normal', 'gender': 'Male', 'product_line': 'Fashion accessories', 'unit_price': 33.52, 'quantity': 1, 'tax_5_percent': 1.676, 'total': 35.196, 'date': '2/8/2019', 'time': '15:31', 'payment': 'Cash', 'cogs': 33.52, 'gross_margin_percentage': 4.761904762, 'gross_income': 1.676, 'rating': 6.7}
[2024-12-02T14:00:43.545+0000] {csv_to_kafka_with_redis.py:84} INFO - Row data before serialization: {'id': '707c30d0-8e92-4a48-a425-e5df73e867c0', 'invoice_id': '189-17-4241', 'branch': 'A', 'city': 'Yangon', 'customer_type': 'Normal', 'gender': 'Female', 'product_line': 'Fashion accessories', 'unit_price': 87.67, 'quantity': 2, 'tax_5_percent': 8.767, 'total': 184.107, 'date': '3/10/2019', 'time': '12:17', 'payment': 'Credit card', 'cogs': 175.34, 'gross_margin_percentage': 4.761904762, 'gross_income': 8.767, 'rating': 7.7}
[2024-12-02T14:00:43.547+0000] {csv_to_kafka_with_redis.py:84} INFO - Row data before serialization: {'id': '3eb60077-8818-42c5-9716-60ac6e0a91e3', 'invoice_id': '145-94-9061', 'branch': 'B', 'city': 'Mandalay', 'customer_type': 'Normal', 'gender': 'Female', 'product_line': 'Food and beverages', 'unit_price': 88.36, 'quantity': 5, 'tax_5_percent': 22.09, 'total': 463.89, 'date': '1/25/2019', 'time': '19:48', 'payment': 'Cash', 'cogs': 441.8, 'gross_margin_percentage': 4.761904762, 'gross_income': 22.09, 'rating': 9.6}
[2024-12-02T14:00:43.549+0000] {csv_to_kafka_with_redis.py:84} INFO - Row data before serialization: {'id': 'a3c7a193-2ff0-409b-97e1-5214d187afc5', 'invoice_id': '848-62-7243', 'branch': 'A', 'city': 'Yangon', 'customer_type': 'Normal', 'gender': 'Male', 'product_line': 'Health and beauty', 'unit_price': 24.89, 'quantity': 9, 'tax_5_percent': 11.2005, 'total': 235.2105, 'date': '3/15/2019', 'time': '15:36', 'payment': 'Cash', 'cogs': 224.01, 'gross_margin_percentage': 4.761904762, 'gross_income': 11.2005, 'rating': 7.4}
[2024-12-02T14:00:43.550+0000] {csv_to_kafka_with_redis.py:84} INFO - Row data before serialization: {'id': 'd033239a-5686-4d06-bec7-607b407db068', 'invoice_id': '871-79-8483', 'branch': 'B', 'city': 'Mandalay', 'customer_type': 'Normal', 'gender': 'Male', 'product_line': 'Fashion accessories', 'unit_price': 94.13, 'quantity': 5, 'tax_5_percent': 23.5325, 'total': 494.1825, 'date': '2/25/2019', 'time': '19:39', 'payment': 'Credit card', 'cogs': 470.65, 'gross_margin_percentage': 4.761904762, 'gross_income': 23.5325, 'rating': 4.8}
[2024-12-02T14:00:43.552+0000] {csv_to_kafka_with_redis.py:84} INFO - Row data before serialization: {'id': 'b8f6658a-a85b-4376-9738-ceca93fa006f', 'invoice_id': '149-71-6266', 'branch': 'B', 'city': 'Mandalay', 'customer_type': 'Member', 'gender': 'Male', 'product_line': 'Sports and travel', 'unit_price': 78.07, 'quantity': 9, 'tax_5_percent': 35.1315, 'total': 737.7615, 'date': '1/28/2019', 'time': '12:43', 'payment': 'Cash', 'cogs': 702.63, 'gross_margin_percentage': 4.761904762, 'gross_income': 35.1315, 'rating': 4.5}
[2024-12-02T14:00:43.553+0000] {csv_to_kafka_with_redis.py:84} INFO - Row data before serialization: {'id': '332d660d-6f9e-4196-8733-fab1bd9e8fa6', 'invoice_id': '640-49-2076', 'branch': 'B', 'city': 'Mandalay', 'customer_type': 'Normal', 'gender': 'Male', 'product_line': 'Sports and travel', 'unit_price': 83.78, 'quantity': 8, 'tax_5_percent': 33.512, 'total': 703.752, 'date': '1/10/2019', 'time': '14:49', 'payment': 'Cash', 'cogs': 670.24, 'gross_margin_percentage': 4.761904762, 'gross_income': 33.512, 'rating': 5.1}
[2024-12-02T14:00:43.555+0000] {csv_to_kafka_with_redis.py:84} INFO - Row data before serialization: {'id': '8d1867a6-62c4-40ef-aa43-9d601e0643d7', 'invoice_id': '595-11-5460', 'branch': 'A', 'city': 'Yangon', 'customer_type': 'Normal', 'gender': 'Male', 'product_line': 'Health and beauty', 'unit_price': 96.58, 'quantity': 2, 'tax_5_percent': 9.658, 'total': 202.818, 'date': '3/15/2019', 'time': '10:12', 'payment': 'Credit card', 'cogs': 193.16, 'gross_margin_percentage': 4.761904762, 'gross_income': 9.658, 'rating': 5.1}
[2024-12-02T14:00:43.557+0000] {csv_to_kafka_with_redis.py:84} INFO - Row data before serialization: {'id': '952fbf11-97ff-4c63-a7f4-8ae5b1b245e8', 'invoice_id': '183-56-6882', 'branch': 'C', 'city': 'Naypyitaw', 'customer_type': 'Member', 'gender': 'Female', 'product_line': 'Food and beverages', 'unit_price': 99.42, 'quantity': 4, 'tax_5_percent': 19.884, 'total': 417.564, 'date': '2/6/2019', 'time': '10:42', 'payment': 'Ewallet', 'cogs': 397.68, 'gross_margin_percentage': 4.761904762, 'gross_income': 19.884, 'rating': 7.5}
[2024-12-02T14:00:43.558+0000] {csv_to_kafka_with_redis.py:84} INFO - Row data before serialization: {'id': '5c490b7e-fc10-40ed-bb68-3c23a6a1e3c3', 'invoice_id': '232-16-2483', 'branch': 'C', 'city': 'Naypyitaw', 'customer_type': 'Member', 'gender': 'Female', 'product_line': 'Sports and travel', 'unit_price': 68.12, 'quantity': 1, 'tax_5_percent': 3.406, 'total': 71.526, 'date': '1/7/2019', 'time': '12:28', 'payment': 'Ewallet', 'cogs': 68.12, 'gross_margin_percentage': 4.761904762, 'gross_income': 3.406, 'rating': 6.8}
[2024-12-02T14:00:43.560+0000] {csv_to_kafka_with_redis.py:84} INFO - Row data before serialization: {'id': '9d579f38-adf7-4d7f-85d7-31ff9eac65be', 'invoice_id': '129-29-8530', 'branch': 'A', 'city': 'Yangon', 'customer_type': 'Member', 'gender': 'Male', 'product_line': 'Sports and travel', 'unit_price': 62.62, 'quantity': 5, 'tax_5_percent': 15.655, 'total': 328.755, 'date': '3/10/2019', 'time': '19:15', 'payment': 'Ewallet', 'cogs': 313.1, 'gross_margin_percentage': 4.761904762, 'gross_income': 15.655, 'rating': 7.0}
[2024-12-02T14:00:43.561+0000] {csv_to_kafka_with_redis.py:84} INFO - Row data before serialization: {'id': 'd09b8793-a03f-4a53-8ca0-857554b5e937', 'invoice_id': '272-65-1806', 'branch': 'A', 'city': 'Yangon', 'customer_type': 'Normal', 'gender': 'Female', 'product_line': 'Electronic accessories', 'unit_price': 60.88, 'quantity': 9, 'tax_5_percent': 27.396, 'total': 575.316, 'date': '1/15/2019', 'time': '17:17', 'payment': 'Ewallet', 'cogs': 547.92, 'gross_margin_percentage': 4.761904762, 'gross_income': 27.396, 'rating': 4.7}
[2024-12-02T14:00:43.563+0000] {csv_to_kafka_with_redis.py:84} INFO - Row data before serialization: {'id': '7c01f5a1-07d2-4110-8746-e6e640e9e5a4', 'invoice_id': '333-73-7901', 'branch': 'C', 'city': 'Naypyitaw', 'customer_type': 'Normal', 'gender': 'Female', 'product_line': 'Health and beauty', 'unit_price': 54.92, 'quantity': 8, 'tax_5_percent': 21.968, 'total': 461.328, 'date': '3/23/2019', 'time': '13:24', 'payment': 'Ewallet', 'cogs': 439.36, 'gross_margin_percentage': 4.761904762, 'gross_income': 21.968, 'rating': 7.6}
[2024-12-02T14:00:43.564+0000] {csv_to_kafka_with_redis.py:84} INFO - Row data before serialization: {'id': '83c1d667-2386-4d45-afd7-11d632c334b7', 'invoice_id': '777-82-7220', 'branch': 'B', 'city': 'Mandalay', 'customer_type': 'Member', 'gender': 'Male', 'product_line': 'Home and lifestyle', 'unit_price': 30.12, 'quantity': 8, 'tax_5_percent': 12.048, 'total': 253.008, 'date': '3/3/2019', 'time': '13:01', 'payment': 'Cash', 'cogs': 240.96, 'gross_margin_percentage': 4.761904762, 'gross_income': 12.048, 'rating': 7.7}
[2024-12-02T14:00:43.565+0000] {csv_to_kafka_with_redis.py:84} INFO - Row data before serialization: {'id': 'cc4e9fc1-203f-404c-97a1-ee627bbf8727', 'invoice_id': '280-35-5823', 'branch': 'B', 'city': 'Mandalay', 'customer_type': 'Member', 'gender': 'Female', 'product_line': 'Home and lifestyle', 'unit_price': 86.72, 'quantity': 1, 'tax_5_percent': 4.336, 'total': 91.056, 'date': '1/17/2019', 'time': '18:45', 'payment': 'Ewallet', 'cogs': 86.72, 'gross_margin_percentage': 4.761904762, 'gross_income': 4.336, 'rating': 7.9}
[2024-12-02T14:00:43.566+0000] {csv_to_kafka_with_redis.py:84} INFO - Row data before serialization: {'id': 'dcf51cfb-847c-4205-a86a-448cd335eeee', 'invoice_id': '554-53-8700', 'branch': 'C', 'city': 'Naypyitaw', 'customer_type': 'Member', 'gender': 'Male', 'product_line': 'Home and lifestyle', 'unit_price': 56.11, 'quantity': 2, 'tax_5_percent': 5.611, 'total': 117.831, 'date': '2/2/2019', 'time': '10:11', 'payment': 'Cash', 'cogs': 112.22, 'gross_margin_percentage': 4.761904762, 'gross_income': 5.611, 'rating': 6.3}
[2024-12-02T14:00:43.568+0000] {csv_to_kafka_with_redis.py:84} INFO - Row data before serialization: {'id': '31cf1dfb-f918-447b-9184-05b5620c0a21', 'invoice_id': '354-25-5821', 'branch': 'B', 'city': 'Mandalay', 'customer_type': 'Member', 'gender': 'Female', 'product_line': 'Sports and travel', 'unit_price': 69.12, 'quantity': 6, 'tax_5_percent': 20.736, 'total': 435.456, 'date': '2/8/2019', 'time': '13:03', 'payment': 'Cash', 'cogs': 414.72, 'gross_margin_percentage': 4.761904762, 'gross_income': 20.736, 'rating': 5.6}
[2024-12-02T14:00:43.569+0000] {csv_to_kafka_with_redis.py:84} INFO - Row data before serialization: {'id': '535d9594-0c35-4ab9-b27f-e558cc570358', 'invoice_id': '228-96-1411', 'branch': 'C', 'city': 'Naypyitaw', 'customer_type': 'Member', 'gender': 'Female', 'product_line': 'Food and beverages', 'unit_price': 98.7, 'quantity': 8, 'tax_5_percent': 39.48, 'total': 829.08, 'date': '3/4/2019', 'time': '20:39', 'payment': 'Cash', 'cogs': 789.6, 'gross_margin_percentage': 4.761904762, 'gross_income': 39.48, 'rating': 7.6}
[2024-12-02T14:00:43.571+0000] {csv_to_kafka_with_redis.py:84} INFO - Row data before serialization: {'id': '89dae83c-3a09-43d0-a157-ab6c92f1e19d', 'invoice_id': '617-15-4209', 'branch': 'C', 'city': 'Naypyitaw', 'customer_type': 'Member', 'gender': 'Male', 'product_line': 'Health and beauty', 'unit_price': 15.37, 'quantity': 2, 'tax_5_percent': 1.537, 'total': 32.277, 'date': '3/16/2019', 'time': '19:47', 'payment': 'Cash', 'cogs': 30.74, 'gross_margin_percentage': 4.761904762, 'gross_income': 1.537, 'rating': 7.2}
[2024-12-02T14:00:43.572+0000] {csv_to_kafka_with_redis.py:84} INFO - Row data before serialization: {'id': 'bd629aff-d7cd-4c69-8929-6985328d60a4', 'invoice_id': '132-32-9879', 'branch': 'B', 'city': 'Mandalay', 'customer_type': 'Member', 'gender': 'Female', 'product_line': 'Electronic accessories', 'unit_price': 93.96, 'quantity': 4, 'tax_5_percent': 18.792, 'total': 394.632, 'date': '3/9/2019', 'time': '18:00', 'payment': 'Cash', 'cogs': 375.84, 'gross_margin_percentage': 4.761904762, 'gross_income': 18.792, 'rating': 9.5}
[2024-12-02T14:00:43.574+0000] {csv_to_kafka_with_redis.py:84} INFO - Row data before serialization: {'id': '00533561-97e1-491f-943f-cf30a101ba8d', 'invoice_id': '370-41-7321', 'branch': 'B', 'city': 'Mandalay', 'customer_type': 'Member', 'gender': 'Male', 'product_line': 'Health and beauty', 'unit_price': 56.69, 'quantity': 9, 'tax_5_percent': 25.5105, 'total': 535.7205, 'date': '2/27/2019', 'time': '17:24', 'payment': 'Credit card', 'cogs': 510.21, 'gross_margin_percentage': 4.761904762, 'gross_income': 25.5105, 'rating': 8.4}
[2024-12-02T14:00:43.575+0000] {csv_to_kafka_with_redis.py:84} INFO - Row data before serialization: {'id': 'c1a25234-5ed5-4684-a41b-1241a3a697a1', 'invoice_id': '727-46-3608', 'branch': 'B', 'city': 'Mandalay', 'customer_type': 'Member', 'gender': 'Female', 'product_line': 'Food and beverages', 'unit_price': 20.01, 'quantity': 9, 'tax_5_percent': 9.0045, 'total': 189.0945, 'date': '2/6/2019', 'time': '15:47', 'payment': 'Ewallet', 'cogs': 180.09, 'gross_margin_percentage': 4.761904762, 'gross_income': 9.0045, 'rating': 4.1}
[2024-12-02T14:00:43.577+0000] {csv_to_kafka_with_redis.py:84} INFO - Row data before serialization: {'id': '4043efb3-8da1-4192-9055-0ece8f64f73c', 'invoice_id': '669-54-1719', 'branch': 'B', 'city': 'Mandalay', 'customer_type': 'Member', 'gender': 'Male', 'product_line': 'Electronic accessories', 'unit_price': 18.93, 'quantity': 6, 'tax_5_percent': 5.679, 'total': 119.259, 'date': '2/10/2019', 'time': '12:45', 'payment': 'Credit card', 'cogs': 113.58, 'gross_margin_percentage': 4.761904762, 'gross_income': 5.679, 'rating': 8.1}
[2024-12-02T14:00:43.578+0000] {csv_to_kafka_with_redis.py:84} INFO - Row data before serialization: {'id': '00a69257-67d1-436e-a430-bb1492e62def', 'invoice_id': '574-22-5561', 'branch': 'C', 'city': 'Naypyitaw', 'customer_type': 'Member', 'gender': 'Female', 'product_line': 'Fashion accessories', 'unit_price': 82.63, 'quantity': 10, 'tax_5_percent': 41.315, 'total': 867.615, 'date': '3/19/2019', 'time': '17:08', 'payment': 'Ewallet', 'cogs': 826.3, 'gross_margin_percentage': 4.761904762, 'gross_income': 41.315, 'rating': 7.9}
[2024-12-02T14:00:45.499+0000] {csv_to_kafka_with_redis.py:94} INFO - Batch 1 envoyé à Kafka.
[2024-12-02T14:00:45.532+0000] {csv_to_kafka_with_redis.py:100} INFO - En attente du consommateur...
[2024-12-02T14:00:46.534+0000] {csv_to_kafka_with_redis.py:100} INFO - En attente du consommateur...
[2024-12-02T14:00:47.536+0000] {csv_to_kafka_with_redis.py:100} INFO - En attente du consommateur...
[2024-12-02T14:00:48.539+0000] {csv_to_kafka_with_redis.py:100} INFO - En attente du consommateur...
[2024-12-02T14:00:49.541+0000] {csv_to_kafka_with_redis.py:100} INFO - En attente du consommateur...
[2024-12-02T14:00:50.544+0000] {csv_to_kafka_with_redis.py:100} INFO - En attente du consommateur...
[2024-12-02T14:00:51.545+0000] {csv_to_kafka_with_redis.py:100} INFO - En attente du consommateur...
[2024-12-02T14:00:52.546+0000] {csv_to_kafka_with_redis.py:100} INFO - En attente du consommateur...
[2024-12-02T14:00:53.548+0000] {csv_to_kafka_with_redis.py:100} INFO - En attente du consommateur...
[2024-12-02T14:00:54.550+0000] {csv_to_kafka_with_redis.py:100} INFO - En attente du consommateur...
[2024-12-02T14:00:55.551+0000] {csv_to_kafka_with_redis.py:100} INFO - En attente du consommateur...
[2024-12-02T14:00:56.553+0000] {csv_to_kafka_with_redis.py:100} INFO - En attente du consommateur...
[2024-12-02T14:00:57.555+0000] {csv_to_kafka_with_redis.py:100} INFO - En attente du consommateur...
[2024-12-02T14:00:58.557+0000] {csv_to_kafka_with_redis.py:100} INFO - En attente du consommateur...
[2024-12-02T14:00:59.558+0000] {csv_to_kafka_with_redis.py:100} INFO - En attente du consommateur...
[2024-12-02T14:01:00.560+0000] {csv_to_kafka_with_redis.py:100} INFO - En attente du consommateur...
[2024-12-02T14:01:01.561+0000] {csv_to_kafka_with_redis.py:100} INFO - En attente du consommateur...
[2024-12-02T14:01:02.563+0000] {csv_to_kafka_with_redis.py:100} INFO - En attente du consommateur...
[2024-12-02T14:01:03.564+0000] {csv_to_kafka_with_redis.py:100} INFO - En attente du consommateur...
[2024-12-02T14:01:04.565+0000] {csv_to_kafka_with_redis.py:100} INFO - En attente du consommateur...
[2024-12-02T14:01:05.567+0000] {csv_to_kafka_with_redis.py:100} INFO - En attente du consommateur...
[2024-12-02T14:01:06.569+0000] {csv_to_kafka_with_redis.py:100} INFO - En attente du consommateur...
[2024-12-02T14:01:07.570+0000] {csv_to_kafka_with_redis.py:100} INFO - En attente du consommateur...
[2024-12-02T14:01:08.572+0000] {csv_to_kafka_with_redis.py:100} INFO - En attente du consommateur...
[2024-12-02T14:01:09.574+0000] {csv_to_kafka_with_redis.py:100} INFO - En attente du consommateur...
[2024-12-02T14:01:10.575+0000] {csv_to_kafka_with_redis.py:100} INFO - En attente du consommateur...
[2024-12-02T14:01:11.576+0000] {csv_to_kafka_with_redis.py:100} INFO - En attente du consommateur...
[2024-12-02T14:01:12.577+0000] {csv_to_kafka_with_redis.py:100} INFO - En attente du consommateur...
[2024-12-02T14:01:13.579+0000] {csv_to_kafka_with_redis.py:100} INFO - En attente du consommateur...
[2024-12-02T14:01:14.580+0000] {csv_to_kafka_with_redis.py:100} INFO - En attente du consommateur...
[2024-12-02T14:01:15.582+0000] {csv_to_kafka_with_redis.py:100} INFO - En attente du consommateur...
[2024-12-02T14:01:16.584+0000] {csv_to_kafka_with_redis.py:100} INFO - En attente du consommateur...
[2024-12-02T14:01:17.585+0000] {csv_to_kafka_with_redis.py:100} INFO - En attente du consommateur...
[2024-12-02T14:01:18.586+0000] {csv_to_kafka_with_redis.py:100} INFO - En attente du consommateur...
[2024-12-02T14:01:19.588+0000] {csv_to_kafka_with_redis.py:100} INFO - En attente du consommateur...
[2024-12-02T14:01:20.590+0000] {csv_to_kafka_with_redis.py:100} INFO - En attente du consommateur...
[2024-12-02T14:01:21.591+0000] {csv_to_kafka_with_redis.py:100} INFO - En attente du consommateur...
[2024-12-02T14:01:22.593+0000] {csv_to_kafka_with_redis.py:100} INFO - En attente du consommateur...
[2024-12-02T14:01:23.594+0000] {csv_to_kafka_with_redis.py:100} INFO - En attente du consommateur...
[2024-12-02T14:01:24.596+0000] {csv_to_kafka_with_redis.py:100} INFO - En attente du consommateur...
[2024-12-02T14:01:25.598+0000] {csv_to_kafka_with_redis.py:100} INFO - En attente du consommateur...
[2024-12-02T14:01:26.599+0000] {csv_to_kafka_with_redis.py:100} INFO - En attente du consommateur...
[2024-12-02T14:01:27.600+0000] {csv_to_kafka_with_redis.py:100} INFO - En attente du consommateur...
[2024-12-02T14:01:28.602+0000] {csv_to_kafka_with_redis.py:100} INFO - En attente du consommateur...
[2024-12-02T14:01:29.603+0000] {csv_to_kafka_with_redis.py:100} INFO - En attente du consommateur...
[2024-12-02T14:01:30.605+0000] {csv_to_kafka_with_redis.py:100} INFO - En attente du consommateur...
[2024-12-02T14:01:31.606+0000] {csv_to_kafka_with_redis.py:100} INFO - En attente du consommateur...
[2024-12-02T14:01:32.608+0000] {csv_to_kafka_with_redis.py:100} INFO - En attente du consommateur...
[2024-12-02T14:01:33.609+0000] {csv_to_kafka_with_redis.py:100} INFO - En attente du consommateur...
[2024-12-02T14:01:34.611+0000] {csv_to_kafka_with_redis.py:100} INFO - En attente du consommateur...
[2024-12-02T14:01:35.612+0000] {csv_to_kafka_with_redis.py:100} INFO - En attente du consommateur...
[2024-12-02T14:01:36.614+0000] {csv_to_kafka_with_redis.py:100} INFO - En attente du consommateur...
[2024-12-02T14:01:37.616+0000] {csv_to_kafka_with_redis.py:100} INFO - En attente du consommateur...
[2024-12-02T14:01:38.618+0000] {csv_to_kafka_with_redis.py:100} INFO - En attente du consommateur...
[2024-12-02T14:01:39.620+0000] {csv_to_kafka_with_redis.py:100} INFO - En attente du consommateur...
[2024-12-02T14:01:40.621+0000] {csv_to_kafka_with_redis.py:100} INFO - En attente du consommateur...
[2024-12-02T14:01:41.622+0000] {csv_to_kafka_with_redis.py:100} INFO - En attente du consommateur...
[2024-12-02T14:01:42.624+0000] {csv_to_kafka_with_redis.py:100} INFO - En attente du consommateur...
[2024-12-02T14:01:43.625+0000] {csv_to_kafka_with_redis.py:100} INFO - En attente du consommateur...
[2024-12-02T14:01:44.627+0000] {csv_to_kafka_with_redis.py:100} INFO - En attente du consommateur...
[2024-12-02T14:01:45.629+0000] {csv_to_kafka_with_redis.py:100} INFO - En attente du consommateur...
[2024-12-02T14:01:46.630+0000] {csv_to_kafka_with_redis.py:100} INFO - En attente du consommateur...
[2024-12-02T14:01:47.631+0000] {csv_to_kafka_with_redis.py:100} INFO - En attente du consommateur...
[2024-12-02T14:01:48.633+0000] {csv_to_kafka_with_redis.py:100} INFO - En attente du consommateur...
[2024-12-02T14:01:49.635+0000] {csv_to_kafka_with_redis.py:100} INFO - En attente du consommateur...
[2024-12-02T14:01:50.636+0000] {csv_to_kafka_with_redis.py:100} INFO - En attente du consommateur...
[2024-12-02T14:01:51.638+0000] {csv_to_kafka_with_redis.py:100} INFO - En attente du consommateur...
[2024-12-02T14:01:52.640+0000] {csv_to_kafka_with_redis.py:100} INFO - En attente du consommateur...
[2024-12-02T14:01:53.641+0000] {csv_to_kafka_with_redis.py:100} INFO - En attente du consommateur...
[2024-12-02T14:01:54.643+0000] {csv_to_kafka_with_redis.py:100} INFO - En attente du consommateur...
[2024-12-02T14:01:55.645+0000] {csv_to_kafka_with_redis.py:100} INFO - En attente du consommateur...
[2024-12-02T14:01:56.646+0000] {csv_to_kafka_with_redis.py:100} INFO - En attente du consommateur...
[2024-12-02T14:01:57.648+0000] {csv_to_kafka_with_redis.py:100} INFO - En attente du consommateur...
[2024-12-02T14:01:58.650+0000] {csv_to_kafka_with_redis.py:100} INFO - En attente du consommateur...
[2024-12-02T14:01:59.652+0000] {csv_to_kafka_with_redis.py:100} INFO - En attente du consommateur...
[2024-12-02T14:02:00.654+0000] {csv_to_kafka_with_redis.py:100} INFO - En attente du consommateur...
[2024-12-02T14:02:01.656+0000] {csv_to_kafka_with_redis.py:100} INFO - En attente du consommateur...
[2024-12-02T14:02:02.658+0000] {csv_to_kafka_with_redis.py:100} INFO - En attente du consommateur...
[2024-12-02T14:02:03.659+0000] {csv_to_kafka_with_redis.py:100} INFO - En attente du consommateur...
[2024-12-02T14:02:04.661+0000] {csv_to_kafka_with_redis.py:100} INFO - En attente du consommateur...
[2024-12-02T14:02:05.663+0000] {csv_to_kafka_with_redis.py:100} INFO - En attente du consommateur...
[2024-12-02T14:02:06.665+0000] {csv_to_kafka_with_redis.py:100} INFO - En attente du consommateur...
[2024-12-02T14:02:07.667+0000] {csv_to_kafka_with_redis.py:100} INFO - En attente du consommateur...
[2024-12-02T14:02:08.669+0000] {csv_to_kafka_with_redis.py:100} INFO - En attente du consommateur...
[2024-12-02T14:02:09.671+0000] {csv_to_kafka_with_redis.py:100} INFO - En attente du consommateur...
[2024-12-02T14:02:10.672+0000] {csv_to_kafka_with_redis.py:100} INFO - En attente du consommateur...
[2024-12-02T14:02:11.672+0000] {csv_to_kafka_with_redis.py:100} INFO - En attente du consommateur...
[2024-12-02T14:02:12.674+0000] {csv_to_kafka_with_redis.py:100} INFO - En attente du consommateur...
[2024-12-02T14:02:13.676+0000] {csv_to_kafka_with_redis.py:100} INFO - En attente du consommateur...
[2024-12-02T14:02:14.678+0000] {csv_to_kafka_with_redis.py:100} INFO - En attente du consommateur...
[2024-12-02T14:02:15.681+0000] {csv_to_kafka_with_redis.py:100} INFO - En attente du consommateur...
[2024-12-02T14:02:16.682+0000] {csv_to_kafka_with_redis.py:100} INFO - En attente du consommateur...
[2024-12-02T14:02:17.684+0000] {csv_to_kafka_with_redis.py:100} INFO - En attente du consommateur...
[2024-12-02T14:02:18.685+0000] {csv_to_kafka_with_redis.py:100} INFO - En attente du consommateur...
[2024-12-02T14:02:19.687+0000] {csv_to_kafka_with_redis.py:100} INFO - En attente du consommateur...
[2024-12-02T14:02:20.689+0000] {csv_to_kafka_with_redis.py:100} INFO - En attente du consommateur...
[2024-12-02T14:02:21.690+0000] {csv_to_kafka_with_redis.py:100} INFO - En attente du consommateur...
[2024-12-02T14:02:22.692+0000] {csv_to_kafka_with_redis.py:100} INFO - En attente du consommateur...
[2024-12-02T14:02:23.693+0000] {csv_to_kafka_with_redis.py:100} INFO - En attente du consommateur...
[2024-12-02T14:02:24.695+0000] {csv_to_kafka_with_redis.py:100} INFO - En attente du consommateur...
[2024-12-02T14:02:25.696+0000] {csv_to_kafka_with_redis.py:100} INFO - En attente du consommateur...
[2024-12-02T14:02:26.698+0000] {csv_to_kafka_with_redis.py:100} INFO - En attente du consommateur...
[2024-12-02T14:02:27.700+0000] {csv_to_kafka_with_redis.py:100} INFO - En attente du consommateur...
[2024-12-02T14:02:28.701+0000] {csv_to_kafka_with_redis.py:100} INFO - En attente du consommateur...
[2024-12-02T14:02:29.704+0000] {csv_to_kafka_with_redis.py:100} INFO - En attente du consommateur...
[2024-12-02T14:02:30.706+0000] {csv_to_kafka_with_redis.py:100} INFO - En attente du consommateur...
[2024-12-02T14:02:31.708+0000] {csv_to_kafka_with_redis.py:100} INFO - En attente du consommateur...
[2024-12-02T14:02:32.710+0000] {csv_to_kafka_with_redis.py:100} INFO - En attente du consommateur...
[2024-12-02T14:02:33.712+0000] {csv_to_kafka_with_redis.py:100} INFO - En attente du consommateur...
[2024-12-02T14:02:34.713+0000] {csv_to_kafka_with_redis.py:100} INFO - En attente du consommateur...
[2024-12-02T14:02:35.715+0000] {csv_to_kafka_with_redis.py:100} INFO - En attente du consommateur...
[2024-12-02T14:02:36.717+0000] {csv_to_kafka_with_redis.py:100} INFO - En attente du consommateur...
[2024-12-02T14:02:37.719+0000] {csv_to_kafka_with_redis.py:100} INFO - En attente du consommateur...
[2024-12-02T14:02:38.721+0000] {csv_to_kafka_with_redis.py:100} INFO - En attente du consommateur...
[2024-12-02T14:02:39.397+0000] {local_task_job_runner.py:346} WARNING - State of this instance has been externally set to failed. Terminating instance.
[2024-12-02T14:02:39.399+0000] {local_task_job_runner.py:245} INFO - ::endgroup::
[2024-12-02T14:02:39.402+0000] {process_utils.py:132} INFO - Sending 15 to group 1450. PIDs of all processes in the group: [1450]
[2024-12-02T14:02:39.402+0000] {process_utils.py:87} INFO - Sending the signal 15 to group 1450
[2024-12-02T14:02:39.404+0000] {taskinstance.py:3093} ERROR - Received SIGTERM. Terminating subprocesses.
[2024-12-02T14:02:39.449+0000] {taskinstance.py:340} INFO - ::group::Post task execution logs
[2024-12-02T14:02:39.497+0000] {process_utils.py:80} INFO - Process psutil.Process(pid=1450, status='terminated', exitcode=0, started='14:00:41') (1450) terminated with exit code 0
