[2024-12-01T23:54:56.044+0000] {local_task_job_runner.py:123} INFO - ::group::Pre task execution logs
[2024-12-01T23:54:56.077+0000] {taskinstance.py:2613} INFO - Dependencies all met for dep_context=non-requeueable deps ti=<TaskInstance: consume_kafka_to_hive.consume_kafka_messages manual__2024-12-01T23:54:48.115140+00:00 [queued]>
[2024-12-01T23:54:56.098+0000] {taskinstance.py:2613} INFO - Dependencies all met for dep_context=requeueable deps ti=<TaskInstance: consume_kafka_to_hive.consume_kafka_messages manual__2024-12-01T23:54:48.115140+00:00 [queued]>
[2024-12-01T23:54:56.099+0000] {taskinstance.py:2866} INFO - Starting attempt 1 of 2
[2024-12-01T23:54:56.154+0000] {taskinstance.py:2889} INFO - Executing <Task(PythonOperator): consume_kafka_messages> on 2024-12-01 23:54:48.115140+00:00
[2024-12-01T23:54:56.164+0000] {standard_task_runner.py:72} INFO - Started process 245 to run task
[2024-12-01T23:54:56.175+0000] {standard_task_runner.py:104} INFO - Running: ['airflow', 'tasks', 'run', 'consume_kafka_to_hive', 'consume_kafka_messages', 'manual__2024-12-01T23:54:48.115140+00:00', '--job-id', '89', '--raw', '--subdir', 'DAGS_FOLDER/consume_kafka_to_hive.py', '--cfg-path', '/tmp/tmper5htvxm']
[2024-12-01T23:54:56.186+0000] {standard_task_runner.py:105} INFO - Job 89: Subtask consume_kafka_messages
[2024-12-01T23:54:56.573+0000] {task_command.py:467} INFO - Running <TaskInstance: consume_kafka_to_hive.consume_kafka_messages manual__2024-12-01T23:54:48.115140+00:00 [running]> on host 45770b1a429e
[2024-12-01T23:54:56.929+0000] {taskinstance.py:3132} INFO - Exporting env vars: AIRFLOW_CTX_DAG_OWNER='airflow' AIRFLOW_CTX_DAG_ID='consume_kafka_to_hive' AIRFLOW_CTX_TASK_ID='consume_kafka_messages' AIRFLOW_CTX_EXECUTION_DATE='2024-12-01T23:54:48.115140+00:00' AIRFLOW_CTX_TRY_NUMBER='1' AIRFLOW_CTX_DAG_RUN_ID='manual__2024-12-01T23:54:48.115140+00:00'
[2024-12-01T23:54:56.935+0000] {taskinstance.py:731} INFO - ::endgroup::
[2024-12-01T23:54:57.480+0000] {hive.py:475} INFO - USE `default`
[2024-12-01T23:54:59.890+0000] {hive.py:475} INFO - 
    CREATE TABLE IF NOT EXISTS sales (
        id STRING,
        invoice_id STRING,
        branch STRING,
        city STRING,
        customer_type STRING,
        gender STRING,
        product_line STRING,
        unit_price FLOAT,
        quantity INT,
        tax_5_percent FLOAT,
        total FLOAT,
        `date` STRING,
        time STRING,
        payment STRING,
        cogs FLOAT,
        gross_margin_percentage FLOAT,
        gross_income FLOAT,
        rating FLOAT
    ) STORED AS ORC
    
[2024-12-01T23:55:00.148+0000] {consume_kafka_to_hive.py:63} INFO - Subscribed to topic 'topic-hive'
[2024-12-01T23:55:00.244+0000] {consume_kafka_to_hive.py:92} INFO - Consumed message: {'id': '8b233433-88fd-45bb-aa8a-c61e821f4769', 'invoice_id': '750-67-8428', 'branch': 'A', 'city': 'Yangon', 'customer_type': 'Member', 'gender': 'Female', 'product_line': 'Health and beauty', 'unit_price': 74.69000244140625, 'quantity': 7, 'tax_5_percent': 26.14150047302246, 'total': 548.9714965820312, 'date': '1/5/2019', 'time': '13:08', 'payment': 'Ewallet', 'cogs': 522.8300170898438, 'gross_margin_percentage': 4.761904716491699, 'gross_income': 26.14150047302246, 'rating': 9.100000381469727}
[2024-12-01T23:55:00.247+0000] {hive.py:475} INFO - 
                INSERT INTO sales VALUES (
                    '8b233433-88fd-45bb-aa8a-c61e821f4769', '750-67-8428', 'A', 'Yangon', 'Member', 'Female', 
                    'Health and beauty', 74.69000244140625, 7, 26.14150047302246, 548.9714965820312, 
                    '1/5/2019', '13:08', 'Ewallet', 522.8300170898438, 4.761904716491699, 
                    26.14150047302246, 9.100000381469727
                )
            
[2024-12-01T23:55:11.256+0000] {consume_kafka_to_hive.py:105} INFO - Inserted message into Hive.
[2024-12-01T23:55:11.261+0000] {consume_kafka_to_hive.py:92} INFO - Consumed message: {'id': 'a7973392-1e9a-4c44-82b0-17ae50f6e77e', 'invoice_id': '226-31-3081', 'branch': 'C', 'city': 'Naypyitaw', 'customer_type': 'Normal', 'gender': 'Female', 'product_line': 'Electronic accessories', 'unit_price': 15.279999732971191, 'quantity': 5, 'tax_5_percent': 3.819999933242798, 'total': 80.22000122070312, 'date': '3/8/2019', 'time': '10:29', 'payment': 'Cash', 'cogs': 76.4000015258789, 'gross_margin_percentage': 4.761904716491699, 'gross_income': 3.819999933242798, 'rating': 9.600000381469727}
[2024-12-01T23:55:11.268+0000] {hive.py:475} INFO - 
                INSERT INTO sales VALUES (
                    'a7973392-1e9a-4c44-82b0-17ae50f6e77e', '226-31-3081', 'C', 'Naypyitaw', 'Normal', 'Female', 
                    'Electronic accessories', 15.279999732971191, 5, 3.819999933242798, 80.22000122070312, 
                    '3/8/2019', '10:29', 'Cash', 76.4000015258789, 4.761904716491699, 
                    3.819999933242798, 9.600000381469727
                )
            
[2024-12-01T23:55:14.144+0000] {consume_kafka_to_hive.py:105} INFO - Inserted message into Hive.
[2024-12-01T23:55:14.145+0000] {consume_kafka_to_hive.py:92} INFO - Consumed message: {'id': '3dad0b5a-c1cd-4b4c-8afa-4aa1e4999a41', 'invoice_id': '631-41-3108', 'branch': 'A', 'city': 'Yangon', 'customer_type': 'Normal', 'gender': 'Male', 'product_line': 'Home and lifestyle', 'unit_price': 46.33000183105469, 'quantity': 7, 'tax_5_percent': 16.215499877929688, 'total': 340.5255126953125, 'date': '3/3/2019', 'time': '13:23', 'payment': 'Credit card', 'cogs': 324.30999755859375, 'gross_margin_percentage': 4.761904716491699, 'gross_income': 16.215499877929688, 'rating': 7.400000095367432}
[2024-12-01T23:55:14.160+0000] {hive.py:475} INFO - 
                INSERT INTO sales VALUES (
                    '3dad0b5a-c1cd-4b4c-8afa-4aa1e4999a41', '631-41-3108', 'A', 'Yangon', 'Normal', 'Male', 
                    'Home and lifestyle', 46.33000183105469, 7, 16.215499877929688, 340.5255126953125, 
                    '3/3/2019', '13:23', 'Credit card', 324.30999755859375, 4.761904716491699, 
                    16.215499877929688, 7.400000095367432
                )
            
[2024-12-01T23:55:16.595+0000] {consume_kafka_to_hive.py:105} INFO - Inserted message into Hive.
[2024-12-01T23:55:16.596+0000] {consume_kafka_to_hive.py:92} INFO - Consumed message: {'id': '7501e8fa-6fdd-469f-a71d-f318db1221ce', 'invoice_id': '123-19-1176', 'branch': 'A', 'city': 'Yangon', 'customer_type': 'Member', 'gender': 'Male', 'product_line': 'Health and beauty', 'unit_price': 58.220001220703125, 'quantity': 8, 'tax_5_percent': 23.288000106811523, 'total': 489.0480041503906, 'date': '1/27/2019', 'time': '20:33', 'payment': 'Ewallet', 'cogs': 465.760009765625, 'gross_margin_percentage': 4.761904716491699, 'gross_income': 23.288000106811523, 'rating': 8.399999618530273}
[2024-12-01T23:55:16.606+0000] {hive.py:475} INFO - 
                INSERT INTO sales VALUES (
                    '7501e8fa-6fdd-469f-a71d-f318db1221ce', '123-19-1176', 'A', 'Yangon', 'Member', 'Male', 
                    'Health and beauty', 58.220001220703125, 8, 23.288000106811523, 489.0480041503906, 
                    '1/27/2019', '20:33', 'Ewallet', 465.760009765625, 4.761904716491699, 
                    23.288000106811523, 8.399999618530273
                )
            
[2024-12-01T23:55:18.961+0000] {consume_kafka_to_hive.py:105} INFO - Inserted message into Hive.
[2024-12-01T23:55:18.964+0000] {consume_kafka_to_hive.py:92} INFO - Consumed message: {'id': '5b65ada4-dfa5-479e-8c99-37d4e60dbb46', 'invoice_id': '373-73-7910', 'branch': 'A', 'city': 'Yangon', 'customer_type': 'Normal', 'gender': 'Male', 'product_line': 'Sports and travel', 'unit_price': 86.30999755859375, 'quantity': 7, 'tax_5_percent': 30.208499908447266, 'total': 634.3784790039062, 'date': '2/8/2019', 'time': '10:37', 'payment': 'Ewallet', 'cogs': 604.1699829101562, 'gross_margin_percentage': 4.761904716491699, 'gross_income': 30.208499908447266, 'rating': 5.300000190734863}
[2024-12-01T23:55:18.970+0000] {hive.py:475} INFO - 
                INSERT INTO sales VALUES (
                    '5b65ada4-dfa5-479e-8c99-37d4e60dbb46', '373-73-7910', 'A', 'Yangon', 'Normal', 'Male', 
                    'Sports and travel', 86.30999755859375, 7, 30.208499908447266, 634.3784790039062, 
                    '2/8/2019', '10:37', 'Ewallet', 604.1699829101562, 4.761904716491699, 
                    30.208499908447266, 5.300000190734863
                )
            
[2024-12-01T23:55:21.104+0000] {consume_kafka_to_hive.py:105} INFO - Inserted message into Hive.
[2024-12-01T23:55:21.105+0000] {consume_kafka_to_hive.py:92} INFO - Consumed message: {'id': '96921077-13c7-4d8a-b906-c52f541dcbb1', 'invoice_id': '699-14-3026', 'branch': 'C', 'city': 'Naypyitaw', 'customer_type': 'Normal', 'gender': 'Male', 'product_line': 'Electronic accessories', 'unit_price': 85.38999938964844, 'quantity': 7, 'tax_5_percent': 29.886499404907227, 'total': 627.6165161132812, 'date': '3/25/2019', 'time': '18:30', 'payment': 'Ewallet', 'cogs': 597.72998046875, 'gross_margin_percentage': 4.761904716491699, 'gross_income': 29.886499404907227, 'rating': 4.099999904632568}
[2024-12-01T23:55:21.114+0000] {hive.py:475} INFO - 
                INSERT INTO sales VALUES (
                    '96921077-13c7-4d8a-b906-c52f541dcbb1', '699-14-3026', 'C', 'Naypyitaw', 'Normal', 'Male', 
                    'Electronic accessories', 85.38999938964844, 7, 29.886499404907227, 627.6165161132812, 
                    '3/25/2019', '18:30', 'Ewallet', 597.72998046875, 4.761904716491699, 
                    29.886499404907227, 4.099999904632568
                )
            
[2024-12-01T23:55:23.209+0000] {consume_kafka_to_hive.py:105} INFO - Inserted message into Hive.
[2024-12-01T23:55:23.210+0000] {consume_kafka_to_hive.py:92} INFO - Consumed message: {'id': 'cafe7848-4aae-482a-adbe-82b46013bff4', 'invoice_id': '355-53-5943', 'branch': 'A', 'city': 'Yangon', 'customer_type': 'Member', 'gender': 'Female', 'product_line': 'Electronic accessories', 'unit_price': 68.83999633789062, 'quantity': 6, 'tax_5_percent': 20.652000427246094, 'total': 433.6919860839844, 'date': '2/25/2019', 'time': '14:36', 'payment': 'Ewallet', 'cogs': 413.0400085449219, 'gross_margin_percentage': 4.761904716491699, 'gross_income': 20.652000427246094, 'rating': 5.800000190734863}
[2024-12-01T23:55:23.217+0000] {hive.py:475} INFO - 
                INSERT INTO sales VALUES (
                    'cafe7848-4aae-482a-adbe-82b46013bff4', '355-53-5943', 'A', 'Yangon', 'Member', 'Female', 
                    'Electronic accessories', 68.83999633789062, 6, 20.652000427246094, 433.6919860839844, 
                    '2/25/2019', '14:36', 'Ewallet', 413.0400085449219, 4.761904716491699, 
                    20.652000427246094, 5.800000190734863
                )
            
[2024-12-01T23:55:25.183+0000] {consume_kafka_to_hive.py:105} INFO - Inserted message into Hive.
[2024-12-01T23:55:25.185+0000] {consume_kafka_to_hive.py:92} INFO - Consumed message: {'id': 'e2f55bf3-8ca7-4634-bd7d-ab70b6c834ce', 'invoice_id': '315-22-5665', 'branch': 'C', 'city': 'Naypyitaw', 'customer_type': 'Normal', 'gender': 'Female', 'product_line': 'Home and lifestyle', 'unit_price': 73.55999755859375, 'quantity': 10, 'tax_5_percent': 36.779998779296875, 'total': 772.3800048828125, 'date': '2/24/2019', 'time': '11:38', 'payment': 'Ewallet', 'cogs': 735.5999755859375, 'gross_margin_percentage': 4.761904716491699, 'gross_income': 36.779998779296875, 'rating': 8.0}
[2024-12-01T23:55:25.192+0000] {hive.py:475} INFO - 
                INSERT INTO sales VALUES (
                    'e2f55bf3-8ca7-4634-bd7d-ab70b6c834ce', '315-22-5665', 'C', 'Naypyitaw', 'Normal', 'Female', 
                    'Home and lifestyle', 73.55999755859375, 10, 36.779998779296875, 772.3800048828125, 
                    '2/24/2019', '11:38', 'Ewallet', 735.5999755859375, 4.761904716491699, 
                    36.779998779296875, 8.0
                )
            
[2024-12-01T23:55:27.753+0000] {consume_kafka_to_hive.py:105} INFO - Inserted message into Hive.
[2024-12-01T23:55:27.755+0000] {consume_kafka_to_hive.py:92} INFO - Consumed message: {'id': '67ebedde-7209-4282-832f-08df01df640c', 'invoice_id': '665-32-9167', 'branch': 'A', 'city': 'Yangon', 'customer_type': 'Member', 'gender': 'Female', 'product_line': 'Health and beauty', 'unit_price': 36.2599983215332, 'quantity': 2, 'tax_5_percent': 3.625999927520752, 'total': 76.14600372314453, 'date': '1/10/2019', 'time': '17:15', 'payment': 'Credit card', 'cogs': 72.5199966430664, 'gross_margin_percentage': 4.761904716491699, 'gross_income': 3.625999927520752, 'rating': 7.199999809265137}
[2024-12-01T23:55:27.763+0000] {hive.py:475} INFO - 
                INSERT INTO sales VALUES (
                    '67ebedde-7209-4282-832f-08df01df640c', '665-32-9167', 'A', 'Yangon', 'Member', 'Female', 
                    'Health and beauty', 36.2599983215332, 2, 3.625999927520752, 76.14600372314453, 
                    '1/10/2019', '17:15', 'Credit card', 72.5199966430664, 4.761904716491699, 
                    3.625999927520752, 7.199999809265137
                )
            
[2024-12-01T23:55:29.855+0000] {consume_kafka_to_hive.py:105} INFO - Inserted message into Hive.
[2024-12-02T00:01:23.149+0000] {local_task_job_runner.py:346} WARNING - State of this instance has been externally set to success. Terminating instance.
[2024-12-02T00:01:23.150+0000] {local_task_job_runner.py:245} INFO - ::endgroup::
[2024-12-02T00:01:23.154+0000] {process_utils.py:132} INFO - Sending 15 to group 245. PIDs of all processes in the group: [245]
[2024-12-02T00:01:23.154+0000] {process_utils.py:87} INFO - Sending the signal 15 to group 245
[2024-12-02T00:01:23.921+0000] {taskinstance.py:3093} ERROR - Received SIGTERM. Terminating subprocesses.
[2024-12-02T00:01:24.033+0000] {taskinstance.py:340} INFO - ::group::Post task execution logs
[2024-12-02T00:01:24.051+0000] {process_utils.py:80} INFO - Process psutil.Process(pid=245, status='terminated', exitcode=0, started='23:54:55') (245) terminated with exit code 0
