[2024-12-02T02:05:53.524+0000] {local_task_job_runner.py:123} INFO - ::group::Pre task execution logs
[2024-12-02T02:05:53.582+0000] {taskinstance.py:2613} INFO - Dependencies all met for dep_context=non-requeueable deps ti=<TaskInstance: batch_views_creation_dag.create_profitability_by_product_line manual__2024-12-02T02:05:19.251725+00:00 [queued]>
[2024-12-02T02:05:53.629+0000] {taskinstance.py:2613} INFO - Dependencies all met for dep_context=requeueable deps ti=<TaskInstance: batch_views_creation_dag.create_profitability_by_product_line manual__2024-12-02T02:05:19.251725+00:00 [queued]>
[2024-12-02T02:05:53.632+0000] {taskinstance.py:2866} INFO - Starting attempt 1 of 2
[2024-12-02T02:05:53.756+0000] {taskinstance.py:2889} INFO - Executing <Task(PythonOperator): create_profitability_by_product_line> on 2024-12-02 02:05:19.251725+00:00
[2024-12-02T02:05:53.763+0000] {standard_task_runner.py:72} INFO - Started process 2345 to run task
[2024-12-02T02:05:53.769+0000] {standard_task_runner.py:104} INFO - Running: ['airflow', 'tasks', 'run', 'batch_views_creation_dag', 'create_profitability_by_product_line', 'manual__2024-12-02T02:05:19.251725+00:00', '--job-id', '134', '--raw', '--subdir', 'DAGS_FOLDER/batch_views.py', '--cfg-path', '/tmp/tmppegxl17s']
[2024-12-02T02:05:53.772+0000] {standard_task_runner.py:105} INFO - Job 134: Subtask create_profitability_by_product_line
[2024-12-02T02:05:53.938+0000] {task_command.py:467} INFO - Running <TaskInstance: batch_views_creation_dag.create_profitability_by_product_line manual__2024-12-02T02:05:19.251725+00:00 [running]> on host 45770b1a429e
[2024-12-02T02:05:54.157+0000] {taskinstance.py:3132} INFO - Exporting env vars: AIRFLOW_CTX_DAG_OWNER='airflow' AIRFLOW_CTX_DAG_ID='batch_views_creation_dag' AIRFLOW_CTX_TASK_ID='create_profitability_by_product_line' AIRFLOW_CTX_EXECUTION_DATE='2024-12-02T02:05:19.251725+00:00' AIRFLOW_CTX_TRY_NUMBER='1' AIRFLOW_CTX_DAG_RUN_ID='manual__2024-12-02T02:05:19.251725+00:00'
[2024-12-02T02:05:54.160+0000] {taskinstance.py:731} INFO - ::endgroup::
[2024-12-02T02:05:54.279+0000] {hive.py:475} INFO - USE `default`
[2024-12-02T02:05:54.357+0000] {hive.py:475} INFO - 
        CREATE TABLE IF NOT EXISTS profitability_by_product_line
        (
            product_line STRING,
            total_sales DOUBLE,
            total_cost DOUBLE,
            total_profit DOUBLE
        )
        STORED AS PARQUET
    
[2024-12-02T02:05:54.389+0000] {hive.py:475} INFO - 
        INSERT INTO profitability_by_product_line
        SELECT
            product_line,
            SUM(total) AS total_sales,
            SUM(cogs) AS total_cost,
            SUM(total) - SUM(cogs) AS total_profit
        FROM
            sales
        GROUP BY
            product_line
    
[2024-12-02T02:05:56.521+0000] {batch_views.py:76} INFO - Created and populated profitability_by_product_line table
[2024-12-02T02:05:56.543+0000] {python.py:240} INFO - Done. Returned value was: None
[2024-12-02T02:05:56.572+0000] {taskinstance.py:340} INFO - ::group::Post task execution logs
[2024-12-02T02:05:56.574+0000] {taskinstance.py:352} INFO - Marking task as SUCCESS. dag_id=batch_views_creation_dag, task_id=create_profitability_by_product_line, run_id=manual__2024-12-02T02:05:19.251725+00:00, execution_date=20241202T020519, start_date=20241202T020553, end_date=20241202T020556
[2024-12-02T02:05:56.683+0000] {local_task_job_runner.py:266} INFO - Task exited with return code 0
[2024-12-02T02:05:56.767+0000] {taskinstance.py:3895} INFO - 1 downstream tasks scheduled from follow-on schedule check
[2024-12-02T02:05:56.812+0000] {local_task_job_runner.py:245} INFO - ::endgroup::
