[2024-12-01T20:38:36.078+0000] {local_task_job_runner.py:123} INFO - ::group::Pre task execution logs
[2024-12-01T20:38:36.124+0000] {taskinstance.py:2613} INFO - Dependencies all met for dep_context=non-requeueable deps ti=<TaskInstance: dag_tohive.process_task_tohive manual__2024-12-01T20:16:48.866674+00:00 [queued]>
[2024-12-01T20:38:36.155+0000] {taskinstance.py:2613} INFO - Dependencies all met for dep_context=requeueable deps ti=<TaskInstance: dag_tohive.process_task_tohive manual__2024-12-01T20:16:48.866674+00:00 [queued]>
[2024-12-01T20:38:36.157+0000] {taskinstance.py:2866} INFO - Starting attempt 3 of 2
[2024-12-01T20:38:36.223+0000] {taskinstance.py:2889} INFO - Executing <Task(PythonOperator): process_task_tohive> on 2024-12-01 20:16:48.866674+00:00
[2024-12-01T20:38:36.238+0000] {logging_mixin.py:190} WARNING - /home/airflow/.local/lib/python3.12/site-packages/airflow/task/task_runner/standard_task_runner.py:70 DeprecationWarning: This process (pid=113) is multi-threaded, use of fork() may lead to deadlocks in the child.
[2024-12-01T20:38:36.236+0000] {standard_task_runner.py:104} INFO - Running: ['airflow', 'tasks', 'run', 'dag_tohive', 'process_task_tohive', 'manual__2024-12-01T20:16:48.866674+00:00', '--job-id', '70', '--raw', '--subdir', 'DAGS_FOLDER/dag_9lines_data.py', '--cfg-path', '/tmp/tmpaz0n8rfr']
[2024-12-01T20:38:36.240+0000] {standard_task_runner.py:72} INFO - Started process 137 to run task
[2024-12-01T20:38:36.240+0000] {standard_task_runner.py:105} INFO - Job 70: Subtask process_task_tohive
[2024-12-01T20:38:36.437+0000] {task_command.py:467} INFO - Running <TaskInstance: dag_tohive.process_task_tohive manual__2024-12-01T20:16:48.866674+00:00 [running]> on host 45770b1a429e
[2024-12-01T20:38:36.703+0000] {taskinstance.py:3132} INFO - Exporting env vars: AIRFLOW_CTX_DAG_OWNER='admin' AIRFLOW_CTX_DAG_ID='dag_tohive' AIRFLOW_CTX_TASK_ID='process_task_tohive' AIRFLOW_CTX_EXECUTION_DATE='2024-12-01T20:16:48.866674+00:00' AIRFLOW_CTX_TRY_NUMBER='3' AIRFLOW_CTX_DAG_RUN_ID='manual__2024-12-01T20:16:48.866674+00:00'
[2024-12-01T20:38:36.706+0000] {taskinstance.py:731} INFO - ::endgroup::
[2024-12-01T20:38:37.799+0000] {dag_9lines_data.py:22} INFO - Message delivered to tohive [0]
[2024-12-01T20:38:37.801+0000] {dag_9lines_data.py:22} INFO - Message delivered to tohive [0]
[2024-12-01T20:38:37.802+0000] {dag_9lines_data.py:22} INFO - Message delivered to tohive [0]
[2024-12-01T20:38:37.803+0000] {dag_9lines_data.py:22} INFO - Message delivered to tohive [0]
[2024-12-01T20:38:37.804+0000] {dag_9lines_data.py:22} INFO - Message delivered to tohive [0]
[2024-12-01T20:38:37.806+0000] {dag_9lines_data.py:22} INFO - Message delivered to tohive [0]
[2024-12-01T20:38:37.807+0000] {dag_9lines_data.py:22} INFO - Message delivered to tohive [0]
[2024-12-01T20:38:37.808+0000] {dag_9lines_data.py:22} INFO - Message delivered to tohive [0]
[2024-12-01T20:38:37.809+0000] {dag_9lines_data.py:22} INFO - Message delivered to tohive [0]
[2024-12-01T20:38:37.811+0000] {dag_9lines_data.py:74} INFO - Toutes les données de test.csv ont été publiées avec succès.
[2024-12-01T20:38:37.817+0000] {python.py:240} INFO - Done. Returned value was: None
[2024-12-01T20:38:37.852+0000] {taskinstance.py:340} INFO - ::group::Post task execution logs
[2024-12-01T20:38:37.854+0000] {taskinstance.py:352} INFO - Marking task as SUCCESS. dag_id=dag_tohive, task_id=process_task_tohive, run_id=manual__2024-12-01T20:16:48.866674+00:00, execution_date=20241201T201648, start_date=20241201T203836, end_date=20241201T203837
[2024-12-01T20:38:37.990+0000] {local_task_job_runner.py:266} INFO - Task exited with return code 0
[2024-12-01T20:38:38.046+0000] {taskinstance.py:3895} INFO - 0 downstream tasks scheduled from follow-on schedule check
[2024-12-01T20:38:38.052+0000] {local_task_job_runner.py:245} INFO - ::endgroup::
