[2024-12-02T02:02:44.971+0000] {local_task_job_runner.py:123} INFO - ::group::Pre task execution logs
[2024-12-02T02:02:45.029+0000] {taskinstance.py:2613} INFO - Dependencies all met for dep_context=non-requeueable deps ti=<TaskInstance: batch_views_creation_dag.create_gender_sales_summary manual__2024-12-02T02:02:30.802013+00:00 [queued]>
[2024-12-02T02:02:45.074+0000] {taskinstance.py:2613} INFO - Dependencies all met for dep_context=requeueable deps ti=<TaskInstance: batch_views_creation_dag.create_gender_sales_summary manual__2024-12-02T02:02:30.802013+00:00 [queued]>
[2024-12-02T02:02:45.078+0000] {taskinstance.py:2866} INFO - Starting attempt 1 of 2
[2024-12-02T02:02:45.176+0000] {taskinstance.py:2889} INFO - Executing <Task(PythonOperator): create_gender_sales_summary> on 2024-12-02 02:02:30.802013+00:00
[2024-12-02T02:02:45.184+0000] {standard_task_runner.py:72} INFO - Started process 2196 to run task
[2024-12-02T02:02:45.188+0000] {standard_task_runner.py:104} INFO - Running: ['airflow', 'tasks', 'run', 'batch_views_creation_dag', 'create_gender_sales_summary', 'manual__2024-12-02T02:02:30.802013+00:00', '--job-id', '127', '--raw', '--subdir', 'DAGS_FOLDER/batch_views.py', '--cfg-path', '/tmp/tmpls2gasmn']
[2024-12-02T02:02:45.191+0000] {standard_task_runner.py:105} INFO - Job 127: Subtask create_gender_sales_summary
[2024-12-02T02:02:45.382+0000] {task_command.py:467} INFO - Running <TaskInstance: batch_views_creation_dag.create_gender_sales_summary manual__2024-12-02T02:02:30.802013+00:00 [running]> on host 45770b1a429e
[2024-12-02T02:02:45.697+0000] {taskinstance.py:3132} INFO - Exporting env vars: AIRFLOW_CTX_DAG_OWNER='airflow' AIRFLOW_CTX_DAG_ID='batch_views_creation_dag' AIRFLOW_CTX_TASK_ID='create_gender_sales_summary' AIRFLOW_CTX_EXECUTION_DATE='2024-12-02T02:02:30.802013+00:00' AIRFLOW_CTX_TRY_NUMBER='1' AIRFLOW_CTX_DAG_RUN_ID='manual__2024-12-02T02:02:30.802013+00:00'
[2024-12-02T02:02:45.699+0000] {taskinstance.py:731} INFO - ::endgroup::
[2024-12-02T02:02:45.821+0000] {hive.py:475} INFO - USE `default`
[2024-12-02T02:02:45.887+0000] {hive.py:475} INFO - 
        CREATE TABLE IF NOT EXISTS gender_sales_summary
        STORED AS PARQUET
        AS
        SELECT
            gender,
            SUM(total) AS total_sales,
            COUNT(DISTINCT invoice_id) AS total_invoices
        FROM
            sales
        GROUP BY
            gender
    
[2024-12-02T02:02:45.904+0000] {batch_views.py:121} INFO - Created gender_sales_summary view
[2024-12-02T02:02:45.914+0000] {python.py:240} INFO - Done. Returned value was: None
[2024-12-02T02:02:45.948+0000] {taskinstance.py:340} INFO - ::group::Post task execution logs
[2024-12-02T02:02:45.950+0000] {taskinstance.py:352} INFO - Marking task as SUCCESS. dag_id=batch_views_creation_dag, task_id=create_gender_sales_summary, run_id=manual__2024-12-02T02:02:30.802013+00:00, execution_date=20241202T020230, start_date=20241202T020245, end_date=20241202T020245
[2024-12-02T02:02:46.051+0000] {local_task_job_runner.py:266} INFO - Task exited with return code 0
[2024-12-02T02:02:46.139+0000] {taskinstance.py:3895} INFO - 1 downstream tasks scheduled from follow-on schedule check
[2024-12-02T02:02:46.177+0000] {local_task_job_runner.py:245} INFO - ::endgroup::
