[2024-12-05T16:16:28.688+0000] {local_task_job_runner.py:123} INFO - ::group::Pre task execution logs
[2024-12-05T16:16:28.754+0000] {taskinstance.py:2613} INFO - Dependencies all met for dep_context=non-requeueable deps ti=<TaskInstance: dag1.process_task_tag2 scheduled__2024-12-04T00:00:00+00:00 [queued]>
[2024-12-05T16:16:28.793+0000] {taskinstance.py:2613} INFO - Dependencies all met for dep_context=requeueable deps ti=<TaskInstance: dag1.process_task_tag2 scheduled__2024-12-04T00:00:00+00:00 [queued]>
[2024-12-05T16:16:28.795+0000] {taskinstance.py:2866} INFO - Starting attempt 1 of 1
[2024-12-05T16:16:28.896+0000] {taskinstance.py:2889} INFO - Executing <Task(PythonOperator): process_task_tag2> on 2024-12-04 00:00:00+00:00
[2024-12-05T16:16:28.911+0000] {logging_mixin.py:190} WARNING - /home/airflow/.local/lib/python3.12/site-packages/airflow/task/task_runner/standard_task_runner.py:70 DeprecationWarning: This process (pid=102) is multi-threaded, use of fork() may lead to deadlocks in the child.
[2024-12-05T16:16:28.913+0000] {standard_task_runner.py:72} INFO - Started process 126 to run task
[2024-12-05T16:16:28.913+0000] {standard_task_runner.py:104} INFO - Running: ['airflow', 'tasks', 'run', 'dag1', 'process_task_tag2', 'scheduled__2024-12-04T00:00:00+00:00', '--job-id', '207', '--raw', '--subdir', 'DAGS_FOLDER/dag_data.py', '--cfg-path', '/tmp/tmp25fwv2cs']
[2024-12-05T16:16:28.917+0000] {standard_task_runner.py:105} INFO - Job 207: Subtask process_task_tag2
[2024-12-05T16:16:29.094+0000] {task_command.py:467} INFO - Running <TaskInstance: dag1.process_task_tag2 scheduled__2024-12-04T00:00:00+00:00 [running]> on host 45770b1a429e
[2024-12-05T16:16:29.420+0000] {taskinstance.py:3132} INFO - Exporting env vars: AIRFLOW_CTX_DAG_OWNER='admin' AIRFLOW_CTX_DAG_ID='dag1' AIRFLOW_CTX_TASK_ID='process_task_tag2' AIRFLOW_CTX_EXECUTION_DATE='2024-12-04T00:00:00+00:00' AIRFLOW_CTX_TRY_NUMBER='1' AIRFLOW_CTX_DAG_RUN_ID='scheduled__2024-12-04T00:00:00+00:00'
[2024-12-05T16:16:29.425+0000] {taskinstance.py:731} INFO - ::endgroup::
[2024-12-05T16:16:29.549+0000] {dag_data.py:49} INFO - Processing chunk:     Invoice ID Branch       City  ... gross margin percentage gross income Rating
0  750-67-8428      A     Yangon  ...                4.761905      26.1415    9.1
1  226-31-3081      C  Naypyitaw  ...                4.761905       3.8200    9.6
2  631-41-3108      A     Yangon  ...                4.761905      16.2155    7.4
3  123-19-1176      A     Yangon  ...                4.761905      23.2880    8.4
4  373-73-7910      A     Yangon  ...                4.761905      30.2085    5.3

[5 rows x 17 columns]
[2024-12-05T16:16:59.574+0000] {dag_data.py:49} INFO - Processing chunk:      Invoice ID Branch  ... gross income Rating
50  326-78-5178      C  ...      31.9900    9.5
51  162-48-8011      A  ...      11.1475    8.5
52  616-24-2851      B  ...       3.5740    6.5
53  778-71-5554      C  ...       0.7715    6.1
54  242-55-6721      B  ...       1.6160    6.5

[5 rows x 17 columns]
[2024-12-05T16:17:29.590+0000] {dag_data.py:49} INFO - Processing chunk:       Invoice ID Branch  ... gross income Rating
100  163-56-7055      C  ...       2.4355    4.1
101  189-98-2939      C  ...      35.3475    7.2
102  551-21-3069      C  ...      10.3815    4.9
103  212-62-1842      A  ...      17.4780    9.9
104  716-39-1409      B  ...      10.6225    8.0

[5 rows x 17 columns]
[2024-12-05T16:17:59.608+0000] {dag_data.py:49} INFO - Processing chunk:       Invoice ID Branch  ... gross income Rating
150  608-96-3517      B  ...       18.308    4.8
151  584-86-7256      C  ...       12.096    7.3
152  746-94-0204      A  ...       37.458    7.4
153  214-17-6927      C  ...        4.944    9.9
154  400-89-4171      C  ...       32.388    9.3

[5 rows x 17 columns]
[2024-12-05T16:18:29.626+0000] {dag_data.py:49} INFO - Processing chunk:       Invoice ID Branch  ... gross income Rating
200  606-80-4905      C  ...       5.7450    6.8
201  542-41-0513      B  ...      11.4980    6.6
202  426-39-2418      C  ...      21.4935    9.8
203  875-46-5808      B  ...      12.9500    8.7
204  394-43-4238      B  ...       4.4425    5.4

[5 rows x 17 columns]
[2024-12-05T16:18:59.641+0000] {dag_data.py:49} INFO - Processing chunk:       Invoice ID Branch  ... gross income Rating
250  845-51-0542      B  ...      20.9475    6.4
251  662-47-5456      C  ...      17.5950    8.4
252  883-17-4236      C  ...       1.4390    7.2
253  290-68-2984      A  ...       4.7500    5.2
254  704-11-6354      A  ...      23.5600    8.9

[5 rows x 17 columns]
[2024-12-05T16:19:29.657+0000] {dag_data.py:49} INFO - Processing chunk:       Invoice ID Branch  ... gross income Rating
300  446-47-6729      C  ...       9.9820    6.7
301  573-10-3877      B  ...       1.9505    4.7
302  735-06-4124      C  ...       2.4305    4.4
303  439-54-7422      A  ...      10.2380    4.7
304  396-90-2219      B  ...       5.9840    8.6

[5 rows x 17 columns]
[2024-12-05T16:19:59.680+0000] {dag_data.py:49} INFO - Processing chunk:       Invoice ID Branch  ... gross income Rating
350  860-79-0874      C  ...      49.6500    6.6
351  834-61-8124      A  ...      18.0915    5.5
352  115-99-4379      B  ...      19.1555    8.5
353  565-67-6697      B  ...      12.1500    4.8
354  320-49-6392      C  ...       1.5120    8.4

[5 rows x 17 columns]
[2024-12-05T16:20:29.695+0000] {dag_data.py:49} INFO - Processing chunk:       Invoice ID Branch  ... gross income Rating
400  110-05-6330      C  ...      11.8290    9.4
401  651-61-0874      C  ...       9.2440    6.2
402  236-86-3015      C  ...       0.6990    9.8
403  831-64-0259      B  ...       9.9375    9.6
404  587-03-7455      C  ...      34.2265    4.9

[5 rows x 17 columns]
[2024-12-05T16:20:59.720+0000] {dag_data.py:49} INFO - Processing chunk:       Invoice ID Branch  ... gross income Rating
450  891-01-7034      B  ...      22.4130    6.7
451  744-09-5786      B  ...       6.6030    7.6
452  727-17-0390      A  ...      15.9025    4.8
453  568-88-3448      A  ...       1.2500    5.5
454  187-83-5490      A  ...       4.1540    4.7

[5 rows x 17 columns]
[2024-12-05T16:21:29.741+0000] {dag_data.py:49} INFO - Processing chunk:       Invoice ID Branch  ... gross income Rating
500  277-63-2961      B  ...       3.6985    5.4
501  573-98-8548      C  ...       1.5950    9.1
502  620-02-2046      C  ...       6.9400    9.0
503  282-35-2475      B  ...       9.3310    6.3
504  511-54-3087      B  ...       4.4225    9.5

[5 rows x 17 columns]
[2024-12-05T16:21:59.770+0000] {dag_data.py:49} INFO - Processing chunk:       Invoice ID Branch  ... gross income Rating
550  747-58-7183      B  ...       8.5905    6.5
551  582-52-8065      B  ...      24.4395    8.9
552  210-57-1719      B  ...      26.2080    9.7
553  399-69-4630      C  ...       6.6630    8.6
554  134-75-2619      A  ...       6.7620    6.9

[5 rows x 17 columns]
[2024-12-05T16:22:29.793+0000] {dag_data.py:49} INFO - Processing chunk:       Invoice ID Branch  ... gross income Rating
600  219-61-4139      C  ...       4.1540    6.4
601  881-41-7302      C  ...       3.2495    4.5
602  373-09-4567      C  ...      38.7800    6.9
603  642-30-6693      B  ...      16.3530    7.8
604  484-22-8230      C  ...      18.1615    4.5

[5 rows x 17 columns]
[2024-12-05T16:22:59.808+0000] {dag_data.py:49} INFO - Processing chunk:       Invoice ID Branch  ... gross income Rating
650  369-82-2676      B  ...       18.915    7.8
651  563-47-4072      B  ...       16.743    9.9
652  742-04-5161      A  ...       36.390    7.3
653  149-15-7606      B  ...       16.794    5.1
654  133-77-3154      B  ...       12.036    9.4

[5 rows x 17 columns]
[2024-12-05T16:23:29.832+0000] {dag_data.py:49} INFO - Processing chunk:       Invoice ID Branch  ... gross income Rating
700  626-43-7888      C  ...      24.1640    9.6
701  176-64-7711      B  ...       4.8480    4.3
702  191-29-0321      B  ...       9.8850    5.0
703  729-06-2010      B  ...      36.2115    9.2
704  640-48-5028      B  ...      39.7755    6.3

[5 rows x 17 columns]
[2024-12-05T16:23:59.847+0000] {dag_data.py:49} INFO - Processing chunk:       Invoice ID Branch  ... gross income Rating
750  210-30-7976      B  ...       4.4640    4.1
751  585-86-8361      A  ...       6.8200    8.6
752  807-14-7833      A  ...       8.7100    7.0
753  775-72-1988      B  ...      18.3200    8.4
754  288-38-3758      C  ...      12.7305    7.4

[5 rows x 17 columns]
[2024-12-05T16:24:29.864+0000] {dag_data.py:49} INFO - Processing chunk:       Invoice ID Branch  ... gross income Rating
800  751-15-6198      B  ...       6.9030    7.9
801  324-41-6833      C  ...      12.0800    5.1
802  474-33-8305      C  ...      23.5865    6.9
803  759-29-9521      A  ...      22.0320    8.0
804  831-81-6575      B  ...      34.0155    8.0

[5 rows x 17 columns]
[2024-12-05T16:24:59.882+0000] {dag_data.py:49} INFO - Processing chunk:       Invoice ID Branch  ... gross income Rating
850  843-73-4724      A  ...       3.7050    9.2
851  409-33-9708      A  ...       9.8480    9.2
852  658-66-3967      C  ...      18.6165    5.0
853  866-70-2814      B  ...      26.3950   10.0
854  160-22-2687      A  ...      23.9875    8.8

[5 rows x 17 columns]
[2024-12-05T16:25:29.908+0000] {dag_data.py:49} INFO - Processing chunk:       Invoice ID Branch  ... gross income Rating
900  377-79-7592      C  ...      20.1780    7.5
901  509-10-0516      B  ...       9.1940    5.1
902  595-94-9924      A  ...       6.9325    4.2
903  865-41-9075      A  ...       4.0355    8.1
904  545-07-8534      C  ...       5.8320    6.0

[5 rows x 17 columns]
[2024-12-05T16:25:59.933+0000] {dag_data.py:49} INFO - Processing chunk:       Invoice ID Branch  ... gross income Rating
950  503-21-4385      B  ...       5.9865    9.3
951  305-89-2768      B  ...       3.2850    4.7
952  574-80-1489      B  ...      12.5700    8.7
953  784-08-0310      C  ...       4.2080    7.6
954  200-40-6154      B  ...      19.7730    5.7

[5 rows x 17 columns]
[2024-12-05T16:26:29.953+0000] {dag_data.py:22} INFO - Message delivered to api [0]
[2024-12-05T16:26:29.955+0000] {dag_data.py:22} INFO - Message delivered to api [0]
[2024-12-05T16:26:29.956+0000] {dag_data.py:22} INFO - Message delivered to api [0]
[2024-12-05T16:26:29.957+0000] {dag_data.py:22} INFO - Message delivered to api [0]
[2024-12-05T16:26:29.959+0000] {dag_data.py:22} INFO - Message delivered to api [0]
[2024-12-05T16:26:29.960+0000] {dag_data.py:22} INFO - Message delivered to api [0]
[2024-12-05T16:26:29.961+0000] {dag_data.py:22} INFO - Message delivered to api [0]
[2024-12-05T16:26:29.962+0000] {dag_data.py:22} INFO - Message delivered to api [0]
[2024-12-05T16:26:29.964+0000] {dag_data.py:22} INFO - Message delivered to api [0]
[2024-12-05T16:26:29.966+0000] {dag_data.py:22} INFO - Message delivered to api [0]
[2024-12-05T16:26:29.967+0000] {dag_data.py:22} INFO - Message delivered to api [0]
[2024-12-05T16:26:29.968+0000] {dag_data.py:22} INFO - Message delivered to api [0]
[2024-12-05T16:26:29.969+0000] {dag_data.py:22} INFO - Message delivered to api [0]
[2024-12-05T16:26:29.971+0000] {dag_data.py:22} INFO - Message delivered to api [0]
[2024-12-05T16:26:29.972+0000] {dag_data.py:22} INFO - Message delivered to api [0]
[2024-12-05T16:26:29.973+0000] {dag_data.py:22} INFO - Message delivered to api [0]
[2024-12-05T16:26:29.975+0000] {dag_data.py:22} INFO - Message delivered to api [0]
[2024-12-05T16:26:29.978+0000] {dag_data.py:22} INFO - Message delivered to api [0]
[2024-12-05T16:26:29.985+0000] {dag_data.py:22} INFO - Message delivered to api [0]
[2024-12-05T16:26:29.987+0000] {dag_data.py:22} INFO - Message delivered to api [0]
[2024-12-05T16:26:29.988+0000] {dag_data.py:22} INFO - Message delivered to api [0]
[2024-12-05T16:26:29.990+0000] {dag_data.py:22} INFO - Message delivered to api [0]
[2024-12-05T16:26:29.992+0000] {dag_data.py:22} INFO - Message delivered to api [0]
[2024-12-05T16:26:29.993+0000] {dag_data.py:22} INFO - Message delivered to api [0]
[2024-12-05T16:26:29.995+0000] {dag_data.py:22} INFO - Message delivered to api [0]
[2024-12-05T16:26:29.996+0000] {dag_data.py:22} INFO - Message delivered to api [0]
[2024-12-05T16:26:29.997+0000] {dag_data.py:22} INFO - Message delivered to api [0]
[2024-12-05T16:26:29.998+0000] {dag_data.py:22} INFO - Message delivered to api [0]
[2024-12-05T16:26:29.999+0000] {dag_data.py:22} INFO - Message delivered to api [0]
[2024-12-05T16:26:30.000+0000] {dag_data.py:22} INFO - Message delivered to api [0]
[2024-12-05T16:26:30.001+0000] {dag_data.py:22} INFO - Message delivered to api [0]
[2024-12-05T16:26:30.002+0000] {dag_data.py:22} INFO - Message delivered to api [0]
[2024-12-05T16:26:30.003+0000] {dag_data.py:22} INFO - Message delivered to api [0]
[2024-12-05T16:26:30.004+0000] {dag_data.py:22} INFO - Message delivered to api [0]
[2024-12-05T16:26:30.005+0000] {dag_data.py:22} INFO - Message delivered to api [0]
[2024-12-05T16:26:30.006+0000] {dag_data.py:22} INFO - Message delivered to api [0]
[2024-12-05T16:26:30.007+0000] {dag_data.py:22} INFO - Message delivered to api [0]
[2024-12-05T16:26:30.008+0000] {dag_data.py:22} INFO - Message delivered to api [0]
[2024-12-05T16:26:30.009+0000] {dag_data.py:22} INFO - Message delivered to api [0]
[2024-12-05T16:26:30.011+0000] {dag_data.py:22} INFO - Message delivered to api [0]
[2024-12-05T16:26:30.012+0000] {dag_data.py:22} INFO - Message delivered to api [0]
[2024-12-05T16:26:30.013+0000] {dag_data.py:22} INFO - Message delivered to api [0]
[2024-12-05T16:26:30.014+0000] {dag_data.py:22} INFO - Message delivered to api [0]
[2024-12-05T16:26:30.016+0000] {dag_data.py:22} INFO - Message delivered to api [0]
[2024-12-05T16:26:30.017+0000] {dag_data.py:22} INFO - Message delivered to api [0]
[2024-12-05T16:26:30.018+0000] {dag_data.py:22} INFO - Message delivered to api [0]
[2024-12-05T16:26:30.019+0000] {dag_data.py:22} INFO - Message delivered to api [0]
[2024-12-05T16:26:30.020+0000] {dag_data.py:22} INFO - Message delivered to api [0]
[2024-12-05T16:26:30.022+0000] {dag_data.py:22} INFO - Message delivered to api [0]
[2024-12-05T16:26:30.023+0000] {dag_data.py:22} INFO - Message delivered to api [0]
[2024-12-05T16:26:30.024+0000] {dag_data.py:22} INFO - Message delivered to api [0]
[2024-12-05T16:26:30.025+0000] {dag_data.py:22} INFO - Message delivered to api [0]
[2024-12-05T16:26:30.026+0000] {dag_data.py:22} INFO - Message delivered to api [0]
[2024-12-05T16:26:30.028+0000] {dag_data.py:22} INFO - Message delivered to api [0]
[2024-12-05T16:26:30.029+0000] {dag_data.py:22} INFO - Message delivered to api [0]
[2024-12-05T16:26:30.030+0000] {dag_data.py:22} INFO - Message delivered to api [0]
[2024-12-05T16:26:30.031+0000] {dag_data.py:22} INFO - Message delivered to api [0]
[2024-12-05T16:26:30.032+0000] {dag_data.py:22} INFO - Message delivered to api [0]
[2024-12-05T16:26:30.033+0000] {dag_data.py:22} INFO - Message delivered to api [0]
[2024-12-05T16:26:30.034+0000] {dag_data.py:22} INFO - Message delivered to api [0]
[2024-12-05T16:26:30.035+0000] {dag_data.py:22} INFO - Message delivered to api [0]
[2024-12-05T16:26:30.036+0000] {dag_data.py:22} INFO - Message delivered to api [0]
[2024-12-05T16:26:30.037+0000] {dag_data.py:22} INFO - Message delivered to api [0]
[2024-12-05T16:26:30.038+0000] {dag_data.py:22} INFO - Message delivered to api [0]
[2024-12-05T16:26:30.039+0000] {dag_data.py:22} INFO - Message delivered to api [0]
[2024-12-05T16:26:30.040+0000] {dag_data.py:22} INFO - Message delivered to api [0]
[2024-12-05T16:26:30.041+0000] {dag_data.py:22} INFO - Message delivered to api [0]
[2024-12-05T16:26:30.042+0000] {dag_data.py:22} INFO - Message delivered to api [0]
[2024-12-05T16:26:30.043+0000] {dag_data.py:22} INFO - Message delivered to api [0]
[2024-12-05T16:26:30.044+0000] {dag_data.py:22} INFO - Message delivered to api [0]
[2024-12-05T16:26:30.045+0000] {dag_data.py:22} INFO - Message delivered to api [0]
[2024-12-05T16:26:30.046+0000] {dag_data.py:22} INFO - Message delivered to api [0]
[2024-12-05T16:26:30.047+0000] {dag_data.py:22} INFO - Message delivered to api [0]
[2024-12-05T16:26:30.048+0000] {dag_data.py:22} INFO - Message delivered to api [0]
[2024-12-05T16:26:30.049+0000] {dag_data.py:22} INFO - Message delivered to api [0]
[2024-12-05T16:26:30.050+0000] {dag_data.py:22} INFO - Message delivered to api [0]
[2024-12-05T16:26:30.050+0000] {dag_data.py:22} INFO - Message delivered to api [0]
[2024-12-05T16:26:30.051+0000] {dag_data.py:22} INFO - Message delivered to api [0]
[2024-12-05T16:26:30.052+0000] {dag_data.py:22} INFO - Message delivered to api [0]
[2024-12-05T16:26:30.053+0000] {dag_data.py:22} INFO - Message delivered to api [0]
[2024-12-05T16:26:30.054+0000] {dag_data.py:22} INFO - Message delivered to api [0]
[2024-12-05T16:26:30.054+0000] {dag_data.py:22} INFO - Message delivered to api [0]
[2024-12-05T16:26:30.055+0000] {dag_data.py:22} INFO - Message delivered to api [0]
[2024-12-05T16:26:30.056+0000] {dag_data.py:22} INFO - Message delivered to api [0]
[2024-12-05T16:26:30.057+0000] {dag_data.py:22} INFO - Message delivered to api [0]
[2024-12-05T16:26:30.058+0000] {dag_data.py:22} INFO - Message delivered to api [0]
[2024-12-05T16:26:30.059+0000] {dag_data.py:22} INFO - Message delivered to api [0]
[2024-12-05T16:26:30.060+0000] {dag_data.py:22} INFO - Message delivered to api [0]
[2024-12-05T16:26:30.061+0000] {dag_data.py:22} INFO - Message delivered to api [0]
[2024-12-05T16:26:30.061+0000] {dag_data.py:22} INFO - Message delivered to api [0]
[2024-12-05T16:26:30.062+0000] {dag_data.py:22} INFO - Message delivered to api [0]
[2024-12-05T16:26:30.064+0000] {dag_data.py:22} INFO - Message delivered to api [0]
[2024-12-05T16:26:30.064+0000] {dag_data.py:22} INFO - Message delivered to api [0]
[2024-12-05T16:26:30.065+0000] {dag_data.py:22} INFO - Message delivered to api [0]
[2024-12-05T16:26:30.066+0000] {dag_data.py:22} INFO - Message delivered to api [0]
[2024-12-05T16:26:30.067+0000] {dag_data.py:22} INFO - Message delivered to api [0]
[2024-12-05T16:26:30.068+0000] {dag_data.py:22} INFO - Message delivered to api [0]
[2024-12-05T16:26:30.069+0000] {dag_data.py:22} INFO - Message delivered to api [0]
[2024-12-05T16:26:30.070+0000] {dag_data.py:22} INFO - Message delivered to api [0]
[2024-12-05T16:26:30.071+0000] {dag_data.py:22} INFO - Message delivered to api [0]
[2024-12-05T16:26:30.072+0000] {dag_data.py:22} INFO - Message delivered to api [0]
[2024-12-05T16:26:30.073+0000] {dag_data.py:22} INFO - Message delivered to api [0]
[2024-12-05T16:26:30.074+0000] {dag_data.py:22} INFO - Message delivered to api [0]
[2024-12-05T16:26:30.075+0000] {dag_data.py:22} INFO - Message delivered to api [0]
[2024-12-05T16:26:30.076+0000] {dag_data.py:22} INFO - Message delivered to api [0]
[2024-12-05T16:26:30.077+0000] {dag_data.py:22} INFO - Message delivered to api [0]
[2024-12-05T16:26:30.078+0000] {dag_data.py:22} INFO - Message delivered to api [0]
[2024-12-05T16:26:30.079+0000] {dag_data.py:22} INFO - Message delivered to api [0]
[2024-12-05T16:26:30.079+0000] {dag_data.py:22} INFO - Message delivered to api [0]
[2024-12-05T16:26:30.080+0000] {dag_data.py:22} INFO - Message delivered to api [0]
[2024-12-05T16:26:30.081+0000] {dag_data.py:22} INFO - Message delivered to api [0]
[2024-12-05T16:26:30.081+0000] {dag_data.py:22} INFO - Message delivered to api [0]
[2024-12-05T16:26:30.082+0000] {dag_data.py:22} INFO - Message delivered to api [0]
[2024-12-05T16:26:30.083+0000] {dag_data.py:22} INFO - Message delivered to api [0]
[2024-12-05T16:26:30.084+0000] {dag_data.py:22} INFO - Message delivered to api [0]
[2024-12-05T16:26:30.084+0000] {dag_data.py:22} INFO - Message delivered to api [0]
[2024-12-05T16:26:30.085+0000] {dag_data.py:22} INFO - Message delivered to api [0]
[2024-12-05T16:26:30.086+0000] {dag_data.py:22} INFO - Message delivered to api [0]
[2024-12-05T16:26:30.087+0000] {dag_data.py:22} INFO - Message delivered to api [0]
[2024-12-05T16:26:30.088+0000] {dag_data.py:22} INFO - Message delivered to api [0]
[2024-12-05T16:26:30.089+0000] {dag_data.py:22} INFO - Message delivered to api [0]
[2024-12-05T16:26:30.089+0000] {dag_data.py:22} INFO - Message delivered to api [0]
[2024-12-05T16:26:30.090+0000] {dag_data.py:22} INFO - Message delivered to api [0]
[2024-12-05T16:26:30.091+0000] {dag_data.py:22} INFO - Message delivered to api [0]
[2024-12-05T16:26:30.092+0000] {dag_data.py:22} INFO - Message delivered to api [0]
[2024-12-05T16:26:30.093+0000] {dag_data.py:22} INFO - Message delivered to api [0]
[2024-12-05T16:26:30.094+0000] {dag_data.py:22} INFO - Message delivered to api [0]
[2024-12-05T16:26:30.095+0000] {dag_data.py:22} INFO - Message delivered to api [0]
[2024-12-05T16:26:30.095+0000] {dag_data.py:22} INFO - Message delivered to api [0]
[2024-12-05T16:26:30.096+0000] {dag_data.py:22} INFO - Message delivered to api [0]
[2024-12-05T16:26:30.097+0000] {dag_data.py:22} INFO - Message delivered to api [0]
[2024-12-05T16:26:30.098+0000] {dag_data.py:22} INFO - Message delivered to api [0]
[2024-12-05T16:26:30.099+0000] {dag_data.py:22} INFO - Message delivered to api [0]
[2024-12-05T16:26:30.100+0000] {dag_data.py:22} INFO - Message delivered to api [0]
[2024-12-05T16:26:30.101+0000] {dag_data.py:22} INFO - Message delivered to api [0]
[2024-12-05T16:26:30.101+0000] {dag_data.py:22} INFO - Message delivered to api [0]
[2024-12-05T16:26:30.102+0000] {dag_data.py:22} INFO - Message delivered to api [0]
[2024-12-05T16:26:30.103+0000] {dag_data.py:22} INFO - Message delivered to api [0]
[2024-12-05T16:26:30.104+0000] {dag_data.py:22} INFO - Message delivered to api [0]
[2024-12-05T16:26:30.104+0000] {dag_data.py:22} INFO - Message delivered to api [0]
[2024-12-05T16:26:30.105+0000] {dag_data.py:22} INFO - Message delivered to api [0]
[2024-12-05T16:26:30.106+0000] {dag_data.py:22} INFO - Message delivered to api [0]
[2024-12-05T16:26:30.106+0000] {dag_data.py:22} INFO - Message delivered to api [0]
[2024-12-05T16:26:30.107+0000] {dag_data.py:22} INFO - Message delivered to api [0]
[2024-12-05T16:26:30.108+0000] {dag_data.py:22} INFO - Message delivered to api [0]
[2024-12-05T16:26:30.109+0000] {dag_data.py:22} INFO - Message delivered to api [0]
[2024-12-05T16:26:30.109+0000] {dag_data.py:22} INFO - Message delivered to api [0]
[2024-12-05T16:26:30.110+0000] {dag_data.py:22} INFO - Message delivered to api [0]
[2024-12-05T16:26:30.110+0000] {dag_data.py:22} INFO - Message delivered to api [0]
[2024-12-05T16:26:30.111+0000] {dag_data.py:22} INFO - Message delivered to api [0]
[2024-12-05T16:26:30.111+0000] {dag_data.py:22} INFO - Message delivered to api [0]
[2024-12-05T16:26:30.112+0000] {dag_data.py:22} INFO - Message delivered to api [0]
[2024-12-05T16:26:30.112+0000] {dag_data.py:22} INFO - Message delivered to api [0]
[2024-12-05T16:26:30.113+0000] {dag_data.py:22} INFO - Message delivered to api [0]
[2024-12-05T16:26:30.113+0000] {dag_data.py:22} INFO - Message delivered to api [0]
[2024-12-05T16:26:30.114+0000] {dag_data.py:22} INFO - Message delivered to api [0]
[2024-12-05T16:26:30.114+0000] {dag_data.py:22} INFO - Message delivered to api [0]
[2024-12-05T16:26:30.115+0000] {dag_data.py:22} INFO - Message delivered to api [0]
[2024-12-05T16:26:30.116+0000] {dag_data.py:22} INFO - Message delivered to api [0]
[2024-12-05T16:26:30.116+0000] {dag_data.py:22} INFO - Message delivered to api [0]
[2024-12-05T16:26:30.117+0000] {dag_data.py:22} INFO - Message delivered to api [0]
[2024-12-05T16:26:30.117+0000] {dag_data.py:22} INFO - Message delivered to api [0]
[2024-12-05T16:26:30.118+0000] {dag_data.py:22} INFO - Message delivered to api [0]
[2024-12-05T16:26:30.118+0000] {dag_data.py:22} INFO - Message delivered to api [0]
[2024-12-05T16:26:30.119+0000] {dag_data.py:22} INFO - Message delivered to api [0]
[2024-12-05T16:26:30.119+0000] {dag_data.py:22} INFO - Message delivered to api [0]
[2024-12-05T16:26:30.120+0000] {dag_data.py:22} INFO - Message delivered to api [0]
[2024-12-05T16:26:30.120+0000] {dag_data.py:22} INFO - Message delivered to api [0]
[2024-12-05T16:26:30.121+0000] {dag_data.py:22} INFO - Message delivered to api [0]
[2024-12-05T16:26:30.122+0000] {dag_data.py:22} INFO - Message delivered to api [0]
[2024-12-05T16:26:30.122+0000] {dag_data.py:22} INFO - Message delivered to api [0]
[2024-12-05T16:26:30.123+0000] {dag_data.py:22} INFO - Message delivered to api [0]
[2024-12-05T16:26:30.124+0000] {dag_data.py:22} INFO - Message delivered to api [0]
[2024-12-05T16:26:30.124+0000] {dag_data.py:22} INFO - Message delivered to api [0]
[2024-12-05T16:26:30.125+0000] {dag_data.py:22} INFO - Message delivered to api [0]
[2024-12-05T16:26:30.126+0000] {dag_data.py:22} INFO - Message delivered to api [0]
[2024-12-05T16:26:30.126+0000] {dag_data.py:22} INFO - Message delivered to api [0]
[2024-12-05T16:26:30.127+0000] {dag_data.py:22} INFO - Message delivered to api [0]
[2024-12-05T16:26:30.128+0000] {dag_data.py:22} INFO - Message delivered to api [0]
[2024-12-05T16:26:30.128+0000] {dag_data.py:22} INFO - Message delivered to api [0]
[2024-12-05T16:26:30.129+0000] {dag_data.py:22} INFO - Message delivered to api [0]
[2024-12-05T16:26:30.129+0000] {dag_data.py:22} INFO - Message delivered to api [0]
[2024-12-05T16:26:30.130+0000] {dag_data.py:22} INFO - Message delivered to api [0]
[2024-12-05T16:26:30.130+0000] {dag_data.py:22} INFO - Message delivered to api [0]
[2024-12-05T16:26:30.131+0000] {dag_data.py:22} INFO - Message delivered to api [0]
[2024-12-05T16:26:30.131+0000] {dag_data.py:22} INFO - Message delivered to api [0]
[2024-12-05T16:26:30.132+0000] {dag_data.py:22} INFO - Message delivered to api [0]
[2024-12-05T16:26:30.132+0000] {dag_data.py:22} INFO - Message delivered to api [0]
[2024-12-05T16:26:30.133+0000] {dag_data.py:22} INFO - Message delivered to api [0]
[2024-12-05T16:26:30.133+0000] {dag_data.py:22} INFO - Message delivered to api [0]
[2024-12-05T16:26:30.134+0000] {dag_data.py:22} INFO - Message delivered to api [0]
[2024-12-05T16:26:30.135+0000] {dag_data.py:22} INFO - Message delivered to api [0]
[2024-12-05T16:26:30.135+0000] {dag_data.py:22} INFO - Message delivered to api [0]
[2024-12-05T16:26:30.136+0000] {dag_data.py:22} INFO - Message delivered to api [0]
[2024-12-05T16:26:30.136+0000] {dag_data.py:22} INFO - Message delivered to api [0]
[2024-12-05T16:26:30.137+0000] {dag_data.py:22} INFO - Message delivered to api [0]
[2024-12-05T16:26:30.137+0000] {dag_data.py:22} INFO - Message delivered to api [0]
[2024-12-05T16:26:30.138+0000] {dag_data.py:22} INFO - Message delivered to api [0]
[2024-12-05T16:26:30.139+0000] {dag_data.py:22} INFO - Message delivered to api [0]
[2024-12-05T16:26:30.139+0000] {dag_data.py:22} INFO - Message delivered to api [0]
[2024-12-05T16:26:30.140+0000] {dag_data.py:22} INFO - Message delivered to api [0]
[2024-12-05T16:26:30.141+0000] {dag_data.py:22} INFO - Message delivered to api [0]
[2024-12-05T16:26:30.141+0000] {dag_data.py:22} INFO - Message delivered to api [0]
[2024-12-05T16:26:30.142+0000] {dag_data.py:22} INFO - Message delivered to api [0]
[2024-12-05T16:26:30.142+0000] {dag_data.py:22} INFO - Message delivered to api [0]
[2024-12-05T16:26:30.143+0000] {dag_data.py:22} INFO - Message delivered to api [0]
[2024-12-05T16:26:30.143+0000] {dag_data.py:22} INFO - Message delivered to api [0]
[2024-12-05T16:26:30.144+0000] {dag_data.py:22} INFO - Message delivered to api [0]
[2024-12-05T16:26:30.144+0000] {dag_data.py:22} INFO - Message delivered to api [0]
[2024-12-05T16:26:30.145+0000] {dag_data.py:22} INFO - Message delivered to api [0]
[2024-12-05T16:26:30.146+0000] {dag_data.py:22} INFO - Message delivered to api [0]
[2024-12-05T16:26:30.147+0000] {dag_data.py:22} INFO - Message delivered to api [0]
[2024-12-05T16:26:30.147+0000] {dag_data.py:22} INFO - Message delivered to api [0]
[2024-12-05T16:26:30.148+0000] {dag_data.py:22} INFO - Message delivered to api [0]
[2024-12-05T16:26:30.148+0000] {dag_data.py:22} INFO - Message delivered to api [0]
[2024-12-05T16:26:30.149+0000] {dag_data.py:22} INFO - Message delivered to api [0]
[2024-12-05T16:26:30.150+0000] {dag_data.py:22} INFO - Message delivered to api [0]
[2024-12-05T16:26:30.150+0000] {dag_data.py:22} INFO - Message delivered to api [0]
[2024-12-05T16:26:30.151+0000] {dag_data.py:22} INFO - Message delivered to api [0]
[2024-12-05T16:26:30.152+0000] {dag_data.py:22} INFO - Message delivered to api [0]
[2024-12-05T16:26:30.152+0000] {dag_data.py:22} INFO - Message delivered to api [0]
[2024-12-05T16:26:30.153+0000] {dag_data.py:22} INFO - Message delivered to api [0]
[2024-12-05T16:26:30.153+0000] {dag_data.py:22} INFO - Message delivered to api [0]
[2024-12-05T16:26:30.154+0000] {dag_data.py:22} INFO - Message delivered to api [0]
[2024-12-05T16:26:30.155+0000] {dag_data.py:22} INFO - Message delivered to api [0]
[2024-12-05T16:26:30.156+0000] {dag_data.py:22} INFO - Message delivered to api [0]
[2024-12-05T16:26:30.156+0000] {dag_data.py:22} INFO - Message delivered to api [0]
[2024-12-05T16:26:30.157+0000] {dag_data.py:22} INFO - Message delivered to api [0]
[2024-12-05T16:26:30.158+0000] {dag_data.py:22} INFO - Message delivered to api [0]
[2024-12-05T16:26:30.158+0000] {dag_data.py:22} INFO - Message delivered to api [0]
[2024-12-05T16:26:30.159+0000] {dag_data.py:22} INFO - Message delivered to api [0]
[2024-12-05T16:26:30.159+0000] {dag_data.py:22} INFO - Message delivered to api [0]
[2024-12-05T16:26:30.160+0000] {dag_data.py:22} INFO - Message delivered to api [0]
[2024-12-05T16:26:30.160+0000] {dag_data.py:22} INFO - Message delivered to api [0]
[2024-12-05T16:26:30.161+0000] {dag_data.py:22} INFO - Message delivered to api [0]
[2024-12-05T16:26:30.161+0000] {dag_data.py:22} INFO - Message delivered to api [0]
[2024-12-05T16:26:30.161+0000] {dag_data.py:22} INFO - Message delivered to api [0]
[2024-12-05T16:26:30.162+0000] {dag_data.py:22} INFO - Message delivered to api [0]
[2024-12-05T16:26:30.162+0000] {dag_data.py:22} INFO - Message delivered to api [0]
[2024-12-05T16:26:30.162+0000] {dag_data.py:22} INFO - Message delivered to api [0]
[2024-12-05T16:26:30.163+0000] {dag_data.py:22} INFO - Message delivered to api [0]
[2024-12-05T16:26:30.163+0000] {dag_data.py:22} INFO - Message delivered to api [0]
[2024-12-05T16:26:30.163+0000] {dag_data.py:22} INFO - Message delivered to api [0]
[2024-12-05T16:26:30.164+0000] {dag_data.py:22} INFO - Message delivered to api [0]
[2024-12-05T16:26:30.164+0000] {dag_data.py:22} INFO - Message delivered to api [0]
[2024-12-05T16:26:30.165+0000] {dag_data.py:22} INFO - Message delivered to api [0]
[2024-12-05T16:26:30.165+0000] {dag_data.py:22} INFO - Message delivered to api [0]
[2024-12-05T16:26:30.166+0000] {dag_data.py:22} INFO - Message delivered to api [0]
[2024-12-05T16:26:30.166+0000] {dag_data.py:22} INFO - Message delivered to api [0]
[2024-12-05T16:26:30.166+0000] {dag_data.py:22} INFO - Message delivered to api [0]
[2024-12-05T16:26:30.167+0000] {dag_data.py:22} INFO - Message delivered to api [0]
[2024-12-05T16:26:30.167+0000] {dag_data.py:22} INFO - Message delivered to api [0]
[2024-12-05T16:26:30.167+0000] {dag_data.py:22} INFO - Message delivered to api [0]
[2024-12-05T16:26:30.168+0000] {dag_data.py:22} INFO - Message delivered to api [0]
[2024-12-05T16:26:30.168+0000] {dag_data.py:22} INFO - Message delivered to api [0]
[2024-12-05T16:26:30.168+0000] {dag_data.py:22} INFO - Message delivered to api [0]
[2024-12-05T16:26:30.169+0000] {dag_data.py:22} INFO - Message delivered to api [0]
[2024-12-05T16:26:30.169+0000] {dag_data.py:22} INFO - Message delivered to api [0]
[2024-12-05T16:26:30.169+0000] {dag_data.py:22} INFO - Message delivered to api [0]
[2024-12-05T16:26:30.170+0000] {dag_data.py:22} INFO - Message delivered to api [0]
[2024-12-05T16:26:30.170+0000] {dag_data.py:22} INFO - Message delivered to api [0]
[2024-12-05T16:26:30.170+0000] {dag_data.py:22} INFO - Message delivered to api [0]
[2024-12-05T16:26:30.171+0000] {dag_data.py:22} INFO - Message delivered to api [0]
[2024-12-05T16:26:30.171+0000] {dag_data.py:22} INFO - Message delivered to api [0]
[2024-12-05T16:26:30.171+0000] {dag_data.py:22} INFO - Message delivered to api [0]
[2024-12-05T16:26:30.172+0000] {dag_data.py:22} INFO - Message delivered to api [0]
[2024-12-05T16:26:30.172+0000] {dag_data.py:22} INFO - Message delivered to api [0]
[2024-12-05T16:26:30.172+0000] {dag_data.py:22} INFO - Message delivered to api [0]
[2024-12-05T16:26:30.173+0000] {dag_data.py:22} INFO - Message delivered to api [0]
[2024-12-05T16:26:30.173+0000] {dag_data.py:22} INFO - Message delivered to api [0]
[2024-12-05T16:26:30.174+0000] {dag_data.py:22} INFO - Message delivered to api [0]
[2024-12-05T16:26:30.174+0000] {dag_data.py:22} INFO - Message delivered to api [0]
[2024-12-05T16:26:30.175+0000] {dag_data.py:22} INFO - Message delivered to api [0]
[2024-12-05T16:26:30.175+0000] {dag_data.py:22} INFO - Message delivered to api [0]
[2024-12-05T16:26:30.176+0000] {dag_data.py:22} INFO - Message delivered to api [0]
[2024-12-05T16:26:30.176+0000] {dag_data.py:22} INFO - Message delivered to api [0]
[2024-12-05T16:26:30.177+0000] {dag_data.py:22} INFO - Message delivered to api [0]
[2024-12-05T16:26:30.177+0000] {dag_data.py:22} INFO - Message delivered to api [0]
[2024-12-05T16:26:30.177+0000] {dag_data.py:22} INFO - Message delivered to api [0]
[2024-12-05T16:26:30.178+0000] {dag_data.py:22} INFO - Message delivered to api [0]
[2024-12-05T16:26:30.178+0000] {dag_data.py:22} INFO - Message delivered to api [0]
[2024-12-05T16:26:30.179+0000] {dag_data.py:22} INFO - Message delivered to api [0]
[2024-12-05T16:26:30.179+0000] {dag_data.py:22} INFO - Message delivered to api [0]
[2024-12-05T16:26:30.179+0000] {dag_data.py:22} INFO - Message delivered to api [0]
[2024-12-05T16:26:30.180+0000] {dag_data.py:22} INFO - Message delivered to api [0]
[2024-12-05T16:26:30.180+0000] {dag_data.py:22} INFO - Message delivered to api [0]
[2024-12-05T16:26:30.180+0000] {dag_data.py:22} INFO - Message delivered to api [0]
[2024-12-05T16:26:30.181+0000] {dag_data.py:22} INFO - Message delivered to api [0]
[2024-12-05T16:26:30.181+0000] {dag_data.py:22} INFO - Message delivered to api [0]
[2024-12-05T16:26:30.181+0000] {dag_data.py:22} INFO - Message delivered to api [0]
[2024-12-05T16:26:30.182+0000] {dag_data.py:22} INFO - Message delivered to api [0]
[2024-12-05T16:26:30.182+0000] {dag_data.py:22} INFO - Message delivered to api [0]
[2024-12-05T16:26:30.182+0000] {dag_data.py:22} INFO - Message delivered to api [0]
[2024-12-05T16:26:30.183+0000] {dag_data.py:22} INFO - Message delivered to api [0]
[2024-12-05T16:26:30.183+0000] {dag_data.py:22} INFO - Message delivered to api [0]
[2024-12-05T16:26:30.183+0000] {dag_data.py:22} INFO - Message delivered to api [0]
[2024-12-05T16:26:30.184+0000] {dag_data.py:22} INFO - Message delivered to api [0]
[2024-12-05T16:26:30.184+0000] {dag_data.py:22} INFO - Message delivered to api [0]
[2024-12-05T16:26:30.184+0000] {dag_data.py:22} INFO - Message delivered to api [0]
[2024-12-05T16:26:30.185+0000] {dag_data.py:22} INFO - Message delivered to api [0]
[2024-12-05T16:26:30.185+0000] {dag_data.py:22} INFO - Message delivered to api [0]
[2024-12-05T16:26:30.186+0000] {dag_data.py:22} INFO - Message delivered to api [0]
[2024-12-05T16:26:30.186+0000] {dag_data.py:22} INFO - Message delivered to api [0]
[2024-12-05T16:26:30.186+0000] {dag_data.py:22} INFO - Message delivered to api [0]
[2024-12-05T16:26:30.187+0000] {dag_data.py:22} INFO - Message delivered to api [0]
[2024-12-05T16:26:30.187+0000] {dag_data.py:22} INFO - Message delivered to api [0]
[2024-12-05T16:26:30.188+0000] {dag_data.py:22} INFO - Message delivered to api [0]
[2024-12-05T16:26:30.188+0000] {dag_data.py:22} INFO - Message delivered to api [0]
[2024-12-05T16:26:30.188+0000] {dag_data.py:22} INFO - Message delivered to api [0]
[2024-12-05T16:26:30.189+0000] {dag_data.py:22} INFO - Message delivered to api [0]
[2024-12-05T16:26:30.189+0000] {dag_data.py:22} INFO - Message delivered to api [0]
[2024-12-05T16:26:30.189+0000] {dag_data.py:22} INFO - Message delivered to api [0]
[2024-12-05T16:26:30.190+0000] {dag_data.py:22} INFO - Message delivered to api [0]
[2024-12-05T16:26:30.190+0000] {dag_data.py:22} INFO - Message delivered to api [0]
[2024-12-05T16:26:30.191+0000] {dag_data.py:22} INFO - Message delivered to api [0]
[2024-12-05T16:26:30.191+0000] {dag_data.py:22} INFO - Message delivered to api [0]
[2024-12-05T16:26:30.191+0000] {dag_data.py:22} INFO - Message delivered to api [0]
[2024-12-05T16:26:30.192+0000] {dag_data.py:22} INFO - Message delivered to api [0]
[2024-12-05T16:26:30.192+0000] {dag_data.py:22} INFO - Message delivered to api [0]
[2024-12-05T16:26:30.192+0000] {dag_data.py:22} INFO - Message delivered to api [0]
[2024-12-05T16:26:30.193+0000] {dag_data.py:22} INFO - Message delivered to api [0]
[2024-12-05T16:26:30.193+0000] {dag_data.py:22} INFO - Message delivered to api [0]
[2024-12-05T16:26:30.193+0000] {dag_data.py:22} INFO - Message delivered to api [0]
[2024-12-05T16:26:30.194+0000] {dag_data.py:22} INFO - Message delivered to api [0]
[2024-12-05T16:26:30.194+0000] {dag_data.py:22} INFO - Message delivered to api [0]
[2024-12-05T16:26:30.194+0000] {dag_data.py:22} INFO - Message delivered to api [0]
[2024-12-05T16:26:30.195+0000] {dag_data.py:22} INFO - Message delivered to api [0]
[2024-12-05T16:26:30.195+0000] {dag_data.py:22} INFO - Message delivered to api [0]
[2024-12-05T16:26:30.196+0000] {dag_data.py:22} INFO - Message delivered to api [0]
[2024-12-05T16:26:30.196+0000] {dag_data.py:22} INFO - Message delivered to api [0]
[2024-12-05T16:26:30.197+0000] {dag_data.py:22} INFO - Message delivered to api [0]
[2024-12-05T16:26:30.197+0000] {dag_data.py:22} INFO - Message delivered to api [0]
[2024-12-05T16:26:30.197+0000] {dag_data.py:22} INFO - Message delivered to api [0]
[2024-12-05T16:26:30.197+0000] {dag_data.py:22} INFO - Message delivered to api [0]
[2024-12-05T16:26:30.198+0000] {dag_data.py:22} INFO - Message delivered to api [0]
[2024-12-05T16:26:30.198+0000] {dag_data.py:22} INFO - Message delivered to api [0]
[2024-12-05T16:26:30.198+0000] {dag_data.py:22} INFO - Message delivered to api [0]
[2024-12-05T16:26:30.199+0000] {dag_data.py:22} INFO - Message delivered to api [0]
[2024-12-05T16:26:30.199+0000] {dag_data.py:22} INFO - Message delivered to api [0]
[2024-12-05T16:26:30.200+0000] {dag_data.py:22} INFO - Message delivered to api [0]
[2024-12-05T16:26:30.200+0000] {dag_data.py:22} INFO - Message delivered to api [0]
[2024-12-05T16:26:30.200+0000] {dag_data.py:22} INFO - Message delivered to api [0]
[2024-12-05T16:26:30.201+0000] {dag_data.py:22} INFO - Message delivered to api [0]
[2024-12-05T16:26:30.201+0000] {dag_data.py:22} INFO - Message delivered to api [0]
[2024-12-05T16:26:30.201+0000] {dag_data.py:22} INFO - Message delivered to api [0]
[2024-12-05T16:26:30.202+0000] {dag_data.py:22} INFO - Message delivered to api [0]
[2024-12-05T16:26:30.202+0000] {dag_data.py:22} INFO - Message delivered to api [0]
[2024-12-05T16:26:30.202+0000] {dag_data.py:22} INFO - Message delivered to api [0]
[2024-12-05T16:26:30.203+0000] {dag_data.py:22} INFO - Message delivered to api [0]
[2024-12-05T16:26:30.203+0000] {dag_data.py:22} INFO - Message delivered to api [0]
[2024-12-05T16:26:30.203+0000] {dag_data.py:22} INFO - Message delivered to api [0]
[2024-12-05T16:26:30.204+0000] {dag_data.py:22} INFO - Message delivered to api [0]
[2024-12-05T16:26:30.204+0000] {dag_data.py:22} INFO - Message delivered to api [0]
[2024-12-05T16:26:30.205+0000] {dag_data.py:22} INFO - Message delivered to api [0]
[2024-12-05T16:26:30.205+0000] {dag_data.py:22} INFO - Message delivered to api [0]
[2024-12-05T16:26:30.206+0000] {dag_data.py:22} INFO - Message delivered to api [0]
[2024-12-05T16:26:30.206+0000] {dag_data.py:22} INFO - Message delivered to api [0]
[2024-12-05T16:26:30.206+0000] {dag_data.py:22} INFO - Message delivered to api [0]
[2024-12-05T16:26:30.207+0000] {dag_data.py:22} INFO - Message delivered to api [0]
[2024-12-05T16:26:30.207+0000] {dag_data.py:22} INFO - Message delivered to api [0]
[2024-12-05T16:26:30.208+0000] {dag_data.py:22} INFO - Message delivered to api [0]
[2024-12-05T16:26:30.208+0000] {dag_data.py:22} INFO - Message delivered to api [0]
[2024-12-05T16:26:30.209+0000] {dag_data.py:22} INFO - Message delivered to api [0]
[2024-12-05T16:26:30.209+0000] {dag_data.py:22} INFO - Message delivered to api [0]
[2024-12-05T16:26:30.209+0000] {dag_data.py:22} INFO - Message delivered to api [0]
[2024-12-05T16:26:30.209+0000] {dag_data.py:22} INFO - Message delivered to api [0]
[2024-12-05T16:26:30.210+0000] {dag_data.py:22} INFO - Message delivered to api [0]
[2024-12-05T16:26:30.210+0000] {dag_data.py:22} INFO - Message delivered to api [0]
[2024-12-05T16:26:30.210+0000] {dag_data.py:22} INFO - Message delivered to api [0]
[2024-12-05T16:26:30.211+0000] {dag_data.py:22} INFO - Message delivered to api [0]
[2024-12-05T16:26:30.211+0000] {dag_data.py:22} INFO - Message delivered to api [0]
[2024-12-05T16:26:30.211+0000] {dag_data.py:22} INFO - Message delivered to api [0]
[2024-12-05T16:26:30.212+0000] {dag_data.py:22} INFO - Message delivered to api [0]
[2024-12-05T16:26:30.212+0000] {dag_data.py:22} INFO - Message delivered to api [0]
[2024-12-05T16:26:30.212+0000] {dag_data.py:22} INFO - Message delivered to api [0]
[2024-12-05T16:26:30.213+0000] {dag_data.py:22} INFO - Message delivered to api [0]
[2024-12-05T16:26:30.213+0000] {dag_data.py:22} INFO - Message delivered to api [0]
[2024-12-05T16:26:30.213+0000] {dag_data.py:22} INFO - Message delivered to api [0]
[2024-12-05T16:26:30.214+0000] {dag_data.py:22} INFO - Message delivered to api [0]
[2024-12-05T16:26:30.214+0000] {dag_data.py:22} INFO - Message delivered to api [0]
[2024-12-05T16:26:30.214+0000] {dag_data.py:22} INFO - Message delivered to api [0]
[2024-12-05T16:26:30.215+0000] {dag_data.py:22} INFO - Message delivered to api [0]
[2024-12-05T16:26:30.215+0000] {dag_data.py:22} INFO - Message delivered to api [0]
[2024-12-05T16:26:30.216+0000] {dag_data.py:22} INFO - Message delivered to api [0]
[2024-12-05T16:26:30.216+0000] {dag_data.py:22} INFO - Message delivered to api [0]
[2024-12-05T16:26:30.216+0000] {dag_data.py:22} INFO - Message delivered to api [0]
[2024-12-05T16:26:30.217+0000] {dag_data.py:22} INFO - Message delivered to api [0]
[2024-12-05T16:26:30.217+0000] {dag_data.py:22} INFO - Message delivered to api [0]
[2024-12-05T16:26:30.217+0000] {dag_data.py:22} INFO - Message delivered to api [0]
[2024-12-05T16:26:30.218+0000] {dag_data.py:22} INFO - Message delivered to api [0]
[2024-12-05T16:26:30.218+0000] {dag_data.py:22} INFO - Message delivered to api [0]
[2024-12-05T16:26:30.218+0000] {dag_data.py:22} INFO - Message delivered to api [0]
[2024-12-05T16:26:30.219+0000] {dag_data.py:22} INFO - Message delivered to api [0]
[2024-12-05T16:26:30.219+0000] {dag_data.py:22} INFO - Message delivered to api [0]
[2024-12-05T16:26:30.219+0000] {dag_data.py:22} INFO - Message delivered to api [0]
[2024-12-05T16:26:30.220+0000] {dag_data.py:22} INFO - Message delivered to api [0]
[2024-12-05T16:26:30.220+0000] {dag_data.py:22} INFO - Message delivered to api [0]
[2024-12-05T16:26:30.221+0000] {dag_data.py:22} INFO - Message delivered to api [0]
[2024-12-05T16:26:30.221+0000] {dag_data.py:22} INFO - Message delivered to api [0]
[2024-12-05T16:26:30.222+0000] {dag_data.py:22} INFO - Message delivered to api [0]
[2024-12-05T16:26:30.222+0000] {dag_data.py:22} INFO - Message delivered to api [0]
[2024-12-05T16:26:30.222+0000] {dag_data.py:22} INFO - Message delivered to api [0]
[2024-12-05T16:26:30.223+0000] {dag_data.py:22} INFO - Message delivered to api [0]
[2024-12-05T16:26:30.223+0000] {dag_data.py:22} INFO - Message delivered to api [0]
[2024-12-05T16:26:30.224+0000] {dag_data.py:22} INFO - Message delivered to api [0]
[2024-12-05T16:26:30.224+0000] {dag_data.py:22} INFO - Message delivered to api [0]
[2024-12-05T16:26:30.224+0000] {dag_data.py:22} INFO - Message delivered to api [0]
[2024-12-05T16:26:30.225+0000] {dag_data.py:22} INFO - Message delivered to api [0]
[2024-12-05T16:26:30.225+0000] {dag_data.py:22} INFO - Message delivered to api [0]
[2024-12-05T16:26:30.225+0000] {dag_data.py:22} INFO - Message delivered to api [0]
[2024-12-05T16:26:30.226+0000] {dag_data.py:22} INFO - Message delivered to api [0]
[2024-12-05T16:26:30.226+0000] {dag_data.py:22} INFO - Message delivered to api [0]
[2024-12-05T16:26:30.226+0000] {dag_data.py:22} INFO - Message delivered to api [0]
[2024-12-05T16:26:30.227+0000] {dag_data.py:22} INFO - Message delivered to api [0]
[2024-12-05T16:26:30.227+0000] {dag_data.py:22} INFO - Message delivered to api [0]
[2024-12-05T16:26:30.227+0000] {dag_data.py:22} INFO - Message delivered to api [0]
[2024-12-05T16:26:30.228+0000] {dag_data.py:22} INFO - Message delivered to api [0]
[2024-12-05T16:26:30.228+0000] {dag_data.py:22} INFO - Message delivered to api [0]
[2024-12-05T16:26:30.229+0000] {dag_data.py:22} INFO - Message delivered to api [0]
[2024-12-05T16:26:30.229+0000] {dag_data.py:22} INFO - Message delivered to api [0]
[2024-12-05T16:26:30.229+0000] {dag_data.py:22} INFO - Message delivered to api [0]
[2024-12-05T16:26:30.229+0000] {dag_data.py:22} INFO - Message delivered to api [0]
[2024-12-05T16:26:30.230+0000] {dag_data.py:22} INFO - Message delivered to api [0]
[2024-12-05T16:26:30.230+0000] {dag_data.py:22} INFO - Message delivered to api [0]
[2024-12-05T16:26:30.230+0000] {dag_data.py:22} INFO - Message delivered to api [0]
[2024-12-05T16:26:30.231+0000] {dag_data.py:22} INFO - Message delivered to api [0]
[2024-12-05T16:26:30.231+0000] {dag_data.py:22} INFO - Message delivered to api [0]
[2024-12-05T16:26:30.231+0000] {dag_data.py:22} INFO - Message delivered to api [0]
[2024-12-05T16:26:30.232+0000] {dag_data.py:22} INFO - Message delivered to api [0]
[2024-12-05T16:26:30.232+0000] {dag_data.py:22} INFO - Message delivered to api [0]
[2024-12-05T16:26:30.232+0000] {dag_data.py:22} INFO - Message delivered to api [0]
[2024-12-05T16:26:30.233+0000] {dag_data.py:22} INFO - Message delivered to api [0]
[2024-12-05T16:26:30.233+0000] {dag_data.py:22} INFO - Message delivered to api [0]
[2024-12-05T16:26:30.233+0000] {dag_data.py:22} INFO - Message delivered to api [0]
[2024-12-05T16:26:30.234+0000] {dag_data.py:22} INFO - Message delivered to api [0]
[2024-12-05T16:26:30.234+0000] {dag_data.py:22} INFO - Message delivered to api [0]
[2024-12-05T16:26:30.235+0000] {dag_data.py:22} INFO - Message delivered to api [0]
[2024-12-05T16:26:30.235+0000] {dag_data.py:22} INFO - Message delivered to api [0]
[2024-12-05T16:26:30.236+0000] {dag_data.py:22} INFO - Message delivered to api [0]
[2024-12-05T16:26:30.236+0000] {dag_data.py:22} INFO - Message delivered to api [0]
[2024-12-05T16:26:30.236+0000] {dag_data.py:22} INFO - Message delivered to api [0]
[2024-12-05T16:26:30.237+0000] {dag_data.py:22} INFO - Message delivered to api [0]
[2024-12-05T16:26:30.237+0000] {dag_data.py:22} INFO - Message delivered to api [0]
[2024-12-05T16:26:30.237+0000] {dag_data.py:22} INFO - Message delivered to api [0]
[2024-12-05T16:26:30.238+0000] {dag_data.py:22} INFO - Message delivered to api [0]
[2024-12-05T16:26:30.238+0000] {dag_data.py:22} INFO - Message delivered to api [0]
[2024-12-05T16:26:30.238+0000] {dag_data.py:22} INFO - Message delivered to api [0]
[2024-12-05T16:26:30.238+0000] {dag_data.py:22} INFO - Message delivered to api [0]
[2024-12-05T16:26:30.239+0000] {dag_data.py:22} INFO - Message delivered to api [0]
[2024-12-05T16:26:30.239+0000] {dag_data.py:22} INFO - Message delivered to api [0]
[2024-12-05T16:26:30.239+0000] {dag_data.py:22} INFO - Message delivered to api [0]
[2024-12-05T16:26:30.240+0000] {dag_data.py:22} INFO - Message delivered to api [0]
[2024-12-05T16:26:30.240+0000] {dag_data.py:22} INFO - Message delivered to api [0]
[2024-12-05T16:26:30.241+0000] {dag_data.py:22} INFO - Message delivered to api [0]
[2024-12-05T16:26:30.241+0000] {dag_data.py:22} INFO - Message delivered to api [0]
[2024-12-05T16:26:30.242+0000] {dag_data.py:22} INFO - Message delivered to api [0]
[2024-12-05T16:26:30.242+0000] {dag_data.py:22} INFO - Message delivered to api [0]
[2024-12-05T16:26:30.242+0000] {dag_data.py:22} INFO - Message delivered to api [0]
[2024-12-05T16:26:30.243+0000] {dag_data.py:22} INFO - Message delivered to api [0]
[2024-12-05T16:26:30.243+0000] {dag_data.py:22} INFO - Message delivered to api [0]
[2024-12-05T16:26:30.243+0000] {dag_data.py:22} INFO - Message delivered to api [0]
[2024-12-05T16:26:30.244+0000] {dag_data.py:22} INFO - Message delivered to api [0]
[2024-12-05T16:26:30.244+0000] {dag_data.py:22} INFO - Message delivered to api [0]
[2024-12-05T16:26:30.244+0000] {dag_data.py:22} INFO - Message delivered to api [0]
[2024-12-05T16:26:30.245+0000] {dag_data.py:22} INFO - Message delivered to api [0]
[2024-12-05T16:26:30.245+0000] {dag_data.py:22} INFO - Message delivered to api [0]
[2024-12-05T16:26:30.245+0000] {dag_data.py:22} INFO - Message delivered to api [0]
[2024-12-05T16:26:30.246+0000] {dag_data.py:22} INFO - Message delivered to api [0]
[2024-12-05T16:26:30.246+0000] {dag_data.py:22} INFO - Message delivered to api [0]
[2024-12-05T16:26:30.246+0000] {dag_data.py:22} INFO - Message delivered to api [0]
[2024-12-05T16:26:30.247+0000] {dag_data.py:22} INFO - Message delivered to api [0]
[2024-12-05T16:26:30.247+0000] {dag_data.py:22} INFO - Message delivered to api [0]
[2024-12-05T16:26:30.247+0000] {dag_data.py:22} INFO - Message delivered to api [0]
[2024-12-05T16:26:30.248+0000] {dag_data.py:22} INFO - Message delivered to api [0]
[2024-12-05T16:26:30.248+0000] {dag_data.py:22} INFO - Message delivered to api [0]
[2024-12-05T16:26:30.248+0000] {dag_data.py:22} INFO - Message delivered to api [0]
[2024-12-05T16:26:30.249+0000] {dag_data.py:22} INFO - Message delivered to api [0]
[2024-12-05T16:26:30.249+0000] {dag_data.py:22} INFO - Message delivered to api [0]
[2024-12-05T16:26:30.249+0000] {dag_data.py:22} INFO - Message delivered to api [0]
[2024-12-05T16:26:30.250+0000] {dag_data.py:22} INFO - Message delivered to api [0]
[2024-12-05T16:26:30.250+0000] {dag_data.py:22} INFO - Message delivered to api [0]
[2024-12-05T16:26:30.250+0000] {dag_data.py:22} INFO - Message delivered to api [0]
[2024-12-05T16:26:30.251+0000] {dag_data.py:22} INFO - Message delivered to api [0]
[2024-12-05T16:26:30.251+0000] {dag_data.py:22} INFO - Message delivered to api [0]
[2024-12-05T16:26:30.251+0000] {dag_data.py:22} INFO - Message delivered to api [0]
[2024-12-05T16:26:30.252+0000] {dag_data.py:22} INFO - Message delivered to api [0]
[2024-12-05T16:26:30.252+0000] {dag_data.py:22} INFO - Message delivered to api [0]
[2024-12-05T16:26:30.252+0000] {dag_data.py:22} INFO - Message delivered to api [0]
[2024-12-05T16:26:30.253+0000] {dag_data.py:22} INFO - Message delivered to api [0]
[2024-12-05T16:26:30.253+0000] {dag_data.py:22} INFO - Message delivered to api [0]
[2024-12-05T16:26:30.254+0000] {dag_data.py:22} INFO - Message delivered to api [0]
[2024-12-05T16:26:30.255+0000] {dag_data.py:22} INFO - Message delivered to api [0]
[2024-12-05T16:26:30.255+0000] {dag_data.py:22} INFO - Message delivered to api [0]
[2024-12-05T16:26:30.255+0000] {dag_data.py:22} INFO - Message delivered to api [0]
[2024-12-05T16:26:30.256+0000] {dag_data.py:22} INFO - Message delivered to api [0]
[2024-12-05T16:26:30.256+0000] {dag_data.py:22} INFO - Message delivered to api [0]
[2024-12-05T16:26:30.257+0000] {dag_data.py:22} INFO - Message delivered to api [0]
[2024-12-05T16:26:30.257+0000] {dag_data.py:22} INFO - Message delivered to api [0]
[2024-12-05T16:26:30.258+0000] {dag_data.py:22} INFO - Message delivered to api [0]
[2024-12-05T16:26:30.258+0000] {dag_data.py:22} INFO - Message delivered to api [0]
[2024-12-05T16:26:30.258+0000] {dag_data.py:22} INFO - Message delivered to api [0]
[2024-12-05T16:26:30.259+0000] {dag_data.py:22} INFO - Message delivered to api [0]
[2024-12-05T16:26:30.259+0000] {dag_data.py:22} INFO - Message delivered to api [0]
[2024-12-05T16:26:30.259+0000] {dag_data.py:22} INFO - Message delivered to api [0]
[2024-12-05T16:26:30.260+0000] {dag_data.py:22} INFO - Message delivered to api [0]
[2024-12-05T16:26:30.260+0000] {dag_data.py:22} INFO - Message delivered to api [0]
[2024-12-05T16:26:30.260+0000] {dag_data.py:22} INFO - Message delivered to api [0]
[2024-12-05T16:26:30.261+0000] {dag_data.py:22} INFO - Message delivered to api [0]
[2024-12-05T16:26:30.261+0000] {dag_data.py:22} INFO - Message delivered to api [0]
[2024-12-05T16:26:30.261+0000] {dag_data.py:22} INFO - Message delivered to api [0]
[2024-12-05T16:26:30.262+0000] {dag_data.py:22} INFO - Message delivered to api [0]
[2024-12-05T16:26:30.262+0000] {dag_data.py:22} INFO - Message delivered to api [0]
[2024-12-05T16:26:30.262+0000] {dag_data.py:22} INFO - Message delivered to api [0]
[2024-12-05T16:26:30.263+0000] {dag_data.py:22} INFO - Message delivered to api [0]
[2024-12-05T16:26:30.263+0000] {dag_data.py:22} INFO - Message delivered to api [0]
[2024-12-05T16:26:30.263+0000] {dag_data.py:22} INFO - Message delivered to api [0]
[2024-12-05T16:26:30.264+0000] {dag_data.py:22} INFO - Message delivered to api [0]
[2024-12-05T16:26:30.264+0000] {dag_data.py:22} INFO - Message delivered to api [0]
[2024-12-05T16:26:30.264+0000] {dag_data.py:22} INFO - Message delivered to api [0]
[2024-12-05T16:26:30.265+0000] {dag_data.py:22} INFO - Message delivered to api [0]
[2024-12-05T16:26:30.265+0000] {dag_data.py:22} INFO - Message delivered to api [0]
[2024-12-05T16:26:30.266+0000] {dag_data.py:22} INFO - Message delivered to api [0]
[2024-12-05T16:26:30.266+0000] {dag_data.py:22} INFO - Message delivered to api [0]
[2024-12-05T16:26:30.267+0000] {dag_data.py:22} INFO - Message delivered to api [0]
[2024-12-05T16:26:30.267+0000] {dag_data.py:22} INFO - Message delivered to api [0]
[2024-12-05T16:26:30.267+0000] {dag_data.py:22} INFO - Message delivered to api [0]
[2024-12-05T16:26:30.268+0000] {dag_data.py:22} INFO - Message delivered to api [0]
[2024-12-05T16:26:30.268+0000] {dag_data.py:22} INFO - Message delivered to api [0]
[2024-12-05T16:26:30.268+0000] {dag_data.py:22} INFO - Message delivered to api [0]
[2024-12-05T16:26:30.269+0000] {dag_data.py:22} INFO - Message delivered to api [0]
[2024-12-05T16:26:30.269+0000] {dag_data.py:22} INFO - Message delivered to api [0]
[2024-12-05T16:26:30.269+0000] {dag_data.py:22} INFO - Message delivered to api [0]
[2024-12-05T16:26:30.270+0000] {dag_data.py:22} INFO - Message delivered to api [0]
[2024-12-05T16:26:30.270+0000] {dag_data.py:22} INFO - Message delivered to api [0]
[2024-12-05T16:26:30.270+0000] {dag_data.py:22} INFO - Message delivered to api [0]
[2024-12-05T16:26:30.271+0000] {dag_data.py:22} INFO - Message delivered to api [0]
[2024-12-05T16:26:30.271+0000] {dag_data.py:22} INFO - Message delivered to api [0]
[2024-12-05T16:26:30.271+0000] {dag_data.py:22} INFO - Message delivered to api [0]
[2024-12-05T16:26:30.272+0000] {dag_data.py:22} INFO - Message delivered to api [0]
[2024-12-05T16:26:30.272+0000] {dag_data.py:22} INFO - Message delivered to api [0]
[2024-12-05T16:26:30.272+0000] {dag_data.py:22} INFO - Message delivered to api [0]
[2024-12-05T16:26:30.273+0000] {dag_data.py:22} INFO - Message delivered to api [0]
[2024-12-05T16:26:30.273+0000] {dag_data.py:22} INFO - Message delivered to api [0]
[2024-12-05T16:26:30.274+0000] {dag_data.py:22} INFO - Message delivered to api [0]
[2024-12-05T16:26:30.274+0000] {dag_data.py:22} INFO - Message delivered to api [0]
[2024-12-05T16:26:30.275+0000] {dag_data.py:22} INFO - Message delivered to api [0]
[2024-12-05T16:26:30.275+0000] {dag_data.py:22} INFO - Message delivered to api [0]
[2024-12-05T16:26:30.276+0000] {dag_data.py:22} INFO - Message delivered to api [0]
[2024-12-05T16:26:30.276+0000] {dag_data.py:22} INFO - Message delivered to api [0]
[2024-12-05T16:26:30.277+0000] {dag_data.py:22} INFO - Message delivered to api [0]
[2024-12-05T16:26:30.277+0000] {dag_data.py:22} INFO - Message delivered to api [0]
[2024-12-05T16:26:30.277+0000] {dag_data.py:22} INFO - Message delivered to api [0]
[2024-12-05T16:26:30.278+0000] {dag_data.py:22} INFO - Message delivered to api [0]
[2024-12-05T16:26:30.278+0000] {dag_data.py:22} INFO - Message delivered to api [0]
[2024-12-05T16:26:30.279+0000] {dag_data.py:22} INFO - Message delivered to api [0]
[2024-12-05T16:26:30.279+0000] {dag_data.py:22} INFO - Message delivered to api [0]
[2024-12-05T16:26:30.279+0000] {dag_data.py:22} INFO - Message delivered to api [0]
[2024-12-05T16:26:30.280+0000] {dag_data.py:22} INFO - Message delivered to api [0]
[2024-12-05T16:26:30.280+0000] {dag_data.py:22} INFO - Message delivered to api [0]
[2024-12-05T16:26:30.280+0000] {dag_data.py:22} INFO - Message delivered to api [0]
[2024-12-05T16:26:30.281+0000] {dag_data.py:22} INFO - Message delivered to api [0]
[2024-12-05T16:26:30.281+0000] {dag_data.py:22} INFO - Message delivered to api [0]
[2024-12-05T16:26:30.281+0000] {dag_data.py:22} INFO - Message delivered to api [0]
[2024-12-05T16:26:30.282+0000] {dag_data.py:22} INFO - Message delivered to api [0]
[2024-12-05T16:26:30.282+0000] {dag_data.py:22} INFO - Message delivered to api [0]
[2024-12-05T16:26:30.283+0000] {dag_data.py:22} INFO - Message delivered to api [0]
[2024-12-05T16:26:30.283+0000] {dag_data.py:22} INFO - Message delivered to api [0]
[2024-12-05T16:26:30.283+0000] {dag_data.py:22} INFO - Message delivered to api [0]
[2024-12-05T16:26:30.284+0000] {dag_data.py:22} INFO - Message delivered to api [0]
[2024-12-05T16:26:30.284+0000] {dag_data.py:22} INFO - Message delivered to api [0]
[2024-12-05T16:26:30.285+0000] {dag_data.py:22} INFO - Message delivered to api [0]
[2024-12-05T16:26:30.285+0000] {dag_data.py:22} INFO - Message delivered to api [0]
[2024-12-05T16:26:30.285+0000] {dag_data.py:22} INFO - Message delivered to api [0]
[2024-12-05T16:26:30.286+0000] {dag_data.py:22} INFO - Message delivered to api [0]
[2024-12-05T16:26:30.286+0000] {dag_data.py:22} INFO - Message delivered to api [0]
[2024-12-05T16:26:30.286+0000] {dag_data.py:22} INFO - Message delivered to api [0]
[2024-12-05T16:26:30.287+0000] {dag_data.py:22} INFO - Message delivered to api [0]
[2024-12-05T16:26:30.287+0000] {dag_data.py:22} INFO - Message delivered to api [0]
[2024-12-05T16:26:30.287+0000] {dag_data.py:22} INFO - Message delivered to api [0]
[2024-12-05T16:26:30.288+0000] {dag_data.py:22} INFO - Message delivered to api [0]
[2024-12-05T16:26:30.288+0000] {dag_data.py:22} INFO - Message delivered to api [0]
[2024-12-05T16:26:30.288+0000] {dag_data.py:22} INFO - Message delivered to api [0]
[2024-12-05T16:26:30.289+0000] {dag_data.py:22} INFO - Message delivered to api [0]
[2024-12-05T16:26:30.289+0000] {dag_data.py:22} INFO - Message delivered to api [0]
[2024-12-05T16:26:30.289+0000] {dag_data.py:22} INFO - Message delivered to api [0]
[2024-12-05T16:26:30.290+0000] {dag_data.py:22} INFO - Message delivered to api [0]
[2024-12-05T16:26:30.291+0000] {dag_data.py:22} INFO - Message delivered to api [0]
[2024-12-05T16:26:30.291+0000] {dag_data.py:22} INFO - Message delivered to api [0]
[2024-12-05T16:26:30.291+0000] {dag_data.py:22} INFO - Message delivered to api [0]
[2024-12-05T16:26:30.292+0000] {dag_data.py:22} INFO - Message delivered to api [0]
[2024-12-05T16:26:30.292+0000] {dag_data.py:22} INFO - Message delivered to api [0]
[2024-12-05T16:26:30.293+0000] {dag_data.py:22} INFO - Message delivered to api [0]
[2024-12-05T16:26:30.293+0000] {dag_data.py:22} INFO - Message delivered to api [0]
[2024-12-05T16:26:30.293+0000] {dag_data.py:22} INFO - Message delivered to api [0]
[2024-12-05T16:26:30.294+0000] {dag_data.py:22} INFO - Message delivered to api [0]
[2024-12-05T16:26:30.294+0000] {dag_data.py:22} INFO - Message delivered to api [0]
[2024-12-05T16:26:30.294+0000] {dag_data.py:22} INFO - Message delivered to api [0]
[2024-12-05T16:26:30.295+0000] {dag_data.py:22} INFO - Message delivered to api [0]
[2024-12-05T16:26:30.295+0000] {dag_data.py:22} INFO - Message delivered to api [0]
[2024-12-05T16:26:30.296+0000] {dag_data.py:22} INFO - Message delivered to api [0]
[2024-12-05T16:26:30.296+0000] {dag_data.py:22} INFO - Message delivered to api [0]
[2024-12-05T16:26:30.296+0000] {dag_data.py:22} INFO - Message delivered to api [0]
[2024-12-05T16:26:30.297+0000] {dag_data.py:22} INFO - Message delivered to api [0]
[2024-12-05T16:26:30.297+0000] {dag_data.py:22} INFO - Message delivered to api [0]
[2024-12-05T16:26:30.297+0000] {dag_data.py:22} INFO - Message delivered to api [0]
[2024-12-05T16:26:30.298+0000] {dag_data.py:22} INFO - Message delivered to api [0]
[2024-12-05T16:26:30.298+0000] {dag_data.py:22} INFO - Message delivered to api [0]
[2024-12-05T16:26:30.298+0000] {dag_data.py:22} INFO - Message delivered to api [0]
[2024-12-05T16:26:30.299+0000] {dag_data.py:22} INFO - Message delivered to api [0]
[2024-12-05T16:26:30.299+0000] {dag_data.py:22} INFO - Message delivered to api [0]
[2024-12-05T16:26:30.299+0000] {dag_data.py:22} INFO - Message delivered to api [0]
[2024-12-05T16:26:30.300+0000] {dag_data.py:22} INFO - Message delivered to api [0]
[2024-12-05T16:26:30.300+0000] {dag_data.py:22} INFO - Message delivered to api [0]
[2024-12-05T16:26:30.300+0000] {dag_data.py:22} INFO - Message delivered to api [0]
[2024-12-05T16:26:30.301+0000] {dag_data.py:22} INFO - Message delivered to api [0]
[2024-12-05T16:26:30.301+0000] {dag_data.py:22} INFO - Message delivered to api [0]
[2024-12-05T16:26:30.301+0000] {dag_data.py:22} INFO - Message delivered to api [0]
[2024-12-05T16:26:30.302+0000] {dag_data.py:22} INFO - Message delivered to api [0]
[2024-12-05T16:26:30.302+0000] {dag_data.py:22} INFO - Message delivered to api [0]
[2024-12-05T16:26:30.302+0000] {dag_data.py:22} INFO - Message delivered to api [0]
[2024-12-05T16:26:30.303+0000] {dag_data.py:22} INFO - Message delivered to api [0]
[2024-12-05T16:26:30.303+0000] {dag_data.py:22} INFO - Message delivered to api [0]
[2024-12-05T16:26:30.304+0000] {dag_data.py:22} INFO - Message delivered to api [0]
[2024-12-05T16:26:30.304+0000] {dag_data.py:22} INFO - Message delivered to api [0]
[2024-12-05T16:26:30.304+0000] {dag_data.py:22} INFO - Message delivered to api [0]
[2024-12-05T16:26:30.304+0000] {dag_data.py:22} INFO - Message delivered to api [0]
[2024-12-05T16:26:30.305+0000] {dag_data.py:22} INFO - Message delivered to api [0]
[2024-12-05T16:26:30.305+0000] {dag_data.py:22} INFO - Message delivered to api [0]
[2024-12-05T16:26:30.306+0000] {dag_data.py:22} INFO - Message delivered to api [0]
[2024-12-05T16:26:30.306+0000] {dag_data.py:22} INFO - Message delivered to api [0]
[2024-12-05T16:26:30.307+0000] {dag_data.py:22} INFO - Message delivered to api [0]
[2024-12-05T16:26:30.307+0000] {dag_data.py:22} INFO - Message delivered to api [0]
[2024-12-05T16:26:30.307+0000] {dag_data.py:22} INFO - Message delivered to api [0]
[2024-12-05T16:26:30.308+0000] {dag_data.py:22} INFO - Message delivered to api [0]
[2024-12-05T16:26:30.308+0000] {dag_data.py:22} INFO - Message delivered to api [0]
[2024-12-05T16:26:30.308+0000] {dag_data.py:22} INFO - Message delivered to api [0]
[2024-12-05T16:26:30.309+0000] {dag_data.py:22} INFO - Message delivered to api [0]
[2024-12-05T16:26:30.309+0000] {dag_data.py:22} INFO - Message delivered to api [0]
[2024-12-05T16:26:30.310+0000] {dag_data.py:22} INFO - Message delivered to api [0]
[2024-12-05T16:26:30.310+0000] {dag_data.py:22} INFO - Message delivered to api [0]
[2024-12-05T16:26:30.310+0000] {dag_data.py:22} INFO - Message delivered to api [0]
[2024-12-05T16:26:30.311+0000] {dag_data.py:22} INFO - Message delivered to api [0]
[2024-12-05T16:26:30.311+0000] {dag_data.py:22} INFO - Message delivered to api [0]
[2024-12-05T16:26:30.312+0000] {dag_data.py:22} INFO - Message delivered to api [0]
[2024-12-05T16:26:30.312+0000] {dag_data.py:22} INFO - Message delivered to api [0]
[2024-12-05T16:26:30.312+0000] {dag_data.py:22} INFO - Message delivered to api [0]
[2024-12-05T16:26:30.313+0000] {dag_data.py:22} INFO - Message delivered to api [0]
[2024-12-05T16:26:30.313+0000] {dag_data.py:22} INFO - Message delivered to api [0]
[2024-12-05T16:26:30.314+0000] {dag_data.py:22} INFO - Message delivered to api [0]
[2024-12-05T16:26:30.314+0000] {dag_data.py:22} INFO - Message delivered to api [0]
[2024-12-05T16:26:30.315+0000] {dag_data.py:22} INFO - Message delivered to api [0]
[2024-12-05T16:26:30.315+0000] {dag_data.py:22} INFO - Message delivered to api [0]
[2024-12-05T16:26:30.315+0000] {dag_data.py:22} INFO - Message delivered to api [0]
[2024-12-05T16:26:30.316+0000] {dag_data.py:22} INFO - Message delivered to api [0]
[2024-12-05T16:26:30.316+0000] {dag_data.py:22} INFO - Message delivered to api [0]
[2024-12-05T16:26:30.317+0000] {dag_data.py:22} INFO - Message delivered to api [0]
[2024-12-05T16:26:30.317+0000] {dag_data.py:22} INFO - Message delivered to api [0]
[2024-12-05T16:26:30.318+0000] {dag_data.py:22} INFO - Message delivered to api [0]
[2024-12-05T16:26:30.318+0000] {dag_data.py:22} INFO - Message delivered to api [0]
[2024-12-05T16:26:30.318+0000] {dag_data.py:22} INFO - Message delivered to api [0]
[2024-12-05T16:26:30.319+0000] {dag_data.py:22} INFO - Message delivered to api [0]
[2024-12-05T16:26:30.319+0000] {dag_data.py:22} INFO - Message delivered to api [0]
[2024-12-05T16:26:30.320+0000] {dag_data.py:22} INFO - Message delivered to api [0]
[2024-12-05T16:26:30.320+0000] {dag_data.py:22} INFO - Message delivered to api [0]
[2024-12-05T16:26:30.320+0000] {dag_data.py:22} INFO - Message delivered to api [0]
[2024-12-05T16:26:30.321+0000] {dag_data.py:22} INFO - Message delivered to api [0]
[2024-12-05T16:26:30.321+0000] {dag_data.py:22} INFO - Message delivered to api [0]
[2024-12-05T16:26:30.322+0000] {dag_data.py:22} INFO - Message delivered to api [0]
[2024-12-05T16:26:30.322+0000] {dag_data.py:22} INFO - Message delivered to api [0]
[2024-12-05T16:26:30.322+0000] {dag_data.py:22} INFO - Message delivered to api [0]
[2024-12-05T16:26:30.323+0000] {dag_data.py:22} INFO - Message delivered to api [0]
[2024-12-05T16:26:30.323+0000] {dag_data.py:22} INFO - Message delivered to api [0]
[2024-12-05T16:26:30.324+0000] {dag_data.py:22} INFO - Message delivered to api [0]
[2024-12-05T16:26:30.325+0000] {dag_data.py:22} INFO - Message delivered to api [0]
[2024-12-05T16:26:30.325+0000] {dag_data.py:22} INFO - Message delivered to api [0]
[2024-12-05T16:26:30.326+0000] {dag_data.py:22} INFO - Message delivered to api [0]
[2024-12-05T16:26:30.326+0000] {dag_data.py:22} INFO - Message delivered to api [0]
[2024-12-05T16:26:30.327+0000] {dag_data.py:22} INFO - Message delivered to api [0]
[2024-12-05T16:26:30.327+0000] {dag_data.py:22} INFO - Message delivered to api [0]
[2024-12-05T16:26:30.328+0000] {dag_data.py:22} INFO - Message delivered to api [0]
[2024-12-05T16:26:30.328+0000] {dag_data.py:22} INFO - Message delivered to api [0]
[2024-12-05T16:26:30.328+0000] {dag_data.py:22} INFO - Message delivered to api [0]
[2024-12-05T16:26:30.329+0000] {dag_data.py:22} INFO - Message delivered to api [0]
[2024-12-05T16:26:30.329+0000] {dag_data.py:22} INFO - Message delivered to api [0]
[2024-12-05T16:26:30.330+0000] {dag_data.py:22} INFO - Message delivered to api [0]
[2024-12-05T16:26:30.330+0000] {dag_data.py:22} INFO - Message delivered to api [0]
[2024-12-05T16:26:30.331+0000] {dag_data.py:22} INFO - Message delivered to api [0]
[2024-12-05T16:26:30.331+0000] {dag_data.py:22} INFO - Message delivered to api [0]
[2024-12-05T16:26:30.331+0000] {dag_data.py:22} INFO - Message delivered to api [0]
[2024-12-05T16:26:30.332+0000] {dag_data.py:22} INFO - Message delivered to api [0]
[2024-12-05T16:26:30.332+0000] {dag_data.py:22} INFO - Message delivered to api [0]
[2024-12-05T16:26:30.333+0000] {dag_data.py:22} INFO - Message delivered to api [0]
[2024-12-05T16:26:30.333+0000] {dag_data.py:22} INFO - Message delivered to api [0]
[2024-12-05T16:26:30.333+0000] {dag_data.py:22} INFO - Message delivered to api [0]
[2024-12-05T16:26:30.334+0000] {dag_data.py:22} INFO - Message delivered to api [0]
[2024-12-05T16:26:30.334+0000] {dag_data.py:22} INFO - Message delivered to api [0]
[2024-12-05T16:26:30.335+0000] {dag_data.py:22} INFO - Message delivered to api [0]
[2024-12-05T16:26:30.335+0000] {dag_data.py:22} INFO - Message delivered to api [0]
[2024-12-05T16:26:30.335+0000] {dag_data.py:22} INFO - Message delivered to api [0]
[2024-12-05T16:26:30.336+0000] {dag_data.py:22} INFO - Message delivered to api [0]
[2024-12-05T16:26:30.336+0000] {dag_data.py:22} INFO - Message delivered to api [0]
[2024-12-05T16:26:30.337+0000] {dag_data.py:22} INFO - Message delivered to api [0]
[2024-12-05T16:26:30.337+0000] {dag_data.py:22} INFO - Message delivered to api [0]
[2024-12-05T16:26:30.337+0000] {dag_data.py:22} INFO - Message delivered to api [0]
[2024-12-05T16:26:30.338+0000] {dag_data.py:22} INFO - Message delivered to api [0]
[2024-12-05T16:26:30.338+0000] {dag_data.py:22} INFO - Message delivered to api [0]
[2024-12-05T16:26:30.339+0000] {dag_data.py:22} INFO - Message delivered to api [0]
[2024-12-05T16:26:30.339+0000] {dag_data.py:22} INFO - Message delivered to api [0]
[2024-12-05T16:26:30.339+0000] {dag_data.py:22} INFO - Message delivered to api [0]
[2024-12-05T16:26:30.340+0000] {dag_data.py:22} INFO - Message delivered to api [0]
[2024-12-05T16:26:30.340+0000] {dag_data.py:22} INFO - Message delivered to api [0]
[2024-12-05T16:26:30.341+0000] {dag_data.py:22} INFO - Message delivered to api [0]
[2024-12-05T16:26:30.341+0000] {dag_data.py:22} INFO - Message delivered to api [0]
[2024-12-05T16:26:30.342+0000] {dag_data.py:22} INFO - Message delivered to api [0]
[2024-12-05T16:26:30.342+0000] {dag_data.py:22} INFO - Message delivered to api [0]
[2024-12-05T16:26:30.343+0000] {dag_data.py:22} INFO - Message delivered to api [0]
[2024-12-05T16:26:30.343+0000] {dag_data.py:22} INFO - Message delivered to api [0]
[2024-12-05T16:26:30.343+0000] {dag_data.py:22} INFO - Message delivered to api [0]
[2024-12-05T16:26:30.344+0000] {dag_data.py:22} INFO - Message delivered to api [0]
[2024-12-05T16:26:30.344+0000] {dag_data.py:22} INFO - Message delivered to api [0]
[2024-12-05T16:26:30.345+0000] {dag_data.py:22} INFO - Message delivered to api [0]
[2024-12-05T16:26:30.345+0000] {dag_data.py:22} INFO - Message delivered to api [0]
[2024-12-05T16:26:30.346+0000] {dag_data.py:22} INFO - Message delivered to api [0]
[2024-12-05T16:26:30.346+0000] {dag_data.py:22} INFO - Message delivered to api [0]
[2024-12-05T16:26:30.346+0000] {dag_data.py:22} INFO - Message delivered to api [0]
[2024-12-05T16:26:30.347+0000] {dag_data.py:22} INFO - Message delivered to api [0]
[2024-12-05T16:26:30.347+0000] {dag_data.py:22} INFO - Message delivered to api [0]
[2024-12-05T16:26:30.348+0000] {dag_data.py:22} INFO - Message delivered to api [0]
[2024-12-05T16:26:30.348+0000] {dag_data.py:22} INFO - Message delivered to api [0]
[2024-12-05T16:26:30.349+0000] {dag_data.py:22} INFO - Message delivered to api [0]
[2024-12-05T16:26:30.349+0000] {dag_data.py:22} INFO - Message delivered to api [0]
[2024-12-05T16:26:30.350+0000] {dag_data.py:22} INFO - Message delivered to api [0]
[2024-12-05T16:26:30.350+0000] {dag_data.py:22} INFO - Message delivered to api [0]
[2024-12-05T16:26:30.351+0000] {dag_data.py:22} INFO - Message delivered to api [0]
[2024-12-05T16:26:30.351+0000] {dag_data.py:22} INFO - Message delivered to api [0]
[2024-12-05T16:26:30.351+0000] {dag_data.py:22} INFO - Message delivered to api [0]
[2024-12-05T16:26:30.352+0000] {dag_data.py:22} INFO - Message delivered to api [0]
[2024-12-05T16:26:30.352+0000] {dag_data.py:22} INFO - Message delivered to api [0]
[2024-12-05T16:26:30.353+0000] {dag_data.py:22} INFO - Message delivered to api [0]
[2024-12-05T16:26:30.353+0000] {dag_data.py:22} INFO - Message delivered to api [0]
[2024-12-05T16:26:30.353+0000] {dag_data.py:22} INFO - Message delivered to api [0]
[2024-12-05T16:26:30.354+0000] {dag_data.py:22} INFO - Message delivered to api [0]
[2024-12-05T16:26:30.354+0000] {dag_data.py:22} INFO - Message delivered to api [0]
[2024-12-05T16:26:30.355+0000] {dag_data.py:22} INFO - Message delivered to api [0]
[2024-12-05T16:26:30.355+0000] {dag_data.py:22} INFO - Message delivered to api [0]
[2024-12-05T16:26:30.356+0000] {dag_data.py:22} INFO - Message delivered to api [0]
[2024-12-05T16:26:30.356+0000] {dag_data.py:22} INFO - Message delivered to api [0]
[2024-12-05T16:26:30.357+0000] {dag_data.py:22} INFO - Message delivered to api [0]
[2024-12-05T16:26:30.357+0000] {dag_data.py:22} INFO - Message delivered to api [0]
[2024-12-05T16:26:30.357+0000] {dag_data.py:22} INFO - Message delivered to api [0]
[2024-12-05T16:26:30.358+0000] {dag_data.py:22} INFO - Message delivered to api [0]
[2024-12-05T16:26:30.358+0000] {dag_data.py:22} INFO - Message delivered to api [0]
[2024-12-05T16:26:30.358+0000] {dag_data.py:22} INFO - Message delivered to api [0]
[2024-12-05T16:26:30.359+0000] {dag_data.py:22} INFO - Message delivered to api [0]
[2024-12-05T16:26:30.359+0000] {dag_data.py:22} INFO - Message delivered to api [0]
[2024-12-05T16:26:30.360+0000] {dag_data.py:22} INFO - Message delivered to api [0]
[2024-12-05T16:26:30.360+0000] {dag_data.py:22} INFO - Message delivered to api [0]
[2024-12-05T16:26:30.360+0000] {dag_data.py:22} INFO - Message delivered to api [0]
[2024-12-05T16:26:30.361+0000] {dag_data.py:22} INFO - Message delivered to api [0]
[2024-12-05T16:26:30.361+0000] {dag_data.py:22} INFO - Message delivered to api [0]
[2024-12-05T16:26:30.361+0000] {dag_data.py:22} INFO - Message delivered to api [0]
[2024-12-05T16:26:30.362+0000] {dag_data.py:22} INFO - Message delivered to api [0]
[2024-12-05T16:26:30.362+0000] {dag_data.py:22} INFO - Message delivered to api [0]
[2024-12-05T16:26:30.362+0000] {dag_data.py:22} INFO - Message delivered to api [0]
[2024-12-05T16:26:30.363+0000] {dag_data.py:22} INFO - Message delivered to api [0]
[2024-12-05T16:26:30.363+0000] {dag_data.py:22} INFO - Message delivered to api [0]
[2024-12-05T16:26:30.363+0000] {dag_data.py:22} INFO - Message delivered to api [0]
[2024-12-05T16:26:30.363+0000] {dag_data.py:22} INFO - Message delivered to api [0]
[2024-12-05T16:26:30.364+0000] {dag_data.py:22} INFO - Message delivered to api [0]
[2024-12-05T16:26:30.364+0000] {dag_data.py:22} INFO - Message delivered to api [0]
[2024-12-05T16:26:30.365+0000] {dag_data.py:22} INFO - Message delivered to api [0]
[2024-12-05T16:26:30.365+0000] {dag_data.py:22} INFO - Message delivered to api [0]
[2024-12-05T16:26:30.365+0000] {dag_data.py:22} INFO - Message delivered to api [0]
[2024-12-05T16:26:30.366+0000] {dag_data.py:22} INFO - Message delivered to api [0]
[2024-12-05T16:26:30.366+0000] {dag_data.py:22} INFO - Message delivered to api [0]
[2024-12-05T16:26:30.366+0000] {dag_data.py:22} INFO - Message delivered to api [0]
[2024-12-05T16:26:30.367+0000] {dag_data.py:22} INFO - Message delivered to api [0]
[2024-12-05T16:26:30.367+0000] {dag_data.py:22} INFO - Message delivered to api [0]
[2024-12-05T16:26:30.367+0000] {dag_data.py:22} INFO - Message delivered to api [0]
[2024-12-05T16:26:30.368+0000] {dag_data.py:22} INFO - Message delivered to api [0]
[2024-12-05T16:26:30.368+0000] {dag_data.py:22} INFO - Message delivered to api [0]
[2024-12-05T16:26:30.369+0000] {dag_data.py:22} INFO - Message delivered to api [0]
[2024-12-05T16:26:30.369+0000] {dag_data.py:22} INFO - Message delivered to api [0]
[2024-12-05T16:26:30.369+0000] {dag_data.py:22} INFO - Message delivered to api [0]
[2024-12-05T16:26:30.369+0000] {dag_data.py:22} INFO - Message delivered to api [0]
[2024-12-05T16:26:30.370+0000] {dag_data.py:22} INFO - Message delivered to api [0]
[2024-12-05T16:26:30.370+0000] {dag_data.py:22} INFO - Message delivered to api [0]
[2024-12-05T16:26:30.370+0000] {dag_data.py:22} INFO - Message delivered to api [0]
[2024-12-05T16:26:30.371+0000] {dag_data.py:22} INFO - Message delivered to api [0]
[2024-12-05T16:26:30.371+0000] {dag_data.py:22} INFO - Message delivered to api [0]
[2024-12-05T16:26:30.372+0000] {dag_data.py:22} INFO - Message delivered to api [0]
[2024-12-05T16:26:30.372+0000] {dag_data.py:22} INFO - Message delivered to api [0]
[2024-12-05T16:26:30.372+0000] {dag_data.py:22} INFO - Message delivered to api [0]
[2024-12-05T16:26:30.372+0000] {dag_data.py:22} INFO - Message delivered to api [0]
[2024-12-05T16:26:30.373+0000] {dag_data.py:22} INFO - Message delivered to api [0]
[2024-12-05T16:26:30.373+0000] {dag_data.py:22} INFO - Message delivered to api [0]
[2024-12-05T16:26:30.374+0000] {dag_data.py:22} INFO - Message delivered to api [0]
[2024-12-05T16:26:30.374+0000] {dag_data.py:22} INFO - Message delivered to api [0]
[2024-12-05T16:26:30.374+0000] {dag_data.py:22} INFO - Message delivered to api [0]
[2024-12-05T16:26:30.375+0000] {dag_data.py:22} INFO - Message delivered to api [0]
[2024-12-05T16:26:30.375+0000] {dag_data.py:22} INFO - Message delivered to api [0]
[2024-12-05T16:26:30.376+0000] {dag_data.py:22} INFO - Message delivered to api [0]
[2024-12-05T16:26:30.376+0000] {dag_data.py:22} INFO - Message delivered to api [0]
[2024-12-05T16:26:30.376+0000] {dag_data.py:22} INFO - Message delivered to api [0]
[2024-12-05T16:26:30.377+0000] {dag_data.py:22} INFO - Message delivered to api [0]
[2024-12-05T16:26:30.377+0000] {dag_data.py:22} INFO - Message delivered to api [0]
[2024-12-05T16:26:30.377+0000] {dag_data.py:22} INFO - Message delivered to api [0]
[2024-12-05T16:26:30.378+0000] {dag_data.py:22} INFO - Message delivered to api [0]
[2024-12-05T16:26:30.378+0000] {dag_data.py:22} INFO - Message delivered to api [0]
[2024-12-05T16:26:30.378+0000] {dag_data.py:22} INFO - Message delivered to api [0]
[2024-12-05T16:26:30.379+0000] {dag_data.py:22} INFO - Message delivered to api [0]
[2024-12-05T16:26:30.379+0000] {dag_data.py:22} INFO - Message delivered to api [0]
[2024-12-05T16:26:30.379+0000] {dag_data.py:22} INFO - Message delivered to api [0]
[2024-12-05T16:26:30.379+0000] {dag_data.py:22} INFO - Message delivered to api [0]
[2024-12-05T16:26:30.380+0000] {dag_data.py:22} INFO - Message delivered to api [0]
[2024-12-05T16:26:30.380+0000] {dag_data.py:22} INFO - Message delivered to api [0]
[2024-12-05T16:26:30.380+0000] {dag_data.py:22} INFO - Message delivered to api [0]
[2024-12-05T16:26:30.380+0000] {dag_data.py:22} INFO - Message delivered to api [0]
[2024-12-05T16:26:30.381+0000] {dag_data.py:22} INFO - Message delivered to api [0]
[2024-12-05T16:26:30.381+0000] {dag_data.py:22} INFO - Message delivered to api [0]
[2024-12-05T16:26:30.381+0000] {dag_data.py:22} INFO - Message delivered to api [0]
[2024-12-05T16:26:30.381+0000] {dag_data.py:22} INFO - Message delivered to api [0]
[2024-12-05T16:26:30.382+0000] {dag_data.py:22} INFO - Message delivered to api [0]
[2024-12-05T16:26:30.382+0000] {dag_data.py:22} INFO - Message delivered to api [0]
[2024-12-05T16:26:30.382+0000] {dag_data.py:22} INFO - Message delivered to api [0]
[2024-12-05T16:26:30.383+0000] {dag_data.py:22} INFO - Message delivered to api [0]
[2024-12-05T16:26:30.383+0000] {dag_data.py:22} INFO - Message delivered to api [0]
[2024-12-05T16:26:30.383+0000] {dag_data.py:22} INFO - Message delivered to api [0]
[2024-12-05T16:26:30.384+0000] {dag_data.py:22} INFO - Message delivered to api [0]
[2024-12-05T16:26:30.384+0000] {dag_data.py:22} INFO - Message delivered to api [0]
[2024-12-05T16:26:30.384+0000] {dag_data.py:22} INFO - Message delivered to api [0]
[2024-12-05T16:26:30.385+0000] {dag_data.py:22} INFO - Message delivered to api [0]
[2024-12-05T16:26:30.385+0000] {dag_data.py:22} INFO - Message delivered to api [0]
[2024-12-05T16:26:30.386+0000] {dag_data.py:22} INFO - Message delivered to api [0]
[2024-12-05T16:26:30.386+0000] {dag_data.py:22} INFO - Message delivered to api [0]
[2024-12-05T16:26:30.386+0000] {dag_data.py:22} INFO - Message delivered to api [0]
[2024-12-05T16:26:30.386+0000] {dag_data.py:22} INFO - Message delivered to api [0]
[2024-12-05T16:26:30.387+0000] {dag_data.py:22} INFO - Message delivered to api [0]
[2024-12-05T16:26:30.387+0000] {dag_data.py:22} INFO - Message delivered to api [0]
[2024-12-05T16:26:30.387+0000] {dag_data.py:22} INFO - Message delivered to api [0]
[2024-12-05T16:26:30.388+0000] {dag_data.py:22} INFO - Message delivered to api [0]
[2024-12-05T16:26:30.388+0000] {dag_data.py:22} INFO - Message delivered to api [0]
[2024-12-05T16:26:30.388+0000] {dag_data.py:22} INFO - Message delivered to api [0]
[2024-12-05T16:26:30.389+0000] {dag_data.py:22} INFO - Message delivered to api [0]
[2024-12-05T16:26:30.389+0000] {dag_data.py:22} INFO - Message delivered to api [0]
[2024-12-05T16:26:30.389+0000] {dag_data.py:22} INFO - Message delivered to api [0]
[2024-12-05T16:26:30.390+0000] {dag_data.py:22} INFO - Message delivered to api [0]
[2024-12-05T16:26:30.390+0000] {dag_data.py:22} INFO - Message delivered to api [0]
[2024-12-05T16:26:30.390+0000] {dag_data.py:22} INFO - Message delivered to api [0]
[2024-12-05T16:26:30.391+0000] {dag_data.py:22} INFO - Message delivered to api [0]
[2024-12-05T16:26:30.391+0000] {dag_data.py:22} INFO - Message delivered to api [0]
[2024-12-05T16:26:30.391+0000] {dag_data.py:22} INFO - Message delivered to api [0]
[2024-12-05T16:26:30.392+0000] {dag_data.py:22} INFO - Message delivered to api [0]
[2024-12-05T16:26:30.392+0000] {dag_data.py:22} INFO - Message delivered to api [0]
[2024-12-05T16:26:30.392+0000] {dag_data.py:22} INFO - Message delivered to api [0]
[2024-12-05T16:26:30.393+0000] {dag_data.py:22} INFO - Message delivered to api [0]
[2024-12-05T16:26:30.393+0000] {dag_data.py:22} INFO - Message delivered to api [0]
[2024-12-05T16:26:30.393+0000] {dag_data.py:22} INFO - Message delivered to api [0]
[2024-12-05T16:26:30.393+0000] {dag_data.py:22} INFO - Message delivered to api [0]
[2024-12-05T16:26:30.394+0000] {dag_data.py:22} INFO - Message delivered to api [0]
[2024-12-05T16:26:30.394+0000] {dag_data.py:22} INFO - Message delivered to api [0]
[2024-12-05T16:26:30.394+0000] {dag_data.py:22} INFO - Message delivered to api [0]
[2024-12-05T16:26:30.395+0000] {dag_data.py:22} INFO - Message delivered to api [0]
[2024-12-05T16:26:30.395+0000] {dag_data.py:22} INFO - Message delivered to api [0]
[2024-12-05T16:26:30.396+0000] {dag_data.py:22} INFO - Message delivered to api [0]
[2024-12-05T16:26:30.396+0000] {dag_data.py:22} INFO - Message delivered to api [0]
[2024-12-05T16:26:30.396+0000] {dag_data.py:22} INFO - Message delivered to api [0]
[2024-12-05T16:26:30.396+0000] {dag_data.py:22} INFO - Message delivered to api [0]
[2024-12-05T16:26:30.397+0000] {dag_data.py:22} INFO - Message delivered to api [0]
[2024-12-05T16:26:30.397+0000] {dag_data.py:22} INFO - Message delivered to api [0]
[2024-12-05T16:26:30.397+0000] {dag_data.py:22} INFO - Message delivered to api [0]
[2024-12-05T16:26:30.398+0000] {dag_data.py:22} INFO - Message delivered to api [0]
[2024-12-05T16:26:30.398+0000] {dag_data.py:22} INFO - Message delivered to api [0]
[2024-12-05T16:26:30.398+0000] {dag_data.py:22} INFO - Message delivered to api [0]
[2024-12-05T16:26:30.398+0000] {dag_data.py:22} INFO - Message delivered to api [0]
[2024-12-05T16:26:30.399+0000] {dag_data.py:22} INFO - Message delivered to api [0]
[2024-12-05T16:26:30.399+0000] {dag_data.py:22} INFO - Message delivered to api [0]
[2024-12-05T16:26:30.399+0000] {dag_data.py:22} INFO - Message delivered to api [0]
[2024-12-05T16:26:30.399+0000] {dag_data.py:22} INFO - Message delivered to api [0]
[2024-12-05T16:26:30.400+0000] {dag_data.py:22} INFO - Message delivered to api [0]
[2024-12-05T16:26:30.400+0000] {dag_data.py:22} INFO - Message delivered to api [0]
[2024-12-05T16:26:30.400+0000] {dag_data.py:22} INFO - Message delivered to api [0]
[2024-12-05T16:26:30.401+0000] {dag_data.py:22} INFO - Message delivered to api [0]
[2024-12-05T16:26:30.401+0000] {dag_data.py:22} INFO - Message delivered to api [0]
[2024-12-05T16:26:30.401+0000] {dag_data.py:22} INFO - Message delivered to api [0]
[2024-12-05T16:26:30.401+0000] {dag_data.py:22} INFO - Message delivered to api [0]
[2024-12-05T16:26:30.402+0000] {dag_data.py:22} INFO - Message delivered to api [0]
[2024-12-05T16:26:30.402+0000] {dag_data.py:22} INFO - Message delivered to api [0]
[2024-12-05T16:26:30.402+0000] {dag_data.py:22} INFO - Message delivered to api [0]
[2024-12-05T16:26:30.403+0000] {dag_data.py:22} INFO - Message delivered to api [0]
[2024-12-05T16:26:30.403+0000] {dag_data.py:22} INFO - Message delivered to api [0]
[2024-12-05T16:26:30.403+0000] {dag_data.py:22} INFO - Message delivered to api [0]
[2024-12-05T16:26:30.404+0000] {dag_data.py:22} INFO - Message delivered to api [0]
[2024-12-05T16:26:30.404+0000] {dag_data.py:22} INFO - Message delivered to api [0]
[2024-12-05T16:26:30.405+0000] {dag_data.py:22} INFO - Message delivered to api [0]
[2024-12-05T16:26:30.405+0000] {dag_data.py:22} INFO - Message delivered to api [0]
[2024-12-05T16:26:30.405+0000] {dag_data.py:22} INFO - Message delivered to api [0]
[2024-12-05T16:26:30.406+0000] {dag_data.py:22} INFO - Message delivered to api [0]
[2024-12-05T16:26:30.407+0000] {dag_data.py:22} INFO - Message delivered to api [0]
[2024-12-05T16:26:30.407+0000] {dag_data.py:22} INFO - Message delivered to api [0]
[2024-12-05T16:26:30.408+0000] {dag_data.py:22} INFO - Message delivered to api [0]
[2024-12-05T16:26:30.409+0000] {dag_data.py:22} INFO - Message delivered to api [0]
[2024-12-05T16:26:30.410+0000] {dag_data.py:22} INFO - Message delivered to api [0]
[2024-12-05T16:26:30.411+0000] {dag_data.py:22} INFO - Message delivered to api [0]
[2024-12-05T16:26:30.412+0000] {dag_data.py:22} INFO - Message delivered to api [0]
[2024-12-05T16:26:30.412+0000] {dag_data.py:22} INFO - Message delivered to api [0]
[2024-12-05T16:26:30.412+0000] {dag_data.py:22} INFO - Message delivered to api [0]
[2024-12-05T16:26:30.413+0000] {dag_data.py:22} INFO - Message delivered to api [0]
[2024-12-05T16:26:30.413+0000] {dag_data.py:22} INFO - Message delivered to api [0]
[2024-12-05T16:26:30.413+0000] {dag_data.py:22} INFO - Message delivered to api [0]
[2024-12-05T16:26:30.414+0000] {dag_data.py:22} INFO - Message delivered to api [0]
[2024-12-05T16:26:30.414+0000] {dag_data.py:22} INFO - Message delivered to api [0]
[2024-12-05T16:26:30.414+0000] {dag_data.py:22} INFO - Message delivered to api [0]
[2024-12-05T16:26:30.415+0000] {dag_data.py:22} INFO - Message delivered to api [0]
[2024-12-05T16:26:30.415+0000] {dag_data.py:22} INFO - Message delivered to api [0]
[2024-12-05T16:26:30.415+0000] {dag_data.py:22} INFO - Message delivered to api [0]
[2024-12-05T16:26:30.416+0000] {dag_data.py:22} INFO - Message delivered to api [0]
[2024-12-05T16:26:30.416+0000] {dag_data.py:22} INFO - Message delivered to api [0]
[2024-12-05T16:26:30.417+0000] {dag_data.py:22} INFO - Message delivered to api [0]
[2024-12-05T16:26:30.417+0000] {dag_data.py:22} INFO - Message delivered to api [0]
[2024-12-05T16:26:30.417+0000] {dag_data.py:22} INFO - Message delivered to api [0]
[2024-12-05T16:26:30.418+0000] {dag_data.py:22} INFO - Message delivered to api [0]
[2024-12-05T16:26:30.418+0000] {dag_data.py:22} INFO - Message delivered to api [0]
[2024-12-05T16:26:30.419+0000] {dag_data.py:22} INFO - Message delivered to api [0]
[2024-12-05T16:26:30.419+0000] {dag_data.py:22} INFO - Message delivered to api [0]
[2024-12-05T16:26:30.420+0000] {dag_data.py:22} INFO - Message delivered to api [0]
[2024-12-05T16:26:30.420+0000] {dag_data.py:22} INFO - Message delivered to api [0]
[2024-12-05T16:26:30.421+0000] {dag_data.py:22} INFO - Message delivered to api [0]
[2024-12-05T16:26:30.421+0000] {dag_data.py:22} INFO - Message delivered to api [0]
[2024-12-05T16:26:30.421+0000] {dag_data.py:22} INFO - Message delivered to api [0]
[2024-12-05T16:26:30.422+0000] {dag_data.py:22} INFO - Message delivered to api [0]
[2024-12-05T16:26:30.422+0000] {dag_data.py:22} INFO - Message delivered to api [0]
[2024-12-05T16:26:30.422+0000] {dag_data.py:22} INFO - Message delivered to api [0]
[2024-12-05T16:26:30.423+0000] {dag_data.py:22} INFO - Message delivered to api [0]
[2024-12-05T16:26:30.423+0000] {dag_data.py:22} INFO - Message delivered to api [0]
[2024-12-05T16:26:30.424+0000] {dag_data.py:22} INFO - Message delivered to api [0]
[2024-12-05T16:26:30.424+0000] {dag_data.py:22} INFO - Message delivered to api [0]
[2024-12-05T16:26:30.424+0000] {dag_data.py:22} INFO - Message delivered to api [0]
[2024-12-05T16:26:30.425+0000] {dag_data.py:22} INFO - Message delivered to api [0]
[2024-12-05T16:26:30.425+0000] {dag_data.py:22} INFO - Message delivered to api [0]
[2024-12-05T16:26:30.426+0000] {dag_data.py:22} INFO - Message delivered to api [0]
[2024-12-05T16:26:30.426+0000] {dag_data.py:22} INFO - Message delivered to api [0]
[2024-12-05T16:26:30.427+0000] {dag_data.py:22} INFO - Message delivered to api [0]
[2024-12-05T16:26:30.427+0000] {dag_data.py:22} INFO - Message delivered to api [0]
[2024-12-05T16:26:30.427+0000] {dag_data.py:22} INFO - Message delivered to api [0]
[2024-12-05T16:26:30.428+0000] {dag_data.py:22} INFO - Message delivered to api [0]
[2024-12-05T16:26:30.428+0000] {dag_data.py:22} INFO - Message delivered to api [0]
[2024-12-05T16:26:30.428+0000] {dag_data.py:22} INFO - Message delivered to api [0]
[2024-12-05T16:26:30.429+0000] {dag_data.py:22} INFO - Message delivered to api [0]
[2024-12-05T16:26:30.429+0000] {dag_data.py:22} INFO - Message delivered to api [0]
[2024-12-05T16:26:30.429+0000] {dag_data.py:22} INFO - Message delivered to api [0]
[2024-12-05T16:26:30.430+0000] {dag_data.py:22} INFO - Message delivered to api [0]
[2024-12-05T16:26:30.430+0000] {dag_data.py:22} INFO - Message delivered to api [0]
[2024-12-05T16:26:30.430+0000] {dag_data.py:22} INFO - Message delivered to api [0]
[2024-12-05T16:26:30.431+0000] {dag_data.py:22} INFO - Message delivered to api [0]
[2024-12-05T16:26:30.431+0000] {dag_data.py:22} INFO - Message delivered to api [0]
[2024-12-05T16:26:30.431+0000] {dag_data.py:22} INFO - Message delivered to api [0]
[2024-12-05T16:26:30.432+0000] {dag_data.py:22} INFO - Message delivered to api [0]
[2024-12-05T16:26:30.432+0000] {dag_data.py:22} INFO - Message delivered to api [0]
[2024-12-05T16:26:30.432+0000] {dag_data.py:22} INFO - Message delivered to api [0]
[2024-12-05T16:26:30.433+0000] {dag_data.py:22} INFO - Message delivered to api [0]
[2024-12-05T16:26:30.433+0000] {dag_data.py:22} INFO - Message delivered to api [0]
[2024-12-05T16:26:30.433+0000] {dag_data.py:22} INFO - Message delivered to api [0]
[2024-12-05T16:26:30.434+0000] {dag_data.py:22} INFO - Message delivered to api [0]
[2024-12-05T16:26:30.434+0000] {dag_data.py:22} INFO - Message delivered to api [0]
[2024-12-05T16:26:30.434+0000] {dag_data.py:22} INFO - Message delivered to api [0]
[2024-12-05T16:26:30.435+0000] {dag_data.py:22} INFO - Message delivered to api [0]
[2024-12-05T16:26:30.435+0000] {dag_data.py:22} INFO - Message delivered to api [0]
[2024-12-05T16:26:30.435+0000] {dag_data.py:22} INFO - Message delivered to api [0]
[2024-12-05T16:26:30.436+0000] {dag_data.py:22} INFO - Message delivered to api [0]
[2024-12-05T16:26:30.436+0000] {dag_data.py:22} INFO - Message delivered to api [0]
[2024-12-05T16:26:30.437+0000] {dag_data.py:22} INFO - Message delivered to api [0]
[2024-12-05T16:26:30.437+0000] {dag_data.py:22} INFO - Message delivered to api [0]
[2024-12-05T16:26:30.437+0000] {dag_data.py:22} INFO - Message delivered to api [0]
[2024-12-05T16:26:30.438+0000] {dag_data.py:22} INFO - Message delivered to api [0]
[2024-12-05T16:26:30.438+0000] {dag_data.py:22} INFO - Message delivered to api [0]
[2024-12-05T16:26:30.438+0000] {dag_data.py:22} INFO - Message delivered to api [0]
[2024-12-05T16:26:30.439+0000] {dag_data.py:22} INFO - Message delivered to api [0]
[2024-12-05T16:26:30.439+0000] {dag_data.py:22} INFO - Message delivered to api [0]
[2024-12-05T16:26:30.439+0000] {dag_data.py:22} INFO - Message delivered to api [0]
[2024-12-05T16:26:30.440+0000] {dag_data.py:22} INFO - Message delivered to api [0]
[2024-12-05T16:26:30.440+0000] {dag_data.py:22} INFO - Message delivered to api [0]
[2024-12-05T16:26:30.441+0000] {dag_data.py:22} INFO - Message delivered to api [0]
[2024-12-05T16:26:30.441+0000] {dag_data.py:22} INFO - Message delivered to api [0]
[2024-12-05T16:26:30.441+0000] {dag_data.py:22} INFO - Message delivered to api [0]
[2024-12-05T16:26:30.442+0000] {dag_data.py:22} INFO - Message delivered to api [0]
[2024-12-05T16:26:30.442+0000] {dag_data.py:22} INFO - Message delivered to api [0]
[2024-12-05T16:26:30.442+0000] {dag_data.py:22} INFO - Message delivered to api [0]
[2024-12-05T16:26:30.443+0000] {dag_data.py:22} INFO - Message delivered to api [0]
[2024-12-05T16:26:30.443+0000] {dag_data.py:22} INFO - Message delivered to api [0]
[2024-12-05T16:26:30.444+0000] {dag_data.py:22} INFO - Message delivered to api [0]
[2024-12-05T16:26:30.444+0000] {dag_data.py:22} INFO - Message delivered to api [0]
[2024-12-05T16:26:30.444+0000] {dag_data.py:22} INFO - Message delivered to api [0]
[2024-12-05T16:26:30.445+0000] {dag_data.py:22} INFO - Message delivered to api [0]
[2024-12-05T16:26:30.445+0000] {dag_data.py:22} INFO - Message delivered to api [0]
[2024-12-05T16:26:30.446+0000] {dag_data.py:22} INFO - Message delivered to api [0]
[2024-12-05T16:26:30.446+0000] {dag_data.py:22} INFO - Message delivered to api [0]
[2024-12-05T16:26:30.446+0000] {dag_data.py:22} INFO - Message delivered to api [0]
[2024-12-05T16:26:30.447+0000] {dag_data.py:22} INFO - Message delivered to api [0]
[2024-12-05T16:26:30.447+0000] {dag_data.py:22} INFO - Message delivered to api [0]
[2024-12-05T16:26:30.447+0000] {dag_data.py:80} INFO - Toutes les donnes de sales.csv ont t publies avec succs.
[2024-12-05T16:26:30.451+0000] {python.py:240} INFO - Done. Returned value was: None
[2024-12-05T16:26:30.466+0000] {taskinstance.py:340} INFO - ::group::Post task execution logs
[2024-12-05T16:26:30.466+0000] {taskinstance.py:352} INFO - Marking task as SUCCESS. dag_id=dag1, task_id=process_task_tag2, run_id=scheduled__2024-12-04T00:00:00+00:00, execution_date=20241204T000000, start_date=20241205T161628, end_date=20241205T162630
[2024-12-05T16:26:30.560+0000] {local_task_job_runner.py:266} INFO - Task exited with return code 0
[2024-12-05T16:26:30.578+0000] {taskinstance.py:3895} INFO - 0 downstream tasks scheduled from follow-on schedule check
[2024-12-05T16:26:30.580+0000] {local_task_job_runner.py:245} INFO - ::endgroup::
