[2024-11-30T13:19:12.369+0000] {local_task_job_runner.py:123} INFO - ::group::Pre task execution logs
[2024-11-30T13:19:12.391+0000] {taskinstance.py:2613} INFO - Dependencies all met for dep_context=non-requeueable deps ti=<TaskInstance: dag1.process_task_tag2 manual__2024-11-30T13:19:05.897068+00:00 [queued]>
[2024-11-30T13:19:12.407+0000] {taskinstance.py:2613} INFO - Dependencies all met for dep_context=requeueable deps ti=<TaskInstance: dag1.process_task_tag2 manual__2024-11-30T13:19:05.897068+00:00 [queued]>
[2024-11-30T13:19:12.409+0000] {taskinstance.py:2866} INFO - Starting attempt 1 of 1
[2024-11-30T13:19:12.548+0000] {taskinstance.py:2889} INFO - Executing <Task(PythonOperator): process_task_tag2> on 2024-11-30 13:19:05.897068+00:00
[2024-11-30T13:19:12.566+0000] {logging_mixin.py:190} WARNING - /home/airflow/.local/lib/python3.12/site-packages/airflow/task/task_runner/standard_task_runner.py:70 DeprecationWarning: This process (pid=974) is multi-threaded, use of fork() may lead to deadlocks in the child.
[2024-11-30T13:19:12.574+0000] {standard_task_runner.py:72} INFO - Started process 988 to run task
[2024-11-30T13:19:12.574+0000] {standard_task_runner.py:104} INFO - Running: ['airflow', 'tasks', 'run', 'dag1', 'process_task_tag2', 'manual__2024-11-30T13:19:05.897068+00:00', '--job-id', '33', '--raw', '--subdir', 'DAGS_FOLDER/dag_data.py', '--cfg-path', '/tmp/tmpkcpr84h_']
[2024-11-30T13:19:12.582+0000] {standard_task_runner.py:105} INFO - Job 33: Subtask process_task_tag2
[2024-11-30T13:19:12.741+0000] {task_command.py:467} INFO - Running <TaskInstance: dag1.process_task_tag2 manual__2024-11-30T13:19:05.897068+00:00 [running]> on host 45770b1a429e
[2024-11-30T13:19:12.926+0000] {taskinstance.py:3132} INFO - Exporting env vars: AIRFLOW_CTX_DAG_OWNER='admin' AIRFLOW_CTX_DAG_ID='dag1' AIRFLOW_CTX_TASK_ID='process_task_tag2' AIRFLOW_CTX_EXECUTION_DATE='2024-11-30T13:19:05.897068+00:00' AIRFLOW_CTX_TRY_NUMBER='1' AIRFLOW_CTX_DAG_RUN_ID='manual__2024-11-30T13:19:05.897068+00:00'
[2024-11-30T13:19:12.930+0000] {taskinstance.py:731} INFO - ::endgroup::
[2024-11-30T13:19:12.989+0000] {dag_data.py:49} INFO - Processing chunk:     Invoice ID Branch       City  ... gross margin percentage gross income Rating
0  750-67-8428      A     Yangon  ...                4.761905      26.1415    9.1
1  226-31-3081      C  Naypyitaw  ...                4.761905       3.8200    9.6
2  631-41-3108      A     Yangon  ...                4.761905      16.2155    7.4
3  123-19-1176      A     Yangon  ...                4.761905      23.2880    8.4
4  373-73-7910      A     Yangon  ...                4.761905      30.2085    5.3

[5 rows x 17 columns]
[2024-11-30T13:19:43.007+0000] {dag_data.py:49} INFO - Processing chunk:      Invoice ID Branch  ... gross income Rating
50  326-78-5178      C  ...      31.9900    9.5
51  162-48-8011      A  ...      11.1475    8.5
52  616-24-2851      B  ...       3.5740    6.5
53  778-71-5554      C  ...       0.7715    6.1
54  242-55-6721      B  ...       1.6160    6.5

[5 rows x 17 columns]
[2024-11-30T13:20:13.022+0000] {dag_data.py:49} INFO - Processing chunk:       Invoice ID Branch  ... gross income Rating
100  163-56-7055      C  ...       2.4355    4.1
101  189-98-2939      C  ...      35.3475    7.2
102  551-21-3069      C  ...      10.3815    4.9
103  212-62-1842      A  ...      17.4780    9.9
104  716-39-1409      B  ...      10.6225    8.0

[5 rows x 17 columns]
[2024-11-30T13:20:43.035+0000] {dag_data.py:49} INFO - Processing chunk:       Invoice ID Branch  ... gross income Rating
150  608-96-3517      B  ...       18.308    4.8
151  584-86-7256      C  ...       12.096    7.3
152  746-94-0204      A  ...       37.458    7.4
153  214-17-6927      C  ...        4.944    9.9
154  400-89-4171      C  ...       32.388    9.3

[5 rows x 17 columns]
[2024-11-30T13:21:13.076+0000] {dag_data.py:49} INFO - Processing chunk:       Invoice ID Branch  ... gross income Rating
200  606-80-4905      C  ...       5.7450    6.8
201  542-41-0513      B  ...      11.4980    6.6
202  426-39-2418      C  ...      21.4935    9.8
203  875-46-5808      B  ...      12.9500    8.7
204  394-43-4238      B  ...       4.4425    5.4

[5 rows x 17 columns]
[2024-11-30T13:21:43.097+0000] {dag_data.py:49} INFO - Processing chunk:       Invoice ID Branch  ... gross income Rating
250  845-51-0542      B  ...      20.9475    6.4
251  662-47-5456      C  ...      17.5950    8.4
252  883-17-4236      C  ...       1.4390    7.2
253  290-68-2984      A  ...       4.7500    5.2
254  704-11-6354      A  ...      23.5600    8.9

[5 rows x 17 columns]
[2024-11-30T13:22:13.122+0000] {dag_data.py:49} INFO - Processing chunk:       Invoice ID Branch  ... gross income Rating
300  446-47-6729      C  ...       9.9820    6.7
301  573-10-3877      B  ...       1.9505    4.7
302  735-06-4124      C  ...       2.4305    4.4
303  439-54-7422      A  ...      10.2380    4.7
304  396-90-2219      B  ...       5.9840    8.6

[5 rows x 17 columns]
[2024-11-30T13:22:43.139+0000] {dag_data.py:49} INFO - Processing chunk:       Invoice ID Branch  ... gross income Rating
350  860-79-0874      C  ...      49.6500    6.6
351  834-61-8124      A  ...      18.0915    5.5
352  115-99-4379      B  ...      19.1555    8.5
353  565-67-6697      B  ...      12.1500    4.8
354  320-49-6392      C  ...       1.5120    8.4

[5 rows x 17 columns]
[2024-11-30T13:23:13.156+0000] {dag_data.py:49} INFO - Processing chunk:       Invoice ID Branch  ... gross income Rating
400  110-05-6330      C  ...      11.8290    9.4
401  651-61-0874      C  ...       9.2440    6.2
402  236-86-3015      C  ...       0.6990    9.8
403  831-64-0259      B  ...       9.9375    9.6
404  587-03-7455      C  ...      34.2265    4.9

[5 rows x 17 columns]
[2024-11-30T13:23:43.171+0000] {dag_data.py:49} INFO - Processing chunk:       Invoice ID Branch  ... gross income Rating
450  891-01-7034      B  ...      22.4130    6.7
451  744-09-5786      B  ...       6.6030    7.6
452  727-17-0390      A  ...      15.9025    4.8
453  568-88-3448      A  ...       1.2500    5.5
454  187-83-5490      A  ...       4.1540    4.7

[5 rows x 17 columns]
[2024-11-30T13:24:13.191+0000] {dag_data.py:49} INFO - Processing chunk:       Invoice ID Branch  ... gross income Rating
500  277-63-2961      B  ...       3.6985    5.4
501  573-98-8548      C  ...       1.5950    9.1
502  620-02-2046      C  ...       6.9400    9.0
503  282-35-2475      B  ...       9.3310    6.3
504  511-54-3087      B  ...       4.4225    9.5

[5 rows x 17 columns]
[2024-11-30T13:24:43.213+0000] {dag_data.py:49} INFO - Processing chunk:       Invoice ID Branch  ... gross income Rating
550  747-58-7183      B  ...       8.5905    6.5
551  582-52-8065      B  ...      24.4395    8.9
552  210-57-1719      B  ...      26.2080    9.7
553  399-69-4630      C  ...       6.6630    8.6
554  134-75-2619      A  ...       6.7620    6.9

[5 rows x 17 columns]
[2024-11-30T13:25:13.236+0000] {dag_data.py:49} INFO - Processing chunk:       Invoice ID Branch  ... gross income Rating
600  219-61-4139      C  ...       4.1540    6.4
601  881-41-7302      C  ...       3.2495    4.5
602  373-09-4567      C  ...      38.7800    6.9
603  642-30-6693      B  ...      16.3530    7.8
604  484-22-8230      C  ...      18.1615    4.5

[5 rows x 17 columns]
[2024-11-30T13:25:43.259+0000] {dag_data.py:49} INFO - Processing chunk:       Invoice ID Branch  ... gross income Rating
650  369-82-2676      B  ...       18.915    7.8
651  563-47-4072      B  ...       16.743    9.9
652  742-04-5161      A  ...       36.390    7.3
653  149-15-7606      B  ...       16.794    5.1
654  133-77-3154      B  ...       12.036    9.4

[5 rows x 17 columns]
[2024-11-30T13:26:13.278+0000] {dag_data.py:49} INFO - Processing chunk:       Invoice ID Branch  ... gross income Rating
700  626-43-7888      C  ...      24.1640    9.6
701  176-64-7711      B  ...       4.8480    4.3
702  191-29-0321      B  ...       9.8850    5.0
703  729-06-2010      B  ...      36.2115    9.2
704  640-48-5028      B  ...      39.7755    6.3

[5 rows x 17 columns]
[2024-11-30T13:26:43.297+0000] {dag_data.py:49} INFO - Processing chunk:       Invoice ID Branch  ... gross income Rating
750  210-30-7976      B  ...       4.4640    4.1
751  585-86-8361      A  ...       6.8200    8.6
752  807-14-7833      A  ...       8.7100    7.0
753  775-72-1988      B  ...      18.3200    8.4
754  288-38-3758      C  ...      12.7305    7.4

[5 rows x 17 columns]
[2024-11-30T13:27:13.327+0000] {dag_data.py:49} INFO - Processing chunk:       Invoice ID Branch  ... gross income Rating
800  751-15-6198      B  ...       6.9030    7.9
801  324-41-6833      C  ...      12.0800    5.1
802  474-33-8305      C  ...      23.5865    6.9
803  759-29-9521      A  ...      22.0320    8.0
804  831-81-6575      B  ...      34.0155    8.0

[5 rows x 17 columns]
[2024-11-30T13:27:43.354+0000] {dag_data.py:49} INFO - Processing chunk:       Invoice ID Branch  ... gross income Rating
850  843-73-4724      A  ...       3.7050    9.2
851  409-33-9708      A  ...       9.8480    9.2
852  658-66-3967      C  ...      18.6165    5.0
853  866-70-2814      B  ...      26.3950   10.0
854  160-22-2687      A  ...      23.9875    8.8

[5 rows x 17 columns]
[2024-11-30T13:28:13.377+0000] {dag_data.py:49} INFO - Processing chunk:       Invoice ID Branch  ... gross income Rating
900  377-79-7592      C  ...      20.1780    7.5
901  509-10-0516      B  ...       9.1940    5.1
902  595-94-9924      A  ...       6.9325    4.2
903  865-41-9075      A  ...       4.0355    8.1
904  545-07-8534      C  ...       5.8320    6.0

[5 rows x 17 columns]
[2024-11-30T13:28:43.396+0000] {dag_data.py:49} INFO - Processing chunk:       Invoice ID Branch  ... gross income Rating
950  503-21-4385      B  ...       5.9865    9.3
951  305-89-2768      B  ...       3.2850    4.7
952  574-80-1489      B  ...      12.5700    8.7
953  784-08-0310      C  ...       4.2080    7.6
954  200-40-6154      B  ...      19.7730    5.7

[5 rows x 17 columns]
[2024-11-30T13:29:13.402+0000] {dag_data.py:22} INFO - Message delivered to api [0]
[2024-11-30T13:29:13.403+0000] {dag_data.py:22} INFO - Message delivered to api [0]
[2024-11-30T13:29:13.403+0000] {dag_data.py:22} INFO - Message delivered to api [0]
[2024-11-30T13:29:13.404+0000] {dag_data.py:22} INFO - Message delivered to api [0]
[2024-11-30T13:29:13.405+0000] {dag_data.py:22} INFO - Message delivered to api [0]
[2024-11-30T13:29:13.406+0000] {dag_data.py:22} INFO - Message delivered to api [0]
[2024-11-30T13:29:13.407+0000] {dag_data.py:22} INFO - Message delivered to api [0]
[2024-11-30T13:29:13.407+0000] {dag_data.py:22} INFO - Message delivered to api [0]
[2024-11-30T13:29:13.408+0000] {dag_data.py:22} INFO - Message delivered to api [0]
[2024-11-30T13:29:13.409+0000] {dag_data.py:22} INFO - Message delivered to api [0]
[2024-11-30T13:29:13.409+0000] {dag_data.py:22} INFO - Message delivered to api [0]
[2024-11-30T13:29:13.410+0000] {dag_data.py:22} INFO - Message delivered to api [0]
[2024-11-30T13:29:13.411+0000] {dag_data.py:22} INFO - Message delivered to api [0]
[2024-11-30T13:29:13.411+0000] {dag_data.py:22} INFO - Message delivered to api [0]
[2024-11-30T13:29:13.412+0000] {dag_data.py:22} INFO - Message delivered to api [0]
[2024-11-30T13:29:13.413+0000] {dag_data.py:22} INFO - Message delivered to api [0]
[2024-11-30T13:29:13.413+0000] {dag_data.py:22} INFO - Message delivered to api [0]
[2024-11-30T13:29:13.414+0000] {dag_data.py:22} INFO - Message delivered to api [0]
[2024-11-30T13:29:13.414+0000] {dag_data.py:22} INFO - Message delivered to api [0]
[2024-11-30T13:29:13.415+0000] {dag_data.py:22} INFO - Message delivered to api [0]
[2024-11-30T13:29:13.415+0000] {dag_data.py:22} INFO - Message delivered to api [0]
[2024-11-30T13:29:13.416+0000] {dag_data.py:22} INFO - Message delivered to api [0]
[2024-11-30T13:29:13.416+0000] {dag_data.py:22} INFO - Message delivered to api [0]
[2024-11-30T13:29:13.417+0000] {dag_data.py:22} INFO - Message delivered to api [0]
[2024-11-30T13:29:13.418+0000] {dag_data.py:22} INFO - Message delivered to api [0]
[2024-11-30T13:29:13.418+0000] {dag_data.py:22} INFO - Message delivered to api [0]
[2024-11-30T13:29:13.418+0000] {dag_data.py:22} INFO - Message delivered to api [0]
[2024-11-30T13:29:13.420+0000] {dag_data.py:22} INFO - Message delivered to api [0]
[2024-11-30T13:29:13.420+0000] {dag_data.py:22} INFO - Message delivered to api [0]
[2024-11-30T13:29:13.421+0000] {dag_data.py:22} INFO - Message delivered to api [0]
[2024-11-30T13:29:13.421+0000] {dag_data.py:22} INFO - Message delivered to api [0]
[2024-11-30T13:29:13.422+0000] {dag_data.py:22} INFO - Message delivered to api [0]
[2024-11-30T13:29:13.422+0000] {dag_data.py:22} INFO - Message delivered to api [0]
[2024-11-30T13:29:13.423+0000] {dag_data.py:22} INFO - Message delivered to api [0]
[2024-11-30T13:29:13.424+0000] {dag_data.py:22} INFO - Message delivered to api [0]
[2024-11-30T13:29:13.424+0000] {dag_data.py:22} INFO - Message delivered to api [0]
[2024-11-30T13:29:13.425+0000] {dag_data.py:22} INFO - Message delivered to api [0]
[2024-11-30T13:29:13.425+0000] {dag_data.py:22} INFO - Message delivered to api [0]
[2024-11-30T13:29:13.426+0000] {dag_data.py:22} INFO - Message delivered to api [0]
[2024-11-30T13:29:13.427+0000] {dag_data.py:22} INFO - Message delivered to api [0]
[2024-11-30T13:29:13.427+0000] {dag_data.py:22} INFO - Message delivered to api [0]
[2024-11-30T13:29:13.428+0000] {dag_data.py:22} INFO - Message delivered to api [0]
[2024-11-30T13:29:13.428+0000] {dag_data.py:22} INFO - Message delivered to api [0]
[2024-11-30T13:29:13.429+0000] {dag_data.py:22} INFO - Message delivered to api [0]
[2024-11-30T13:29:13.429+0000] {dag_data.py:22} INFO - Message delivered to api [0]
[2024-11-30T13:29:13.430+0000] {dag_data.py:22} INFO - Message delivered to api [0]
[2024-11-30T13:29:13.430+0000] {dag_data.py:22} INFO - Message delivered to api [0]
[2024-11-30T13:29:13.431+0000] {dag_data.py:22} INFO - Message delivered to api [0]
[2024-11-30T13:29:13.431+0000] {dag_data.py:22} INFO - Message delivered to api [0]
[2024-11-30T13:29:13.432+0000] {dag_data.py:22} INFO - Message delivered to api [0]
[2024-11-30T13:29:13.433+0000] {dag_data.py:22} INFO - Message delivered to api [0]
[2024-11-30T13:29:13.434+0000] {dag_data.py:22} INFO - Message delivered to api [0]
[2024-11-30T13:29:13.434+0000] {dag_data.py:22} INFO - Message delivered to api [0]
[2024-11-30T13:29:13.435+0000] {dag_data.py:22} INFO - Message delivered to api [0]
[2024-11-30T13:29:13.435+0000] {dag_data.py:22} INFO - Message delivered to api [0]
[2024-11-30T13:29:13.436+0000] {dag_data.py:22} INFO - Message delivered to api [0]
[2024-11-30T13:29:13.436+0000] {dag_data.py:22} INFO - Message delivered to api [0]
[2024-11-30T13:29:13.437+0000] {dag_data.py:22} INFO - Message delivered to api [0]
[2024-11-30T13:29:13.437+0000] {dag_data.py:22} INFO - Message delivered to api [0]
[2024-11-30T13:29:13.438+0000] {dag_data.py:22} INFO - Message delivered to api [0]
[2024-11-30T13:29:13.439+0000] {dag_data.py:22} INFO - Message delivered to api [0]
[2024-11-30T13:29:13.440+0000] {dag_data.py:22} INFO - Message delivered to api [0]
[2024-11-30T13:29:13.440+0000] {dag_data.py:22} INFO - Message delivered to api [0]
[2024-11-30T13:29:13.441+0000] {dag_data.py:22} INFO - Message delivered to api [0]
[2024-11-30T13:29:13.441+0000] {dag_data.py:22} INFO - Message delivered to api [0]
[2024-11-30T13:29:13.442+0000] {dag_data.py:22} INFO - Message delivered to api [0]
[2024-11-30T13:29:13.442+0000] {dag_data.py:22} INFO - Message delivered to api [0]
[2024-11-30T13:29:13.443+0000] {dag_data.py:22} INFO - Message delivered to api [0]
[2024-11-30T13:29:13.443+0000] {dag_data.py:22} INFO - Message delivered to api [0]
[2024-11-30T13:29:13.444+0000] {dag_data.py:22} INFO - Message delivered to api [0]
[2024-11-30T13:29:13.445+0000] {dag_data.py:22} INFO - Message delivered to api [0]
[2024-11-30T13:29:13.446+0000] {dag_data.py:22} INFO - Message delivered to api [0]
[2024-11-30T13:29:13.446+0000] {dag_data.py:22} INFO - Message delivered to api [0]
[2024-11-30T13:29:13.447+0000] {dag_data.py:22} INFO - Message delivered to api [0]
[2024-11-30T13:29:13.447+0000] {dag_data.py:22} INFO - Message delivered to api [0]
[2024-11-30T13:29:13.448+0000] {dag_data.py:22} INFO - Message delivered to api [0]
[2024-11-30T13:29:13.448+0000] {dag_data.py:22} INFO - Message delivered to api [0]
[2024-11-30T13:29:13.449+0000] {dag_data.py:22} INFO - Message delivered to api [0]
[2024-11-30T13:29:13.450+0000] {dag_data.py:22} INFO - Message delivered to api [0]
[2024-11-30T13:29:13.450+0000] {dag_data.py:22} INFO - Message delivered to api [0]
[2024-11-30T13:29:13.451+0000] {dag_data.py:22} INFO - Message delivered to api [0]
[2024-11-30T13:29:13.451+0000] {dag_data.py:22} INFO - Message delivered to api [0]
[2024-11-30T13:29:13.452+0000] {dag_data.py:22} INFO - Message delivered to api [0]
[2024-11-30T13:29:13.453+0000] {dag_data.py:22} INFO - Message delivered to api [0]
[2024-11-30T13:29:13.453+0000] {dag_data.py:22} INFO - Message delivered to api [0]
[2024-11-30T13:29:13.454+0000] {dag_data.py:22} INFO - Message delivered to api [0]
[2024-11-30T13:29:13.454+0000] {dag_data.py:22} INFO - Message delivered to api [0]
[2024-11-30T13:29:13.455+0000] {dag_data.py:22} INFO - Message delivered to api [0]
[2024-11-30T13:29:13.455+0000] {dag_data.py:22} INFO - Message delivered to api [0]
[2024-11-30T13:29:13.456+0000] {dag_data.py:22} INFO - Message delivered to api [0]
[2024-11-30T13:29:13.457+0000] {dag_data.py:22} INFO - Message delivered to api [0]
[2024-11-30T13:29:13.457+0000] {dag_data.py:22} INFO - Message delivered to api [0]
[2024-11-30T13:29:13.458+0000] {dag_data.py:22} INFO - Message delivered to api [0]
[2024-11-30T13:29:13.458+0000] {dag_data.py:22} INFO - Message delivered to api [0]
[2024-11-30T13:29:13.459+0000] {dag_data.py:22} INFO - Message delivered to api [0]
[2024-11-30T13:29:13.460+0000] {dag_data.py:22} INFO - Message delivered to api [0]
[2024-11-30T13:29:13.460+0000] {dag_data.py:22} INFO - Message delivered to api [0]
[2024-11-30T13:29:13.461+0000] {dag_data.py:22} INFO - Message delivered to api [0]
[2024-11-30T13:29:13.461+0000] {dag_data.py:22} INFO - Message delivered to api [0]
[2024-11-30T13:29:13.462+0000] {dag_data.py:22} INFO - Message delivered to api [0]
[2024-11-30T13:29:13.462+0000] {dag_data.py:22} INFO - Message delivered to api [0]
[2024-11-30T13:29:13.463+0000] {dag_data.py:22} INFO - Message delivered to api [0]
[2024-11-30T13:29:13.463+0000] {dag_data.py:22} INFO - Message delivered to api [0]
[2024-11-30T13:29:13.464+0000] {dag_data.py:22} INFO - Message delivered to api [0]
[2024-11-30T13:29:13.464+0000] {dag_data.py:22} INFO - Message delivered to api [0]
[2024-11-30T13:29:13.465+0000] {dag_data.py:22} INFO - Message delivered to api [0]
[2024-11-30T13:29:13.466+0000] {dag_data.py:22} INFO - Message delivered to api [0]
[2024-11-30T13:29:13.466+0000] {dag_data.py:22} INFO - Message delivered to api [0]
[2024-11-30T13:29:13.467+0000] {dag_data.py:22} INFO - Message delivered to api [0]
[2024-11-30T13:29:13.467+0000] {dag_data.py:22} INFO - Message delivered to api [0]
[2024-11-30T13:29:13.468+0000] {dag_data.py:22} INFO - Message delivered to api [0]
[2024-11-30T13:29:13.468+0000] {dag_data.py:22} INFO - Message delivered to api [0]
[2024-11-30T13:29:13.469+0000] {dag_data.py:22} INFO - Message delivered to api [0]
[2024-11-30T13:29:13.470+0000] {dag_data.py:22} INFO - Message delivered to api [0]
[2024-11-30T13:29:13.470+0000] {dag_data.py:22} INFO - Message delivered to api [0]
[2024-11-30T13:29:13.471+0000] {dag_data.py:22} INFO - Message delivered to api [0]
[2024-11-30T13:29:13.471+0000] {dag_data.py:22} INFO - Message delivered to api [0]
[2024-11-30T13:29:13.472+0000] {dag_data.py:22} INFO - Message delivered to api [0]
[2024-11-30T13:29:13.473+0000] {dag_data.py:22} INFO - Message delivered to api [0]
[2024-11-30T13:29:13.473+0000] {dag_data.py:22} INFO - Message delivered to api [0]
[2024-11-30T13:29:13.474+0000] {dag_data.py:22} INFO - Message delivered to api [0]
[2024-11-30T13:29:13.474+0000] {dag_data.py:22} INFO - Message delivered to api [0]
[2024-11-30T13:29:13.475+0000] {dag_data.py:22} INFO - Message delivered to api [0]
[2024-11-30T13:29:13.475+0000] {dag_data.py:22} INFO - Message delivered to api [0]
[2024-11-30T13:29:13.476+0000] {dag_data.py:22} INFO - Message delivered to api [0]
[2024-11-30T13:29:13.476+0000] {dag_data.py:22} INFO - Message delivered to api [0]
[2024-11-30T13:29:13.477+0000] {dag_data.py:22} INFO - Message delivered to api [0]
[2024-11-30T13:29:13.478+0000] {dag_data.py:22} INFO - Message delivered to api [0]
[2024-11-30T13:29:13.479+0000] {dag_data.py:22} INFO - Message delivered to api [0]
[2024-11-30T13:29:13.479+0000] {dag_data.py:22} INFO - Message delivered to api [0]
[2024-11-30T13:29:13.480+0000] {dag_data.py:22} INFO - Message delivered to api [0]
[2024-11-30T13:29:13.481+0000] {dag_data.py:22} INFO - Message delivered to api [0]
[2024-11-30T13:29:13.481+0000] {dag_data.py:22} INFO - Message delivered to api [0]
[2024-11-30T13:29:13.482+0000] {dag_data.py:22} INFO - Message delivered to api [0]
[2024-11-30T13:29:13.483+0000] {dag_data.py:22} INFO - Message delivered to api [0]
[2024-11-30T13:29:13.483+0000] {dag_data.py:22} INFO - Message delivered to api [0]
[2024-11-30T13:29:13.484+0000] {dag_data.py:22} INFO - Message delivered to api [0]
[2024-11-30T13:29:13.484+0000] {dag_data.py:22} INFO - Message delivered to api [0]
[2024-11-30T13:29:13.485+0000] {dag_data.py:22} INFO - Message delivered to api [0]
[2024-11-30T13:29:13.485+0000] {dag_data.py:22} INFO - Message delivered to api [0]
[2024-11-30T13:29:13.486+0000] {dag_data.py:22} INFO - Message delivered to api [0]
[2024-11-30T13:29:13.486+0000] {dag_data.py:22} INFO - Message delivered to api [0]
[2024-11-30T13:29:13.487+0000] {dag_data.py:22} INFO - Message delivered to api [0]
[2024-11-30T13:29:13.488+0000] {dag_data.py:22} INFO - Message delivered to api [0]
[2024-11-30T13:29:13.488+0000] {dag_data.py:22} INFO - Message delivered to api [0]
[2024-11-30T13:29:13.489+0000] {dag_data.py:22} INFO - Message delivered to api [0]
[2024-11-30T13:29:13.489+0000] {dag_data.py:22} INFO - Message delivered to api [0]
[2024-11-30T13:29:13.490+0000] {dag_data.py:22} INFO - Message delivered to api [0]
[2024-11-30T13:29:13.490+0000] {dag_data.py:22} INFO - Message delivered to api [0]
[2024-11-30T13:29:13.491+0000] {dag_data.py:22} INFO - Message delivered to api [0]
[2024-11-30T13:29:13.492+0000] {dag_data.py:22} INFO - Message delivered to api [0]
[2024-11-30T13:29:13.492+0000] {dag_data.py:22} INFO - Message delivered to api [0]
[2024-11-30T13:29:13.493+0000] {dag_data.py:22} INFO - Message delivered to api [0]
[2024-11-30T13:29:13.493+0000] {dag_data.py:22} INFO - Message delivered to api [0]
[2024-11-30T13:29:13.494+0000] {dag_data.py:22} INFO - Message delivered to api [0]
[2024-11-30T13:29:13.495+0000] {dag_data.py:22} INFO - Message delivered to api [0]
[2024-11-30T13:29:13.495+0000] {dag_data.py:22} INFO - Message delivered to api [0]
[2024-11-30T13:29:13.496+0000] {dag_data.py:22} INFO - Message delivered to api [0]
[2024-11-30T13:29:13.496+0000] {dag_data.py:22} INFO - Message delivered to api [0]
[2024-11-30T13:29:13.497+0000] {dag_data.py:22} INFO - Message delivered to api [0]
[2024-11-30T13:29:13.498+0000] {dag_data.py:22} INFO - Message delivered to api [0]
[2024-11-30T13:29:13.498+0000] {dag_data.py:22} INFO - Message delivered to api [0]
[2024-11-30T13:29:13.499+0000] {dag_data.py:22} INFO - Message delivered to api [0]
[2024-11-30T13:29:13.499+0000] {dag_data.py:22} INFO - Message delivered to api [0]
[2024-11-30T13:29:13.500+0000] {dag_data.py:22} INFO - Message delivered to api [0]
[2024-11-30T13:29:13.501+0000] {dag_data.py:22} INFO - Message delivered to api [0]
[2024-11-30T13:29:13.501+0000] {dag_data.py:22} INFO - Message delivered to api [0]
[2024-11-30T13:29:13.502+0000] {dag_data.py:22} INFO - Message delivered to api [0]
[2024-11-30T13:29:13.502+0000] {dag_data.py:22} INFO - Message delivered to api [0]
[2024-11-30T13:29:13.503+0000] {dag_data.py:22} INFO - Message delivered to api [0]
[2024-11-30T13:29:13.503+0000] {dag_data.py:22} INFO - Message delivered to api [0]
[2024-11-30T13:29:13.504+0000] {dag_data.py:22} INFO - Message delivered to api [0]
[2024-11-30T13:29:13.504+0000] {dag_data.py:22} INFO - Message delivered to api [0]
[2024-11-30T13:29:13.505+0000] {dag_data.py:22} INFO - Message delivered to api [0]
[2024-11-30T13:29:13.506+0000] {dag_data.py:22} INFO - Message delivered to api [0]
[2024-11-30T13:29:13.506+0000] {dag_data.py:22} INFO - Message delivered to api [0]
[2024-11-30T13:29:13.507+0000] {dag_data.py:22} INFO - Message delivered to api [0]
[2024-11-30T13:29:13.507+0000] {dag_data.py:22} INFO - Message delivered to api [0]
[2024-11-30T13:29:13.508+0000] {dag_data.py:22} INFO - Message delivered to api [0]
[2024-11-30T13:29:13.509+0000] {dag_data.py:22} INFO - Message delivered to api [0]
[2024-11-30T13:29:13.509+0000] {dag_data.py:22} INFO - Message delivered to api [0]
[2024-11-30T13:29:13.510+0000] {dag_data.py:22} INFO - Message delivered to api [0]
[2024-11-30T13:29:13.511+0000] {dag_data.py:22} INFO - Message delivered to api [0]
[2024-11-30T13:29:13.512+0000] {dag_data.py:22} INFO - Message delivered to api [0]
[2024-11-30T13:29:13.512+0000] {dag_data.py:22} INFO - Message delivered to api [0]
[2024-11-30T13:29:13.513+0000] {dag_data.py:22} INFO - Message delivered to api [0]
[2024-11-30T13:29:13.513+0000] {dag_data.py:22} INFO - Message delivered to api [0]
[2024-11-30T13:29:13.514+0000] {dag_data.py:22} INFO - Message delivered to api [0]
[2024-11-30T13:29:13.515+0000] {dag_data.py:22} INFO - Message delivered to api [0]
[2024-11-30T13:29:13.515+0000] {dag_data.py:22} INFO - Message delivered to api [0]
[2024-11-30T13:29:13.516+0000] {dag_data.py:22} INFO - Message delivered to api [0]
[2024-11-30T13:29:13.517+0000] {dag_data.py:22} INFO - Message delivered to api [0]
[2024-11-30T13:29:13.517+0000] {dag_data.py:22} INFO - Message delivered to api [0]
[2024-11-30T13:29:13.519+0000] {dag_data.py:22} INFO - Message delivered to api [0]
[2024-11-30T13:29:13.519+0000] {dag_data.py:22} INFO - Message delivered to api [0]
[2024-11-30T13:29:13.520+0000] {dag_data.py:22} INFO - Message delivered to api [0]
[2024-11-30T13:29:13.520+0000] {dag_data.py:22} INFO - Message delivered to api [0]
[2024-11-30T13:29:13.521+0000] {dag_data.py:22} INFO - Message delivered to api [0]
[2024-11-30T13:29:13.521+0000] {dag_data.py:22} INFO - Message delivered to api [0]
[2024-11-30T13:29:13.522+0000] {dag_data.py:22} INFO - Message delivered to api [0]
[2024-11-30T13:29:13.523+0000] {dag_data.py:22} INFO - Message delivered to api [0]
[2024-11-30T13:29:13.523+0000] {dag_data.py:22} INFO - Message delivered to api [0]
[2024-11-30T13:29:13.524+0000] {dag_data.py:22} INFO - Message delivered to api [0]
[2024-11-30T13:29:13.524+0000] {dag_data.py:22} INFO - Message delivered to api [0]
[2024-11-30T13:29:13.525+0000] {dag_data.py:22} INFO - Message delivered to api [0]
[2024-11-30T13:29:13.525+0000] {dag_data.py:22} INFO - Message delivered to api [0]
[2024-11-30T13:29:13.526+0000] {dag_data.py:22} INFO - Message delivered to api [0]
[2024-11-30T13:29:13.527+0000] {dag_data.py:22} INFO - Message delivered to api [0]
[2024-11-30T13:29:13.527+0000] {dag_data.py:22} INFO - Message delivered to api [0]
[2024-11-30T13:29:13.528+0000] {dag_data.py:22} INFO - Message delivered to api [0]
[2024-11-30T13:29:13.528+0000] {dag_data.py:22} INFO - Message delivered to api [0]
[2024-11-30T13:29:13.529+0000] {dag_data.py:22} INFO - Message delivered to api [0]
[2024-11-30T13:29:13.530+0000] {dag_data.py:22} INFO - Message delivered to api [0]
[2024-11-30T13:29:13.530+0000] {dag_data.py:22} INFO - Message delivered to api [0]
[2024-11-30T13:29:13.531+0000] {dag_data.py:22} INFO - Message delivered to api [0]
[2024-11-30T13:29:13.531+0000] {dag_data.py:22} INFO - Message delivered to api [0]
[2024-11-30T13:29:13.532+0000] {dag_data.py:22} INFO - Message delivered to api [0]
[2024-11-30T13:29:13.533+0000] {dag_data.py:22} INFO - Message delivered to api [0]
[2024-11-30T13:29:13.533+0000] {dag_data.py:22} INFO - Message delivered to api [0]
[2024-11-30T13:29:13.534+0000] {dag_data.py:22} INFO - Message delivered to api [0]
[2024-11-30T13:29:13.534+0000] {dag_data.py:22} INFO - Message delivered to api [0]
[2024-11-30T13:29:13.535+0000] {dag_data.py:22} INFO - Message delivered to api [0]
[2024-11-30T13:29:13.535+0000] {dag_data.py:22} INFO - Message delivered to api [0]
[2024-11-30T13:29:13.536+0000] {dag_data.py:22} INFO - Message delivered to api [0]
[2024-11-30T13:29:13.536+0000] {dag_data.py:22} INFO - Message delivered to api [0]
[2024-11-30T13:29:13.537+0000] {dag_data.py:22} INFO - Message delivered to api [0]
[2024-11-30T13:29:13.537+0000] {dag_data.py:22} INFO - Message delivered to api [0]
[2024-11-30T13:29:13.538+0000] {dag_data.py:22} INFO - Message delivered to api [0]
[2024-11-30T13:29:13.538+0000] {dag_data.py:22} INFO - Message delivered to api [0]
[2024-11-30T13:29:13.539+0000] {dag_data.py:22} INFO - Message delivered to api [0]
[2024-11-30T13:29:13.540+0000] {dag_data.py:22} INFO - Message delivered to api [0]
[2024-11-30T13:29:13.540+0000] {dag_data.py:22} INFO - Message delivered to api [0]
[2024-11-30T13:29:13.541+0000] {dag_data.py:22} INFO - Message delivered to api [0]
[2024-11-30T13:29:13.542+0000] {dag_data.py:22} INFO - Message delivered to api [0]
[2024-11-30T13:29:13.542+0000] {dag_data.py:22} INFO - Message delivered to api [0]
[2024-11-30T13:29:13.543+0000] {dag_data.py:22} INFO - Message delivered to api [0]
[2024-11-30T13:29:13.544+0000] {dag_data.py:22} INFO - Message delivered to api [0]
[2024-11-30T13:29:13.545+0000] {dag_data.py:22} INFO - Message delivered to api [0]
[2024-11-30T13:29:13.546+0000] {dag_data.py:22} INFO - Message delivered to api [0]
[2024-11-30T13:29:13.546+0000] {dag_data.py:22} INFO - Message delivered to api [0]
[2024-11-30T13:29:13.547+0000] {dag_data.py:22} INFO - Message delivered to api [0]
[2024-11-30T13:29:13.547+0000] {dag_data.py:22} INFO - Message delivered to api [0]
[2024-11-30T13:29:13.548+0000] {dag_data.py:22} INFO - Message delivered to api [0]
[2024-11-30T13:29:13.549+0000] {dag_data.py:22} INFO - Message delivered to api [0]
[2024-11-30T13:29:13.549+0000] {dag_data.py:22} INFO - Message delivered to api [0]
[2024-11-30T13:29:13.550+0000] {dag_data.py:22} INFO - Message delivered to api [0]
[2024-11-30T13:29:13.550+0000] {dag_data.py:22} INFO - Message delivered to api [0]
[2024-11-30T13:29:13.551+0000] {dag_data.py:22} INFO - Message delivered to api [0]
[2024-11-30T13:29:13.552+0000] {dag_data.py:22} INFO - Message delivered to api [0]
[2024-11-30T13:29:13.553+0000] {dag_data.py:22} INFO - Message delivered to api [0]
[2024-11-30T13:29:13.553+0000] {dag_data.py:22} INFO - Message delivered to api [0]
[2024-11-30T13:29:13.553+0000] {dag_data.py:22} INFO - Message delivered to api [0]
[2024-11-30T13:29:13.554+0000] {dag_data.py:22} INFO - Message delivered to api [0]
[2024-11-30T13:29:13.554+0000] {dag_data.py:22} INFO - Message delivered to api [0]
[2024-11-30T13:29:13.555+0000] {dag_data.py:22} INFO - Message delivered to api [0]
[2024-11-30T13:29:13.555+0000] {dag_data.py:22} INFO - Message delivered to api [0]
[2024-11-30T13:29:13.556+0000] {dag_data.py:22} INFO - Message delivered to api [0]
[2024-11-30T13:29:13.556+0000] {dag_data.py:22} INFO - Message delivered to api [0]
[2024-11-30T13:29:13.557+0000] {dag_data.py:22} INFO - Message delivered to api [0]
[2024-11-30T13:29:13.557+0000] {dag_data.py:22} INFO - Message delivered to api [0]
[2024-11-30T13:29:13.558+0000] {dag_data.py:22} INFO - Message delivered to api [0]
[2024-11-30T13:29:13.558+0000] {dag_data.py:22} INFO - Message delivered to api [0]
[2024-11-30T13:29:13.559+0000] {dag_data.py:22} INFO - Message delivered to api [0]
[2024-11-30T13:29:13.560+0000] {dag_data.py:22} INFO - Message delivered to api [0]
[2024-11-30T13:29:13.560+0000] {dag_data.py:22} INFO - Message delivered to api [0]
[2024-11-30T13:29:13.561+0000] {dag_data.py:22} INFO - Message delivered to api [0]
[2024-11-30T13:29:13.561+0000] {dag_data.py:22} INFO - Message delivered to api [0]
[2024-11-30T13:29:13.562+0000] {dag_data.py:22} INFO - Message delivered to api [0]
[2024-11-30T13:29:13.562+0000] {dag_data.py:22} INFO - Message delivered to api [0]
[2024-11-30T13:29:13.563+0000] {dag_data.py:22} INFO - Message delivered to api [0]
[2024-11-30T13:29:13.563+0000] {dag_data.py:22} INFO - Message delivered to api [0]
[2024-11-30T13:29:13.564+0000] {dag_data.py:22} INFO - Message delivered to api [0]
[2024-11-30T13:29:13.564+0000] {dag_data.py:22} INFO - Message delivered to api [0]
[2024-11-30T13:29:13.565+0000] {dag_data.py:22} INFO - Message delivered to api [0]
[2024-11-30T13:29:13.566+0000] {dag_data.py:22} INFO - Message delivered to api [0]
[2024-11-30T13:29:13.566+0000] {dag_data.py:22} INFO - Message delivered to api [0]
[2024-11-30T13:29:13.567+0000] {dag_data.py:22} INFO - Message delivered to api [0]
[2024-11-30T13:29:13.567+0000] {dag_data.py:22} INFO - Message delivered to api [0]
[2024-11-30T13:29:13.568+0000] {dag_data.py:22} INFO - Message delivered to api [0]
[2024-11-30T13:29:13.568+0000] {dag_data.py:22} INFO - Message delivered to api [0]
[2024-11-30T13:29:13.569+0000] {dag_data.py:22} INFO - Message delivered to api [0]
[2024-11-30T13:29:13.569+0000] {dag_data.py:22} INFO - Message delivered to api [0]
[2024-11-30T13:29:13.570+0000] {dag_data.py:22} INFO - Message delivered to api [0]
[2024-11-30T13:29:13.570+0000] {dag_data.py:22} INFO - Message delivered to api [0]
[2024-11-30T13:29:13.571+0000] {dag_data.py:22} INFO - Message delivered to api [0]
[2024-11-30T13:29:13.571+0000] {dag_data.py:22} INFO - Message delivered to api [0]
[2024-11-30T13:29:13.572+0000] {dag_data.py:22} INFO - Message delivered to api [0]
[2024-11-30T13:29:13.572+0000] {dag_data.py:22} INFO - Message delivered to api [0]
[2024-11-30T13:29:13.573+0000] {dag_data.py:22} INFO - Message delivered to api [0]
[2024-11-30T13:29:13.573+0000] {dag_data.py:22} INFO - Message delivered to api [0]
[2024-11-30T13:29:13.574+0000] {dag_data.py:22} INFO - Message delivered to api [0]
[2024-11-30T13:29:13.574+0000] {dag_data.py:22} INFO - Message delivered to api [0]
[2024-11-30T13:29:13.575+0000] {dag_data.py:22} INFO - Message delivered to api [0]
[2024-11-30T13:29:13.576+0000] {dag_data.py:22} INFO - Message delivered to api [0]
[2024-11-30T13:29:13.576+0000] {dag_data.py:22} INFO - Message delivered to api [0]
[2024-11-30T13:29:13.577+0000] {dag_data.py:22} INFO - Message delivered to api [0]
[2024-11-30T13:29:13.577+0000] {dag_data.py:22} INFO - Message delivered to api [0]
[2024-11-30T13:29:13.578+0000] {dag_data.py:22} INFO - Message delivered to api [0]
[2024-11-30T13:29:13.579+0000] {dag_data.py:22} INFO - Message delivered to api [0]
[2024-11-30T13:29:13.579+0000] {dag_data.py:22} INFO - Message delivered to api [0]
[2024-11-30T13:29:13.580+0000] {dag_data.py:22} INFO - Message delivered to api [0]
[2024-11-30T13:29:13.580+0000] {dag_data.py:22} INFO - Message delivered to api [0]
[2024-11-30T13:29:13.581+0000] {dag_data.py:22} INFO - Message delivered to api [0]
[2024-11-30T13:29:13.581+0000] {dag_data.py:22} INFO - Message delivered to api [0]
[2024-11-30T13:29:13.582+0000] {dag_data.py:22} INFO - Message delivered to api [0]
[2024-11-30T13:29:13.583+0000] {dag_data.py:22} INFO - Message delivered to api [0]
[2024-11-30T13:29:13.583+0000] {dag_data.py:22} INFO - Message delivered to api [0]
[2024-11-30T13:29:13.584+0000] {dag_data.py:22} INFO - Message delivered to api [0]
[2024-11-30T13:29:13.584+0000] {dag_data.py:22} INFO - Message delivered to api [0]
[2024-11-30T13:29:13.585+0000] {dag_data.py:22} INFO - Message delivered to api [0]
[2024-11-30T13:29:13.586+0000] {dag_data.py:22} INFO - Message delivered to api [0]
[2024-11-30T13:29:13.586+0000] {dag_data.py:22} INFO - Message delivered to api [0]
[2024-11-30T13:29:13.587+0000] {dag_data.py:22} INFO - Message delivered to api [0]
[2024-11-30T13:29:13.588+0000] {dag_data.py:22} INFO - Message delivered to api [0]
[2024-11-30T13:29:13.588+0000] {dag_data.py:22} INFO - Message delivered to api [0]
[2024-11-30T13:29:13.589+0000] {dag_data.py:22} INFO - Message delivered to api [0]
[2024-11-30T13:29:13.589+0000] {dag_data.py:22} INFO - Message delivered to api [0]
[2024-11-30T13:29:13.590+0000] {dag_data.py:22} INFO - Message delivered to api [0]
[2024-11-30T13:29:13.590+0000] {dag_data.py:22} INFO - Message delivered to api [0]
[2024-11-30T13:29:13.591+0000] {dag_data.py:22} INFO - Message delivered to api [0]
[2024-11-30T13:29:13.592+0000] {dag_data.py:22} INFO - Message delivered to api [0]
[2024-11-30T13:29:13.592+0000] {dag_data.py:22} INFO - Message delivered to api [0]
[2024-11-30T13:29:13.593+0000] {dag_data.py:22} INFO - Message delivered to api [0]
[2024-11-30T13:29:13.594+0000] {dag_data.py:22} INFO - Message delivered to api [0]
[2024-11-30T13:29:13.594+0000] {dag_data.py:22} INFO - Message delivered to api [0]
[2024-11-30T13:29:13.595+0000] {dag_data.py:22} INFO - Message delivered to api [0]
[2024-11-30T13:29:13.596+0000] {dag_data.py:22} INFO - Message delivered to api [0]
[2024-11-30T13:29:13.596+0000] {dag_data.py:22} INFO - Message delivered to api [0]
[2024-11-30T13:29:13.597+0000] {dag_data.py:22} INFO - Message delivered to api [0]
[2024-11-30T13:29:13.597+0000] {dag_data.py:22} INFO - Message delivered to api [0]
[2024-11-30T13:29:13.598+0000] {dag_data.py:22} INFO - Message delivered to api [0]
[2024-11-30T13:29:13.599+0000] {dag_data.py:22} INFO - Message delivered to api [0]
[2024-11-30T13:29:13.599+0000] {dag_data.py:22} INFO - Message delivered to api [0]
[2024-11-30T13:29:13.600+0000] {dag_data.py:22} INFO - Message delivered to api [0]
[2024-11-30T13:29:13.600+0000] {dag_data.py:22} INFO - Message delivered to api [0]
[2024-11-30T13:29:13.601+0000] {dag_data.py:22} INFO - Message delivered to api [0]
[2024-11-30T13:29:13.601+0000] {dag_data.py:22} INFO - Message delivered to api [0]
[2024-11-30T13:29:13.602+0000] {dag_data.py:22} INFO - Message delivered to api [0]
[2024-11-30T13:29:13.602+0000] {dag_data.py:22} INFO - Message delivered to api [0]
[2024-11-30T13:29:13.603+0000] {dag_data.py:22} INFO - Message delivered to api [0]
[2024-11-30T13:29:13.604+0000] {dag_data.py:22} INFO - Message delivered to api [0]
[2024-11-30T13:29:13.604+0000] {dag_data.py:22} INFO - Message delivered to api [0]
[2024-11-30T13:29:13.605+0000] {dag_data.py:22} INFO - Message delivered to api [0]
[2024-11-30T13:29:13.606+0000] {dag_data.py:22} INFO - Message delivered to api [0]
[2024-11-30T13:29:13.606+0000] {dag_data.py:22} INFO - Message delivered to api [0]
[2024-11-30T13:29:13.607+0000] {dag_data.py:22} INFO - Message delivered to api [0]
[2024-11-30T13:29:13.607+0000] {dag_data.py:22} INFO - Message delivered to api [0]
[2024-11-30T13:29:13.608+0000] {dag_data.py:22} INFO - Message delivered to api [0]
[2024-11-30T13:29:13.609+0000] {dag_data.py:22} INFO - Message delivered to api [0]
[2024-11-30T13:29:13.609+0000] {dag_data.py:22} INFO - Message delivered to api [0]
[2024-11-30T13:29:13.610+0000] {dag_data.py:22} INFO - Message delivered to api [0]
[2024-11-30T13:29:13.610+0000] {dag_data.py:22} INFO - Message delivered to api [0]
[2024-11-30T13:29:13.611+0000] {dag_data.py:22} INFO - Message delivered to api [0]
[2024-11-30T13:29:13.612+0000] {dag_data.py:22} INFO - Message delivered to api [0]
[2024-11-30T13:29:13.613+0000] {dag_data.py:22} INFO - Message delivered to api [0]
[2024-11-30T13:29:13.613+0000] {dag_data.py:22} INFO - Message delivered to api [0]
[2024-11-30T13:29:13.614+0000] {dag_data.py:22} INFO - Message delivered to api [0]
[2024-11-30T13:29:13.614+0000] {dag_data.py:22} INFO - Message delivered to api [0]
[2024-11-30T13:29:13.615+0000] {dag_data.py:22} INFO - Message delivered to api [0]
[2024-11-30T13:29:13.615+0000] {dag_data.py:22} INFO - Message delivered to api [0]
[2024-11-30T13:29:13.615+0000] {dag_data.py:22} INFO - Message delivered to api [0]
[2024-11-30T13:29:13.616+0000] {dag_data.py:22} INFO - Message delivered to api [0]
[2024-11-30T13:29:13.617+0000] {dag_data.py:22} INFO - Message delivered to api [0]
[2024-11-30T13:29:13.617+0000] {dag_data.py:22} INFO - Message delivered to api [0]
[2024-11-30T13:29:13.618+0000] {dag_data.py:22} INFO - Message delivered to api [0]
[2024-11-30T13:29:13.619+0000] {dag_data.py:22} INFO - Message delivered to api [0]
[2024-11-30T13:29:13.619+0000] {dag_data.py:22} INFO - Message delivered to api [0]
[2024-11-30T13:29:13.620+0000] {dag_data.py:22} INFO - Message delivered to api [0]
[2024-11-30T13:29:13.620+0000] {dag_data.py:22} INFO - Message delivered to api [0]
[2024-11-30T13:29:13.621+0000] {dag_data.py:22} INFO - Message delivered to api [0]
[2024-11-30T13:29:13.622+0000] {dag_data.py:22} INFO - Message delivered to api [0]
[2024-11-30T13:29:13.622+0000] {dag_data.py:22} INFO - Message delivered to api [0]
[2024-11-30T13:29:13.623+0000] {dag_data.py:22} INFO - Message delivered to api [0]
[2024-11-30T13:29:13.623+0000] {dag_data.py:22} INFO - Message delivered to api [0]
[2024-11-30T13:29:13.624+0000] {dag_data.py:22} INFO - Message delivered to api [0]
[2024-11-30T13:29:13.624+0000] {dag_data.py:22} INFO - Message delivered to api [0]
[2024-11-30T13:29:13.625+0000] {dag_data.py:22} INFO - Message delivered to api [0]
[2024-11-30T13:29:13.625+0000] {dag_data.py:22} INFO - Message delivered to api [0]
[2024-11-30T13:29:13.626+0000] {dag_data.py:22} INFO - Message delivered to api [0]
[2024-11-30T13:29:13.626+0000] {dag_data.py:22} INFO - Message delivered to api [0]
[2024-11-30T13:29:13.627+0000] {dag_data.py:22} INFO - Message delivered to api [0]
[2024-11-30T13:29:13.628+0000] {dag_data.py:22} INFO - Message delivered to api [0]
[2024-11-30T13:29:13.628+0000] {dag_data.py:22} INFO - Message delivered to api [0]
[2024-11-30T13:29:13.629+0000] {dag_data.py:22} INFO - Message delivered to api [0]
[2024-11-30T13:29:13.629+0000] {dag_data.py:22} INFO - Message delivered to api [0]
[2024-11-30T13:29:13.630+0000] {dag_data.py:22} INFO - Message delivered to api [0]
[2024-11-30T13:29:13.630+0000] {dag_data.py:22} INFO - Message delivered to api [0]
[2024-11-30T13:29:13.631+0000] {dag_data.py:22} INFO - Message delivered to api [0]
[2024-11-30T13:29:13.632+0000] {dag_data.py:22} INFO - Message delivered to api [0]
[2024-11-30T13:29:13.632+0000] {dag_data.py:22} INFO - Message delivered to api [0]
[2024-11-30T13:29:13.633+0000] {dag_data.py:22} INFO - Message delivered to api [0]
[2024-11-30T13:29:13.633+0000] {dag_data.py:22} INFO - Message delivered to api [0]
[2024-11-30T13:29:13.634+0000] {dag_data.py:22} INFO - Message delivered to api [0]
[2024-11-30T13:29:13.634+0000] {dag_data.py:22} INFO - Message delivered to api [0]
[2024-11-30T13:29:13.635+0000] {dag_data.py:22} INFO - Message delivered to api [0]
[2024-11-30T13:29:13.636+0000] {dag_data.py:22} INFO - Message delivered to api [0]
[2024-11-30T13:29:13.636+0000] {dag_data.py:22} INFO - Message delivered to api [0]
[2024-11-30T13:29:13.636+0000] {dag_data.py:22} INFO - Message delivered to api [0]
[2024-11-30T13:29:13.637+0000] {dag_data.py:22} INFO - Message delivered to api [0]
[2024-11-30T13:29:13.638+0000] {dag_data.py:22} INFO - Message delivered to api [0]
[2024-11-30T13:29:13.638+0000] {dag_data.py:22} INFO - Message delivered to api [0]
[2024-11-30T13:29:13.639+0000] {dag_data.py:22} INFO - Message delivered to api [0]
[2024-11-30T13:29:13.639+0000] {dag_data.py:22} INFO - Message delivered to api [0]
[2024-11-30T13:29:13.640+0000] {dag_data.py:22} INFO - Message delivered to api [0]
[2024-11-30T13:29:13.640+0000] {dag_data.py:22} INFO - Message delivered to api [0]
[2024-11-30T13:29:13.641+0000] {dag_data.py:22} INFO - Message delivered to api [0]
[2024-11-30T13:29:13.641+0000] {dag_data.py:22} INFO - Message delivered to api [0]
[2024-11-30T13:29:13.642+0000] {dag_data.py:22} INFO - Message delivered to api [0]
[2024-11-30T13:29:13.643+0000] {dag_data.py:22} INFO - Message delivered to api [0]
[2024-11-30T13:29:13.643+0000] {dag_data.py:22} INFO - Message delivered to api [0]
[2024-11-30T13:29:13.645+0000] {dag_data.py:22} INFO - Message delivered to api [0]
[2024-11-30T13:29:13.645+0000] {dag_data.py:22} INFO - Message delivered to api [0]
[2024-11-30T13:29:13.646+0000] {dag_data.py:22} INFO - Message delivered to api [0]
[2024-11-30T13:29:13.646+0000] {dag_data.py:22} INFO - Message delivered to api [0]
[2024-11-30T13:29:13.647+0000] {dag_data.py:22} INFO - Message delivered to api [0]
[2024-11-30T13:29:13.647+0000] {dag_data.py:22} INFO - Message delivered to api [0]
[2024-11-30T13:29:13.648+0000] {dag_data.py:22} INFO - Message delivered to api [0]
[2024-11-30T13:29:13.648+0000] {dag_data.py:22} INFO - Message delivered to api [0]
[2024-11-30T13:29:13.649+0000] {dag_data.py:22} INFO - Message delivered to api [0]
[2024-11-30T13:29:13.650+0000] {dag_data.py:22} INFO - Message delivered to api [0]
[2024-11-30T13:29:13.650+0000] {dag_data.py:22} INFO - Message delivered to api [0]
[2024-11-30T13:29:13.651+0000] {dag_data.py:22} INFO - Message delivered to api [0]
[2024-11-30T13:29:13.652+0000] {dag_data.py:22} INFO - Message delivered to api [0]
[2024-11-30T13:29:13.652+0000] {dag_data.py:22} INFO - Message delivered to api [0]
[2024-11-30T13:29:13.652+0000] {dag_data.py:22} INFO - Message delivered to api [0]
[2024-11-30T13:29:13.653+0000] {dag_data.py:22} INFO - Message delivered to api [0]
[2024-11-30T13:29:13.654+0000] {dag_data.py:22} INFO - Message delivered to api [0]
[2024-11-30T13:29:13.654+0000] {dag_data.py:22} INFO - Message delivered to api [0]
[2024-11-30T13:29:13.655+0000] {dag_data.py:22} INFO - Message delivered to api [0]
[2024-11-30T13:29:13.655+0000] {dag_data.py:22} INFO - Message delivered to api [0]
[2024-11-30T13:29:13.656+0000] {dag_data.py:22} INFO - Message delivered to api [0]
[2024-11-30T13:29:13.656+0000] {dag_data.py:22} INFO - Message delivered to api [0]
[2024-11-30T13:29:13.657+0000] {dag_data.py:22} INFO - Message delivered to api [0]
[2024-11-30T13:29:13.658+0000] {dag_data.py:22} INFO - Message delivered to api [0]
[2024-11-30T13:29:13.658+0000] {dag_data.py:22} INFO - Message delivered to api [0]
[2024-11-30T13:29:13.659+0000] {dag_data.py:22} INFO - Message delivered to api [0]
[2024-11-30T13:29:13.659+0000] {dag_data.py:22} INFO - Message delivered to api [0]
[2024-11-30T13:29:13.660+0000] {dag_data.py:22} INFO - Message delivered to api [0]
[2024-11-30T13:29:13.660+0000] {dag_data.py:22} INFO - Message delivered to api [0]
[2024-11-30T13:29:13.661+0000] {dag_data.py:22} INFO - Message delivered to api [0]
[2024-11-30T13:29:13.662+0000] {dag_data.py:22} INFO - Message delivered to api [0]
[2024-11-30T13:29:13.662+0000] {dag_data.py:22} INFO - Message delivered to api [0]
[2024-11-30T13:29:13.663+0000] {dag_data.py:22} INFO - Message delivered to api [0]
[2024-11-30T13:29:13.664+0000] {dag_data.py:22} INFO - Message delivered to api [0]
[2024-11-30T13:29:13.664+0000] {dag_data.py:22} INFO - Message delivered to api [0]
[2024-11-30T13:29:13.665+0000] {dag_data.py:22} INFO - Message delivered to api [0]
[2024-11-30T13:29:13.665+0000] {dag_data.py:22} INFO - Message delivered to api [0]
[2024-11-30T13:29:13.666+0000] {dag_data.py:22} INFO - Message delivered to api [0]
[2024-11-30T13:29:13.666+0000] {dag_data.py:22} INFO - Message delivered to api [0]
[2024-11-30T13:29:13.667+0000] {dag_data.py:22} INFO - Message delivered to api [0]
[2024-11-30T13:29:13.667+0000] {dag_data.py:22} INFO - Message delivered to api [0]
[2024-11-30T13:29:13.668+0000] {dag_data.py:22} INFO - Message delivered to api [0]
[2024-11-30T13:29:13.669+0000] {dag_data.py:22} INFO - Message delivered to api [0]
[2024-11-30T13:29:13.670+0000] {dag_data.py:22} INFO - Message delivered to api [0]
[2024-11-30T13:29:13.670+0000] {dag_data.py:22} INFO - Message delivered to api [0]
[2024-11-30T13:29:13.671+0000] {dag_data.py:22} INFO - Message delivered to api [0]
[2024-11-30T13:29:13.672+0000] {dag_data.py:22} INFO - Message delivered to api [0]
[2024-11-30T13:29:13.673+0000] {dag_data.py:22} INFO - Message delivered to api [0]
[2024-11-30T13:29:13.673+0000] {dag_data.py:22} INFO - Message delivered to api [0]
[2024-11-30T13:29:13.674+0000] {dag_data.py:22} INFO - Message delivered to api [0]
[2024-11-30T13:29:13.674+0000] {dag_data.py:22} INFO - Message delivered to api [0]
[2024-11-30T13:29:13.675+0000] {dag_data.py:22} INFO - Message delivered to api [0]
[2024-11-30T13:29:13.676+0000] {dag_data.py:22} INFO - Message delivered to api [0]
[2024-11-30T13:29:13.676+0000] {dag_data.py:22} INFO - Message delivered to api [0]
[2024-11-30T13:29:13.677+0000] {dag_data.py:22} INFO - Message delivered to api [0]
[2024-11-30T13:29:13.678+0000] {dag_data.py:22} INFO - Message delivered to api [0]
[2024-11-30T13:29:13.678+0000] {dag_data.py:22} INFO - Message delivered to api [0]
[2024-11-30T13:29:13.679+0000] {dag_data.py:22} INFO - Message delivered to api [0]
[2024-11-30T13:29:13.679+0000] {dag_data.py:22} INFO - Message delivered to api [0]
[2024-11-30T13:29:13.680+0000] {dag_data.py:22} INFO - Message delivered to api [0]
[2024-11-30T13:29:13.681+0000] {dag_data.py:22} INFO - Message delivered to api [0]
[2024-11-30T13:29:13.681+0000] {dag_data.py:22} INFO - Message delivered to api [0]
[2024-11-30T13:29:13.681+0000] {dag_data.py:22} INFO - Message delivered to api [0]
[2024-11-30T13:29:13.682+0000] {dag_data.py:22} INFO - Message delivered to api [0]
[2024-11-30T13:29:13.682+0000] {dag_data.py:22} INFO - Message delivered to api [0]
[2024-11-30T13:29:13.683+0000] {dag_data.py:22} INFO - Message delivered to api [0]
[2024-11-30T13:29:13.684+0000] {dag_data.py:22} INFO - Message delivered to api [0]
[2024-11-30T13:29:13.684+0000] {dag_data.py:22} INFO - Message delivered to api [0]
[2024-11-30T13:29:13.685+0000] {dag_data.py:22} INFO - Message delivered to api [0]
[2024-11-30T13:29:13.685+0000] {dag_data.py:22} INFO - Message delivered to api [0]
[2024-11-30T13:29:13.686+0000] {dag_data.py:22} INFO - Message delivered to api [0]
[2024-11-30T13:29:13.686+0000] {dag_data.py:22} INFO - Message delivered to api [0]
[2024-11-30T13:29:13.687+0000] {dag_data.py:22} INFO - Message delivered to api [0]
[2024-11-30T13:29:13.687+0000] {dag_data.py:22} INFO - Message delivered to api [0]
[2024-11-30T13:29:13.688+0000] {dag_data.py:22} INFO - Message delivered to api [0]
[2024-11-30T13:29:13.688+0000] {dag_data.py:22} INFO - Message delivered to api [0]
[2024-11-30T13:29:13.689+0000] {dag_data.py:22} INFO - Message delivered to api [0]
[2024-11-30T13:29:13.690+0000] {dag_data.py:22} INFO - Message delivered to api [0]
[2024-11-30T13:29:13.691+0000] {dag_data.py:22} INFO - Message delivered to api [0]
[2024-11-30T13:29:13.692+0000] {dag_data.py:22} INFO - Message delivered to api [0]
[2024-11-30T13:29:13.692+0000] {dag_data.py:22} INFO - Message delivered to api [0]
[2024-11-30T13:29:13.693+0000] {dag_data.py:22} INFO - Message delivered to api [0]
[2024-11-30T13:29:13.693+0000] {dag_data.py:22} INFO - Message delivered to api [0]
[2024-11-30T13:29:13.694+0000] {dag_data.py:22} INFO - Message delivered to api [0]
[2024-11-30T13:29:13.694+0000] {dag_data.py:22} INFO - Message delivered to api [0]
[2024-11-30T13:29:13.695+0000] {dag_data.py:22} INFO - Message delivered to api [0]
[2024-11-30T13:29:13.695+0000] {dag_data.py:22} INFO - Message delivered to api [0]
[2024-11-30T13:29:13.696+0000] {dag_data.py:22} INFO - Message delivered to api [0]
[2024-11-30T13:29:13.696+0000] {dag_data.py:22} INFO - Message delivered to api [0]
[2024-11-30T13:29:13.697+0000] {dag_data.py:22} INFO - Message delivered to api [0]
[2024-11-30T13:29:13.698+0000] {dag_data.py:22} INFO - Message delivered to api [0]
[2024-11-30T13:29:13.698+0000] {dag_data.py:22} INFO - Message delivered to api [0]
[2024-11-30T13:29:13.699+0000] {dag_data.py:22} INFO - Message delivered to api [0]
[2024-11-30T13:29:13.699+0000] {dag_data.py:22} INFO - Message delivered to api [0]
[2024-11-30T13:29:13.700+0000] {dag_data.py:22} INFO - Message delivered to api [0]
[2024-11-30T13:29:13.700+0000] {dag_data.py:22} INFO - Message delivered to api [0]
[2024-11-30T13:29:13.701+0000] {dag_data.py:22} INFO - Message delivered to api [0]
[2024-11-30T13:29:13.701+0000] {dag_data.py:22} INFO - Message delivered to api [0]
[2024-11-30T13:29:13.702+0000] {dag_data.py:22} INFO - Message delivered to api [0]
[2024-11-30T13:29:13.703+0000] {dag_data.py:22} INFO - Message delivered to api [0]
[2024-11-30T13:29:13.703+0000] {dag_data.py:22} INFO - Message delivered to api [0]
[2024-11-30T13:29:13.704+0000] {dag_data.py:22} INFO - Message delivered to api [0]
[2024-11-30T13:29:13.704+0000] {dag_data.py:22} INFO - Message delivered to api [0]
[2024-11-30T13:29:13.705+0000] {dag_data.py:22} INFO - Message delivered to api [0]
[2024-11-30T13:29:13.705+0000] {dag_data.py:22} INFO - Message delivered to api [0]
[2024-11-30T13:29:13.706+0000] {dag_data.py:22} INFO - Message delivered to api [0]
[2024-11-30T13:29:13.706+0000] {dag_data.py:22} INFO - Message delivered to api [0]
[2024-11-30T13:29:13.707+0000] {dag_data.py:22} INFO - Message delivered to api [0]
[2024-11-30T13:29:13.708+0000] {dag_data.py:22} INFO - Message delivered to api [0]
[2024-11-30T13:29:13.708+0000] {dag_data.py:22} INFO - Message delivered to api [0]
[2024-11-30T13:29:13.709+0000] {dag_data.py:22} INFO - Message delivered to api [0]
[2024-11-30T13:29:13.709+0000] {dag_data.py:22} INFO - Message delivered to api [0]
[2024-11-30T13:29:13.710+0000] {dag_data.py:22} INFO - Message delivered to api [0]
[2024-11-30T13:29:13.711+0000] {dag_data.py:22} INFO - Message delivered to api [0]
[2024-11-30T13:29:13.711+0000] {dag_data.py:22} INFO - Message delivered to api [0]
[2024-11-30T13:29:13.712+0000] {dag_data.py:22} INFO - Message delivered to api [0]
[2024-11-30T13:29:13.712+0000] {dag_data.py:22} INFO - Message delivered to api [0]
[2024-11-30T13:29:13.713+0000] {dag_data.py:22} INFO - Message delivered to api [0]
[2024-11-30T13:29:13.713+0000] {dag_data.py:22} INFO - Message delivered to api [0]
[2024-11-30T13:29:13.714+0000] {dag_data.py:22} INFO - Message delivered to api [0]
[2024-11-30T13:29:13.714+0000] {dag_data.py:22} INFO - Message delivered to api [0]
[2024-11-30T13:29:13.715+0000] {dag_data.py:22} INFO - Message delivered to api [0]
[2024-11-30T13:29:13.715+0000] {dag_data.py:22} INFO - Message delivered to api [0]
[2024-11-30T13:29:13.716+0000] {dag_data.py:22} INFO - Message delivered to api [0]
[2024-11-30T13:29:13.717+0000] {dag_data.py:22} INFO - Message delivered to api [0]
[2024-11-30T13:29:13.717+0000] {dag_data.py:22} INFO - Message delivered to api [0]
[2024-11-30T13:29:13.718+0000] {dag_data.py:22} INFO - Message delivered to api [0]
[2024-11-30T13:29:13.718+0000] {dag_data.py:22} INFO - Message delivered to api [0]
[2024-11-30T13:29:13.719+0000] {dag_data.py:22} INFO - Message delivered to api [0]
[2024-11-30T13:29:13.719+0000] {dag_data.py:22} INFO - Message delivered to api [0]
[2024-11-30T13:29:13.720+0000] {dag_data.py:22} INFO - Message delivered to api [0]
[2024-11-30T13:29:13.721+0000] {dag_data.py:22} INFO - Message delivered to api [0]
[2024-11-30T13:29:13.721+0000] {dag_data.py:22} INFO - Message delivered to api [0]
[2024-11-30T13:29:13.722+0000] {dag_data.py:22} INFO - Message delivered to api [0]
[2024-11-30T13:29:13.722+0000] {dag_data.py:22} INFO - Message delivered to api [0]
[2024-11-30T13:29:13.723+0000] {dag_data.py:22} INFO - Message delivered to api [0]
[2024-11-30T13:29:13.724+0000] {dag_data.py:22} INFO - Message delivered to api [0]
[2024-11-30T13:29:13.724+0000] {dag_data.py:22} INFO - Message delivered to api [0]
[2024-11-30T13:29:13.725+0000] {dag_data.py:22} INFO - Message delivered to api [0]
[2024-11-30T13:29:13.726+0000] {dag_data.py:22} INFO - Message delivered to api [0]
[2024-11-30T13:29:13.726+0000] {dag_data.py:22} INFO - Message delivered to api [0]
[2024-11-30T13:29:13.727+0000] {dag_data.py:22} INFO - Message delivered to api [0]
[2024-11-30T13:29:13.727+0000] {dag_data.py:22} INFO - Message delivered to api [0]
[2024-11-30T13:29:13.728+0000] {dag_data.py:22} INFO - Message delivered to api [0]
[2024-11-30T13:29:13.728+0000] {dag_data.py:22} INFO - Message delivered to api [0]
[2024-11-30T13:29:13.729+0000] {dag_data.py:22} INFO - Message delivered to api [0]
[2024-11-30T13:29:13.729+0000] {dag_data.py:22} INFO - Message delivered to api [0]
[2024-11-30T13:29:13.730+0000] {dag_data.py:22} INFO - Message delivered to api [0]
[2024-11-30T13:29:13.730+0000] {dag_data.py:22} INFO - Message delivered to api [0]
[2024-11-30T13:29:13.731+0000] {dag_data.py:22} INFO - Message delivered to api [0]
[2024-11-30T13:29:13.732+0000] {dag_data.py:22} INFO - Message delivered to api [0]
[2024-11-30T13:29:13.732+0000] {dag_data.py:22} INFO - Message delivered to api [0]
[2024-11-30T13:29:13.733+0000] {dag_data.py:22} INFO - Message delivered to api [0]
[2024-11-30T13:29:13.733+0000] {dag_data.py:22} INFO - Message delivered to api [0]
[2024-11-30T13:29:13.734+0000] {dag_data.py:22} INFO - Message delivered to api [0]
[2024-11-30T13:29:13.734+0000] {dag_data.py:22} INFO - Message delivered to api [0]
[2024-11-30T13:29:13.735+0000] {dag_data.py:22} INFO - Message delivered to api [0]
[2024-11-30T13:29:13.735+0000] {dag_data.py:22} INFO - Message delivered to api [0]
[2024-11-30T13:29:13.736+0000] {dag_data.py:22} INFO - Message delivered to api [0]
[2024-11-30T13:29:13.737+0000] {dag_data.py:22} INFO - Message delivered to api [0]
[2024-11-30T13:29:13.737+0000] {dag_data.py:22} INFO - Message delivered to api [0]
[2024-11-30T13:29:13.738+0000] {dag_data.py:22} INFO - Message delivered to api [0]
[2024-11-30T13:29:13.738+0000] {dag_data.py:22} INFO - Message delivered to api [0]
[2024-11-30T13:29:13.739+0000] {dag_data.py:22} INFO - Message delivered to api [0]
[2024-11-30T13:29:13.739+0000] {dag_data.py:22} INFO - Message delivered to api [0]
[2024-11-30T13:29:13.740+0000] {dag_data.py:22} INFO - Message delivered to api [0]
[2024-11-30T13:29:13.740+0000] {dag_data.py:22} INFO - Message delivered to api [0]
[2024-11-30T13:29:13.741+0000] {dag_data.py:22} INFO - Message delivered to api [0]
[2024-11-30T13:29:13.741+0000] {dag_data.py:22} INFO - Message delivered to api [0]
[2024-11-30T13:29:13.742+0000] {dag_data.py:22} INFO - Message delivered to api [0]
[2024-11-30T13:29:13.742+0000] {dag_data.py:22} INFO - Message delivered to api [0]
[2024-11-30T13:29:13.743+0000] {dag_data.py:22} INFO - Message delivered to api [0]
[2024-11-30T13:29:13.744+0000] {dag_data.py:22} INFO - Message delivered to api [0]
[2024-11-30T13:29:13.744+0000] {dag_data.py:22} INFO - Message delivered to api [0]
[2024-11-30T13:29:13.745+0000] {dag_data.py:22} INFO - Message delivered to api [0]
[2024-11-30T13:29:13.745+0000] {dag_data.py:22} INFO - Message delivered to api [0]
[2024-11-30T13:29:13.746+0000] {dag_data.py:22} INFO - Message delivered to api [0]
[2024-11-30T13:29:13.746+0000] {dag_data.py:22} INFO - Message delivered to api [0]
[2024-11-30T13:29:13.747+0000] {dag_data.py:22} INFO - Message delivered to api [0]
[2024-11-30T13:29:13.747+0000] {dag_data.py:22} INFO - Message delivered to api [0]
[2024-11-30T13:29:13.748+0000] {dag_data.py:22} INFO - Message delivered to api [0]
[2024-11-30T13:29:13.748+0000] {dag_data.py:22} INFO - Message delivered to api [0]
[2024-11-30T13:29:13.749+0000] {dag_data.py:22} INFO - Message delivered to api [0]
[2024-11-30T13:29:13.749+0000] {dag_data.py:22} INFO - Message delivered to api [0]
[2024-11-30T13:29:13.750+0000] {dag_data.py:22} INFO - Message delivered to api [0]
[2024-11-30T13:29:13.750+0000] {dag_data.py:22} INFO - Message delivered to api [0]
[2024-11-30T13:29:13.751+0000] {dag_data.py:22} INFO - Message delivered to api [0]
[2024-11-30T13:29:13.751+0000] {dag_data.py:22} INFO - Message delivered to api [0]
[2024-11-30T13:29:13.752+0000] {dag_data.py:22} INFO - Message delivered to api [0]
[2024-11-30T13:29:13.752+0000] {dag_data.py:22} INFO - Message delivered to api [0]
[2024-11-30T13:29:13.753+0000] {dag_data.py:22} INFO - Message delivered to api [0]
[2024-11-30T13:29:13.753+0000] {dag_data.py:22} INFO - Message delivered to api [0]
[2024-11-30T13:29:13.754+0000] {dag_data.py:22} INFO - Message delivered to api [0]
[2024-11-30T13:29:13.754+0000] {dag_data.py:22} INFO - Message delivered to api [0]
[2024-11-30T13:29:13.755+0000] {dag_data.py:22} INFO - Message delivered to api [0]
[2024-11-30T13:29:13.755+0000] {dag_data.py:22} INFO - Message delivered to api [0]
[2024-11-30T13:29:13.756+0000] {dag_data.py:22} INFO - Message delivered to api [0]
[2024-11-30T13:29:13.756+0000] {dag_data.py:22} INFO - Message delivered to api [0]
[2024-11-30T13:29:13.757+0000] {dag_data.py:22} INFO - Message delivered to api [0]
[2024-11-30T13:29:13.758+0000] {dag_data.py:22} INFO - Message delivered to api [0]
[2024-11-30T13:29:13.758+0000] {dag_data.py:22} INFO - Message delivered to api [0]
[2024-11-30T13:29:13.759+0000] {dag_data.py:22} INFO - Message delivered to api [0]
[2024-11-30T13:29:13.759+0000] {dag_data.py:22} INFO - Message delivered to api [0]
[2024-11-30T13:29:13.760+0000] {dag_data.py:22} INFO - Message delivered to api [0]
[2024-11-30T13:29:13.760+0000] {dag_data.py:22} INFO - Message delivered to api [0]
[2024-11-30T13:29:13.761+0000] {dag_data.py:22} INFO - Message delivered to api [0]
[2024-11-30T13:29:13.761+0000] {dag_data.py:22} INFO - Message delivered to api [0]
[2024-11-30T13:29:13.762+0000] {dag_data.py:22} INFO - Message delivered to api [0]
[2024-11-30T13:29:13.762+0000] {dag_data.py:22} INFO - Message delivered to api [0]
[2024-11-30T13:29:13.763+0000] {dag_data.py:22} INFO - Message delivered to api [0]
[2024-11-30T13:29:13.763+0000] {dag_data.py:22} INFO - Message delivered to api [0]
[2024-11-30T13:29:13.764+0000] {dag_data.py:22} INFO - Message delivered to api [0]
[2024-11-30T13:29:13.764+0000] {dag_data.py:22} INFO - Message delivered to api [0]
[2024-11-30T13:29:13.765+0000] {dag_data.py:22} INFO - Message delivered to api [0]
[2024-11-30T13:29:13.765+0000] {dag_data.py:22} INFO - Message delivered to api [0]
[2024-11-30T13:29:13.766+0000] {dag_data.py:22} INFO - Message delivered to api [0]
[2024-11-30T13:29:13.767+0000] {dag_data.py:22} INFO - Message delivered to api [0]
[2024-11-30T13:29:13.767+0000] {dag_data.py:22} INFO - Message delivered to api [0]
[2024-11-30T13:29:13.768+0000] {dag_data.py:22} INFO - Message delivered to api [0]
[2024-11-30T13:29:13.768+0000] {dag_data.py:22} INFO - Message delivered to api [0]
[2024-11-30T13:29:13.769+0000] {dag_data.py:22} INFO - Message delivered to api [0]
[2024-11-30T13:29:13.769+0000] {dag_data.py:22} INFO - Message delivered to api [0]
[2024-11-30T13:29:13.770+0000] {dag_data.py:22} INFO - Message delivered to api [0]
[2024-11-30T13:29:13.770+0000] {dag_data.py:22} INFO - Message delivered to api [0]
[2024-11-30T13:29:13.771+0000] {dag_data.py:22} INFO - Message delivered to api [0]
[2024-11-30T13:29:13.771+0000] {dag_data.py:22} INFO - Message delivered to api [0]
[2024-11-30T13:29:13.772+0000] {dag_data.py:22} INFO - Message delivered to api [0]
[2024-11-30T13:29:13.773+0000] {dag_data.py:22} INFO - Message delivered to api [0]
[2024-11-30T13:29:13.773+0000] {dag_data.py:22} INFO - Message delivered to api [0]
[2024-11-30T13:29:13.774+0000] {dag_data.py:22} INFO - Message delivered to api [0]
[2024-11-30T13:29:13.774+0000] {dag_data.py:22} INFO - Message delivered to api [0]
[2024-11-30T13:29:13.775+0000] {dag_data.py:22} INFO - Message delivered to api [0]
[2024-11-30T13:29:13.775+0000] {dag_data.py:22} INFO - Message delivered to api [0]
[2024-11-30T13:29:13.776+0000] {dag_data.py:22} INFO - Message delivered to api [0]
[2024-11-30T13:29:13.776+0000] {dag_data.py:22} INFO - Message delivered to api [0]
[2024-11-30T13:29:13.777+0000] {dag_data.py:22} INFO - Message delivered to api [0]
[2024-11-30T13:29:13.777+0000] {dag_data.py:22} INFO - Message delivered to api [0]
[2024-11-30T13:29:13.778+0000] {dag_data.py:22} INFO - Message delivered to api [0]
[2024-11-30T13:29:13.778+0000] {dag_data.py:22} INFO - Message delivered to api [0]
[2024-11-30T13:29:13.779+0000] {dag_data.py:22} INFO - Message delivered to api [0]
[2024-11-30T13:29:13.779+0000] {dag_data.py:22} INFO - Message delivered to api [0]
[2024-11-30T13:29:13.780+0000] {dag_data.py:22} INFO - Message delivered to api [0]
[2024-11-30T13:29:13.780+0000] {dag_data.py:22} INFO - Message delivered to api [0]
[2024-11-30T13:29:13.781+0000] {dag_data.py:22} INFO - Message delivered to api [0]
[2024-11-30T13:29:13.781+0000] {dag_data.py:22} INFO - Message delivered to api [0]
[2024-11-30T13:29:13.782+0000] {dag_data.py:22} INFO - Message delivered to api [0]
[2024-11-30T13:29:13.782+0000] {dag_data.py:22} INFO - Message delivered to api [0]
[2024-11-30T13:29:13.783+0000] {dag_data.py:22} INFO - Message delivered to api [0]
[2024-11-30T13:29:13.783+0000] {dag_data.py:22} INFO - Message delivered to api [0]
[2024-11-30T13:29:13.784+0000] {dag_data.py:22} INFO - Message delivered to api [0]
[2024-11-30T13:29:13.784+0000] {dag_data.py:22} INFO - Message delivered to api [0]
[2024-11-30T13:29:13.785+0000] {dag_data.py:22} INFO - Message delivered to api [0]
[2024-11-30T13:29:13.785+0000] {dag_data.py:22} INFO - Message delivered to api [0]
[2024-11-30T13:29:13.786+0000] {dag_data.py:22} INFO - Message delivered to api [0]
[2024-11-30T13:29:13.786+0000] {dag_data.py:22} INFO - Message delivered to api [0]
[2024-11-30T13:29:13.787+0000] {dag_data.py:22} INFO - Message delivered to api [0]
[2024-11-30T13:29:13.788+0000] {dag_data.py:22} INFO - Message delivered to api [0]
[2024-11-30T13:29:13.788+0000] {dag_data.py:22} INFO - Message delivered to api [0]
[2024-11-30T13:29:13.788+0000] {dag_data.py:22} INFO - Message delivered to api [0]
[2024-11-30T13:29:13.789+0000] {dag_data.py:22} INFO - Message delivered to api [0]
[2024-11-30T13:29:13.790+0000] {dag_data.py:22} INFO - Message delivered to api [0]
[2024-11-30T13:29:13.790+0000] {dag_data.py:22} INFO - Message delivered to api [0]
[2024-11-30T13:29:13.791+0000] {dag_data.py:22} INFO - Message delivered to api [0]
[2024-11-30T13:29:13.791+0000] {dag_data.py:22} INFO - Message delivered to api [0]
[2024-11-30T13:29:13.792+0000] {dag_data.py:22} INFO - Message delivered to api [0]
[2024-11-30T13:29:13.792+0000] {dag_data.py:22} INFO - Message delivered to api [0]
[2024-11-30T13:29:13.793+0000] {dag_data.py:22} INFO - Message delivered to api [0]
[2024-11-30T13:29:13.793+0000] {dag_data.py:22} INFO - Message delivered to api [0]
[2024-11-30T13:29:13.794+0000] {dag_data.py:22} INFO - Message delivered to api [0]
[2024-11-30T13:29:13.794+0000] {dag_data.py:22} INFO - Message delivered to api [0]
[2024-11-30T13:29:13.795+0000] {dag_data.py:22} INFO - Message delivered to api [0]
[2024-11-30T13:29:13.796+0000] {dag_data.py:22} INFO - Message delivered to api [0]
[2024-11-30T13:29:13.796+0000] {dag_data.py:22} INFO - Message delivered to api [0]
[2024-11-30T13:29:13.797+0000] {dag_data.py:22} INFO - Message delivered to api [0]
[2024-11-30T13:29:13.797+0000] {dag_data.py:22} INFO - Message delivered to api [0]
[2024-11-30T13:29:13.798+0000] {dag_data.py:22} INFO - Message delivered to api [0]
[2024-11-30T13:29:13.798+0000] {dag_data.py:22} INFO - Message delivered to api [0]
[2024-11-30T13:29:13.799+0000] {dag_data.py:22} INFO - Message delivered to api [0]
[2024-11-30T13:29:13.799+0000] {dag_data.py:22} INFO - Message delivered to api [0]
[2024-11-30T13:29:13.800+0000] {dag_data.py:22} INFO - Message delivered to api [0]
[2024-11-30T13:29:13.800+0000] {dag_data.py:22} INFO - Message delivered to api [0]
[2024-11-30T13:29:13.801+0000] {dag_data.py:22} INFO - Message delivered to api [0]
[2024-11-30T13:29:13.801+0000] {dag_data.py:22} INFO - Message delivered to api [0]
[2024-11-30T13:29:13.802+0000] {dag_data.py:22} INFO - Message delivered to api [0]
[2024-11-30T13:29:13.802+0000] {dag_data.py:22} INFO - Message delivered to api [0]
[2024-11-30T13:29:13.803+0000] {dag_data.py:22} INFO - Message delivered to api [0]
[2024-11-30T13:29:13.803+0000] {dag_data.py:22} INFO - Message delivered to api [0]
[2024-11-30T13:29:13.804+0000] {dag_data.py:22} INFO - Message delivered to api [0]
[2024-11-30T13:29:13.804+0000] {dag_data.py:22} INFO - Message delivered to api [0]
[2024-11-30T13:29:13.805+0000] {dag_data.py:22} INFO - Message delivered to api [0]
[2024-11-30T13:29:13.805+0000] {dag_data.py:22} INFO - Message delivered to api [0]
[2024-11-30T13:29:13.806+0000] {dag_data.py:22} INFO - Message delivered to api [0]
[2024-11-30T13:29:13.806+0000] {dag_data.py:22} INFO - Message delivered to api [0]
[2024-11-30T13:29:13.807+0000] {dag_data.py:22} INFO - Message delivered to api [0]
[2024-11-30T13:29:13.807+0000] {dag_data.py:22} INFO - Message delivered to api [0]
[2024-11-30T13:29:13.808+0000] {dag_data.py:22} INFO - Message delivered to api [0]
[2024-11-30T13:29:13.808+0000] {dag_data.py:22} INFO - Message delivered to api [0]
[2024-11-30T13:29:13.809+0000] {dag_data.py:22} INFO - Message delivered to api [0]
[2024-11-30T13:29:13.809+0000] {dag_data.py:22} INFO - Message delivered to api [0]
[2024-11-30T13:29:13.810+0000] {dag_data.py:22} INFO - Message delivered to api [0]
[2024-11-30T13:29:13.810+0000] {dag_data.py:22} INFO - Message delivered to api [0]
[2024-11-30T13:29:13.811+0000] {dag_data.py:22} INFO - Message delivered to api [0]
[2024-11-30T13:29:13.812+0000] {dag_data.py:22} INFO - Message delivered to api [0]
[2024-11-30T13:29:13.812+0000] {dag_data.py:22} INFO - Message delivered to api [0]
[2024-11-30T13:29:13.813+0000] {dag_data.py:22} INFO - Message delivered to api [0]
[2024-11-30T13:29:13.813+0000] {dag_data.py:22} INFO - Message delivered to api [0]
[2024-11-30T13:29:13.814+0000] {dag_data.py:22} INFO - Message delivered to api [0]
[2024-11-30T13:29:13.814+0000] {dag_data.py:22} INFO - Message delivered to api [0]
[2024-11-30T13:29:13.815+0000] {dag_data.py:22} INFO - Message delivered to api [0]
[2024-11-30T13:29:13.815+0000] {dag_data.py:22} INFO - Message delivered to api [0]
[2024-11-30T13:29:13.816+0000] {dag_data.py:22} INFO - Message delivered to api [0]
[2024-11-30T13:29:13.816+0000] {dag_data.py:22} INFO - Message delivered to api [0]
[2024-11-30T13:29:13.817+0000] {dag_data.py:22} INFO - Message delivered to api [0]
[2024-11-30T13:29:13.818+0000] {dag_data.py:22} INFO - Message delivered to api [0]
[2024-11-30T13:29:13.818+0000] {dag_data.py:22} INFO - Message delivered to api [0]
[2024-11-30T13:29:13.819+0000] {dag_data.py:22} INFO - Message delivered to api [0]
[2024-11-30T13:29:13.819+0000] {dag_data.py:22} INFO - Message delivered to api [0]
[2024-11-30T13:29:13.820+0000] {dag_data.py:22} INFO - Message delivered to api [0]
[2024-11-30T13:29:13.820+0000] {dag_data.py:22} INFO - Message delivered to api [0]
[2024-11-30T13:29:13.821+0000] {dag_data.py:22} INFO - Message delivered to api [0]
[2024-11-30T13:29:13.821+0000] {dag_data.py:22} INFO - Message delivered to api [0]
[2024-11-30T13:29:13.822+0000] {dag_data.py:22} INFO - Message delivered to api [0]
[2024-11-30T13:29:13.822+0000] {dag_data.py:22} INFO - Message delivered to api [0]
[2024-11-30T13:29:13.823+0000] {dag_data.py:22} INFO - Message delivered to api [0]
[2024-11-30T13:29:13.823+0000] {dag_data.py:22} INFO - Message delivered to api [0]
[2024-11-30T13:29:13.823+0000] {dag_data.py:22} INFO - Message delivered to api [0]
[2024-11-30T13:29:13.824+0000] {dag_data.py:22} INFO - Message delivered to api [0]
[2024-11-30T13:29:13.825+0000] {dag_data.py:22} INFO - Message delivered to api [0]
[2024-11-30T13:29:13.825+0000] {dag_data.py:22} INFO - Message delivered to api [0]
[2024-11-30T13:29:13.825+0000] {dag_data.py:22} INFO - Message delivered to api [0]
[2024-11-30T13:29:13.826+0000] {dag_data.py:22} INFO - Message delivered to api [0]
[2024-11-30T13:29:13.826+0000] {dag_data.py:22} INFO - Message delivered to api [0]
[2024-11-30T13:29:13.827+0000] {dag_data.py:22} INFO - Message delivered to api [0]
[2024-11-30T13:29:13.828+0000] {dag_data.py:22} INFO - Message delivered to api [0]
[2024-11-30T13:29:13.828+0000] {dag_data.py:22} INFO - Message delivered to api [0]
[2024-11-30T13:29:13.828+0000] {dag_data.py:22} INFO - Message delivered to api [0]
[2024-11-30T13:29:13.829+0000] {dag_data.py:22} INFO - Message delivered to api [0]
[2024-11-30T13:29:13.829+0000] {dag_data.py:22} INFO - Message delivered to api [0]
[2024-11-30T13:29:13.830+0000] {dag_data.py:22} INFO - Message delivered to api [0]
[2024-11-30T13:29:13.830+0000] {dag_data.py:22} INFO - Message delivered to api [0]
[2024-11-30T13:29:13.831+0000] {dag_data.py:22} INFO - Message delivered to api [0]
[2024-11-30T13:29:13.831+0000] {dag_data.py:22} INFO - Message delivered to api [0]
[2024-11-30T13:29:13.831+0000] {dag_data.py:22} INFO - Message delivered to api [0]
[2024-11-30T13:29:13.832+0000] {dag_data.py:22} INFO - Message delivered to api [0]
[2024-11-30T13:29:13.832+0000] {dag_data.py:22} INFO - Message delivered to api [0]
[2024-11-30T13:29:13.832+0000] {dag_data.py:22} INFO - Message delivered to api [0]
[2024-11-30T13:29:13.833+0000] {dag_data.py:22} INFO - Message delivered to api [0]
[2024-11-30T13:29:13.833+0000] {dag_data.py:22} INFO - Message delivered to api [0]
[2024-11-30T13:29:13.833+0000] {dag_data.py:22} INFO - Message delivered to api [0]
[2024-11-30T13:29:13.834+0000] {dag_data.py:22} INFO - Message delivered to api [0]
[2024-11-30T13:29:13.834+0000] {dag_data.py:22} INFO - Message delivered to api [0]
[2024-11-30T13:29:13.834+0000] {dag_data.py:22} INFO - Message delivered to api [0]
[2024-11-30T13:29:13.835+0000] {dag_data.py:22} INFO - Message delivered to api [0]
[2024-11-30T13:29:13.835+0000] {dag_data.py:22} INFO - Message delivered to api [0]
[2024-11-30T13:29:13.835+0000] {dag_data.py:22} INFO - Message delivered to api [0]
[2024-11-30T13:29:13.836+0000] {dag_data.py:22} INFO - Message delivered to api [0]
[2024-11-30T13:29:13.836+0000] {dag_data.py:22} INFO - Message delivered to api [0]
[2024-11-30T13:29:13.836+0000] {dag_data.py:22} INFO - Message delivered to api [0]
[2024-11-30T13:29:13.837+0000] {dag_data.py:22} INFO - Message delivered to api [0]
[2024-11-30T13:29:13.837+0000] {dag_data.py:22} INFO - Message delivered to api [0]
[2024-11-30T13:29:13.838+0000] {dag_data.py:22} INFO - Message delivered to api [0]
[2024-11-30T13:29:13.838+0000] {dag_data.py:22} INFO - Message delivered to api [0]
[2024-11-30T13:29:13.838+0000] {dag_data.py:22} INFO - Message delivered to api [0]
[2024-11-30T13:29:13.839+0000] {dag_data.py:22} INFO - Message delivered to api [0]
[2024-11-30T13:29:13.839+0000] {dag_data.py:22} INFO - Message delivered to api [0]
[2024-11-30T13:29:13.840+0000] {dag_data.py:22} INFO - Message delivered to api [0]
[2024-11-30T13:29:13.840+0000] {dag_data.py:22} INFO - Message delivered to api [0]
[2024-11-30T13:29:13.840+0000] {dag_data.py:22} INFO - Message delivered to api [0]
[2024-11-30T13:29:13.841+0000] {dag_data.py:22} INFO - Message delivered to api [0]
[2024-11-30T13:29:13.841+0000] {dag_data.py:22} INFO - Message delivered to api [0]
[2024-11-30T13:29:13.842+0000] {dag_data.py:22} INFO - Message delivered to api [0]
[2024-11-30T13:29:13.842+0000] {dag_data.py:22} INFO - Message delivered to api [0]
[2024-11-30T13:29:13.842+0000] {dag_data.py:22} INFO - Message delivered to api [0]
[2024-11-30T13:29:13.843+0000] {dag_data.py:22} INFO - Message delivered to api [0]
[2024-11-30T13:29:13.843+0000] {dag_data.py:22} INFO - Message delivered to api [0]
[2024-11-30T13:29:13.844+0000] {dag_data.py:22} INFO - Message delivered to api [0]
[2024-11-30T13:29:13.844+0000] {dag_data.py:22} INFO - Message delivered to api [0]
[2024-11-30T13:29:13.844+0000] {dag_data.py:22} INFO - Message delivered to api [0]
[2024-11-30T13:29:13.845+0000] {dag_data.py:22} INFO - Message delivered to api [0]
[2024-11-30T13:29:13.845+0000] {dag_data.py:22} INFO - Message delivered to api [0]
[2024-11-30T13:29:13.845+0000] {dag_data.py:22} INFO - Message delivered to api [0]
[2024-11-30T13:29:13.846+0000] {dag_data.py:22} INFO - Message delivered to api [0]
[2024-11-30T13:29:13.846+0000] {dag_data.py:22} INFO - Message delivered to api [0]
[2024-11-30T13:29:13.846+0000] {dag_data.py:22} INFO - Message delivered to api [0]
[2024-11-30T13:29:13.847+0000] {dag_data.py:22} INFO - Message delivered to api [0]
[2024-11-30T13:29:13.847+0000] {dag_data.py:22} INFO - Message delivered to api [0]
[2024-11-30T13:29:13.847+0000] {dag_data.py:22} INFO - Message delivered to api [0]
[2024-11-30T13:29:13.848+0000] {dag_data.py:22} INFO - Message delivered to api [0]
[2024-11-30T13:29:13.848+0000] {dag_data.py:22} INFO - Message delivered to api [0]
[2024-11-30T13:29:13.848+0000] {dag_data.py:22} INFO - Message delivered to api [0]
[2024-11-30T13:29:13.849+0000] {dag_data.py:22} INFO - Message delivered to api [0]
[2024-11-30T13:29:13.849+0000] {dag_data.py:22} INFO - Message delivered to api [0]
[2024-11-30T13:29:13.849+0000] {dag_data.py:22} INFO - Message delivered to api [0]
[2024-11-30T13:29:13.850+0000] {dag_data.py:22} INFO - Message delivered to api [0]
[2024-11-30T13:29:13.850+0000] {dag_data.py:22} INFO - Message delivered to api [0]
[2024-11-30T13:29:13.850+0000] {dag_data.py:22} INFO - Message delivered to api [0]
[2024-11-30T13:29:13.850+0000] {dag_data.py:22} INFO - Message delivered to api [0]
[2024-11-30T13:29:13.851+0000] {dag_data.py:22} INFO - Message delivered to api [0]
[2024-11-30T13:29:13.851+0000] {dag_data.py:22} INFO - Message delivered to api [0]
[2024-11-30T13:29:13.852+0000] {dag_data.py:22} INFO - Message delivered to api [0]
[2024-11-30T13:29:13.852+0000] {dag_data.py:22} INFO - Message delivered to api [0]
[2024-11-30T13:29:13.852+0000] {dag_data.py:22} INFO - Message delivered to api [0]
[2024-11-30T13:29:13.853+0000] {dag_data.py:22} INFO - Message delivered to api [0]
[2024-11-30T13:29:13.853+0000] {dag_data.py:22} INFO - Message delivered to api [0]
[2024-11-30T13:29:13.853+0000] {dag_data.py:22} INFO - Message delivered to api [0]
[2024-11-30T13:29:13.854+0000] {dag_data.py:22} INFO - Message delivered to api [0]
[2024-11-30T13:29:13.854+0000] {dag_data.py:22} INFO - Message delivered to api [0]
[2024-11-30T13:29:13.854+0000] {dag_data.py:22} INFO - Message delivered to api [0]
[2024-11-30T13:29:13.854+0000] {dag_data.py:22} INFO - Message delivered to api [0]
[2024-11-30T13:29:13.855+0000] {dag_data.py:22} INFO - Message delivered to api [0]
[2024-11-30T13:29:13.855+0000] {dag_data.py:22} INFO - Message delivered to api [0]
[2024-11-30T13:29:13.856+0000] {dag_data.py:22} INFO - Message delivered to api [0]
[2024-11-30T13:29:13.856+0000] {dag_data.py:22} INFO - Message delivered to api [0]
[2024-11-30T13:29:13.856+0000] {dag_data.py:22} INFO - Message delivered to api [0]
[2024-11-30T13:29:13.856+0000] {dag_data.py:22} INFO - Message delivered to api [0]
[2024-11-30T13:29:13.857+0000] {dag_data.py:22} INFO - Message delivered to api [0]
[2024-11-30T13:29:13.857+0000] {dag_data.py:22} INFO - Message delivered to api [0]
[2024-11-30T13:29:13.857+0000] {dag_data.py:22} INFO - Message delivered to api [0]
[2024-11-30T13:29:13.858+0000] {dag_data.py:22} INFO - Message delivered to api [0]
[2024-11-30T13:29:13.858+0000] {dag_data.py:22} INFO - Message delivered to api [0]
[2024-11-30T13:29:13.858+0000] {dag_data.py:22} INFO - Message delivered to api [0]
[2024-11-30T13:29:13.859+0000] {dag_data.py:22} INFO - Message delivered to api [0]
[2024-11-30T13:29:13.859+0000] {dag_data.py:22} INFO - Message delivered to api [0]
[2024-11-30T13:29:13.859+0000] {dag_data.py:22} INFO - Message delivered to api [0]
[2024-11-30T13:29:13.860+0000] {dag_data.py:22} INFO - Message delivered to api [0]
[2024-11-30T13:29:13.860+0000] {dag_data.py:22} INFO - Message delivered to api [0]
[2024-11-30T13:29:13.860+0000] {dag_data.py:22} INFO - Message delivered to api [0]
[2024-11-30T13:29:13.861+0000] {dag_data.py:22} INFO - Message delivered to api [0]
[2024-11-30T13:29:13.861+0000] {dag_data.py:22} INFO - Message delivered to api [0]
[2024-11-30T13:29:13.861+0000] {dag_data.py:22} INFO - Message delivered to api [0]
[2024-11-30T13:29:13.862+0000] {dag_data.py:22} INFO - Message delivered to api [0]
[2024-11-30T13:29:13.862+0000] {dag_data.py:22} INFO - Message delivered to api [0]
[2024-11-30T13:29:13.862+0000] {dag_data.py:22} INFO - Message delivered to api [0]
[2024-11-30T13:29:13.863+0000] {dag_data.py:22} INFO - Message delivered to api [0]
[2024-11-30T13:29:13.863+0000] {dag_data.py:22} INFO - Message delivered to api [0]
[2024-11-30T13:29:13.863+0000] {dag_data.py:22} INFO - Message delivered to api [0]
[2024-11-30T13:29:13.864+0000] {dag_data.py:22} INFO - Message delivered to api [0]
[2024-11-30T13:29:13.864+0000] {dag_data.py:22} INFO - Message delivered to api [0]
[2024-11-30T13:29:13.864+0000] {dag_data.py:22} INFO - Message delivered to api [0]
[2024-11-30T13:29:13.865+0000] {dag_data.py:22} INFO - Message delivered to api [0]
[2024-11-30T13:29:13.865+0000] {dag_data.py:22} INFO - Message delivered to api [0]
[2024-11-30T13:29:13.865+0000] {dag_data.py:22} INFO - Message delivered to api [0]
[2024-11-30T13:29:13.866+0000] {dag_data.py:22} INFO - Message delivered to api [0]
[2024-11-30T13:29:13.866+0000] {dag_data.py:22} INFO - Message delivered to api [0]
[2024-11-30T13:29:13.866+0000] {dag_data.py:22} INFO - Message delivered to api [0]
[2024-11-30T13:29:13.866+0000] {dag_data.py:22} INFO - Message delivered to api [0]
[2024-11-30T13:29:13.867+0000] {dag_data.py:22} INFO - Message delivered to api [0]
[2024-11-30T13:29:13.867+0000] {dag_data.py:22} INFO - Message delivered to api [0]
[2024-11-30T13:29:13.867+0000] {dag_data.py:22} INFO - Message delivered to api [0]
[2024-11-30T13:29:13.868+0000] {dag_data.py:22} INFO - Message delivered to api [0]
[2024-11-30T13:29:13.868+0000] {dag_data.py:22} INFO - Message delivered to api [0]
[2024-11-30T13:29:13.868+0000] {dag_data.py:22} INFO - Message delivered to api [0]
[2024-11-30T13:29:13.869+0000] {dag_data.py:22} INFO - Message delivered to api [0]
[2024-11-30T13:29:13.869+0000] {dag_data.py:22} INFO - Message delivered to api [0]
[2024-11-30T13:29:13.869+0000] {dag_data.py:22} INFO - Message delivered to api [0]
[2024-11-30T13:29:13.870+0000] {dag_data.py:22} INFO - Message delivered to api [0]
[2024-11-30T13:29:13.870+0000] {dag_data.py:22} INFO - Message delivered to api [0]
[2024-11-30T13:29:13.870+0000] {dag_data.py:22} INFO - Message delivered to api [0]
[2024-11-30T13:29:13.871+0000] {dag_data.py:22} INFO - Message delivered to api [0]
[2024-11-30T13:29:13.871+0000] {dag_data.py:22} INFO - Message delivered to api [0]
[2024-11-30T13:29:13.871+0000] {dag_data.py:22} INFO - Message delivered to api [0]
[2024-11-30T13:29:13.872+0000] {dag_data.py:22} INFO - Message delivered to api [0]
[2024-11-30T13:29:13.872+0000] {dag_data.py:22} INFO - Message delivered to api [0]
[2024-11-30T13:29:13.872+0000] {dag_data.py:22} INFO - Message delivered to api [0]
[2024-11-30T13:29:13.873+0000] {dag_data.py:22} INFO - Message delivered to api [0]
[2024-11-30T13:29:13.873+0000] {dag_data.py:22} INFO - Message delivered to api [0]
[2024-11-30T13:29:13.874+0000] {dag_data.py:22} INFO - Message delivered to api [0]
[2024-11-30T13:29:13.874+0000] {dag_data.py:22} INFO - Message delivered to api [0]
[2024-11-30T13:29:13.875+0000] {dag_data.py:22} INFO - Message delivered to api [0]
[2024-11-30T13:29:13.876+0000] {dag_data.py:22} INFO - Message delivered to api [0]
[2024-11-30T13:29:13.877+0000] {dag_data.py:22} INFO - Message delivered to api [0]
[2024-11-30T13:29:13.877+0000] {dag_data.py:22} INFO - Message delivered to api [0]
[2024-11-30T13:29:13.878+0000] {dag_data.py:22} INFO - Message delivered to api [0]
[2024-11-30T13:29:13.879+0000] {dag_data.py:22} INFO - Message delivered to api [0]
[2024-11-30T13:29:13.880+0000] {dag_data.py:22} INFO - Message delivered to api [0]
[2024-11-30T13:29:13.880+0000] {dag_data.py:22} INFO - Message delivered to api [0]
[2024-11-30T13:29:13.881+0000] {dag_data.py:22} INFO - Message delivered to api [0]
[2024-11-30T13:29:13.881+0000] {dag_data.py:22} INFO - Message delivered to api [0]
[2024-11-30T13:29:13.882+0000] {dag_data.py:22} INFO - Message delivered to api [0]
[2024-11-30T13:29:13.883+0000] {dag_data.py:22} INFO - Message delivered to api [0]
[2024-11-30T13:29:13.883+0000] {dag_data.py:22} INFO - Message delivered to api [0]
[2024-11-30T13:29:13.884+0000] {dag_data.py:22} INFO - Message delivered to api [0]
[2024-11-30T13:29:13.885+0000] {dag_data.py:22} INFO - Message delivered to api [0]
[2024-11-30T13:29:13.885+0000] {dag_data.py:22} INFO - Message delivered to api [0]
[2024-11-30T13:29:13.886+0000] {dag_data.py:22} INFO - Message delivered to api [0]
[2024-11-30T13:29:13.887+0000] {dag_data.py:22} INFO - Message delivered to api [0]
[2024-11-30T13:29:13.887+0000] {dag_data.py:22} INFO - Message delivered to api [0]
[2024-11-30T13:29:13.888+0000] {dag_data.py:22} INFO - Message delivered to api [0]
[2024-11-30T13:29:13.888+0000] {dag_data.py:22} INFO - Message delivered to api [0]
[2024-11-30T13:29:13.889+0000] {dag_data.py:22} INFO - Message delivered to api [0]
[2024-11-30T13:29:13.890+0000] {dag_data.py:22} INFO - Message delivered to api [0]
[2024-11-30T13:29:13.890+0000] {dag_data.py:22} INFO - Message delivered to api [0]
[2024-11-30T13:29:13.891+0000] {dag_data.py:22} INFO - Message delivered to api [0]
[2024-11-30T13:29:13.891+0000] {dag_data.py:22} INFO - Message delivered to api [0]
[2024-11-30T13:29:13.892+0000] {dag_data.py:22} INFO - Message delivered to api [0]
[2024-11-30T13:29:13.893+0000] {dag_data.py:22} INFO - Message delivered to api [0]
[2024-11-30T13:29:13.893+0000] {dag_data.py:22} INFO - Message delivered to api [0]
[2024-11-30T13:29:13.894+0000] {dag_data.py:22} INFO - Message delivered to api [0]
[2024-11-30T13:29:13.895+0000] {dag_data.py:22} INFO - Message delivered to api [0]
[2024-11-30T13:29:13.896+0000] {dag_data.py:22} INFO - Message delivered to api [0]
[2024-11-30T13:29:13.898+0000] {dag_data.py:22} INFO - Message delivered to api [0]
[2024-11-30T13:29:13.899+0000] {dag_data.py:22} INFO - Message delivered to api [0]
[2024-11-30T13:29:13.900+0000] {dag_data.py:22} INFO - Message delivered to api [0]
[2024-11-30T13:29:13.900+0000] {dag_data.py:22} INFO - Message delivered to api [0]
[2024-11-30T13:29:13.901+0000] {dag_data.py:22} INFO - Message delivered to api [0]
[2024-11-30T13:29:13.902+0000] {dag_data.py:22} INFO - Message delivered to api [0]
[2024-11-30T13:29:13.902+0000] {dag_data.py:22} INFO - Message delivered to api [0]
[2024-11-30T13:29:13.903+0000] {dag_data.py:22} INFO - Message delivered to api [0]
[2024-11-30T13:29:13.904+0000] {dag_data.py:22} INFO - Message delivered to api [0]
[2024-11-30T13:29:13.905+0000] {dag_data.py:22} INFO - Message delivered to api [0]
[2024-11-30T13:29:13.905+0000] {dag_data.py:22} INFO - Message delivered to api [0]
[2024-11-30T13:29:13.906+0000] {dag_data.py:22} INFO - Message delivered to api [0]
[2024-11-30T13:29:13.906+0000] {dag_data.py:22} INFO - Message delivered to api [0]
[2024-11-30T13:29:13.907+0000] {dag_data.py:22} INFO - Message delivered to api [0]
[2024-11-30T13:29:13.908+0000] {dag_data.py:22} INFO - Message delivered to api [0]
[2024-11-30T13:29:13.908+0000] {dag_data.py:22} INFO - Message delivered to api [0]
[2024-11-30T13:29:13.909+0000] {dag_data.py:22} INFO - Message delivered to api [0]
[2024-11-30T13:29:13.909+0000] {dag_data.py:22} INFO - Message delivered to api [0]
[2024-11-30T13:29:13.910+0000] {dag_data.py:22} INFO - Message delivered to api [0]
[2024-11-30T13:29:13.910+0000] {dag_data.py:22} INFO - Message delivered to api [0]
[2024-11-30T13:29:13.911+0000] {dag_data.py:22} INFO - Message delivered to api [0]
[2024-11-30T13:29:13.911+0000] {dag_data.py:22} INFO - Message delivered to api [0]
[2024-11-30T13:29:13.912+0000] {dag_data.py:22} INFO - Message delivered to api [0]
[2024-11-30T13:29:13.912+0000] {dag_data.py:22} INFO - Message delivered to api [0]
[2024-11-30T13:29:13.913+0000] {dag_data.py:22} INFO - Message delivered to api [0]
[2024-11-30T13:29:13.913+0000] {dag_data.py:22} INFO - Message delivered to api [0]
[2024-11-30T13:29:13.914+0000] {dag_data.py:22} INFO - Message delivered to api [0]
[2024-11-30T13:29:13.914+0000] {dag_data.py:22} INFO - Message delivered to api [0]
[2024-11-30T13:29:13.915+0000] {dag_data.py:22} INFO - Message delivered to api [0]
[2024-11-30T13:29:13.915+0000] {dag_data.py:22} INFO - Message delivered to api [0]
[2024-11-30T13:29:13.916+0000] {dag_data.py:22} INFO - Message delivered to api [0]
[2024-11-30T13:29:13.916+0000] {dag_data.py:22} INFO - Message delivered to api [0]
[2024-11-30T13:29:13.917+0000] {dag_data.py:22} INFO - Message delivered to api [0]
[2024-11-30T13:29:13.917+0000] {dag_data.py:22} INFO - Message delivered to api [0]
[2024-11-30T13:29:13.918+0000] {dag_data.py:22} INFO - Message delivered to api [0]
[2024-11-30T13:29:13.918+0000] {dag_data.py:22} INFO - Message delivered to api [0]
[2024-11-30T13:29:13.919+0000] {dag_data.py:22} INFO - Message delivered to api [0]
[2024-11-30T13:29:13.919+0000] {dag_data.py:22} INFO - Message delivered to api [0]
[2024-11-30T13:29:13.920+0000] {dag_data.py:22} INFO - Message delivered to api [0]
[2024-11-30T13:29:13.920+0000] {dag_data.py:22} INFO - Message delivered to api [0]
[2024-11-30T13:29:13.921+0000] {dag_data.py:22} INFO - Message delivered to api [0]
[2024-11-30T13:29:13.921+0000] {dag_data.py:22} INFO - Message delivered to api [0]
[2024-11-30T13:29:13.922+0000] {dag_data.py:22} INFO - Message delivered to api [0]
[2024-11-30T13:29:13.922+0000] {dag_data.py:22} INFO - Message delivered to api [0]
[2024-11-30T13:29:13.923+0000] {dag_data.py:22} INFO - Message delivered to api [0]
[2024-11-30T13:29:13.923+0000] {dag_data.py:22} INFO - Message delivered to api [0]
[2024-11-30T13:29:13.924+0000] {dag_data.py:22} INFO - Message delivered to api [0]
[2024-11-30T13:29:13.925+0000] {dag_data.py:22} INFO - Message delivered to api [0]
[2024-11-30T13:29:13.925+0000] {dag_data.py:22} INFO - Message delivered to api [0]
[2024-11-30T13:29:13.926+0000] {dag_data.py:22} INFO - Message delivered to api [0]
[2024-11-30T13:29:13.926+0000] {dag_data.py:22} INFO - Message delivered to api [0]
[2024-11-30T13:29:13.927+0000] {dag_data.py:22} INFO - Message delivered to api [0]
[2024-11-30T13:29:13.928+0000] {dag_data.py:22} INFO - Message delivered to api [0]
[2024-11-30T13:29:13.928+0000] {dag_data.py:22} INFO - Message delivered to api [0]
[2024-11-30T13:29:13.929+0000] {dag_data.py:22} INFO - Message delivered to api [0]
[2024-11-30T13:29:13.929+0000] {dag_data.py:22} INFO - Message delivered to api [0]
[2024-11-30T13:29:13.930+0000] {dag_data.py:22} INFO - Message delivered to api [0]
[2024-11-30T13:29:13.930+0000] {dag_data.py:22} INFO - Message delivered to api [0]
[2024-11-30T13:29:13.931+0000] {dag_data.py:22} INFO - Message delivered to api [0]
[2024-11-30T13:29:13.931+0000] {dag_data.py:22} INFO - Message delivered to api [0]
[2024-11-30T13:29:13.932+0000] {dag_data.py:22} INFO - Message delivered to api [0]
[2024-11-30T13:29:13.932+0000] {dag_data.py:22} INFO - Message delivered to api [0]
[2024-11-30T13:29:13.933+0000] {dag_data.py:22} INFO - Message delivered to api [0]
[2024-11-30T13:29:13.933+0000] {dag_data.py:22} INFO - Message delivered to api [0]
[2024-11-30T13:29:13.934+0000] {dag_data.py:22} INFO - Message delivered to api [0]
[2024-11-30T13:29:13.934+0000] {dag_data.py:22} INFO - Message delivered to api [0]
[2024-11-30T13:29:13.935+0000] {dag_data.py:22} INFO - Message delivered to api [0]
[2024-11-30T13:29:13.935+0000] {dag_data.py:22} INFO - Message delivered to api [0]
[2024-11-30T13:29:13.936+0000] {dag_data.py:22} INFO - Message delivered to api [0]
[2024-11-30T13:29:13.937+0000] {dag_data.py:22} INFO - Message delivered to api [0]
[2024-11-30T13:29:13.937+0000] {dag_data.py:22} INFO - Message delivered to api [0]
[2024-11-30T13:29:13.938+0000] {dag_data.py:22} INFO - Message delivered to api [0]
[2024-11-30T13:29:13.938+0000] {dag_data.py:22} INFO - Message delivered to api [0]
[2024-11-30T13:29:13.939+0000] {dag_data.py:22} INFO - Message delivered to api [0]
[2024-11-30T13:29:13.939+0000] {dag_data.py:22} INFO - Message delivered to api [0]
[2024-11-30T13:29:13.940+0000] {dag_data.py:22} INFO - Message delivered to api [0]
[2024-11-30T13:29:13.940+0000] {dag_data.py:22} INFO - Message delivered to api [0]
[2024-11-30T13:29:13.941+0000] {dag_data.py:22} INFO - Message delivered to api [0]
[2024-11-30T13:29:13.941+0000] {dag_data.py:22} INFO - Message delivered to api [0]
[2024-11-30T13:29:13.942+0000] {dag_data.py:22} INFO - Message delivered to api [0]
[2024-11-30T13:29:13.942+0000] {dag_data.py:22} INFO - Message delivered to api [0]
[2024-11-30T13:29:13.943+0000] {dag_data.py:22} INFO - Message delivered to api [0]
[2024-11-30T13:29:13.943+0000] {dag_data.py:22} INFO - Message delivered to api [0]
[2024-11-30T13:29:13.944+0000] {dag_data.py:22} INFO - Message delivered to api [0]
[2024-11-30T13:29:13.944+0000] {dag_data.py:22} INFO - Message delivered to api [0]
[2024-11-30T13:29:13.945+0000] {dag_data.py:22} INFO - Message delivered to api [0]
[2024-11-30T13:29:13.946+0000] {dag_data.py:22} INFO - Message delivered to api [0]
[2024-11-30T13:29:13.946+0000] {dag_data.py:22} INFO - Message delivered to api [0]
[2024-11-30T13:29:13.947+0000] {dag_data.py:22} INFO - Message delivered to api [0]
[2024-11-30T13:29:13.947+0000] {dag_data.py:22} INFO - Message delivered to api [0]
[2024-11-30T13:29:13.948+0000] {dag_data.py:80} INFO - Toutes les donnes de sales.csv ont t publies avec succs.
[2024-11-30T13:29:13.951+0000] {python.py:240} INFO - Done. Returned value was: None
[2024-11-30T13:29:13.967+0000] {taskinstance.py:340} INFO - ::group::Post task execution logs
[2024-11-30T13:29:13.967+0000] {taskinstance.py:352} INFO - Marking task as SUCCESS. dag_id=dag1, task_id=process_task_tag2, run_id=manual__2024-11-30T13:19:05.897068+00:00, execution_date=20241130T131905, start_date=20241130T131912, end_date=20241130T132913
[2024-11-30T13:29:14.035+0000] {local_task_job_runner.py:266} INFO - Task exited with return code 0
[2024-11-30T13:29:14.080+0000] {taskinstance.py:3895} INFO - 0 downstream tasks scheduled from follow-on schedule check
[2024-11-30T13:29:14.085+0000] {local_task_job_runner.py:245} INFO - ::endgroup::
