[2024-12-03T00:29:51.376+0000] {local_task_job_runner.py:123} INFO - ::group::Pre task execution logs
[2024-12-03T00:29:51.414+0000] {taskinstance.py:2613} INFO - Dependencies all met for dep_context=non-requeueable deps ti=<TaskInstance: kafka_hive_pipeline_threaded.sync_producer_and_consumer manual__2024-12-03T00:29:37.276559+00:00 [queued]>
[2024-12-03T00:29:51.438+0000] {taskinstance.py:2613} INFO - Dependencies all met for dep_context=requeueable deps ti=<TaskInstance: kafka_hive_pipeline_threaded.sync_producer_and_consumer manual__2024-12-03T00:29:37.276559+00:00 [queued]>
[2024-12-03T00:29:51.456+0000] {taskinstance.py:2866} INFO - Starting attempt 1 of 1
[2024-12-03T00:29:51.529+0000] {taskinstance.py:2889} INFO - Executing <Task(PythonOperator): sync_producer_and_consumer> on 2024-12-03 00:29:37.276559+00:00
[2024-12-03T00:29:51.544+0000] {standard_task_runner.py:104} INFO - Running: ['airflow', 'tasks', 'run', 'kafka_hive_pipeline_threaded', 'sync_producer_and_consumer', 'manual__2024-12-03T00:29:37.276559+00:00', '--job-id', '175', '--raw', '--subdir', 'DAGS_FOLDER/gestion_airflow.py', '--cfg-path', '/tmp/tmpjb7d4lm5']
[2024-12-03T00:29:51.547+0000] {standard_task_runner.py:105} INFO - Job 175: Subtask sync_producer_and_consumer
[2024-12-03T00:29:51.548+0000] {logging_mixin.py:190} WARNING - /home/airflow/.local/lib/python3.12/site-packages/airflow/task/task_runner/standard_task_runner.py:70 DeprecationWarning: This process (pid=8109) is multi-threaded, use of fork() may lead to deadlocks in the child.
[2024-12-03T00:29:51.549+0000] {standard_task_runner.py:72} INFO - Started process 8123 to run task
[2024-12-03T00:29:51.718+0000] {task_command.py:467} INFO - Running <TaskInstance: kafka_hive_pipeline_threaded.sync_producer_and_consumer manual__2024-12-03T00:29:37.276559+00:00 [running]> on host 45770b1a429e
[2024-12-03T00:29:51.947+0000] {taskinstance.py:3132} INFO - Exporting env vars: AIRFLOW_CTX_DAG_OWNER='airflow' AIRFLOW_CTX_DAG_ID='kafka_hive_pipeline_threaded' AIRFLOW_CTX_TASK_ID='sync_producer_and_consumer' AIRFLOW_CTX_EXECUTION_DATE='2024-12-03T00:29:37.276559+00:00' AIRFLOW_CTX_TRY_NUMBER='1' AIRFLOW_CTX_DAG_RUN_ID='manual__2024-12-03T00:29:37.276559+00:00'
[2024-12-03T00:29:51.950+0000] {taskinstance.py:731} INFO - ::endgroup::
[2024-12-03T00:29:52.134+0000] {csv_to_kafka_with_redis.py:50} INFO - Loaded CSV Data:
    Invoice ID Branch       City  ... gross margin percentage gross income Rating
0  750-67-8428      A     Yangon  ...                4.761905      26.1415    9.1
1  226-31-3081      C  Naypyitaw  ...                4.761905       3.8200    9.6
2  631-41-3108      A     Yangon  ...                4.761905      16.2155    7.4
3  123-19-1176      A     Yangon  ...                4.761905      23.2880    8.4
4  373-73-7910      A     Yangon  ...                4.761905      30.2085    5.3

[5 rows x 17 columns]
[2024-12-03T00:29:52.139+0000] {csv_to_kafka_with_redis.py:84} INFO - Row data before serialization: {'id': '3652d75c-8934-4bb1-861d-6a130afd7b27', 'invoice_id': '750-67-8428', 'branch': 'A', 'city': 'Yangon', 'customer_type': 'Member', 'gender': 'Female', 'product_line': 'Health and beauty', 'unit_price': 74.69, 'quantity': 7, 'tax_5_percent': 26.1415, 'total': 548.9715, 'date': '1/5/2019', 'time': '13:08', 'payment': 'Ewallet', 'cogs': 522.83, 'gross_margin_percentage': 4.761904762, 'gross_income': 26.1415, 'rating': 9.1}
[2024-12-03T00:29:52.182+0000] {csv_to_kafka_with_redis.py:84} INFO - Row data before serialization: {'id': '9f3514d6-54ea-4e8e-b147-5da112f541c9', 'invoice_id': '226-31-3081', 'branch': 'C', 'city': 'Naypyitaw', 'customer_type': 'Normal', 'gender': 'Female', 'product_line': 'Electronic accessories', 'unit_price': 15.28, 'quantity': 5, 'tax_5_percent': 3.82, 'total': 80.22, 'date': '3/8/2019', 'time': '10:29', 'payment': 'Cash', 'cogs': 76.4, 'gross_margin_percentage': 4.761904762, 'gross_income': 3.82, 'rating': 9.6}
[2024-12-03T00:29:52.185+0000] {csv_to_kafka_with_redis.py:84} INFO - Row data before serialization: {'id': 'aa84fba5-d28a-44b3-b9e1-302cf08a535d', 'invoice_id': '631-41-3108', 'branch': 'A', 'city': 'Yangon', 'customer_type': 'Normal', 'gender': 'Male', 'product_line': 'Home and lifestyle', 'unit_price': 46.33, 'quantity': 7, 'tax_5_percent': 16.2155, 'total': 340.5255, 'date': '3/3/2019', 'time': '13:23', 'payment': 'Credit card', 'cogs': 324.31, 'gross_margin_percentage': 4.761904762, 'gross_income': 16.2155, 'rating': 7.4}
[2024-12-03T00:29:52.190+0000] {csv_to_kafka_with_redis.py:84} INFO - Row data before serialization: {'id': '0e5be3b2-e9e7-4b4d-b867-d59a430857e1', 'invoice_id': '123-19-1176', 'branch': 'A', 'city': 'Yangon', 'customer_type': 'Member', 'gender': 'Male', 'product_line': 'Health and beauty', 'unit_price': 58.22, 'quantity': 8, 'tax_5_percent': 23.288, 'total': 489.048, 'date': '1/27/2019', 'time': '20:33', 'payment': 'Ewallet', 'cogs': 465.76, 'gross_margin_percentage': 4.761904762, 'gross_income': 23.288, 'rating': 8.4}
[2024-12-03T00:29:52.192+0000] {csv_to_kafka_with_redis.py:84} INFO - Row data before serialization: {'id': '5a8b9632-ce99-4a23-8dee-dd45e7858433', 'invoice_id': '373-73-7910', 'branch': 'A', 'city': 'Yangon', 'customer_type': 'Normal', 'gender': 'Male', 'product_line': 'Sports and travel', 'unit_price': 86.31, 'quantity': 7, 'tax_5_percent': 30.2085, 'total': 634.3785, 'date': '2/8/2019', 'time': '10:37', 'payment': 'Ewallet', 'cogs': 604.17, 'gross_margin_percentage': 4.761904762, 'gross_income': 30.2085, 'rating': 5.3}
[2024-12-03T00:29:52.193+0000] {csv_to_kafka_with_redis.py:84} INFO - Row data before serialization: {'id': '526f015c-a66f-44d5-9b18-796378c84293', 'invoice_id': '699-14-3026', 'branch': 'C', 'city': 'Naypyitaw', 'customer_type': 'Normal', 'gender': 'Male', 'product_line': 'Electronic accessories', 'unit_price': 85.39, 'quantity': 7, 'tax_5_percent': 29.8865, 'total': 627.6165, 'date': '3/25/2019', 'time': '18:30', 'payment': 'Ewallet', 'cogs': 597.73, 'gross_margin_percentage': 4.761904762, 'gross_income': 29.8865, 'rating': 4.1}
[2024-12-03T00:29:52.195+0000] {csv_to_kafka_with_redis.py:84} INFO - Row data before serialization: {'id': '4bde4298-2183-4968-9f69-32cf96bbcddc', 'invoice_id': '355-53-5943', 'branch': 'A', 'city': 'Yangon', 'customer_type': 'Member', 'gender': 'Female', 'product_line': 'Electronic accessories', 'unit_price': 68.84, 'quantity': 6, 'tax_5_percent': 20.652, 'total': 433.692, 'date': '2/25/2019', 'time': '14:36', 'payment': 'Ewallet', 'cogs': 413.04, 'gross_margin_percentage': 4.761904762, 'gross_income': 20.652, 'rating': 5.8}
[2024-12-03T00:29:52.197+0000] {csv_to_kafka_with_redis.py:84} INFO - Row data before serialization: {'id': 'ac735a22-93d1-4f96-ba04-dc2d47884af4', 'invoice_id': '315-22-5665', 'branch': 'C', 'city': 'Naypyitaw', 'customer_type': 'Normal', 'gender': 'Female', 'product_line': 'Home and lifestyle', 'unit_price': 73.56, 'quantity': 10, 'tax_5_percent': 36.78, 'total': 772.38, 'date': '2/24/2019', 'time': '11:38', 'payment': 'Ewallet', 'cogs': 735.6, 'gross_margin_percentage': 4.761904762, 'gross_income': 36.78, 'rating': 8.0}
[2024-12-03T00:29:52.201+0000] {csv_to_kafka_with_redis.py:84} INFO - Row data before serialization: {'id': 'bd1b7a58-a5d4-4554-87d0-2b60df5955d0', 'invoice_id': '665-32-9167', 'branch': 'A', 'city': 'Yangon', 'customer_type': 'Member', 'gender': 'Female', 'product_line': 'Health and beauty', 'unit_price': 36.26, 'quantity': 2, 'tax_5_percent': 3.626, 'total': 76.146, 'date': '1/10/2019', 'time': '17:15', 'payment': 'Credit card', 'cogs': 72.52, 'gross_margin_percentage': 4.761904762, 'gross_income': 3.626, 'rating': 7.2}
[2024-12-03T00:29:52.205+0000] {csv_to_kafka_with_redis.py:84} INFO - Row data before serialization: {'id': '5467257f-8be2-4d09-b2fd-46790f669811', 'invoice_id': '692-92-5582', 'branch': 'B', 'city': 'Mandalay', 'customer_type': 'Member', 'gender': 'Female', 'product_line': 'Food and beverages', 'unit_price': 54.84, 'quantity': 3, 'tax_5_percent': 8.226, 'total': 172.746, 'date': '2/20/2019', 'time': '13:27', 'payment': 'Credit card', 'cogs': 164.52, 'gross_margin_percentage': 4.761904762, 'gross_income': 8.226, 'rating': 5.9}
[2024-12-03T00:29:52.208+0000] {csv_to_kafka_with_redis.py:84} INFO - Row data before serialization: {'id': 'aa8fad08-f6b6-4ab1-9122-0e1467d63a5a', 'invoice_id': '351-62-0822', 'branch': 'B', 'city': 'Mandalay', 'customer_type': 'Member', 'gender': 'Female', 'product_line': 'Fashion accessories', 'unit_price': 14.48, 'quantity': 4, 'tax_5_percent': 2.896, 'total': 60.816, 'date': '2/6/2019', 'time': '18:07', 'payment': 'Ewallet', 'cogs': 57.92, 'gross_margin_percentage': 4.761904762, 'gross_income': 2.896, 'rating': 4.5}
[2024-12-03T00:29:52.209+0000] {csv_to_kafka_with_redis.py:84} INFO - Row data before serialization: {'id': '05605a05-ef1d-4a17-abcb-622343484a7e', 'invoice_id': '529-56-3974', 'branch': 'B', 'city': 'Mandalay', 'customer_type': 'Member', 'gender': 'Male', 'product_line': 'Electronic accessories', 'unit_price': 25.51, 'quantity': 4, 'tax_5_percent': 5.102, 'total': 107.142, 'date': '3/9/2019', 'time': '17:03', 'payment': 'Cash', 'cogs': 102.04, 'gross_margin_percentage': 4.761904762, 'gross_income': 5.102, 'rating': 6.8}
[2024-12-03T00:29:52.211+0000] {csv_to_kafka_with_redis.py:84} INFO - Row data before serialization: {'id': '1b81bd2f-99be-474e-9c17-56160cd9408e', 'invoice_id': '365-64-0515', 'branch': 'A', 'city': 'Yangon', 'customer_type': 'Normal', 'gender': 'Female', 'product_line': 'Electronic accessories', 'unit_price': 46.95, 'quantity': 5, 'tax_5_percent': 11.7375, 'total': 246.4875, 'date': '2/12/2019', 'time': '10:25', 'payment': 'Ewallet', 'cogs': 234.75, 'gross_margin_percentage': 4.761904762, 'gross_income': 11.7375, 'rating': 7.1}
[2024-12-03T00:29:52.213+0000] {csv_to_kafka_with_redis.py:84} INFO - Row data before serialization: {'id': '68accbef-d0a4-4125-bd9a-dc0447e4695e', 'invoice_id': '252-56-2699', 'branch': 'A', 'city': 'Yangon', 'customer_type': 'Normal', 'gender': 'Male', 'product_line': 'Food and beverages', 'unit_price': 43.19, 'quantity': 10, 'tax_5_percent': 21.595, 'total': 453.495, 'date': '2/7/2019', 'time': '16:48', 'payment': 'Ewallet', 'cogs': 431.9, 'gross_margin_percentage': 4.761904762, 'gross_income': 21.595, 'rating': 8.2}
[2024-12-03T00:29:52.217+0000] {csv_to_kafka_with_redis.py:84} INFO - Row data before serialization: {'id': '0574e4ad-95c5-4487-b310-47f1d02c5939', 'invoice_id': '829-34-3910', 'branch': 'A', 'city': 'Yangon', 'customer_type': 'Normal', 'gender': 'Female', 'product_line': 'Health and beauty', 'unit_price': 71.38, 'quantity': 10, 'tax_5_percent': 35.69, 'total': 749.49, 'date': '3/29/2019', 'time': '19:21', 'payment': 'Cash', 'cogs': 713.8, 'gross_margin_percentage': 4.761904762, 'gross_income': 35.69, 'rating': 5.7}
[2024-12-03T00:29:52.222+0000] {csv_to_kafka_with_redis.py:84} INFO - Row data before serialization: {'id': '80f32963-58ae-4d5c-bfc9-2188c2c9f147', 'invoice_id': '299-46-1805', 'branch': 'B', 'city': 'Mandalay', 'customer_type': 'Member', 'gender': 'Female', 'product_line': 'Sports and travel', 'unit_price': 93.72, 'quantity': 6, 'tax_5_percent': 28.116, 'total': 590.436, 'date': '1/15/2019', 'time': '16:19', 'payment': 'Cash', 'cogs': 562.32, 'gross_margin_percentage': 4.761904762, 'gross_income': 28.116, 'rating': 4.5}
[2024-12-03T00:29:52.225+0000] {csv_to_kafka_with_redis.py:84} INFO - Row data before serialization: {'id': '97c81c91-d339-43ad-886e-5085aff3f983', 'invoice_id': '656-95-9349', 'branch': 'A', 'city': 'Yangon', 'customer_type': 'Member', 'gender': 'Female', 'product_line': 'Health and beauty', 'unit_price': 68.93, 'quantity': 7, 'tax_5_percent': 24.1255, 'total': 506.6355, 'date': '3/11/2019', 'time': '11:03', 'payment': 'Credit card', 'cogs': 482.51, 'gross_margin_percentage': 4.761904762, 'gross_income': 24.1255, 'rating': 4.6}
[2024-12-03T00:29:52.227+0000] {csv_to_kafka_with_redis.py:84} INFO - Row data before serialization: {'id': '6b7644d2-4d87-4cf5-8564-b263cef6aabf', 'invoice_id': '765-26-6951', 'branch': 'A', 'city': 'Yangon', 'customer_type': 'Normal', 'gender': 'Male', 'product_line': 'Sports and travel', 'unit_price': 72.61, 'quantity': 6, 'tax_5_percent': 21.783, 'total': 457.443, 'date': '1/1/2019', 'time': '10:39', 'payment': 'Credit card', 'cogs': 435.66, 'gross_margin_percentage': 4.761904762, 'gross_income': 21.783, 'rating': 6.9}
[2024-12-03T00:29:52.229+0000] {csv_to_kafka_with_redis.py:84} INFO - Row data before serialization: {'id': 'ec1be856-42b5-4426-a161-3bb4ccb94e9a', 'invoice_id': '329-62-1586', 'branch': 'A', 'city': 'Yangon', 'customer_type': 'Normal', 'gender': 'Male', 'product_line': 'Food and beverages', 'unit_price': 54.67, 'quantity': 3, 'tax_5_percent': 8.2005, 'total': 172.2105, 'date': '1/21/2019', 'time': '18:00', 'payment': 'Credit card', 'cogs': 164.01, 'gross_margin_percentage': 4.761904762, 'gross_income': 8.2005, 'rating': 8.6}
[2024-12-03T00:29:52.231+0000] {csv_to_kafka_with_redis.py:84} INFO - Row data before serialization: {'id': '7546c611-ee56-46b9-9817-00358560a0c0', 'invoice_id': '319-50-3348', 'branch': 'B', 'city': 'Mandalay', 'customer_type': 'Normal', 'gender': 'Female', 'product_line': 'Home and lifestyle', 'unit_price': 40.3, 'quantity': 2, 'tax_5_percent': 4.03, 'total': 84.63, 'date': '3/11/2019', 'time': '15:30', 'payment': 'Ewallet', 'cogs': 80.6, 'gross_margin_percentage': 4.761904762, 'gross_income': 4.03, 'rating': 4.4}
[2024-12-03T00:29:52.236+0000] {csv_to_kafka_with_redis.py:84} INFO - Row data before serialization: {'id': '5dd46302-2b16-4cb5-9730-55ed6f250010', 'invoice_id': '300-71-4605', 'branch': 'C', 'city': 'Naypyitaw', 'customer_type': 'Member', 'gender': 'Male', 'product_line': 'Electronic accessories', 'unit_price': 86.04, 'quantity': 5, 'tax_5_percent': 21.51, 'total': 451.71, 'date': '2/25/2019', 'time': '11:24', 'payment': 'Ewallet', 'cogs': 430.2, 'gross_margin_percentage': 4.761904762, 'gross_income': 21.51, 'rating': 4.8}
[2024-12-03T00:29:52.240+0000] {csv_to_kafka_with_redis.py:84} INFO - Row data before serialization: {'id': 'b0c32fdb-6cd6-4396-ace8-5526561ac4fa', 'invoice_id': '371-85-5789', 'branch': 'B', 'city': 'Mandalay', 'customer_type': 'Normal', 'gender': 'Male', 'product_line': 'Health and beauty', 'unit_price': 87.98, 'quantity': 3, 'tax_5_percent': 13.197, 'total': 277.137, 'date': '3/5/2019', 'time': '10:40', 'payment': 'Ewallet', 'cogs': 263.94, 'gross_margin_percentage': 4.761904762, 'gross_income': 13.197, 'rating': 5.1}
[2024-12-03T00:29:52.242+0000] {csv_to_kafka_with_redis.py:84} INFO - Row data before serialization: {'id': 'a602fcad-65d0-470d-acba-f042ed08b29c', 'invoice_id': '273-16-6619', 'branch': 'B', 'city': 'Mandalay', 'customer_type': 'Normal', 'gender': 'Male', 'product_line': 'Home and lifestyle', 'unit_price': 33.2, 'quantity': 2, 'tax_5_percent': 3.32, 'total': 69.72, 'date': '3/15/2019', 'time': '12:20', 'payment': 'Credit card', 'cogs': 66.4, 'gross_margin_percentage': 4.761904762, 'gross_income': 3.32, 'rating': 4.4}
[2024-12-03T00:29:52.244+0000] {csv_to_kafka_with_redis.py:84} INFO - Row data before serialization: {'id': '73e49a0f-a836-49a1-a8c0-becaf7eaf2e7', 'invoice_id': '636-48-8204', 'branch': 'A', 'city': 'Yangon', 'customer_type': 'Normal', 'gender': 'Male', 'product_line': 'Electronic accessories', 'unit_price': 34.56, 'quantity': 5, 'tax_5_percent': 8.64, 'total': 181.44, 'date': '2/17/2019', 'time': '11:15', 'payment': 'Ewallet', 'cogs': 172.8, 'gross_margin_percentage': 4.761904762, 'gross_income': 8.64, 'rating': 9.9}
[2024-12-03T00:29:52.245+0000] {csv_to_kafka_with_redis.py:84} INFO - Row data before serialization: {'id': '8508af55-7dcd-4b92-954a-a1ff82f83c89', 'invoice_id': '549-59-1358', 'branch': 'A', 'city': 'Yangon', 'customer_type': 'Member', 'gender': 'Male', 'product_line': 'Sports and travel', 'unit_price': 88.63, 'quantity': 3, 'tax_5_percent': 13.2945, 'total': 279.1845, 'date': '3/2/2019', 'time': '17:36', 'payment': 'Ewallet', 'cogs': 265.89, 'gross_margin_percentage': 4.761904762, 'gross_income': 13.2945, 'rating': 6.0}
[2024-12-03T00:29:52.247+0000] {csv_to_kafka_with_redis.py:84} INFO - Row data before serialization: {'id': '62623674-474d-4795-8efb-b2ebfa4761e2', 'invoice_id': '227-03-5010', 'branch': 'A', 'city': 'Yangon', 'customer_type': 'Member', 'gender': 'Female', 'product_line': 'Home and lifestyle', 'unit_price': 52.59, 'quantity': 8, 'tax_5_percent': 21.036, 'total': 441.756, 'date': '3/22/2019', 'time': '19:20', 'payment': 'Credit card', 'cogs': 420.72, 'gross_margin_percentage': 4.761904762, 'gross_income': 21.036, 'rating': 8.5}
[2024-12-03T00:29:52.250+0000] {csv_to_kafka_with_redis.py:84} INFO - Row data before serialization: {'id': '0ce7bb86-5c21-40e4-ba11-4c10a21f826c', 'invoice_id': '649-29-6775', 'branch': 'B', 'city': 'Mandalay', 'customer_type': 'Normal', 'gender': 'Male', 'product_line': 'Fashion accessories', 'unit_price': 33.52, 'quantity': 1, 'tax_5_percent': 1.676, 'total': 35.196, 'date': '2/8/2019', 'time': '15:31', 'payment': 'Cash', 'cogs': 33.52, 'gross_margin_percentage': 4.761904762, 'gross_income': 1.676, 'rating': 6.7}
[2024-12-03T00:29:52.254+0000] {csv_to_kafka_with_redis.py:84} INFO - Row data before serialization: {'id': '795d5924-1380-45b1-b5d9-dc0ed4f237d6', 'invoice_id': '189-17-4241', 'branch': 'A', 'city': 'Yangon', 'customer_type': 'Normal', 'gender': 'Female', 'product_line': 'Fashion accessories', 'unit_price': 87.67, 'quantity': 2, 'tax_5_percent': 8.767, 'total': 184.107, 'date': '3/10/2019', 'time': '12:17', 'payment': 'Credit card', 'cogs': 175.34, 'gross_margin_percentage': 4.761904762, 'gross_income': 8.767, 'rating': 7.7}
[2024-12-03T00:29:52.257+0000] {csv_to_kafka_with_redis.py:84} INFO - Row data before serialization: {'id': '58feba58-c291-44b0-8c26-2c6dadca3c25', 'invoice_id': '145-94-9061', 'branch': 'B', 'city': 'Mandalay', 'customer_type': 'Normal', 'gender': 'Female', 'product_line': 'Food and beverages', 'unit_price': 88.36, 'quantity': 5, 'tax_5_percent': 22.09, 'total': 463.89, 'date': '1/25/2019', 'time': '19:48', 'payment': 'Cash', 'cogs': 441.8, 'gross_margin_percentage': 4.761904762, 'gross_income': 22.09, 'rating': 9.6}
[2024-12-03T00:29:52.258+0000] {csv_to_kafka_with_redis.py:84} INFO - Row data before serialization: {'id': '87cb195d-d9e3-4597-9abc-a225c3a8feca', 'invoice_id': '848-62-7243', 'branch': 'A', 'city': 'Yangon', 'customer_type': 'Normal', 'gender': 'Male', 'product_line': 'Health and beauty', 'unit_price': 24.89, 'quantity': 9, 'tax_5_percent': 11.2005, 'total': 235.2105, 'date': '3/15/2019', 'time': '15:36', 'payment': 'Cash', 'cogs': 224.01, 'gross_margin_percentage': 4.761904762, 'gross_income': 11.2005, 'rating': 7.4}
[2024-12-03T00:29:52.260+0000] {csv_to_kafka_with_redis.py:84} INFO - Row data before serialization: {'id': '50c39dad-527e-4c06-90cf-2d1073f8e49f', 'invoice_id': '871-79-8483', 'branch': 'B', 'city': 'Mandalay', 'customer_type': 'Normal', 'gender': 'Male', 'product_line': 'Fashion accessories', 'unit_price': 94.13, 'quantity': 5, 'tax_5_percent': 23.5325, 'total': 494.1825, 'date': '2/25/2019', 'time': '19:39', 'payment': 'Credit card', 'cogs': 470.65, 'gross_margin_percentage': 4.761904762, 'gross_income': 23.5325, 'rating': 4.8}
[2024-12-03T00:29:52.261+0000] {csv_to_kafka_with_redis.py:84} INFO - Row data before serialization: {'id': '6066fd5c-5bc5-4e1e-8510-572252d89680', 'invoice_id': '149-71-6266', 'branch': 'B', 'city': 'Mandalay', 'customer_type': 'Member', 'gender': 'Male', 'product_line': 'Sports and travel', 'unit_price': 78.07, 'quantity': 9, 'tax_5_percent': 35.1315, 'total': 737.7615, 'date': '1/28/2019', 'time': '12:43', 'payment': 'Cash', 'cogs': 702.63, 'gross_margin_percentage': 4.761904762, 'gross_income': 35.1315, 'rating': 4.5}
[2024-12-03T00:29:52.263+0000] {csv_to_kafka_with_redis.py:84} INFO - Row data before serialization: {'id': '07f31a8b-3322-49a1-9d5b-e46ddd116b0e', 'invoice_id': '640-49-2076', 'branch': 'B', 'city': 'Mandalay', 'customer_type': 'Normal', 'gender': 'Male', 'product_line': 'Sports and travel', 'unit_price': 83.78, 'quantity': 8, 'tax_5_percent': 33.512, 'total': 703.752, 'date': '1/10/2019', 'time': '14:49', 'payment': 'Cash', 'cogs': 670.24, 'gross_margin_percentage': 4.761904762, 'gross_income': 33.512, 'rating': 5.1}
[2024-12-03T00:29:52.268+0000] {csv_to_kafka_with_redis.py:84} INFO - Row data before serialization: {'id': '1dd32bbd-735a-4ce9-b5f8-9ef2103fe756', 'invoice_id': '595-11-5460', 'branch': 'A', 'city': 'Yangon', 'customer_type': 'Normal', 'gender': 'Male', 'product_line': 'Health and beauty', 'unit_price': 96.58, 'quantity': 2, 'tax_5_percent': 9.658, 'total': 202.818, 'date': '3/15/2019', 'time': '10:12', 'payment': 'Credit card', 'cogs': 193.16, 'gross_margin_percentage': 4.761904762, 'gross_income': 9.658, 'rating': 5.1}
[2024-12-03T00:29:52.274+0000] {csv_to_kafka_with_redis.py:84} INFO - Row data before serialization: {'id': 'b6f0b5c1-5440-4ca4-b546-1827f3105bd4', 'invoice_id': '183-56-6882', 'branch': 'C', 'city': 'Naypyitaw', 'customer_type': 'Member', 'gender': 'Female', 'product_line': 'Food and beverages', 'unit_price': 99.42, 'quantity': 4, 'tax_5_percent': 19.884, 'total': 417.564, 'date': '2/6/2019', 'time': '10:42', 'payment': 'Ewallet', 'cogs': 397.68, 'gross_margin_percentage': 4.761904762, 'gross_income': 19.884, 'rating': 7.5}
[2024-12-03T00:29:52.281+0000] {csv_to_kafka_with_redis.py:84} INFO - Row data before serialization: {'id': '2df3fadc-4241-45f3-b394-1ddc397ccd24', 'invoice_id': '232-16-2483', 'branch': 'C', 'city': 'Naypyitaw', 'customer_type': 'Member', 'gender': 'Female', 'product_line': 'Sports and travel', 'unit_price': 68.12, 'quantity': 1, 'tax_5_percent': 3.406, 'total': 71.526, 'date': '1/7/2019', 'time': '12:28', 'payment': 'Ewallet', 'cogs': 68.12, 'gross_margin_percentage': 4.761904762, 'gross_income': 3.406, 'rating': 6.8}
[2024-12-03T00:29:52.284+0000] {csv_to_kafka_with_redis.py:84} INFO - Row data before serialization: {'id': 'aa263cbc-e900-4e8c-b31f-642059b12e96', 'invoice_id': '129-29-8530', 'branch': 'A', 'city': 'Yangon', 'customer_type': 'Member', 'gender': 'Male', 'product_line': 'Sports and travel', 'unit_price': 62.62, 'quantity': 5, 'tax_5_percent': 15.655, 'total': 328.755, 'date': '3/10/2019', 'time': '19:15', 'payment': 'Ewallet', 'cogs': 313.1, 'gross_margin_percentage': 4.761904762, 'gross_income': 15.655, 'rating': 7.0}
[2024-12-03T00:29:52.295+0000] {csv_to_kafka_with_redis.py:84} INFO - Row data before serialization: {'id': 'c5ea0ff1-8bd9-4498-a849-517e082c56f8', 'invoice_id': '272-65-1806', 'branch': 'A', 'city': 'Yangon', 'customer_type': 'Normal', 'gender': 'Female', 'product_line': 'Electronic accessories', 'unit_price': 60.88, 'quantity': 9, 'tax_5_percent': 27.396, 'total': 575.316, 'date': '1/15/2019', 'time': '17:17', 'payment': 'Ewallet', 'cogs': 547.92, 'gross_margin_percentage': 4.761904762, 'gross_income': 27.396, 'rating': 4.7}
[2024-12-03T00:29:52.299+0000] {csv_to_kafka_with_redis.py:84} INFO - Row data before serialization: {'id': '480be16f-9654-4a62-98c1-28f41edf8e2b', 'invoice_id': '333-73-7901', 'branch': 'C', 'city': 'Naypyitaw', 'customer_type': 'Normal', 'gender': 'Female', 'product_line': 'Health and beauty', 'unit_price': 54.92, 'quantity': 8, 'tax_5_percent': 21.968, 'total': 461.328, 'date': '3/23/2019', 'time': '13:24', 'payment': 'Ewallet', 'cogs': 439.36, 'gross_margin_percentage': 4.761904762, 'gross_income': 21.968, 'rating': 7.6}
[2024-12-03T00:29:52.304+0000] {csv_to_kafka_with_redis.py:84} INFO - Row data before serialization: {'id': '5175bc01-2659-45ea-88d2-b4681d104d04', 'invoice_id': '777-82-7220', 'branch': 'B', 'city': 'Mandalay', 'customer_type': 'Member', 'gender': 'Male', 'product_line': 'Home and lifestyle', 'unit_price': 30.12, 'quantity': 8, 'tax_5_percent': 12.048, 'total': 253.008, 'date': '3/3/2019', 'time': '13:01', 'payment': 'Cash', 'cogs': 240.96, 'gross_margin_percentage': 4.761904762, 'gross_income': 12.048, 'rating': 7.7}
[2024-12-03T00:29:52.308+0000] {csv_to_kafka_with_redis.py:84} INFO - Row data before serialization: {'id': '954eb835-3668-4938-ad39-47c8a5bae9f1', 'invoice_id': '280-35-5823', 'branch': 'B', 'city': 'Mandalay', 'customer_type': 'Member', 'gender': 'Female', 'product_line': 'Home and lifestyle', 'unit_price': 86.72, 'quantity': 1, 'tax_5_percent': 4.336, 'total': 91.056, 'date': '1/17/2019', 'time': '18:45', 'payment': 'Ewallet', 'cogs': 86.72, 'gross_margin_percentage': 4.761904762, 'gross_income': 4.336, 'rating': 7.9}
[2024-12-03T00:29:52.311+0000] {csv_to_kafka_with_redis.py:84} INFO - Row data before serialization: {'id': 'fa73f7b9-7391-44b9-8c17-0c15e4b332b3', 'invoice_id': '554-53-8700', 'branch': 'C', 'city': 'Naypyitaw', 'customer_type': 'Member', 'gender': 'Male', 'product_line': 'Home and lifestyle', 'unit_price': 56.11, 'quantity': 2, 'tax_5_percent': 5.611, 'total': 117.831, 'date': '2/2/2019', 'time': '10:11', 'payment': 'Cash', 'cogs': 112.22, 'gross_margin_percentage': 4.761904762, 'gross_income': 5.611, 'rating': 6.3}
[2024-12-03T00:29:52.315+0000] {csv_to_kafka_with_redis.py:84} INFO - Row data before serialization: {'id': '233823f4-7db4-4d33-ba53-0a093b6f18b6', 'invoice_id': '354-25-5821', 'branch': 'B', 'city': 'Mandalay', 'customer_type': 'Member', 'gender': 'Female', 'product_line': 'Sports and travel', 'unit_price': 69.12, 'quantity': 6, 'tax_5_percent': 20.736, 'total': 435.456, 'date': '2/8/2019', 'time': '13:03', 'payment': 'Cash', 'cogs': 414.72, 'gross_margin_percentage': 4.761904762, 'gross_income': 20.736, 'rating': 5.6}
[2024-12-03T00:29:52.321+0000] {csv_to_kafka_with_redis.py:84} INFO - Row data before serialization: {'id': 'dd948010-68ce-4b7f-8d59-f90679d6005e', 'invoice_id': '228-96-1411', 'branch': 'C', 'city': 'Naypyitaw', 'customer_type': 'Member', 'gender': 'Female', 'product_line': 'Food and beverages', 'unit_price': 98.7, 'quantity': 8, 'tax_5_percent': 39.48, 'total': 829.08, 'date': '3/4/2019', 'time': '20:39', 'payment': 'Cash', 'cogs': 789.6, 'gross_margin_percentage': 4.761904762, 'gross_income': 39.48, 'rating': 7.6}
[2024-12-03T00:29:52.328+0000] {csv_to_kafka_with_redis.py:84} INFO - Row data before serialization: {'id': '27ebb7eb-8f81-4a8a-b95b-c871f58e2f4d', 'invoice_id': '617-15-4209', 'branch': 'C', 'city': 'Naypyitaw', 'customer_type': 'Member', 'gender': 'Male', 'product_line': 'Health and beauty', 'unit_price': 15.37, 'quantity': 2, 'tax_5_percent': 1.537, 'total': 32.277, 'date': '3/16/2019', 'time': '19:47', 'payment': 'Cash', 'cogs': 30.74, 'gross_margin_percentage': 4.761904762, 'gross_income': 1.537, 'rating': 7.2}
[2024-12-03T00:29:52.332+0000] {csv_to_kafka_with_redis.py:84} INFO - Row data before serialization: {'id': '57c2ea11-9197-49f9-b2be-7d7d5bf7e494', 'invoice_id': '132-32-9879', 'branch': 'B', 'city': 'Mandalay', 'customer_type': 'Member', 'gender': 'Female', 'product_line': 'Electronic accessories', 'unit_price': 93.96, 'quantity': 4, 'tax_5_percent': 18.792, 'total': 394.632, 'date': '3/9/2019', 'time': '18:00', 'payment': 'Cash', 'cogs': 375.84, 'gross_margin_percentage': 4.761904762, 'gross_income': 18.792, 'rating': 9.5}
[2024-12-03T00:29:52.340+0000] {csv_to_kafka_with_redis.py:84} INFO - Row data before serialization: {'id': '6210b453-1a5a-4db6-aa9b-6030e8744e9b', 'invoice_id': '370-41-7321', 'branch': 'B', 'city': 'Mandalay', 'customer_type': 'Member', 'gender': 'Male', 'product_line': 'Health and beauty', 'unit_price': 56.69, 'quantity': 9, 'tax_5_percent': 25.5105, 'total': 535.7205, 'date': '2/27/2019', 'time': '17:24', 'payment': 'Credit card', 'cogs': 510.21, 'gross_margin_percentage': 4.761904762, 'gross_income': 25.5105, 'rating': 8.4}
[2024-12-03T00:29:52.344+0000] {csv_to_kafka_with_redis.py:84} INFO - Row data before serialization: {'id': 'f5b745ea-4dc1-412c-88ed-95db980403ec', 'invoice_id': '727-46-3608', 'branch': 'B', 'city': 'Mandalay', 'customer_type': 'Member', 'gender': 'Female', 'product_line': 'Food and beverages', 'unit_price': 20.01, 'quantity': 9, 'tax_5_percent': 9.0045, 'total': 189.0945, 'date': '2/6/2019', 'time': '15:47', 'payment': 'Ewallet', 'cogs': 180.09, 'gross_margin_percentage': 4.761904762, 'gross_income': 9.0045, 'rating': 4.1}
[2024-12-03T00:29:52.347+0000] {csv_to_kafka_with_redis.py:84} INFO - Row data before serialization: {'id': 'be8e0097-3f95-4faa-b1a2-6736d5d9887f', 'invoice_id': '669-54-1719', 'branch': 'B', 'city': 'Mandalay', 'customer_type': 'Member', 'gender': 'Male', 'product_line': 'Electronic accessories', 'unit_price': 18.93, 'quantity': 6, 'tax_5_percent': 5.679, 'total': 119.259, 'date': '2/10/2019', 'time': '12:45', 'payment': 'Credit card', 'cogs': 113.58, 'gross_margin_percentage': 4.761904762, 'gross_income': 5.679, 'rating': 8.1}
[2024-12-03T00:29:52.354+0000] {csv_to_kafka_with_redis.py:84} INFO - Row data before serialization: {'id': 'a086cf0b-8980-4478-ad9a-50925e23d366', 'invoice_id': '574-22-5561', 'branch': 'C', 'city': 'Naypyitaw', 'customer_type': 'Member', 'gender': 'Female', 'product_line': 'Fashion accessories', 'unit_price': 82.63, 'quantity': 10, 'tax_5_percent': 41.315, 'total': 867.615, 'date': '3/19/2019', 'time': '17:08', 'payment': 'Ewallet', 'cogs': 826.3, 'gross_margin_percentage': 4.761904762, 'gross_income': 41.315, 'rating': 7.9}
[2024-12-03T00:29:52.773+0000] {hive.py:475} INFO - USE `default`
[2024-12-03T00:29:53.036+0000] {csv_to_kafka_with_redis.py:94} INFO - Batch 1 envoyé à Kafka.
[2024-12-03T00:29:53.063+0000] {csv_to_kafka_with_redis.py:98} INFO - Redis batch status: READY
[2024-12-03T00:29:53.066+0000] {csv_to_kafka_with_redis.py:102} INFO - En attente du consommateur...
[2024-12-03T00:29:53.085+0000] {hive.py:475} INFO - 
    CREATE TABLE IF NOT EXISTS sales (
        id STRING,
        invoice_id STRING,
        branch STRING,
        city STRING,
        customer_type STRING,
        gender STRING,
        product_line STRING,
        unit_price FLOAT,
        quantity INT,
        tax_5_percent FLOAT,
        total FLOAT,
        `date` STRING,
        time STRING,
        payment STRING,
        cogs FLOAT,
        gross_margin_percentage FLOAT,
        gross_income FLOAT,
        rating FLOAT
    ) STORED AS ORC
    
[2024-12-03T00:29:53.124+0000] {kafka_to_hive_with_redis.py:71} INFO - Subscribed to topic 'topic-batch'
[2024-12-03T00:29:54.069+0000] {csv_to_kafka_with_redis.py:102} INFO - En attente du consommateur...
[2024-12-03T00:29:55.071+0000] {csv_to_kafka_with_redis.py:102} INFO - En attente du consommateur...
[2024-12-03T00:29:56.073+0000] {csv_to_kafka_with_redis.py:102} INFO - En attente du consommateur...
[2024-12-03T00:29:57.075+0000] {csv_to_kafka_with_redis.py:102} INFO - En attente du consommateur...
[2024-12-03T00:29:58.077+0000] {csv_to_kafka_with_redis.py:102} INFO - En attente du consommateur...
[2024-12-03T00:29:59.072+0000] {csv_to_kafka_with_redis.py:102} INFO - En attente du consommateur...
[2024-12-03T00:30:00.074+0000] {csv_to_kafka_with_redis.py:102} INFO - En attente du consommateur...
[2024-12-03T00:30:01.076+0000] {csv_to_kafka_with_redis.py:102} INFO - En attente du consommateur...
[2024-12-03T00:30:02.078+0000] {csv_to_kafka_with_redis.py:102} INFO - En attente du consommateur...
[2024-12-03T00:30:03.080+0000] {csv_to_kafka_with_redis.py:102} INFO - En attente du consommateur...
[2024-12-03T00:30:04.083+0000] {csv_to_kafka_with_redis.py:102} INFO - En attente du consommateur...
[2024-12-03T00:30:05.086+0000] {csv_to_kafka_with_redis.py:102} INFO - En attente du consommateur...
[2024-12-03T00:30:06.088+0000] {csv_to_kafka_with_redis.py:102} INFO - En attente du consommateur...
[2024-12-03T00:30:07.092+0000] {csv_to_kafka_with_redis.py:102} INFO - En attente du consommateur...
[2024-12-03T00:30:08.094+0000] {csv_to_kafka_with_redis.py:102} INFO - En attente du consommateur...
[2024-12-03T00:30:09.098+0000] {csv_to_kafka_with_redis.py:102} INFO - En attente du consommateur...
[2024-12-03T00:30:10.100+0000] {csv_to_kafka_with_redis.py:102} INFO - En attente du consommateur...
[2024-12-03T00:30:11.102+0000] {csv_to_kafka_with_redis.py:102} INFO - En attente du consommateur...
[2024-12-03T00:30:12.104+0000] {csv_to_kafka_with_redis.py:102} INFO - En attente du consommateur...
[2024-12-03T00:30:13.106+0000] {csv_to_kafka_with_redis.py:102} INFO - En attente du consommateur...
[2024-12-03T00:30:14.109+0000] {csv_to_kafka_with_redis.py:102} INFO - En attente du consommateur...
[2024-12-03T00:30:15.111+0000] {csv_to_kafka_with_redis.py:102} INFO - En attente du consommateur...
[2024-12-03T00:30:16.114+0000] {csv_to_kafka_with_redis.py:102} INFO - En attente du consommateur...
[2024-12-03T00:30:17.117+0000] {csv_to_kafka_with_redis.py:102} INFO - En attente du consommateur...
[2024-12-03T00:30:18.120+0000] {csv_to_kafka_with_redis.py:102} INFO - En attente du consommateur...
[2024-12-03T00:30:19.122+0000] {csv_to_kafka_with_redis.py:102} INFO - En attente du consommateur...
[2024-12-03T00:30:20.126+0000] {csv_to_kafka_with_redis.py:102} INFO - En attente du consommateur...
[2024-12-03T00:30:21.129+0000] {csv_to_kafka_with_redis.py:102} INFO - En attente du consommateur...
[2024-12-03T00:30:22.131+0000] {csv_to_kafka_with_redis.py:102} INFO - En attente du consommateur...
[2024-12-03T00:30:23.135+0000] {csv_to_kafka_with_redis.py:102} INFO - En attente du consommateur...
[2024-12-03T00:30:24.138+0000] {csv_to_kafka_with_redis.py:102} INFO - En attente du consommateur...
[2024-12-03T00:30:25.141+0000] {csv_to_kafka_with_redis.py:102} INFO - En attente du consommateur...
[2024-12-03T00:30:26.144+0000] {csv_to_kafka_with_redis.py:102} INFO - En attente du consommateur...
[2024-12-03T00:30:27.146+0000] {csv_to_kafka_with_redis.py:102} INFO - En attente du consommateur...
[2024-12-03T00:30:28.149+0000] {csv_to_kafka_with_redis.py:102} INFO - En attente du consommateur...
[2024-12-03T00:30:29.153+0000] {csv_to_kafka_with_redis.py:102} INFO - En attente du consommateur...
[2024-12-03T00:30:30.156+0000] {csv_to_kafka_with_redis.py:102} INFO - En attente du consommateur...
[2024-12-03T00:30:31.157+0000] {csv_to_kafka_with_redis.py:102} INFO - En attente du consommateur...
[2024-12-03T00:30:32.159+0000] {csv_to_kafka_with_redis.py:102} INFO - En attente du consommateur...
[2024-12-03T00:30:32.615+0000] {local_task_job_runner.py:346} WARNING - State of this instance has been externally set to failed. Terminating instance.
[2024-12-03T00:30:32.617+0000] {local_task_job_runner.py:245} INFO - ::endgroup::
[2024-12-03T00:30:32.622+0000] {process_utils.py:132} INFO - Sending 15 to group 8123. PIDs of all processes in the group: [8123]
[2024-12-03T00:30:32.623+0000] {process_utils.py:87} INFO - Sending the signal 15 to group 8123
[2024-12-03T00:30:32.626+0000] {taskinstance.py:3093} ERROR - Received SIGTERM. Terminating subprocesses.
[2024-12-03T00:30:32.689+0000] {taskinstance.py:340} INFO - ::group::Post task execution logs
[2024-12-03T00:30:32.719+0000] {process_utils.py:80} INFO - Process psutil.Process(pid=8123, status='terminated', exitcode=0, started='00:29:50') (8123) terminated with exit code 0
