[2024-12-04T09:56:48.676+0000] {local_task_job_runner.py:123} INFO - ::group::Pre task execution logs
[2024-12-04T09:56:48.727+0000] {taskinstance.py:2613} INFO - Dependencies all met for dep_context=non-requeueable deps ti=<TaskInstance: kafka_hive_pipeline_threaded.sync_producer_and_consumer manual__2024-12-04T09:56:39.238884+00:00 [queued]>
[2024-12-04T09:56:48.790+0000] {taskinstance.py:2613} INFO - Dependencies all met for dep_context=requeueable deps ti=<TaskInstance: kafka_hive_pipeline_threaded.sync_producer_and_consumer manual__2024-12-04T09:56:39.238884+00:00 [queued]>
[2024-12-04T09:56:48.792+0000] {taskinstance.py:2866} INFO - Starting attempt 1 of 1
[2024-12-04T09:56:48.889+0000] {taskinstance.py:2889} INFO - Executing <Task(PythonOperator): sync_producer_and_consumer> on 2024-12-04 09:56:39.238884+00:00
[2024-12-04T09:56:48.914+0000] {logging_mixin.py:190} WARNING - /home/airflow/.local/lib/python3.12/site-packages/airflow/task/task_runner/standard_task_runner.py:70 DeprecationWarning: This process (pid=1127) is multi-threaded, use of fork() may lead to deadlocks in the child.
[2024-12-04T09:56:48.921+0000] {standard_task_runner.py:72} INFO - Started process 1141 to run task
[2024-12-04T09:56:48.924+0000] {standard_task_runner.py:104} INFO - Running: ['airflow', 'tasks', 'run', 'kafka_hive_pipeline_threaded', 'sync_producer_and_consumer', 'manual__2024-12-04T09:56:39.238884+00:00', '--job-id', '197', '--raw', '--subdir', 'DAGS_FOLDER/gestion_airflow.py', '--cfg-path', '/tmp/tmpdllt462l']
[2024-12-04T09:56:48.932+0000] {standard_task_runner.py:105} INFO - Job 197: Subtask sync_producer_and_consumer
[2024-12-04T09:56:49.172+0000] {task_command.py:467} INFO - Running <TaskInstance: kafka_hive_pipeline_threaded.sync_producer_and_consumer manual__2024-12-04T09:56:39.238884+00:00 [running]> on host 45770b1a429e
[2024-12-04T09:56:49.513+0000] {taskinstance.py:3132} INFO - Exporting env vars: AIRFLOW_CTX_DAG_OWNER='airflow' AIRFLOW_CTX_DAG_ID='kafka_hive_pipeline_threaded' AIRFLOW_CTX_TASK_ID='sync_producer_and_consumer' AIRFLOW_CTX_EXECUTION_DATE='2024-12-04T09:56:39.238884+00:00' AIRFLOW_CTX_TRY_NUMBER='1' AIRFLOW_CTX_DAG_RUN_ID='manual__2024-12-04T09:56:39.238884+00:00'
[2024-12-04T09:56:49.516+0000] {taskinstance.py:731} INFO - ::endgroup::
[2024-12-04T09:56:49.698+0000] {csv_to_kafka_with_redis.py:50} INFO - Loaded CSV Data:
    Invoice ID Branch       City  ... gross margin percentage gross income Rating
0  750-67-8428      A     Yangon  ...                4.761905      26.1415    9.1
1  226-31-3081      C  Naypyitaw  ...                4.761905       3.8200    9.6
2  631-41-3108      A     Yangon  ...                4.761905      16.2155    7.4
3  123-19-1176      A     Yangon  ...                4.761905      23.2880    8.4
4  373-73-7910      A     Yangon  ...                4.761905      30.2085    5.3

[5 rows x 17 columns]
[2024-12-04T09:56:49.700+0000] {csv_to_kafka_with_redis.py:84} INFO - Row data before serialization: {'id': 'b4de99d2-eae7-4ffb-a328-35f47870baee', 'invoice_id': '750-67-8428', 'branch': 'A', 'city': 'Yangon', 'customer_type': 'Member', 'gender': 'Female', 'product_line': 'Health and beauty', 'unit_price': 74.69, 'quantity': 7, 'tax_5_percent': 26.1415, 'total': 548.9715, 'date': '1/5/2019', 'time': '13:08', 'payment': 'Ewallet', 'cogs': 522.83, 'gross_margin_percentage': 4.761904762, 'gross_income': 26.1415, 'rating': 9.1}
[2024-12-04T09:56:49.762+0000] {csv_to_kafka_with_redis.py:84} INFO - Row data before serialization: {'id': 'a6028bce-14ed-4d48-be2c-2e259e8ae412', 'invoice_id': '226-31-3081', 'branch': 'C', 'city': 'Naypyitaw', 'customer_type': 'Normal', 'gender': 'Female', 'product_line': 'Electronic accessories', 'unit_price': 15.28, 'quantity': 5, 'tax_5_percent': 3.82, 'total': 80.22, 'date': '3/8/2019', 'time': '10:29', 'payment': 'Cash', 'cogs': 76.4, 'gross_margin_percentage': 4.761904762, 'gross_income': 3.82, 'rating': 9.6}
[2024-12-04T09:56:49.764+0000] {csv_to_kafka_with_redis.py:84} INFO - Row data before serialization: {'id': '1d433984-06c2-486b-b932-caee18d7cf00', 'invoice_id': '631-41-3108', 'branch': 'A', 'city': 'Yangon', 'customer_type': 'Normal', 'gender': 'Male', 'product_line': 'Home and lifestyle', 'unit_price': 46.33, 'quantity': 7, 'tax_5_percent': 16.2155, 'total': 340.5255, 'date': '3/3/2019', 'time': '13:23', 'payment': 'Credit card', 'cogs': 324.31, 'gross_margin_percentage': 4.761904762, 'gross_income': 16.2155, 'rating': 7.4}
[2024-12-04T09:56:49.765+0000] {csv_to_kafka_with_redis.py:84} INFO - Row data before serialization: {'id': '68a0a049-c6b0-4bc3-b381-41a5435b3893', 'invoice_id': '123-19-1176', 'branch': 'A', 'city': 'Yangon', 'customer_type': 'Member', 'gender': 'Male', 'product_line': 'Health and beauty', 'unit_price': 58.22, 'quantity': 8, 'tax_5_percent': 23.288, 'total': 489.048, 'date': '1/27/2019', 'time': '20:33', 'payment': 'Ewallet', 'cogs': 465.76, 'gross_margin_percentage': 4.761904762, 'gross_income': 23.288, 'rating': 8.4}
[2024-12-04T09:56:49.767+0000] {csv_to_kafka_with_redis.py:84} INFO - Row data before serialization: {'id': '971a8f8c-98a8-48a7-a737-04f0c3d75156', 'invoice_id': '373-73-7910', 'branch': 'A', 'city': 'Yangon', 'customer_type': 'Normal', 'gender': 'Male', 'product_line': 'Sports and travel', 'unit_price': 86.31, 'quantity': 7, 'tax_5_percent': 30.2085, 'total': 634.3785, 'date': '2/8/2019', 'time': '10:37', 'payment': 'Ewallet', 'cogs': 604.17, 'gross_margin_percentage': 4.761904762, 'gross_income': 30.2085, 'rating': 5.3}
[2024-12-04T09:56:49.768+0000] {csv_to_kafka_with_redis.py:84} INFO - Row data before serialization: {'id': 'e79192d1-687d-4488-9dd3-a5e818e68bb7', 'invoice_id': '699-14-3026', 'branch': 'C', 'city': 'Naypyitaw', 'customer_type': 'Normal', 'gender': 'Male', 'product_line': 'Electronic accessories', 'unit_price': 85.39, 'quantity': 7, 'tax_5_percent': 29.8865, 'total': 627.6165, 'date': '3/25/2019', 'time': '18:30', 'payment': 'Ewallet', 'cogs': 597.73, 'gross_margin_percentage': 4.761904762, 'gross_income': 29.8865, 'rating': 4.1}
[2024-12-04T09:56:49.771+0000] {csv_to_kafka_with_redis.py:84} INFO - Row data before serialization: {'id': '2dff165a-5394-480e-ac73-322f1e4aa1d1', 'invoice_id': '355-53-5943', 'branch': 'A', 'city': 'Yangon', 'customer_type': 'Member', 'gender': 'Female', 'product_line': 'Electronic accessories', 'unit_price': 68.84, 'quantity': 6, 'tax_5_percent': 20.652, 'total': 433.692, 'date': '2/25/2019', 'time': '14:36', 'payment': 'Ewallet', 'cogs': 413.04, 'gross_margin_percentage': 4.761904762, 'gross_income': 20.652, 'rating': 5.8}
[2024-12-04T09:56:49.773+0000] {csv_to_kafka_with_redis.py:84} INFO - Row data before serialization: {'id': '68e1e7e2-22f6-468d-b2ec-724d32ff7618', 'invoice_id': '315-22-5665', 'branch': 'C', 'city': 'Naypyitaw', 'customer_type': 'Normal', 'gender': 'Female', 'product_line': 'Home and lifestyle', 'unit_price': 73.56, 'quantity': 10, 'tax_5_percent': 36.78, 'total': 772.38, 'date': '2/24/2019', 'time': '11:38', 'payment': 'Ewallet', 'cogs': 735.6, 'gross_margin_percentage': 4.761904762, 'gross_income': 36.78, 'rating': 8.0}
[2024-12-04T09:56:49.774+0000] {csv_to_kafka_with_redis.py:84} INFO - Row data before serialization: {'id': 'ea89f9ba-71af-4313-8e0b-440fe1f264ef', 'invoice_id': '665-32-9167', 'branch': 'A', 'city': 'Yangon', 'customer_type': 'Member', 'gender': 'Female', 'product_line': 'Health and beauty', 'unit_price': 36.26, 'quantity': 2, 'tax_5_percent': 3.626, 'total': 76.146, 'date': '1/10/2019', 'time': '17:15', 'payment': 'Credit card', 'cogs': 72.52, 'gross_margin_percentage': 4.761904762, 'gross_income': 3.626, 'rating': 7.2}
[2024-12-04T09:56:49.775+0000] {csv_to_kafka_with_redis.py:84} INFO - Row data before serialization: {'id': '0b3073b1-bf62-43b3-a73e-7077d42ab21a', 'invoice_id': '692-92-5582', 'branch': 'B', 'city': 'Mandalay', 'customer_type': 'Member', 'gender': 'Female', 'product_line': 'Food and beverages', 'unit_price': 54.84, 'quantity': 3, 'tax_5_percent': 8.226, 'total': 172.746, 'date': '2/20/2019', 'time': '13:27', 'payment': 'Credit card', 'cogs': 164.52, 'gross_margin_percentage': 4.761904762, 'gross_income': 8.226, 'rating': 5.9}
[2024-12-04T09:56:49.776+0000] {csv_to_kafka_with_redis.py:84} INFO - Row data before serialization: {'id': '2b9e699a-f413-4cc7-bc15-d37048d71037', 'invoice_id': '351-62-0822', 'branch': 'B', 'city': 'Mandalay', 'customer_type': 'Member', 'gender': 'Female', 'product_line': 'Fashion accessories', 'unit_price': 14.48, 'quantity': 4, 'tax_5_percent': 2.896, 'total': 60.816, 'date': '2/6/2019', 'time': '18:07', 'payment': 'Ewallet', 'cogs': 57.92, 'gross_margin_percentage': 4.761904762, 'gross_income': 2.896, 'rating': 4.5}
[2024-12-04T09:56:49.778+0000] {csv_to_kafka_with_redis.py:84} INFO - Row data before serialization: {'id': 'cd57df62-7451-4c76-8478-3b97dba3f0e8', 'invoice_id': '529-56-3974', 'branch': 'B', 'city': 'Mandalay', 'customer_type': 'Member', 'gender': 'Male', 'product_line': 'Electronic accessories', 'unit_price': 25.51, 'quantity': 4, 'tax_5_percent': 5.102, 'total': 107.142, 'date': '3/9/2019', 'time': '17:03', 'payment': 'Cash', 'cogs': 102.04, 'gross_margin_percentage': 4.761904762, 'gross_income': 5.102, 'rating': 6.8}
[2024-12-04T09:56:49.779+0000] {csv_to_kafka_with_redis.py:84} INFO - Row data before serialization: {'id': '0dce19e0-c0c3-4ee9-9d00-75650f5dccf0', 'invoice_id': '365-64-0515', 'branch': 'A', 'city': 'Yangon', 'customer_type': 'Normal', 'gender': 'Female', 'product_line': 'Electronic accessories', 'unit_price': 46.95, 'quantity': 5, 'tax_5_percent': 11.7375, 'total': 246.4875, 'date': '2/12/2019', 'time': '10:25', 'payment': 'Ewallet', 'cogs': 234.75, 'gross_margin_percentage': 4.761904762, 'gross_income': 11.7375, 'rating': 7.1}
[2024-12-04T09:56:49.780+0000] {csv_to_kafka_with_redis.py:84} INFO - Row data before serialization: {'id': '21938b17-556c-40e3-bf08-28ae7e8871d1', 'invoice_id': '252-56-2699', 'branch': 'A', 'city': 'Yangon', 'customer_type': 'Normal', 'gender': 'Male', 'product_line': 'Food and beverages', 'unit_price': 43.19, 'quantity': 10, 'tax_5_percent': 21.595, 'total': 453.495, 'date': '2/7/2019', 'time': '16:48', 'payment': 'Ewallet', 'cogs': 431.9, 'gross_margin_percentage': 4.761904762, 'gross_income': 21.595, 'rating': 8.2}
[2024-12-04T09:56:49.781+0000] {csv_to_kafka_with_redis.py:84} INFO - Row data before serialization: {'id': '0dcdc3f8-52c7-4f22-a0a9-e3df1031a8a3', 'invoice_id': '829-34-3910', 'branch': 'A', 'city': 'Yangon', 'customer_type': 'Normal', 'gender': 'Female', 'product_line': 'Health and beauty', 'unit_price': 71.38, 'quantity': 10, 'tax_5_percent': 35.69, 'total': 749.49, 'date': '3/29/2019', 'time': '19:21', 'payment': 'Cash', 'cogs': 713.8, 'gross_margin_percentage': 4.761904762, 'gross_income': 35.69, 'rating': 5.7}
[2024-12-04T09:56:49.782+0000] {csv_to_kafka_with_redis.py:84} INFO - Row data before serialization: {'id': '319a26b0-a4fb-406b-b853-2c60f7eb4f57', 'invoice_id': '299-46-1805', 'branch': 'B', 'city': 'Mandalay', 'customer_type': 'Member', 'gender': 'Female', 'product_line': 'Sports and travel', 'unit_price': 93.72, 'quantity': 6, 'tax_5_percent': 28.116, 'total': 590.436, 'date': '1/15/2019', 'time': '16:19', 'payment': 'Cash', 'cogs': 562.32, 'gross_margin_percentage': 4.761904762, 'gross_income': 28.116, 'rating': 4.5}
[2024-12-04T09:56:49.784+0000] {csv_to_kafka_with_redis.py:84} INFO - Row data before serialization: {'id': '0fd9ff1e-c2ba-4799-9285-66cc55d02654', 'invoice_id': '656-95-9349', 'branch': 'A', 'city': 'Yangon', 'customer_type': 'Member', 'gender': 'Female', 'product_line': 'Health and beauty', 'unit_price': 68.93, 'quantity': 7, 'tax_5_percent': 24.1255, 'total': 506.6355, 'date': '3/11/2019', 'time': '11:03', 'payment': 'Credit card', 'cogs': 482.51, 'gross_margin_percentage': 4.761904762, 'gross_income': 24.1255, 'rating': 4.6}
[2024-12-04T09:56:49.787+0000] {csv_to_kafka_with_redis.py:84} INFO - Row data before serialization: {'id': '269fe2be-42bf-43be-b49c-d8a601a35a89', 'invoice_id': '765-26-6951', 'branch': 'A', 'city': 'Yangon', 'customer_type': 'Normal', 'gender': 'Male', 'product_line': 'Sports and travel', 'unit_price': 72.61, 'quantity': 6, 'tax_5_percent': 21.783, 'total': 457.443, 'date': '1/1/2019', 'time': '10:39', 'payment': 'Credit card', 'cogs': 435.66, 'gross_margin_percentage': 4.761904762, 'gross_income': 21.783, 'rating': 6.9}
[2024-12-04T09:56:49.790+0000] {csv_to_kafka_with_redis.py:84} INFO - Row data before serialization: {'id': 'a9142f23-7d54-4af4-a0a6-0075b6650254', 'invoice_id': '329-62-1586', 'branch': 'A', 'city': 'Yangon', 'customer_type': 'Normal', 'gender': 'Male', 'product_line': 'Food and beverages', 'unit_price': 54.67, 'quantity': 3, 'tax_5_percent': 8.2005, 'total': 172.2105, 'date': '1/21/2019', 'time': '18:00', 'payment': 'Credit card', 'cogs': 164.01, 'gross_margin_percentage': 4.761904762, 'gross_income': 8.2005, 'rating': 8.6}
[2024-12-04T09:56:49.791+0000] {csv_to_kafka_with_redis.py:84} INFO - Row data before serialization: {'id': 'ce60c34e-0df9-4aa7-8e07-b9a191d22e78', 'invoice_id': '319-50-3348', 'branch': 'B', 'city': 'Mandalay', 'customer_type': 'Normal', 'gender': 'Female', 'product_line': 'Home and lifestyle', 'unit_price': 40.3, 'quantity': 2, 'tax_5_percent': 4.03, 'total': 84.63, 'date': '3/11/2019', 'time': '15:30', 'payment': 'Ewallet', 'cogs': 80.6, 'gross_margin_percentage': 4.761904762, 'gross_income': 4.03, 'rating': 4.4}
[2024-12-04T09:56:49.793+0000] {csv_to_kafka_with_redis.py:84} INFO - Row data before serialization: {'id': '3789ae65-ca05-41eb-a6ef-a9319e27d473', 'invoice_id': '300-71-4605', 'branch': 'C', 'city': 'Naypyitaw', 'customer_type': 'Member', 'gender': 'Male', 'product_line': 'Electronic accessories', 'unit_price': 86.04, 'quantity': 5, 'tax_5_percent': 21.51, 'total': 451.71, 'date': '2/25/2019', 'time': '11:24', 'payment': 'Ewallet', 'cogs': 430.2, 'gross_margin_percentage': 4.761904762, 'gross_income': 21.51, 'rating': 4.8}
[2024-12-04T09:56:49.795+0000] {csv_to_kafka_with_redis.py:84} INFO - Row data before serialization: {'id': '8d3d07b6-3b43-478f-a84e-0ffa0f3483ee', 'invoice_id': '371-85-5789', 'branch': 'B', 'city': 'Mandalay', 'customer_type': 'Normal', 'gender': 'Male', 'product_line': 'Health and beauty', 'unit_price': 87.98, 'quantity': 3, 'tax_5_percent': 13.197, 'total': 277.137, 'date': '3/5/2019', 'time': '10:40', 'payment': 'Ewallet', 'cogs': 263.94, 'gross_margin_percentage': 4.761904762, 'gross_income': 13.197, 'rating': 5.1}
[2024-12-04T09:56:49.796+0000] {csv_to_kafka_with_redis.py:84} INFO - Row data before serialization: {'id': '6575d6db-da72-4759-be3a-46de99bf518b', 'invoice_id': '273-16-6619', 'branch': 'B', 'city': 'Mandalay', 'customer_type': 'Normal', 'gender': 'Male', 'product_line': 'Home and lifestyle', 'unit_price': 33.2, 'quantity': 2, 'tax_5_percent': 3.32, 'total': 69.72, 'date': '3/15/2019', 'time': '12:20', 'payment': 'Credit card', 'cogs': 66.4, 'gross_margin_percentage': 4.761904762, 'gross_income': 3.32, 'rating': 4.4}
[2024-12-04T09:56:49.798+0000] {csv_to_kafka_with_redis.py:84} INFO - Row data before serialization: {'id': 'c48895f9-6590-4dc7-9050-a3300ddd259f', 'invoice_id': '636-48-8204', 'branch': 'A', 'city': 'Yangon', 'customer_type': 'Normal', 'gender': 'Male', 'product_line': 'Electronic accessories', 'unit_price': 34.56, 'quantity': 5, 'tax_5_percent': 8.64, 'total': 181.44, 'date': '2/17/2019', 'time': '11:15', 'payment': 'Ewallet', 'cogs': 172.8, 'gross_margin_percentage': 4.761904762, 'gross_income': 8.64, 'rating': 9.9}
[2024-12-04T09:56:49.800+0000] {csv_to_kafka_with_redis.py:84} INFO - Row data before serialization: {'id': '994445d9-ebd0-4842-ba32-70001354fc30', 'invoice_id': '549-59-1358', 'branch': 'A', 'city': 'Yangon', 'customer_type': 'Member', 'gender': 'Male', 'product_line': 'Sports and travel', 'unit_price': 88.63, 'quantity': 3, 'tax_5_percent': 13.2945, 'total': 279.1845, 'date': '3/2/2019', 'time': '17:36', 'payment': 'Ewallet', 'cogs': 265.89, 'gross_margin_percentage': 4.761904762, 'gross_income': 13.2945, 'rating': 6.0}
[2024-12-04T09:56:49.804+0000] {csv_to_kafka_with_redis.py:84} INFO - Row data before serialization: {'id': '3d88c875-77e8-464e-bccb-54b66c098b2a', 'invoice_id': '227-03-5010', 'branch': 'A', 'city': 'Yangon', 'customer_type': 'Member', 'gender': 'Female', 'product_line': 'Home and lifestyle', 'unit_price': 52.59, 'quantity': 8, 'tax_5_percent': 21.036, 'total': 441.756, 'date': '3/22/2019', 'time': '19:20', 'payment': 'Credit card', 'cogs': 420.72, 'gross_margin_percentage': 4.761904762, 'gross_income': 21.036, 'rating': 8.5}
[2024-12-04T09:56:49.809+0000] {csv_to_kafka_with_redis.py:84} INFO - Row data before serialization: {'id': '01089f06-b544-44a8-a192-7780f4eb4a5a', 'invoice_id': '649-29-6775', 'branch': 'B', 'city': 'Mandalay', 'customer_type': 'Normal', 'gender': 'Male', 'product_line': 'Fashion accessories', 'unit_price': 33.52, 'quantity': 1, 'tax_5_percent': 1.676, 'total': 35.196, 'date': '2/8/2019', 'time': '15:31', 'payment': 'Cash', 'cogs': 33.52, 'gross_margin_percentage': 4.761904762, 'gross_income': 1.676, 'rating': 6.7}
[2024-12-04T09:56:49.812+0000] {csv_to_kafka_with_redis.py:84} INFO - Row data before serialization: {'id': 'a1ca300e-3bcb-4d66-99f6-e0b93e7ce6aa', 'invoice_id': '189-17-4241', 'branch': 'A', 'city': 'Yangon', 'customer_type': 'Normal', 'gender': 'Female', 'product_line': 'Fashion accessories', 'unit_price': 87.67, 'quantity': 2, 'tax_5_percent': 8.767, 'total': 184.107, 'date': '3/10/2019', 'time': '12:17', 'payment': 'Credit card', 'cogs': 175.34, 'gross_margin_percentage': 4.761904762, 'gross_income': 8.767, 'rating': 7.7}
[2024-12-04T09:56:49.814+0000] {csv_to_kafka_with_redis.py:84} INFO - Row data before serialization: {'id': 'c6af1e1f-426f-4695-ab88-5063b0966ee3', 'invoice_id': '145-94-9061', 'branch': 'B', 'city': 'Mandalay', 'customer_type': 'Normal', 'gender': 'Female', 'product_line': 'Food and beverages', 'unit_price': 88.36, 'quantity': 5, 'tax_5_percent': 22.09, 'total': 463.89, 'date': '1/25/2019', 'time': '19:48', 'payment': 'Cash', 'cogs': 441.8, 'gross_margin_percentage': 4.761904762, 'gross_income': 22.09, 'rating': 9.6}
[2024-12-04T09:56:49.815+0000] {csv_to_kafka_with_redis.py:84} INFO - Row data before serialization: {'id': '27c144be-be7d-4359-93b3-85d25ad59978', 'invoice_id': '848-62-7243', 'branch': 'A', 'city': 'Yangon', 'customer_type': 'Normal', 'gender': 'Male', 'product_line': 'Health and beauty', 'unit_price': 24.89, 'quantity': 9, 'tax_5_percent': 11.2005, 'total': 235.2105, 'date': '3/15/2019', 'time': '15:36', 'payment': 'Cash', 'cogs': 224.01, 'gross_margin_percentage': 4.761904762, 'gross_income': 11.2005, 'rating': 7.4}
[2024-12-04T09:56:49.817+0000] {csv_to_kafka_with_redis.py:84} INFO - Row data before serialization: {'id': '9b220631-1024-44a5-a676-21eebb62db31', 'invoice_id': '871-79-8483', 'branch': 'B', 'city': 'Mandalay', 'customer_type': 'Normal', 'gender': 'Male', 'product_line': 'Fashion accessories', 'unit_price': 94.13, 'quantity': 5, 'tax_5_percent': 23.5325, 'total': 494.1825, 'date': '2/25/2019', 'time': '19:39', 'payment': 'Credit card', 'cogs': 470.65, 'gross_margin_percentage': 4.761904762, 'gross_income': 23.5325, 'rating': 4.8}
[2024-12-04T09:56:49.821+0000] {csv_to_kafka_with_redis.py:84} INFO - Row data before serialization: {'id': '24729f62-5396-4f74-b08f-b7138cbfc6f3', 'invoice_id': '149-71-6266', 'branch': 'B', 'city': 'Mandalay', 'customer_type': 'Member', 'gender': 'Male', 'product_line': 'Sports and travel', 'unit_price': 78.07, 'quantity': 9, 'tax_5_percent': 35.1315, 'total': 737.7615, 'date': '1/28/2019', 'time': '12:43', 'payment': 'Cash', 'cogs': 702.63, 'gross_margin_percentage': 4.761904762, 'gross_income': 35.1315, 'rating': 4.5}
[2024-12-04T09:56:49.824+0000] {csv_to_kafka_with_redis.py:84} INFO - Row data before serialization: {'id': '1b1239ce-b7cc-44c2-87c1-537d53f96f04', 'invoice_id': '640-49-2076', 'branch': 'B', 'city': 'Mandalay', 'customer_type': 'Normal', 'gender': 'Male', 'product_line': 'Sports and travel', 'unit_price': 83.78, 'quantity': 8, 'tax_5_percent': 33.512, 'total': 703.752, 'date': '1/10/2019', 'time': '14:49', 'payment': 'Cash', 'cogs': 670.24, 'gross_margin_percentage': 4.761904762, 'gross_income': 33.512, 'rating': 5.1}
[2024-12-04T09:56:49.825+0000] {csv_to_kafka_with_redis.py:84} INFO - Row data before serialization: {'id': '9ac120d8-e6cb-4bd6-89b4-c267d0b39a41', 'invoice_id': '595-11-5460', 'branch': 'A', 'city': 'Yangon', 'customer_type': 'Normal', 'gender': 'Male', 'product_line': 'Health and beauty', 'unit_price': 96.58, 'quantity': 2, 'tax_5_percent': 9.658, 'total': 202.818, 'date': '3/15/2019', 'time': '10:12', 'payment': 'Credit card', 'cogs': 193.16, 'gross_margin_percentage': 4.761904762, 'gross_income': 9.658, 'rating': 5.1}
[2024-12-04T09:56:49.826+0000] {csv_to_kafka_with_redis.py:84} INFO - Row data before serialization: {'id': '2575de3e-5368-464e-b5a5-a457095df1a3', 'invoice_id': '183-56-6882', 'branch': 'C', 'city': 'Naypyitaw', 'customer_type': 'Member', 'gender': 'Female', 'product_line': 'Food and beverages', 'unit_price': 99.42, 'quantity': 4, 'tax_5_percent': 19.884, 'total': 417.564, 'date': '2/6/2019', 'time': '10:42', 'payment': 'Ewallet', 'cogs': 397.68, 'gross_margin_percentage': 4.761904762, 'gross_income': 19.884, 'rating': 7.5}
[2024-12-04T09:56:49.828+0000] {csv_to_kafka_with_redis.py:84} INFO - Row data before serialization: {'id': '96715201-7836-4de4-b3c8-0ec956f90601', 'invoice_id': '232-16-2483', 'branch': 'C', 'city': 'Naypyitaw', 'customer_type': 'Member', 'gender': 'Female', 'product_line': 'Sports and travel', 'unit_price': 68.12, 'quantity': 1, 'tax_5_percent': 3.406, 'total': 71.526, 'date': '1/7/2019', 'time': '12:28', 'payment': 'Ewallet', 'cogs': 68.12, 'gross_margin_percentage': 4.761904762, 'gross_income': 3.406, 'rating': 6.8}
[2024-12-04T09:56:49.830+0000] {csv_to_kafka_with_redis.py:84} INFO - Row data before serialization: {'id': '0a09b0a3-d0e9-4d53-8036-cf74a049cb4a', 'invoice_id': '129-29-8530', 'branch': 'A', 'city': 'Yangon', 'customer_type': 'Member', 'gender': 'Male', 'product_line': 'Sports and travel', 'unit_price': 62.62, 'quantity': 5, 'tax_5_percent': 15.655, 'total': 328.755, 'date': '3/10/2019', 'time': '19:15', 'payment': 'Ewallet', 'cogs': 313.1, 'gross_margin_percentage': 4.761904762, 'gross_income': 15.655, 'rating': 7.0}
[2024-12-04T09:56:49.831+0000] {csv_to_kafka_with_redis.py:84} INFO - Row data before serialization: {'id': 'c62a68e3-f316-4b92-83bc-39e4588d0fcb', 'invoice_id': '272-65-1806', 'branch': 'A', 'city': 'Yangon', 'customer_type': 'Normal', 'gender': 'Female', 'product_line': 'Electronic accessories', 'unit_price': 60.88, 'quantity': 9, 'tax_5_percent': 27.396, 'total': 575.316, 'date': '1/15/2019', 'time': '17:17', 'payment': 'Ewallet', 'cogs': 547.92, 'gross_margin_percentage': 4.761904762, 'gross_income': 27.396, 'rating': 4.7}
[2024-12-04T09:56:49.832+0000] {csv_to_kafka_with_redis.py:84} INFO - Row data before serialization: {'id': '8a422262-0158-4a36-bc2d-e34fc2f0e9e8', 'invoice_id': '333-73-7901', 'branch': 'C', 'city': 'Naypyitaw', 'customer_type': 'Normal', 'gender': 'Female', 'product_line': 'Health and beauty', 'unit_price': 54.92, 'quantity': 8, 'tax_5_percent': 21.968, 'total': 461.328, 'date': '3/23/2019', 'time': '13:24', 'payment': 'Ewallet', 'cogs': 439.36, 'gross_margin_percentage': 4.761904762, 'gross_income': 21.968, 'rating': 7.6}
[2024-12-04T09:56:49.833+0000] {csv_to_kafka_with_redis.py:84} INFO - Row data before serialization: {'id': 'a23d7308-7b2d-4050-bb57-8ddea14ea824', 'invoice_id': '777-82-7220', 'branch': 'B', 'city': 'Mandalay', 'customer_type': 'Member', 'gender': 'Male', 'product_line': 'Home and lifestyle', 'unit_price': 30.12, 'quantity': 8, 'tax_5_percent': 12.048, 'total': 253.008, 'date': '3/3/2019', 'time': '13:01', 'payment': 'Cash', 'cogs': 240.96, 'gross_margin_percentage': 4.761904762, 'gross_income': 12.048, 'rating': 7.7}
[2024-12-04T09:56:49.835+0000] {csv_to_kafka_with_redis.py:84} INFO - Row data before serialization: {'id': 'e096e18f-c493-4a80-9890-09091188f4e5', 'invoice_id': '280-35-5823', 'branch': 'B', 'city': 'Mandalay', 'customer_type': 'Member', 'gender': 'Female', 'product_line': 'Home and lifestyle', 'unit_price': 86.72, 'quantity': 1, 'tax_5_percent': 4.336, 'total': 91.056, 'date': '1/17/2019', 'time': '18:45', 'payment': 'Ewallet', 'cogs': 86.72, 'gross_margin_percentage': 4.761904762, 'gross_income': 4.336, 'rating': 7.9}
[2024-12-04T09:56:49.840+0000] {csv_to_kafka_with_redis.py:84} INFO - Row data before serialization: {'id': '917a7e58-2987-4561-b64f-e21d131c02eb', 'invoice_id': '554-53-8700', 'branch': 'C', 'city': 'Naypyitaw', 'customer_type': 'Member', 'gender': 'Male', 'product_line': 'Home and lifestyle', 'unit_price': 56.11, 'quantity': 2, 'tax_5_percent': 5.611, 'total': 117.831, 'date': '2/2/2019', 'time': '10:11', 'payment': 'Cash', 'cogs': 112.22, 'gross_margin_percentage': 4.761904762, 'gross_income': 5.611, 'rating': 6.3}
[2024-12-04T09:56:49.842+0000] {csv_to_kafka_with_redis.py:84} INFO - Row data before serialization: {'id': 'd7df06b8-dbbc-487d-9a05-0de6638045e8', 'invoice_id': '354-25-5821', 'branch': 'B', 'city': 'Mandalay', 'customer_type': 'Member', 'gender': 'Female', 'product_line': 'Sports and travel', 'unit_price': 69.12, 'quantity': 6, 'tax_5_percent': 20.736, 'total': 435.456, 'date': '2/8/2019', 'time': '13:03', 'payment': 'Cash', 'cogs': 414.72, 'gross_margin_percentage': 4.761904762, 'gross_income': 20.736, 'rating': 5.6}
[2024-12-04T09:56:49.844+0000] {csv_to_kafka_with_redis.py:84} INFO - Row data before serialization: {'id': '525da082-0c31-469f-9164-fc06d7c9f392', 'invoice_id': '228-96-1411', 'branch': 'C', 'city': 'Naypyitaw', 'customer_type': 'Member', 'gender': 'Female', 'product_line': 'Food and beverages', 'unit_price': 98.7, 'quantity': 8, 'tax_5_percent': 39.48, 'total': 829.08, 'date': '3/4/2019', 'time': '20:39', 'payment': 'Cash', 'cogs': 789.6, 'gross_margin_percentage': 4.761904762, 'gross_income': 39.48, 'rating': 7.6}
[2024-12-04T09:56:49.845+0000] {csv_to_kafka_with_redis.py:84} INFO - Row data before serialization: {'id': '4b495955-88cb-40de-b763-e1facdbf7b0e', 'invoice_id': '617-15-4209', 'branch': 'C', 'city': 'Naypyitaw', 'customer_type': 'Member', 'gender': 'Male', 'product_line': 'Health and beauty', 'unit_price': 15.37, 'quantity': 2, 'tax_5_percent': 1.537, 'total': 32.277, 'date': '3/16/2019', 'time': '19:47', 'payment': 'Cash', 'cogs': 30.74, 'gross_margin_percentage': 4.761904762, 'gross_income': 1.537, 'rating': 7.2}
[2024-12-04T09:56:49.846+0000] {csv_to_kafka_with_redis.py:84} INFO - Row data before serialization: {'id': '363bb96e-ff64-41f7-8794-3fff581bd677', 'invoice_id': '132-32-9879', 'branch': 'B', 'city': 'Mandalay', 'customer_type': 'Member', 'gender': 'Female', 'product_line': 'Electronic accessories', 'unit_price': 93.96, 'quantity': 4, 'tax_5_percent': 18.792, 'total': 394.632, 'date': '3/9/2019', 'time': '18:00', 'payment': 'Cash', 'cogs': 375.84, 'gross_margin_percentage': 4.761904762, 'gross_income': 18.792, 'rating': 9.5}
[2024-12-04T09:56:49.847+0000] {csv_to_kafka_with_redis.py:84} INFO - Row data before serialization: {'id': '9069cc99-4501-4cfc-a5c5-4af10a2f8fd7', 'invoice_id': '370-41-7321', 'branch': 'B', 'city': 'Mandalay', 'customer_type': 'Member', 'gender': 'Male', 'product_line': 'Health and beauty', 'unit_price': 56.69, 'quantity': 9, 'tax_5_percent': 25.5105, 'total': 535.7205, 'date': '2/27/2019', 'time': '17:24', 'payment': 'Credit card', 'cogs': 510.21, 'gross_margin_percentage': 4.761904762, 'gross_income': 25.5105, 'rating': 8.4}
[2024-12-04T09:56:49.848+0000] {csv_to_kafka_with_redis.py:84} INFO - Row data before serialization: {'id': '2b2c5989-4e34-43e0-9745-16580a30ea3d', 'invoice_id': '727-46-3608', 'branch': 'B', 'city': 'Mandalay', 'customer_type': 'Member', 'gender': 'Female', 'product_line': 'Food and beverages', 'unit_price': 20.01, 'quantity': 9, 'tax_5_percent': 9.0045, 'total': 189.0945, 'date': '2/6/2019', 'time': '15:47', 'payment': 'Ewallet', 'cogs': 180.09, 'gross_margin_percentage': 4.761904762, 'gross_income': 9.0045, 'rating': 4.1}
[2024-12-04T09:56:49.849+0000] {csv_to_kafka_with_redis.py:84} INFO - Row data before serialization: {'id': 'be2ab345-4aba-4bea-85f0-d97bf8bb5e61', 'invoice_id': '669-54-1719', 'branch': 'B', 'city': 'Mandalay', 'customer_type': 'Member', 'gender': 'Male', 'product_line': 'Electronic accessories', 'unit_price': 18.93, 'quantity': 6, 'tax_5_percent': 5.679, 'total': 119.259, 'date': '2/10/2019', 'time': '12:45', 'payment': 'Credit card', 'cogs': 113.58, 'gross_margin_percentage': 4.761904762, 'gross_income': 5.679, 'rating': 8.1}
[2024-12-04T09:56:49.850+0000] {csv_to_kafka_with_redis.py:84} INFO - Row data before serialization: {'id': '10944201-4039-4cf1-9082-3bd526340d40', 'invoice_id': '574-22-5561', 'branch': 'C', 'city': 'Naypyitaw', 'customer_type': 'Member', 'gender': 'Female', 'product_line': 'Fashion accessories', 'unit_price': 82.63, 'quantity': 10, 'tax_5_percent': 41.315, 'total': 867.615, 'date': '3/19/2019', 'time': '17:08', 'payment': 'Ewallet', 'cogs': 826.3, 'gross_margin_percentage': 4.761904762, 'gross_income': 41.315, 'rating': 7.9}
[2024-12-04T09:56:50.217+0000] {hive.py:475} INFO - USE `default`
[2024-12-04T09:56:50.579+0000] {csv_to_kafka_with_redis.py:94} INFO - Batch 1 envoyé à Kafka.
[2024-12-04T09:56:50.584+0000] {csv_to_kafka_with_redis.py:98} INFO - Redis batch status: READY
[2024-12-04T09:56:50.901+0000] {hive.py:475} INFO - 
    CREATE TABLE IF NOT EXISTS sales (
        id STRING,
        invoice_id STRING,
        branch STRING,
        city STRING,
        customer_type STRING,
        gender STRING,
        product_line STRING,
        unit_price FLOAT,
        quantity INT,
        tax_5_percent FLOAT,
        total FLOAT,
        `date` STRING,
        time STRING,
        payment STRING,
        cogs FLOAT,
        gross_margin_percentage FLOAT,
        gross_income FLOAT,
        rating FLOAT
    ) STORED AS ORC
    
[2024-12-04T09:56:51.043+0000] {kafka_to_hive_with_redis.py:72} INFO - Subscribed to topic 'topic-batch'
[2024-12-04T09:57:11.105+0000] {logging_mixin.py:190} WARNING - Exception in thread Thread-2 (consume_kafka_to_hive_with_redis):
[2024-12-04T09:57:11.106+0000] {logging_mixin.py:190} WARNING - Traceback (most recent call last):
[2024-12-04T09:57:11.108+0000] {logging_mixin.py:190} WARNING -   File "/usr/local/lib/python3.12/threading.py", line 1075, in _bootstrap_inner
[2024-12-04T09:57:11.109+0000] {logging_mixin.py:190} WARNING -     self.run()
[2024-12-04T09:57:11.110+0000] {logging_mixin.py:190} WARNING -   File "/usr/local/lib/python3.12/threading.py", line 1012, in run
[2024-12-04T09:57:11.111+0000] {logging_mixin.py:190} WARNING -     self._target(*self._args, **self._kwargs)
[2024-12-04T09:57:11.112+0000] {logging_mixin.py:190} WARNING -   File "/opt/airflow/dags/kafka_to_hive_with_redis.py", line 95, in consume_kafka_to_hive_with_redis
[2024-12-04T09:57:11.117+0000] {logging_mixin.py:190} WARNING -     print(msg.value())
[2024-12-04T09:57:11.120+0000] {logging_mixin.py:190} WARNING -           ^^^^^^^^^
[2024-12-04T09:57:11.122+0000] {logging_mixin.py:190} WARNING - AttributeError: 'NoneType' object has no attribute 'value'
[2024-12-04T09:57:30.103+0000] {local_task_job_runner.py:346} WARNING - State of this instance has been externally set to failed. Terminating instance.
[2024-12-04T09:57:30.105+0000] {local_task_job_runner.py:245} INFO - ::endgroup::
[2024-12-04T09:57:30.109+0000] {process_utils.py:132} INFO - Sending 15 to group 1141. PIDs of all processes in the group: [1141]
[2024-12-04T09:57:30.111+0000] {process_utils.py:87} INFO - Sending the signal 15 to group 1141
[2024-12-04T09:57:30.115+0000] {taskinstance.py:3093} ERROR - Received SIGTERM. Terminating subprocesses.
[2024-12-04T09:57:30.185+0000] {taskinstance.py:340} INFO - ::group::Post task execution logs
[2024-12-04T09:57:30.230+0000] {process_utils.py:80} INFO - Process psutil.Process(pid=1141, status='terminated', exitcode=0, started='09:56:48') (1141) terminated with exit code 0
