[2024-12-02T19:56:58.519+0000] {local_task_job_runner.py:123} INFO - ::group::Pre task execution logs
[2024-12-02T19:56:58.552+0000] {taskinstance.py:2613} INFO - Dependencies all met for dep_context=non-requeueable deps ti=<TaskInstance: kafka_hive_pipeline_threaded.sync_producer_and_consumer manual__2024-12-02T19:56:50.328313+00:00 [queued]>
[2024-12-02T19:56:58.578+0000] {taskinstance.py:2613} INFO - Dependencies all met for dep_context=requeueable deps ti=<TaskInstance: kafka_hive_pipeline_threaded.sync_producer_and_consumer manual__2024-12-02T19:56:50.328313+00:00 [queued]>
[2024-12-02T19:56:58.580+0000] {taskinstance.py:2866} INFO - Starting attempt 1 of 1
[2024-12-02T19:56:58.653+0000] {taskinstance.py:2889} INFO - Executing <Task(PythonOperator): sync_producer_and_consumer> on 2024-12-02 19:56:50.328313+00:00
[2024-12-02T19:56:58.665+0000] {logging_mixin.py:190} WARNING - /home/airflow/.local/lib/python3.12/site-packages/airflow/task/task_runner/standard_task_runner.py:70 DeprecationWarning: This process (pid=2915) is multi-threaded, use of fork() may lead to deadlocks in the child.
[2024-12-02T19:56:58.667+0000] {standard_task_runner.py:72} INFO - Started process 2929 to run task
[2024-12-02T19:56:58.665+0000] {standard_task_runner.py:104} INFO - Running: ['airflow', 'tasks', 'run', 'kafka_hive_pipeline_threaded', 'sync_producer_and_consumer', 'manual__2024-12-02T19:56:50.328313+00:00', '--job-id', '166', '--raw', '--subdir', 'DAGS_FOLDER/gestion_airflow.py', '--cfg-path', '/tmp/tmpa67n5q4b']
[2024-12-02T19:56:58.668+0000] {standard_task_runner.py:105} INFO - Job 166: Subtask sync_producer_and_consumer
[2024-12-02T19:56:58.845+0000] {task_command.py:467} INFO - Running <TaskInstance: kafka_hive_pipeline_threaded.sync_producer_and_consumer manual__2024-12-02T19:56:50.328313+00:00 [running]> on host 45770b1a429e
[2024-12-02T19:56:59.080+0000] {taskinstance.py:3132} INFO - Exporting env vars: AIRFLOW_CTX_DAG_OWNER='airflow' AIRFLOW_CTX_DAG_ID='kafka_hive_pipeline_threaded' AIRFLOW_CTX_TASK_ID='sync_producer_and_consumer' AIRFLOW_CTX_EXECUTION_DATE='2024-12-02T19:56:50.328313+00:00' AIRFLOW_CTX_TRY_NUMBER='1' AIRFLOW_CTX_DAG_RUN_ID='manual__2024-12-02T19:56:50.328313+00:00'
[2024-12-02T19:56:59.083+0000] {taskinstance.py:731} INFO - ::endgroup::
[2024-12-02T19:56:59.209+0000] {csv_to_kafka_with_redis.py:50} INFO - Loaded CSV Data:
    Invoice ID Branch       City  ... gross margin percentage gross income Rating
0  750-67-8428      A     Yangon  ...                4.761905      26.1415    9.1
1  226-31-3081      C  Naypyitaw  ...                4.761905       3.8200    9.6
2  631-41-3108      A     Yangon  ...                4.761905      16.2155    7.4
3  123-19-1176      A     Yangon  ...                4.761905      23.2880    8.4
4  373-73-7910      A     Yangon  ...                4.761905      30.2085    5.3

[5 rows x 17 columns]
[2024-12-02T19:56:59.213+0000] {csv_to_kafka_with_redis.py:84} INFO - Row data before serialization: {'id': '4198b8f8-6288-4346-a59a-d9c7a928ab9a', 'invoice_id': '750-67-8428', 'branch': 'A', 'city': 'Yangon', 'customer_type': 'Member', 'gender': 'Female', 'product_line': 'Health and beauty', 'unit_price': 74.69, 'quantity': 7, 'tax_5_percent': 26.1415, 'total': 548.9715, 'date': '1/5/2019', 'time': '13:08', 'payment': 'Ewallet', 'cogs': 522.83, 'gross_margin_percentage': 4.761904762, 'gross_income': 26.1415, 'rating': 9.1}
[2024-12-02T19:56:59.247+0000] {csv_to_kafka_with_redis.py:84} INFO - Row data before serialization: {'id': 'd31cfe97-e2cd-455b-9153-5e7c736f0eb0', 'invoice_id': '226-31-3081', 'branch': 'C', 'city': 'Naypyitaw', 'customer_type': 'Normal', 'gender': 'Female', 'product_line': 'Electronic accessories', 'unit_price': 15.28, 'quantity': 5, 'tax_5_percent': 3.82, 'total': 80.22, 'date': '3/8/2019', 'time': '10:29', 'payment': 'Cash', 'cogs': 76.4, 'gross_margin_percentage': 4.761904762, 'gross_income': 3.82, 'rating': 9.6}
[2024-12-02T19:56:59.252+0000] {csv_to_kafka_with_redis.py:84} INFO - Row data before serialization: {'id': 'f66b3e69-0058-47f3-b565-1804af2fffc1', 'invoice_id': '631-41-3108', 'branch': 'A', 'city': 'Yangon', 'customer_type': 'Normal', 'gender': 'Male', 'product_line': 'Home and lifestyle', 'unit_price': 46.33, 'quantity': 7, 'tax_5_percent': 16.2155, 'total': 340.5255, 'date': '3/3/2019', 'time': '13:23', 'payment': 'Credit card', 'cogs': 324.31, 'gross_margin_percentage': 4.761904762, 'gross_income': 16.2155, 'rating': 7.4}
[2024-12-02T19:56:59.255+0000] {csv_to_kafka_with_redis.py:84} INFO - Row data before serialization: {'id': '5a2763be-884e-48ef-840b-a62926805a29', 'invoice_id': '123-19-1176', 'branch': 'A', 'city': 'Yangon', 'customer_type': 'Member', 'gender': 'Male', 'product_line': 'Health and beauty', 'unit_price': 58.22, 'quantity': 8, 'tax_5_percent': 23.288, 'total': 489.048, 'date': '1/27/2019', 'time': '20:33', 'payment': 'Ewallet', 'cogs': 465.76, 'gross_margin_percentage': 4.761904762, 'gross_income': 23.288, 'rating': 8.4}
[2024-12-02T19:56:59.258+0000] {csv_to_kafka_with_redis.py:84} INFO - Row data before serialization: {'id': '951b6fd5-aafc-4551-b40a-68b64efc1336', 'invoice_id': '373-73-7910', 'branch': 'A', 'city': 'Yangon', 'customer_type': 'Normal', 'gender': 'Male', 'product_line': 'Sports and travel', 'unit_price': 86.31, 'quantity': 7, 'tax_5_percent': 30.2085, 'total': 634.3785, 'date': '2/8/2019', 'time': '10:37', 'payment': 'Ewallet', 'cogs': 604.17, 'gross_margin_percentage': 4.761904762, 'gross_income': 30.2085, 'rating': 5.3}
[2024-12-02T19:56:59.259+0000] {csv_to_kafka_with_redis.py:84} INFO - Row data before serialization: {'id': '1a4e4327-f81f-4a13-be9d-ba3e26313cd7', 'invoice_id': '699-14-3026', 'branch': 'C', 'city': 'Naypyitaw', 'customer_type': 'Normal', 'gender': 'Male', 'product_line': 'Electronic accessories', 'unit_price': 85.39, 'quantity': 7, 'tax_5_percent': 29.8865, 'total': 627.6165, 'date': '3/25/2019', 'time': '18:30', 'payment': 'Ewallet', 'cogs': 597.73, 'gross_margin_percentage': 4.761904762, 'gross_income': 29.8865, 'rating': 4.1}
[2024-12-02T19:56:59.261+0000] {csv_to_kafka_with_redis.py:84} INFO - Row data before serialization: {'id': '3a2864e8-27f2-4c47-b8a0-8e97e5566f25', 'invoice_id': '355-53-5943', 'branch': 'A', 'city': 'Yangon', 'customer_type': 'Member', 'gender': 'Female', 'product_line': 'Electronic accessories', 'unit_price': 68.84, 'quantity': 6, 'tax_5_percent': 20.652, 'total': 433.692, 'date': '2/25/2019', 'time': '14:36', 'payment': 'Ewallet', 'cogs': 413.04, 'gross_margin_percentage': 4.761904762, 'gross_income': 20.652, 'rating': 5.8}
[2024-12-02T19:56:59.264+0000] {csv_to_kafka_with_redis.py:84} INFO - Row data before serialization: {'id': '97643153-e0b8-4b45-8f1b-aab069a7ea41', 'invoice_id': '315-22-5665', 'branch': 'C', 'city': 'Naypyitaw', 'customer_type': 'Normal', 'gender': 'Female', 'product_line': 'Home and lifestyle', 'unit_price': 73.56, 'quantity': 10, 'tax_5_percent': 36.78, 'total': 772.38, 'date': '2/24/2019', 'time': '11:38', 'payment': 'Ewallet', 'cogs': 735.6, 'gross_margin_percentage': 4.761904762, 'gross_income': 36.78, 'rating': 8.0}
[2024-12-02T19:56:59.266+0000] {csv_to_kafka_with_redis.py:84} INFO - Row data before serialization: {'id': '41d1af59-74a8-4ee8-ae3e-e0a8717144c9', 'invoice_id': '665-32-9167', 'branch': 'A', 'city': 'Yangon', 'customer_type': 'Member', 'gender': 'Female', 'product_line': 'Health and beauty', 'unit_price': 36.26, 'quantity': 2, 'tax_5_percent': 3.626, 'total': 76.146, 'date': '1/10/2019', 'time': '17:15', 'payment': 'Credit card', 'cogs': 72.52, 'gross_margin_percentage': 4.761904762, 'gross_income': 3.626, 'rating': 7.2}
[2024-12-02T19:56:59.267+0000] {csv_to_kafka_with_redis.py:84} INFO - Row data before serialization: {'id': 'd09373f2-1379-4c9d-a6aa-17193b58478a', 'invoice_id': '692-92-5582', 'branch': 'B', 'city': 'Mandalay', 'customer_type': 'Member', 'gender': 'Female', 'product_line': 'Food and beverages', 'unit_price': 54.84, 'quantity': 3, 'tax_5_percent': 8.226, 'total': 172.746, 'date': '2/20/2019', 'time': '13:27', 'payment': 'Credit card', 'cogs': 164.52, 'gross_margin_percentage': 4.761904762, 'gross_income': 8.226, 'rating': 5.9}
[2024-12-02T19:56:59.270+0000] {csv_to_kafka_with_redis.py:84} INFO - Row data before serialization: {'id': '1f851104-6cd8-4089-b0d2-6abd457b80fe', 'invoice_id': '351-62-0822', 'branch': 'B', 'city': 'Mandalay', 'customer_type': 'Member', 'gender': 'Female', 'product_line': 'Fashion accessories', 'unit_price': 14.48, 'quantity': 4, 'tax_5_percent': 2.896, 'total': 60.816, 'date': '2/6/2019', 'time': '18:07', 'payment': 'Ewallet', 'cogs': 57.92, 'gross_margin_percentage': 4.761904762, 'gross_income': 2.896, 'rating': 4.5}
[2024-12-02T19:56:59.272+0000] {csv_to_kafka_with_redis.py:84} INFO - Row data before serialization: {'id': 'eb51c4bd-9a11-487a-9647-c9de9d80a0ad', 'invoice_id': '529-56-3974', 'branch': 'B', 'city': 'Mandalay', 'customer_type': 'Member', 'gender': 'Male', 'product_line': 'Electronic accessories', 'unit_price': 25.51, 'quantity': 4, 'tax_5_percent': 5.102, 'total': 107.142, 'date': '3/9/2019', 'time': '17:03', 'payment': 'Cash', 'cogs': 102.04, 'gross_margin_percentage': 4.761904762, 'gross_income': 5.102, 'rating': 6.8}
[2024-12-02T19:56:59.274+0000] {csv_to_kafka_with_redis.py:84} INFO - Row data before serialization: {'id': 'dd597ce6-3cac-45c3-856d-364034af8e15', 'invoice_id': '365-64-0515', 'branch': 'A', 'city': 'Yangon', 'customer_type': 'Normal', 'gender': 'Female', 'product_line': 'Electronic accessories', 'unit_price': 46.95, 'quantity': 5, 'tax_5_percent': 11.7375, 'total': 246.4875, 'date': '2/12/2019', 'time': '10:25', 'payment': 'Ewallet', 'cogs': 234.75, 'gross_margin_percentage': 4.761904762, 'gross_income': 11.7375, 'rating': 7.1}
[2024-12-02T19:56:59.276+0000] {csv_to_kafka_with_redis.py:84} INFO - Row data before serialization: {'id': '5f253b4a-d7e0-432d-a237-5964467272e8', 'invoice_id': '252-56-2699', 'branch': 'A', 'city': 'Yangon', 'customer_type': 'Normal', 'gender': 'Male', 'product_line': 'Food and beverages', 'unit_price': 43.19, 'quantity': 10, 'tax_5_percent': 21.595, 'total': 453.495, 'date': '2/7/2019', 'time': '16:48', 'payment': 'Ewallet', 'cogs': 431.9, 'gross_margin_percentage': 4.761904762, 'gross_income': 21.595, 'rating': 8.2}
[2024-12-02T19:56:59.279+0000] {csv_to_kafka_with_redis.py:84} INFO - Row data before serialization: {'id': '717b4605-dd8d-4d2a-8f77-c1226e3a46ce', 'invoice_id': '829-34-3910', 'branch': 'A', 'city': 'Yangon', 'customer_type': 'Normal', 'gender': 'Female', 'product_line': 'Health and beauty', 'unit_price': 71.38, 'quantity': 10, 'tax_5_percent': 35.69, 'total': 749.49, 'date': '3/29/2019', 'time': '19:21', 'payment': 'Cash', 'cogs': 713.8, 'gross_margin_percentage': 4.761904762, 'gross_income': 35.69, 'rating': 5.7}
[2024-12-02T19:56:59.282+0000] {csv_to_kafka_with_redis.py:84} INFO - Row data before serialization: {'id': '18941987-8bf4-4363-b6b3-75d8a7746b88', 'invoice_id': '299-46-1805', 'branch': 'B', 'city': 'Mandalay', 'customer_type': 'Member', 'gender': 'Female', 'product_line': 'Sports and travel', 'unit_price': 93.72, 'quantity': 6, 'tax_5_percent': 28.116, 'total': 590.436, 'date': '1/15/2019', 'time': '16:19', 'payment': 'Cash', 'cogs': 562.32, 'gross_margin_percentage': 4.761904762, 'gross_income': 28.116, 'rating': 4.5}
[2024-12-02T19:56:59.283+0000] {csv_to_kafka_with_redis.py:84} INFO - Row data before serialization: {'id': '93d5fb6b-23dd-4822-a2c5-05799e37d7ef', 'invoice_id': '656-95-9349', 'branch': 'A', 'city': 'Yangon', 'customer_type': 'Member', 'gender': 'Female', 'product_line': 'Health and beauty', 'unit_price': 68.93, 'quantity': 7, 'tax_5_percent': 24.1255, 'total': 506.6355, 'date': '3/11/2019', 'time': '11:03', 'payment': 'Credit card', 'cogs': 482.51, 'gross_margin_percentage': 4.761904762, 'gross_income': 24.1255, 'rating': 4.6}
[2024-12-02T19:56:59.285+0000] {csv_to_kafka_with_redis.py:84} INFO - Row data before serialization: {'id': 'bb36d230-648d-473f-852c-f1741d25827a', 'invoice_id': '765-26-6951', 'branch': 'A', 'city': 'Yangon', 'customer_type': 'Normal', 'gender': 'Male', 'product_line': 'Sports and travel', 'unit_price': 72.61, 'quantity': 6, 'tax_5_percent': 21.783, 'total': 457.443, 'date': '1/1/2019', 'time': '10:39', 'payment': 'Credit card', 'cogs': 435.66, 'gross_margin_percentage': 4.761904762, 'gross_income': 21.783, 'rating': 6.9}
[2024-12-02T19:56:59.287+0000] {csv_to_kafka_with_redis.py:84} INFO - Row data before serialization: {'id': 'c486a26d-af5e-4dc9-9256-25c76c1dd4bb', 'invoice_id': '329-62-1586', 'branch': 'A', 'city': 'Yangon', 'customer_type': 'Normal', 'gender': 'Male', 'product_line': 'Food and beverages', 'unit_price': 54.67, 'quantity': 3, 'tax_5_percent': 8.2005, 'total': 172.2105, 'date': '1/21/2019', 'time': '18:00', 'payment': 'Credit card', 'cogs': 164.01, 'gross_margin_percentage': 4.761904762, 'gross_income': 8.2005, 'rating': 8.6}
[2024-12-02T19:56:59.289+0000] {csv_to_kafka_with_redis.py:84} INFO - Row data before serialization: {'id': 'a75be94f-8d40-4840-a655-e2bb93c735d0', 'invoice_id': '319-50-3348', 'branch': 'B', 'city': 'Mandalay', 'customer_type': 'Normal', 'gender': 'Female', 'product_line': 'Home and lifestyle', 'unit_price': 40.3, 'quantity': 2, 'tax_5_percent': 4.03, 'total': 84.63, 'date': '3/11/2019', 'time': '15:30', 'payment': 'Ewallet', 'cogs': 80.6, 'gross_margin_percentage': 4.761904762, 'gross_income': 4.03, 'rating': 4.4}
[2024-12-02T19:56:59.291+0000] {csv_to_kafka_with_redis.py:84} INFO - Row data before serialization: {'id': '61580596-8512-4c38-8880-c136e07d11e5', 'invoice_id': '300-71-4605', 'branch': 'C', 'city': 'Naypyitaw', 'customer_type': 'Member', 'gender': 'Male', 'product_line': 'Electronic accessories', 'unit_price': 86.04, 'quantity': 5, 'tax_5_percent': 21.51, 'total': 451.71, 'date': '2/25/2019', 'time': '11:24', 'payment': 'Ewallet', 'cogs': 430.2, 'gross_margin_percentage': 4.761904762, 'gross_income': 21.51, 'rating': 4.8}
[2024-12-02T19:56:59.293+0000] {csv_to_kafka_with_redis.py:84} INFO - Row data before serialization: {'id': 'acbb8a15-6611-41b5-b3eb-9922027b5be2', 'invoice_id': '371-85-5789', 'branch': 'B', 'city': 'Mandalay', 'customer_type': 'Normal', 'gender': 'Male', 'product_line': 'Health and beauty', 'unit_price': 87.98, 'quantity': 3, 'tax_5_percent': 13.197, 'total': 277.137, 'date': '3/5/2019', 'time': '10:40', 'payment': 'Ewallet', 'cogs': 263.94, 'gross_margin_percentage': 4.761904762, 'gross_income': 13.197, 'rating': 5.1}
[2024-12-02T19:56:59.295+0000] {csv_to_kafka_with_redis.py:84} INFO - Row data before serialization: {'id': 'f563e941-f0c9-4d40-9a2d-879c419954c9', 'invoice_id': '273-16-6619', 'branch': 'B', 'city': 'Mandalay', 'customer_type': 'Normal', 'gender': 'Male', 'product_line': 'Home and lifestyle', 'unit_price': 33.2, 'quantity': 2, 'tax_5_percent': 3.32, 'total': 69.72, 'date': '3/15/2019', 'time': '12:20', 'payment': 'Credit card', 'cogs': 66.4, 'gross_margin_percentage': 4.761904762, 'gross_income': 3.32, 'rating': 4.4}
[2024-12-02T19:56:59.296+0000] {csv_to_kafka_with_redis.py:84} INFO - Row data before serialization: {'id': 'efcebf3c-6b3f-4416-84ca-4cc705995269', 'invoice_id': '636-48-8204', 'branch': 'A', 'city': 'Yangon', 'customer_type': 'Normal', 'gender': 'Male', 'product_line': 'Electronic accessories', 'unit_price': 34.56, 'quantity': 5, 'tax_5_percent': 8.64, 'total': 181.44, 'date': '2/17/2019', 'time': '11:15', 'payment': 'Ewallet', 'cogs': 172.8, 'gross_margin_percentage': 4.761904762, 'gross_income': 8.64, 'rating': 9.9}
[2024-12-02T19:56:59.298+0000] {csv_to_kafka_with_redis.py:84} INFO - Row data before serialization: {'id': '50d3cc2b-0d9d-4418-a79f-cdd378d7416e', 'invoice_id': '549-59-1358', 'branch': 'A', 'city': 'Yangon', 'customer_type': 'Member', 'gender': 'Male', 'product_line': 'Sports and travel', 'unit_price': 88.63, 'quantity': 3, 'tax_5_percent': 13.2945, 'total': 279.1845, 'date': '3/2/2019', 'time': '17:36', 'payment': 'Ewallet', 'cogs': 265.89, 'gross_margin_percentage': 4.761904762, 'gross_income': 13.2945, 'rating': 6.0}
[2024-12-02T19:56:59.299+0000] {csv_to_kafka_with_redis.py:84} INFO - Row data before serialization: {'id': '66a0f0ee-d9eb-41f9-b5e8-7ba87c66bc84', 'invoice_id': '227-03-5010', 'branch': 'A', 'city': 'Yangon', 'customer_type': 'Member', 'gender': 'Female', 'product_line': 'Home and lifestyle', 'unit_price': 52.59, 'quantity': 8, 'tax_5_percent': 21.036, 'total': 441.756, 'date': '3/22/2019', 'time': '19:20', 'payment': 'Credit card', 'cogs': 420.72, 'gross_margin_percentage': 4.761904762, 'gross_income': 21.036, 'rating': 8.5}
[2024-12-02T19:56:59.301+0000] {csv_to_kafka_with_redis.py:84} INFO - Row data before serialization: {'id': '68bcb9b7-d3a6-44e6-a53c-ee65eeb9f526', 'invoice_id': '649-29-6775', 'branch': 'B', 'city': 'Mandalay', 'customer_type': 'Normal', 'gender': 'Male', 'product_line': 'Fashion accessories', 'unit_price': 33.52, 'quantity': 1, 'tax_5_percent': 1.676, 'total': 35.196, 'date': '2/8/2019', 'time': '15:31', 'payment': 'Cash', 'cogs': 33.52, 'gross_margin_percentage': 4.761904762, 'gross_income': 1.676, 'rating': 6.7}
[2024-12-02T19:56:59.302+0000] {csv_to_kafka_with_redis.py:84} INFO - Row data before serialization: {'id': '04cba31c-9fd4-4c13-a6bc-c6a2d0e60ce7', 'invoice_id': '189-17-4241', 'branch': 'A', 'city': 'Yangon', 'customer_type': 'Normal', 'gender': 'Female', 'product_line': 'Fashion accessories', 'unit_price': 87.67, 'quantity': 2, 'tax_5_percent': 8.767, 'total': 184.107, 'date': '3/10/2019', 'time': '12:17', 'payment': 'Credit card', 'cogs': 175.34, 'gross_margin_percentage': 4.761904762, 'gross_income': 8.767, 'rating': 7.7}
[2024-12-02T19:56:59.304+0000] {csv_to_kafka_with_redis.py:84} INFO - Row data before serialization: {'id': 'e44dfefd-5705-46f6-905b-d5c3f6c34fc6', 'invoice_id': '145-94-9061', 'branch': 'B', 'city': 'Mandalay', 'customer_type': 'Normal', 'gender': 'Female', 'product_line': 'Food and beverages', 'unit_price': 88.36, 'quantity': 5, 'tax_5_percent': 22.09, 'total': 463.89, 'date': '1/25/2019', 'time': '19:48', 'payment': 'Cash', 'cogs': 441.8, 'gross_margin_percentage': 4.761904762, 'gross_income': 22.09, 'rating': 9.6}
[2024-12-02T19:56:59.305+0000] {csv_to_kafka_with_redis.py:84} INFO - Row data before serialization: {'id': 'fa5894c4-be39-400d-b096-18557f4ce62f', 'invoice_id': '848-62-7243', 'branch': 'A', 'city': 'Yangon', 'customer_type': 'Normal', 'gender': 'Male', 'product_line': 'Health and beauty', 'unit_price': 24.89, 'quantity': 9, 'tax_5_percent': 11.2005, 'total': 235.2105, 'date': '3/15/2019', 'time': '15:36', 'payment': 'Cash', 'cogs': 224.01, 'gross_margin_percentage': 4.761904762, 'gross_income': 11.2005, 'rating': 7.4}
[2024-12-02T19:56:59.307+0000] {csv_to_kafka_with_redis.py:84} INFO - Row data before serialization: {'id': '8583a73e-e335-4c91-af2f-2abd8f90f4ff', 'invoice_id': '871-79-8483', 'branch': 'B', 'city': 'Mandalay', 'customer_type': 'Normal', 'gender': 'Male', 'product_line': 'Fashion accessories', 'unit_price': 94.13, 'quantity': 5, 'tax_5_percent': 23.5325, 'total': 494.1825, 'date': '2/25/2019', 'time': '19:39', 'payment': 'Credit card', 'cogs': 470.65, 'gross_margin_percentage': 4.761904762, 'gross_income': 23.5325, 'rating': 4.8}
[2024-12-02T19:56:59.308+0000] {csv_to_kafka_with_redis.py:84} INFO - Row data before serialization: {'id': '099fd36e-ea50-4a48-8d4a-40e1d6ca7715', 'invoice_id': '149-71-6266', 'branch': 'B', 'city': 'Mandalay', 'customer_type': 'Member', 'gender': 'Male', 'product_line': 'Sports and travel', 'unit_price': 78.07, 'quantity': 9, 'tax_5_percent': 35.1315, 'total': 737.7615, 'date': '1/28/2019', 'time': '12:43', 'payment': 'Cash', 'cogs': 702.63, 'gross_margin_percentage': 4.761904762, 'gross_income': 35.1315, 'rating': 4.5}
[2024-12-02T19:56:59.310+0000] {csv_to_kafka_with_redis.py:84} INFO - Row data before serialization: {'id': 'e90ea0a2-de0a-41ee-8a60-bbd9621c0ec1', 'invoice_id': '640-49-2076', 'branch': 'B', 'city': 'Mandalay', 'customer_type': 'Normal', 'gender': 'Male', 'product_line': 'Sports and travel', 'unit_price': 83.78, 'quantity': 8, 'tax_5_percent': 33.512, 'total': 703.752, 'date': '1/10/2019', 'time': '14:49', 'payment': 'Cash', 'cogs': 670.24, 'gross_margin_percentage': 4.761904762, 'gross_income': 33.512, 'rating': 5.1}
[2024-12-02T19:56:59.311+0000] {csv_to_kafka_with_redis.py:84} INFO - Row data before serialization: {'id': 'b081d1f5-be84-4bb5-abe1-f2b1f06e2906', 'invoice_id': '595-11-5460', 'branch': 'A', 'city': 'Yangon', 'customer_type': 'Normal', 'gender': 'Male', 'product_line': 'Health and beauty', 'unit_price': 96.58, 'quantity': 2, 'tax_5_percent': 9.658, 'total': 202.818, 'date': '3/15/2019', 'time': '10:12', 'payment': 'Credit card', 'cogs': 193.16, 'gross_margin_percentage': 4.761904762, 'gross_income': 9.658, 'rating': 5.1}
[2024-12-02T19:56:59.313+0000] {csv_to_kafka_with_redis.py:84} INFO - Row data before serialization: {'id': 'a409c6a7-060d-4a1b-aaa5-ec0986290aa9', 'invoice_id': '183-56-6882', 'branch': 'C', 'city': 'Naypyitaw', 'customer_type': 'Member', 'gender': 'Female', 'product_line': 'Food and beverages', 'unit_price': 99.42, 'quantity': 4, 'tax_5_percent': 19.884, 'total': 417.564, 'date': '2/6/2019', 'time': '10:42', 'payment': 'Ewallet', 'cogs': 397.68, 'gross_margin_percentage': 4.761904762, 'gross_income': 19.884, 'rating': 7.5}
[2024-12-02T19:56:59.314+0000] {csv_to_kafka_with_redis.py:84} INFO - Row data before serialization: {'id': 'd5c750cd-7a89-4a3f-abfc-b24d8d8fa2bb', 'invoice_id': '232-16-2483', 'branch': 'C', 'city': 'Naypyitaw', 'customer_type': 'Member', 'gender': 'Female', 'product_line': 'Sports and travel', 'unit_price': 68.12, 'quantity': 1, 'tax_5_percent': 3.406, 'total': 71.526, 'date': '1/7/2019', 'time': '12:28', 'payment': 'Ewallet', 'cogs': 68.12, 'gross_margin_percentage': 4.761904762, 'gross_income': 3.406, 'rating': 6.8}
[2024-12-02T19:56:59.315+0000] {csv_to_kafka_with_redis.py:84} INFO - Row data before serialization: {'id': '94a37a87-2fce-4f04-ac66-5afe09e7ed55', 'invoice_id': '129-29-8530', 'branch': 'A', 'city': 'Yangon', 'customer_type': 'Member', 'gender': 'Male', 'product_line': 'Sports and travel', 'unit_price': 62.62, 'quantity': 5, 'tax_5_percent': 15.655, 'total': 328.755, 'date': '3/10/2019', 'time': '19:15', 'payment': 'Ewallet', 'cogs': 313.1, 'gross_margin_percentage': 4.761904762, 'gross_income': 15.655, 'rating': 7.0}
[2024-12-02T19:56:59.316+0000] {csv_to_kafka_with_redis.py:84} INFO - Row data before serialization: {'id': '01e3caf5-3706-4815-975f-d0558a8eb6ea', 'invoice_id': '272-65-1806', 'branch': 'A', 'city': 'Yangon', 'customer_type': 'Normal', 'gender': 'Female', 'product_line': 'Electronic accessories', 'unit_price': 60.88, 'quantity': 9, 'tax_5_percent': 27.396, 'total': 575.316, 'date': '1/15/2019', 'time': '17:17', 'payment': 'Ewallet', 'cogs': 547.92, 'gross_margin_percentage': 4.761904762, 'gross_income': 27.396, 'rating': 4.7}
[2024-12-02T19:56:59.318+0000] {csv_to_kafka_with_redis.py:84} INFO - Row data before serialization: {'id': '4ad36bea-e9bd-42f6-be08-f0de9b2d943b', 'invoice_id': '333-73-7901', 'branch': 'C', 'city': 'Naypyitaw', 'customer_type': 'Normal', 'gender': 'Female', 'product_line': 'Health and beauty', 'unit_price': 54.92, 'quantity': 8, 'tax_5_percent': 21.968, 'total': 461.328, 'date': '3/23/2019', 'time': '13:24', 'payment': 'Ewallet', 'cogs': 439.36, 'gross_margin_percentage': 4.761904762, 'gross_income': 21.968, 'rating': 7.6}
[2024-12-02T19:56:59.319+0000] {csv_to_kafka_with_redis.py:84} INFO - Row data before serialization: {'id': '53f16ba0-583d-4671-9621-1a813e7f74da', 'invoice_id': '777-82-7220', 'branch': 'B', 'city': 'Mandalay', 'customer_type': 'Member', 'gender': 'Male', 'product_line': 'Home and lifestyle', 'unit_price': 30.12, 'quantity': 8, 'tax_5_percent': 12.048, 'total': 253.008, 'date': '3/3/2019', 'time': '13:01', 'payment': 'Cash', 'cogs': 240.96, 'gross_margin_percentage': 4.761904762, 'gross_income': 12.048, 'rating': 7.7}
[2024-12-02T19:56:59.321+0000] {csv_to_kafka_with_redis.py:84} INFO - Row data before serialization: {'id': 'f4948661-af35-4c91-90c6-007a3a9a46cb', 'invoice_id': '280-35-5823', 'branch': 'B', 'city': 'Mandalay', 'customer_type': 'Member', 'gender': 'Female', 'product_line': 'Home and lifestyle', 'unit_price': 86.72, 'quantity': 1, 'tax_5_percent': 4.336, 'total': 91.056, 'date': '1/17/2019', 'time': '18:45', 'payment': 'Ewallet', 'cogs': 86.72, 'gross_margin_percentage': 4.761904762, 'gross_income': 4.336, 'rating': 7.9}
[2024-12-02T19:56:59.323+0000] {csv_to_kafka_with_redis.py:84} INFO - Row data before serialization: {'id': 'db59174d-58af-4850-a22e-0462cf4c00d3', 'invoice_id': '554-53-8700', 'branch': 'C', 'city': 'Naypyitaw', 'customer_type': 'Member', 'gender': 'Male', 'product_line': 'Home and lifestyle', 'unit_price': 56.11, 'quantity': 2, 'tax_5_percent': 5.611, 'total': 117.831, 'date': '2/2/2019', 'time': '10:11', 'payment': 'Cash', 'cogs': 112.22, 'gross_margin_percentage': 4.761904762, 'gross_income': 5.611, 'rating': 6.3}
[2024-12-02T19:56:59.324+0000] {csv_to_kafka_with_redis.py:84} INFO - Row data before serialization: {'id': '83cd434f-d586-4eb2-8d71-0162261cfcf8', 'invoice_id': '354-25-5821', 'branch': 'B', 'city': 'Mandalay', 'customer_type': 'Member', 'gender': 'Female', 'product_line': 'Sports and travel', 'unit_price': 69.12, 'quantity': 6, 'tax_5_percent': 20.736, 'total': 435.456, 'date': '2/8/2019', 'time': '13:03', 'payment': 'Cash', 'cogs': 414.72, 'gross_margin_percentage': 4.761904762, 'gross_income': 20.736, 'rating': 5.6}
[2024-12-02T19:56:59.325+0000] {csv_to_kafka_with_redis.py:84} INFO - Row data before serialization: {'id': 'fcc08964-127d-43d0-8619-b1034781761e', 'invoice_id': '228-96-1411', 'branch': 'C', 'city': 'Naypyitaw', 'customer_type': 'Member', 'gender': 'Female', 'product_line': 'Food and beverages', 'unit_price': 98.7, 'quantity': 8, 'tax_5_percent': 39.48, 'total': 829.08, 'date': '3/4/2019', 'time': '20:39', 'payment': 'Cash', 'cogs': 789.6, 'gross_margin_percentage': 4.761904762, 'gross_income': 39.48, 'rating': 7.6}
[2024-12-02T19:56:59.327+0000] {csv_to_kafka_with_redis.py:84} INFO - Row data before serialization: {'id': '7eb36461-05c1-4b49-9d61-0b968f14e88e', 'invoice_id': '617-15-4209', 'branch': 'C', 'city': 'Naypyitaw', 'customer_type': 'Member', 'gender': 'Male', 'product_line': 'Health and beauty', 'unit_price': 15.37, 'quantity': 2, 'tax_5_percent': 1.537, 'total': 32.277, 'date': '3/16/2019', 'time': '19:47', 'payment': 'Cash', 'cogs': 30.74, 'gross_margin_percentage': 4.761904762, 'gross_income': 1.537, 'rating': 7.2}
[2024-12-02T19:56:59.328+0000] {csv_to_kafka_with_redis.py:84} INFO - Row data before serialization: {'id': 'd38edb52-c574-42d6-901c-07a6554af8eb', 'invoice_id': '132-32-9879', 'branch': 'B', 'city': 'Mandalay', 'customer_type': 'Member', 'gender': 'Female', 'product_line': 'Electronic accessories', 'unit_price': 93.96, 'quantity': 4, 'tax_5_percent': 18.792, 'total': 394.632, 'date': '3/9/2019', 'time': '18:00', 'payment': 'Cash', 'cogs': 375.84, 'gross_margin_percentage': 4.761904762, 'gross_income': 18.792, 'rating': 9.5}
[2024-12-02T19:56:59.329+0000] {csv_to_kafka_with_redis.py:84} INFO - Row data before serialization: {'id': '1126e937-8c3c-4dc5-8ffc-a3e7f9b0b22d', 'invoice_id': '370-41-7321', 'branch': 'B', 'city': 'Mandalay', 'customer_type': 'Member', 'gender': 'Male', 'product_line': 'Health and beauty', 'unit_price': 56.69, 'quantity': 9, 'tax_5_percent': 25.5105, 'total': 535.7205, 'date': '2/27/2019', 'time': '17:24', 'payment': 'Credit card', 'cogs': 510.21, 'gross_margin_percentage': 4.761904762, 'gross_income': 25.5105, 'rating': 8.4}
[2024-12-02T19:56:59.330+0000] {csv_to_kafka_with_redis.py:84} INFO - Row data before serialization: {'id': 'ef26aacd-eb11-4297-9e6f-d817b7cdccbf', 'invoice_id': '727-46-3608', 'branch': 'B', 'city': 'Mandalay', 'customer_type': 'Member', 'gender': 'Female', 'product_line': 'Food and beverages', 'unit_price': 20.01, 'quantity': 9, 'tax_5_percent': 9.0045, 'total': 189.0945, 'date': '2/6/2019', 'time': '15:47', 'payment': 'Ewallet', 'cogs': 180.09, 'gross_margin_percentage': 4.761904762, 'gross_income': 9.0045, 'rating': 4.1}
[2024-12-02T19:56:59.331+0000] {csv_to_kafka_with_redis.py:84} INFO - Row data before serialization: {'id': '05f744c2-9279-4e69-8bb9-7ebb12ba42c7', 'invoice_id': '669-54-1719', 'branch': 'B', 'city': 'Mandalay', 'customer_type': 'Member', 'gender': 'Male', 'product_line': 'Electronic accessories', 'unit_price': 18.93, 'quantity': 6, 'tax_5_percent': 5.679, 'total': 119.259, 'date': '2/10/2019', 'time': '12:45', 'payment': 'Credit card', 'cogs': 113.58, 'gross_margin_percentage': 4.761904762, 'gross_income': 5.679, 'rating': 8.1}
[2024-12-02T19:56:59.333+0000] {csv_to_kafka_with_redis.py:84} INFO - Row data before serialization: {'id': 'e49b44a9-8838-4b53-a4aa-a0b9c9d9f254', 'invoice_id': '574-22-5561', 'branch': 'C', 'city': 'Naypyitaw', 'customer_type': 'Member', 'gender': 'Female', 'product_line': 'Fashion accessories', 'unit_price': 82.63, 'quantity': 10, 'tax_5_percent': 41.315, 'total': 867.615, 'date': '3/19/2019', 'time': '17:08', 'payment': 'Ewallet', 'cogs': 826.3, 'gross_margin_percentage': 4.761904762, 'gross_income': 41.315, 'rating': 7.9}
[2024-12-02T19:56:59.505+0000] {hive.py:475} INFO - USE `default`
[2024-12-02T19:56:59.762+0000] {hive.py:475} INFO - 
    CREATE TABLE IF NOT EXISTS sales (
        id STRING,
        invoice_id STRING,
        branch STRING,
        city STRING,
        customer_type STRING,
        gender STRING,
        product_line STRING,
        unit_price FLOAT,
        quantity INT,
        tax_5_percent FLOAT,
        total FLOAT,
        `date` STRING,
        time STRING,
        payment STRING,
        cogs FLOAT,
        gross_margin_percentage FLOAT,
        gross_income FLOAT,
        rating FLOAT
    ) STORED AS ORC
    
[2024-12-02T19:56:59.814+0000] {kafka_to_hive_with_redis.py:71} INFO - Subscribed to topic 'topic-batch'
[2024-12-02T19:56:59.844+0000] {logging_mixin.py:190} WARNING - Exception in thread Thread-2 (consume_kafka_to_hive_with_redis):
[2024-12-02T19:56:59.846+0000] {logging_mixin.py:190} WARNING - Traceback (most recent call last):
[2024-12-02T19:56:59.846+0000] {logging_mixin.py:190} WARNING -   File "/usr/local/lib/python3.12/threading.py", line 1075, in _bootstrap_inner
[2024-12-02T19:56:59.848+0000] {logging_mixin.py:190} WARNING -     self.run()
[2024-12-02T19:56:59.849+0000] {logging_mixin.py:190} WARNING -   File "/usr/local/lib/python3.12/threading.py", line 1012, in run
[2024-12-02T19:56:59.850+0000] {logging_mixin.py:190} WARNING -     self._target(*self._args, **self._kwargs)
[2024-12-02T19:56:59.851+0000] {logging_mixin.py:190} WARNING -   File "/opt/airflow/dags/kafka_to_hive_with_redis.py", line 91, in consume_kafka_to_hive_with_redis
[2024-12-02T19:56:59.858+0000] {logging_mixin.py:190} WARNING -     raise KafkaException(msg.error())
[2024-12-02T19:56:59.859+0000] {logging_mixin.py:190} WARNING - cimpl.KafkaException: KafkaError{code=UNKNOWN_TOPIC_OR_PART,val=3,str="Subscribed topic not available: topic-batch: Broker: Unknown topic or partition"}
[2024-12-02T19:57:01.122+0000] {csv_to_kafka_with_redis.py:94} INFO - Batch 1 envoyé à Kafka.
[2024-12-02T19:57:01.126+0000] {csv_to_kafka_with_redis.py:98} INFO - Redis batch status: READY
[2024-12-02T19:57:01.127+0000] {csv_to_kafka_with_redis.py:102} INFO - En attente du consommateur...
[2024-12-02T19:57:02.129+0000] {csv_to_kafka_with_redis.py:102} INFO - En attente du consommateur...
[2024-12-02T19:57:03.131+0000] {csv_to_kafka_with_redis.py:102} INFO - En attente du consommateur...
[2024-12-02T19:57:04.132+0000] {csv_to_kafka_with_redis.py:102} INFO - En attente du consommateur...
[2024-12-02T19:57:05.134+0000] {csv_to_kafka_with_redis.py:102} INFO - En attente du consommateur...
[2024-12-02T19:57:06.136+0000] {csv_to_kafka_with_redis.py:102} INFO - En attente du consommateur...
[2024-12-02T19:57:07.135+0000] {csv_to_kafka_with_redis.py:102} INFO - En attente du consommateur...
[2024-12-02T19:57:08.136+0000] {csv_to_kafka_with_redis.py:102} INFO - En attente du consommateur...
[2024-12-02T19:57:09.138+0000] {csv_to_kafka_with_redis.py:102} INFO - En attente du consommateur...
[2024-12-02T19:57:10.139+0000] {csv_to_kafka_with_redis.py:102} INFO - En attente du consommateur...
[2024-12-02T19:57:11.141+0000] {csv_to_kafka_with_redis.py:102} INFO - En attente du consommateur...
[2024-12-02T19:57:12.143+0000] {csv_to_kafka_with_redis.py:102} INFO - En attente du consommateur...
[2024-12-02T19:57:13.145+0000] {csv_to_kafka_with_redis.py:102} INFO - En attente du consommateur...
[2024-12-02T19:57:14.146+0000] {csv_to_kafka_with_redis.py:102} INFO - En attente du consommateur...
[2024-12-02T19:57:15.148+0000] {csv_to_kafka_with_redis.py:102} INFO - En attente du consommateur...
[2024-12-02T19:57:16.149+0000] {csv_to_kafka_with_redis.py:102} INFO - En attente du consommateur...
[2024-12-02T19:57:17.151+0000] {csv_to_kafka_with_redis.py:102} INFO - En attente du consommateur...
[2024-12-02T19:57:18.153+0000] {csv_to_kafka_with_redis.py:102} INFO - En attente du consommateur...
[2024-12-02T19:57:19.155+0000] {csv_to_kafka_with_redis.py:102} INFO - En attente du consommateur...
[2024-12-02T19:57:20.156+0000] {csv_to_kafka_with_redis.py:102} INFO - En attente du consommateur...
[2024-12-02T19:57:21.157+0000] {csv_to_kafka_with_redis.py:102} INFO - En attente du consommateur...
[2024-12-02T19:57:22.159+0000] {csv_to_kafka_with_redis.py:102} INFO - En attente du consommateur...
[2024-12-02T19:57:23.161+0000] {csv_to_kafka_with_redis.py:102} INFO - En attente du consommateur...
[2024-12-02T19:57:24.162+0000] {csv_to_kafka_with_redis.py:102} INFO - En attente du consommateur...
[2024-12-02T19:57:25.164+0000] {csv_to_kafka_with_redis.py:102} INFO - En attente du consommateur...
[2024-12-02T19:57:26.166+0000] {csv_to_kafka_with_redis.py:102} INFO - En attente du consommateur...
[2024-12-02T19:57:27.167+0000] {csv_to_kafka_with_redis.py:102} INFO - En attente du consommateur...
[2024-12-02T19:57:28.169+0000] {csv_to_kafka_with_redis.py:102} INFO - En attente du consommateur...
[2024-12-02T19:57:29.171+0000] {csv_to_kafka_with_redis.py:102} INFO - En attente du consommateur...
[2024-12-02T19:57:30.173+0000] {csv_to_kafka_with_redis.py:102} INFO - En attente du consommateur...
[2024-12-02T19:57:31.174+0000] {csv_to_kafka_with_redis.py:102} INFO - En attente du consommateur...
[2024-12-02T19:57:32.176+0000] {csv_to_kafka_with_redis.py:102} INFO - En attente du consommateur...
[2024-12-02T19:57:33.177+0000] {csv_to_kafka_with_redis.py:102} INFO - En attente du consommateur...
[2024-12-02T19:57:34.178+0000] {csv_to_kafka_with_redis.py:102} INFO - En attente du consommateur...
[2024-12-02T19:57:34.317+0000] {local_task_job_runner.py:346} WARNING - State of this instance has been externally set to failed. Terminating instance.
[2024-12-02T19:57:34.318+0000] {local_task_job_runner.py:245} INFO - ::endgroup::
[2024-12-02T19:57:34.319+0000] {process_utils.py:132} INFO - Sending 15 to group 2929. PIDs of all processes in the group: [2929]
[2024-12-02T19:57:34.320+0000] {process_utils.py:87} INFO - Sending the signal 15 to group 2929
[2024-12-02T19:57:34.321+0000] {taskinstance.py:3093} ERROR - Received SIGTERM. Terminating subprocesses.
[2024-12-02T19:57:34.376+0000] {taskinstance.py:340} INFO - ::group::Post task execution logs
[2024-12-02T19:57:34.414+0000] {process_utils.py:80} INFO - Process psutil.Process(pid=2929, status='terminated', exitcode=0, started='19:56:58') (2929) terminated with exit code 0
