[2024-12-01T20:40:25.056+0000] {local_task_job_runner.py:123} INFO - ::group::Pre task execution logs
[2024-12-01T20:40:25.088+0000] {taskinstance.py:2613} INFO - Dependencies all met for dep_context=non-requeueable deps ti=<TaskInstance: dag_tohive.process_task_tohive manual__2024-12-01T20:40:16.297413+00:00 [queued]>
[2024-12-01T20:40:25.110+0000] {taskinstance.py:2613} INFO - Dependencies all met for dep_context=requeueable deps ti=<TaskInstance: dag_tohive.process_task_tohive manual__2024-12-01T20:40:16.297413+00:00 [queued]>
[2024-12-01T20:40:25.111+0000] {taskinstance.py:2866} INFO - Starting attempt 1 of 1
[2024-12-01T20:40:25.172+0000] {taskinstance.py:2889} INFO - Executing <Task(PythonOperator): process_task_tohive> on 2024-12-01 20:40:16.297413+00:00
[2024-12-01T20:40:25.205+0000] {logging_mixin.py:190} WARNING - /home/airflow/.local/lib/python3.12/site-packages/airflow/task/task_runner/standard_task_runner.py:70 DeprecationWarning: This process (pid=167) is multi-threaded, use of fork() may lead to deadlocks in the child.
[2024-12-01T20:40:25.203+0000] {standard_task_runner.py:104} INFO - Running: ['airflow', 'tasks', 'run', 'dag_tohive', 'process_task_tohive', 'manual__2024-12-01T20:40:16.297413+00:00', '--job-id', '71', '--raw', '--subdir', 'DAGS_FOLDER/dag_9lines_data.py', '--cfg-path', '/tmp/tmplc8hjrqp']
[2024-12-01T20:40:25.207+0000] {standard_task_runner.py:72} INFO - Started process 181 to run task
[2024-12-01T20:40:25.207+0000] {standard_task_runner.py:105} INFO - Job 71: Subtask process_task_tohive
[2024-12-01T20:40:25.364+0000] {task_command.py:467} INFO - Running <TaskInstance: dag_tohive.process_task_tohive manual__2024-12-01T20:40:16.297413+00:00 [running]> on host 45770b1a429e
[2024-12-01T20:40:25.581+0000] {taskinstance.py:3132} INFO - Exporting env vars: AIRFLOW_CTX_DAG_OWNER='admin' AIRFLOW_CTX_DAG_ID='dag_tohive' AIRFLOW_CTX_TASK_ID='process_task_tohive' AIRFLOW_CTX_EXECUTION_DATE='2024-12-01T20:40:16.297413+00:00' AIRFLOW_CTX_TRY_NUMBER='1' AIRFLOW_CTX_DAG_RUN_ID='manual__2024-12-01T20:40:16.297413+00:00'
[2024-12-01T20:40:25.584+0000] {taskinstance.py:731} INFO - ::endgroup::
[2024-12-01T20:40:25.640+0000] {dag_9lines_data.py:22} INFO - Message delivered to tohive [0]
[2024-12-01T20:40:25.641+0000] {dag_9lines_data.py:22} INFO - Message delivered to tohive [0]
[2024-12-01T20:40:25.642+0000] {dag_9lines_data.py:22} INFO - Message delivered to tohive [0]
[2024-12-01T20:40:25.643+0000] {dag_9lines_data.py:22} INFO - Message delivered to tohive [0]
[2024-12-01T20:40:25.644+0000] {dag_9lines_data.py:22} INFO - Message delivered to tohive [0]
[2024-12-01T20:40:25.644+0000] {dag_9lines_data.py:22} INFO - Message delivered to tohive [0]
[2024-12-01T20:40:25.645+0000] {dag_9lines_data.py:22} INFO - Message delivered to tohive [0]
[2024-12-01T20:40:25.646+0000] {dag_9lines_data.py:22} INFO - Message delivered to tohive [0]
[2024-12-01T20:40:25.646+0000] {dag_9lines_data.py:22} INFO - Message delivered to tohive [0]
[2024-12-01T20:40:25.647+0000] {dag_9lines_data.py:74} INFO - Toutes les données de test.csv ont été publiées avec succès.
[2024-12-01T20:40:25.648+0000] {python.py:240} INFO - Done. Returned value was: None
[2024-12-01T20:40:25.668+0000] {taskinstance.py:340} INFO - ::group::Post task execution logs
[2024-12-01T20:40:25.669+0000] {taskinstance.py:352} INFO - Marking task as SUCCESS. dag_id=dag_tohive, task_id=process_task_tohive, run_id=manual__2024-12-01T20:40:16.297413+00:00, execution_date=20241201T204016, start_date=20241201T204025, end_date=20241201T204025
[2024-12-01T20:40:25.750+0000] {local_task_job_runner.py:266} INFO - Task exited with return code 0
[2024-12-01T20:40:25.785+0000] {taskinstance.py:3895} INFO - 0 downstream tasks scheduled from follow-on schedule check
[2024-12-01T20:40:25.787+0000] {local_task_job_runner.py:245} INFO - ::endgroup::
