[2024-12-03T00:33:21.310+0000] {local_task_job_runner.py:123} INFO - ::group::Pre task execution logs
[2024-12-03T00:33:21.380+0000] {taskinstance.py:2613} INFO - Dependencies all met for dep_context=non-requeueable deps ti=<TaskInstance: kafka_hive_pipeline_threaded.sync_producer_and_consumer manual__2024-12-03T00:33:08.142371+00:00 [queued]>
[2024-12-03T00:33:21.442+0000] {taskinstance.py:2613} INFO - Dependencies all met for dep_context=requeueable deps ti=<TaskInstance: kafka_hive_pipeline_threaded.sync_producer_and_consumer manual__2024-12-03T00:33:08.142371+00:00 [queued]>
[2024-12-03T00:33:21.455+0000] {taskinstance.py:2866} INFO - Starting attempt 1 of 1
[2024-12-03T00:33:21.599+0000] {taskinstance.py:2889} INFO - Executing <Task(PythonOperator): sync_producer_and_consumer> on 2024-12-03 00:33:08.142371+00:00
[2024-12-03T00:33:21.655+0000] {logging_mixin.py:190} WARNING - /home/airflow/.local/lib/python3.12/site-packages/airflow/task/task_runner/standard_task_runner.py:70 DeprecationWarning: This process (pid=8206) is multi-threaded, use of fork() may lead to deadlocks in the child.
[2024-12-03T00:33:21.657+0000] {standard_task_runner.py:72} INFO - Started process 8220 to run task
[2024-12-03T00:33:21.663+0000] {standard_task_runner.py:104} INFO - Running: ['airflow', 'tasks', 'run', 'kafka_hive_pipeline_threaded', 'sync_producer_and_consumer', 'manual__2024-12-03T00:33:08.142371+00:00', '--job-id', '176', '--raw', '--subdir', 'DAGS_FOLDER/gestion_airflow.py', '--cfg-path', '/tmp/tmp1zj2ww3u']
[2024-12-03T00:33:21.668+0000] {standard_task_runner.py:105} INFO - Job 176: Subtask sync_producer_and_consumer
[2024-12-03T00:33:22.001+0000] {task_command.py:467} INFO - Running <TaskInstance: kafka_hive_pipeline_threaded.sync_producer_and_consumer manual__2024-12-03T00:33:08.142371+00:00 [running]> on host 45770b1a429e
[2024-12-03T00:33:22.476+0000] {taskinstance.py:3132} INFO - Exporting env vars: AIRFLOW_CTX_DAG_OWNER='airflow' AIRFLOW_CTX_DAG_ID='kafka_hive_pipeline_threaded' AIRFLOW_CTX_TASK_ID='sync_producer_and_consumer' AIRFLOW_CTX_EXECUTION_DATE='2024-12-03T00:33:08.142371+00:00' AIRFLOW_CTX_TRY_NUMBER='1' AIRFLOW_CTX_DAG_RUN_ID='manual__2024-12-03T00:33:08.142371+00:00'
[2024-12-03T00:33:22.482+0000] {taskinstance.py:731} INFO - ::endgroup::
[2024-12-03T00:33:22.846+0000] {csv_to_kafka_with_redis.py:50} INFO - Loaded CSV Data:
    Invoice ID Branch       City  ... gross margin percentage gross income Rating
0  750-67-8428      A     Yangon  ...                4.761905      26.1415    9.1
1  226-31-3081      C  Naypyitaw  ...                4.761905       3.8200    9.6
2  631-41-3108      A     Yangon  ...                4.761905      16.2155    7.4
3  123-19-1176      A     Yangon  ...                4.761905      23.2880    8.4
4  373-73-7910      A     Yangon  ...                4.761905      30.2085    5.3

[5 rows x 17 columns]
[2024-12-03T00:33:22.853+0000] {csv_to_kafka_with_redis.py:84} INFO - Row data before serialization: {'id': '9128523a-b2d3-4642-86af-028b0f81f351', 'invoice_id': '750-67-8428', 'branch': 'A', 'city': 'Yangon', 'customer_type': 'Member', 'gender': 'Female', 'product_line': 'Health and beauty', 'unit_price': 74.69, 'quantity': 7, 'tax_5_percent': 26.1415, 'total': 548.9715, 'date': '1/5/2019', 'time': '13:08', 'payment': 'Ewallet', 'cogs': 522.83, 'gross_margin_percentage': 4.761904762, 'gross_income': 26.1415, 'rating': 9.1}
[2024-12-03T00:33:23.184+0000] {hive.py:475} INFO - USE `default`
[2024-12-03T00:33:23.444+0000] {csv_to_kafka_with_redis.py:84} INFO - Row data before serialization: {'id': '4b50ccf1-7179-482a-b28c-e1f11ad84117', 'invoice_id': '226-31-3081', 'branch': 'C', 'city': 'Naypyitaw', 'customer_type': 'Normal', 'gender': 'Female', 'product_line': 'Electronic accessories', 'unit_price': 15.28, 'quantity': 5, 'tax_5_percent': 3.82, 'total': 80.22, 'date': '3/8/2019', 'time': '10:29', 'payment': 'Cash', 'cogs': 76.4, 'gross_margin_percentage': 4.761904762, 'gross_income': 3.82, 'rating': 9.6}
[2024-12-03T00:33:23.445+0000] {csv_to_kafka_with_redis.py:84} INFO - Row data before serialization: {'id': 'e8812198-beeb-4afb-a41d-5088441c898c', 'invoice_id': '631-41-3108', 'branch': 'A', 'city': 'Yangon', 'customer_type': 'Normal', 'gender': 'Male', 'product_line': 'Home and lifestyle', 'unit_price': 46.33, 'quantity': 7, 'tax_5_percent': 16.2155, 'total': 340.5255, 'date': '3/3/2019', 'time': '13:23', 'payment': 'Credit card', 'cogs': 324.31, 'gross_margin_percentage': 4.761904762, 'gross_income': 16.2155, 'rating': 7.4}
[2024-12-03T00:33:23.448+0000] {csv_to_kafka_with_redis.py:84} INFO - Row data before serialization: {'id': 'a13821a8-044e-491a-ad2d-628f72e42aef', 'invoice_id': '123-19-1176', 'branch': 'A', 'city': 'Yangon', 'customer_type': 'Member', 'gender': 'Male', 'product_line': 'Health and beauty', 'unit_price': 58.22, 'quantity': 8, 'tax_5_percent': 23.288, 'total': 489.048, 'date': '1/27/2019', 'time': '20:33', 'payment': 'Ewallet', 'cogs': 465.76, 'gross_margin_percentage': 4.761904762, 'gross_income': 23.288, 'rating': 8.4}
[2024-12-03T00:33:23.453+0000] {csv_to_kafka_with_redis.py:84} INFO - Row data before serialization: {'id': '0bda758c-64b7-4597-9679-44f663492ca2', 'invoice_id': '373-73-7910', 'branch': 'A', 'city': 'Yangon', 'customer_type': 'Normal', 'gender': 'Male', 'product_line': 'Sports and travel', 'unit_price': 86.31, 'quantity': 7, 'tax_5_percent': 30.2085, 'total': 634.3785, 'date': '2/8/2019', 'time': '10:37', 'payment': 'Ewallet', 'cogs': 604.17, 'gross_margin_percentage': 4.761904762, 'gross_income': 30.2085, 'rating': 5.3}
[2024-12-03T00:33:23.457+0000] {csv_to_kafka_with_redis.py:84} INFO - Row data before serialization: {'id': 'd7325df9-312d-471c-8df4-9f6957b3013f', 'invoice_id': '699-14-3026', 'branch': 'C', 'city': 'Naypyitaw', 'customer_type': 'Normal', 'gender': 'Male', 'product_line': 'Electronic accessories', 'unit_price': 85.39, 'quantity': 7, 'tax_5_percent': 29.8865, 'total': 627.6165, 'date': '3/25/2019', 'time': '18:30', 'payment': 'Ewallet', 'cogs': 597.73, 'gross_margin_percentage': 4.761904762, 'gross_income': 29.8865, 'rating': 4.1}
[2024-12-03T00:33:23.459+0000] {csv_to_kafka_with_redis.py:84} INFO - Row data before serialization: {'id': '9e563466-85eb-44e0-9dfd-901b326e2594', 'invoice_id': '355-53-5943', 'branch': 'A', 'city': 'Yangon', 'customer_type': 'Member', 'gender': 'Female', 'product_line': 'Electronic accessories', 'unit_price': 68.84, 'quantity': 6, 'tax_5_percent': 20.652, 'total': 433.692, 'date': '2/25/2019', 'time': '14:36', 'payment': 'Ewallet', 'cogs': 413.04, 'gross_margin_percentage': 4.761904762, 'gross_income': 20.652, 'rating': 5.8}
[2024-12-03T00:33:23.461+0000] {csv_to_kafka_with_redis.py:84} INFO - Row data before serialization: {'id': 'ab7dac7e-9dd6-458e-be0f-ac1bd88a5538', 'invoice_id': '315-22-5665', 'branch': 'C', 'city': 'Naypyitaw', 'customer_type': 'Normal', 'gender': 'Female', 'product_line': 'Home and lifestyle', 'unit_price': 73.56, 'quantity': 10, 'tax_5_percent': 36.78, 'total': 772.38, 'date': '2/24/2019', 'time': '11:38', 'payment': 'Ewallet', 'cogs': 735.6, 'gross_margin_percentage': 4.761904762, 'gross_income': 36.78, 'rating': 8.0}
[2024-12-03T00:33:23.463+0000] {csv_to_kafka_with_redis.py:84} INFO - Row data before serialization: {'id': '3cff78e4-7e30-4836-ae25-4c4d97df7792', 'invoice_id': '665-32-9167', 'branch': 'A', 'city': 'Yangon', 'customer_type': 'Member', 'gender': 'Female', 'product_line': 'Health and beauty', 'unit_price': 36.26, 'quantity': 2, 'tax_5_percent': 3.626, 'total': 76.146, 'date': '1/10/2019', 'time': '17:15', 'payment': 'Credit card', 'cogs': 72.52, 'gross_margin_percentage': 4.761904762, 'gross_income': 3.626, 'rating': 7.2}
[2024-12-03T00:33:23.465+0000] {csv_to_kafka_with_redis.py:84} INFO - Row data before serialization: {'id': '53e55f5d-3e43-4062-bfb8-f853d46f66ff', 'invoice_id': '692-92-5582', 'branch': 'B', 'city': 'Mandalay', 'customer_type': 'Member', 'gender': 'Female', 'product_line': 'Food and beverages', 'unit_price': 54.84, 'quantity': 3, 'tax_5_percent': 8.226, 'total': 172.746, 'date': '2/20/2019', 'time': '13:27', 'payment': 'Credit card', 'cogs': 164.52, 'gross_margin_percentage': 4.761904762, 'gross_income': 8.226, 'rating': 5.9}
[2024-12-03T00:33:23.469+0000] {csv_to_kafka_with_redis.py:84} INFO - Row data before serialization: {'id': '62504200-3b14-4336-af49-ab21f2656fa3', 'invoice_id': '351-62-0822', 'branch': 'B', 'city': 'Mandalay', 'customer_type': 'Member', 'gender': 'Female', 'product_line': 'Fashion accessories', 'unit_price': 14.48, 'quantity': 4, 'tax_5_percent': 2.896, 'total': 60.816, 'date': '2/6/2019', 'time': '18:07', 'payment': 'Ewallet', 'cogs': 57.92, 'gross_margin_percentage': 4.761904762, 'gross_income': 2.896, 'rating': 4.5}
[2024-12-03T00:33:23.473+0000] {csv_to_kafka_with_redis.py:84} INFO - Row data before serialization: {'id': '04d83a30-0363-4e59-8b2d-b7de0e906683', 'invoice_id': '529-56-3974', 'branch': 'B', 'city': 'Mandalay', 'customer_type': 'Member', 'gender': 'Male', 'product_line': 'Electronic accessories', 'unit_price': 25.51, 'quantity': 4, 'tax_5_percent': 5.102, 'total': 107.142, 'date': '3/9/2019', 'time': '17:03', 'payment': 'Cash', 'cogs': 102.04, 'gross_margin_percentage': 4.761904762, 'gross_income': 5.102, 'rating': 6.8}
[2024-12-03T00:33:23.475+0000] {csv_to_kafka_with_redis.py:84} INFO - Row data before serialization: {'id': '3ff9e729-a668-4b13-bb6f-9a33310ee954', 'invoice_id': '365-64-0515', 'branch': 'A', 'city': 'Yangon', 'customer_type': 'Normal', 'gender': 'Female', 'product_line': 'Electronic accessories', 'unit_price': 46.95, 'quantity': 5, 'tax_5_percent': 11.7375, 'total': 246.4875, 'date': '2/12/2019', 'time': '10:25', 'payment': 'Ewallet', 'cogs': 234.75, 'gross_margin_percentage': 4.761904762, 'gross_income': 11.7375, 'rating': 7.1}
[2024-12-03T00:33:23.478+0000] {csv_to_kafka_with_redis.py:84} INFO - Row data before serialization: {'id': '2464d164-6cb6-4852-ac32-bb2c77bfe145', 'invoice_id': '252-56-2699', 'branch': 'A', 'city': 'Yangon', 'customer_type': 'Normal', 'gender': 'Male', 'product_line': 'Food and beverages', 'unit_price': 43.19, 'quantity': 10, 'tax_5_percent': 21.595, 'total': 453.495, 'date': '2/7/2019', 'time': '16:48', 'payment': 'Ewallet', 'cogs': 431.9, 'gross_margin_percentage': 4.761904762, 'gross_income': 21.595, 'rating': 8.2}
[2024-12-03T00:33:23.480+0000] {csv_to_kafka_with_redis.py:84} INFO - Row data before serialization: {'id': 'c96a2d93-1ad5-4226-b2d2-a4170dbecb6e', 'invoice_id': '829-34-3910', 'branch': 'A', 'city': 'Yangon', 'customer_type': 'Normal', 'gender': 'Female', 'product_line': 'Health and beauty', 'unit_price': 71.38, 'quantity': 10, 'tax_5_percent': 35.69, 'total': 749.49, 'date': '3/29/2019', 'time': '19:21', 'payment': 'Cash', 'cogs': 713.8, 'gross_margin_percentage': 4.761904762, 'gross_income': 35.69, 'rating': 5.7}
[2024-12-03T00:33:23.483+0000] {csv_to_kafka_with_redis.py:84} INFO - Row data before serialization: {'id': '1c353a02-ba4d-4eee-8280-da1f1c35d8e1', 'invoice_id': '299-46-1805', 'branch': 'B', 'city': 'Mandalay', 'customer_type': 'Member', 'gender': 'Female', 'product_line': 'Sports and travel', 'unit_price': 93.72, 'quantity': 6, 'tax_5_percent': 28.116, 'total': 590.436, 'date': '1/15/2019', 'time': '16:19', 'payment': 'Cash', 'cogs': 562.32, 'gross_margin_percentage': 4.761904762, 'gross_income': 28.116, 'rating': 4.5}
[2024-12-03T00:33:23.489+0000] {csv_to_kafka_with_redis.py:84} INFO - Row data before serialization: {'id': '01317ff4-8a9b-4f49-9fdb-cbc6c8868885', 'invoice_id': '656-95-9349', 'branch': 'A', 'city': 'Yangon', 'customer_type': 'Member', 'gender': 'Female', 'product_line': 'Health and beauty', 'unit_price': 68.93, 'quantity': 7, 'tax_5_percent': 24.1255, 'total': 506.6355, 'date': '3/11/2019', 'time': '11:03', 'payment': 'Credit card', 'cogs': 482.51, 'gross_margin_percentage': 4.761904762, 'gross_income': 24.1255, 'rating': 4.6}
[2024-12-03T00:33:23.491+0000] {csv_to_kafka_with_redis.py:84} INFO - Row data before serialization: {'id': '37f8f49c-3188-4f1c-871a-dcf7e151eacb', 'invoice_id': '765-26-6951', 'branch': 'A', 'city': 'Yangon', 'customer_type': 'Normal', 'gender': 'Male', 'product_line': 'Sports and travel', 'unit_price': 72.61, 'quantity': 6, 'tax_5_percent': 21.783, 'total': 457.443, 'date': '1/1/2019', 'time': '10:39', 'payment': 'Credit card', 'cogs': 435.66, 'gross_margin_percentage': 4.761904762, 'gross_income': 21.783, 'rating': 6.9}
[2024-12-03T00:33:23.492+0000] {csv_to_kafka_with_redis.py:84} INFO - Row data before serialization: {'id': 'caa39842-8bdc-4151-a98b-2fe4e7697b8b', 'invoice_id': '329-62-1586', 'branch': 'A', 'city': 'Yangon', 'customer_type': 'Normal', 'gender': 'Male', 'product_line': 'Food and beverages', 'unit_price': 54.67, 'quantity': 3, 'tax_5_percent': 8.2005, 'total': 172.2105, 'date': '1/21/2019', 'time': '18:00', 'payment': 'Credit card', 'cogs': 164.01, 'gross_margin_percentage': 4.761904762, 'gross_income': 8.2005, 'rating': 8.6}
[2024-12-03T00:33:23.495+0000] {csv_to_kafka_with_redis.py:84} INFO - Row data before serialization: {'id': 'e8b6e470-7ef2-47ac-b7a7-c2f5e3ce24b9', 'invoice_id': '319-50-3348', 'branch': 'B', 'city': 'Mandalay', 'customer_type': 'Normal', 'gender': 'Female', 'product_line': 'Home and lifestyle', 'unit_price': 40.3, 'quantity': 2, 'tax_5_percent': 4.03, 'total': 84.63, 'date': '3/11/2019', 'time': '15:30', 'payment': 'Ewallet', 'cogs': 80.6, 'gross_margin_percentage': 4.761904762, 'gross_income': 4.03, 'rating': 4.4}
[2024-12-03T00:33:23.497+0000] {csv_to_kafka_with_redis.py:84} INFO - Row data before serialization: {'id': '78c39e9d-ec25-4f75-9a09-122b7507f60d', 'invoice_id': '300-71-4605', 'branch': 'C', 'city': 'Naypyitaw', 'customer_type': 'Member', 'gender': 'Male', 'product_line': 'Electronic accessories', 'unit_price': 86.04, 'quantity': 5, 'tax_5_percent': 21.51, 'total': 451.71, 'date': '2/25/2019', 'time': '11:24', 'payment': 'Ewallet', 'cogs': 430.2, 'gross_margin_percentage': 4.761904762, 'gross_income': 21.51, 'rating': 4.8}
[2024-12-03T00:33:23.501+0000] {csv_to_kafka_with_redis.py:84} INFO - Row data before serialization: {'id': 'dee434bc-6cf3-4037-9a4a-97b919b8685b', 'invoice_id': '371-85-5789', 'branch': 'B', 'city': 'Mandalay', 'customer_type': 'Normal', 'gender': 'Male', 'product_line': 'Health and beauty', 'unit_price': 87.98, 'quantity': 3, 'tax_5_percent': 13.197, 'total': 277.137, 'date': '3/5/2019', 'time': '10:40', 'payment': 'Ewallet', 'cogs': 263.94, 'gross_margin_percentage': 4.761904762, 'gross_income': 13.197, 'rating': 5.1}
[2024-12-03T00:33:23.506+0000] {csv_to_kafka_with_redis.py:84} INFO - Row data before serialization: {'id': '93d773b8-76e6-4d9e-868f-8fc2d1788194', 'invoice_id': '273-16-6619', 'branch': 'B', 'city': 'Mandalay', 'customer_type': 'Normal', 'gender': 'Male', 'product_line': 'Home and lifestyle', 'unit_price': 33.2, 'quantity': 2, 'tax_5_percent': 3.32, 'total': 69.72, 'date': '3/15/2019', 'time': '12:20', 'payment': 'Credit card', 'cogs': 66.4, 'gross_margin_percentage': 4.761904762, 'gross_income': 3.32, 'rating': 4.4}
[2024-12-03T00:33:23.510+0000] {csv_to_kafka_with_redis.py:84} INFO - Row data before serialization: {'id': '988a7d82-a657-430a-b9a8-821e0b802945', 'invoice_id': '636-48-8204', 'branch': 'A', 'city': 'Yangon', 'customer_type': 'Normal', 'gender': 'Male', 'product_line': 'Electronic accessories', 'unit_price': 34.56, 'quantity': 5, 'tax_5_percent': 8.64, 'total': 181.44, 'date': '2/17/2019', 'time': '11:15', 'payment': 'Ewallet', 'cogs': 172.8, 'gross_margin_percentage': 4.761904762, 'gross_income': 8.64, 'rating': 9.9}
[2024-12-03T00:33:23.513+0000] {csv_to_kafka_with_redis.py:84} INFO - Row data before serialization: {'id': 'adde72e7-c035-47d4-8565-9a5d0d5896bb', 'invoice_id': '549-59-1358', 'branch': 'A', 'city': 'Yangon', 'customer_type': 'Member', 'gender': 'Male', 'product_line': 'Sports and travel', 'unit_price': 88.63, 'quantity': 3, 'tax_5_percent': 13.2945, 'total': 279.1845, 'date': '3/2/2019', 'time': '17:36', 'payment': 'Ewallet', 'cogs': 265.89, 'gross_margin_percentage': 4.761904762, 'gross_income': 13.2945, 'rating': 6.0}
[2024-12-03T00:33:23.514+0000] {hive.py:475} INFO - 
    CREATE TABLE IF NOT EXISTS sales (
        id STRING,
        invoice_id STRING,
        branch STRING,
        city STRING,
        customer_type STRING,
        gender STRING,
        product_line STRING,
        unit_price FLOAT,
        quantity INT,
        tax_5_percent FLOAT,
        total FLOAT,
        `date` STRING,
        time STRING,
        payment STRING,
        cogs FLOAT,
        gross_margin_percentage FLOAT,
        gross_income FLOAT,
        rating FLOAT
    ) STORED AS ORC
    
[2024-12-03T00:33:23.518+0000] {csv_to_kafka_with_redis.py:84} INFO - Row data before serialization: {'id': 'ef7a100e-51cd-4383-b57d-d3bb64809410', 'invoice_id': '227-03-5010', 'branch': 'A', 'city': 'Yangon', 'customer_type': 'Member', 'gender': 'Female', 'product_line': 'Home and lifestyle', 'unit_price': 52.59, 'quantity': 8, 'tax_5_percent': 21.036, 'total': 441.756, 'date': '3/22/2019', 'time': '19:20', 'payment': 'Credit card', 'cogs': 420.72, 'gross_margin_percentage': 4.761904762, 'gross_income': 21.036, 'rating': 8.5}
[2024-12-03T00:33:23.524+0000] {csv_to_kafka_with_redis.py:84} INFO - Row data before serialization: {'id': '0332137f-f8d9-48c7-a288-888a7326ca71', 'invoice_id': '649-29-6775', 'branch': 'B', 'city': 'Mandalay', 'customer_type': 'Normal', 'gender': 'Male', 'product_line': 'Fashion accessories', 'unit_price': 33.52, 'quantity': 1, 'tax_5_percent': 1.676, 'total': 35.196, 'date': '2/8/2019', 'time': '15:31', 'payment': 'Cash', 'cogs': 33.52, 'gross_margin_percentage': 4.761904762, 'gross_income': 1.676, 'rating': 6.7}
[2024-12-03T00:33:23.526+0000] {csv_to_kafka_with_redis.py:84} INFO - Row data before serialization: {'id': '986d56c0-2c7e-4a08-88d2-d11f7e0d984f', 'invoice_id': '189-17-4241', 'branch': 'A', 'city': 'Yangon', 'customer_type': 'Normal', 'gender': 'Female', 'product_line': 'Fashion accessories', 'unit_price': 87.67, 'quantity': 2, 'tax_5_percent': 8.767, 'total': 184.107, 'date': '3/10/2019', 'time': '12:17', 'payment': 'Credit card', 'cogs': 175.34, 'gross_margin_percentage': 4.761904762, 'gross_income': 8.767, 'rating': 7.7}
[2024-12-03T00:33:23.529+0000] {csv_to_kafka_with_redis.py:84} INFO - Row data before serialization: {'id': '20965b33-ab3d-4f08-9e63-3bacbb6a8f69', 'invoice_id': '145-94-9061', 'branch': 'B', 'city': 'Mandalay', 'customer_type': 'Normal', 'gender': 'Female', 'product_line': 'Food and beverages', 'unit_price': 88.36, 'quantity': 5, 'tax_5_percent': 22.09, 'total': 463.89, 'date': '1/25/2019', 'time': '19:48', 'payment': 'Cash', 'cogs': 441.8, 'gross_margin_percentage': 4.761904762, 'gross_income': 22.09, 'rating': 9.6}
[2024-12-03T00:33:23.531+0000] {csv_to_kafka_with_redis.py:84} INFO - Row data before serialization: {'id': '49835f28-1e87-4cd2-a4d7-600214b68b2a', 'invoice_id': '848-62-7243', 'branch': 'A', 'city': 'Yangon', 'customer_type': 'Normal', 'gender': 'Male', 'product_line': 'Health and beauty', 'unit_price': 24.89, 'quantity': 9, 'tax_5_percent': 11.2005, 'total': 235.2105, 'date': '3/15/2019', 'time': '15:36', 'payment': 'Cash', 'cogs': 224.01, 'gross_margin_percentage': 4.761904762, 'gross_income': 11.2005, 'rating': 7.4}
[2024-12-03T00:33:23.535+0000] {csv_to_kafka_with_redis.py:84} INFO - Row data before serialization: {'id': '5915f98d-04fc-4fe7-8829-fb222fe30f25', 'invoice_id': '871-79-8483', 'branch': 'B', 'city': 'Mandalay', 'customer_type': 'Normal', 'gender': 'Male', 'product_line': 'Fashion accessories', 'unit_price': 94.13, 'quantity': 5, 'tax_5_percent': 23.5325, 'total': 494.1825, 'date': '2/25/2019', 'time': '19:39', 'payment': 'Credit card', 'cogs': 470.65, 'gross_margin_percentage': 4.761904762, 'gross_income': 23.5325, 'rating': 4.8}
[2024-12-03T00:33:23.541+0000] {csv_to_kafka_with_redis.py:84} INFO - Row data before serialization: {'id': '436467a6-6fb8-47d0-bb4f-c8c06c0806b7', 'invoice_id': '149-71-6266', 'branch': 'B', 'city': 'Mandalay', 'customer_type': 'Member', 'gender': 'Male', 'product_line': 'Sports and travel', 'unit_price': 78.07, 'quantity': 9, 'tax_5_percent': 35.1315, 'total': 737.7615, 'date': '1/28/2019', 'time': '12:43', 'payment': 'Cash', 'cogs': 702.63, 'gross_margin_percentage': 4.761904762, 'gross_income': 35.1315, 'rating': 4.5}
[2024-12-03T00:33:23.546+0000] {csv_to_kafka_with_redis.py:84} INFO - Row data before serialization: {'id': '36d8e7c2-e4f5-49ad-a9fd-ace7aad5f070', 'invoice_id': '640-49-2076', 'branch': 'B', 'city': 'Mandalay', 'customer_type': 'Normal', 'gender': 'Male', 'product_line': 'Sports and travel', 'unit_price': 83.78, 'quantity': 8, 'tax_5_percent': 33.512, 'total': 703.752, 'date': '1/10/2019', 'time': '14:49', 'payment': 'Cash', 'cogs': 670.24, 'gross_margin_percentage': 4.761904762, 'gross_income': 33.512, 'rating': 5.1}
[2024-12-03T00:33:23.549+0000] {csv_to_kafka_with_redis.py:84} INFO - Row data before serialization: {'id': 'ff873d4e-3f06-43a6-9bbf-1560b088a75a', 'invoice_id': '595-11-5460', 'branch': 'A', 'city': 'Yangon', 'customer_type': 'Normal', 'gender': 'Male', 'product_line': 'Health and beauty', 'unit_price': 96.58, 'quantity': 2, 'tax_5_percent': 9.658, 'total': 202.818, 'date': '3/15/2019', 'time': '10:12', 'payment': 'Credit card', 'cogs': 193.16, 'gross_margin_percentage': 4.761904762, 'gross_income': 9.658, 'rating': 5.1}
[2024-12-03T00:33:23.554+0000] {csv_to_kafka_with_redis.py:84} INFO - Row data before serialization: {'id': '102d018d-0555-418b-9e9b-cf330f2982e9', 'invoice_id': '183-56-6882', 'branch': 'C', 'city': 'Naypyitaw', 'customer_type': 'Member', 'gender': 'Female', 'product_line': 'Food and beverages', 'unit_price': 99.42, 'quantity': 4, 'tax_5_percent': 19.884, 'total': 417.564, 'date': '2/6/2019', 'time': '10:42', 'payment': 'Ewallet', 'cogs': 397.68, 'gross_margin_percentage': 4.761904762, 'gross_income': 19.884, 'rating': 7.5}
[2024-12-03T00:33:23.557+0000] {csv_to_kafka_with_redis.py:84} INFO - Row data before serialization: {'id': '310e53c7-c65f-4014-9c9e-e22231a28e5a', 'invoice_id': '232-16-2483', 'branch': 'C', 'city': 'Naypyitaw', 'customer_type': 'Member', 'gender': 'Female', 'product_line': 'Sports and travel', 'unit_price': 68.12, 'quantity': 1, 'tax_5_percent': 3.406, 'total': 71.526, 'date': '1/7/2019', 'time': '12:28', 'payment': 'Ewallet', 'cogs': 68.12, 'gross_margin_percentage': 4.761904762, 'gross_income': 3.406, 'rating': 6.8}
[2024-12-03T00:33:23.559+0000] {csv_to_kafka_with_redis.py:84} INFO - Row data before serialization: {'id': 'c5c90f05-1c0e-4692-8f58-8ee1aaccc90b', 'invoice_id': '129-29-8530', 'branch': 'A', 'city': 'Yangon', 'customer_type': 'Member', 'gender': 'Male', 'product_line': 'Sports and travel', 'unit_price': 62.62, 'quantity': 5, 'tax_5_percent': 15.655, 'total': 328.755, 'date': '3/10/2019', 'time': '19:15', 'payment': 'Ewallet', 'cogs': 313.1, 'gross_margin_percentage': 4.761904762, 'gross_income': 15.655, 'rating': 7.0}
[2024-12-03T00:33:23.561+0000] {csv_to_kafka_with_redis.py:84} INFO - Row data before serialization: {'id': '77cffd66-b769-46a6-b7ac-3bed7d98f8f9', 'invoice_id': '272-65-1806', 'branch': 'A', 'city': 'Yangon', 'customer_type': 'Normal', 'gender': 'Female', 'product_line': 'Electronic accessories', 'unit_price': 60.88, 'quantity': 9, 'tax_5_percent': 27.396, 'total': 575.316, 'date': '1/15/2019', 'time': '17:17', 'payment': 'Ewallet', 'cogs': 547.92, 'gross_margin_percentage': 4.761904762, 'gross_income': 27.396, 'rating': 4.7}
[2024-12-03T00:33:23.564+0000] {csv_to_kafka_with_redis.py:84} INFO - Row data before serialization: {'id': '1be14935-2f63-43a1-acac-8ebb537e11ba', 'invoice_id': '333-73-7901', 'branch': 'C', 'city': 'Naypyitaw', 'customer_type': 'Normal', 'gender': 'Female', 'product_line': 'Health and beauty', 'unit_price': 54.92, 'quantity': 8, 'tax_5_percent': 21.968, 'total': 461.328, 'date': '3/23/2019', 'time': '13:24', 'payment': 'Ewallet', 'cogs': 439.36, 'gross_margin_percentage': 4.761904762, 'gross_income': 21.968, 'rating': 7.6}
[2024-12-03T00:33:23.568+0000] {csv_to_kafka_with_redis.py:84} INFO - Row data before serialization: {'id': '97c21f3a-e83e-4369-adc3-57c0f617211d', 'invoice_id': '777-82-7220', 'branch': 'B', 'city': 'Mandalay', 'customer_type': 'Member', 'gender': 'Male', 'product_line': 'Home and lifestyle', 'unit_price': 30.12, 'quantity': 8, 'tax_5_percent': 12.048, 'total': 253.008, 'date': '3/3/2019', 'time': '13:01', 'payment': 'Cash', 'cogs': 240.96, 'gross_margin_percentage': 4.761904762, 'gross_income': 12.048, 'rating': 7.7}
[2024-12-03T00:33:23.574+0000] {csv_to_kafka_with_redis.py:84} INFO - Row data before serialization: {'id': '40cea89f-caaf-404b-b59f-42e763ce8880', 'invoice_id': '280-35-5823', 'branch': 'B', 'city': 'Mandalay', 'customer_type': 'Member', 'gender': 'Female', 'product_line': 'Home and lifestyle', 'unit_price': 86.72, 'quantity': 1, 'tax_5_percent': 4.336, 'total': 91.056, 'date': '1/17/2019', 'time': '18:45', 'payment': 'Ewallet', 'cogs': 86.72, 'gross_margin_percentage': 4.761904762, 'gross_income': 4.336, 'rating': 7.9}
[2024-12-03T00:33:23.577+0000] {csv_to_kafka_with_redis.py:84} INFO - Row data before serialization: {'id': '0fca78a4-551b-4bdb-986a-4c9a55283128', 'invoice_id': '554-53-8700', 'branch': 'C', 'city': 'Naypyitaw', 'customer_type': 'Member', 'gender': 'Male', 'product_line': 'Home and lifestyle', 'unit_price': 56.11, 'quantity': 2, 'tax_5_percent': 5.611, 'total': 117.831, 'date': '2/2/2019', 'time': '10:11', 'payment': 'Cash', 'cogs': 112.22, 'gross_margin_percentage': 4.761904762, 'gross_income': 5.611, 'rating': 6.3}
[2024-12-03T00:33:23.582+0000] {kafka_to_hive_with_redis.py:71} INFO - Subscribed to topic 'topic-batch'
[2024-12-03T00:33:23.587+0000] {csv_to_kafka_with_redis.py:84} INFO - Row data before serialization: {'id': '0b6aa6b1-d0bf-4f33-9bee-41e476aa178d', 'invoice_id': '354-25-5821', 'branch': 'B', 'city': 'Mandalay', 'customer_type': 'Member', 'gender': 'Female', 'product_line': 'Sports and travel', 'unit_price': 69.12, 'quantity': 6, 'tax_5_percent': 20.736, 'total': 435.456, 'date': '2/8/2019', 'time': '13:03', 'payment': 'Cash', 'cogs': 414.72, 'gross_margin_percentage': 4.761904762, 'gross_income': 20.736, 'rating': 5.6}
[2024-12-03T00:33:23.594+0000] {csv_to_kafka_with_redis.py:84} INFO - Row data before serialization: {'id': '2c8b2938-d710-4815-bccc-3c52bb0cb639', 'invoice_id': '228-96-1411', 'branch': 'C', 'city': 'Naypyitaw', 'customer_type': 'Member', 'gender': 'Female', 'product_line': 'Food and beverages', 'unit_price': 98.7, 'quantity': 8, 'tax_5_percent': 39.48, 'total': 829.08, 'date': '3/4/2019', 'time': '20:39', 'payment': 'Cash', 'cogs': 789.6, 'gross_margin_percentage': 4.761904762, 'gross_income': 39.48, 'rating': 7.6}
[2024-12-03T00:33:23.598+0000] {csv_to_kafka_with_redis.py:84} INFO - Row data before serialization: {'id': '2793371d-d52c-4fbb-9bbc-a8b8d90ac77f', 'invoice_id': '617-15-4209', 'branch': 'C', 'city': 'Naypyitaw', 'customer_type': 'Member', 'gender': 'Male', 'product_line': 'Health and beauty', 'unit_price': 15.37, 'quantity': 2, 'tax_5_percent': 1.537, 'total': 32.277, 'date': '3/16/2019', 'time': '19:47', 'payment': 'Cash', 'cogs': 30.74, 'gross_margin_percentage': 4.761904762, 'gross_income': 1.537, 'rating': 7.2}
[2024-12-03T00:33:23.603+0000] {csv_to_kafka_with_redis.py:84} INFO - Row data before serialization: {'id': '9999e281-5f96-4e3e-8f65-6a97241eecce', 'invoice_id': '132-32-9879', 'branch': 'B', 'city': 'Mandalay', 'customer_type': 'Member', 'gender': 'Female', 'product_line': 'Electronic accessories', 'unit_price': 93.96, 'quantity': 4, 'tax_5_percent': 18.792, 'total': 394.632, 'date': '3/9/2019', 'time': '18:00', 'payment': 'Cash', 'cogs': 375.84, 'gross_margin_percentage': 4.761904762, 'gross_income': 18.792, 'rating': 9.5}
[2024-12-03T00:33:23.608+0000] {csv_to_kafka_with_redis.py:84} INFO - Row data before serialization: {'id': '835bb748-f93f-4715-a5a7-d2ba9aff99b1', 'invoice_id': '370-41-7321', 'branch': 'B', 'city': 'Mandalay', 'customer_type': 'Member', 'gender': 'Male', 'product_line': 'Health and beauty', 'unit_price': 56.69, 'quantity': 9, 'tax_5_percent': 25.5105, 'total': 535.7205, 'date': '2/27/2019', 'time': '17:24', 'payment': 'Credit card', 'cogs': 510.21, 'gross_margin_percentage': 4.761904762, 'gross_income': 25.5105, 'rating': 8.4}
[2024-12-03T00:33:23.610+0000] {csv_to_kafka_with_redis.py:84} INFO - Row data before serialization: {'id': 'fd8a7a5e-07cf-4c4b-8b2f-c6eca6b7423a', 'invoice_id': '727-46-3608', 'branch': 'B', 'city': 'Mandalay', 'customer_type': 'Member', 'gender': 'Female', 'product_line': 'Food and beverages', 'unit_price': 20.01, 'quantity': 9, 'tax_5_percent': 9.0045, 'total': 189.0945, 'date': '2/6/2019', 'time': '15:47', 'payment': 'Ewallet', 'cogs': 180.09, 'gross_margin_percentage': 4.761904762, 'gross_income': 9.0045, 'rating': 4.1}
[2024-12-03T00:33:23.613+0000] {csv_to_kafka_with_redis.py:84} INFO - Row data before serialization: {'id': '24c12ca4-c673-4bbf-bf51-cc4cc3232e51', 'invoice_id': '669-54-1719', 'branch': 'B', 'city': 'Mandalay', 'customer_type': 'Member', 'gender': 'Male', 'product_line': 'Electronic accessories', 'unit_price': 18.93, 'quantity': 6, 'tax_5_percent': 5.679, 'total': 119.259, 'date': '2/10/2019', 'time': '12:45', 'payment': 'Credit card', 'cogs': 113.58, 'gross_margin_percentage': 4.761904762, 'gross_income': 5.679, 'rating': 8.1}
[2024-12-03T00:33:23.616+0000] {csv_to_kafka_with_redis.py:84} INFO - Row data before serialization: {'id': '11c4485c-9b4c-4501-9444-62f4db20b9df', 'invoice_id': '574-22-5561', 'branch': 'C', 'city': 'Naypyitaw', 'customer_type': 'Member', 'gender': 'Female', 'product_line': 'Fashion accessories', 'unit_price': 82.63, 'quantity': 10, 'tax_5_percent': 41.315, 'total': 867.615, 'date': '3/19/2019', 'time': '17:08', 'payment': 'Ewallet', 'cogs': 826.3, 'gross_margin_percentage': 4.761904762, 'gross_income': 41.315, 'rating': 7.9}
[2024-12-03T00:33:23.643+0000] {csv_to_kafka_with_redis.py:94} INFO - Batch 1 envoyé à Kafka.
[2024-12-03T00:33:23.649+0000] {csv_to_kafka_with_redis.py:98} INFO - Redis batch status: READY
[2024-12-03T00:33:23.653+0000] {csv_to_kafka_with_redis.py:102} INFO - En attente du consommateur...
[2024-12-03T00:33:24.657+0000] {csv_to_kafka_with_redis.py:102} INFO - En attente du consommateur...
[2024-12-03T00:33:25.661+0000] {csv_to_kafka_with_redis.py:102} INFO - En attente du consommateur...
[2024-12-03T00:33:26.665+0000] {csv_to_kafka_with_redis.py:102} INFO - En attente du consommateur...
[2024-12-03T00:33:27.669+0000] {csv_to_kafka_with_redis.py:102} INFO - En attente du consommateur...
[2024-12-03T00:33:28.654+0000] {csv_to_kafka_with_redis.py:102} INFO - En attente du consommateur...
[2024-12-03T00:33:29.657+0000] {csv_to_kafka_with_redis.py:102} INFO - En attente du consommateur...
[2024-12-03T00:33:30.658+0000] {csv_to_kafka_with_redis.py:102} INFO - En attente du consommateur...
[2024-12-03T00:33:31.661+0000] {csv_to_kafka_with_redis.py:102} INFO - En attente du consommateur...
[2024-12-03T00:33:32.664+0000] {csv_to_kafka_with_redis.py:102} INFO - En attente du consommateur...
[2024-12-03T00:33:33.671+0000] {csv_to_kafka_with_redis.py:102} INFO - En attente du consommateur...
[2024-12-03T00:33:34.676+0000] {csv_to_kafka_with_redis.py:102} INFO - En attente du consommateur...
[2024-12-03T00:33:35.679+0000] {csv_to_kafka_with_redis.py:102} INFO - En attente du consommateur...
[2024-12-03T00:33:36.682+0000] {csv_to_kafka_with_redis.py:102} INFO - En attente du consommateur...
[2024-12-03T00:33:37.686+0000] {csv_to_kafka_with_redis.py:102} INFO - En attente du consommateur...
[2024-12-03T00:33:38.690+0000] {csv_to_kafka_with_redis.py:102} INFO - En attente du consommateur...
[2024-12-03T00:33:39.694+0000] {csv_to_kafka_with_redis.py:102} INFO - En attente du consommateur...
[2024-12-03T00:33:40.697+0000] {csv_to_kafka_with_redis.py:102} INFO - En attente du consommateur...
[2024-12-03T00:33:41.701+0000] {csv_to_kafka_with_redis.py:102} INFO - En attente du consommateur...
[2024-12-03T00:33:42.705+0000] {csv_to_kafka_with_redis.py:102} INFO - En attente du consommateur...
[2024-12-03T00:33:43.708+0000] {csv_to_kafka_with_redis.py:102} INFO - En attente du consommateur...
[2024-12-03T00:33:44.713+0000] {csv_to_kafka_with_redis.py:102} INFO - En attente du consommateur...
[2024-12-03T00:33:45.718+0000] {csv_to_kafka_with_redis.py:102} INFO - En attente du consommateur...
[2024-12-03T00:33:46.724+0000] {csv_to_kafka_with_redis.py:102} INFO - En attente du consommateur...
[2024-12-03T00:33:47.727+0000] {csv_to_kafka_with_redis.py:102} INFO - En attente du consommateur...
[2024-12-03T00:33:48.731+0000] {csv_to_kafka_with_redis.py:102} INFO - En attente du consommateur...
[2024-12-03T00:33:49.736+0000] {csv_to_kafka_with_redis.py:102} INFO - En attente du consommateur...
[2024-12-03T00:33:50.739+0000] {csv_to_kafka_with_redis.py:102} INFO - En attente du consommateur...
[2024-12-03T00:33:51.742+0000] {csv_to_kafka_with_redis.py:102} INFO - En attente du consommateur...
[2024-12-03T00:33:52.745+0000] {csv_to_kafka_with_redis.py:102} INFO - En attente du consommateur...
[2024-12-03T00:33:53.747+0000] {csv_to_kafka_with_redis.py:102} INFO - En attente du consommateur...
[2024-12-03T00:33:54.751+0000] {csv_to_kafka_with_redis.py:102} INFO - En attente du consommateur...
[2024-12-03T00:33:55.757+0000] {csv_to_kafka_with_redis.py:102} INFO - En attente du consommateur...
[2024-12-03T00:33:56.762+0000] {csv_to_kafka_with_redis.py:102} INFO - En attente du consommateur...
[2024-12-03T00:33:57.763+0000] {csv_to_kafka_with_redis.py:102} INFO - En attente du consommateur...
[2024-12-03T00:33:58.768+0000] {csv_to_kafka_with_redis.py:102} INFO - En attente du consommateur...
[2024-12-03T00:33:59.772+0000] {csv_to_kafka_with_redis.py:102} INFO - En attente du consommateur...
[2024-12-03T00:34:00.774+0000] {csv_to_kafka_with_redis.py:102} INFO - En attente du consommateur...
[2024-12-03T00:34:01.776+0000] {csv_to_kafka_with_redis.py:102} INFO - En attente du consommateur...
[2024-12-03T00:34:02.779+0000] {csv_to_kafka_with_redis.py:102} INFO - En attente du consommateur...
[2024-12-03T00:34:03.783+0000] {csv_to_kafka_with_redis.py:102} INFO - En attente du consommateur...
[2024-12-03T00:34:04.790+0000] {csv_to_kafka_with_redis.py:102} INFO - En attente du consommateur...
[2024-12-03T00:34:05.793+0000] {csv_to_kafka_with_redis.py:102} INFO - En attente du consommateur...
[2024-12-03T00:34:06.795+0000] {csv_to_kafka_with_redis.py:102} INFO - En attente du consommateur...
[2024-12-03T00:34:07.798+0000] {csv_to_kafka_with_redis.py:102} INFO - En attente du consommateur...
[2024-12-03T00:34:08.465+0000] {local_task_job_runner.py:346} WARNING - State of this instance has been externally set to failed. Terminating instance.
[2024-12-03T00:34:08.469+0000] {local_task_job_runner.py:245} INFO - ::endgroup::
[2024-12-03T00:34:08.476+0000] {process_utils.py:132} INFO - Sending 15 to group 8220. PIDs of all processes in the group: [8220]
[2024-12-03T00:34:08.477+0000] {process_utils.py:87} INFO - Sending the signal 15 to group 8220
[2024-12-03T00:34:08.480+0000] {taskinstance.py:3093} ERROR - Received SIGTERM. Terminating subprocesses.
[2024-12-03T00:34:08.551+0000] {taskinstance.py:340} INFO - ::group::Post task execution logs
[2024-12-03T00:34:08.573+0000] {process_utils.py:80} INFO - Process psutil.Process(pid=8220, status='terminated', exitcode=0, started='00:33:21') (8220) terminated with exit code 0
