[2024-12-02T18:07:32.095+0000] {local_task_job_runner.py:123} INFO - ::group::Pre task execution logs
[2024-12-02T18:07:32.127+0000] {taskinstance.py:2613} INFO - Dependencies all met for dep_context=non-requeueable deps ti=<TaskInstance: consume_kafka_to_hive.consume_kafka_messages manual__2024-12-02T18:07:25.332263+00:00 [queued]>
[2024-12-02T18:07:32.154+0000] {taskinstance.py:2613} INFO - Dependencies all met for dep_context=requeueable deps ti=<TaskInstance: consume_kafka_to_hive.consume_kafka_messages manual__2024-12-02T18:07:25.332263+00:00 [queued]>
[2024-12-02T18:07:32.155+0000] {taskinstance.py:2866} INFO - Starting attempt 1 of 2
[2024-12-02T18:07:32.225+0000] {taskinstance.py:2889} INFO - Executing <Task(PythonOperator): consume_kafka_messages> on 2024-12-02 18:07:25.332263+00:00
[2024-12-02T18:07:32.234+0000] {standard_task_runner.py:72} INFO - Started process 266 to run task
[2024-12-02T18:07:32.239+0000] {standard_task_runner.py:104} INFO - Running: ['airflow', 'tasks', 'run', 'consume_kafka_to_hive', 'consume_kafka_messages', 'manual__2024-12-02T18:07:25.332263+00:00', '--job-id', '149', '--raw', '--subdir', 'DAGS_FOLDER/consume_kafka_to_hive.py', '--cfg-path', '/tmp/tmpr4n9kon_']
[2024-12-02T18:07:32.243+0000] {standard_task_runner.py:105} INFO - Job 149: Subtask consume_kafka_messages
[2024-12-02T18:07:32.494+0000] {task_command.py:467} INFO - Running <TaskInstance: consume_kafka_to_hive.consume_kafka_messages manual__2024-12-02T18:07:25.332263+00:00 [running]> on host 45770b1a429e
[2024-12-02T18:07:32.748+0000] {taskinstance.py:3132} INFO - Exporting env vars: AIRFLOW_CTX_DAG_OWNER='airflow' AIRFLOW_CTX_DAG_ID='consume_kafka_to_hive' AIRFLOW_CTX_TASK_ID='consume_kafka_messages' AIRFLOW_CTX_EXECUTION_DATE='2024-12-02T18:07:25.332263+00:00' AIRFLOW_CTX_TRY_NUMBER='1' AIRFLOW_CTX_DAG_RUN_ID='manual__2024-12-02T18:07:25.332263+00:00'
[2024-12-02T18:07:32.751+0000] {taskinstance.py:731} INFO - ::endgroup::
[2024-12-02T18:07:33.001+0000] {hive.py:475} INFO - USE `default`
[2024-12-02T18:07:33.142+0000] {hive.py:475} INFO - 
    CREATE TABLE IF NOT EXISTS sales (
        id STRING,
        invoice_id STRING,
        branch STRING,
        city STRING,
        customer_type STRING,
        gender STRING,
        product_line STRING,
        unit_price FLOAT,
        quantity INT,
        tax_5_percent FLOAT,
        total FLOAT,
        `date` STRING,
        time STRING,
        payment STRING,
        cogs FLOAT,
        gross_margin_percentage FLOAT,
        gross_income FLOAT,
        rating FLOAT
    ) STORED AS ORC
    
[2024-12-02T18:07:33.204+0000] {consume_kafka_to_hive.py:63} INFO - Subscribed to topic 'topic-hive'
[2024-12-02T18:07:33.230+0000] {consume_kafka_to_hive.py:92} INFO - Consumed message: {'id': '060406dc-35f6-4225-b351-0b1d637a0704', 'invoice_id': '750-67-8428', 'branch': 'A', 'city': 'Yangon', 'customer_type': 'Member', 'gender': 'Female', 'product_line': 'Health and beauty', 'unit_price': 74.69000244140625, 'quantity': 7, 'tax_5_percent': 26.14150047302246, 'total': 548.9714965820312, 'date': '1/5/2019', 'time': '13:08', 'payment': 'Ewallet', 'cogs': 522.8300170898438, 'gross_margin_percentage': 4.761904716491699, 'gross_income': 26.14150047302246, 'rating': 9.100000381469727}
[2024-12-02T18:07:33.233+0000] {hive.py:475} INFO - 
                INSERT INTO sales VALUES (
                    '060406dc-35f6-4225-b351-0b1d637a0704', '750-67-8428', 'A', 'Yangon', 'Member', 'Female', 
                    'Health and beauty', 74.69000244140625, 7, 26.14150047302246, 548.9714965820312, 
                    '1/5/2019', '13:08', 'Ewallet', 522.8300170898438, 4.761904716491699, 
                    26.14150047302246, 9.100000381469727
                )
            
[2024-12-02T18:07:41.265+0000] {consume_kafka_to_hive.py:105} INFO - Inserted message into Hive.
[2024-12-02T18:07:41.268+0000] {consume_kafka_to_hive.py:92} INFO - Consumed message: {'id': '6280c4ac-c946-43b3-9756-f8648666da48', 'invoice_id': '226-31-3081', 'branch': 'C', 'city': 'Naypyitaw', 'customer_type': 'Normal', 'gender': 'Female', 'product_line': 'Electronic accessories', 'unit_price': 15.279999732971191, 'quantity': 5, 'tax_5_percent': 3.819999933242798, 'total': 80.22000122070312, 'date': '3/8/2019', 'time': '10:29', 'payment': 'Cash', 'cogs': 76.4000015258789, 'gross_margin_percentage': 4.761904716491699, 'gross_income': 3.819999933242798, 'rating': 9.600000381469727}
[2024-12-02T18:07:41.285+0000] {hive.py:475} INFO - 
                INSERT INTO sales VALUES (
                    '6280c4ac-c946-43b3-9756-f8648666da48', '226-31-3081', 'C', 'Naypyitaw', 'Normal', 'Female', 
                    'Electronic accessories', 15.279999732971191, 5, 3.819999933242798, 80.22000122070312, 
                    '3/8/2019', '10:29', 'Cash', 76.4000015258789, 4.761904716491699, 
                    3.819999933242798, 9.600000381469727
                )
            
[2024-12-02T18:07:44.265+0000] {consume_kafka_to_hive.py:105} INFO - Inserted message into Hive.
[2024-12-02T18:07:44.267+0000] {consume_kafka_to_hive.py:92} INFO - Consumed message: {'id': 'c76d6a28-f9f4-4414-9e04-78a7f893973b', 'invoice_id': '631-41-3108', 'branch': 'A', 'city': 'Yangon', 'customer_type': 'Normal', 'gender': 'Male', 'product_line': 'Home and lifestyle', 'unit_price': 46.33000183105469, 'quantity': 7, 'tax_5_percent': 16.215499877929688, 'total': 340.5255126953125, 'date': '3/3/2019', 'time': '13:23', 'payment': 'Credit card', 'cogs': 324.30999755859375, 'gross_margin_percentage': 4.761904716491699, 'gross_income': 16.215499877929688, 'rating': 7.400000095367432}
[2024-12-02T18:07:44.277+0000] {hive.py:475} INFO - 
                INSERT INTO sales VALUES (
                    'c76d6a28-f9f4-4414-9e04-78a7f893973b', '631-41-3108', 'A', 'Yangon', 'Normal', 'Male', 
                    'Home and lifestyle', 46.33000183105469, 7, 16.215499877929688, 340.5255126953125, 
                    '3/3/2019', '13:23', 'Credit card', 324.30999755859375, 4.761904716491699, 
                    16.215499877929688, 7.400000095367432
                )
            
[2024-12-02T18:07:47.073+0000] {consume_kafka_to_hive.py:105} INFO - Inserted message into Hive.
[2024-12-02T18:07:47.074+0000] {consume_kafka_to_hive.py:92} INFO - Consumed message: {'id': '4c40d460-5b1c-400c-abd2-ac02f60e2b7c', 'invoice_id': '123-19-1176', 'branch': 'A', 'city': 'Yangon', 'customer_type': 'Member', 'gender': 'Male', 'product_line': 'Health and beauty', 'unit_price': 58.220001220703125, 'quantity': 8, 'tax_5_percent': 23.288000106811523, 'total': 489.0480041503906, 'date': '1/27/2019', 'time': '20:33', 'payment': 'Ewallet', 'cogs': 465.760009765625, 'gross_margin_percentage': 4.761904716491699, 'gross_income': 23.288000106811523, 'rating': 8.399999618530273}
[2024-12-02T18:07:47.084+0000] {hive.py:475} INFO - 
                INSERT INTO sales VALUES (
                    '4c40d460-5b1c-400c-abd2-ac02f60e2b7c', '123-19-1176', 'A', 'Yangon', 'Member', 'Male', 
                    'Health and beauty', 58.220001220703125, 8, 23.288000106811523, 489.0480041503906, 
                    '1/27/2019', '20:33', 'Ewallet', 465.760009765625, 4.761904716491699, 
                    23.288000106811523, 8.399999618530273
                )
            
[2024-12-02T18:07:49.424+0000] {consume_kafka_to_hive.py:105} INFO - Inserted message into Hive.
[2024-12-02T18:07:49.426+0000] {consume_kafka_to_hive.py:92} INFO - Consumed message: {'id': '329dface-34bb-4af5-a93e-d0af86f1f36f', 'invoice_id': '373-73-7910', 'branch': 'A', 'city': 'Yangon', 'customer_type': 'Normal', 'gender': 'Male', 'product_line': 'Sports and travel', 'unit_price': 86.30999755859375, 'quantity': 7, 'tax_5_percent': 30.208499908447266, 'total': 634.3784790039062, 'date': '2/8/2019', 'time': '10:37', 'payment': 'Ewallet', 'cogs': 604.1699829101562, 'gross_margin_percentage': 4.761904716491699, 'gross_income': 30.208499908447266, 'rating': 5.300000190734863}
[2024-12-02T18:07:49.440+0000] {hive.py:475} INFO - 
                INSERT INTO sales VALUES (
                    '329dface-34bb-4af5-a93e-d0af86f1f36f', '373-73-7910', 'A', 'Yangon', 'Normal', 'Male', 
                    'Sports and travel', 86.30999755859375, 7, 30.208499908447266, 634.3784790039062, 
                    '2/8/2019', '10:37', 'Ewallet', 604.1699829101562, 4.761904716491699, 
                    30.208499908447266, 5.300000190734863
                )
            
[2024-12-02T18:07:52.246+0000] {consume_kafka_to_hive.py:105} INFO - Inserted message into Hive.
[2024-12-02T18:07:52.248+0000] {consume_kafka_to_hive.py:92} INFO - Consumed message: {'id': '43116cd5-0549-4f45-a01d-b3a1d52a020e', 'invoice_id': '699-14-3026', 'branch': 'C', 'city': 'Naypyitaw', 'customer_type': 'Normal', 'gender': 'Male', 'product_line': 'Electronic accessories', 'unit_price': 85.38999938964844, 'quantity': 7, 'tax_5_percent': 29.886499404907227, 'total': 627.6165161132812, 'date': '3/25/2019', 'time': '18:30', 'payment': 'Ewallet', 'cogs': 597.72998046875, 'gross_margin_percentage': 4.761904716491699, 'gross_income': 29.886499404907227, 'rating': 4.099999904632568}
[2024-12-02T18:07:52.261+0000] {hive.py:475} INFO - 
                INSERT INTO sales VALUES (
                    '43116cd5-0549-4f45-a01d-b3a1d52a020e', '699-14-3026', 'C', 'Naypyitaw', 'Normal', 'Male', 
                    'Electronic accessories', 85.38999938964844, 7, 29.886499404907227, 627.6165161132812, 
                    '3/25/2019', '18:30', 'Ewallet', 597.72998046875, 4.761904716491699, 
                    29.886499404907227, 4.099999904632568
                )
            
[2024-12-02T18:07:55.479+0000] {consume_kafka_to_hive.py:105} INFO - Inserted message into Hive.
[2024-12-02T18:07:55.482+0000] {consume_kafka_to_hive.py:92} INFO - Consumed message: {'id': 'b33e2d22-5010-41c1-b20e-00a97b1a98b7', 'invoice_id': '355-53-5943', 'branch': 'A', 'city': 'Yangon', 'customer_type': 'Member', 'gender': 'Female', 'product_line': 'Electronic accessories', 'unit_price': 68.83999633789062, 'quantity': 6, 'tax_5_percent': 20.652000427246094, 'total': 433.6919860839844, 'date': '2/25/2019', 'time': '14:36', 'payment': 'Ewallet', 'cogs': 413.0400085449219, 'gross_margin_percentage': 4.761904716491699, 'gross_income': 20.652000427246094, 'rating': 5.800000190734863}
[2024-12-02T18:07:55.501+0000] {hive.py:475} INFO - 
                INSERT INTO sales VALUES (
                    'b33e2d22-5010-41c1-b20e-00a97b1a98b7', '355-53-5943', 'A', 'Yangon', 'Member', 'Female', 
                    'Electronic accessories', 68.83999633789062, 6, 20.652000427246094, 433.6919860839844, 
                    '2/25/2019', '14:36', 'Ewallet', 413.0400085449219, 4.761904716491699, 
                    20.652000427246094, 5.800000190734863
                )
            
[2024-12-02T18:07:58.471+0000] {consume_kafka_to_hive.py:105} INFO - Inserted message into Hive.
[2024-12-02T18:07:58.473+0000] {consume_kafka_to_hive.py:92} INFO - Consumed message: {'id': 'a6d1478d-9a30-47e5-af16-4fa6c4f3605a', 'invoice_id': '315-22-5665', 'branch': 'C', 'city': 'Naypyitaw', 'customer_type': 'Normal', 'gender': 'Female', 'product_line': 'Home and lifestyle', 'unit_price': 73.55999755859375, 'quantity': 10, 'tax_5_percent': 36.779998779296875, 'total': 772.3800048828125, 'date': '2/24/2019', 'time': '11:38', 'payment': 'Ewallet', 'cogs': 735.5999755859375, 'gross_margin_percentage': 4.761904716491699, 'gross_income': 36.779998779296875, 'rating': 8.0}
[2024-12-02T18:07:58.486+0000] {hive.py:475} INFO - 
                INSERT INTO sales VALUES (
                    'a6d1478d-9a30-47e5-af16-4fa6c4f3605a', '315-22-5665', 'C', 'Naypyitaw', 'Normal', 'Female', 
                    'Home and lifestyle', 73.55999755859375, 10, 36.779998779296875, 772.3800048828125, 
                    '2/24/2019', '11:38', 'Ewallet', 735.5999755859375, 4.761904716491699, 
                    36.779998779296875, 8.0
                )
            
[2024-12-02T18:08:00.896+0000] {consume_kafka_to_hive.py:105} INFO - Inserted message into Hive.
[2024-12-02T18:08:00.898+0000] {consume_kafka_to_hive.py:92} INFO - Consumed message: {'id': 'e903e3e2-3446-460a-949c-afeb3179fbb5', 'invoice_id': '665-32-9167', 'branch': 'A', 'city': 'Yangon', 'customer_type': 'Member', 'gender': 'Female', 'product_line': 'Health and beauty', 'unit_price': 36.2599983215332, 'quantity': 2, 'tax_5_percent': 3.625999927520752, 'total': 76.14600372314453, 'date': '1/10/2019', 'time': '17:15', 'payment': 'Credit card', 'cogs': 72.5199966430664, 'gross_margin_percentage': 4.761904716491699, 'gross_income': 3.625999927520752, 'rating': 7.199999809265137}
[2024-12-02T18:08:00.906+0000] {hive.py:475} INFO - 
                INSERT INTO sales VALUES (
                    'e903e3e2-3446-460a-949c-afeb3179fbb5', '665-32-9167', 'A', 'Yangon', 'Member', 'Female', 
                    'Health and beauty', 36.2599983215332, 2, 3.625999927520752, 76.14600372314453, 
                    '1/10/2019', '17:15', 'Credit card', 72.5199966430664, 4.761904716491699, 
                    3.625999927520752, 7.199999809265137
                )
            
[2024-12-02T18:08:03.636+0000] {consume_kafka_to_hive.py:105} INFO - Inserted message into Hive.
[2024-12-02T18:39:46.773+0000] {local_task_job_runner.py:346} WARNING - State of this instance has been externally set to queued. Terminating instance.
[2024-12-02T18:39:46.803+0000] {local_task_job_runner.py:245} INFO - ::endgroup::
[2024-12-02T18:39:46.809+0000] {process_utils.py:132} INFO - Sending 15 to group 266. PIDs of all processes in the group: [266]
[2024-12-02T18:39:46.820+0000] {process_utils.py:87} INFO - Sending the signal 15 to group 266
[2024-12-02T18:39:47.132+0000] {taskinstance.py:3093} ERROR - Received SIGTERM. Terminating subprocesses.
[2024-12-02T18:39:47.434+0000] {taskinstance.py:3311} ERROR - Task failed with exception
Traceback (most recent call last):
  File "/home/airflow/.local/lib/python3.12/site-packages/airflow/models/taskinstance.py", line 767, in _execute_task
    result = _execute_callable(context=context, **execute_callable_kwargs)
             ^^^^^^^^^^^^^^^^^^^^^^^^^^^^^^^^^^^^^^^^^^^^^^^^^^^^^^^^^^^^^
  File "/home/airflow/.local/lib/python3.12/site-packages/airflow/models/taskinstance.py", line 733, in _execute_callable
    return ExecutionCallableRunner(
           ^^^^^^^^^^^^^^^^^^^^^^^^
  File "/home/airflow/.local/lib/python3.12/site-packages/airflow/utils/operator_helpers.py", line 252, in run
    return self.func(*args, **kwargs)
           ^^^^^^^^^^^^^^^^^^^^^^^^^^
  File "/home/airflow/.local/lib/python3.12/site-packages/airflow/models/baseoperator.py", line 417, in wrapper
    return func(self, *args, **kwargs)
           ^^^^^^^^^^^^^^^^^^^^^^^^^^^
  File "/home/airflow/.local/lib/python3.12/site-packages/airflow/operators/python.py", line 238, in execute
    return_value = self.execute_callable()
                   ^^^^^^^^^^^^^^^^^^^^^^^
  File "/home/airflow/.local/lib/python3.12/site-packages/airflow/operators/python.py", line 256, in execute_callable
    return runner.run(*self.op_args, **self.op_kwargs)
           ^^^^^^^^^^^^^^^^^^^^^^^^^^^^^^^^^^^^^^^^^^^
  File "/home/airflow/.local/lib/python3.12/site-packages/airflow/utils/operator_helpers.py", line 252, in run
    return self.func(*args, **kwargs)
           ^^^^^^^^^^^^^^^^^^^^^^^^^^
  File "/opt/airflow/dags/consume_kafka_to_hive.py", line 68, in consume_kafka_to_hive
    msg = consumer.poll(timeout=1.0)
          ^^^^^^^^^^^^^^^^^^^^^^^^^^
  File "/home/airflow/.local/lib/python3.12/site-packages/airflow/models/taskinstance.py", line 3095, in signal_handler
    raise AirflowTaskTerminated("Task received SIGTERM signal")
airflow.exceptions.AirflowTaskTerminated: Task received SIGTERM signal
[2024-12-02T18:39:47.477+0000] {taskinstance.py:1225} INFO - Marking task as FAILED. dag_id=consume_kafka_to_hive, task_id=consume_kafka_messages, run_id=manual__2024-12-02T18:07:25.332263+00:00, execution_date=20241202T180725, start_date=20241202T180732, end_date=20241202T183947
[2024-12-02T18:39:47.592+0000] {taskinstance.py:340} INFO - ::group::Post task execution logs
[2024-12-02T18:39:47.641+0000] {process_utils.py:80} INFO - Process psutil.Process(pid=266, status='terminated', exitcode=2, started='18:07:31') (266) terminated with exit code 2
