[2024-12-03T00:01:25.034+0000] {local_task_job_runner.py:123} INFO - ::group::Pre task execution logs
[2024-12-03T00:01:25.120+0000] {taskinstance.py:2613} INFO - Dependencies all met for dep_context=non-requeueable deps ti=<TaskInstance: dag1.process_task_tag2 scheduled__2024-12-02T00:00:00+00:00 [queued]>
[2024-12-03T00:01:25.201+0000] {taskinstance.py:2613} INFO - Dependencies all met for dep_context=requeueable deps ti=<TaskInstance: dag1.process_task_tag2 scheduled__2024-12-02T00:00:00+00:00 [queued]>
[2024-12-03T00:01:25.206+0000] {taskinstance.py:2866} INFO - Starting attempt 1 of 1
[2024-12-03T00:01:25.434+0000] {taskinstance.py:2889} INFO - Executing <Task(PythonOperator): process_task_tag2> on 2024-12-02 00:00:00+00:00
[2024-12-03T00:01:25.482+0000] {standard_task_runner.py:104} INFO - Running: ['airflow', 'tasks', 'run', 'dag1', 'process_task_tag2', 'scheduled__2024-12-02T00:00:00+00:00', '--job-id', '170', '--raw', '--subdir', 'DAGS_FOLDER/dag_data.py', '--cfg-path', '/tmp/tmp107mbu4k']
[2024-12-03T00:01:25.490+0000] {logging_mixin.py:190} WARNING - /home/airflow/.local/lib/python3.12/site-packages/airflow/task/task_runner/standard_task_runner.py:70 DeprecationWarning: This process (pid=7619) is multi-threaded, use of fork() may lead to deadlocks in the child.
[2024-12-03T00:01:25.495+0000] {standard_task_runner.py:105} INFO - Job 170: Subtask process_task_tag2
[2024-12-03T00:01:25.496+0000] {standard_task_runner.py:72} INFO - Started process 7633 to run task
[2024-12-03T00:01:26.010+0000] {task_command.py:467} INFO - Running <TaskInstance: dag1.process_task_tag2 scheduled__2024-12-02T00:00:00+00:00 [running]> on host 45770b1a429e
[2024-12-03T00:01:26.725+0000] {taskinstance.py:3132} INFO - Exporting env vars: AIRFLOW_CTX_DAG_OWNER='admin' AIRFLOW_CTX_DAG_ID='dag1' AIRFLOW_CTX_TASK_ID='process_task_tag2' AIRFLOW_CTX_EXECUTION_DATE='2024-12-02T00:00:00+00:00' AIRFLOW_CTX_TRY_NUMBER='1' AIRFLOW_CTX_DAG_RUN_ID='scheduled__2024-12-02T00:00:00+00:00'
[2024-12-03T00:01:26.738+0000] {taskinstance.py:731} INFO - ::endgroup::
[2024-12-03T00:01:27.184+0000] {dag_data.py:49} INFO - Processing chunk:     Invoice ID Branch       City  ... gross margin percentage gross income Rating
0  750-67-8428      A     Yangon  ...                4.761905      26.1415    9.1
1  226-31-3081      C  Naypyitaw  ...                4.761905       3.8200    9.6
2  631-41-3108      A     Yangon  ...                4.761905      16.2155    7.4
3  123-19-1176      A     Yangon  ...                4.761905      23.2880    8.4
4  373-73-7910      A     Yangon  ...                4.761905      30.2085    5.3

[5 rows x 17 columns]
[2024-12-03T00:01:57.358+0000] {dag_data.py:49} INFO - Processing chunk:      Invoice ID Branch  ... gross income Rating
50  326-78-5178      C  ...      31.9900    9.5
51  162-48-8011      A  ...      11.1475    8.5
52  616-24-2851      B  ...       3.5740    6.5
53  778-71-5554      C  ...       0.7715    6.1
54  242-55-6721      B  ...       1.6160    6.5

[5 rows x 17 columns]
[2024-12-03T00:02:27.414+0000] {dag_data.py:49} INFO - Processing chunk:       Invoice ID Branch  ... gross income Rating
100  163-56-7055      C  ...       2.4355    4.1
101  189-98-2939      C  ...      35.3475    7.2
102  551-21-3069      C  ...      10.3815    4.9
103  212-62-1842      A  ...      17.4780    9.9
104  716-39-1409      B  ...      10.6225    8.0

[5 rows x 17 columns]
[2024-12-03T00:02:57.430+0000] {dag_data.py:49} INFO - Processing chunk:       Invoice ID Branch  ... gross income Rating
150  608-96-3517      B  ...       18.308    4.8
151  584-86-7256      C  ...       12.096    7.3
152  746-94-0204      A  ...       37.458    7.4
153  214-17-6927      C  ...        4.944    9.9
154  400-89-4171      C  ...       32.388    9.3

[5 rows x 17 columns]
[2024-12-03T00:03:27.462+0000] {dag_data.py:49} INFO - Processing chunk:       Invoice ID Branch  ... gross income Rating
200  606-80-4905      C  ...       5.7450    6.8
201  542-41-0513      B  ...      11.4980    6.6
202  426-39-2418      C  ...      21.4935    9.8
203  875-46-5808      B  ...      12.9500    8.7
204  394-43-4238      B  ...       4.4425    5.4

[5 rows x 17 columns]
[2024-12-03T00:03:57.485+0000] {dag_data.py:49} INFO - Processing chunk:       Invoice ID Branch  ... gross income Rating
250  845-51-0542      B  ...      20.9475    6.4
251  662-47-5456      C  ...      17.5950    8.4
252  883-17-4236      C  ...       1.4390    7.2
253  290-68-2984      A  ...       4.7500    5.2
254  704-11-6354      A  ...      23.5600    8.9

[5 rows x 17 columns]
[2024-12-03T00:04:27.502+0000] {dag_data.py:49} INFO - Processing chunk:       Invoice ID Branch  ... gross income Rating
300  446-47-6729      C  ...       9.9820    6.7
301  573-10-3877      B  ...       1.9505    4.7
302  735-06-4124      C  ...       2.4305    4.4
303  439-54-7422      A  ...      10.2380    4.7
304  396-90-2219      B  ...       5.9840    8.6

[5 rows x 17 columns]
[2024-12-03T00:04:57.517+0000] {dag_data.py:49} INFO - Processing chunk:       Invoice ID Branch  ... gross income Rating
350  860-79-0874      C  ...      49.6500    6.6
351  834-61-8124      A  ...      18.0915    5.5
352  115-99-4379      B  ...      19.1555    8.5
353  565-67-6697      B  ...      12.1500    4.8
354  320-49-6392      C  ...       1.5120    8.4

[5 rows x 17 columns]
[2024-12-03T00:05:27.537+0000] {dag_data.py:49} INFO - Processing chunk:       Invoice ID Branch  ... gross income Rating
400  110-05-6330      C  ...      11.8290    9.4
401  651-61-0874      C  ...       9.2440    6.2
402  236-86-3015      C  ...       0.6990    9.8
403  831-64-0259      B  ...       9.9375    9.6
404  587-03-7455      C  ...      34.2265    4.9

[5 rows x 17 columns]
[2024-12-03T00:05:57.553+0000] {dag_data.py:49} INFO - Processing chunk:       Invoice ID Branch  ... gross income Rating
450  891-01-7034      B  ...      22.4130    6.7
451  744-09-5786      B  ...       6.6030    7.6
452  727-17-0390      A  ...      15.9025    4.8
453  568-88-3448      A  ...       1.2500    5.5
454  187-83-5490      A  ...       4.1540    4.7

[5 rows x 17 columns]
[2024-12-03T00:06:27.572+0000] {dag_data.py:49} INFO - Processing chunk:       Invoice ID Branch  ... gross income Rating
500  277-63-2961      B  ...       3.6985    5.4
501  573-98-8548      C  ...       1.5950    9.1
502  620-02-2046      C  ...       6.9400    9.0
503  282-35-2475      B  ...       9.3310    6.3
504  511-54-3087      B  ...       4.4225    9.5

[5 rows x 17 columns]
[2024-12-03T00:06:57.595+0000] {dag_data.py:49} INFO - Processing chunk:       Invoice ID Branch  ... gross income Rating
550  747-58-7183      B  ...       8.5905    6.5
551  582-52-8065      B  ...      24.4395    8.9
552  210-57-1719      B  ...      26.2080    9.7
553  399-69-4630      C  ...       6.6630    8.6
554  134-75-2619      A  ...       6.7620    6.9

[5 rows x 17 columns]
[2024-12-03T00:07:27.614+0000] {dag_data.py:49} INFO - Processing chunk:       Invoice ID Branch  ... gross income Rating
600  219-61-4139      C  ...       4.1540    6.4
601  881-41-7302      C  ...       3.2495    4.5
602  373-09-4567      C  ...      38.7800    6.9
603  642-30-6693      B  ...      16.3530    7.8
604  484-22-8230      C  ...      18.1615    4.5

[5 rows x 17 columns]
[2024-12-03T00:07:57.634+0000] {dag_data.py:49} INFO - Processing chunk:       Invoice ID Branch  ... gross income Rating
650  369-82-2676      B  ...       18.915    7.8
651  563-47-4072      B  ...       16.743    9.9
652  742-04-5161      A  ...       36.390    7.3
653  149-15-7606      B  ...       16.794    5.1
654  133-77-3154      B  ...       12.036    9.4

[5 rows x 17 columns]
[2024-12-03T00:08:27.653+0000] {dag_data.py:49} INFO - Processing chunk:       Invoice ID Branch  ... gross income Rating
700  626-43-7888      C  ...      24.1640    9.6
701  176-64-7711      B  ...       4.8480    4.3
702  191-29-0321      B  ...       9.8850    5.0
703  729-06-2010      B  ...      36.2115    9.2
704  640-48-5028      B  ...      39.7755    6.3

[5 rows x 17 columns]
[2024-12-03T00:08:57.670+0000] {dag_data.py:49} INFO - Processing chunk:       Invoice ID Branch  ... gross income Rating
750  210-30-7976      B  ...       4.4640    4.1
751  585-86-8361      A  ...       6.8200    8.6
752  807-14-7833      A  ...       8.7100    7.0
753  775-72-1988      B  ...      18.3200    8.4
754  288-38-3758      C  ...      12.7305    7.4

[5 rows x 17 columns]
[2024-12-03T00:09:27.687+0000] {dag_data.py:49} INFO - Processing chunk:       Invoice ID Branch  ... gross income Rating
800  751-15-6198      B  ...       6.9030    7.9
801  324-41-6833      C  ...      12.0800    5.1
802  474-33-8305      C  ...      23.5865    6.9
803  759-29-9521      A  ...      22.0320    8.0
804  831-81-6575      B  ...      34.0155    8.0

[5 rows x 17 columns]
[2024-12-03T00:09:57.703+0000] {dag_data.py:49} INFO - Processing chunk:       Invoice ID Branch  ... gross income Rating
850  843-73-4724      A  ...       3.7050    9.2
851  409-33-9708      A  ...       9.8480    9.2
852  658-66-3967      C  ...      18.6165    5.0
853  866-70-2814      B  ...      26.3950   10.0
854  160-22-2687      A  ...      23.9875    8.8

[5 rows x 17 columns]
[2024-12-03T00:10:27.724+0000] {dag_data.py:49} INFO - Processing chunk:       Invoice ID Branch  ... gross income Rating
900  377-79-7592      C  ...      20.1780    7.5
901  509-10-0516      B  ...       9.1940    5.1
902  595-94-9924      A  ...       6.9325    4.2
903  865-41-9075      A  ...       4.0355    8.1
904  545-07-8534      C  ...       5.8320    6.0

[5 rows x 17 columns]
[2024-12-03T00:10:57.781+0000] {dag_data.py:49} INFO - Processing chunk:       Invoice ID Branch  ... gross income Rating
950  503-21-4385      B  ...       5.9865    9.3
951  305-89-2768      B  ...       3.2850    4.7
952  574-80-1489      B  ...      12.5700    8.7
953  784-08-0310      C  ...       4.2080    7.6
954  200-40-6154      B  ...      19.7730    5.7

[5 rows x 17 columns]
[2024-12-03T00:11:27.789+0000] {dag_data.py:22} INFO - Message delivered to api [0]
[2024-12-03T00:11:27.792+0000] {dag_data.py:22} INFO - Message delivered to api [0]
[2024-12-03T00:11:27.792+0000] {dag_data.py:22} INFO - Message delivered to api [0]
[2024-12-03T00:11:27.793+0000] {dag_data.py:22} INFO - Message delivered to api [0]
[2024-12-03T00:11:27.793+0000] {dag_data.py:22} INFO - Message delivered to api [0]
[2024-12-03T00:11:27.794+0000] {dag_data.py:22} INFO - Message delivered to api [0]
[2024-12-03T00:11:27.794+0000] {dag_data.py:22} INFO - Message delivered to api [0]
[2024-12-03T00:11:27.795+0000] {dag_data.py:22} INFO - Message delivered to api [0]
[2024-12-03T00:11:27.795+0000] {dag_data.py:22} INFO - Message delivered to api [0]
[2024-12-03T00:11:27.796+0000] {dag_data.py:22} INFO - Message delivered to api [0]
[2024-12-03T00:11:27.797+0000] {dag_data.py:22} INFO - Message delivered to api [0]
[2024-12-03T00:11:27.798+0000] {dag_data.py:22} INFO - Message delivered to api [0]
[2024-12-03T00:11:27.799+0000] {dag_data.py:22} INFO - Message delivered to api [0]
[2024-12-03T00:11:27.799+0000] {dag_data.py:22} INFO - Message delivered to api [0]
[2024-12-03T00:11:27.800+0000] {dag_data.py:22} INFO - Message delivered to api [0]
[2024-12-03T00:11:27.801+0000] {dag_data.py:22} INFO - Message delivered to api [0]
[2024-12-03T00:11:27.802+0000] {dag_data.py:22} INFO - Message delivered to api [0]
[2024-12-03T00:11:27.802+0000] {dag_data.py:22} INFO - Message delivered to api [0]
[2024-12-03T00:11:27.803+0000] {dag_data.py:22} INFO - Message delivered to api [0]
[2024-12-03T00:11:27.804+0000] {dag_data.py:22} INFO - Message delivered to api [0]
[2024-12-03T00:11:27.804+0000] {dag_data.py:22} INFO - Message delivered to api [0]
[2024-12-03T00:11:27.805+0000] {dag_data.py:22} INFO - Message delivered to api [0]
[2024-12-03T00:11:27.806+0000] {dag_data.py:22} INFO - Message delivered to api [0]
[2024-12-03T00:11:27.807+0000] {dag_data.py:22} INFO - Message delivered to api [0]
[2024-12-03T00:11:27.807+0000] {dag_data.py:22} INFO - Message delivered to api [0]
[2024-12-03T00:11:27.808+0000] {dag_data.py:22} INFO - Message delivered to api [0]
[2024-12-03T00:11:27.808+0000] {dag_data.py:22} INFO - Message delivered to api [0]
[2024-12-03T00:11:27.809+0000] {dag_data.py:22} INFO - Message delivered to api [0]
[2024-12-03T00:11:27.809+0000] {dag_data.py:22} INFO - Message delivered to api [0]
[2024-12-03T00:11:27.810+0000] {dag_data.py:22} INFO - Message delivered to api [0]
[2024-12-03T00:11:27.811+0000] {dag_data.py:22} INFO - Message delivered to api [0]
[2024-12-03T00:11:27.811+0000] {dag_data.py:22} INFO - Message delivered to api [0]
[2024-12-03T00:11:27.812+0000] {dag_data.py:22} INFO - Message delivered to api [0]
[2024-12-03T00:11:27.813+0000] {dag_data.py:22} INFO - Message delivered to api [0]
[2024-12-03T00:11:27.814+0000] {dag_data.py:22} INFO - Message delivered to api [0]
[2024-12-03T00:11:27.815+0000] {dag_data.py:22} INFO - Message delivered to api [0]
[2024-12-03T00:11:27.815+0000] {dag_data.py:22} INFO - Message delivered to api [0]
[2024-12-03T00:11:27.816+0000] {dag_data.py:22} INFO - Message delivered to api [0]
[2024-12-03T00:11:27.816+0000] {dag_data.py:22} INFO - Message delivered to api [0]
[2024-12-03T00:11:27.817+0000] {dag_data.py:22} INFO - Message delivered to api [0]
[2024-12-03T00:11:27.818+0000] {dag_data.py:22} INFO - Message delivered to api [0]
[2024-12-03T00:11:27.818+0000] {dag_data.py:22} INFO - Message delivered to api [0]
[2024-12-03T00:11:27.819+0000] {dag_data.py:22} INFO - Message delivered to api [0]
[2024-12-03T00:11:27.820+0000] {dag_data.py:22} INFO - Message delivered to api [0]
[2024-12-03T00:11:27.820+0000] {dag_data.py:22} INFO - Message delivered to api [0]
[2024-12-03T00:11:27.821+0000] {dag_data.py:22} INFO - Message delivered to api [0]
[2024-12-03T00:11:27.822+0000] {dag_data.py:22} INFO - Message delivered to api [0]
[2024-12-03T00:11:27.822+0000] {dag_data.py:22} INFO - Message delivered to api [0]
[2024-12-03T00:11:27.823+0000] {dag_data.py:22} INFO - Message delivered to api [0]
[2024-12-03T00:11:27.823+0000] {dag_data.py:22} INFO - Message delivered to api [0]
[2024-12-03T00:11:27.824+0000] {dag_data.py:22} INFO - Message delivered to api [0]
[2024-12-03T00:11:27.825+0000] {dag_data.py:22} INFO - Message delivered to api [0]
[2024-12-03T00:11:27.825+0000] {dag_data.py:22} INFO - Message delivered to api [0]
[2024-12-03T00:11:27.826+0000] {dag_data.py:22} INFO - Message delivered to api [0]
[2024-12-03T00:11:27.826+0000] {dag_data.py:22} INFO - Message delivered to api [0]
[2024-12-03T00:11:27.827+0000] {dag_data.py:22} INFO - Message delivered to api [0]
[2024-12-03T00:11:27.828+0000] {dag_data.py:22} INFO - Message delivered to api [0]
[2024-12-03T00:11:27.828+0000] {dag_data.py:22} INFO - Message delivered to api [0]
[2024-12-03T00:11:27.829+0000] {dag_data.py:22} INFO - Message delivered to api [0]
[2024-12-03T00:11:27.829+0000] {dag_data.py:22} INFO - Message delivered to api [0]
[2024-12-03T00:11:27.830+0000] {dag_data.py:22} INFO - Message delivered to api [0]
[2024-12-03T00:11:27.831+0000] {dag_data.py:22} INFO - Message delivered to api [0]
[2024-12-03T00:11:27.832+0000] {dag_data.py:22} INFO - Message delivered to api [0]
[2024-12-03T00:11:27.832+0000] {dag_data.py:22} INFO - Message delivered to api [0]
[2024-12-03T00:11:27.833+0000] {dag_data.py:22} INFO - Message delivered to api [0]
[2024-12-03T00:11:27.834+0000] {dag_data.py:22} INFO - Message delivered to api [0]
[2024-12-03T00:11:27.834+0000] {dag_data.py:22} INFO - Message delivered to api [0]
[2024-12-03T00:11:27.835+0000] {dag_data.py:22} INFO - Message delivered to api [0]
[2024-12-03T00:11:27.836+0000] {dag_data.py:22} INFO - Message delivered to api [0]
[2024-12-03T00:11:27.836+0000] {dag_data.py:22} INFO - Message delivered to api [0]
[2024-12-03T00:11:27.837+0000] {dag_data.py:22} INFO - Message delivered to api [0]
[2024-12-03T00:11:27.837+0000] {dag_data.py:22} INFO - Message delivered to api [0]
[2024-12-03T00:11:27.838+0000] {dag_data.py:22} INFO - Message delivered to api [0]
[2024-12-03T00:11:27.838+0000] {dag_data.py:22} INFO - Message delivered to api [0]
[2024-12-03T00:11:27.839+0000] {dag_data.py:22} INFO - Message delivered to api [0]
[2024-12-03T00:11:27.839+0000] {dag_data.py:22} INFO - Message delivered to api [0]
[2024-12-03T00:11:27.840+0000] {dag_data.py:22} INFO - Message delivered to api [0]
[2024-12-03T00:11:27.841+0000] {dag_data.py:22} INFO - Message delivered to api [0]
[2024-12-03T00:11:27.841+0000] {dag_data.py:22} INFO - Message delivered to api [0]
[2024-12-03T00:11:27.842+0000] {dag_data.py:22} INFO - Message delivered to api [0]
[2024-12-03T00:11:27.842+0000] {dag_data.py:22} INFO - Message delivered to api [0]
[2024-12-03T00:11:27.843+0000] {dag_data.py:22} INFO - Message delivered to api [0]
[2024-12-03T00:11:27.843+0000] {dag_data.py:22} INFO - Message delivered to api [0]
[2024-12-03T00:11:27.844+0000] {dag_data.py:22} INFO - Message delivered to api [0]
[2024-12-03T00:11:27.844+0000] {dag_data.py:22} INFO - Message delivered to api [0]
[2024-12-03T00:11:27.845+0000] {dag_data.py:22} INFO - Message delivered to api [0]
[2024-12-03T00:11:27.846+0000] {dag_data.py:22} INFO - Message delivered to api [0]
[2024-12-03T00:11:27.846+0000] {dag_data.py:22} INFO - Message delivered to api [0]
[2024-12-03T00:11:27.847+0000] {dag_data.py:22} INFO - Message delivered to api [0]
[2024-12-03T00:11:27.847+0000] {dag_data.py:22} INFO - Message delivered to api [0]
[2024-12-03T00:11:27.848+0000] {dag_data.py:22} INFO - Message delivered to api [0]
[2024-12-03T00:11:27.849+0000] {dag_data.py:22} INFO - Message delivered to api [0]
[2024-12-03T00:11:27.849+0000] {dag_data.py:22} INFO - Message delivered to api [0]
[2024-12-03T00:11:27.850+0000] {dag_data.py:22} INFO - Message delivered to api [0]
[2024-12-03T00:11:27.850+0000] {dag_data.py:22} INFO - Message delivered to api [0]
[2024-12-03T00:11:27.851+0000] {dag_data.py:22} INFO - Message delivered to api [0]
[2024-12-03T00:11:27.852+0000] {dag_data.py:22} INFO - Message delivered to api [0]
[2024-12-03T00:11:27.852+0000] {dag_data.py:22} INFO - Message delivered to api [0]
[2024-12-03T00:11:27.853+0000] {dag_data.py:22} INFO - Message delivered to api [0]
[2024-12-03T00:11:27.854+0000] {dag_data.py:22} INFO - Message delivered to api [0]
[2024-12-03T00:11:27.854+0000] {dag_data.py:22} INFO - Message delivered to api [0]
[2024-12-03T00:11:27.855+0000] {dag_data.py:22} INFO - Message delivered to api [0]
[2024-12-03T00:11:27.855+0000] {dag_data.py:22} INFO - Message delivered to api [0]
[2024-12-03T00:11:27.856+0000] {dag_data.py:22} INFO - Message delivered to api [0]
[2024-12-03T00:11:27.857+0000] {dag_data.py:22} INFO - Message delivered to api [0]
[2024-12-03T00:11:27.857+0000] {dag_data.py:22} INFO - Message delivered to api [0]
[2024-12-03T00:11:27.858+0000] {dag_data.py:22} INFO - Message delivered to api [0]
[2024-12-03T00:11:27.858+0000] {dag_data.py:22} INFO - Message delivered to api [0]
[2024-12-03T00:11:27.859+0000] {dag_data.py:22} INFO - Message delivered to api [0]
[2024-12-03T00:11:27.860+0000] {dag_data.py:22} INFO - Message delivered to api [0]
[2024-12-03T00:11:27.860+0000] {dag_data.py:22} INFO - Message delivered to api [0]
[2024-12-03T00:11:27.861+0000] {dag_data.py:22} INFO - Message delivered to api [0]
[2024-12-03T00:11:27.861+0000] {dag_data.py:22} INFO - Message delivered to api [0]
[2024-12-03T00:11:27.862+0000] {dag_data.py:22} INFO - Message delivered to api [0]
[2024-12-03T00:11:27.863+0000] {dag_data.py:22} INFO - Message delivered to api [0]
[2024-12-03T00:11:27.864+0000] {dag_data.py:22} INFO - Message delivered to api [0]
[2024-12-03T00:11:27.864+0000] {dag_data.py:22} INFO - Message delivered to api [0]
[2024-12-03T00:11:27.865+0000] {dag_data.py:22} INFO - Message delivered to api [0]
[2024-12-03T00:11:27.865+0000] {dag_data.py:22} INFO - Message delivered to api [0]
[2024-12-03T00:11:27.866+0000] {dag_data.py:22} INFO - Message delivered to api [0]
[2024-12-03T00:11:27.866+0000] {dag_data.py:22} INFO - Message delivered to api [0]
[2024-12-03T00:11:27.867+0000] {dag_data.py:22} INFO - Message delivered to api [0]
[2024-12-03T00:11:27.868+0000] {dag_data.py:22} INFO - Message delivered to api [0]
[2024-12-03T00:11:27.868+0000] {dag_data.py:22} INFO - Message delivered to api [0]
[2024-12-03T00:11:27.869+0000] {dag_data.py:22} INFO - Message delivered to api [0]
[2024-12-03T00:11:27.869+0000] {dag_data.py:22} INFO - Message delivered to api [0]
[2024-12-03T00:11:27.870+0000] {dag_data.py:22} INFO - Message delivered to api [0]
[2024-12-03T00:11:27.870+0000] {dag_data.py:22} INFO - Message delivered to api [0]
[2024-12-03T00:11:27.871+0000] {dag_data.py:22} INFO - Message delivered to api [0]
[2024-12-03T00:11:27.872+0000] {dag_data.py:22} INFO - Message delivered to api [0]
[2024-12-03T00:11:27.872+0000] {dag_data.py:22} INFO - Message delivered to api [0]
[2024-12-03T00:11:27.873+0000] {dag_data.py:22} INFO - Message delivered to api [0]
[2024-12-03T00:11:27.874+0000] {dag_data.py:22} INFO - Message delivered to api [0]
[2024-12-03T00:11:27.874+0000] {dag_data.py:22} INFO - Message delivered to api [0]
[2024-12-03T00:11:27.875+0000] {dag_data.py:22} INFO - Message delivered to api [0]
[2024-12-03T00:11:27.875+0000] {dag_data.py:22} INFO - Message delivered to api [0]
[2024-12-03T00:11:27.876+0000] {dag_data.py:22} INFO - Message delivered to api [0]
[2024-12-03T00:11:27.877+0000] {dag_data.py:22} INFO - Message delivered to api [0]
[2024-12-03T00:11:27.877+0000] {dag_data.py:22} INFO - Message delivered to api [0]
[2024-12-03T00:11:27.878+0000] {dag_data.py:22} INFO - Message delivered to api [0]
[2024-12-03T00:11:27.878+0000] {dag_data.py:22} INFO - Message delivered to api [0]
[2024-12-03T00:11:27.879+0000] {dag_data.py:22} INFO - Message delivered to api [0]
[2024-12-03T00:11:27.880+0000] {dag_data.py:22} INFO - Message delivered to api [0]
[2024-12-03T00:11:27.881+0000] {dag_data.py:22} INFO - Message delivered to api [0]
[2024-12-03T00:11:27.881+0000] {dag_data.py:22} INFO - Message delivered to api [0]
[2024-12-03T00:11:27.882+0000] {dag_data.py:22} INFO - Message delivered to api [0]
[2024-12-03T00:11:27.882+0000] {dag_data.py:22} INFO - Message delivered to api [0]
[2024-12-03T00:11:27.883+0000] {dag_data.py:22} INFO - Message delivered to api [0]
[2024-12-03T00:11:27.883+0000] {dag_data.py:22} INFO - Message delivered to api [0]
[2024-12-03T00:11:27.884+0000] {dag_data.py:22} INFO - Message delivered to api [0]
[2024-12-03T00:11:27.884+0000] {dag_data.py:22} INFO - Message delivered to api [0]
[2024-12-03T00:11:27.885+0000] {dag_data.py:22} INFO - Message delivered to api [0]
[2024-12-03T00:11:27.886+0000] {dag_data.py:22} INFO - Message delivered to api [0]
[2024-12-03T00:11:27.886+0000] {dag_data.py:22} INFO - Message delivered to api [0]
[2024-12-03T00:11:27.887+0000] {dag_data.py:22} INFO - Message delivered to api [0]
[2024-12-03T00:11:27.887+0000] {dag_data.py:22} INFO - Message delivered to api [0]
[2024-12-03T00:11:27.888+0000] {dag_data.py:22} INFO - Message delivered to api [0]
[2024-12-03T00:11:27.888+0000] {dag_data.py:22} INFO - Message delivered to api [0]
[2024-12-03T00:11:27.889+0000] {dag_data.py:22} INFO - Message delivered to api [0]
[2024-12-03T00:11:27.889+0000] {dag_data.py:22} INFO - Message delivered to api [0]
[2024-12-03T00:11:27.890+0000] {dag_data.py:22} INFO - Message delivered to api [0]
[2024-12-03T00:11:27.890+0000] {dag_data.py:22} INFO - Message delivered to api [0]
[2024-12-03T00:11:27.891+0000] {dag_data.py:22} INFO - Message delivered to api [0]
[2024-12-03T00:11:27.891+0000] {dag_data.py:22} INFO - Message delivered to api [0]
[2024-12-03T00:11:27.892+0000] {dag_data.py:22} INFO - Message delivered to api [0]
[2024-12-03T00:11:27.893+0000] {dag_data.py:22} INFO - Message delivered to api [0]
[2024-12-03T00:11:27.894+0000] {dag_data.py:22} INFO - Message delivered to api [0]
[2024-12-03T00:11:27.894+0000] {dag_data.py:22} INFO - Message delivered to api [0]
[2024-12-03T00:11:27.895+0000] {dag_data.py:22} INFO - Message delivered to api [0]
[2024-12-03T00:11:27.895+0000] {dag_data.py:22} INFO - Message delivered to api [0]
[2024-12-03T00:11:27.896+0000] {dag_data.py:22} INFO - Message delivered to api [0]
[2024-12-03T00:11:27.896+0000] {dag_data.py:22} INFO - Message delivered to api [0]
[2024-12-03T00:11:27.897+0000] {dag_data.py:22} INFO - Message delivered to api [0]
[2024-12-03T00:11:27.898+0000] {dag_data.py:22} INFO - Message delivered to api [0]
[2024-12-03T00:11:27.898+0000] {dag_data.py:22} INFO - Message delivered to api [0]
[2024-12-03T00:11:27.899+0000] {dag_data.py:22} INFO - Message delivered to api [0]
[2024-12-03T00:11:27.899+0000] {dag_data.py:22} INFO - Message delivered to api [0]
[2024-12-03T00:11:27.900+0000] {dag_data.py:22} INFO - Message delivered to api [0]
[2024-12-03T00:11:27.900+0000] {dag_data.py:22} INFO - Message delivered to api [0]
[2024-12-03T00:11:27.901+0000] {dag_data.py:22} INFO - Message delivered to api [0]
[2024-12-03T00:11:27.902+0000] {dag_data.py:22} INFO - Message delivered to api [0]
[2024-12-03T00:11:27.902+0000] {dag_data.py:22} INFO - Message delivered to api [0]
[2024-12-03T00:11:27.903+0000] {dag_data.py:22} INFO - Message delivered to api [0]
[2024-12-03T00:11:27.903+0000] {dag_data.py:22} INFO - Message delivered to api [0]
[2024-12-03T00:11:27.904+0000] {dag_data.py:22} INFO - Message delivered to api [0]
[2024-12-03T00:11:27.905+0000] {dag_data.py:22} INFO - Message delivered to api [0]
[2024-12-03T00:11:27.905+0000] {dag_data.py:22} INFO - Message delivered to api [0]
[2024-12-03T00:11:27.906+0000] {dag_data.py:22} INFO - Message delivered to api [0]
[2024-12-03T00:11:27.906+0000] {dag_data.py:22} INFO - Message delivered to api [0]
[2024-12-03T00:11:27.907+0000] {dag_data.py:22} INFO - Message delivered to api [0]
[2024-12-03T00:11:27.907+0000] {dag_data.py:22} INFO - Message delivered to api [0]
[2024-12-03T00:11:27.908+0000] {dag_data.py:22} INFO - Message delivered to api [0]
[2024-12-03T00:11:27.908+0000] {dag_data.py:22} INFO - Message delivered to api [0]
[2024-12-03T00:11:27.909+0000] {dag_data.py:22} INFO - Message delivered to api [0]
[2024-12-03T00:11:27.909+0000] {dag_data.py:22} INFO - Message delivered to api [0]
[2024-12-03T00:11:27.910+0000] {dag_data.py:22} INFO - Message delivered to api [0]
[2024-12-03T00:11:27.910+0000] {dag_data.py:22} INFO - Message delivered to api [0]
[2024-12-03T00:11:27.911+0000] {dag_data.py:22} INFO - Message delivered to api [0]
[2024-12-03T00:11:27.912+0000] {dag_data.py:22} INFO - Message delivered to api [0]
[2024-12-03T00:11:27.912+0000] {dag_data.py:22} INFO - Message delivered to api [0]
[2024-12-03T00:11:27.913+0000] {dag_data.py:22} INFO - Message delivered to api [0]
[2024-12-03T00:11:27.914+0000] {dag_data.py:22} INFO - Message delivered to api [0]
[2024-12-03T00:11:27.914+0000] {dag_data.py:22} INFO - Message delivered to api [0]
[2024-12-03T00:11:27.915+0000] {dag_data.py:22} INFO - Message delivered to api [0]
[2024-12-03T00:11:27.915+0000] {dag_data.py:22} INFO - Message delivered to api [0]
[2024-12-03T00:11:27.916+0000] {dag_data.py:22} INFO - Message delivered to api [0]
[2024-12-03T00:11:27.916+0000] {dag_data.py:22} INFO - Message delivered to api [0]
[2024-12-03T00:11:27.917+0000] {dag_data.py:22} INFO - Message delivered to api [0]
[2024-12-03T00:11:27.918+0000] {dag_data.py:22} INFO - Message delivered to api [0]
[2024-12-03T00:11:27.918+0000] {dag_data.py:22} INFO - Message delivered to api [0]
[2024-12-03T00:11:27.919+0000] {dag_data.py:22} INFO - Message delivered to api [0]
[2024-12-03T00:11:27.920+0000] {dag_data.py:22} INFO - Message delivered to api [0]
[2024-12-03T00:11:27.920+0000] {dag_data.py:22} INFO - Message delivered to api [0]
[2024-12-03T00:11:27.921+0000] {dag_data.py:22} INFO - Message delivered to api [0]
[2024-12-03T00:11:27.922+0000] {dag_data.py:22} INFO - Message delivered to api [0]
[2024-12-03T00:11:27.922+0000] {dag_data.py:22} INFO - Message delivered to api [0]
[2024-12-03T00:11:27.923+0000] {dag_data.py:22} INFO - Message delivered to api [0]
[2024-12-03T00:11:27.923+0000] {dag_data.py:22} INFO - Message delivered to api [0]
[2024-12-03T00:11:27.924+0000] {dag_data.py:22} INFO - Message delivered to api [0]
[2024-12-03T00:11:27.925+0000] {dag_data.py:22} INFO - Message delivered to api [0]
[2024-12-03T00:11:27.925+0000] {dag_data.py:22} INFO - Message delivered to api [0]
[2024-12-03T00:11:27.926+0000] {dag_data.py:22} INFO - Message delivered to api [0]
[2024-12-03T00:11:27.926+0000] {dag_data.py:22} INFO - Message delivered to api [0]
[2024-12-03T00:11:27.927+0000] {dag_data.py:22} INFO - Message delivered to api [0]
[2024-12-03T00:11:27.928+0000] {dag_data.py:22} INFO - Message delivered to api [0]
[2024-12-03T00:11:27.928+0000] {dag_data.py:22} INFO - Message delivered to api [0]
[2024-12-03T00:11:27.929+0000] {dag_data.py:22} INFO - Message delivered to api [0]
[2024-12-03T00:11:27.929+0000] {dag_data.py:22} INFO - Message delivered to api [0]
[2024-12-03T00:11:27.930+0000] {dag_data.py:22} INFO - Message delivered to api [0]
[2024-12-03T00:11:27.931+0000] {dag_data.py:22} INFO - Message delivered to api [0]
[2024-12-03T00:11:27.931+0000] {dag_data.py:22} INFO - Message delivered to api [0]
[2024-12-03T00:11:27.932+0000] {dag_data.py:22} INFO - Message delivered to api [0]
[2024-12-03T00:11:27.932+0000] {dag_data.py:22} INFO - Message delivered to api [0]
[2024-12-03T00:11:27.933+0000] {dag_data.py:22} INFO - Message delivered to api [0]
[2024-12-03T00:11:27.934+0000] {dag_data.py:22} INFO - Message delivered to api [0]
[2024-12-03T00:11:27.934+0000] {dag_data.py:22} INFO - Message delivered to api [0]
[2024-12-03T00:11:27.935+0000] {dag_data.py:22} INFO - Message delivered to api [0]
[2024-12-03T00:11:27.935+0000] {dag_data.py:22} INFO - Message delivered to api [0]
[2024-12-03T00:11:27.936+0000] {dag_data.py:22} INFO - Message delivered to api [0]
[2024-12-03T00:11:27.936+0000] {dag_data.py:22} INFO - Message delivered to api [0]
[2024-12-03T00:11:27.937+0000] {dag_data.py:22} INFO - Message delivered to api [0]
[2024-12-03T00:11:27.937+0000] {dag_data.py:22} INFO - Message delivered to api [0]
[2024-12-03T00:11:27.937+0000] {dag_data.py:22} INFO - Message delivered to api [0]
[2024-12-03T00:11:27.938+0000] {dag_data.py:22} INFO - Message delivered to api [0]
[2024-12-03T00:11:27.939+0000] {dag_data.py:22} INFO - Message delivered to api [0]
[2024-12-03T00:11:27.939+0000] {dag_data.py:22} INFO - Message delivered to api [0]
[2024-12-03T00:11:27.939+0000] {dag_data.py:22} INFO - Message delivered to api [0]
[2024-12-03T00:11:27.940+0000] {dag_data.py:22} INFO - Message delivered to api [0]
[2024-12-03T00:11:27.940+0000] {dag_data.py:22} INFO - Message delivered to api [0]
[2024-12-03T00:11:27.941+0000] {dag_data.py:22} INFO - Message delivered to api [0]
[2024-12-03T00:11:27.941+0000] {dag_data.py:22} INFO - Message delivered to api [0]
[2024-12-03T00:11:27.942+0000] {dag_data.py:22} INFO - Message delivered to api [0]
[2024-12-03T00:11:27.942+0000] {dag_data.py:22} INFO - Message delivered to api [0]
[2024-12-03T00:11:27.943+0000] {dag_data.py:22} INFO - Message delivered to api [0]
[2024-12-03T00:11:27.943+0000] {dag_data.py:22} INFO - Message delivered to api [0]
[2024-12-03T00:11:27.944+0000] {dag_data.py:22} INFO - Message delivered to api [0]
[2024-12-03T00:11:27.944+0000] {dag_data.py:22} INFO - Message delivered to api [0]
[2024-12-03T00:11:27.944+0000] {dag_data.py:22} INFO - Message delivered to api [0]
[2024-12-03T00:11:27.945+0000] {dag_data.py:22} INFO - Message delivered to api [0]
[2024-12-03T00:11:27.945+0000] {dag_data.py:22} INFO - Message delivered to api [0]
[2024-12-03T00:11:27.946+0000] {dag_data.py:22} INFO - Message delivered to api [0]
[2024-12-03T00:11:27.946+0000] {dag_data.py:22} INFO - Message delivered to api [0]
[2024-12-03T00:11:27.947+0000] {dag_data.py:22} INFO - Message delivered to api [0]
[2024-12-03T00:11:27.948+0000] {dag_data.py:22} INFO - Message delivered to api [0]
[2024-12-03T00:11:27.948+0000] {dag_data.py:22} INFO - Message delivered to api [0]
[2024-12-03T00:11:27.948+0000] {dag_data.py:22} INFO - Message delivered to api [0]
[2024-12-03T00:11:27.949+0000] {dag_data.py:22} INFO - Message delivered to api [0]
[2024-12-03T00:11:27.949+0000] {dag_data.py:22} INFO - Message delivered to api [0]
[2024-12-03T00:11:27.950+0000] {dag_data.py:22} INFO - Message delivered to api [0]
[2024-12-03T00:11:27.950+0000] {dag_data.py:22} INFO - Message delivered to api [0]
[2024-12-03T00:11:27.951+0000] {dag_data.py:22} INFO - Message delivered to api [0]
[2024-12-03T00:11:27.952+0000] {dag_data.py:22} INFO - Message delivered to api [0]
[2024-12-03T00:11:27.952+0000] {dag_data.py:22} INFO - Message delivered to api [0]
[2024-12-03T00:11:27.953+0000] {dag_data.py:22} INFO - Message delivered to api [0]
[2024-12-03T00:11:27.953+0000] {dag_data.py:22} INFO - Message delivered to api [0]
[2024-12-03T00:11:27.954+0000] {dag_data.py:22} INFO - Message delivered to api [0]
[2024-12-03T00:11:27.954+0000] {dag_data.py:22} INFO - Message delivered to api [0]
[2024-12-03T00:11:27.955+0000] {dag_data.py:22} INFO - Message delivered to api [0]
[2024-12-03T00:11:27.956+0000] {dag_data.py:22} INFO - Message delivered to api [0]
[2024-12-03T00:11:27.956+0000] {dag_data.py:22} INFO - Message delivered to api [0]
[2024-12-03T00:11:27.957+0000] {dag_data.py:22} INFO - Message delivered to api [0]
[2024-12-03T00:11:27.958+0000] {dag_data.py:22} INFO - Message delivered to api [0]
[2024-12-03T00:11:27.958+0000] {dag_data.py:22} INFO - Message delivered to api [0]
[2024-12-03T00:11:27.959+0000] {dag_data.py:22} INFO - Message delivered to api [0]
[2024-12-03T00:11:27.959+0000] {dag_data.py:22} INFO - Message delivered to api [0]
[2024-12-03T00:11:27.960+0000] {dag_data.py:22} INFO - Message delivered to api [0]
[2024-12-03T00:11:27.960+0000] {dag_data.py:22} INFO - Message delivered to api [0]
[2024-12-03T00:11:27.961+0000] {dag_data.py:22} INFO - Message delivered to api [0]
[2024-12-03T00:11:27.962+0000] {dag_data.py:22} INFO - Message delivered to api [0]
[2024-12-03T00:11:27.962+0000] {dag_data.py:22} INFO - Message delivered to api [0]
[2024-12-03T00:11:27.963+0000] {dag_data.py:22} INFO - Message delivered to api [0]
[2024-12-03T00:11:27.964+0000] {dag_data.py:22} INFO - Message delivered to api [0]
[2024-12-03T00:11:27.964+0000] {dag_data.py:22} INFO - Message delivered to api [0]
[2024-12-03T00:11:27.965+0000] {dag_data.py:22} INFO - Message delivered to api [0]
[2024-12-03T00:11:27.966+0000] {dag_data.py:22} INFO - Message delivered to api [0]
[2024-12-03T00:11:27.966+0000] {dag_data.py:22} INFO - Message delivered to api [0]
[2024-12-03T00:11:27.967+0000] {dag_data.py:22} INFO - Message delivered to api [0]
[2024-12-03T00:11:27.968+0000] {dag_data.py:22} INFO - Message delivered to api [0]
[2024-12-03T00:11:27.968+0000] {dag_data.py:22} INFO - Message delivered to api [0]
[2024-12-03T00:11:27.969+0000] {dag_data.py:22} INFO - Message delivered to api [0]
[2024-12-03T00:11:27.969+0000] {dag_data.py:22} INFO - Message delivered to api [0]
[2024-12-03T00:11:27.970+0000] {dag_data.py:22} INFO - Message delivered to api [0]
[2024-12-03T00:11:27.971+0000] {dag_data.py:22} INFO - Message delivered to api [0]
[2024-12-03T00:11:27.971+0000] {dag_data.py:22} INFO - Message delivered to api [0]
[2024-12-03T00:11:27.972+0000] {dag_data.py:22} INFO - Message delivered to api [0]
[2024-12-03T00:11:27.973+0000] {dag_data.py:22} INFO - Message delivered to api [0]
[2024-12-03T00:11:27.973+0000] {dag_data.py:22} INFO - Message delivered to api [0]
[2024-12-03T00:11:27.974+0000] {dag_data.py:22} INFO - Message delivered to api [0]
[2024-12-03T00:11:27.974+0000] {dag_data.py:22} INFO - Message delivered to api [0]
[2024-12-03T00:11:27.975+0000] {dag_data.py:22} INFO - Message delivered to api [0]
[2024-12-03T00:11:27.976+0000] {dag_data.py:22} INFO - Message delivered to api [0]
[2024-12-03T00:11:27.976+0000] {dag_data.py:22} INFO - Message delivered to api [0]
[2024-12-03T00:11:27.977+0000] {dag_data.py:22} INFO - Message delivered to api [0]
[2024-12-03T00:11:27.978+0000] {dag_data.py:22} INFO - Message delivered to api [0]
[2024-12-03T00:11:27.978+0000] {dag_data.py:22} INFO - Message delivered to api [0]
[2024-12-03T00:11:27.979+0000] {dag_data.py:22} INFO - Message delivered to api [0]
[2024-12-03T00:11:27.980+0000] {dag_data.py:22} INFO - Message delivered to api [0]
[2024-12-03T00:11:27.980+0000] {dag_data.py:22} INFO - Message delivered to api [0]
[2024-12-03T00:11:27.981+0000] {dag_data.py:22} INFO - Message delivered to api [0]
[2024-12-03T00:11:27.981+0000] {dag_data.py:22} INFO - Message delivered to api [0]
[2024-12-03T00:11:27.982+0000] {dag_data.py:22} INFO - Message delivered to api [0]
[2024-12-03T00:11:27.983+0000] {dag_data.py:22} INFO - Message delivered to api [0]
[2024-12-03T00:11:27.984+0000] {dag_data.py:22} INFO - Message delivered to api [0]
[2024-12-03T00:11:27.984+0000] {dag_data.py:22} INFO - Message delivered to api [0]
[2024-12-03T00:11:27.985+0000] {dag_data.py:22} INFO - Message delivered to api [0]
[2024-12-03T00:11:27.985+0000] {dag_data.py:22} INFO - Message delivered to api [0]
[2024-12-03T00:11:27.986+0000] {dag_data.py:22} INFO - Message delivered to api [0]
[2024-12-03T00:11:27.987+0000] {dag_data.py:22} INFO - Message delivered to api [0]
[2024-12-03T00:11:27.987+0000] {dag_data.py:22} INFO - Message delivered to api [0]
[2024-12-03T00:11:27.988+0000] {dag_data.py:22} INFO - Message delivered to api [0]
[2024-12-03T00:11:27.988+0000] {dag_data.py:22} INFO - Message delivered to api [0]
[2024-12-03T00:11:27.989+0000] {dag_data.py:22} INFO - Message delivered to api [0]
[2024-12-03T00:11:27.990+0000] {dag_data.py:22} INFO - Message delivered to api [0]
[2024-12-03T00:11:27.990+0000] {dag_data.py:22} INFO - Message delivered to api [0]
[2024-12-03T00:11:27.991+0000] {dag_data.py:22} INFO - Message delivered to api [0]
[2024-12-03T00:11:27.991+0000] {dag_data.py:22} INFO - Message delivered to api [0]
[2024-12-03T00:11:27.992+0000] {dag_data.py:22} INFO - Message delivered to api [0]
[2024-12-03T00:11:27.993+0000] {dag_data.py:22} INFO - Message delivered to api [0]
[2024-12-03T00:11:27.993+0000] {dag_data.py:22} INFO - Message delivered to api [0]
[2024-12-03T00:11:27.994+0000] {dag_data.py:22} INFO - Message delivered to api [0]
[2024-12-03T00:11:27.995+0000] {dag_data.py:22} INFO - Message delivered to api [0]
[2024-12-03T00:11:27.995+0000] {dag_data.py:22} INFO - Message delivered to api [0]
[2024-12-03T00:11:27.996+0000] {dag_data.py:22} INFO - Message delivered to api [0]
[2024-12-03T00:11:27.996+0000] {dag_data.py:22} INFO - Message delivered to api [0]
[2024-12-03T00:11:27.997+0000] {dag_data.py:22} INFO - Message delivered to api [0]
[2024-12-03T00:11:27.998+0000] {dag_data.py:22} INFO - Message delivered to api [0]
[2024-12-03T00:11:27.998+0000] {dag_data.py:22} INFO - Message delivered to api [0]
[2024-12-03T00:11:27.999+0000] {dag_data.py:22} INFO - Message delivered to api [0]
[2024-12-03T00:11:28.000+0000] {dag_data.py:22} INFO - Message delivered to api [0]
[2024-12-03T00:11:28.001+0000] {dag_data.py:22} INFO - Message delivered to api [0]
[2024-12-03T00:11:28.001+0000] {dag_data.py:22} INFO - Message delivered to api [0]
[2024-12-03T00:11:28.002+0000] {dag_data.py:22} INFO - Message delivered to api [0]
[2024-12-03T00:11:28.003+0000] {dag_data.py:22} INFO - Message delivered to api [0]
[2024-12-03T00:11:28.003+0000] {dag_data.py:22} INFO - Message delivered to api [0]
[2024-12-03T00:11:28.004+0000] {dag_data.py:22} INFO - Message delivered to api [0]
[2024-12-03T00:11:28.004+0000] {dag_data.py:22} INFO - Message delivered to api [0]
[2024-12-03T00:11:28.005+0000] {dag_data.py:22} INFO - Message delivered to api [0]
[2024-12-03T00:11:28.006+0000] {dag_data.py:22} INFO - Message delivered to api [0]
[2024-12-03T00:11:28.006+0000] {dag_data.py:22} INFO - Message delivered to api [0]
[2024-12-03T00:11:28.007+0000] {dag_data.py:22} INFO - Message delivered to api [0]
[2024-12-03T00:11:28.008+0000] {dag_data.py:22} INFO - Message delivered to api [0]
[2024-12-03T00:11:28.008+0000] {dag_data.py:22} INFO - Message delivered to api [0]
[2024-12-03T00:11:28.009+0000] {dag_data.py:22} INFO - Message delivered to api [0]
[2024-12-03T00:11:28.010+0000] {dag_data.py:22} INFO - Message delivered to api [0]
[2024-12-03T00:11:28.010+0000] {dag_data.py:22} INFO - Message delivered to api [0]
[2024-12-03T00:11:28.011+0000] {dag_data.py:22} INFO - Message delivered to api [0]
[2024-12-03T00:11:28.011+0000] {dag_data.py:22} INFO - Message delivered to api [0]
[2024-12-03T00:11:28.012+0000] {dag_data.py:22} INFO - Message delivered to api [0]
[2024-12-03T00:11:28.013+0000] {dag_data.py:22} INFO - Message delivered to api [0]
[2024-12-03T00:11:28.014+0000] {dag_data.py:22} INFO - Message delivered to api [0]
[2024-12-03T00:11:28.014+0000] {dag_data.py:22} INFO - Message delivered to api [0]
[2024-12-03T00:11:28.015+0000] {dag_data.py:22} INFO - Message delivered to api [0]
[2024-12-03T00:11:28.016+0000] {dag_data.py:22} INFO - Message delivered to api [0]
[2024-12-03T00:11:28.016+0000] {dag_data.py:22} INFO - Message delivered to api [0]
[2024-12-03T00:11:28.017+0000] {dag_data.py:22} INFO - Message delivered to api [0]
[2024-12-03T00:11:28.017+0000] {dag_data.py:22} INFO - Message delivered to api [0]
[2024-12-03T00:11:28.018+0000] {dag_data.py:22} INFO - Message delivered to api [0]
[2024-12-03T00:11:28.019+0000] {dag_data.py:22} INFO - Message delivered to api [0]
[2024-12-03T00:11:28.019+0000] {dag_data.py:22} INFO - Message delivered to api [0]
[2024-12-03T00:11:28.020+0000] {dag_data.py:22} INFO - Message delivered to api [0]
[2024-12-03T00:11:28.021+0000] {dag_data.py:22} INFO - Message delivered to api [0]
[2024-12-03T00:11:28.021+0000] {dag_data.py:22} INFO - Message delivered to api [0]
[2024-12-03T00:11:28.022+0000] {dag_data.py:22} INFO - Message delivered to api [0]
[2024-12-03T00:11:28.023+0000] {dag_data.py:22} INFO - Message delivered to api [0]
[2024-12-03T00:11:28.023+0000] {dag_data.py:22} INFO - Message delivered to api [0]
[2024-12-03T00:11:28.024+0000] {dag_data.py:22} INFO - Message delivered to api [0]
[2024-12-03T00:11:28.024+0000] {dag_data.py:22} INFO - Message delivered to api [0]
[2024-12-03T00:11:28.025+0000] {dag_data.py:22} INFO - Message delivered to api [0]
[2024-12-03T00:11:28.026+0000] {dag_data.py:22} INFO - Message delivered to api [0]
[2024-12-03T00:11:28.026+0000] {dag_data.py:22} INFO - Message delivered to api [0]
[2024-12-03T00:11:28.027+0000] {dag_data.py:22} INFO - Message delivered to api [0]
[2024-12-03T00:11:28.028+0000] {dag_data.py:22} INFO - Message delivered to api [0]
[2024-12-03T00:11:28.028+0000] {dag_data.py:22} INFO - Message delivered to api [0]
[2024-12-03T00:11:28.029+0000] {dag_data.py:22} INFO - Message delivered to api [0]
[2024-12-03T00:11:28.030+0000] {dag_data.py:22} INFO - Message delivered to api [0]
[2024-12-03T00:11:28.030+0000] {dag_data.py:22} INFO - Message delivered to api [0]
[2024-12-03T00:11:28.031+0000] {dag_data.py:22} INFO - Message delivered to api [0]
[2024-12-03T00:11:28.032+0000] {dag_data.py:22} INFO - Message delivered to api [0]
[2024-12-03T00:11:28.034+0000] {dag_data.py:22} INFO - Message delivered to api [0]
[2024-12-03T00:11:28.034+0000] {dag_data.py:22} INFO - Message delivered to api [0]
[2024-12-03T00:11:28.035+0000] {dag_data.py:22} INFO - Message delivered to api [0]
[2024-12-03T00:11:28.036+0000] {dag_data.py:22} INFO - Message delivered to api [0]
[2024-12-03T00:11:28.036+0000] {dag_data.py:22} INFO - Message delivered to api [0]
[2024-12-03T00:11:28.037+0000] {dag_data.py:22} INFO - Message delivered to api [0]
[2024-12-03T00:11:28.037+0000] {dag_data.py:22} INFO - Message delivered to api [0]
[2024-12-03T00:11:28.038+0000] {dag_data.py:22} INFO - Message delivered to api [0]
[2024-12-03T00:11:28.038+0000] {dag_data.py:22} INFO - Message delivered to api [0]
[2024-12-03T00:11:28.039+0000] {dag_data.py:22} INFO - Message delivered to api [0]
[2024-12-03T00:11:28.040+0000] {dag_data.py:22} INFO - Message delivered to api [0]
[2024-12-03T00:11:28.040+0000] {dag_data.py:22} INFO - Message delivered to api [0]
[2024-12-03T00:11:28.040+0000] {dag_data.py:22} INFO - Message delivered to api [0]
[2024-12-03T00:11:28.041+0000] {dag_data.py:22} INFO - Message delivered to api [0]
[2024-12-03T00:11:28.042+0000] {dag_data.py:22} INFO - Message delivered to api [0]
[2024-12-03T00:11:28.042+0000] {dag_data.py:22} INFO - Message delivered to api [0]
[2024-12-03T00:11:28.043+0000] {dag_data.py:22} INFO - Message delivered to api [0]
[2024-12-03T00:11:28.044+0000] {dag_data.py:22} INFO - Message delivered to api [0]
[2024-12-03T00:11:28.045+0000] {dag_data.py:22} INFO - Message delivered to api [0]
[2024-12-03T00:11:28.045+0000] {dag_data.py:22} INFO - Message delivered to api [0]
[2024-12-03T00:11:28.046+0000] {dag_data.py:22} INFO - Message delivered to api [0]
[2024-12-03T00:11:28.046+0000] {dag_data.py:22} INFO - Message delivered to api [0]
[2024-12-03T00:11:28.047+0000] {dag_data.py:22} INFO - Message delivered to api [0]
[2024-12-03T00:11:28.047+0000] {dag_data.py:22} INFO - Message delivered to api [0]
[2024-12-03T00:11:28.048+0000] {dag_data.py:22} INFO - Message delivered to api [0]
[2024-12-03T00:11:28.049+0000] {dag_data.py:22} INFO - Message delivered to api [0]
[2024-12-03T00:11:28.049+0000] {dag_data.py:22} INFO - Message delivered to api [0]
[2024-12-03T00:11:28.050+0000] {dag_data.py:22} INFO - Message delivered to api [0]
[2024-12-03T00:11:28.051+0000] {dag_data.py:22} INFO - Message delivered to api [0]
[2024-12-03T00:11:28.051+0000] {dag_data.py:22} INFO - Message delivered to api [0]
[2024-12-03T00:11:28.052+0000] {dag_data.py:22} INFO - Message delivered to api [0]
[2024-12-03T00:11:28.053+0000] {dag_data.py:22} INFO - Message delivered to api [0]
[2024-12-03T00:11:28.053+0000] {dag_data.py:22} INFO - Message delivered to api [0]
[2024-12-03T00:11:28.054+0000] {dag_data.py:22} INFO - Message delivered to api [0]
[2024-12-03T00:11:28.055+0000] {dag_data.py:22} INFO - Message delivered to api [0]
[2024-12-03T00:11:28.055+0000] {dag_data.py:22} INFO - Message delivered to api [0]
[2024-12-03T00:11:28.056+0000] {dag_data.py:22} INFO - Message delivered to api [0]
[2024-12-03T00:11:28.057+0000] {dag_data.py:22} INFO - Message delivered to api [0]
[2024-12-03T00:11:28.057+0000] {dag_data.py:22} INFO - Message delivered to api [0]
[2024-12-03T00:11:28.058+0000] {dag_data.py:22} INFO - Message delivered to api [0]
[2024-12-03T00:11:28.059+0000] {dag_data.py:22} INFO - Message delivered to api [0]
[2024-12-03T00:11:28.060+0000] {dag_data.py:22} INFO - Message delivered to api [0]
[2024-12-03T00:11:28.061+0000] {dag_data.py:22} INFO - Message delivered to api [0]
[2024-12-03T00:11:28.061+0000] {dag_data.py:22} INFO - Message delivered to api [0]
[2024-12-03T00:11:28.062+0000] {dag_data.py:22} INFO - Message delivered to api [0]
[2024-12-03T00:11:28.063+0000] {dag_data.py:22} INFO - Message delivered to api [0]
[2024-12-03T00:11:28.064+0000] {dag_data.py:22} INFO - Message delivered to api [0]
[2024-12-03T00:11:28.064+0000] {dag_data.py:22} INFO - Message delivered to api [0]
[2024-12-03T00:11:28.065+0000] {dag_data.py:22} INFO - Message delivered to api [0]
[2024-12-03T00:11:28.066+0000] {dag_data.py:22} INFO - Message delivered to api [0]
[2024-12-03T00:11:28.067+0000] {dag_data.py:22} INFO - Message delivered to api [0]
[2024-12-03T00:11:28.067+0000] {dag_data.py:22} INFO - Message delivered to api [0]
[2024-12-03T00:11:28.068+0000] {dag_data.py:22} INFO - Message delivered to api [0]
[2024-12-03T00:11:28.068+0000] {dag_data.py:22} INFO - Message delivered to api [0]
[2024-12-03T00:11:28.069+0000] {dag_data.py:22} INFO - Message delivered to api [0]
[2024-12-03T00:11:28.070+0000] {dag_data.py:22} INFO - Message delivered to api [0]
[2024-12-03T00:11:28.070+0000] {dag_data.py:22} INFO - Message delivered to api [0]
[2024-12-03T00:11:28.071+0000] {dag_data.py:22} INFO - Message delivered to api [0]
[2024-12-03T00:11:28.072+0000] {dag_data.py:22} INFO - Message delivered to api [0]
[2024-12-03T00:11:28.072+0000] {dag_data.py:22} INFO - Message delivered to api [0]
[2024-12-03T00:11:28.073+0000] {dag_data.py:22} INFO - Message delivered to api [0]
[2024-12-03T00:11:28.073+0000] {dag_data.py:22} INFO - Message delivered to api [0]
[2024-12-03T00:11:28.074+0000] {dag_data.py:22} INFO - Message delivered to api [0]
[2024-12-03T00:11:28.074+0000] {dag_data.py:22} INFO - Message delivered to api [0]
[2024-12-03T00:11:28.075+0000] {dag_data.py:22} INFO - Message delivered to api [0]
[2024-12-03T00:11:28.076+0000] {dag_data.py:22} INFO - Message delivered to api [0]
[2024-12-03T00:11:28.076+0000] {dag_data.py:22} INFO - Message delivered to api [0]
[2024-12-03T00:11:28.077+0000] {dag_data.py:22} INFO - Message delivered to api [0]
[2024-12-03T00:11:28.078+0000] {dag_data.py:22} INFO - Message delivered to api [0]
[2024-12-03T00:11:28.078+0000] {dag_data.py:22} INFO - Message delivered to api [0]
[2024-12-03T00:11:28.079+0000] {dag_data.py:22} INFO - Message delivered to api [0]
[2024-12-03T00:11:28.080+0000] {dag_data.py:22} INFO - Message delivered to api [0]
[2024-12-03T00:11:28.080+0000] {dag_data.py:22} INFO - Message delivered to api [0]
[2024-12-03T00:11:28.081+0000] {dag_data.py:22} INFO - Message delivered to api [0]
[2024-12-03T00:11:28.082+0000] {dag_data.py:22} INFO - Message delivered to api [0]
[2024-12-03T00:11:28.082+0000] {dag_data.py:22} INFO - Message delivered to api [0]
[2024-12-03T00:11:28.083+0000] {dag_data.py:22} INFO - Message delivered to api [0]
[2024-12-03T00:11:28.084+0000] {dag_data.py:22} INFO - Message delivered to api [0]
[2024-12-03T00:11:28.084+0000] {dag_data.py:22} INFO - Message delivered to api [0]
[2024-12-03T00:11:28.085+0000] {dag_data.py:22} INFO - Message delivered to api [0]
[2024-12-03T00:11:28.086+0000] {dag_data.py:22} INFO - Message delivered to api [0]
[2024-12-03T00:11:28.086+0000] {dag_data.py:22} INFO - Message delivered to api [0]
[2024-12-03T00:11:28.087+0000] {dag_data.py:22} INFO - Message delivered to api [0]
[2024-12-03T00:11:28.087+0000] {dag_data.py:22} INFO - Message delivered to api [0]
[2024-12-03T00:11:28.088+0000] {dag_data.py:22} INFO - Message delivered to api [0]
[2024-12-03T00:11:28.089+0000] {dag_data.py:22} INFO - Message delivered to api [0]
[2024-12-03T00:11:28.090+0000] {dag_data.py:22} INFO - Message delivered to api [0]
[2024-12-03T00:11:28.090+0000] {dag_data.py:22} INFO - Message delivered to api [0]
[2024-12-03T00:11:28.091+0000] {dag_data.py:22} INFO - Message delivered to api [0]
[2024-12-03T00:11:28.091+0000] {dag_data.py:22} INFO - Message delivered to api [0]
[2024-12-03T00:11:28.092+0000] {dag_data.py:22} INFO - Message delivered to api [0]
[2024-12-03T00:11:28.093+0000] {dag_data.py:22} INFO - Message delivered to api [0]
[2024-12-03T00:11:28.093+0000] {dag_data.py:22} INFO - Message delivered to api [0]
[2024-12-03T00:11:28.094+0000] {dag_data.py:22} INFO - Message delivered to api [0]
[2024-12-03T00:11:28.094+0000] {dag_data.py:22} INFO - Message delivered to api [0]
[2024-12-03T00:11:28.095+0000] {dag_data.py:22} INFO - Message delivered to api [0]
[2024-12-03T00:11:28.096+0000] {dag_data.py:22} INFO - Message delivered to api [0]
[2024-12-03T00:11:28.096+0000] {dag_data.py:22} INFO - Message delivered to api [0]
[2024-12-03T00:11:28.097+0000] {dag_data.py:22} INFO - Message delivered to api [0]
[2024-12-03T00:11:28.098+0000] {dag_data.py:22} INFO - Message delivered to api [0]
[2024-12-03T00:11:28.098+0000] {dag_data.py:22} INFO - Message delivered to api [0]
[2024-12-03T00:11:28.099+0000] {dag_data.py:22} INFO - Message delivered to api [0]
[2024-12-03T00:11:28.099+0000] {dag_data.py:22} INFO - Message delivered to api [0]
[2024-12-03T00:11:28.100+0000] {dag_data.py:22} INFO - Message delivered to api [0]
[2024-12-03T00:11:28.101+0000] {dag_data.py:22} INFO - Message delivered to api [0]
[2024-12-03T00:11:28.101+0000] {dag_data.py:22} INFO - Message delivered to api [0]
[2024-12-03T00:11:28.102+0000] {dag_data.py:22} INFO - Message delivered to api [0]
[2024-12-03T00:11:28.103+0000] {dag_data.py:22} INFO - Message delivered to api [0]
[2024-12-03T00:11:28.103+0000] {dag_data.py:22} INFO - Message delivered to api [0]
[2024-12-03T00:11:28.104+0000] {dag_data.py:22} INFO - Message delivered to api [0]
[2024-12-03T00:11:28.105+0000] {dag_data.py:22} INFO - Message delivered to api [0]
[2024-12-03T00:11:28.105+0000] {dag_data.py:22} INFO - Message delivered to api [0]
[2024-12-03T00:11:28.106+0000] {dag_data.py:22} INFO - Message delivered to api [0]
[2024-12-03T00:11:28.107+0000] {dag_data.py:22} INFO - Message delivered to api [0]
[2024-12-03T00:11:28.107+0000] {dag_data.py:22} INFO - Message delivered to api [0]
[2024-12-03T00:11:28.108+0000] {dag_data.py:22} INFO - Message delivered to api [0]
[2024-12-03T00:11:28.109+0000] {dag_data.py:22} INFO - Message delivered to api [0]
[2024-12-03T00:11:28.109+0000] {dag_data.py:22} INFO - Message delivered to api [0]
[2024-12-03T00:11:28.110+0000] {dag_data.py:22} INFO - Message delivered to api [0]
[2024-12-03T00:11:28.111+0000] {dag_data.py:22} INFO - Message delivered to api [0]
[2024-12-03T00:11:28.111+0000] {dag_data.py:22} INFO - Message delivered to api [0]
[2024-12-03T00:11:28.112+0000] {dag_data.py:22} INFO - Message delivered to api [0]
[2024-12-03T00:11:28.113+0000] {dag_data.py:22} INFO - Message delivered to api [0]
[2024-12-03T00:11:28.113+0000] {dag_data.py:22} INFO - Message delivered to api [0]
[2024-12-03T00:11:28.114+0000] {dag_data.py:22} INFO - Message delivered to api [0]
[2024-12-03T00:11:28.115+0000] {dag_data.py:22} INFO - Message delivered to api [0]
[2024-12-03T00:11:28.116+0000] {dag_data.py:22} INFO - Message delivered to api [0]
[2024-12-03T00:11:28.117+0000] {dag_data.py:22} INFO - Message delivered to api [0]
[2024-12-03T00:11:28.117+0000] {dag_data.py:22} INFO - Message delivered to api [0]
[2024-12-03T00:11:28.118+0000] {dag_data.py:22} INFO - Message delivered to api [0]
[2024-12-03T00:11:28.119+0000] {dag_data.py:22} INFO - Message delivered to api [0]
[2024-12-03T00:11:28.120+0000] {dag_data.py:22} INFO - Message delivered to api [0]
[2024-12-03T00:11:28.120+0000] {dag_data.py:22} INFO - Message delivered to api [0]
[2024-12-03T00:11:28.121+0000] {dag_data.py:22} INFO - Message delivered to api [0]
[2024-12-03T00:11:28.122+0000] {dag_data.py:22} INFO - Message delivered to api [0]
[2024-12-03T00:11:28.123+0000] {dag_data.py:22} INFO - Message delivered to api [0]
[2024-12-03T00:11:28.124+0000] {dag_data.py:22} INFO - Message delivered to api [0]
[2024-12-03T00:11:28.125+0000] {dag_data.py:22} INFO - Message delivered to api [0]
[2024-12-03T00:11:28.125+0000] {dag_data.py:22} INFO - Message delivered to api [0]
[2024-12-03T00:11:28.126+0000] {dag_data.py:22} INFO - Message delivered to api [0]
[2024-12-03T00:11:28.127+0000] {dag_data.py:22} INFO - Message delivered to api [0]
[2024-12-03T00:11:28.128+0000] {dag_data.py:22} INFO - Message delivered to api [0]
[2024-12-03T00:11:28.128+0000] {dag_data.py:22} INFO - Message delivered to api [0]
[2024-12-03T00:11:28.129+0000] {dag_data.py:22} INFO - Message delivered to api [0]
[2024-12-03T00:11:28.130+0000] {dag_data.py:22} INFO - Message delivered to api [0]
[2024-12-03T00:11:28.131+0000] {dag_data.py:22} INFO - Message delivered to api [0]
[2024-12-03T00:11:28.131+0000] {dag_data.py:22} INFO - Message delivered to api [0]
[2024-12-03T00:11:28.132+0000] {dag_data.py:22} INFO - Message delivered to api [0]
[2024-12-03T00:11:28.133+0000] {dag_data.py:22} INFO - Message delivered to api [0]
[2024-12-03T00:11:28.134+0000] {dag_data.py:22} INFO - Message delivered to api [0]
[2024-12-03T00:11:28.135+0000] {dag_data.py:22} INFO - Message delivered to api [0]
[2024-12-03T00:11:28.136+0000] {dag_data.py:22} INFO - Message delivered to api [0]
[2024-12-03T00:11:28.137+0000] {dag_data.py:22} INFO - Message delivered to api [0]
[2024-12-03T00:11:28.137+0000] {dag_data.py:22} INFO - Message delivered to api [0]
[2024-12-03T00:11:28.138+0000] {dag_data.py:22} INFO - Message delivered to api [0]
[2024-12-03T00:11:28.139+0000] {dag_data.py:22} INFO - Message delivered to api [0]
[2024-12-03T00:11:28.140+0000] {dag_data.py:22} INFO - Message delivered to api [0]
[2024-12-03T00:11:28.141+0000] {dag_data.py:22} INFO - Message delivered to api [0]
[2024-12-03T00:11:28.141+0000] {dag_data.py:22} INFO - Message delivered to api [0]
[2024-12-03T00:11:28.143+0000] {dag_data.py:22} INFO - Message delivered to api [0]
[2024-12-03T00:11:28.143+0000] {dag_data.py:22} INFO - Message delivered to api [0]
[2024-12-03T00:11:28.144+0000] {dag_data.py:22} INFO - Message delivered to api [0]
[2024-12-03T00:11:28.145+0000] {dag_data.py:22} INFO - Message delivered to api [0]
[2024-12-03T00:11:28.146+0000] {dag_data.py:22} INFO - Message delivered to api [0]
[2024-12-03T00:11:28.147+0000] {dag_data.py:22} INFO - Message delivered to api [0]
[2024-12-03T00:11:28.147+0000] {dag_data.py:22} INFO - Message delivered to api [0]
[2024-12-03T00:11:28.148+0000] {dag_data.py:22} INFO - Message delivered to api [0]
[2024-12-03T00:11:28.149+0000] {dag_data.py:22} INFO - Message delivered to api [0]
[2024-12-03T00:11:28.150+0000] {dag_data.py:22} INFO - Message delivered to api [0]
[2024-12-03T00:11:28.151+0000] {dag_data.py:22} INFO - Message delivered to api [0]
[2024-12-03T00:11:28.152+0000] {dag_data.py:22} INFO - Message delivered to api [0]
[2024-12-03T00:11:28.153+0000] {dag_data.py:22} INFO - Message delivered to api [0]
[2024-12-03T00:11:28.154+0000] {dag_data.py:22} INFO - Message delivered to api [0]
[2024-12-03T00:11:28.155+0000] {dag_data.py:22} INFO - Message delivered to api [0]
[2024-12-03T00:11:28.156+0000] {dag_data.py:22} INFO - Message delivered to api [0]
[2024-12-03T00:11:28.157+0000] {dag_data.py:22} INFO - Message delivered to api [0]
[2024-12-03T00:11:28.157+0000] {dag_data.py:22} INFO - Message delivered to api [0]
[2024-12-03T00:11:28.158+0000] {dag_data.py:22} INFO - Message delivered to api [0]
[2024-12-03T00:11:28.159+0000] {dag_data.py:22} INFO - Message delivered to api [0]
[2024-12-03T00:11:28.160+0000] {dag_data.py:22} INFO - Message delivered to api [0]
[2024-12-03T00:11:28.161+0000] {dag_data.py:22} INFO - Message delivered to api [0]
[2024-12-03T00:11:28.162+0000] {dag_data.py:22} INFO - Message delivered to api [0]
[2024-12-03T00:11:28.163+0000] {dag_data.py:22} INFO - Message delivered to api [0]
[2024-12-03T00:11:28.164+0000] {dag_data.py:22} INFO - Message delivered to api [0]
[2024-12-03T00:11:28.165+0000] {dag_data.py:22} INFO - Message delivered to api [0]
[2024-12-03T00:11:28.166+0000] {dag_data.py:22} INFO - Message delivered to api [0]
[2024-12-03T00:11:28.167+0000] {dag_data.py:22} INFO - Message delivered to api [0]
[2024-12-03T00:11:28.168+0000] {dag_data.py:22} INFO - Message delivered to api [0]
[2024-12-03T00:11:28.169+0000] {dag_data.py:22} INFO - Message delivered to api [0]
[2024-12-03T00:11:28.170+0000] {dag_data.py:22} INFO - Message delivered to api [0]
[2024-12-03T00:11:28.170+0000] {dag_data.py:22} INFO - Message delivered to api [0]
[2024-12-03T00:11:28.171+0000] {dag_data.py:22} INFO - Message delivered to api [0]
[2024-12-03T00:11:28.172+0000] {dag_data.py:22} INFO - Message delivered to api [0]
[2024-12-03T00:11:28.173+0000] {dag_data.py:22} INFO - Message delivered to api [0]
[2024-12-03T00:11:28.173+0000] {dag_data.py:22} INFO - Message delivered to api [0]
[2024-12-03T00:11:28.174+0000] {dag_data.py:22} INFO - Message delivered to api [0]
[2024-12-03T00:11:28.175+0000] {dag_data.py:22} INFO - Message delivered to api [0]
[2024-12-03T00:11:28.176+0000] {dag_data.py:22} INFO - Message delivered to api [0]
[2024-12-03T00:11:28.177+0000] {dag_data.py:22} INFO - Message delivered to api [0]
[2024-12-03T00:11:28.178+0000] {dag_data.py:22} INFO - Message delivered to api [0]
[2024-12-03T00:11:28.179+0000] {dag_data.py:22} INFO - Message delivered to api [0]
[2024-12-03T00:11:28.179+0000] {dag_data.py:22} INFO - Message delivered to api [0]
[2024-12-03T00:11:28.180+0000] {dag_data.py:22} INFO - Message delivered to api [0]
[2024-12-03T00:11:28.181+0000] {dag_data.py:22} INFO - Message delivered to api [0]
[2024-12-03T00:11:28.183+0000] {dag_data.py:22} INFO - Message delivered to api [0]
[2024-12-03T00:11:28.184+0000] {dag_data.py:22} INFO - Message delivered to api [0]
[2024-12-03T00:11:28.185+0000] {dag_data.py:22} INFO - Message delivered to api [0]
[2024-12-03T00:11:28.185+0000] {dag_data.py:22} INFO - Message delivered to api [0]
[2024-12-03T00:11:28.186+0000] {dag_data.py:22} INFO - Message delivered to api [0]
[2024-12-03T00:11:28.187+0000] {dag_data.py:22} INFO - Message delivered to api [0]
[2024-12-03T00:11:28.188+0000] {dag_data.py:22} INFO - Message delivered to api [0]
[2024-12-03T00:11:28.189+0000] {dag_data.py:22} INFO - Message delivered to api [0]
[2024-12-03T00:11:28.190+0000] {dag_data.py:22} INFO - Message delivered to api [0]
[2024-12-03T00:11:28.190+0000] {dag_data.py:22} INFO - Message delivered to api [0]
[2024-12-03T00:11:28.191+0000] {dag_data.py:22} INFO - Message delivered to api [0]
[2024-12-03T00:11:28.192+0000] {dag_data.py:22} INFO - Message delivered to api [0]
[2024-12-03T00:11:28.193+0000] {dag_data.py:22} INFO - Message delivered to api [0]
[2024-12-03T00:11:28.193+0000] {dag_data.py:22} INFO - Message delivered to api [0]
[2024-12-03T00:11:28.195+0000] {dag_data.py:22} INFO - Message delivered to api [0]
[2024-12-03T00:11:28.196+0000] {dag_data.py:22} INFO - Message delivered to api [0]
[2024-12-03T00:11:28.196+0000] {dag_data.py:22} INFO - Message delivered to api [0]
[2024-12-03T00:11:28.197+0000] {dag_data.py:22} INFO - Message delivered to api [0]
[2024-12-03T00:11:28.198+0000] {dag_data.py:22} INFO - Message delivered to api [0]
[2024-12-03T00:11:28.199+0000] {dag_data.py:22} INFO - Message delivered to api [0]
[2024-12-03T00:11:28.200+0000] {dag_data.py:22} INFO - Message delivered to api [0]
[2024-12-03T00:11:28.201+0000] {dag_data.py:22} INFO - Message delivered to api [0]
[2024-12-03T00:11:28.202+0000] {dag_data.py:22} INFO - Message delivered to api [0]
[2024-12-03T00:11:28.202+0000] {dag_data.py:22} INFO - Message delivered to api [0]
[2024-12-03T00:11:28.203+0000] {dag_data.py:22} INFO - Message delivered to api [0]
[2024-12-03T00:11:28.204+0000] {dag_data.py:22} INFO - Message delivered to api [0]
[2024-12-03T00:11:28.205+0000] {dag_data.py:22} INFO - Message delivered to api [0]
[2024-12-03T00:11:28.205+0000] {dag_data.py:22} INFO - Message delivered to api [0]
[2024-12-03T00:11:28.206+0000] {dag_data.py:22} INFO - Message delivered to api [0]
[2024-12-03T00:11:28.207+0000] {dag_data.py:22} INFO - Message delivered to api [0]
[2024-12-03T00:11:28.208+0000] {dag_data.py:22} INFO - Message delivered to api [0]
[2024-12-03T00:11:28.209+0000] {dag_data.py:22} INFO - Message delivered to api [0]
[2024-12-03T00:11:28.210+0000] {dag_data.py:22} INFO - Message delivered to api [0]
[2024-12-03T00:11:28.211+0000] {dag_data.py:22} INFO - Message delivered to api [0]
[2024-12-03T00:11:28.212+0000] {dag_data.py:22} INFO - Message delivered to api [0]
[2024-12-03T00:11:28.213+0000] {dag_data.py:22} INFO - Message delivered to api [0]
[2024-12-03T00:11:28.213+0000] {dag_data.py:22} INFO - Message delivered to api [0]
[2024-12-03T00:11:28.215+0000] {dag_data.py:22} INFO - Message delivered to api [0]
[2024-12-03T00:11:28.216+0000] {dag_data.py:22} INFO - Message delivered to api [0]
[2024-12-03T00:11:28.217+0000] {dag_data.py:22} INFO - Message delivered to api [0]
[2024-12-03T00:11:28.218+0000] {dag_data.py:22} INFO - Message delivered to api [0]
[2024-12-03T00:11:28.219+0000] {dag_data.py:22} INFO - Message delivered to api [0]
[2024-12-03T00:11:28.220+0000] {dag_data.py:22} INFO - Message delivered to api [0]
[2024-12-03T00:11:28.221+0000] {dag_data.py:22} INFO - Message delivered to api [0]
[2024-12-03T00:11:28.222+0000] {dag_data.py:22} INFO - Message delivered to api [0]
[2024-12-03T00:11:28.223+0000] {dag_data.py:22} INFO - Message delivered to api [0]
[2024-12-03T00:11:28.223+0000] {dag_data.py:22} INFO - Message delivered to api [0]
[2024-12-03T00:11:28.224+0000] {dag_data.py:22} INFO - Message delivered to api [0]
[2024-12-03T00:11:28.225+0000] {dag_data.py:22} INFO - Message delivered to api [0]
[2024-12-03T00:11:28.226+0000] {dag_data.py:22} INFO - Message delivered to api [0]
[2024-12-03T00:11:28.227+0000] {dag_data.py:22} INFO - Message delivered to api [0]
[2024-12-03T00:11:28.228+0000] {dag_data.py:22} INFO - Message delivered to api [0]
[2024-12-03T00:11:28.229+0000] {dag_data.py:22} INFO - Message delivered to api [0]
[2024-12-03T00:11:28.230+0000] {dag_data.py:22} INFO - Message delivered to api [0]
[2024-12-03T00:11:28.231+0000] {dag_data.py:22} INFO - Message delivered to api [0]
[2024-12-03T00:11:28.232+0000] {dag_data.py:22} INFO - Message delivered to api [0]
[2024-12-03T00:11:28.235+0000] {dag_data.py:22} INFO - Message delivered to api [0]
[2024-12-03T00:11:28.236+0000] {dag_data.py:22} INFO - Message delivered to api [0]
[2024-12-03T00:11:28.237+0000] {dag_data.py:22} INFO - Message delivered to api [0]
[2024-12-03T00:11:28.238+0000] {dag_data.py:22} INFO - Message delivered to api [0]
[2024-12-03T00:11:28.240+0000] {dag_data.py:22} INFO - Message delivered to api [0]
[2024-12-03T00:11:28.241+0000] {dag_data.py:22} INFO - Message delivered to api [0]
[2024-12-03T00:11:28.242+0000] {dag_data.py:22} INFO - Message delivered to api [0]
[2024-12-03T00:11:28.243+0000] {dag_data.py:22} INFO - Message delivered to api [0]
[2024-12-03T00:11:28.243+0000] {dag_data.py:22} INFO - Message delivered to api [0]
[2024-12-03T00:11:28.244+0000] {dag_data.py:22} INFO - Message delivered to api [0]
[2024-12-03T00:11:28.245+0000] {dag_data.py:22} INFO - Message delivered to api [0]
[2024-12-03T00:11:28.246+0000] {dag_data.py:22} INFO - Message delivered to api [0]
[2024-12-03T00:11:28.246+0000] {dag_data.py:22} INFO - Message delivered to api [0]
[2024-12-03T00:11:28.247+0000] {dag_data.py:22} INFO - Message delivered to api [0]
[2024-12-03T00:11:28.249+0000] {dag_data.py:22} INFO - Message delivered to api [0]
[2024-12-03T00:11:28.250+0000] {dag_data.py:22} INFO - Message delivered to api [0]
[2024-12-03T00:11:28.251+0000] {dag_data.py:22} INFO - Message delivered to api [0]
[2024-12-03T00:11:28.252+0000] {dag_data.py:22} INFO - Message delivered to api [0]
[2024-12-03T00:11:28.253+0000] {dag_data.py:22} INFO - Message delivered to api [0]
[2024-12-03T00:11:28.254+0000] {dag_data.py:22} INFO - Message delivered to api [0]
[2024-12-03T00:11:28.255+0000] {dag_data.py:22} INFO - Message delivered to api [0]
[2024-12-03T00:11:28.256+0000] {dag_data.py:22} INFO - Message delivered to api [0]
[2024-12-03T00:11:28.256+0000] {dag_data.py:22} INFO - Message delivered to api [0]
[2024-12-03T00:11:28.257+0000] {dag_data.py:22} INFO - Message delivered to api [0]
[2024-12-03T00:11:28.258+0000] {dag_data.py:22} INFO - Message delivered to api [0]
[2024-12-03T00:11:28.259+0000] {dag_data.py:22} INFO - Message delivered to api [0]
[2024-12-03T00:11:28.260+0000] {dag_data.py:22} INFO - Message delivered to api [0]
[2024-12-03T00:11:28.261+0000] {dag_data.py:22} INFO - Message delivered to api [0]
[2024-12-03T00:11:28.262+0000] {dag_data.py:22} INFO - Message delivered to api [0]
[2024-12-03T00:11:28.263+0000] {dag_data.py:22} INFO - Message delivered to api [0]
[2024-12-03T00:11:28.264+0000] {dag_data.py:22} INFO - Message delivered to api [0]
[2024-12-03T00:11:28.265+0000] {dag_data.py:22} INFO - Message delivered to api [0]
[2024-12-03T00:11:28.266+0000] {dag_data.py:22} INFO - Message delivered to api [0]
[2024-12-03T00:11:28.267+0000] {dag_data.py:22} INFO - Message delivered to api [0]
[2024-12-03T00:11:28.267+0000] {dag_data.py:22} INFO - Message delivered to api [0]
[2024-12-03T00:11:28.268+0000] {dag_data.py:22} INFO - Message delivered to api [0]
[2024-12-03T00:11:28.269+0000] {dag_data.py:22} INFO - Message delivered to api [0]
[2024-12-03T00:11:28.270+0000] {dag_data.py:22} INFO - Message delivered to api [0]
[2024-12-03T00:11:28.271+0000] {dag_data.py:22} INFO - Message delivered to api [0]
[2024-12-03T00:11:28.271+0000] {dag_data.py:22} INFO - Message delivered to api [0]
[2024-12-03T00:11:28.272+0000] {dag_data.py:22} INFO - Message delivered to api [0]
[2024-12-03T00:11:28.273+0000] {dag_data.py:22} INFO - Message delivered to api [0]
[2024-12-03T00:11:28.274+0000] {dag_data.py:22} INFO - Message delivered to api [0]
[2024-12-03T00:11:28.274+0000] {dag_data.py:22} INFO - Message delivered to api [0]
[2024-12-03T00:11:28.275+0000] {dag_data.py:22} INFO - Message delivered to api [0]
[2024-12-03T00:11:28.276+0000] {dag_data.py:22} INFO - Message delivered to api [0]
[2024-12-03T00:11:28.277+0000] {dag_data.py:22} INFO - Message delivered to api [0]
[2024-12-03T00:11:28.277+0000] {dag_data.py:22} INFO - Message delivered to api [0]
[2024-12-03T00:11:28.278+0000] {dag_data.py:22} INFO - Message delivered to api [0]
[2024-12-03T00:11:28.279+0000] {dag_data.py:22} INFO - Message delivered to api [0]
[2024-12-03T00:11:28.280+0000] {dag_data.py:22} INFO - Message delivered to api [0]
[2024-12-03T00:11:28.281+0000] {dag_data.py:22} INFO - Message delivered to api [0]
[2024-12-03T00:11:28.283+0000] {dag_data.py:22} INFO - Message delivered to api [0]
[2024-12-03T00:11:28.285+0000] {dag_data.py:22} INFO - Message delivered to api [0]
[2024-12-03T00:11:28.286+0000] {dag_data.py:22} INFO - Message delivered to api [0]
[2024-12-03T00:11:28.286+0000] {dag_data.py:22} INFO - Message delivered to api [0]
[2024-12-03T00:11:28.287+0000] {dag_data.py:22} INFO - Message delivered to api [0]
[2024-12-03T00:11:28.288+0000] {dag_data.py:22} INFO - Message delivered to api [0]
[2024-12-03T00:11:28.289+0000] {dag_data.py:22} INFO - Message delivered to api [0]
[2024-12-03T00:11:28.290+0000] {dag_data.py:22} INFO - Message delivered to api [0]
[2024-12-03T00:11:28.290+0000] {dag_data.py:22} INFO - Message delivered to api [0]
[2024-12-03T00:11:28.291+0000] {dag_data.py:22} INFO - Message delivered to api [0]
[2024-12-03T00:11:28.292+0000] {dag_data.py:22} INFO - Message delivered to api [0]
[2024-12-03T00:11:28.293+0000] {dag_data.py:22} INFO - Message delivered to api [0]
[2024-12-03T00:11:28.294+0000] {dag_data.py:22} INFO - Message delivered to api [0]
[2024-12-03T00:11:28.295+0000] {dag_data.py:22} INFO - Message delivered to api [0]
[2024-12-03T00:11:28.296+0000] {dag_data.py:22} INFO - Message delivered to api [0]
[2024-12-03T00:11:28.297+0000] {dag_data.py:22} INFO - Message delivered to api [0]
[2024-12-03T00:11:28.298+0000] {dag_data.py:22} INFO - Message delivered to api [0]
[2024-12-03T00:11:28.299+0000] {dag_data.py:22} INFO - Message delivered to api [0]
[2024-12-03T00:11:28.300+0000] {dag_data.py:22} INFO - Message delivered to api [0]
[2024-12-03T00:11:28.301+0000] {dag_data.py:22} INFO - Message delivered to api [0]
[2024-12-03T00:11:28.302+0000] {dag_data.py:22} INFO - Message delivered to api [0]
[2024-12-03T00:11:28.303+0000] {dag_data.py:22} INFO - Message delivered to api [0]
[2024-12-03T00:11:28.304+0000] {dag_data.py:22} INFO - Message delivered to api [0]
[2024-12-03T00:11:28.304+0000] {dag_data.py:22} INFO - Message delivered to api [0]
[2024-12-03T00:11:28.305+0000] {dag_data.py:22} INFO - Message delivered to api [0]
[2024-12-03T00:11:28.306+0000] {dag_data.py:22} INFO - Message delivered to api [0]
[2024-12-03T00:11:28.307+0000] {dag_data.py:22} INFO - Message delivered to api [0]
[2024-12-03T00:11:28.307+0000] {dag_data.py:22} INFO - Message delivered to api [0]
[2024-12-03T00:11:28.308+0000] {dag_data.py:22} INFO - Message delivered to api [0]
[2024-12-03T00:11:28.309+0000] {dag_data.py:22} INFO - Message delivered to api [0]
[2024-12-03T00:11:28.310+0000] {dag_data.py:22} INFO - Message delivered to api [0]
[2024-12-03T00:11:28.311+0000] {dag_data.py:22} INFO - Message delivered to api [0]
[2024-12-03T00:11:28.311+0000] {dag_data.py:22} INFO - Message delivered to api [0]
[2024-12-03T00:11:28.312+0000] {dag_data.py:22} INFO - Message delivered to api [0]
[2024-12-03T00:11:28.313+0000] {dag_data.py:22} INFO - Message delivered to api [0]
[2024-12-03T00:11:28.314+0000] {dag_data.py:22} INFO - Message delivered to api [0]
[2024-12-03T00:11:28.316+0000] {dag_data.py:22} INFO - Message delivered to api [0]
[2024-12-03T00:11:28.317+0000] {dag_data.py:22} INFO - Message delivered to api [0]
[2024-12-03T00:11:28.318+0000] {dag_data.py:22} INFO - Message delivered to api [0]
[2024-12-03T00:11:28.319+0000] {dag_data.py:22} INFO - Message delivered to api [0]
[2024-12-03T00:11:28.320+0000] {dag_data.py:22} INFO - Message delivered to api [0]
[2024-12-03T00:11:28.321+0000] {dag_data.py:22} INFO - Message delivered to api [0]
[2024-12-03T00:11:28.322+0000] {dag_data.py:22} INFO - Message delivered to api [0]
[2024-12-03T00:11:28.322+0000] {dag_data.py:22} INFO - Message delivered to api [0]
[2024-12-03T00:11:28.323+0000] {dag_data.py:22} INFO - Message delivered to api [0]
[2024-12-03T00:11:28.324+0000] {dag_data.py:22} INFO - Message delivered to api [0]
[2024-12-03T00:11:28.325+0000] {dag_data.py:22} INFO - Message delivered to api [0]
[2024-12-03T00:11:28.326+0000] {dag_data.py:22} INFO - Message delivered to api [0]
[2024-12-03T00:11:28.327+0000] {dag_data.py:22} INFO - Message delivered to api [0]
[2024-12-03T00:11:28.328+0000] {dag_data.py:22} INFO - Message delivered to api [0]
[2024-12-03T00:11:28.329+0000] {dag_data.py:22} INFO - Message delivered to api [0]
[2024-12-03T00:11:28.330+0000] {dag_data.py:22} INFO - Message delivered to api [0]
[2024-12-03T00:11:28.332+0000] {dag_data.py:22} INFO - Message delivered to api [0]
[2024-12-03T00:11:28.333+0000] {dag_data.py:22} INFO - Message delivered to api [0]
[2024-12-03T00:11:28.334+0000] {dag_data.py:22} INFO - Message delivered to api [0]
[2024-12-03T00:11:28.335+0000] {dag_data.py:22} INFO - Message delivered to api [0]
[2024-12-03T00:11:28.336+0000] {dag_data.py:22} INFO - Message delivered to api [0]
[2024-12-03T00:11:28.337+0000] {dag_data.py:22} INFO - Message delivered to api [0]
[2024-12-03T00:11:28.338+0000] {dag_data.py:22} INFO - Message delivered to api [0]
[2024-12-03T00:11:28.340+0000] {dag_data.py:22} INFO - Message delivered to api [0]
[2024-12-03T00:11:28.341+0000] {dag_data.py:22} INFO - Message delivered to api [0]
[2024-12-03T00:11:28.342+0000] {dag_data.py:22} INFO - Message delivered to api [0]
[2024-12-03T00:11:28.342+0000] {dag_data.py:22} INFO - Message delivered to api [0]
[2024-12-03T00:11:28.343+0000] {dag_data.py:22} INFO - Message delivered to api [0]
[2024-12-03T00:11:28.344+0000] {dag_data.py:22} INFO - Message delivered to api [0]
[2024-12-03T00:11:28.345+0000] {dag_data.py:22} INFO - Message delivered to api [0]
[2024-12-03T00:11:28.346+0000] {dag_data.py:22} INFO - Message delivered to api [0]
[2024-12-03T00:11:28.347+0000] {dag_data.py:22} INFO - Message delivered to api [0]
[2024-12-03T00:11:28.348+0000] {dag_data.py:22} INFO - Message delivered to api [0]
[2024-12-03T00:11:28.350+0000] {dag_data.py:22} INFO - Message delivered to api [0]
[2024-12-03T00:11:28.351+0000] {dag_data.py:22} INFO - Message delivered to api [0]
[2024-12-03T00:11:28.352+0000] {dag_data.py:22} INFO - Message delivered to api [0]
[2024-12-03T00:11:28.353+0000] {dag_data.py:22} INFO - Message delivered to api [0]
[2024-12-03T00:11:28.354+0000] {dag_data.py:22} INFO - Message delivered to api [0]
[2024-12-03T00:11:28.355+0000] {dag_data.py:22} INFO - Message delivered to api [0]
[2024-12-03T00:11:28.355+0000] {dag_data.py:22} INFO - Message delivered to api [0]
[2024-12-03T00:11:28.356+0000] {dag_data.py:22} INFO - Message delivered to api [0]
[2024-12-03T00:11:28.357+0000] {dag_data.py:22} INFO - Message delivered to api [0]
[2024-12-03T00:11:28.357+0000] {dag_data.py:22} INFO - Message delivered to api [0]
[2024-12-03T00:11:28.358+0000] {dag_data.py:22} INFO - Message delivered to api [0]
[2024-12-03T00:11:28.359+0000] {dag_data.py:22} INFO - Message delivered to api [0]
[2024-12-03T00:11:28.360+0000] {dag_data.py:22} INFO - Message delivered to api [0]
[2024-12-03T00:11:28.361+0000] {dag_data.py:22} INFO - Message delivered to api [0]
[2024-12-03T00:11:28.362+0000] {dag_data.py:22} INFO - Message delivered to api [0]
[2024-12-03T00:11:28.363+0000] {dag_data.py:22} INFO - Message delivered to api [0]
[2024-12-03T00:11:28.364+0000] {dag_data.py:22} INFO - Message delivered to api [0]
[2024-12-03T00:11:28.365+0000] {dag_data.py:22} INFO - Message delivered to api [0]
[2024-12-03T00:11:28.366+0000] {dag_data.py:22} INFO - Message delivered to api [0]
[2024-12-03T00:11:28.367+0000] {dag_data.py:22} INFO - Message delivered to api [0]
[2024-12-03T00:11:28.368+0000] {dag_data.py:22} INFO - Message delivered to api [0]
[2024-12-03T00:11:28.369+0000] {dag_data.py:22} INFO - Message delivered to api [0]
[2024-12-03T00:11:28.370+0000] {dag_data.py:22} INFO - Message delivered to api [0]
[2024-12-03T00:11:28.371+0000] {dag_data.py:22} INFO - Message delivered to api [0]
[2024-12-03T00:11:28.371+0000] {dag_data.py:22} INFO - Message delivered to api [0]
[2024-12-03T00:11:28.372+0000] {dag_data.py:22} INFO - Message delivered to api [0]
[2024-12-03T00:11:28.373+0000] {dag_data.py:22} INFO - Message delivered to api [0]
[2024-12-03T00:11:28.374+0000] {dag_data.py:22} INFO - Message delivered to api [0]
[2024-12-03T00:11:28.374+0000] {dag_data.py:22} INFO - Message delivered to api [0]
[2024-12-03T00:11:28.375+0000] {dag_data.py:22} INFO - Message delivered to api [0]
[2024-12-03T00:11:28.376+0000] {dag_data.py:22} INFO - Message delivered to api [0]
[2024-12-03T00:11:28.377+0000] {dag_data.py:22} INFO - Message delivered to api [0]
[2024-12-03T00:11:28.378+0000] {dag_data.py:22} INFO - Message delivered to api [0]
[2024-12-03T00:11:28.378+0000] {dag_data.py:22} INFO - Message delivered to api [0]
[2024-12-03T00:11:28.379+0000] {dag_data.py:22} INFO - Message delivered to api [0]
[2024-12-03T00:11:28.380+0000] {dag_data.py:22} INFO - Message delivered to api [0]
[2024-12-03T00:11:28.381+0000] {dag_data.py:22} INFO - Message delivered to api [0]
[2024-12-03T00:11:28.383+0000] {dag_data.py:22} INFO - Message delivered to api [0]
[2024-12-03T00:11:28.384+0000] {dag_data.py:22} INFO - Message delivered to api [0]
[2024-12-03T00:11:28.384+0000] {dag_data.py:22} INFO - Message delivered to api [0]
[2024-12-03T00:11:28.386+0000] {dag_data.py:22} INFO - Message delivered to api [0]
[2024-12-03T00:11:28.387+0000] {dag_data.py:22} INFO - Message delivered to api [0]
[2024-12-03T00:11:28.387+0000] {dag_data.py:22} INFO - Message delivered to api [0]
[2024-12-03T00:11:28.388+0000] {dag_data.py:22} INFO - Message delivered to api [0]
[2024-12-03T00:11:28.389+0000] {dag_data.py:22} INFO - Message delivered to api [0]
[2024-12-03T00:11:28.389+0000] {dag_data.py:22} INFO - Message delivered to api [0]
[2024-12-03T00:11:28.390+0000] {dag_data.py:22} INFO - Message delivered to api [0]
[2024-12-03T00:11:28.391+0000] {dag_data.py:22} INFO - Message delivered to api [0]
[2024-12-03T00:11:28.392+0000] {dag_data.py:22} INFO - Message delivered to api [0]
[2024-12-03T00:11:28.393+0000] {dag_data.py:22} INFO - Message delivered to api [0]
[2024-12-03T00:11:28.394+0000] {dag_data.py:22} INFO - Message delivered to api [0]
[2024-12-03T00:11:28.395+0000] {dag_data.py:22} INFO - Message delivered to api [0]
[2024-12-03T00:11:28.396+0000] {dag_data.py:22} INFO - Message delivered to api [0]
[2024-12-03T00:11:28.397+0000] {dag_data.py:22} INFO - Message delivered to api [0]
[2024-12-03T00:11:28.398+0000] {dag_data.py:22} INFO - Message delivered to api [0]
[2024-12-03T00:11:28.399+0000] {dag_data.py:22} INFO - Message delivered to api [0]
[2024-12-03T00:11:28.400+0000] {dag_data.py:22} INFO - Message delivered to api [0]
[2024-12-03T00:11:28.402+0000] {dag_data.py:22} INFO - Message delivered to api [0]
[2024-12-03T00:11:28.403+0000] {dag_data.py:22} INFO - Message delivered to api [0]
[2024-12-03T00:11:28.403+0000] {dag_data.py:22} INFO - Message delivered to api [0]
[2024-12-03T00:11:28.405+0000] {dag_data.py:22} INFO - Message delivered to api [0]
[2024-12-03T00:11:28.406+0000] {dag_data.py:22} INFO - Message delivered to api [0]
[2024-12-03T00:11:28.407+0000] {dag_data.py:22} INFO - Message delivered to api [0]
[2024-12-03T00:11:28.408+0000] {dag_data.py:22} INFO - Message delivered to api [0]
[2024-12-03T00:11:28.408+0000] {dag_data.py:22} INFO - Message delivered to api [0]
[2024-12-03T00:11:28.409+0000] {dag_data.py:22} INFO - Message delivered to api [0]
[2024-12-03T00:11:28.410+0000] {dag_data.py:22} INFO - Message delivered to api [0]
[2024-12-03T00:11:28.411+0000] {dag_data.py:22} INFO - Message delivered to api [0]
[2024-12-03T00:11:28.412+0000] {dag_data.py:22} INFO - Message delivered to api [0]
[2024-12-03T00:11:28.413+0000] {dag_data.py:22} INFO - Message delivered to api [0]
[2024-12-03T00:11:28.414+0000] {dag_data.py:22} INFO - Message delivered to api [0]
[2024-12-03T00:11:28.415+0000] {dag_data.py:22} INFO - Message delivered to api [0]
[2024-12-03T00:11:28.416+0000] {dag_data.py:22} INFO - Message delivered to api [0]
[2024-12-03T00:11:28.417+0000] {dag_data.py:22} INFO - Message delivered to api [0]
[2024-12-03T00:11:28.418+0000] {dag_data.py:22} INFO - Message delivered to api [0]
[2024-12-03T00:11:28.419+0000] {dag_data.py:22} INFO - Message delivered to api [0]
[2024-12-03T00:11:28.420+0000] {dag_data.py:22} INFO - Message delivered to api [0]
[2024-12-03T00:11:28.421+0000] {dag_data.py:22} INFO - Message delivered to api [0]
[2024-12-03T00:11:28.422+0000] {dag_data.py:22} INFO - Message delivered to api [0]
[2024-12-03T00:11:28.422+0000] {dag_data.py:22} INFO - Message delivered to api [0]
[2024-12-03T00:11:28.423+0000] {dag_data.py:22} INFO - Message delivered to api [0]
[2024-12-03T00:11:28.424+0000] {dag_data.py:22} INFO - Message delivered to api [0]
[2024-12-03T00:11:28.425+0000] {dag_data.py:22} INFO - Message delivered to api [0]
[2024-12-03T00:11:28.426+0000] {dag_data.py:22} INFO - Message delivered to api [0]
[2024-12-03T00:11:28.426+0000] {dag_data.py:22} INFO - Message delivered to api [0]
[2024-12-03T00:11:28.427+0000] {dag_data.py:22} INFO - Message delivered to api [0]
[2024-12-03T00:11:28.428+0000] {dag_data.py:22} INFO - Message delivered to api [0]
[2024-12-03T00:11:28.429+0000] {dag_data.py:22} INFO - Message delivered to api [0]
[2024-12-03T00:11:28.430+0000] {dag_data.py:22} INFO - Message delivered to api [0]
[2024-12-03T00:11:28.431+0000] {dag_data.py:22} INFO - Message delivered to api [0]
[2024-12-03T00:11:28.432+0000] {dag_data.py:22} INFO - Message delivered to api [0]
[2024-12-03T00:11:28.433+0000] {dag_data.py:22} INFO - Message delivered to api [0]
[2024-12-03T00:11:28.434+0000] {dag_data.py:22} INFO - Message delivered to api [0]
[2024-12-03T00:11:28.435+0000] {dag_data.py:22} INFO - Message delivered to api [0]
[2024-12-03T00:11:28.435+0000] {dag_data.py:22} INFO - Message delivered to api [0]
[2024-12-03T00:11:28.436+0000] {dag_data.py:22} INFO - Message delivered to api [0]
[2024-12-03T00:11:28.437+0000] {dag_data.py:22} INFO - Message delivered to api [0]
[2024-12-03T00:11:28.437+0000] {dag_data.py:22} INFO - Message delivered to api [0]
[2024-12-03T00:11:28.438+0000] {dag_data.py:22} INFO - Message delivered to api [0]
[2024-12-03T00:11:28.439+0000] {dag_data.py:22} INFO - Message delivered to api [0]
[2024-12-03T00:11:28.440+0000] {dag_data.py:22} INFO - Message delivered to api [0]
[2024-12-03T00:11:28.441+0000] {dag_data.py:22} INFO - Message delivered to api [0]
[2024-12-03T00:11:28.441+0000] {dag_data.py:22} INFO - Message delivered to api [0]
[2024-12-03T00:11:28.442+0000] {dag_data.py:22} INFO - Message delivered to api [0]
[2024-12-03T00:11:28.443+0000] {dag_data.py:22} INFO - Message delivered to api [0]
[2024-12-03T00:11:28.444+0000] {dag_data.py:22} INFO - Message delivered to api [0]
[2024-12-03T00:11:28.445+0000] {dag_data.py:22} INFO - Message delivered to api [0]
[2024-12-03T00:11:28.445+0000] {dag_data.py:22} INFO - Message delivered to api [0]
[2024-12-03T00:11:28.446+0000] {dag_data.py:22} INFO - Message delivered to api [0]
[2024-12-03T00:11:28.447+0000] {dag_data.py:22} INFO - Message delivered to api [0]
[2024-12-03T00:11:28.448+0000] {dag_data.py:22} INFO - Message delivered to api [0]
[2024-12-03T00:11:28.448+0000] {dag_data.py:22} INFO - Message delivered to api [0]
[2024-12-03T00:11:28.449+0000] {dag_data.py:22} INFO - Message delivered to api [0]
[2024-12-03T00:11:28.450+0000] {dag_data.py:22} INFO - Message delivered to api [0]
[2024-12-03T00:11:28.451+0000] {dag_data.py:22} INFO - Message delivered to api [0]
[2024-12-03T00:11:28.452+0000] {dag_data.py:22} INFO - Message delivered to api [0]
[2024-12-03T00:11:28.453+0000] {dag_data.py:22} INFO - Message delivered to api [0]
[2024-12-03T00:11:28.454+0000] {dag_data.py:22} INFO - Message delivered to api [0]
[2024-12-03T00:11:28.454+0000] {dag_data.py:22} INFO - Message delivered to api [0]
[2024-12-03T00:11:28.455+0000] {dag_data.py:22} INFO - Message delivered to api [0]
[2024-12-03T00:11:28.456+0000] {dag_data.py:22} INFO - Message delivered to api [0]
[2024-12-03T00:11:28.456+0000] {dag_data.py:22} INFO - Message delivered to api [0]
[2024-12-03T00:11:28.457+0000] {dag_data.py:22} INFO - Message delivered to api [0]
[2024-12-03T00:11:28.458+0000] {dag_data.py:22} INFO - Message delivered to api [0]
[2024-12-03T00:11:28.459+0000] {dag_data.py:22} INFO - Message delivered to api [0]
[2024-12-03T00:11:28.460+0000] {dag_data.py:22} INFO - Message delivered to api [0]
[2024-12-03T00:11:28.461+0000] {dag_data.py:22} INFO - Message delivered to api [0]
[2024-12-03T00:11:28.462+0000] {dag_data.py:22} INFO - Message delivered to api [0]
[2024-12-03T00:11:28.462+0000] {dag_data.py:22} INFO - Message delivered to api [0]
[2024-12-03T00:11:28.463+0000] {dag_data.py:22} INFO - Message delivered to api [0]
[2024-12-03T00:11:28.464+0000] {dag_data.py:22} INFO - Message delivered to api [0]
[2024-12-03T00:11:28.465+0000] {dag_data.py:22} INFO - Message delivered to api [0]
[2024-12-03T00:11:28.466+0000] {dag_data.py:22} INFO - Message delivered to api [0]
[2024-12-03T00:11:28.467+0000] {dag_data.py:22} INFO - Message delivered to api [0]
[2024-12-03T00:11:28.467+0000] {dag_data.py:22} INFO - Message delivered to api [0]
[2024-12-03T00:11:28.468+0000] {dag_data.py:22} INFO - Message delivered to api [0]
[2024-12-03T00:11:28.469+0000] {dag_data.py:22} INFO - Message delivered to api [0]
[2024-12-03T00:11:28.470+0000] {dag_data.py:22} INFO - Message delivered to api [0]
[2024-12-03T00:11:28.470+0000] {dag_data.py:22} INFO - Message delivered to api [0]
[2024-12-03T00:11:28.471+0000] {dag_data.py:22} INFO - Message delivered to api [0]
[2024-12-03T00:11:28.471+0000] {dag_data.py:22} INFO - Message delivered to api [0]
[2024-12-03T00:11:28.472+0000] {dag_data.py:22} INFO - Message delivered to api [0]
[2024-12-03T00:11:28.473+0000] {dag_data.py:22} INFO - Message delivered to api [0]
[2024-12-03T00:11:28.473+0000] {dag_data.py:22} INFO - Message delivered to api [0]
[2024-12-03T00:11:28.474+0000] {dag_data.py:22} INFO - Message delivered to api [0]
[2024-12-03T00:11:28.475+0000] {dag_data.py:22} INFO - Message delivered to api [0]
[2024-12-03T00:11:28.475+0000] {dag_data.py:22} INFO - Message delivered to api [0]
[2024-12-03T00:11:28.476+0000] {dag_data.py:22} INFO - Message delivered to api [0]
[2024-12-03T00:11:28.477+0000] {dag_data.py:22} INFO - Message delivered to api [0]
[2024-12-03T00:11:28.478+0000] {dag_data.py:22} INFO - Message delivered to api [0]
[2024-12-03T00:11:28.479+0000] {dag_data.py:22} INFO - Message delivered to api [0]
[2024-12-03T00:11:28.480+0000] {dag_data.py:22} INFO - Message delivered to api [0]
[2024-12-03T00:11:28.481+0000] {dag_data.py:22} INFO - Message delivered to api [0]
[2024-12-03T00:11:28.481+0000] {dag_data.py:22} INFO - Message delivered to api [0]
[2024-12-03T00:11:28.483+0000] {dag_data.py:22} INFO - Message delivered to api [0]
[2024-12-03T00:11:28.484+0000] {dag_data.py:22} INFO - Message delivered to api [0]
[2024-12-03T00:11:28.484+0000] {dag_data.py:22} INFO - Message delivered to api [0]
[2024-12-03T00:11:28.485+0000] {dag_data.py:22} INFO - Message delivered to api [0]
[2024-12-03T00:11:28.486+0000] {dag_data.py:22} INFO - Message delivered to api [0]
[2024-12-03T00:11:28.487+0000] {dag_data.py:22} INFO - Message delivered to api [0]
[2024-12-03T00:11:28.487+0000] {dag_data.py:22} INFO - Message delivered to api [0]
[2024-12-03T00:11:28.488+0000] {dag_data.py:22} INFO - Message delivered to api [0]
[2024-12-03T00:11:28.489+0000] {dag_data.py:22} INFO - Message delivered to api [0]
[2024-12-03T00:11:28.489+0000] {dag_data.py:22} INFO - Message delivered to api [0]
[2024-12-03T00:11:28.490+0000] {dag_data.py:22} INFO - Message delivered to api [0]
[2024-12-03T00:11:28.491+0000] {dag_data.py:22} INFO - Message delivered to api [0]
[2024-12-03T00:11:28.491+0000] {dag_data.py:22} INFO - Message delivered to api [0]
[2024-12-03T00:11:28.492+0000] {dag_data.py:22} INFO - Message delivered to api [0]
[2024-12-03T00:11:28.493+0000] {dag_data.py:22} INFO - Message delivered to api [0]
[2024-12-03T00:11:28.494+0000] {dag_data.py:22} INFO - Message delivered to api [0]
[2024-12-03T00:11:28.495+0000] {dag_data.py:22} INFO - Message delivered to api [0]
[2024-12-03T00:11:28.495+0000] {dag_data.py:22} INFO - Message delivered to api [0]
[2024-12-03T00:11:28.496+0000] {dag_data.py:22} INFO - Message delivered to api [0]
[2024-12-03T00:11:28.497+0000] {dag_data.py:22} INFO - Message delivered to api [0]
[2024-12-03T00:11:28.498+0000] {dag_data.py:22} INFO - Message delivered to api [0]
[2024-12-03T00:11:28.499+0000] {dag_data.py:22} INFO - Message delivered to api [0]
[2024-12-03T00:11:28.500+0000] {dag_data.py:22} INFO - Message delivered to api [0]
[2024-12-03T00:11:28.501+0000] {dag_data.py:22} INFO - Message delivered to api [0]
[2024-12-03T00:11:28.501+0000] {dag_data.py:22} INFO - Message delivered to api [0]
[2024-12-03T00:11:28.502+0000] {dag_data.py:22} INFO - Message delivered to api [0]
[2024-12-03T00:11:28.503+0000] {dag_data.py:22} INFO - Message delivered to api [0]
[2024-12-03T00:11:28.504+0000] {dag_data.py:22} INFO - Message delivered to api [0]
[2024-12-03T00:11:28.504+0000] {dag_data.py:22} INFO - Message delivered to api [0]
[2024-12-03T00:11:28.505+0000] {dag_data.py:22} INFO - Message delivered to api [0]
[2024-12-03T00:11:28.506+0000] {dag_data.py:22} INFO - Message delivered to api [0]
[2024-12-03T00:11:28.506+0000] {dag_data.py:22} INFO - Message delivered to api [0]
[2024-12-03T00:11:28.507+0000] {dag_data.py:22} INFO - Message delivered to api [0]
[2024-12-03T00:11:28.508+0000] {dag_data.py:22} INFO - Message delivered to api [0]
[2024-12-03T00:11:28.508+0000] {dag_data.py:22} INFO - Message delivered to api [0]
[2024-12-03T00:11:28.509+0000] {dag_data.py:22} INFO - Message delivered to api [0]
[2024-12-03T00:11:28.510+0000] {dag_data.py:22} INFO - Message delivered to api [0]
[2024-12-03T00:11:28.511+0000] {dag_data.py:22} INFO - Message delivered to api [0]
[2024-12-03T00:11:28.511+0000] {dag_data.py:22} INFO - Message delivered to api [0]
[2024-12-03T00:11:28.512+0000] {dag_data.py:22} INFO - Message delivered to api [0]
[2024-12-03T00:11:28.513+0000] {dag_data.py:22} INFO - Message delivered to api [0]
[2024-12-03T00:11:28.514+0000] {dag_data.py:22} INFO - Message delivered to api [0]
[2024-12-03T00:11:28.515+0000] {dag_data.py:22} INFO - Message delivered to api [0]
[2024-12-03T00:11:28.516+0000] {dag_data.py:22} INFO - Message delivered to api [0]
[2024-12-03T00:11:28.516+0000] {dag_data.py:22} INFO - Message delivered to api [0]
[2024-12-03T00:11:28.517+0000] {dag_data.py:22} INFO - Message delivered to api [0]
[2024-12-03T00:11:28.518+0000] {dag_data.py:22} INFO - Message delivered to api [0]
[2024-12-03T00:11:28.518+0000] {dag_data.py:22} INFO - Message delivered to api [0]
[2024-12-03T00:11:28.519+0000] {dag_data.py:22} INFO - Message delivered to api [0]
[2024-12-03T00:11:28.520+0000] {dag_data.py:22} INFO - Message delivered to api [0]
[2024-12-03T00:11:28.521+0000] {dag_data.py:22} INFO - Message delivered to api [0]
[2024-12-03T00:11:28.521+0000] {dag_data.py:22} INFO - Message delivered to api [0]
[2024-12-03T00:11:28.522+0000] {dag_data.py:22} INFO - Message delivered to api [0]
[2024-12-03T00:11:28.523+0000] {dag_data.py:22} INFO - Message delivered to api [0]
[2024-12-03T00:11:28.524+0000] {dag_data.py:22} INFO - Message delivered to api [0]
[2024-12-03T00:11:28.525+0000] {dag_data.py:22} INFO - Message delivered to api [0]
[2024-12-03T00:11:28.525+0000] {dag_data.py:22} INFO - Message delivered to api [0]
[2024-12-03T00:11:28.526+0000] {dag_data.py:22} INFO - Message delivered to api [0]
[2024-12-03T00:11:28.527+0000] {dag_data.py:22} INFO - Message delivered to api [0]
[2024-12-03T00:11:28.527+0000] {dag_data.py:22} INFO - Message delivered to api [0]
[2024-12-03T00:11:28.528+0000] {dag_data.py:22} INFO - Message delivered to api [0]
[2024-12-03T00:11:28.528+0000] {dag_data.py:22} INFO - Message delivered to api [0]
[2024-12-03T00:11:28.529+0000] {dag_data.py:22} INFO - Message delivered to api [0]
[2024-12-03T00:11:28.530+0000] {dag_data.py:22} INFO - Message delivered to api [0]
[2024-12-03T00:11:28.531+0000] {dag_data.py:22} INFO - Message delivered to api [0]
[2024-12-03T00:11:28.532+0000] {dag_data.py:22} INFO - Message delivered to api [0]
[2024-12-03T00:11:28.532+0000] {dag_data.py:22} INFO - Message delivered to api [0]
[2024-12-03T00:11:28.533+0000] {dag_data.py:80} INFO - Toutes les donnes de sales.csv ont t publies avec succs.
[2024-12-03T00:11:28.542+0000] {python.py:240} INFO - Done. Returned value was: None
[2024-12-03T00:11:28.569+0000] {taskinstance.py:340} INFO - ::group::Post task execution logs
[2024-12-03T00:11:28.571+0000] {taskinstance.py:352} INFO - Marking task as SUCCESS. dag_id=dag1, task_id=process_task_tag2, run_id=scheduled__2024-12-02T00:00:00+00:00, execution_date=20241202T000000, start_date=20241203T000125, end_date=20241203T001128
[2024-12-03T00:11:28.675+0000] {local_task_job_runner.py:266} INFO - Task exited with return code 0
[2024-12-03T00:11:28.715+0000] {taskinstance.py:3895} INFO - 0 downstream tasks scheduled from follow-on schedule check
[2024-12-03T00:11:28.718+0000] {local_task_job_runner.py:245} INFO - ::endgroup::
