[2024-12-02T19:03:52.141+0000] {local_task_job_runner.py:123} INFO - ::group::Pre task execution logs
[2024-12-02T19:03:52.187+0000] {taskinstance.py:2613} INFO - Dependencies all met for dep_context=non-requeueable deps ti=<TaskInstance: kafka_hive_pipeline.produce_to_kafka manual__2024-12-02T19:03:44.687905+00:00 [queued]>
[2024-12-02T19:03:52.220+0000] {taskinstance.py:2613} INFO - Dependencies all met for dep_context=requeueable deps ti=<TaskInstance: kafka_hive_pipeline.produce_to_kafka manual__2024-12-02T19:03:44.687905+00:00 [queued]>
[2024-12-02T19:03:52.221+0000] {taskinstance.py:2866} INFO - Starting attempt 1 of 1
[2024-12-02T19:03:52.331+0000] {taskinstance.py:2889} INFO - Executing <Task(PythonOperator): produce_to_kafka> on 2024-12-02 19:03:44.687905+00:00
[2024-12-02T19:03:52.390+0000] {logging_mixin.py:190} WARNING - /home/airflow/.local/lib/python3.12/site-packages/airflow/task/task_runner/standard_task_runner.py:70 DeprecationWarning: This process (pid=1533) is multi-threaded, use of fork() may lead to deadlocks in the child.
[2024-12-02T19:03:52.396+0000] {standard_task_runner.py:72} INFO - Started process 1552 to run task
[2024-12-02T19:03:52.380+0000] {standard_task_runner.py:104} INFO - Running: ['airflow', 'tasks', 'run', 'kafka_hive_pipeline', 'produce_to_kafka', 'manual__2024-12-02T19:03:44.687905+00:00', '--job-id', '155', '--raw', '--subdir', 'DAGS_FOLDER/gestion_airflow.py', '--cfg-path', '/tmp/tmp5n4n2pgu']
[2024-12-02T19:03:52.399+0000] {standard_task_runner.py:105} INFO - Job 155: Subtask produce_to_kafka
[2024-12-02T19:03:52.754+0000] {task_command.py:467} INFO - Running <TaskInstance: kafka_hive_pipeline.produce_to_kafka manual__2024-12-02T19:03:44.687905+00:00 [running]> on host 45770b1a429e
[2024-12-02T19:03:53.027+0000] {taskinstance.py:3132} INFO - Exporting env vars: AIRFLOW_CTX_DAG_OWNER='airflow' AIRFLOW_CTX_DAG_ID='kafka_hive_pipeline' AIRFLOW_CTX_TASK_ID='produce_to_kafka' AIRFLOW_CTX_EXECUTION_DATE='2024-12-02T19:03:44.687905+00:00' AIRFLOW_CTX_TRY_NUMBER='1' AIRFLOW_CTX_DAG_RUN_ID='manual__2024-12-02T19:03:44.687905+00:00'
[2024-12-02T19:03:53.030+0000] {taskinstance.py:731} INFO - ::endgroup::
[2024-12-02T19:03:53.151+0000] {csv_to_kafka_with_redis.py:50} INFO - Loaded CSV Data:
    Invoice ID Branch       City Customer type  Gender  ...      Payment    cogs  gross margin percentage  gross income  Rating
0  750-67-8428      A     Yangon        Member  Female  ...      Ewallet  522.83                 4.761905       26.1415     9.1
1  226-31-3081      C  Naypyitaw        Normal  Female  ...         Cash   76.40                 4.761905        3.8200     9.6
2  631-41-3108      A     Yangon        Normal    Male  ...  Credit card  324.31                 4.761905       16.2155     7.4
3  123-19-1176      A     Yangon        Member    Male  ...      Ewallet  465.76                 4.761905       23.2880     8.4
4  373-73-7910      A     Yangon        Normal    Male  ...      Ewallet  604.17                 4.761905       30.2085     5.3

[5 rows x 17 columns]
[2024-12-02T19:03:53.154+0000] {csv_to_kafka_with_redis.py:84} INFO - Row data before serialization: {'id': '0fd229a9-7a65-4d89-be3c-7b615207a660', 'invoice_id': '750-67-8428', 'branch': 'A', 'city': 'Yangon', 'customer_type': 'Member', 'gender': 'Female', 'product_line': 'Health and beauty', 'unit_price': 74.69, 'quantity': 7, 'tax_5_percent': 26.1415, 'total': 548.9715, 'date': '1/5/2019', 'time': '13:08', 'payment': 'Ewallet', 'cogs': 522.83, 'gross_margin_percentage': 4.761904762, 'gross_income': 26.1415, 'rating': 9.1}
[2024-12-02T19:03:53.209+0000] {csv_to_kafka_with_redis.py:84} INFO - Row data before serialization: {'id': '8c543204-f8c5-4f58-bd09-c6d25687190e', 'invoice_id': '226-31-3081', 'branch': 'C', 'city': 'Naypyitaw', 'customer_type': 'Normal', 'gender': 'Female', 'product_line': 'Electronic accessories', 'unit_price': 15.28, 'quantity': 5, 'tax_5_percent': 3.82, 'total': 80.22, 'date': '3/8/2019', 'time': '10:29', 'payment': 'Cash', 'cogs': 76.4, 'gross_margin_percentage': 4.761904762, 'gross_income': 3.82, 'rating': 9.6}
[2024-12-02T19:03:53.211+0000] {csv_to_kafka_with_redis.py:84} INFO - Row data before serialization: {'id': '4e6e5823-d391-4cdf-9fb9-a1bbca766af0', 'invoice_id': '631-41-3108', 'branch': 'A', 'city': 'Yangon', 'customer_type': 'Normal', 'gender': 'Male', 'product_line': 'Home and lifestyle', 'unit_price': 46.33, 'quantity': 7, 'tax_5_percent': 16.2155, 'total': 340.5255, 'date': '3/3/2019', 'time': '13:23', 'payment': 'Credit card', 'cogs': 324.31, 'gross_margin_percentage': 4.761904762, 'gross_income': 16.2155, 'rating': 7.4}
[2024-12-02T19:03:53.213+0000] {csv_to_kafka_with_redis.py:84} INFO - Row data before serialization: {'id': '1c6a613a-7e29-4fae-b8a5-e8ca231ad630', 'invoice_id': '123-19-1176', 'branch': 'A', 'city': 'Yangon', 'customer_type': 'Member', 'gender': 'Male', 'product_line': 'Health and beauty', 'unit_price': 58.22, 'quantity': 8, 'tax_5_percent': 23.288, 'total': 489.048, 'date': '1/27/2019', 'time': '20:33', 'payment': 'Ewallet', 'cogs': 465.76, 'gross_margin_percentage': 4.761904762, 'gross_income': 23.288, 'rating': 8.4}
[2024-12-02T19:03:53.214+0000] {csv_to_kafka_with_redis.py:84} INFO - Row data before serialization: {'id': 'a407b900-905e-42b1-af7d-b4ec9bc19e51', 'invoice_id': '373-73-7910', 'branch': 'A', 'city': 'Yangon', 'customer_type': 'Normal', 'gender': 'Male', 'product_line': 'Sports and travel', 'unit_price': 86.31, 'quantity': 7, 'tax_5_percent': 30.2085, 'total': 634.3785, 'date': '2/8/2019', 'time': '10:37', 'payment': 'Ewallet', 'cogs': 604.17, 'gross_margin_percentage': 4.761904762, 'gross_income': 30.2085, 'rating': 5.3}
[2024-12-02T19:03:53.216+0000] {csv_to_kafka_with_redis.py:84} INFO - Row data before serialization: {'id': '1d282a39-be94-42cb-bdde-17122aa4f017', 'invoice_id': '699-14-3026', 'branch': 'C', 'city': 'Naypyitaw', 'customer_type': 'Normal', 'gender': 'Male', 'product_line': 'Electronic accessories', 'unit_price': 85.39, 'quantity': 7, 'tax_5_percent': 29.8865, 'total': 627.6165, 'date': '3/25/2019', 'time': '18:30', 'payment': 'Ewallet', 'cogs': 597.73, 'gross_margin_percentage': 4.761904762, 'gross_income': 29.8865, 'rating': 4.1}
[2024-12-02T19:03:53.217+0000] {csv_to_kafka_with_redis.py:84} INFO - Row data before serialization: {'id': '75518454-f393-44c0-b6e7-064367fcb0ce', 'invoice_id': '355-53-5943', 'branch': 'A', 'city': 'Yangon', 'customer_type': 'Member', 'gender': 'Female', 'product_line': 'Electronic accessories', 'unit_price': 68.84, 'quantity': 6, 'tax_5_percent': 20.652, 'total': 433.692, 'date': '2/25/2019', 'time': '14:36', 'payment': 'Ewallet', 'cogs': 413.04, 'gross_margin_percentage': 4.761904762, 'gross_income': 20.652, 'rating': 5.8}
[2024-12-02T19:03:53.219+0000] {csv_to_kafka_with_redis.py:84} INFO - Row data before serialization: {'id': '0fcf0a70-a2a9-4f2d-98c9-050299ce9f5f', 'invoice_id': '315-22-5665', 'branch': 'C', 'city': 'Naypyitaw', 'customer_type': 'Normal', 'gender': 'Female', 'product_line': 'Home and lifestyle', 'unit_price': 73.56, 'quantity': 10, 'tax_5_percent': 36.78, 'total': 772.38, 'date': '2/24/2019', 'time': '11:38', 'payment': 'Ewallet', 'cogs': 735.6, 'gross_margin_percentage': 4.761904762, 'gross_income': 36.78, 'rating': 8.0}
[2024-12-02T19:03:53.221+0000] {csv_to_kafka_with_redis.py:84} INFO - Row data before serialization: {'id': '2e8ea68c-37cb-4239-94a5-f755fe9ee814', 'invoice_id': '665-32-9167', 'branch': 'A', 'city': 'Yangon', 'customer_type': 'Member', 'gender': 'Female', 'product_line': 'Health and beauty', 'unit_price': 36.26, 'quantity': 2, 'tax_5_percent': 3.626, 'total': 76.146, 'date': '1/10/2019', 'time': '17:15', 'payment': 'Credit card', 'cogs': 72.52, 'gross_margin_percentage': 4.761904762, 'gross_income': 3.626, 'rating': 7.2}
[2024-12-02T19:03:53.222+0000] {csv_to_kafka_with_redis.py:84} INFO - Row data before serialization: {'id': '7446cb43-2dfe-46aa-ba8e-57255742fc82', 'invoice_id': '692-92-5582', 'branch': 'B', 'city': 'Mandalay', 'customer_type': 'Member', 'gender': 'Female', 'product_line': 'Food and beverages', 'unit_price': 54.84, 'quantity': 3, 'tax_5_percent': 8.226, 'total': 172.746, 'date': '2/20/2019', 'time': '13:27', 'payment': 'Credit card', 'cogs': 164.52, 'gross_margin_percentage': 4.761904762, 'gross_income': 8.226, 'rating': 5.9}
[2024-12-02T19:03:53.224+0000] {csv_to_kafka_with_redis.py:84} INFO - Row data before serialization: {'id': '243a8eef-21b1-4596-8a87-998ab2f9e05f', 'invoice_id': '351-62-0822', 'branch': 'B', 'city': 'Mandalay', 'customer_type': 'Member', 'gender': 'Female', 'product_line': 'Fashion accessories', 'unit_price': 14.48, 'quantity': 4, 'tax_5_percent': 2.896, 'total': 60.816, 'date': '2/6/2019', 'time': '18:07', 'payment': 'Ewallet', 'cogs': 57.92, 'gross_margin_percentage': 4.761904762, 'gross_income': 2.896, 'rating': 4.5}
[2024-12-02T19:03:53.225+0000] {csv_to_kafka_with_redis.py:84} INFO - Row data before serialization: {'id': '9eddf8fd-5b87-4e03-80d3-3d448254158f', 'invoice_id': '529-56-3974', 'branch': 'B', 'city': 'Mandalay', 'customer_type': 'Member', 'gender': 'Male', 'product_line': 'Electronic accessories', 'unit_price': 25.51, 'quantity': 4, 'tax_5_percent': 5.102, 'total': 107.142, 'date': '3/9/2019', 'time': '17:03', 'payment': 'Cash', 'cogs': 102.04, 'gross_margin_percentage': 4.761904762, 'gross_income': 5.102, 'rating': 6.8}
[2024-12-02T19:03:53.227+0000] {csv_to_kafka_with_redis.py:84} INFO - Row data before serialization: {'id': '68f834ad-2225-4c16-bfea-04a795daebfe', 'invoice_id': '365-64-0515', 'branch': 'A', 'city': 'Yangon', 'customer_type': 'Normal', 'gender': 'Female', 'product_line': 'Electronic accessories', 'unit_price': 46.95, 'quantity': 5, 'tax_5_percent': 11.7375, 'total': 246.4875, 'date': '2/12/2019', 'time': '10:25', 'payment': 'Ewallet', 'cogs': 234.75, 'gross_margin_percentage': 4.761904762, 'gross_income': 11.7375, 'rating': 7.1}
[2024-12-02T19:03:53.229+0000] {csv_to_kafka_with_redis.py:84} INFO - Row data before serialization: {'id': '0036e868-1946-4f3b-a13f-84b84abb9897', 'invoice_id': '252-56-2699', 'branch': 'A', 'city': 'Yangon', 'customer_type': 'Normal', 'gender': 'Male', 'product_line': 'Food and beverages', 'unit_price': 43.19, 'quantity': 10, 'tax_5_percent': 21.595, 'total': 453.495, 'date': '2/7/2019', 'time': '16:48', 'payment': 'Ewallet', 'cogs': 431.9, 'gross_margin_percentage': 4.761904762, 'gross_income': 21.595, 'rating': 8.2}
[2024-12-02T19:03:53.230+0000] {csv_to_kafka_with_redis.py:84} INFO - Row data before serialization: {'id': '6942b725-3d9f-443e-a68f-0f7e1b0483aa', 'invoice_id': '829-34-3910', 'branch': 'A', 'city': 'Yangon', 'customer_type': 'Normal', 'gender': 'Female', 'product_line': 'Health and beauty', 'unit_price': 71.38, 'quantity': 10, 'tax_5_percent': 35.69, 'total': 749.49, 'date': '3/29/2019', 'time': '19:21', 'payment': 'Cash', 'cogs': 713.8, 'gross_margin_percentage': 4.761904762, 'gross_income': 35.69, 'rating': 5.7}
[2024-12-02T19:03:53.231+0000] {csv_to_kafka_with_redis.py:84} INFO - Row data before serialization: {'id': '124397eb-f67b-4245-8e62-0f7860b7f065', 'invoice_id': '299-46-1805', 'branch': 'B', 'city': 'Mandalay', 'customer_type': 'Member', 'gender': 'Female', 'product_line': 'Sports and travel', 'unit_price': 93.72, 'quantity': 6, 'tax_5_percent': 28.116, 'total': 590.436, 'date': '1/15/2019', 'time': '16:19', 'payment': 'Cash', 'cogs': 562.32, 'gross_margin_percentage': 4.761904762, 'gross_income': 28.116, 'rating': 4.5}
[2024-12-02T19:03:53.232+0000] {csv_to_kafka_with_redis.py:84} INFO - Row data before serialization: {'id': '9df796cc-78d2-4949-8057-b2c3fcf0ca66', 'invoice_id': '656-95-9349', 'branch': 'A', 'city': 'Yangon', 'customer_type': 'Member', 'gender': 'Female', 'product_line': 'Health and beauty', 'unit_price': 68.93, 'quantity': 7, 'tax_5_percent': 24.1255, 'total': 506.6355, 'date': '3/11/2019', 'time': '11:03', 'payment': 'Credit card', 'cogs': 482.51, 'gross_margin_percentage': 4.761904762, 'gross_income': 24.1255, 'rating': 4.6}
[2024-12-02T19:03:53.234+0000] {csv_to_kafka_with_redis.py:84} INFO - Row data before serialization: {'id': 'f00fb590-1fc3-4bdb-ae12-4fb54cce5ad8', 'invoice_id': '765-26-6951', 'branch': 'A', 'city': 'Yangon', 'customer_type': 'Normal', 'gender': 'Male', 'product_line': 'Sports and travel', 'unit_price': 72.61, 'quantity': 6, 'tax_5_percent': 21.783, 'total': 457.443, 'date': '1/1/2019', 'time': '10:39', 'payment': 'Credit card', 'cogs': 435.66, 'gross_margin_percentage': 4.761904762, 'gross_income': 21.783, 'rating': 6.9}
[2024-12-02T19:03:53.236+0000] {csv_to_kafka_with_redis.py:84} INFO - Row data before serialization: {'id': 'e2e9794a-380b-4fa0-a084-35afb80e72f4', 'invoice_id': '329-62-1586', 'branch': 'A', 'city': 'Yangon', 'customer_type': 'Normal', 'gender': 'Male', 'product_line': 'Food and beverages', 'unit_price': 54.67, 'quantity': 3, 'tax_5_percent': 8.2005, 'total': 172.2105, 'date': '1/21/2019', 'time': '18:00', 'payment': 'Credit card', 'cogs': 164.01, 'gross_margin_percentage': 4.761904762, 'gross_income': 8.2005, 'rating': 8.6}
[2024-12-02T19:03:53.237+0000] {csv_to_kafka_with_redis.py:84} INFO - Row data before serialization: {'id': 'effff032-6f7a-4932-a191-d45e9c1825b8', 'invoice_id': '319-50-3348', 'branch': 'B', 'city': 'Mandalay', 'customer_type': 'Normal', 'gender': 'Female', 'product_line': 'Home and lifestyle', 'unit_price': 40.3, 'quantity': 2, 'tax_5_percent': 4.03, 'total': 84.63, 'date': '3/11/2019', 'time': '15:30', 'payment': 'Ewallet', 'cogs': 80.6, 'gross_margin_percentage': 4.761904762, 'gross_income': 4.03, 'rating': 4.4}
[2024-12-02T19:03:53.239+0000] {csv_to_kafka_with_redis.py:84} INFO - Row data before serialization: {'id': 'd667da5f-b3dd-441e-8e65-726cdc0a60a2', 'invoice_id': '300-71-4605', 'branch': 'C', 'city': 'Naypyitaw', 'customer_type': 'Member', 'gender': 'Male', 'product_line': 'Electronic accessories', 'unit_price': 86.04, 'quantity': 5, 'tax_5_percent': 21.51, 'total': 451.71, 'date': '2/25/2019', 'time': '11:24', 'payment': 'Ewallet', 'cogs': 430.2, 'gross_margin_percentage': 4.761904762, 'gross_income': 21.51, 'rating': 4.8}
[2024-12-02T19:03:53.240+0000] {csv_to_kafka_with_redis.py:84} INFO - Row data before serialization: {'id': '0802176b-fb54-4d91-be01-93af91c5a5d3', 'invoice_id': '371-85-5789', 'branch': 'B', 'city': 'Mandalay', 'customer_type': 'Normal', 'gender': 'Male', 'product_line': 'Health and beauty', 'unit_price': 87.98, 'quantity': 3, 'tax_5_percent': 13.197, 'total': 277.137, 'date': '3/5/2019', 'time': '10:40', 'payment': 'Ewallet', 'cogs': 263.94, 'gross_margin_percentage': 4.761904762, 'gross_income': 13.197, 'rating': 5.1}
[2024-12-02T19:03:53.242+0000] {csv_to_kafka_with_redis.py:84} INFO - Row data before serialization: {'id': '3279b64a-a021-4796-a8bf-2b179b00d98f', 'invoice_id': '273-16-6619', 'branch': 'B', 'city': 'Mandalay', 'customer_type': 'Normal', 'gender': 'Male', 'product_line': 'Home and lifestyle', 'unit_price': 33.2, 'quantity': 2, 'tax_5_percent': 3.32, 'total': 69.72, 'date': '3/15/2019', 'time': '12:20', 'payment': 'Credit card', 'cogs': 66.4, 'gross_margin_percentage': 4.761904762, 'gross_income': 3.32, 'rating': 4.4}
[2024-12-02T19:03:53.243+0000] {csv_to_kafka_with_redis.py:84} INFO - Row data before serialization: {'id': '7593b9b3-d556-4041-bbbb-e2af773db3e2', 'invoice_id': '636-48-8204', 'branch': 'A', 'city': 'Yangon', 'customer_type': 'Normal', 'gender': 'Male', 'product_line': 'Electronic accessories', 'unit_price': 34.56, 'quantity': 5, 'tax_5_percent': 8.64, 'total': 181.44, 'date': '2/17/2019', 'time': '11:15', 'payment': 'Ewallet', 'cogs': 172.8, 'gross_margin_percentage': 4.761904762, 'gross_income': 8.64, 'rating': 9.9}
[2024-12-02T19:03:53.245+0000] {csv_to_kafka_with_redis.py:84} INFO - Row data before serialization: {'id': 'd7522e9b-02d4-47ec-8ded-bff9db97d177', 'invoice_id': '549-59-1358', 'branch': 'A', 'city': 'Yangon', 'customer_type': 'Member', 'gender': 'Male', 'product_line': 'Sports and travel', 'unit_price': 88.63, 'quantity': 3, 'tax_5_percent': 13.2945, 'total': 279.1845, 'date': '3/2/2019', 'time': '17:36', 'payment': 'Ewallet', 'cogs': 265.89, 'gross_margin_percentage': 4.761904762, 'gross_income': 13.2945, 'rating': 6.0}
[2024-12-02T19:03:53.246+0000] {csv_to_kafka_with_redis.py:84} INFO - Row data before serialization: {'id': 'f8dbdf65-4e3a-4b7c-a2af-c5ce730a87ab', 'invoice_id': '227-03-5010', 'branch': 'A', 'city': 'Yangon', 'customer_type': 'Member', 'gender': 'Female', 'product_line': 'Home and lifestyle', 'unit_price': 52.59, 'quantity': 8, 'tax_5_percent': 21.036, 'total': 441.756, 'date': '3/22/2019', 'time': '19:20', 'payment': 'Credit card', 'cogs': 420.72, 'gross_margin_percentage': 4.761904762, 'gross_income': 21.036, 'rating': 8.5}
[2024-12-02T19:03:53.248+0000] {csv_to_kafka_with_redis.py:84} INFO - Row data before serialization: {'id': 'd5bd5081-b42b-46bb-8316-85818d0f4110', 'invoice_id': '649-29-6775', 'branch': 'B', 'city': 'Mandalay', 'customer_type': 'Normal', 'gender': 'Male', 'product_line': 'Fashion accessories', 'unit_price': 33.52, 'quantity': 1, 'tax_5_percent': 1.676, 'total': 35.196, 'date': '2/8/2019', 'time': '15:31', 'payment': 'Cash', 'cogs': 33.52, 'gross_margin_percentage': 4.761904762, 'gross_income': 1.676, 'rating': 6.7}
[2024-12-02T19:03:53.249+0000] {csv_to_kafka_with_redis.py:84} INFO - Row data before serialization: {'id': '24719eaa-64d4-4f77-af8f-3b4b254a53f6', 'invoice_id': '189-17-4241', 'branch': 'A', 'city': 'Yangon', 'customer_type': 'Normal', 'gender': 'Female', 'product_line': 'Fashion accessories', 'unit_price': 87.67, 'quantity': 2, 'tax_5_percent': 8.767, 'total': 184.107, 'date': '3/10/2019', 'time': '12:17', 'payment': 'Credit card', 'cogs': 175.34, 'gross_margin_percentage': 4.761904762, 'gross_income': 8.767, 'rating': 7.7}
[2024-12-02T19:03:53.251+0000] {csv_to_kafka_with_redis.py:84} INFO - Row data before serialization: {'id': '20a25122-26c6-46c1-b4d8-1f4be50154ca', 'invoice_id': '145-94-9061', 'branch': 'B', 'city': 'Mandalay', 'customer_type': 'Normal', 'gender': 'Female', 'product_line': 'Food and beverages', 'unit_price': 88.36, 'quantity': 5, 'tax_5_percent': 22.09, 'total': 463.89, 'date': '1/25/2019', 'time': '19:48', 'payment': 'Cash', 'cogs': 441.8, 'gross_margin_percentage': 4.761904762, 'gross_income': 22.09, 'rating': 9.6}
[2024-12-02T19:03:53.253+0000] {csv_to_kafka_with_redis.py:84} INFO - Row data before serialization: {'id': '8ffb7329-c3ce-4be6-a78a-dd6de4c783f9', 'invoice_id': '848-62-7243', 'branch': 'A', 'city': 'Yangon', 'customer_type': 'Normal', 'gender': 'Male', 'product_line': 'Health and beauty', 'unit_price': 24.89, 'quantity': 9, 'tax_5_percent': 11.2005, 'total': 235.2105, 'date': '3/15/2019', 'time': '15:36', 'payment': 'Cash', 'cogs': 224.01, 'gross_margin_percentage': 4.761904762, 'gross_income': 11.2005, 'rating': 7.4}
[2024-12-02T19:03:53.254+0000] {csv_to_kafka_with_redis.py:84} INFO - Row data before serialization: {'id': '72d83f87-5a3d-413e-9b84-a76f22cff0b9', 'invoice_id': '871-79-8483', 'branch': 'B', 'city': 'Mandalay', 'customer_type': 'Normal', 'gender': 'Male', 'product_line': 'Fashion accessories', 'unit_price': 94.13, 'quantity': 5, 'tax_5_percent': 23.5325, 'total': 494.1825, 'date': '2/25/2019', 'time': '19:39', 'payment': 'Credit card', 'cogs': 470.65, 'gross_margin_percentage': 4.761904762, 'gross_income': 23.5325, 'rating': 4.8}
[2024-12-02T19:03:53.256+0000] {csv_to_kafka_with_redis.py:84} INFO - Row data before serialization: {'id': '3dbb262e-794a-4b4a-b0d2-d730f696fa9d', 'invoice_id': '149-71-6266', 'branch': 'B', 'city': 'Mandalay', 'customer_type': 'Member', 'gender': 'Male', 'product_line': 'Sports and travel', 'unit_price': 78.07, 'quantity': 9, 'tax_5_percent': 35.1315, 'total': 737.7615, 'date': '1/28/2019', 'time': '12:43', 'payment': 'Cash', 'cogs': 702.63, 'gross_margin_percentage': 4.761904762, 'gross_income': 35.1315, 'rating': 4.5}
[2024-12-02T19:03:53.257+0000] {csv_to_kafka_with_redis.py:84} INFO - Row data before serialization: {'id': 'a7b78a95-e86a-45ca-864f-1d5daff6aa4e', 'invoice_id': '640-49-2076', 'branch': 'B', 'city': 'Mandalay', 'customer_type': 'Normal', 'gender': 'Male', 'product_line': 'Sports and travel', 'unit_price': 83.78, 'quantity': 8, 'tax_5_percent': 33.512, 'total': 703.752, 'date': '1/10/2019', 'time': '14:49', 'payment': 'Cash', 'cogs': 670.24, 'gross_margin_percentage': 4.761904762, 'gross_income': 33.512, 'rating': 5.1}
[2024-12-02T19:03:53.259+0000] {csv_to_kafka_with_redis.py:84} INFO - Row data before serialization: {'id': 'bf114ffb-14e6-4915-ab86-3c9280ce7c0e', 'invoice_id': '595-11-5460', 'branch': 'A', 'city': 'Yangon', 'customer_type': 'Normal', 'gender': 'Male', 'product_line': 'Health and beauty', 'unit_price': 96.58, 'quantity': 2, 'tax_5_percent': 9.658, 'total': 202.818, 'date': '3/15/2019', 'time': '10:12', 'payment': 'Credit card', 'cogs': 193.16, 'gross_margin_percentage': 4.761904762, 'gross_income': 9.658, 'rating': 5.1}
[2024-12-02T19:03:53.260+0000] {csv_to_kafka_with_redis.py:84} INFO - Row data before serialization: {'id': '0ab37fa6-b0f1-45ae-ac61-3778caff7d56', 'invoice_id': '183-56-6882', 'branch': 'C', 'city': 'Naypyitaw', 'customer_type': 'Member', 'gender': 'Female', 'product_line': 'Food and beverages', 'unit_price': 99.42, 'quantity': 4, 'tax_5_percent': 19.884, 'total': 417.564, 'date': '2/6/2019', 'time': '10:42', 'payment': 'Ewallet', 'cogs': 397.68, 'gross_margin_percentage': 4.761904762, 'gross_income': 19.884, 'rating': 7.5}
[2024-12-02T19:03:53.261+0000] {csv_to_kafka_with_redis.py:84} INFO - Row data before serialization: {'id': 'e3fe4fa5-93cf-4c80-a575-be12534b966e', 'invoice_id': '232-16-2483', 'branch': 'C', 'city': 'Naypyitaw', 'customer_type': 'Member', 'gender': 'Female', 'product_line': 'Sports and travel', 'unit_price': 68.12, 'quantity': 1, 'tax_5_percent': 3.406, 'total': 71.526, 'date': '1/7/2019', 'time': '12:28', 'payment': 'Ewallet', 'cogs': 68.12, 'gross_margin_percentage': 4.761904762, 'gross_income': 3.406, 'rating': 6.8}
[2024-12-02T19:03:53.263+0000] {csv_to_kafka_with_redis.py:84} INFO - Row data before serialization: {'id': '9dbceb5a-e1e9-449e-9357-94d697710364', 'invoice_id': '129-29-8530', 'branch': 'A', 'city': 'Yangon', 'customer_type': 'Member', 'gender': 'Male', 'product_line': 'Sports and travel', 'unit_price': 62.62, 'quantity': 5, 'tax_5_percent': 15.655, 'total': 328.755, 'date': '3/10/2019', 'time': '19:15', 'payment': 'Ewallet', 'cogs': 313.1, 'gross_margin_percentage': 4.761904762, 'gross_income': 15.655, 'rating': 7.0}
[2024-12-02T19:03:53.264+0000] {csv_to_kafka_with_redis.py:84} INFO - Row data before serialization: {'id': '0c19f55a-b196-41a1-869a-2c1162d985ed', 'invoice_id': '272-65-1806', 'branch': 'A', 'city': 'Yangon', 'customer_type': 'Normal', 'gender': 'Female', 'product_line': 'Electronic accessories', 'unit_price': 60.88, 'quantity': 9, 'tax_5_percent': 27.396, 'total': 575.316, 'date': '1/15/2019', 'time': '17:17', 'payment': 'Ewallet', 'cogs': 547.92, 'gross_margin_percentage': 4.761904762, 'gross_income': 27.396, 'rating': 4.7}
[2024-12-02T19:03:53.266+0000] {csv_to_kafka_with_redis.py:84} INFO - Row data before serialization: {'id': 'b1752bab-7f66-4af6-80b3-d81df872f55f', 'invoice_id': '333-73-7901', 'branch': 'C', 'city': 'Naypyitaw', 'customer_type': 'Normal', 'gender': 'Female', 'product_line': 'Health and beauty', 'unit_price': 54.92, 'quantity': 8, 'tax_5_percent': 21.968, 'total': 461.328, 'date': '3/23/2019', 'time': '13:24', 'payment': 'Ewallet', 'cogs': 439.36, 'gross_margin_percentage': 4.761904762, 'gross_income': 21.968, 'rating': 7.6}
[2024-12-02T19:03:53.268+0000] {csv_to_kafka_with_redis.py:84} INFO - Row data before serialization: {'id': '5375fff2-556c-42dd-ad24-598d89579d41', 'invoice_id': '777-82-7220', 'branch': 'B', 'city': 'Mandalay', 'customer_type': 'Member', 'gender': 'Male', 'product_line': 'Home and lifestyle', 'unit_price': 30.12, 'quantity': 8, 'tax_5_percent': 12.048, 'total': 253.008, 'date': '3/3/2019', 'time': '13:01', 'payment': 'Cash', 'cogs': 240.96, 'gross_margin_percentage': 4.761904762, 'gross_income': 12.048, 'rating': 7.7}
[2024-12-02T19:03:53.270+0000] {csv_to_kafka_with_redis.py:84} INFO - Row data before serialization: {'id': '50b0bd3f-b6bb-4144-9a26-12ca3a8ca18f', 'invoice_id': '280-35-5823', 'branch': 'B', 'city': 'Mandalay', 'customer_type': 'Member', 'gender': 'Female', 'product_line': 'Home and lifestyle', 'unit_price': 86.72, 'quantity': 1, 'tax_5_percent': 4.336, 'total': 91.056, 'date': '1/17/2019', 'time': '18:45', 'payment': 'Ewallet', 'cogs': 86.72, 'gross_margin_percentage': 4.761904762, 'gross_income': 4.336, 'rating': 7.9}
[2024-12-02T19:03:53.271+0000] {csv_to_kafka_with_redis.py:84} INFO - Row data before serialization: {'id': 'fe80c42e-f455-402e-9637-17240cf0028e', 'invoice_id': '554-53-8700', 'branch': 'C', 'city': 'Naypyitaw', 'customer_type': 'Member', 'gender': 'Male', 'product_line': 'Home and lifestyle', 'unit_price': 56.11, 'quantity': 2, 'tax_5_percent': 5.611, 'total': 117.831, 'date': '2/2/2019', 'time': '10:11', 'payment': 'Cash', 'cogs': 112.22, 'gross_margin_percentage': 4.761904762, 'gross_income': 5.611, 'rating': 6.3}
[2024-12-02T19:03:53.273+0000] {csv_to_kafka_with_redis.py:84} INFO - Row data before serialization: {'id': 'df524fa8-5a0a-4e86-b5ae-54bd999da72d', 'invoice_id': '354-25-5821', 'branch': 'B', 'city': 'Mandalay', 'customer_type': 'Member', 'gender': 'Female', 'product_line': 'Sports and travel', 'unit_price': 69.12, 'quantity': 6, 'tax_5_percent': 20.736, 'total': 435.456, 'date': '2/8/2019', 'time': '13:03', 'payment': 'Cash', 'cogs': 414.72, 'gross_margin_percentage': 4.761904762, 'gross_income': 20.736, 'rating': 5.6}
[2024-12-02T19:03:53.275+0000] {csv_to_kafka_with_redis.py:84} INFO - Row data before serialization: {'id': 'e7c39d92-d416-413f-8f0c-844a1f3e257e', 'invoice_id': '228-96-1411', 'branch': 'C', 'city': 'Naypyitaw', 'customer_type': 'Member', 'gender': 'Female', 'product_line': 'Food and beverages', 'unit_price': 98.7, 'quantity': 8, 'tax_5_percent': 39.48, 'total': 829.08, 'date': '3/4/2019', 'time': '20:39', 'payment': 'Cash', 'cogs': 789.6, 'gross_margin_percentage': 4.761904762, 'gross_income': 39.48, 'rating': 7.6}
[2024-12-02T19:03:53.276+0000] {csv_to_kafka_with_redis.py:84} INFO - Row data before serialization: {'id': '7d351e92-9844-4dde-a149-66ba51580276', 'invoice_id': '617-15-4209', 'branch': 'C', 'city': 'Naypyitaw', 'customer_type': 'Member', 'gender': 'Male', 'product_line': 'Health and beauty', 'unit_price': 15.37, 'quantity': 2, 'tax_5_percent': 1.537, 'total': 32.277, 'date': '3/16/2019', 'time': '19:47', 'payment': 'Cash', 'cogs': 30.74, 'gross_margin_percentage': 4.761904762, 'gross_income': 1.537, 'rating': 7.2}
[2024-12-02T19:03:53.277+0000] {csv_to_kafka_with_redis.py:84} INFO - Row data before serialization: {'id': 'bbe22624-7da8-4f2a-b392-03dc0f4a8a4d', 'invoice_id': '132-32-9879', 'branch': 'B', 'city': 'Mandalay', 'customer_type': 'Member', 'gender': 'Female', 'product_line': 'Electronic accessories', 'unit_price': 93.96, 'quantity': 4, 'tax_5_percent': 18.792, 'total': 394.632, 'date': '3/9/2019', 'time': '18:00', 'payment': 'Cash', 'cogs': 375.84, 'gross_margin_percentage': 4.761904762, 'gross_income': 18.792, 'rating': 9.5}
[2024-12-02T19:03:53.278+0000] {csv_to_kafka_with_redis.py:84} INFO - Row data before serialization: {'id': '08048cb0-8410-4d66-a92e-288775fd797f', 'invoice_id': '370-41-7321', 'branch': 'B', 'city': 'Mandalay', 'customer_type': 'Member', 'gender': 'Male', 'product_line': 'Health and beauty', 'unit_price': 56.69, 'quantity': 9, 'tax_5_percent': 25.5105, 'total': 535.7205, 'date': '2/27/2019', 'time': '17:24', 'payment': 'Credit card', 'cogs': 510.21, 'gross_margin_percentage': 4.761904762, 'gross_income': 25.5105, 'rating': 8.4}
[2024-12-02T19:03:53.279+0000] {csv_to_kafka_with_redis.py:84} INFO - Row data before serialization: {'id': 'f10b1a49-55a3-4edd-ab9b-d4152cf88afb', 'invoice_id': '727-46-3608', 'branch': 'B', 'city': 'Mandalay', 'customer_type': 'Member', 'gender': 'Female', 'product_line': 'Food and beverages', 'unit_price': 20.01, 'quantity': 9, 'tax_5_percent': 9.0045, 'total': 189.0945, 'date': '2/6/2019', 'time': '15:47', 'payment': 'Ewallet', 'cogs': 180.09, 'gross_margin_percentage': 4.761904762, 'gross_income': 9.0045, 'rating': 4.1}
[2024-12-02T19:03:53.280+0000] {csv_to_kafka_with_redis.py:84} INFO - Row data before serialization: {'id': 'f2183501-f030-437c-b265-9804a5e16648', 'invoice_id': '669-54-1719', 'branch': 'B', 'city': 'Mandalay', 'customer_type': 'Member', 'gender': 'Male', 'product_line': 'Electronic accessories', 'unit_price': 18.93, 'quantity': 6, 'tax_5_percent': 5.679, 'total': 119.259, 'date': '2/10/2019', 'time': '12:45', 'payment': 'Credit card', 'cogs': 113.58, 'gross_margin_percentage': 4.761904762, 'gross_income': 5.679, 'rating': 8.1}
[2024-12-02T19:03:53.282+0000] {csv_to_kafka_with_redis.py:84} INFO - Row data before serialization: {'id': '461610b8-2220-4d39-8b4b-991a80dda332', 'invoice_id': '574-22-5561', 'branch': 'C', 'city': 'Naypyitaw', 'customer_type': 'Member', 'gender': 'Female', 'product_line': 'Fashion accessories', 'unit_price': 82.63, 'quantity': 10, 'tax_5_percent': 41.315, 'total': 867.615, 'date': '3/19/2019', 'time': '17:08', 'payment': 'Ewallet', 'cogs': 826.3, 'gross_margin_percentage': 4.761904762, 'gross_income': 41.315, 'rating': 7.9}
[2024-12-02T19:03:55.072+0000] {csv_to_kafka_with_redis.py:94} INFO - Batch 1 envoyé à Kafka.
[2024-12-02T19:03:55.078+0000] {csv_to_kafka_with_redis.py:98} INFO - Redis batch status: READY
[2024-12-02T19:03:55.079+0000] {csv_to_kafka_with_redis.py:102} INFO - En attente du consommateur...
[2024-12-02T19:03:56.081+0000] {csv_to_kafka_with_redis.py:102} INFO - En attente du consommateur...
[2024-12-02T19:03:57.083+0000] {csv_to_kafka_with_redis.py:102} INFO - En attente du consommateur...
[2024-12-02T19:03:58.084+0000] {csv_to_kafka_with_redis.py:102} INFO - En attente du consommateur...
[2024-12-02T19:03:59.086+0000] {csv_to_kafka_with_redis.py:102} INFO - En attente du consommateur...
[2024-12-02T19:04:00.088+0000] {csv_to_kafka_with_redis.py:102} INFO - En attente du consommateur...
[2024-12-02T19:04:01.090+0000] {csv_to_kafka_with_redis.py:102} INFO - En attente du consommateur...
[2024-12-02T19:04:02.091+0000] {csv_to_kafka_with_redis.py:102} INFO - En attente du consommateur...
[2024-12-02T19:04:03.093+0000] {csv_to_kafka_with_redis.py:102} INFO - En attente du consommateur...
[2024-12-02T19:04:04.095+0000] {csv_to_kafka_with_redis.py:102} INFO - En attente du consommateur...
[2024-12-02T19:04:05.096+0000] {csv_to_kafka_with_redis.py:102} INFO - En attente du consommateur...
[2024-12-02T19:04:06.099+0000] {csv_to_kafka_with_redis.py:102} INFO - En attente du consommateur...
[2024-12-02T19:04:07.099+0000] {csv_to_kafka_with_redis.py:102} INFO - En attente du consommateur...
[2024-12-02T19:04:08.101+0000] {csv_to_kafka_with_redis.py:102} INFO - En attente du consommateur...
[2024-12-02T19:04:09.104+0000] {csv_to_kafka_with_redis.py:102} INFO - En attente du consommateur...
[2024-12-02T19:04:10.106+0000] {csv_to_kafka_with_redis.py:102} INFO - En attente du consommateur...
[2024-12-02T19:04:11.112+0000] {csv_to_kafka_with_redis.py:102} INFO - En attente du consommateur...
[2024-12-02T19:04:12.114+0000] {csv_to_kafka_with_redis.py:102} INFO - En attente du consommateur...
[2024-12-02T19:04:13.115+0000] {csv_to_kafka_with_redis.py:102} INFO - En attente du consommateur...
[2024-12-02T19:04:14.117+0000] {csv_to_kafka_with_redis.py:102} INFO - En attente du consommateur...
[2024-12-02T19:04:15.119+0000] {csv_to_kafka_with_redis.py:102} INFO - En attente du consommateur...
[2024-12-02T19:04:16.121+0000] {csv_to_kafka_with_redis.py:102} INFO - En attente du consommateur...
[2024-12-02T19:04:17.123+0000] {csv_to_kafka_with_redis.py:102} INFO - En attente du consommateur...
[2024-12-02T19:04:18.125+0000] {csv_to_kafka_with_redis.py:102} INFO - En attente du consommateur...
[2024-12-02T19:04:19.126+0000] {csv_to_kafka_with_redis.py:102} INFO - En attente du consommateur...
[2024-12-02T19:04:20.128+0000] {csv_to_kafka_with_redis.py:102} INFO - En attente du consommateur...
[2024-12-02T19:04:21.130+0000] {csv_to_kafka_with_redis.py:102} INFO - En attente du consommateur...
[2024-12-02T19:04:22.132+0000] {csv_to_kafka_with_redis.py:102} INFO - En attente du consommateur...
[2024-12-02T19:04:23.134+0000] {csv_to_kafka_with_redis.py:102} INFO - En attente du consommateur...
[2024-12-02T19:04:24.135+0000] {csv_to_kafka_with_redis.py:102} INFO - En attente du consommateur...
[2024-12-02T19:04:25.137+0000] {csv_to_kafka_with_redis.py:102} INFO - En attente du consommateur...
[2024-12-02T19:04:26.139+0000] {csv_to_kafka_with_redis.py:102} INFO - En attente du consommateur...
[2024-12-02T19:04:27.142+0000] {csv_to_kafka_with_redis.py:102} INFO - En attente du consommateur...
[2024-12-02T19:04:28.143+0000] {csv_to_kafka_with_redis.py:102} INFO - En attente du consommateur...
[2024-12-02T19:04:29.145+0000] {csv_to_kafka_with_redis.py:102} INFO - En attente du consommateur...
[2024-12-02T19:04:30.147+0000] {csv_to_kafka_with_redis.py:102} INFO - En attente du consommateur...
[2024-12-02T19:04:31.149+0000] {csv_to_kafka_with_redis.py:102} INFO - En attente du consommateur...
[2024-12-02T19:04:32.151+0000] {csv_to_kafka_with_redis.py:102} INFO - En attente du consommateur...
[2024-12-02T19:04:33.154+0000] {csv_to_kafka_with_redis.py:102} INFO - En attente du consommateur...
[2024-12-02T19:04:34.159+0000] {csv_to_kafka_with_redis.py:102} INFO - En attente du consommateur...
[2024-12-02T19:04:35.162+0000] {csv_to_kafka_with_redis.py:102} INFO - En attente du consommateur...
[2024-12-02T19:04:36.163+0000] {csv_to_kafka_with_redis.py:102} INFO - En attente du consommateur...
[2024-12-02T19:04:37.163+0000] {csv_to_kafka_with_redis.py:102} INFO - En attente du consommateur...
[2024-12-02T19:04:38.165+0000] {csv_to_kafka_with_redis.py:102} INFO - En attente du consommateur...
[2024-12-02T19:04:39.167+0000] {csv_to_kafka_with_redis.py:102} INFO - En attente du consommateur...
[2024-12-02T19:04:40.169+0000] {csv_to_kafka_with_redis.py:102} INFO - En attente du consommateur...
[2024-12-02T19:04:41.171+0000] {csv_to_kafka_with_redis.py:102} INFO - En attente du consommateur...
[2024-12-02T19:04:42.173+0000] {csv_to_kafka_with_redis.py:102} INFO - En attente du consommateur...
[2024-12-02T19:04:43.175+0000] {csv_to_kafka_with_redis.py:102} INFO - En attente du consommateur...
[2024-12-02T19:04:43.353+0000] {local_task_job_runner.py:346} WARNING - State of this instance has been externally set to failed. Terminating instance.
[2024-12-02T19:04:43.355+0000] {local_task_job_runner.py:245} INFO - ::endgroup::
[2024-12-02T19:04:43.356+0000] {process_utils.py:132} INFO - Sending 15 to group 1552. PIDs of all processes in the group: [1552]
[2024-12-02T19:04:43.357+0000] {process_utils.py:87} INFO - Sending the signal 15 to group 1552
[2024-12-02T19:04:43.358+0000] {taskinstance.py:3093} ERROR - Received SIGTERM. Terminating subprocesses.
[2024-12-02T19:04:43.434+0000] {taskinstance.py:340} INFO - ::group::Post task execution logs
[2024-12-02T19:04:43.452+0000] {process_utils.py:80} INFO - Process psutil.Process(pid=1552, status='terminated', exitcode=0, started='19:03:51') (1552) terminated with exit code 0
