[2024-11-30T12:44:41.134+0000] {local_task_job_runner.py:123} INFO - ::group::Pre task execution logs
[2024-11-30T12:44:41.156+0000] {taskinstance.py:2613} INFO - Dependencies all met for dep_context=non-requeueable deps ti=<TaskInstance: dag1.process_task_tag2 manual__2024-11-30T12:44:35.201194+00:00 [queued]>
[2024-11-30T12:44:41.174+0000] {taskinstance.py:2613} INFO - Dependencies all met for dep_context=requeueable deps ti=<TaskInstance: dag1.process_task_tag2 manual__2024-11-30T12:44:35.201194+00:00 [queued]>
[2024-11-30T12:44:41.175+0000] {taskinstance.py:2866} INFO - Starting attempt 1 of 1
[2024-11-30T12:44:41.221+0000] {taskinstance.py:2889} INFO - Executing <Task(PythonOperator): process_task_tag2> on 2024-11-30 12:44:35.201194+00:00
[2024-11-30T12:44:41.234+0000] {logging_mixin.py:190} WARNING - /home/airflow/.local/lib/python3.12/site-packages/airflow/task/task_runner/standard_task_runner.py:70 DeprecationWarning: This process (pid=857) is multi-threaded, use of fork() may lead to deadlocks in the child.
[2024-11-30T12:44:41.236+0000] {standard_task_runner.py:72} INFO - Started process 871 to run task
[2024-11-30T12:44:41.237+0000] {standard_task_runner.py:104} INFO - Running: ['airflow', 'tasks', 'run', 'dag1', 'process_task_tag2', 'manual__2024-11-30T12:44:35.201194+00:00', '--job-id', '32', '--raw', '--subdir', 'DAGS_FOLDER/dag_data.py', '--cfg-path', '/tmp/tmpj_ibinsp']
[2024-11-30T12:44:41.239+0000] {standard_task_runner.py:105} INFO - Job 32: Subtask process_task_tag2
[2024-11-30T12:44:41.366+0000] {task_command.py:467} INFO - Running <TaskInstance: dag1.process_task_tag2 manual__2024-11-30T12:44:35.201194+00:00 [running]> on host 45770b1a429e
[2024-11-30T12:44:41.573+0000] {taskinstance.py:3132} INFO - Exporting env vars: AIRFLOW_CTX_DAG_OWNER='admin' AIRFLOW_CTX_DAG_ID='dag1' AIRFLOW_CTX_TASK_ID='process_task_tag2' AIRFLOW_CTX_EXECUTION_DATE='2024-11-30T12:44:35.201194+00:00' AIRFLOW_CTX_TRY_NUMBER='1' AIRFLOW_CTX_DAG_RUN_ID='manual__2024-11-30T12:44:35.201194+00:00'
[2024-11-30T12:44:41.575+0000] {taskinstance.py:731} INFO - ::endgroup::
[2024-11-30T12:44:41.632+0000] {dag_data.py:49} INFO - Processing chunk:     Invoice ID Branch       City  ... gross margin percentage gross income Rating
0  750-67-8428      A     Yangon  ...                4.761905      26.1415    9.1
1  226-31-3081      C  Naypyitaw  ...                4.761905       3.8200    9.6
2  631-41-3108      A     Yangon  ...                4.761905      16.2155    7.4
3  123-19-1176      A     Yangon  ...                4.761905      23.2880    8.4
4  373-73-7910      A     Yangon  ...                4.761905      30.2085    5.3

[5 rows x 17 columns]
[2024-11-30T12:45:11.649+0000] {dag_data.py:49} INFO - Processing chunk:      Invoice ID Branch  ... gross income Rating
50  326-78-5178      C  ...      31.9900    9.5
51  162-48-8011      A  ...      11.1475    8.5
52  616-24-2851      B  ...       3.5740    6.5
53  778-71-5554      C  ...       0.7715    6.1
54  242-55-6721      B  ...       1.6160    6.5

[5 rows x 17 columns]
[2024-11-30T12:45:41.661+0000] {dag_data.py:49} INFO - Processing chunk:       Invoice ID Branch  ... gross income Rating
100  163-56-7055      C  ...       2.4355    4.1
101  189-98-2939      C  ...      35.3475    7.2
102  551-21-3069      C  ...      10.3815    4.9
103  212-62-1842      A  ...      17.4780    9.9
104  716-39-1409      B  ...      10.6225    8.0

[5 rows x 17 columns]
[2024-11-30T12:46:11.677+0000] {dag_data.py:49} INFO - Processing chunk:       Invoice ID Branch  ... gross income Rating
150  608-96-3517      B  ...       18.308    4.8
151  584-86-7256      C  ...       12.096    7.3
152  746-94-0204      A  ...       37.458    7.4
153  214-17-6927      C  ...        4.944    9.9
154  400-89-4171      C  ...       32.388    9.3

[5 rows x 17 columns]
[2024-11-30T12:46:41.693+0000] {dag_data.py:49} INFO - Processing chunk:       Invoice ID Branch  ... gross income Rating
200  606-80-4905      C  ...       5.7450    6.8
201  542-41-0513      B  ...      11.4980    6.6
202  426-39-2418      C  ...      21.4935    9.8
203  875-46-5808      B  ...      12.9500    8.7
204  394-43-4238      B  ...       4.4425    5.4

[5 rows x 17 columns]
[2024-11-30T12:47:11.707+0000] {dag_data.py:49} INFO - Processing chunk:       Invoice ID Branch  ... gross income Rating
250  845-51-0542      B  ...      20.9475    6.4
251  662-47-5456      C  ...      17.5950    8.4
252  883-17-4236      C  ...       1.4390    7.2
253  290-68-2984      A  ...       4.7500    5.2
254  704-11-6354      A  ...      23.5600    8.9

[5 rows x 17 columns]
[2024-11-30T12:47:41.728+0000] {dag_data.py:49} INFO - Processing chunk:       Invoice ID Branch  ... gross income Rating
300  446-47-6729      C  ...       9.9820    6.7
301  573-10-3877      B  ...       1.9505    4.7
302  735-06-4124      C  ...       2.4305    4.4
303  439-54-7422      A  ...      10.2380    4.7
304  396-90-2219      B  ...       5.9840    8.6

[5 rows x 17 columns]
[2024-11-30T12:48:11.744+0000] {dag_data.py:49} INFO - Processing chunk:       Invoice ID Branch  ... gross income Rating
350  860-79-0874      C  ...      49.6500    6.6
351  834-61-8124      A  ...      18.0915    5.5
352  115-99-4379      B  ...      19.1555    8.5
353  565-67-6697      B  ...      12.1500    4.8
354  320-49-6392      C  ...       1.5120    8.4

[5 rows x 17 columns]
[2024-11-30T12:48:41.762+0000] {dag_data.py:49} INFO - Processing chunk:       Invoice ID Branch  ... gross income Rating
400  110-05-6330      C  ...      11.8290    9.4
401  651-61-0874      C  ...       9.2440    6.2
402  236-86-3015      C  ...       0.6990    9.8
403  831-64-0259      B  ...       9.9375    9.6
404  587-03-7455      C  ...      34.2265    4.9

[5 rows x 17 columns]
[2024-11-30T12:49:11.787+0000] {dag_data.py:49} INFO - Processing chunk:       Invoice ID Branch  ... gross income Rating
450  891-01-7034      B  ...      22.4130    6.7
451  744-09-5786      B  ...       6.6030    7.6
452  727-17-0390      A  ...      15.9025    4.8
453  568-88-3448      A  ...       1.2500    5.5
454  187-83-5490      A  ...       4.1540    4.7

[5 rows x 17 columns]
[2024-11-30T12:49:41.806+0000] {dag_data.py:49} INFO - Processing chunk:       Invoice ID Branch  ... gross income Rating
500  277-63-2961      B  ...       3.6985    5.4
501  573-98-8548      C  ...       1.5950    9.1
502  620-02-2046      C  ...       6.9400    9.0
503  282-35-2475      B  ...       9.3310    6.3
504  511-54-3087      B  ...       4.4225    9.5

[5 rows x 17 columns]
[2024-11-30T12:50:11.819+0000] {dag_data.py:49} INFO - Processing chunk:       Invoice ID Branch  ... gross income Rating
550  747-58-7183      B  ...       8.5905    6.5
551  582-52-8065      B  ...      24.4395    8.9
552  210-57-1719      B  ...      26.2080    9.7
553  399-69-4630      C  ...       6.6630    8.6
554  134-75-2619      A  ...       6.7620    6.9

[5 rows x 17 columns]
[2024-11-30T12:50:41.831+0000] {dag_data.py:49} INFO - Processing chunk:       Invoice ID Branch  ... gross income Rating
600  219-61-4139      C  ...       4.1540    6.4
601  881-41-7302      C  ...       3.2495    4.5
602  373-09-4567      C  ...      38.7800    6.9
603  642-30-6693      B  ...      16.3530    7.8
604  484-22-8230      C  ...      18.1615    4.5

[5 rows x 17 columns]
[2024-11-30T12:51:11.852+0000] {dag_data.py:49} INFO - Processing chunk:       Invoice ID Branch  ... gross income Rating
650  369-82-2676      B  ...       18.915    7.8
651  563-47-4072      B  ...       16.743    9.9
652  742-04-5161      A  ...       36.390    7.3
653  149-15-7606      B  ...       16.794    5.1
654  133-77-3154      B  ...       12.036    9.4

[5 rows x 17 columns]
[2024-11-30T12:51:41.880+0000] {dag_data.py:49} INFO - Processing chunk:       Invoice ID Branch  ... gross income Rating
700  626-43-7888      C  ...      24.1640    9.6
701  176-64-7711      B  ...       4.8480    4.3
702  191-29-0321      B  ...       9.8850    5.0
703  729-06-2010      B  ...      36.2115    9.2
704  640-48-5028      B  ...      39.7755    6.3

[5 rows x 17 columns]
[2024-11-30T12:52:11.897+0000] {dag_data.py:49} INFO - Processing chunk:       Invoice ID Branch  ... gross income Rating
750  210-30-7976      B  ...       4.4640    4.1
751  585-86-8361      A  ...       6.8200    8.6
752  807-14-7833      A  ...       8.7100    7.0
753  775-72-1988      B  ...      18.3200    8.4
754  288-38-3758      C  ...      12.7305    7.4

[5 rows x 17 columns]
[2024-11-30T12:52:41.910+0000] {dag_data.py:49} INFO - Processing chunk:       Invoice ID Branch  ... gross income Rating
800  751-15-6198      B  ...       6.9030    7.9
801  324-41-6833      C  ...      12.0800    5.1
802  474-33-8305      C  ...      23.5865    6.9
803  759-29-9521      A  ...      22.0320    8.0
804  831-81-6575      B  ...      34.0155    8.0

[5 rows x 17 columns]
[2024-11-30T12:53:11.934+0000] {dag_data.py:49} INFO - Processing chunk:       Invoice ID Branch  ... gross income Rating
850  843-73-4724      A  ...       3.7050    9.2
851  409-33-9708      A  ...       9.8480    9.2
852  658-66-3967      C  ...      18.6165    5.0
853  866-70-2814      B  ...      26.3950   10.0
854  160-22-2687      A  ...      23.9875    8.8

[5 rows x 17 columns]
[2024-11-30T12:53:41.955+0000] {dag_data.py:49} INFO - Processing chunk:       Invoice ID Branch  ... gross income Rating
900  377-79-7592      C  ...      20.1780    7.5
901  509-10-0516      B  ...       9.1940    5.1
902  595-94-9924      A  ...       6.9325    4.2
903  865-41-9075      A  ...       4.0355    8.1
904  545-07-8534      C  ...       5.8320    6.0

[5 rows x 17 columns]
[2024-11-30T12:54:11.973+0000] {dag_data.py:49} INFO - Processing chunk:       Invoice ID Branch  ... gross income Rating
950  503-21-4385      B  ...       5.9865    9.3
951  305-89-2768      B  ...       3.2850    4.7
952  574-80-1489      B  ...      12.5700    8.7
953  784-08-0310      C  ...       4.2080    7.6
954  200-40-6154      B  ...      19.7730    5.7

[5 rows x 17 columns]
[2024-11-30T12:54:41.978+0000] {dag_data.py:22} INFO - Message delivered to api [0]
[2024-11-30T12:54:41.979+0000] {dag_data.py:22} INFO - Message delivered to api [0]
[2024-11-30T12:54:41.979+0000] {dag_data.py:22} INFO - Message delivered to api [0]
[2024-11-30T12:54:41.980+0000] {dag_data.py:22} INFO - Message delivered to api [0]
[2024-11-30T12:54:41.980+0000] {dag_data.py:22} INFO - Message delivered to api [0]
[2024-11-30T12:54:41.981+0000] {dag_data.py:22} INFO - Message delivered to api [0]
[2024-11-30T12:54:41.981+0000] {dag_data.py:22} INFO - Message delivered to api [0]
[2024-11-30T12:54:41.982+0000] {dag_data.py:22} INFO - Message delivered to api [0]
[2024-11-30T12:54:41.982+0000] {dag_data.py:22} INFO - Message delivered to api [0]
[2024-11-30T12:54:41.983+0000] {dag_data.py:22} INFO - Message delivered to api [0]
[2024-11-30T12:54:41.983+0000] {dag_data.py:22} INFO - Message delivered to api [0]
[2024-11-30T12:54:41.984+0000] {dag_data.py:22} INFO - Message delivered to api [0]
[2024-11-30T12:54:41.984+0000] {dag_data.py:22} INFO - Message delivered to api [0]
[2024-11-30T12:54:41.985+0000] {dag_data.py:22} INFO - Message delivered to api [0]
[2024-11-30T12:54:41.985+0000] {dag_data.py:22} INFO - Message delivered to api [0]
[2024-11-30T12:54:41.986+0000] {dag_data.py:22} INFO - Message delivered to api [0]
[2024-11-30T12:54:41.986+0000] {dag_data.py:22} INFO - Message delivered to api [0]
[2024-11-30T12:54:41.987+0000] {dag_data.py:22} INFO - Message delivered to api [0]
[2024-11-30T12:54:41.987+0000] {dag_data.py:22} INFO - Message delivered to api [0]
[2024-11-30T12:54:41.988+0000] {dag_data.py:22} INFO - Message delivered to api [0]
[2024-11-30T12:54:41.988+0000] {dag_data.py:22} INFO - Message delivered to api [0]
[2024-11-30T12:54:41.989+0000] {dag_data.py:22} INFO - Message delivered to api [0]
[2024-11-30T12:54:41.989+0000] {dag_data.py:22} INFO - Message delivered to api [0]
[2024-11-30T12:54:41.990+0000] {dag_data.py:22} INFO - Message delivered to api [0]
[2024-11-30T12:54:41.990+0000] {dag_data.py:22} INFO - Message delivered to api [0]
[2024-11-30T12:54:41.991+0000] {dag_data.py:22} INFO - Message delivered to api [0]
[2024-11-30T12:54:41.991+0000] {dag_data.py:22} INFO - Message delivered to api [0]
[2024-11-30T12:54:41.992+0000] {dag_data.py:22} INFO - Message delivered to api [0]
[2024-11-30T12:54:41.992+0000] {dag_data.py:22} INFO - Message delivered to api [0]
[2024-11-30T12:54:41.993+0000] {dag_data.py:22} INFO - Message delivered to api [0]
[2024-11-30T12:54:41.993+0000] {dag_data.py:22} INFO - Message delivered to api [0]
[2024-11-30T12:54:41.994+0000] {dag_data.py:22} INFO - Message delivered to api [0]
[2024-11-30T12:54:41.994+0000] {dag_data.py:22} INFO - Message delivered to api [0]
[2024-11-30T12:54:41.995+0000] {dag_data.py:22} INFO - Message delivered to api [0]
[2024-11-30T12:54:41.995+0000] {dag_data.py:22} INFO - Message delivered to api [0]
[2024-11-30T12:54:41.996+0000] {dag_data.py:22} INFO - Message delivered to api [0]
[2024-11-30T12:54:41.996+0000] {dag_data.py:22} INFO - Message delivered to api [0]
[2024-11-30T12:54:41.996+0000] {dag_data.py:22} INFO - Message delivered to api [0]
[2024-11-30T12:54:41.997+0000] {dag_data.py:22} INFO - Message delivered to api [0]
[2024-11-30T12:54:41.997+0000] {dag_data.py:22} INFO - Message delivered to api [0]
[2024-11-30T12:54:41.998+0000] {dag_data.py:22} INFO - Message delivered to api [0]
[2024-11-30T12:54:41.998+0000] {dag_data.py:22} INFO - Message delivered to api [0]
[2024-11-30T12:54:41.999+0000] {dag_data.py:22} INFO - Message delivered to api [0]
[2024-11-30T12:54:41.999+0000] {dag_data.py:22} INFO - Message delivered to api [0]
[2024-11-30T12:54:41.999+0000] {dag_data.py:22} INFO - Message delivered to api [0]
[2024-11-30T12:54:42.000+0000] {dag_data.py:22} INFO - Message delivered to api [0]
[2024-11-30T12:54:42.000+0000] {dag_data.py:22} INFO - Message delivered to api [0]
[2024-11-30T12:54:42.001+0000] {dag_data.py:22} INFO - Message delivered to api [0]
[2024-11-30T12:54:42.001+0000] {dag_data.py:22} INFO - Message delivered to api [0]
[2024-11-30T12:54:42.002+0000] {dag_data.py:22} INFO - Message delivered to api [0]
[2024-11-30T12:54:42.002+0000] {dag_data.py:22} INFO - Message delivered to api [0]
[2024-11-30T12:54:42.002+0000] {dag_data.py:22} INFO - Message delivered to api [0]
[2024-11-30T12:54:42.003+0000] {dag_data.py:22} INFO - Message delivered to api [0]
[2024-11-30T12:54:42.003+0000] {dag_data.py:22} INFO - Message delivered to api [0]
[2024-11-30T12:54:42.003+0000] {dag_data.py:22} INFO - Message delivered to api [0]
[2024-11-30T12:54:42.004+0000] {dag_data.py:22} INFO - Message delivered to api [0]
[2024-11-30T12:54:42.004+0000] {dag_data.py:22} INFO - Message delivered to api [0]
[2024-11-30T12:54:42.005+0000] {dag_data.py:22} INFO - Message delivered to api [0]
[2024-11-30T12:54:42.005+0000] {dag_data.py:22} INFO - Message delivered to api [0]
[2024-11-30T12:54:42.006+0000] {dag_data.py:22} INFO - Message delivered to api [0]
[2024-11-30T12:54:42.006+0000] {dag_data.py:22} INFO - Message delivered to api [0]
[2024-11-30T12:54:42.007+0000] {dag_data.py:22} INFO - Message delivered to api [0]
[2024-11-30T12:54:42.007+0000] {dag_data.py:22} INFO - Message delivered to api [0]
[2024-11-30T12:54:42.007+0000] {dag_data.py:22} INFO - Message delivered to api [0]
[2024-11-30T12:54:42.008+0000] {dag_data.py:22} INFO - Message delivered to api [0]
[2024-11-30T12:54:42.008+0000] {dag_data.py:22} INFO - Message delivered to api [0]
[2024-11-30T12:54:42.009+0000] {dag_data.py:22} INFO - Message delivered to api [0]
[2024-11-30T12:54:42.009+0000] {dag_data.py:22} INFO - Message delivered to api [0]
[2024-11-30T12:54:42.010+0000] {dag_data.py:22} INFO - Message delivered to api [0]
[2024-11-30T12:54:42.010+0000] {dag_data.py:22} INFO - Message delivered to api [0]
[2024-11-30T12:54:42.010+0000] {dag_data.py:22} INFO - Message delivered to api [0]
[2024-11-30T12:54:42.011+0000] {dag_data.py:22} INFO - Message delivered to api [0]
[2024-11-30T12:54:42.011+0000] {dag_data.py:22} INFO - Message delivered to api [0]
[2024-11-30T12:54:42.012+0000] {dag_data.py:22} INFO - Message delivered to api [0]
[2024-11-30T12:54:42.012+0000] {dag_data.py:22} INFO - Message delivered to api [0]
[2024-11-30T12:54:42.012+0000] {dag_data.py:22} INFO - Message delivered to api [0]
[2024-11-30T12:54:42.013+0000] {dag_data.py:22} INFO - Message delivered to api [0]
[2024-11-30T12:54:42.013+0000] {dag_data.py:22} INFO - Message delivered to api [0]
[2024-11-30T12:54:42.013+0000] {dag_data.py:22} INFO - Message delivered to api [0]
[2024-11-30T12:54:42.014+0000] {dag_data.py:22} INFO - Message delivered to api [0]
[2024-11-30T12:54:42.014+0000] {dag_data.py:22} INFO - Message delivered to api [0]
[2024-11-30T12:54:42.015+0000] {dag_data.py:22} INFO - Message delivered to api [0]
[2024-11-30T12:54:42.015+0000] {dag_data.py:22} INFO - Message delivered to api [0]
[2024-11-30T12:54:42.016+0000] {dag_data.py:22} INFO - Message delivered to api [0]
[2024-11-30T12:54:42.016+0000] {dag_data.py:22} INFO - Message delivered to api [0]
[2024-11-30T12:54:42.016+0000] {dag_data.py:22} INFO - Message delivered to api [0]
[2024-11-30T12:54:42.017+0000] {dag_data.py:22} INFO - Message delivered to api [0]
[2024-11-30T12:54:42.017+0000] {dag_data.py:22} INFO - Message delivered to api [0]
[2024-11-30T12:54:42.017+0000] {dag_data.py:22} INFO - Message delivered to api [0]
[2024-11-30T12:54:42.018+0000] {dag_data.py:22} INFO - Message delivered to api [0]
[2024-11-30T12:54:42.018+0000] {dag_data.py:22} INFO - Message delivered to api [0]
[2024-11-30T12:54:42.018+0000] {dag_data.py:22} INFO - Message delivered to api [0]
[2024-11-30T12:54:42.019+0000] {dag_data.py:22} INFO - Message delivered to api [0]
[2024-11-30T12:54:42.019+0000] {dag_data.py:22} INFO - Message delivered to api [0]
[2024-11-30T12:54:42.019+0000] {dag_data.py:22} INFO - Message delivered to api [0]
[2024-11-30T12:54:42.020+0000] {dag_data.py:22} INFO - Message delivered to api [0]
[2024-11-30T12:54:42.020+0000] {dag_data.py:22} INFO - Message delivered to api [0]
[2024-11-30T12:54:42.020+0000] {dag_data.py:22} INFO - Message delivered to api [0]
[2024-11-30T12:54:42.021+0000] {dag_data.py:22} INFO - Message delivered to api [0]
[2024-11-30T12:54:42.021+0000] {dag_data.py:22} INFO - Message delivered to api [0]
[2024-11-30T12:54:42.021+0000] {dag_data.py:22} INFO - Message delivered to api [0]
[2024-11-30T12:54:42.022+0000] {dag_data.py:22} INFO - Message delivered to api [0]
[2024-11-30T12:54:42.022+0000] {dag_data.py:22} INFO - Message delivered to api [0]
[2024-11-30T12:54:42.022+0000] {dag_data.py:22} INFO - Message delivered to api [0]
[2024-11-30T12:54:42.022+0000] {dag_data.py:22} INFO - Message delivered to api [0]
[2024-11-30T12:54:42.023+0000] {dag_data.py:22} INFO - Message delivered to api [0]
[2024-11-30T12:54:42.023+0000] {dag_data.py:22} INFO - Message delivered to api [0]
[2024-11-30T12:54:42.023+0000] {dag_data.py:22} INFO - Message delivered to api [0]
[2024-11-30T12:54:42.023+0000] {dag_data.py:22} INFO - Message delivered to api [0]
[2024-11-30T12:54:42.024+0000] {dag_data.py:22} INFO - Message delivered to api [0]
[2024-11-30T12:54:42.024+0000] {dag_data.py:22} INFO - Message delivered to api [0]
[2024-11-30T12:54:42.024+0000] {dag_data.py:22} INFO - Message delivered to api [0]
[2024-11-30T12:54:42.025+0000] {dag_data.py:22} INFO - Message delivered to api [0]
[2024-11-30T12:54:42.025+0000] {dag_data.py:22} INFO - Message delivered to api [0]
[2024-11-30T12:54:42.025+0000] {dag_data.py:22} INFO - Message delivered to api [0]
[2024-11-30T12:54:42.026+0000] {dag_data.py:22} INFO - Message delivered to api [0]
[2024-11-30T12:54:42.026+0000] {dag_data.py:22} INFO - Message delivered to api [0]
[2024-11-30T12:54:42.026+0000] {dag_data.py:22} INFO - Message delivered to api [0]
[2024-11-30T12:54:42.026+0000] {dag_data.py:22} INFO - Message delivered to api [0]
[2024-11-30T12:54:42.027+0000] {dag_data.py:22} INFO - Message delivered to api [0]
[2024-11-30T12:54:42.027+0000] {dag_data.py:22} INFO - Message delivered to api [0]
[2024-11-30T12:54:42.027+0000] {dag_data.py:22} INFO - Message delivered to api [0]
[2024-11-30T12:54:42.028+0000] {dag_data.py:22} INFO - Message delivered to api [0]
[2024-11-30T12:54:42.028+0000] {dag_data.py:22} INFO - Message delivered to api [0]
[2024-11-30T12:54:42.028+0000] {dag_data.py:22} INFO - Message delivered to api [0]
[2024-11-30T12:54:42.028+0000] {dag_data.py:22} INFO - Message delivered to api [0]
[2024-11-30T12:54:42.029+0000] {dag_data.py:22} INFO - Message delivered to api [0]
[2024-11-30T12:54:42.029+0000] {dag_data.py:22} INFO - Message delivered to api [0]
[2024-11-30T12:54:42.029+0000] {dag_data.py:22} INFO - Message delivered to api [0]
[2024-11-30T12:54:42.030+0000] {dag_data.py:22} INFO - Message delivered to api [0]
[2024-11-30T12:54:42.030+0000] {dag_data.py:22} INFO - Message delivered to api [0]
[2024-11-30T12:54:42.030+0000] {dag_data.py:22} INFO - Message delivered to api [0]
[2024-11-30T12:54:42.030+0000] {dag_data.py:22} INFO - Message delivered to api [0]
[2024-11-30T12:54:42.031+0000] {dag_data.py:22} INFO - Message delivered to api [0]
[2024-11-30T12:54:42.031+0000] {dag_data.py:22} INFO - Message delivered to api [0]
[2024-11-30T12:54:42.031+0000] {dag_data.py:22} INFO - Message delivered to api [0]
[2024-11-30T12:54:42.032+0000] {dag_data.py:22} INFO - Message delivered to api [0]
[2024-11-30T12:54:42.032+0000] {dag_data.py:22} INFO - Message delivered to api [0]
[2024-11-30T12:54:42.032+0000] {dag_data.py:22} INFO - Message delivered to api [0]
[2024-11-30T12:54:42.032+0000] {dag_data.py:22} INFO - Message delivered to api [0]
[2024-11-30T12:54:42.033+0000] {dag_data.py:22} INFO - Message delivered to api [0]
[2024-11-30T12:54:42.033+0000] {dag_data.py:22} INFO - Message delivered to api [0]
[2024-11-30T12:54:42.033+0000] {dag_data.py:22} INFO - Message delivered to api [0]
[2024-11-30T12:54:42.033+0000] {dag_data.py:22} INFO - Message delivered to api [0]
[2024-11-30T12:54:42.034+0000] {dag_data.py:22} INFO - Message delivered to api [0]
[2024-11-30T12:54:42.034+0000] {dag_data.py:22} INFO - Message delivered to api [0]
[2024-11-30T12:54:42.034+0000] {dag_data.py:22} INFO - Message delivered to api [0]
[2024-11-30T12:54:42.034+0000] {dag_data.py:22} INFO - Message delivered to api [0]
[2024-11-30T12:54:42.035+0000] {dag_data.py:22} INFO - Message delivered to api [0]
[2024-11-30T12:54:42.035+0000] {dag_data.py:22} INFO - Message delivered to api [0]
[2024-11-30T12:54:42.035+0000] {dag_data.py:22} INFO - Message delivered to api [0]
[2024-11-30T12:54:42.035+0000] {dag_data.py:22} INFO - Message delivered to api [0]
[2024-11-30T12:54:42.036+0000] {dag_data.py:22} INFO - Message delivered to api [0]
[2024-11-30T12:54:42.036+0000] {dag_data.py:22} INFO - Message delivered to api [0]
[2024-11-30T12:54:42.036+0000] {dag_data.py:22} INFO - Message delivered to api [0]
[2024-11-30T12:54:42.037+0000] {dag_data.py:22} INFO - Message delivered to api [0]
[2024-11-30T12:54:42.037+0000] {dag_data.py:22} INFO - Message delivered to api [0]
[2024-11-30T12:54:42.037+0000] {dag_data.py:22} INFO - Message delivered to api [0]
[2024-11-30T12:54:42.037+0000] {dag_data.py:22} INFO - Message delivered to api [0]
[2024-11-30T12:54:42.038+0000] {dag_data.py:22} INFO - Message delivered to api [0]
[2024-11-30T12:54:42.038+0000] {dag_data.py:22} INFO - Message delivered to api [0]
[2024-11-30T12:54:42.038+0000] {dag_data.py:22} INFO - Message delivered to api [0]
[2024-11-30T12:54:42.038+0000] {dag_data.py:22} INFO - Message delivered to api [0]
[2024-11-30T12:54:42.039+0000] {dag_data.py:22} INFO - Message delivered to api [0]
[2024-11-30T12:54:42.039+0000] {dag_data.py:22} INFO - Message delivered to api [0]
[2024-11-30T12:54:42.039+0000] {dag_data.py:22} INFO - Message delivered to api [0]
[2024-11-30T12:54:42.040+0000] {dag_data.py:22} INFO - Message delivered to api [0]
[2024-11-30T12:54:42.040+0000] {dag_data.py:22} INFO - Message delivered to api [0]
[2024-11-30T12:54:42.040+0000] {dag_data.py:22} INFO - Message delivered to api [0]
[2024-11-30T12:54:42.041+0000] {dag_data.py:22} INFO - Message delivered to api [0]
[2024-11-30T12:54:42.041+0000] {dag_data.py:22} INFO - Message delivered to api [0]
[2024-11-30T12:54:42.041+0000] {dag_data.py:22} INFO - Message delivered to api [0]
[2024-11-30T12:54:42.041+0000] {dag_data.py:22} INFO - Message delivered to api [0]
[2024-11-30T12:54:42.042+0000] {dag_data.py:22} INFO - Message delivered to api [0]
[2024-11-30T12:54:42.042+0000] {dag_data.py:22} INFO - Message delivered to api [0]
[2024-11-30T12:54:42.042+0000] {dag_data.py:22} INFO - Message delivered to api [0]
[2024-11-30T12:54:42.043+0000] {dag_data.py:22} INFO - Message delivered to api [0]
[2024-11-30T12:54:42.043+0000] {dag_data.py:22} INFO - Message delivered to api [0]
[2024-11-30T12:54:42.043+0000] {dag_data.py:22} INFO - Message delivered to api [0]
[2024-11-30T12:54:42.043+0000] {dag_data.py:22} INFO - Message delivered to api [0]
[2024-11-30T12:54:42.044+0000] {dag_data.py:22} INFO - Message delivered to api [0]
[2024-11-30T12:54:42.044+0000] {dag_data.py:22} INFO - Message delivered to api [0]
[2024-11-30T12:54:42.044+0000] {dag_data.py:22} INFO - Message delivered to api [0]
[2024-11-30T12:54:42.045+0000] {dag_data.py:22} INFO - Message delivered to api [0]
[2024-11-30T12:54:42.045+0000] {dag_data.py:22} INFO - Message delivered to api [0]
[2024-11-30T12:54:42.045+0000] {dag_data.py:22} INFO - Message delivered to api [0]
[2024-11-30T12:54:42.045+0000] {dag_data.py:22} INFO - Message delivered to api [0]
[2024-11-30T12:54:42.046+0000] {dag_data.py:22} INFO - Message delivered to api [0]
[2024-11-30T12:54:42.046+0000] {dag_data.py:22} INFO - Message delivered to api [0]
[2024-11-30T12:54:42.046+0000] {dag_data.py:22} INFO - Message delivered to api [0]
[2024-11-30T12:54:42.047+0000] {dag_data.py:22} INFO - Message delivered to api [0]
[2024-11-30T12:54:42.047+0000] {dag_data.py:22} INFO - Message delivered to api [0]
[2024-11-30T12:54:42.047+0000] {dag_data.py:22} INFO - Message delivered to api [0]
[2024-11-30T12:54:42.047+0000] {dag_data.py:22} INFO - Message delivered to api [0]
[2024-11-30T12:54:42.048+0000] {dag_data.py:22} INFO - Message delivered to api [0]
[2024-11-30T12:54:42.048+0000] {dag_data.py:22} INFO - Message delivered to api [0]
[2024-11-30T12:54:42.048+0000] {dag_data.py:22} INFO - Message delivered to api [0]
[2024-11-30T12:54:42.049+0000] {dag_data.py:22} INFO - Message delivered to api [0]
[2024-11-30T12:54:42.049+0000] {dag_data.py:22} INFO - Message delivered to api [0]
[2024-11-30T12:54:42.049+0000] {dag_data.py:22} INFO - Message delivered to api [0]
[2024-11-30T12:54:42.050+0000] {dag_data.py:22} INFO - Message delivered to api [0]
[2024-11-30T12:54:42.050+0000] {dag_data.py:22} INFO - Message delivered to api [0]
[2024-11-30T12:54:42.050+0000] {dag_data.py:22} INFO - Message delivered to api [0]
[2024-11-30T12:54:42.050+0000] {dag_data.py:22} INFO - Message delivered to api [0]
[2024-11-30T12:54:42.051+0000] {dag_data.py:22} INFO - Message delivered to api [0]
[2024-11-30T12:54:42.051+0000] {dag_data.py:22} INFO - Message delivered to api [0]
[2024-11-30T12:54:42.051+0000] {dag_data.py:22} INFO - Message delivered to api [0]
[2024-11-30T12:54:42.051+0000] {dag_data.py:22} INFO - Message delivered to api [0]
[2024-11-30T12:54:42.052+0000] {dag_data.py:22} INFO - Message delivered to api [0]
[2024-11-30T12:54:42.052+0000] {dag_data.py:22} INFO - Message delivered to api [0]
[2024-11-30T12:54:42.053+0000] {dag_data.py:22} INFO - Message delivered to api [0]
[2024-11-30T12:54:42.053+0000] {dag_data.py:22} INFO - Message delivered to api [0]
[2024-11-30T12:54:42.053+0000] {dag_data.py:22} INFO - Message delivered to api [0]
[2024-11-30T12:54:42.054+0000] {dag_data.py:22} INFO - Message delivered to api [0]
[2024-11-30T12:54:42.054+0000] {dag_data.py:22} INFO - Message delivered to api [0]
[2024-11-30T12:54:42.054+0000] {dag_data.py:22} INFO - Message delivered to api [0]
[2024-11-30T12:54:42.055+0000] {dag_data.py:22} INFO - Message delivered to api [0]
[2024-11-30T12:54:42.055+0000] {dag_data.py:22} INFO - Message delivered to api [0]
[2024-11-30T12:54:42.055+0000] {dag_data.py:22} INFO - Message delivered to api [0]
[2024-11-30T12:54:42.055+0000] {dag_data.py:22} INFO - Message delivered to api [0]
[2024-11-30T12:54:42.056+0000] {dag_data.py:22} INFO - Message delivered to api [0]
[2024-11-30T12:54:42.056+0000] {dag_data.py:22} INFO - Message delivered to api [0]
[2024-11-30T12:54:42.056+0000] {dag_data.py:22} INFO - Message delivered to api [0]
[2024-11-30T12:54:42.057+0000] {dag_data.py:22} INFO - Message delivered to api [0]
[2024-11-30T12:54:42.057+0000] {dag_data.py:22} INFO - Message delivered to api [0]
[2024-11-30T12:54:42.057+0000] {dag_data.py:22} INFO - Message delivered to api [0]
[2024-11-30T12:54:42.058+0000] {dag_data.py:22} INFO - Message delivered to api [0]
[2024-11-30T12:54:42.058+0000] {dag_data.py:22} INFO - Message delivered to api [0]
[2024-11-30T12:54:42.058+0000] {dag_data.py:22} INFO - Message delivered to api [0]
[2024-11-30T12:54:42.059+0000] {dag_data.py:22} INFO - Message delivered to api [0]
[2024-11-30T12:54:42.059+0000] {dag_data.py:22} INFO - Message delivered to api [0]
[2024-11-30T12:54:42.059+0000] {dag_data.py:22} INFO - Message delivered to api [0]
[2024-11-30T12:54:42.060+0000] {dag_data.py:22} INFO - Message delivered to api [0]
[2024-11-30T12:54:42.060+0000] {dag_data.py:22} INFO - Message delivered to api [0]
[2024-11-30T12:54:42.060+0000] {dag_data.py:22} INFO - Message delivered to api [0]
[2024-11-30T12:54:42.060+0000] {dag_data.py:22} INFO - Message delivered to api [0]
[2024-11-30T12:54:42.061+0000] {dag_data.py:22} INFO - Message delivered to api [0]
[2024-11-30T12:54:42.061+0000] {dag_data.py:22} INFO - Message delivered to api [0]
[2024-11-30T12:54:42.061+0000] {dag_data.py:22} INFO - Message delivered to api [0]
[2024-11-30T12:54:42.061+0000] {dag_data.py:22} INFO - Message delivered to api [0]
[2024-11-30T12:54:42.062+0000] {dag_data.py:22} INFO - Message delivered to api [0]
[2024-11-30T12:54:42.062+0000] {dag_data.py:22} INFO - Message delivered to api [0]
[2024-11-30T12:54:42.062+0000] {dag_data.py:22} INFO - Message delivered to api [0]
[2024-11-30T12:54:42.062+0000] {dag_data.py:22} INFO - Message delivered to api [0]
[2024-11-30T12:54:42.063+0000] {dag_data.py:22} INFO - Message delivered to api [0]
[2024-11-30T12:54:42.063+0000] {dag_data.py:22} INFO - Message delivered to api [0]
[2024-11-30T12:54:42.063+0000] {dag_data.py:22} INFO - Message delivered to api [0]
[2024-11-30T12:54:42.063+0000] {dag_data.py:22} INFO - Message delivered to api [0]
[2024-11-30T12:54:42.064+0000] {dag_data.py:22} INFO - Message delivered to api [0]
[2024-11-30T12:54:42.064+0000] {dag_data.py:22} INFO - Message delivered to api [0]
[2024-11-30T12:54:42.065+0000] {dag_data.py:22} INFO - Message delivered to api [0]
[2024-11-30T12:54:42.065+0000] {dag_data.py:22} INFO - Message delivered to api [0]
[2024-11-30T12:54:42.065+0000] {dag_data.py:22} INFO - Message delivered to api [0]
[2024-11-30T12:54:42.065+0000] {dag_data.py:22} INFO - Message delivered to api [0]
[2024-11-30T12:54:42.066+0000] {dag_data.py:22} INFO - Message delivered to api [0]
[2024-11-30T12:54:42.066+0000] {dag_data.py:22} INFO - Message delivered to api [0]
[2024-11-30T12:54:42.066+0000] {dag_data.py:22} INFO - Message delivered to api [0]
[2024-11-30T12:54:42.067+0000] {dag_data.py:22} INFO - Message delivered to api [0]
[2024-11-30T12:54:42.067+0000] {dag_data.py:22} INFO - Message delivered to api [0]
[2024-11-30T12:54:42.067+0000] {dag_data.py:22} INFO - Message delivered to api [0]
[2024-11-30T12:54:42.067+0000] {dag_data.py:22} INFO - Message delivered to api [0]
[2024-11-30T12:54:42.068+0000] {dag_data.py:22} INFO - Message delivered to api [0]
[2024-11-30T12:54:42.068+0000] {dag_data.py:22} INFO - Message delivered to api [0]
[2024-11-30T12:54:42.068+0000] {dag_data.py:22} INFO - Message delivered to api [0]
[2024-11-30T12:54:42.068+0000] {dag_data.py:22} INFO - Message delivered to api [0]
[2024-11-30T12:54:42.069+0000] {dag_data.py:22} INFO - Message delivered to api [0]
[2024-11-30T12:54:42.069+0000] {dag_data.py:22} INFO - Message delivered to api [0]
[2024-11-30T12:54:42.069+0000] {dag_data.py:22} INFO - Message delivered to api [0]
[2024-11-30T12:54:42.070+0000] {dag_data.py:22} INFO - Message delivered to api [0]
[2024-11-30T12:54:42.070+0000] {dag_data.py:22} INFO - Message delivered to api [0]
[2024-11-30T12:54:42.070+0000] {dag_data.py:22} INFO - Message delivered to api [0]
[2024-11-30T12:54:42.071+0000] {dag_data.py:22} INFO - Message delivered to api [0]
[2024-11-30T12:54:42.071+0000] {dag_data.py:22} INFO - Message delivered to api [0]
[2024-11-30T12:54:42.071+0000] {dag_data.py:22} INFO - Message delivered to api [0]
[2024-11-30T12:54:42.071+0000] {dag_data.py:22} INFO - Message delivered to api [0]
[2024-11-30T12:54:42.072+0000] {dag_data.py:22} INFO - Message delivered to api [0]
[2024-11-30T12:54:42.072+0000] {dag_data.py:22} INFO - Message delivered to api [0]
[2024-11-30T12:54:42.072+0000] {dag_data.py:22} INFO - Message delivered to api [0]
[2024-11-30T12:54:42.072+0000] {dag_data.py:22} INFO - Message delivered to api [0]
[2024-11-30T12:54:42.073+0000] {dag_data.py:22} INFO - Message delivered to api [0]
[2024-11-30T12:54:42.073+0000] {dag_data.py:22} INFO - Message delivered to api [0]
[2024-11-30T12:54:42.073+0000] {dag_data.py:22} INFO - Message delivered to api [0]
[2024-11-30T12:54:42.074+0000] {dag_data.py:22} INFO - Message delivered to api [0]
[2024-11-30T12:54:42.074+0000] {dag_data.py:22} INFO - Message delivered to api [0]
[2024-11-30T12:54:42.074+0000] {dag_data.py:22} INFO - Message delivered to api [0]
[2024-11-30T12:54:42.074+0000] {dag_data.py:22} INFO - Message delivered to api [0]
[2024-11-30T12:54:42.075+0000] {dag_data.py:22} INFO - Message delivered to api [0]
[2024-11-30T12:54:42.075+0000] {dag_data.py:22} INFO - Message delivered to api [0]
[2024-11-30T12:54:42.075+0000] {dag_data.py:22} INFO - Message delivered to api [0]
[2024-11-30T12:54:42.076+0000] {dag_data.py:22} INFO - Message delivered to api [0]
[2024-11-30T12:54:42.076+0000] {dag_data.py:22} INFO - Message delivered to api [0]
[2024-11-30T12:54:42.076+0000] {dag_data.py:22} INFO - Message delivered to api [0]
[2024-11-30T12:54:42.076+0000] {dag_data.py:22} INFO - Message delivered to api [0]
[2024-11-30T12:54:42.077+0000] {dag_data.py:22} INFO - Message delivered to api [0]
[2024-11-30T12:54:42.077+0000] {dag_data.py:22} INFO - Message delivered to api [0]
[2024-11-30T12:54:42.077+0000] {dag_data.py:22} INFO - Message delivered to api [0]
[2024-11-30T12:54:42.077+0000] {dag_data.py:22} INFO - Message delivered to api [0]
[2024-11-30T12:54:42.078+0000] {dag_data.py:22} INFO - Message delivered to api [0]
[2024-11-30T12:54:42.078+0000] {dag_data.py:22} INFO - Message delivered to api [0]
[2024-11-30T12:54:42.078+0000] {dag_data.py:22} INFO - Message delivered to api [0]
[2024-11-30T12:54:42.079+0000] {dag_data.py:22} INFO - Message delivered to api [0]
[2024-11-30T12:54:42.079+0000] {dag_data.py:22} INFO - Message delivered to api [0]
[2024-11-30T12:54:42.079+0000] {dag_data.py:22} INFO - Message delivered to api [0]
[2024-11-30T12:54:42.079+0000] {dag_data.py:22} INFO - Message delivered to api [0]
[2024-11-30T12:54:42.080+0000] {dag_data.py:22} INFO - Message delivered to api [0]
[2024-11-30T12:54:42.080+0000] {dag_data.py:22} INFO - Message delivered to api [0]
[2024-11-30T12:54:42.080+0000] {dag_data.py:22} INFO - Message delivered to api [0]
[2024-11-30T12:54:42.081+0000] {dag_data.py:22} INFO - Message delivered to api [0]
[2024-11-30T12:54:42.081+0000] {dag_data.py:22} INFO - Message delivered to api [0]
[2024-11-30T12:54:42.081+0000] {dag_data.py:22} INFO - Message delivered to api [0]
[2024-11-30T12:54:42.081+0000] {dag_data.py:22} INFO - Message delivered to api [0]
[2024-11-30T12:54:42.082+0000] {dag_data.py:22} INFO - Message delivered to api [0]
[2024-11-30T12:54:42.082+0000] {dag_data.py:22} INFO - Message delivered to api [0]
[2024-11-30T12:54:42.082+0000] {dag_data.py:22} INFO - Message delivered to api [0]
[2024-11-30T12:54:42.083+0000] {dag_data.py:22} INFO - Message delivered to api [0]
[2024-11-30T12:54:42.083+0000] {dag_data.py:22} INFO - Message delivered to api [0]
[2024-11-30T12:54:42.083+0000] {dag_data.py:22} INFO - Message delivered to api [0]
[2024-11-30T12:54:42.083+0000] {dag_data.py:22} INFO - Message delivered to api [0]
[2024-11-30T12:54:42.084+0000] {dag_data.py:22} INFO - Message delivered to api [0]
[2024-11-30T12:54:42.084+0000] {dag_data.py:22} INFO - Message delivered to api [0]
[2024-11-30T12:54:42.084+0000] {dag_data.py:22} INFO - Message delivered to api [0]
[2024-11-30T12:54:42.084+0000] {dag_data.py:22} INFO - Message delivered to api [0]
[2024-11-30T12:54:42.085+0000] {dag_data.py:22} INFO - Message delivered to api [0]
[2024-11-30T12:54:42.085+0000] {dag_data.py:22} INFO - Message delivered to api [0]
[2024-11-30T12:54:42.085+0000] {dag_data.py:22} INFO - Message delivered to api [0]
[2024-11-30T12:54:42.086+0000] {dag_data.py:22} INFO - Message delivered to api [0]
[2024-11-30T12:54:42.086+0000] {dag_data.py:22} INFO - Message delivered to api [0]
[2024-11-30T12:54:42.086+0000] {dag_data.py:22} INFO - Message delivered to api [0]
[2024-11-30T12:54:42.086+0000] {dag_data.py:22} INFO - Message delivered to api [0]
[2024-11-30T12:54:42.087+0000] {dag_data.py:22} INFO - Message delivered to api [0]
[2024-11-30T12:54:42.087+0000] {dag_data.py:22} INFO - Message delivered to api [0]
[2024-11-30T12:54:42.087+0000] {dag_data.py:22} INFO - Message delivered to api [0]
[2024-11-30T12:54:42.088+0000] {dag_data.py:22} INFO - Message delivered to api [0]
[2024-11-30T12:54:42.088+0000] {dag_data.py:22} INFO - Message delivered to api [0]
[2024-11-30T12:54:42.088+0000] {dag_data.py:22} INFO - Message delivered to api [0]
[2024-11-30T12:54:42.089+0000] {dag_data.py:22} INFO - Message delivered to api [0]
[2024-11-30T12:54:42.089+0000] {dag_data.py:22} INFO - Message delivered to api [0]
[2024-11-30T12:54:42.089+0000] {dag_data.py:22} INFO - Message delivered to api [0]
[2024-11-30T12:54:42.090+0000] {dag_data.py:22} INFO - Message delivered to api [0]
[2024-11-30T12:54:42.090+0000] {dag_data.py:22} INFO - Message delivered to api [0]
[2024-11-30T12:54:42.090+0000] {dag_data.py:22} INFO - Message delivered to api [0]
[2024-11-30T12:54:42.090+0000] {dag_data.py:22} INFO - Message delivered to api [0]
[2024-11-30T12:54:42.091+0000] {dag_data.py:22} INFO - Message delivered to api [0]
[2024-11-30T12:54:42.091+0000] {dag_data.py:22} INFO - Message delivered to api [0]
[2024-11-30T12:54:42.091+0000] {dag_data.py:22} INFO - Message delivered to api [0]
[2024-11-30T12:54:42.092+0000] {dag_data.py:22} INFO - Message delivered to api [0]
[2024-11-30T12:54:42.092+0000] {dag_data.py:22} INFO - Message delivered to api [0]
[2024-11-30T12:54:42.092+0000] {dag_data.py:22} INFO - Message delivered to api [0]
[2024-11-30T12:54:42.092+0000] {dag_data.py:22} INFO - Message delivered to api [0]
[2024-11-30T12:54:42.093+0000] {dag_data.py:22} INFO - Message delivered to api [0]
[2024-11-30T12:54:42.093+0000] {dag_data.py:22} INFO - Message delivered to api [0]
[2024-11-30T12:54:42.093+0000] {dag_data.py:22} INFO - Message delivered to api [0]
[2024-11-30T12:54:42.094+0000] {dag_data.py:22} INFO - Message delivered to api [0]
[2024-11-30T12:54:42.094+0000] {dag_data.py:22} INFO - Message delivered to api [0]
[2024-11-30T12:54:42.094+0000] {dag_data.py:22} INFO - Message delivered to api [0]
[2024-11-30T12:54:42.094+0000] {dag_data.py:22} INFO - Message delivered to api [0]
[2024-11-30T12:54:42.095+0000] {dag_data.py:22} INFO - Message delivered to api [0]
[2024-11-30T12:54:42.095+0000] {dag_data.py:22} INFO - Message delivered to api [0]
[2024-11-30T12:54:42.095+0000] {dag_data.py:22} INFO - Message delivered to api [0]
[2024-11-30T12:54:42.096+0000] {dag_data.py:22} INFO - Message delivered to api [0]
[2024-11-30T12:54:42.096+0000] {dag_data.py:22} INFO - Message delivered to api [0]
[2024-11-30T12:54:42.096+0000] {dag_data.py:22} INFO - Message delivered to api [0]
[2024-11-30T12:54:42.096+0000] {dag_data.py:22} INFO - Message delivered to api [0]
[2024-11-30T12:54:42.097+0000] {dag_data.py:22} INFO - Message delivered to api [0]
[2024-11-30T12:54:42.097+0000] {dag_data.py:22} INFO - Message delivered to api [0]
[2024-11-30T12:54:42.097+0000] {dag_data.py:22} INFO - Message delivered to api [0]
[2024-11-30T12:54:42.098+0000] {dag_data.py:22} INFO - Message delivered to api [0]
[2024-11-30T12:54:42.098+0000] {dag_data.py:22} INFO - Message delivered to api [0]
[2024-11-30T12:54:42.098+0000] {dag_data.py:22} INFO - Message delivered to api [0]
[2024-11-30T12:54:42.099+0000] {dag_data.py:22} INFO - Message delivered to api [0]
[2024-11-30T12:54:42.099+0000] {dag_data.py:22} INFO - Message delivered to api [0]
[2024-11-30T12:54:42.100+0000] {dag_data.py:22} INFO - Message delivered to api [0]
[2024-11-30T12:54:42.100+0000] {dag_data.py:22} INFO - Message delivered to api [0]
[2024-11-30T12:54:42.100+0000] {dag_data.py:22} INFO - Message delivered to api [0]
[2024-11-30T12:54:42.101+0000] {dag_data.py:22} INFO - Message delivered to api [0]
[2024-11-30T12:54:42.101+0000] {dag_data.py:22} INFO - Message delivered to api [0]
[2024-11-30T12:54:42.101+0000] {dag_data.py:22} INFO - Message delivered to api [0]
[2024-11-30T12:54:42.102+0000] {dag_data.py:22} INFO - Message delivered to api [0]
[2024-11-30T12:54:42.102+0000] {dag_data.py:22} INFO - Message delivered to api [0]
[2024-11-30T12:54:42.102+0000] {dag_data.py:22} INFO - Message delivered to api [0]
[2024-11-30T12:54:42.103+0000] {dag_data.py:22} INFO - Message delivered to api [0]
[2024-11-30T12:54:42.103+0000] {dag_data.py:22} INFO - Message delivered to api [0]
[2024-11-30T12:54:42.104+0000] {dag_data.py:22} INFO - Message delivered to api [0]
[2024-11-30T12:54:42.104+0000] {dag_data.py:22} INFO - Message delivered to api [0]
[2024-11-30T12:54:42.104+0000] {dag_data.py:22} INFO - Message delivered to api [0]
[2024-11-30T12:54:42.105+0000] {dag_data.py:22} INFO - Message delivered to api [0]
[2024-11-30T12:54:42.105+0000] {dag_data.py:22} INFO - Message delivered to api [0]
[2024-11-30T12:54:42.105+0000] {dag_data.py:22} INFO - Message delivered to api [0]
[2024-11-30T12:54:42.106+0000] {dag_data.py:22} INFO - Message delivered to api [0]
[2024-11-30T12:54:42.106+0000] {dag_data.py:22} INFO - Message delivered to api [0]
[2024-11-30T12:54:42.107+0000] {dag_data.py:22} INFO - Message delivered to api [0]
[2024-11-30T12:54:42.107+0000] {dag_data.py:22} INFO - Message delivered to api [0]
[2024-11-30T12:54:42.107+0000] {dag_data.py:22} INFO - Message delivered to api [0]
[2024-11-30T12:54:42.108+0000] {dag_data.py:22} INFO - Message delivered to api [0]
[2024-11-30T12:54:42.108+0000] {dag_data.py:22} INFO - Message delivered to api [0]
[2024-11-30T12:54:42.108+0000] {dag_data.py:22} INFO - Message delivered to api [0]
[2024-11-30T12:54:42.108+0000] {dag_data.py:22} INFO - Message delivered to api [0]
[2024-11-30T12:54:42.109+0000] {dag_data.py:22} INFO - Message delivered to api [0]
[2024-11-30T12:54:42.109+0000] {dag_data.py:22} INFO - Message delivered to api [0]
[2024-11-30T12:54:42.109+0000] {dag_data.py:22} INFO - Message delivered to api [0]
[2024-11-30T12:54:42.110+0000] {dag_data.py:22} INFO - Message delivered to api [0]
[2024-11-30T12:54:42.110+0000] {dag_data.py:22} INFO - Message delivered to api [0]
[2024-11-30T12:54:42.110+0000] {dag_data.py:22} INFO - Message delivered to api [0]
[2024-11-30T12:54:42.110+0000] {dag_data.py:22} INFO - Message delivered to api [0]
[2024-11-30T12:54:42.111+0000] {dag_data.py:22} INFO - Message delivered to api [0]
[2024-11-30T12:54:42.111+0000] {dag_data.py:22} INFO - Message delivered to api [0]
[2024-11-30T12:54:42.111+0000] {dag_data.py:22} INFO - Message delivered to api [0]
[2024-11-30T12:54:42.112+0000] {dag_data.py:22} INFO - Message delivered to api [0]
[2024-11-30T12:54:42.112+0000] {dag_data.py:22} INFO - Message delivered to api [0]
[2024-11-30T12:54:42.112+0000] {dag_data.py:22} INFO - Message delivered to api [0]
[2024-11-30T12:54:42.112+0000] {dag_data.py:22} INFO - Message delivered to api [0]
[2024-11-30T12:54:42.113+0000] {dag_data.py:22} INFO - Message delivered to api [0]
[2024-11-30T12:54:42.113+0000] {dag_data.py:22} INFO - Message delivered to api [0]
[2024-11-30T12:54:42.113+0000] {dag_data.py:22} INFO - Message delivered to api [0]
[2024-11-30T12:54:42.114+0000] {dag_data.py:22} INFO - Message delivered to api [0]
[2024-11-30T12:54:42.114+0000] {dag_data.py:22} INFO - Message delivered to api [0]
[2024-11-30T12:54:42.114+0000] {dag_data.py:22} INFO - Message delivered to api [0]
[2024-11-30T12:54:42.114+0000] {dag_data.py:22} INFO - Message delivered to api [0]
[2024-11-30T12:54:42.115+0000] {dag_data.py:22} INFO - Message delivered to api [0]
[2024-11-30T12:54:42.115+0000] {dag_data.py:22} INFO - Message delivered to api [0]
[2024-11-30T12:54:42.115+0000] {dag_data.py:22} INFO - Message delivered to api [0]
[2024-11-30T12:54:42.116+0000] {dag_data.py:22} INFO - Message delivered to api [0]
[2024-11-30T12:54:42.116+0000] {dag_data.py:22} INFO - Message delivered to api [0]
[2024-11-30T12:54:42.116+0000] {dag_data.py:22} INFO - Message delivered to api [0]
[2024-11-30T12:54:42.117+0000] {dag_data.py:22} INFO - Message delivered to api [0]
[2024-11-30T12:54:42.117+0000] {dag_data.py:22} INFO - Message delivered to api [0]
[2024-11-30T12:54:42.117+0000] {dag_data.py:22} INFO - Message delivered to api [0]
[2024-11-30T12:54:42.118+0000] {dag_data.py:22} INFO - Message delivered to api [0]
[2024-11-30T12:54:42.118+0000] {dag_data.py:22} INFO - Message delivered to api [0]
[2024-11-30T12:54:42.119+0000] {dag_data.py:22} INFO - Message delivered to api [0]
[2024-11-30T12:54:42.119+0000] {dag_data.py:22} INFO - Message delivered to api [0]
[2024-11-30T12:54:42.119+0000] {dag_data.py:22} INFO - Message delivered to api [0]
[2024-11-30T12:54:42.119+0000] {dag_data.py:22} INFO - Message delivered to api [0]
[2024-11-30T12:54:42.120+0000] {dag_data.py:22} INFO - Message delivered to api [0]
[2024-11-30T12:54:42.120+0000] {dag_data.py:22} INFO - Message delivered to api [0]
[2024-11-30T12:54:42.120+0000] {dag_data.py:22} INFO - Message delivered to api [0]
[2024-11-30T12:54:42.121+0000] {dag_data.py:22} INFO - Message delivered to api [0]
[2024-11-30T12:54:42.121+0000] {dag_data.py:22} INFO - Message delivered to api [0]
[2024-11-30T12:54:42.121+0000] {dag_data.py:22} INFO - Message delivered to api [0]
[2024-11-30T12:54:42.121+0000] {dag_data.py:22} INFO - Message delivered to api [0]
[2024-11-30T12:54:42.122+0000] {dag_data.py:22} INFO - Message delivered to api [0]
[2024-11-30T12:54:42.122+0000] {dag_data.py:22} INFO - Message delivered to api [0]
[2024-11-30T12:54:42.122+0000] {dag_data.py:22} INFO - Message delivered to api [0]
[2024-11-30T12:54:42.123+0000] {dag_data.py:22} INFO - Message delivered to api [0]
[2024-11-30T12:54:42.123+0000] {dag_data.py:22} INFO - Message delivered to api [0]
[2024-11-30T12:54:42.123+0000] {dag_data.py:22} INFO - Message delivered to api [0]
[2024-11-30T12:54:42.123+0000] {dag_data.py:22} INFO - Message delivered to api [0]
[2024-11-30T12:54:42.124+0000] {dag_data.py:22} INFO - Message delivered to api [0]
[2024-11-30T12:54:42.124+0000] {dag_data.py:22} INFO - Message delivered to api [0]
[2024-11-30T12:54:42.124+0000] {dag_data.py:22} INFO - Message delivered to api [0]
[2024-11-30T12:54:42.124+0000] {dag_data.py:22} INFO - Message delivered to api [0]
[2024-11-30T12:54:42.125+0000] {dag_data.py:22} INFO - Message delivered to api [0]
[2024-11-30T12:54:42.125+0000] {dag_data.py:22} INFO - Message delivered to api [0]
[2024-11-30T12:54:42.125+0000] {dag_data.py:22} INFO - Message delivered to api [0]
[2024-11-30T12:54:42.126+0000] {dag_data.py:22} INFO - Message delivered to api [0]
[2024-11-30T12:54:42.126+0000] {dag_data.py:22} INFO - Message delivered to api [0]
[2024-11-30T12:54:42.126+0000] {dag_data.py:22} INFO - Message delivered to api [0]
[2024-11-30T12:54:42.126+0000] {dag_data.py:22} INFO - Message delivered to api [0]
[2024-11-30T12:54:42.127+0000] {dag_data.py:22} INFO - Message delivered to api [0]
[2024-11-30T12:54:42.127+0000] {dag_data.py:22} INFO - Message delivered to api [0]
[2024-11-30T12:54:42.127+0000] {dag_data.py:22} INFO - Message delivered to api [0]
[2024-11-30T12:54:42.128+0000] {dag_data.py:22} INFO - Message delivered to api [0]
[2024-11-30T12:54:42.128+0000] {dag_data.py:22} INFO - Message delivered to api [0]
[2024-11-30T12:54:42.128+0000] {dag_data.py:22} INFO - Message delivered to api [0]
[2024-11-30T12:54:42.128+0000] {dag_data.py:22} INFO - Message delivered to api [0]
[2024-11-30T12:54:42.129+0000] {dag_data.py:22} INFO - Message delivered to api [0]
[2024-11-30T12:54:42.129+0000] {dag_data.py:22} INFO - Message delivered to api [0]
[2024-11-30T12:54:42.129+0000] {dag_data.py:22} INFO - Message delivered to api [0]
[2024-11-30T12:54:42.130+0000] {dag_data.py:22} INFO - Message delivered to api [0]
[2024-11-30T12:54:42.130+0000] {dag_data.py:22} INFO - Message delivered to api [0]
[2024-11-30T12:54:42.130+0000] {dag_data.py:22} INFO - Message delivered to api [0]
[2024-11-30T12:54:42.131+0000] {dag_data.py:22} INFO - Message delivered to api [0]
[2024-11-30T12:54:42.131+0000] {dag_data.py:22} INFO - Message delivered to api [0]
[2024-11-30T12:54:42.131+0000] {dag_data.py:22} INFO - Message delivered to api [0]
[2024-11-30T12:54:42.131+0000] {dag_data.py:22} INFO - Message delivered to api [0]
[2024-11-30T12:54:42.132+0000] {dag_data.py:22} INFO - Message delivered to api [0]
[2024-11-30T12:54:42.132+0000] {dag_data.py:22} INFO - Message delivered to api [0]
[2024-11-30T12:54:42.132+0000] {dag_data.py:22} INFO - Message delivered to api [0]
[2024-11-30T12:54:42.133+0000] {dag_data.py:22} INFO - Message delivered to api [0]
[2024-11-30T12:54:42.133+0000] {dag_data.py:22} INFO - Message delivered to api [0]
[2024-11-30T12:54:42.133+0000] {dag_data.py:22} INFO - Message delivered to api [0]
[2024-11-30T12:54:42.133+0000] {dag_data.py:22} INFO - Message delivered to api [0]
[2024-11-30T12:54:42.134+0000] {dag_data.py:22} INFO - Message delivered to api [0]
[2024-11-30T12:54:42.134+0000] {dag_data.py:22} INFO - Message delivered to api [0]
[2024-11-30T12:54:42.134+0000] {dag_data.py:22} INFO - Message delivered to api [0]
[2024-11-30T12:54:42.135+0000] {dag_data.py:22} INFO - Message delivered to api [0]
[2024-11-30T12:54:42.135+0000] {dag_data.py:22} INFO - Message delivered to api [0]
[2024-11-30T12:54:42.136+0000] {dag_data.py:22} INFO - Message delivered to api [0]
[2024-11-30T12:54:42.136+0000] {dag_data.py:22} INFO - Message delivered to api [0]
[2024-11-30T12:54:42.136+0000] {dag_data.py:22} INFO - Message delivered to api [0]
[2024-11-30T12:54:42.136+0000] {dag_data.py:22} INFO - Message delivered to api [0]
[2024-11-30T12:54:42.137+0000] {dag_data.py:22} INFO - Message delivered to api [0]
[2024-11-30T12:54:42.137+0000] {dag_data.py:22} INFO - Message delivered to api [0]
[2024-11-30T12:54:42.137+0000] {dag_data.py:22} INFO - Message delivered to api [0]
[2024-11-30T12:54:42.138+0000] {dag_data.py:22} INFO - Message delivered to api [0]
[2024-11-30T12:54:42.138+0000] {dag_data.py:22} INFO - Message delivered to api [0]
[2024-11-30T12:54:42.138+0000] {dag_data.py:22} INFO - Message delivered to api [0]
[2024-11-30T12:54:42.139+0000] {dag_data.py:22} INFO - Message delivered to api [0]
[2024-11-30T12:54:42.139+0000] {dag_data.py:22} INFO - Message delivered to api [0]
[2024-11-30T12:54:42.139+0000] {dag_data.py:22} INFO - Message delivered to api [0]
[2024-11-30T12:54:42.140+0000] {dag_data.py:22} INFO - Message delivered to api [0]
[2024-11-30T12:54:42.140+0000] {dag_data.py:22} INFO - Message delivered to api [0]
[2024-11-30T12:54:42.140+0000] {dag_data.py:22} INFO - Message delivered to api [0]
[2024-11-30T12:54:42.141+0000] {dag_data.py:22} INFO - Message delivered to api [0]
[2024-11-30T12:54:42.141+0000] {dag_data.py:22} INFO - Message delivered to api [0]
[2024-11-30T12:54:42.141+0000] {dag_data.py:22} INFO - Message delivered to api [0]
[2024-11-30T12:54:42.141+0000] {dag_data.py:22} INFO - Message delivered to api [0]
[2024-11-30T12:54:42.142+0000] {dag_data.py:22} INFO - Message delivered to api [0]
[2024-11-30T12:54:42.142+0000] {dag_data.py:22} INFO - Message delivered to api [0]
[2024-11-30T12:54:42.142+0000] {dag_data.py:22} INFO - Message delivered to api [0]
[2024-11-30T12:54:42.142+0000] {dag_data.py:22} INFO - Message delivered to api [0]
[2024-11-30T12:54:42.143+0000] {dag_data.py:22} INFO - Message delivered to api [0]
[2024-11-30T12:54:42.143+0000] {dag_data.py:22} INFO - Message delivered to api [0]
[2024-11-30T12:54:42.143+0000] {dag_data.py:22} INFO - Message delivered to api [0]
[2024-11-30T12:54:42.143+0000] {dag_data.py:22} INFO - Message delivered to api [0]
[2024-11-30T12:54:42.144+0000] {dag_data.py:22} INFO - Message delivered to api [0]
[2024-11-30T12:54:42.144+0000] {dag_data.py:22} INFO - Message delivered to api [0]
[2024-11-30T12:54:42.144+0000] {dag_data.py:22} INFO - Message delivered to api [0]
[2024-11-30T12:54:42.145+0000] {dag_data.py:22} INFO - Message delivered to api [0]
[2024-11-30T12:54:42.145+0000] {dag_data.py:22} INFO - Message delivered to api [0]
[2024-11-30T12:54:42.145+0000] {dag_data.py:22} INFO - Message delivered to api [0]
[2024-11-30T12:54:42.146+0000] {dag_data.py:22} INFO - Message delivered to api [0]
[2024-11-30T12:54:42.146+0000] {dag_data.py:22} INFO - Message delivered to api [0]
[2024-11-30T12:54:42.147+0000] {dag_data.py:22} INFO - Message delivered to api [0]
[2024-11-30T12:54:42.147+0000] {dag_data.py:22} INFO - Message delivered to api [0]
[2024-11-30T12:54:42.147+0000] {dag_data.py:22} INFO - Message delivered to api [0]
[2024-11-30T12:54:42.148+0000] {dag_data.py:22} INFO - Message delivered to api [0]
[2024-11-30T12:54:42.148+0000] {dag_data.py:22} INFO - Message delivered to api [0]
[2024-11-30T12:54:42.148+0000] {dag_data.py:22} INFO - Message delivered to api [0]
[2024-11-30T12:54:42.149+0000] {dag_data.py:22} INFO - Message delivered to api [0]
[2024-11-30T12:54:42.149+0000] {dag_data.py:22} INFO - Message delivered to api [0]
[2024-11-30T12:54:42.149+0000] {dag_data.py:22} INFO - Message delivered to api [0]
[2024-11-30T12:54:42.149+0000] {dag_data.py:22} INFO - Message delivered to api [0]
[2024-11-30T12:54:42.150+0000] {dag_data.py:22} INFO - Message delivered to api [0]
[2024-11-30T12:54:42.150+0000] {dag_data.py:22} INFO - Message delivered to api [0]
[2024-11-30T12:54:42.150+0000] {dag_data.py:22} INFO - Message delivered to api [0]
[2024-11-30T12:54:42.151+0000] {dag_data.py:22} INFO - Message delivered to api [0]
[2024-11-30T12:54:42.151+0000] {dag_data.py:22} INFO - Message delivered to api [0]
[2024-11-30T12:54:42.151+0000] {dag_data.py:22} INFO - Message delivered to api [0]
[2024-11-30T12:54:42.151+0000] {dag_data.py:22} INFO - Message delivered to api [0]
[2024-11-30T12:54:42.152+0000] {dag_data.py:22} INFO - Message delivered to api [0]
[2024-11-30T12:54:42.152+0000] {dag_data.py:22} INFO - Message delivered to api [0]
[2024-11-30T12:54:42.152+0000] {dag_data.py:22} INFO - Message delivered to api [0]
[2024-11-30T12:54:42.153+0000] {dag_data.py:22} INFO - Message delivered to api [0]
[2024-11-30T12:54:42.153+0000] {dag_data.py:22} INFO - Message delivered to api [0]
[2024-11-30T12:54:42.153+0000] {dag_data.py:22} INFO - Message delivered to api [0]
[2024-11-30T12:54:42.153+0000] {dag_data.py:22} INFO - Message delivered to api [0]
[2024-11-30T12:54:42.154+0000] {dag_data.py:22} INFO - Message delivered to api [0]
[2024-11-30T12:54:42.154+0000] {dag_data.py:22} INFO - Message delivered to api [0]
[2024-11-30T12:54:42.154+0000] {dag_data.py:22} INFO - Message delivered to api [0]
[2024-11-30T12:54:42.154+0000] {dag_data.py:22} INFO - Message delivered to api [0]
[2024-11-30T12:54:42.155+0000] {dag_data.py:22} INFO - Message delivered to api [0]
[2024-11-30T12:54:42.155+0000] {dag_data.py:22} INFO - Message delivered to api [0]
[2024-11-30T12:54:42.155+0000] {dag_data.py:22} INFO - Message delivered to api [0]
[2024-11-30T12:54:42.156+0000] {dag_data.py:22} INFO - Message delivered to api [0]
[2024-11-30T12:54:42.156+0000] {dag_data.py:22} INFO - Message delivered to api [0]
[2024-11-30T12:54:42.156+0000] {dag_data.py:22} INFO - Message delivered to api [0]
[2024-11-30T12:54:42.156+0000] {dag_data.py:22} INFO - Message delivered to api [0]
[2024-11-30T12:54:42.157+0000] {dag_data.py:22} INFO - Message delivered to api [0]
[2024-11-30T12:54:42.157+0000] {dag_data.py:22} INFO - Message delivered to api [0]
[2024-11-30T12:54:42.157+0000] {dag_data.py:22} INFO - Message delivered to api [0]
[2024-11-30T12:54:42.158+0000] {dag_data.py:22} INFO - Message delivered to api [0]
[2024-11-30T12:54:42.158+0000] {dag_data.py:22} INFO - Message delivered to api [0]
[2024-11-30T12:54:42.158+0000] {dag_data.py:22} INFO - Message delivered to api [0]
[2024-11-30T12:54:42.159+0000] {dag_data.py:22} INFO - Message delivered to api [0]
[2024-11-30T12:54:42.159+0000] {dag_data.py:22} INFO - Message delivered to api [0]
[2024-11-30T12:54:42.159+0000] {dag_data.py:22} INFO - Message delivered to api [0]
[2024-11-30T12:54:42.160+0000] {dag_data.py:22} INFO - Message delivered to api [0]
[2024-11-30T12:54:42.160+0000] {dag_data.py:22} INFO - Message delivered to api [0]
[2024-11-30T12:54:42.160+0000] {dag_data.py:22} INFO - Message delivered to api [0]
[2024-11-30T12:54:42.160+0000] {dag_data.py:22} INFO - Message delivered to api [0]
[2024-11-30T12:54:42.161+0000] {dag_data.py:22} INFO - Message delivered to api [0]
[2024-11-30T12:54:42.161+0000] {dag_data.py:22} INFO - Message delivered to api [0]
[2024-11-30T12:54:42.161+0000] {dag_data.py:22} INFO - Message delivered to api [0]
[2024-11-30T12:54:42.162+0000] {dag_data.py:22} INFO - Message delivered to api [0]
[2024-11-30T12:54:42.162+0000] {dag_data.py:22} INFO - Message delivered to api [0]
[2024-11-30T12:54:42.162+0000] {dag_data.py:22} INFO - Message delivered to api [0]
[2024-11-30T12:54:42.163+0000] {dag_data.py:22} INFO - Message delivered to api [0]
[2024-11-30T12:54:42.163+0000] {dag_data.py:22} INFO - Message delivered to api [0]
[2024-11-30T12:54:42.163+0000] {dag_data.py:22} INFO - Message delivered to api [0]
[2024-11-30T12:54:42.164+0000] {dag_data.py:22} INFO - Message delivered to api [0]
[2024-11-30T12:54:42.164+0000] {dag_data.py:22} INFO - Message delivered to api [0]
[2024-11-30T12:54:42.164+0000] {dag_data.py:22} INFO - Message delivered to api [0]
[2024-11-30T12:54:42.165+0000] {dag_data.py:22} INFO - Message delivered to api [0]
[2024-11-30T12:54:42.165+0000] {dag_data.py:22} INFO - Message delivered to api [0]
[2024-11-30T12:54:42.165+0000] {dag_data.py:22} INFO - Message delivered to api [0]
[2024-11-30T12:54:42.166+0000] {dag_data.py:22} INFO - Message delivered to api [0]
[2024-11-30T12:54:42.166+0000] {dag_data.py:22} INFO - Message delivered to api [0]
[2024-11-30T12:54:42.166+0000] {dag_data.py:22} INFO - Message delivered to api [0]
[2024-11-30T12:54:42.167+0000] {dag_data.py:22} INFO - Message delivered to api [0]
[2024-11-30T12:54:42.167+0000] {dag_data.py:22} INFO - Message delivered to api [0]
[2024-11-30T12:54:42.167+0000] {dag_data.py:22} INFO - Message delivered to api [0]
[2024-11-30T12:54:42.168+0000] {dag_data.py:22} INFO - Message delivered to api [0]
[2024-11-30T12:54:42.168+0000] {dag_data.py:22} INFO - Message delivered to api [0]
[2024-11-30T12:54:42.168+0000] {dag_data.py:22} INFO - Message delivered to api [0]
[2024-11-30T12:54:42.168+0000] {dag_data.py:22} INFO - Message delivered to api [0]
[2024-11-30T12:54:42.169+0000] {dag_data.py:22} INFO - Message delivered to api [0]
[2024-11-30T12:54:42.169+0000] {dag_data.py:22} INFO - Message delivered to api [0]
[2024-11-30T12:54:42.169+0000] {dag_data.py:22} INFO - Message delivered to api [0]
[2024-11-30T12:54:42.170+0000] {dag_data.py:22} INFO - Message delivered to api [0]
[2024-11-30T12:54:42.170+0000] {dag_data.py:22} INFO - Message delivered to api [0]
[2024-11-30T12:54:42.170+0000] {dag_data.py:22} INFO - Message delivered to api [0]
[2024-11-30T12:54:42.171+0000] {dag_data.py:22} INFO - Message delivered to api [0]
[2024-11-30T12:54:42.171+0000] {dag_data.py:22} INFO - Message delivered to api [0]
[2024-11-30T12:54:42.171+0000] {dag_data.py:22} INFO - Message delivered to api [0]
[2024-11-30T12:54:42.172+0000] {dag_data.py:22} INFO - Message delivered to api [0]
[2024-11-30T12:54:42.172+0000] {dag_data.py:22} INFO - Message delivered to api [0]
[2024-11-30T12:54:42.172+0000] {dag_data.py:22} INFO - Message delivered to api [0]
[2024-11-30T12:54:42.172+0000] {dag_data.py:22} INFO - Message delivered to api [0]
[2024-11-30T12:54:42.173+0000] {dag_data.py:22} INFO - Message delivered to api [0]
[2024-11-30T12:54:42.173+0000] {dag_data.py:22} INFO - Message delivered to api [0]
[2024-11-30T12:54:42.173+0000] {dag_data.py:22} INFO - Message delivered to api [0]
[2024-11-30T12:54:42.174+0000] {dag_data.py:22} INFO - Message delivered to api [0]
[2024-11-30T12:54:42.174+0000] {dag_data.py:22} INFO - Message delivered to api [0]
[2024-11-30T12:54:42.174+0000] {dag_data.py:22} INFO - Message delivered to api [0]
[2024-11-30T12:54:42.174+0000] {dag_data.py:22} INFO - Message delivered to api [0]
[2024-11-30T12:54:42.175+0000] {dag_data.py:22} INFO - Message delivered to api [0]
[2024-11-30T12:54:42.175+0000] {dag_data.py:22} INFO - Message delivered to api [0]
[2024-11-30T12:54:42.176+0000] {dag_data.py:22} INFO - Message delivered to api [0]
[2024-11-30T12:54:42.176+0000] {dag_data.py:22} INFO - Message delivered to api [0]
[2024-11-30T12:54:42.176+0000] {dag_data.py:22} INFO - Message delivered to api [0]
[2024-11-30T12:54:42.177+0000] {dag_data.py:22} INFO - Message delivered to api [0]
[2024-11-30T12:54:42.177+0000] {dag_data.py:22} INFO - Message delivered to api [0]
[2024-11-30T12:54:42.178+0000] {dag_data.py:22} INFO - Message delivered to api [0]
[2024-11-30T12:54:42.178+0000] {dag_data.py:22} INFO - Message delivered to api [0]
[2024-11-30T12:54:42.179+0000] {dag_data.py:22} INFO - Message delivered to api [0]
[2024-11-30T12:54:42.179+0000] {dag_data.py:22} INFO - Message delivered to api [0]
[2024-11-30T12:54:42.180+0000] {dag_data.py:22} INFO - Message delivered to api [0]
[2024-11-30T12:54:42.180+0000] {dag_data.py:22} INFO - Message delivered to api [0]
[2024-11-30T12:54:42.181+0000] {dag_data.py:22} INFO - Message delivered to api [0]
[2024-11-30T12:54:42.181+0000] {dag_data.py:22} INFO - Message delivered to api [0]
[2024-11-30T12:54:42.182+0000] {dag_data.py:22} INFO - Message delivered to api [0]
[2024-11-30T12:54:42.182+0000] {dag_data.py:22} INFO - Message delivered to api [0]
[2024-11-30T12:54:42.182+0000] {dag_data.py:22} INFO - Message delivered to api [0]
[2024-11-30T12:54:42.183+0000] {dag_data.py:22} INFO - Message delivered to api [0]
[2024-11-30T12:54:42.183+0000] {dag_data.py:22} INFO - Message delivered to api [0]
[2024-11-30T12:54:42.184+0000] {dag_data.py:22} INFO - Message delivered to api [0]
[2024-11-30T12:54:42.184+0000] {dag_data.py:22} INFO - Message delivered to api [0]
[2024-11-30T12:54:42.185+0000] {dag_data.py:22} INFO - Message delivered to api [0]
[2024-11-30T12:54:42.185+0000] {dag_data.py:22} INFO - Message delivered to api [0]
[2024-11-30T12:54:42.185+0000] {dag_data.py:22} INFO - Message delivered to api [0]
[2024-11-30T12:54:42.186+0000] {dag_data.py:22} INFO - Message delivered to api [0]
[2024-11-30T12:54:42.186+0000] {dag_data.py:22} INFO - Message delivered to api [0]
[2024-11-30T12:54:42.187+0000] {dag_data.py:22} INFO - Message delivered to api [0]
[2024-11-30T12:54:42.187+0000] {dag_data.py:22} INFO - Message delivered to api [0]
[2024-11-30T12:54:42.188+0000] {dag_data.py:22} INFO - Message delivered to api [0]
[2024-11-30T12:54:42.188+0000] {dag_data.py:22} INFO - Message delivered to api [0]
[2024-11-30T12:54:42.189+0000] {dag_data.py:22} INFO - Message delivered to api [0]
[2024-11-30T12:54:42.189+0000] {dag_data.py:22} INFO - Message delivered to api [0]
[2024-11-30T12:54:42.190+0000] {dag_data.py:22} INFO - Message delivered to api [0]
[2024-11-30T12:54:42.190+0000] {dag_data.py:22} INFO - Message delivered to api [0]
[2024-11-30T12:54:42.191+0000] {dag_data.py:22} INFO - Message delivered to api [0]
[2024-11-30T12:54:42.191+0000] {dag_data.py:22} INFO - Message delivered to api [0]
[2024-11-30T12:54:42.191+0000] {dag_data.py:22} INFO - Message delivered to api [0]
[2024-11-30T12:54:42.192+0000] {dag_data.py:22} INFO - Message delivered to api [0]
[2024-11-30T12:54:42.192+0000] {dag_data.py:22} INFO - Message delivered to api [0]
[2024-11-30T12:54:42.193+0000] {dag_data.py:22} INFO - Message delivered to api [0]
[2024-11-30T12:54:42.193+0000] {dag_data.py:22} INFO - Message delivered to api [0]
[2024-11-30T12:54:42.194+0000] {dag_data.py:22} INFO - Message delivered to api [0]
[2024-11-30T12:54:42.194+0000] {dag_data.py:22} INFO - Message delivered to api [0]
[2024-11-30T12:54:42.194+0000] {dag_data.py:22} INFO - Message delivered to api [0]
[2024-11-30T12:54:42.195+0000] {dag_data.py:22} INFO - Message delivered to api [0]
[2024-11-30T12:54:42.195+0000] {dag_data.py:22} INFO - Message delivered to api [0]
[2024-11-30T12:54:42.195+0000] {dag_data.py:22} INFO - Message delivered to api [0]
[2024-11-30T12:54:42.196+0000] {dag_data.py:22} INFO - Message delivered to api [0]
[2024-11-30T12:54:42.196+0000] {dag_data.py:22} INFO - Message delivered to api [0]
[2024-11-30T12:54:42.196+0000] {dag_data.py:22} INFO - Message delivered to api [0]
[2024-11-30T12:54:42.197+0000] {dag_data.py:22} INFO - Message delivered to api [0]
[2024-11-30T12:54:42.197+0000] {dag_data.py:22} INFO - Message delivered to api [0]
[2024-11-30T12:54:42.197+0000] {dag_data.py:22} INFO - Message delivered to api [0]
[2024-11-30T12:54:42.197+0000] {dag_data.py:22} INFO - Message delivered to api [0]
[2024-11-30T12:54:42.198+0000] {dag_data.py:22} INFO - Message delivered to api [0]
[2024-11-30T12:54:42.198+0000] {dag_data.py:22} INFO - Message delivered to api [0]
[2024-11-30T12:54:42.198+0000] {dag_data.py:22} INFO - Message delivered to api [0]
[2024-11-30T12:54:42.199+0000] {dag_data.py:22} INFO - Message delivered to api [0]
[2024-11-30T12:54:42.199+0000] {dag_data.py:22} INFO - Message delivered to api [0]
[2024-11-30T12:54:42.199+0000] {dag_data.py:22} INFO - Message delivered to api [0]
[2024-11-30T12:54:42.200+0000] {dag_data.py:22} INFO - Message delivered to api [0]
[2024-11-30T12:54:42.200+0000] {dag_data.py:22} INFO - Message delivered to api [0]
[2024-11-30T12:54:42.200+0000] {dag_data.py:22} INFO - Message delivered to api [0]
[2024-11-30T12:54:42.200+0000] {dag_data.py:22} INFO - Message delivered to api [0]
[2024-11-30T12:54:42.201+0000] {dag_data.py:22} INFO - Message delivered to api [0]
[2024-11-30T12:54:42.201+0000] {dag_data.py:22} INFO - Message delivered to api [0]
[2024-11-30T12:54:42.201+0000] {dag_data.py:22} INFO - Message delivered to api [0]
[2024-11-30T12:54:42.202+0000] {dag_data.py:22} INFO - Message delivered to api [0]
[2024-11-30T12:54:42.202+0000] {dag_data.py:22} INFO - Message delivered to api [0]
[2024-11-30T12:54:42.202+0000] {dag_data.py:22} INFO - Message delivered to api [0]
[2024-11-30T12:54:42.203+0000] {dag_data.py:22} INFO - Message delivered to api [0]
[2024-11-30T12:54:42.203+0000] {dag_data.py:22} INFO - Message delivered to api [0]
[2024-11-30T12:54:42.203+0000] {dag_data.py:22} INFO - Message delivered to api [0]
[2024-11-30T12:54:42.203+0000] {dag_data.py:22} INFO - Message delivered to api [0]
[2024-11-30T12:54:42.204+0000] {dag_data.py:22} INFO - Message delivered to api [0]
[2024-11-30T12:54:42.204+0000] {dag_data.py:22} INFO - Message delivered to api [0]
[2024-11-30T12:54:42.204+0000] {dag_data.py:22} INFO - Message delivered to api [0]
[2024-11-30T12:54:42.205+0000] {dag_data.py:22} INFO - Message delivered to api [0]
[2024-11-30T12:54:42.205+0000] {dag_data.py:22} INFO - Message delivered to api [0]
[2024-11-30T12:54:42.205+0000] {dag_data.py:22} INFO - Message delivered to api [0]
[2024-11-30T12:54:42.205+0000] {dag_data.py:22} INFO - Message delivered to api [0]
[2024-11-30T12:54:42.206+0000] {dag_data.py:22} INFO - Message delivered to api [0]
[2024-11-30T12:54:42.206+0000] {dag_data.py:22} INFO - Message delivered to api [0]
[2024-11-30T12:54:42.206+0000] {dag_data.py:22} INFO - Message delivered to api [0]
[2024-11-30T12:54:42.207+0000] {dag_data.py:22} INFO - Message delivered to api [0]
[2024-11-30T12:54:42.207+0000] {dag_data.py:22} INFO - Message delivered to api [0]
[2024-11-30T12:54:42.207+0000] {dag_data.py:22} INFO - Message delivered to api [0]
[2024-11-30T12:54:42.208+0000] {dag_data.py:22} INFO - Message delivered to api [0]
[2024-11-30T12:54:42.208+0000] {dag_data.py:22} INFO - Message delivered to api [0]
[2024-11-30T12:54:42.208+0000] {dag_data.py:22} INFO - Message delivered to api [0]
[2024-11-30T12:54:42.209+0000] {dag_data.py:22} INFO - Message delivered to api [0]
[2024-11-30T12:54:42.209+0000] {dag_data.py:22} INFO - Message delivered to api [0]
[2024-11-30T12:54:42.209+0000] {dag_data.py:22} INFO - Message delivered to api [0]
[2024-11-30T12:54:42.209+0000] {dag_data.py:22} INFO - Message delivered to api [0]
[2024-11-30T12:54:42.210+0000] {dag_data.py:22} INFO - Message delivered to api [0]
[2024-11-30T12:54:42.210+0000] {dag_data.py:22} INFO - Message delivered to api [0]
[2024-11-30T12:54:42.210+0000] {dag_data.py:22} INFO - Message delivered to api [0]
[2024-11-30T12:54:42.211+0000] {dag_data.py:22} INFO - Message delivered to api [0]
[2024-11-30T12:54:42.211+0000] {dag_data.py:22} INFO - Message delivered to api [0]
[2024-11-30T12:54:42.211+0000] {dag_data.py:22} INFO - Message delivered to api [0]
[2024-11-30T12:54:42.212+0000] {dag_data.py:22} INFO - Message delivered to api [0]
[2024-11-30T12:54:42.212+0000] {dag_data.py:22} INFO - Message delivered to api [0]
[2024-11-30T12:54:42.212+0000] {dag_data.py:22} INFO - Message delivered to api [0]
[2024-11-30T12:54:42.212+0000] {dag_data.py:22} INFO - Message delivered to api [0]
[2024-11-30T12:54:42.213+0000] {dag_data.py:22} INFO - Message delivered to api [0]
[2024-11-30T12:54:42.213+0000] {dag_data.py:22} INFO - Message delivered to api [0]
[2024-11-30T12:54:42.213+0000] {dag_data.py:22} INFO - Message delivered to api [0]
[2024-11-30T12:54:42.213+0000] {dag_data.py:22} INFO - Message delivered to api [0]
[2024-11-30T12:54:42.214+0000] {dag_data.py:22} INFO - Message delivered to api [0]
[2024-11-30T12:54:42.214+0000] {dag_data.py:22} INFO - Message delivered to api [0]
[2024-11-30T12:54:42.214+0000] {dag_data.py:22} INFO - Message delivered to api [0]
[2024-11-30T12:54:42.215+0000] {dag_data.py:22} INFO - Message delivered to api [0]
[2024-11-30T12:54:42.215+0000] {dag_data.py:22} INFO - Message delivered to api [0]
[2024-11-30T12:54:42.215+0000] {dag_data.py:22} INFO - Message delivered to api [0]
[2024-11-30T12:54:42.216+0000] {dag_data.py:22} INFO - Message delivered to api [0]
[2024-11-30T12:54:42.216+0000] {dag_data.py:22} INFO - Message delivered to api [0]
[2024-11-30T12:54:42.216+0000] {dag_data.py:22} INFO - Message delivered to api [0]
[2024-11-30T12:54:42.217+0000] {dag_data.py:22} INFO - Message delivered to api [0]
[2024-11-30T12:54:42.217+0000] {dag_data.py:22} INFO - Message delivered to api [0]
[2024-11-30T12:54:42.217+0000] {dag_data.py:22} INFO - Message delivered to api [0]
[2024-11-30T12:54:42.218+0000] {dag_data.py:22} INFO - Message delivered to api [0]
[2024-11-30T12:54:42.218+0000] {dag_data.py:22} INFO - Message delivered to api [0]
[2024-11-30T12:54:42.219+0000] {dag_data.py:22} INFO - Message delivered to api [0]
[2024-11-30T12:54:42.219+0000] {dag_data.py:22} INFO - Message delivered to api [0]
[2024-11-30T12:54:42.220+0000] {dag_data.py:22} INFO - Message delivered to api [0]
[2024-11-30T12:54:42.220+0000] {dag_data.py:22} INFO - Message delivered to api [0]
[2024-11-30T12:54:42.220+0000] {dag_data.py:22} INFO - Message delivered to api [0]
[2024-11-30T12:54:42.221+0000] {dag_data.py:22} INFO - Message delivered to api [0]
[2024-11-30T12:54:42.221+0000] {dag_data.py:22} INFO - Message delivered to api [0]
[2024-11-30T12:54:42.221+0000] {dag_data.py:22} INFO - Message delivered to api [0]
[2024-11-30T12:54:42.222+0000] {dag_data.py:22} INFO - Message delivered to api [0]
[2024-11-30T12:54:42.222+0000] {dag_data.py:22} INFO - Message delivered to api [0]
[2024-11-30T12:54:42.222+0000] {dag_data.py:22} INFO - Message delivered to api [0]
[2024-11-30T12:54:42.223+0000] {dag_data.py:22} INFO - Message delivered to api [0]
[2024-11-30T12:54:42.223+0000] {dag_data.py:22} INFO - Message delivered to api [0]
[2024-11-30T12:54:42.223+0000] {dag_data.py:22} INFO - Message delivered to api [0]
[2024-11-30T12:54:42.224+0000] {dag_data.py:22} INFO - Message delivered to api [0]
[2024-11-30T12:54:42.224+0000] {dag_data.py:22} INFO - Message delivered to api [0]
[2024-11-30T12:54:42.224+0000] {dag_data.py:22} INFO - Message delivered to api [0]
[2024-11-30T12:54:42.225+0000] {dag_data.py:22} INFO - Message delivered to api [0]
[2024-11-30T12:54:42.225+0000] {dag_data.py:22} INFO - Message delivered to api [0]
[2024-11-30T12:54:42.225+0000] {dag_data.py:22} INFO - Message delivered to api [0]
[2024-11-30T12:54:42.226+0000] {dag_data.py:22} INFO - Message delivered to api [0]
[2024-11-30T12:54:42.226+0000] {dag_data.py:22} INFO - Message delivered to api [0]
[2024-11-30T12:54:42.226+0000] {dag_data.py:22} INFO - Message delivered to api [0]
[2024-11-30T12:54:42.227+0000] {dag_data.py:22} INFO - Message delivered to api [0]
[2024-11-30T12:54:42.227+0000] {dag_data.py:22} INFO - Message delivered to api [0]
[2024-11-30T12:54:42.227+0000] {dag_data.py:22} INFO - Message delivered to api [0]
[2024-11-30T12:54:42.228+0000] {dag_data.py:22} INFO - Message delivered to api [0]
[2024-11-30T12:54:42.228+0000] {dag_data.py:22} INFO - Message delivered to api [0]
[2024-11-30T12:54:42.228+0000] {dag_data.py:22} INFO - Message delivered to api [0]
[2024-11-30T12:54:42.229+0000] {dag_data.py:22} INFO - Message delivered to api [0]
[2024-11-30T12:54:42.229+0000] {dag_data.py:22} INFO - Message delivered to api [0]
[2024-11-30T12:54:42.229+0000] {dag_data.py:22} INFO - Message delivered to api [0]
[2024-11-30T12:54:42.229+0000] {dag_data.py:22} INFO - Message delivered to api [0]
[2024-11-30T12:54:42.230+0000] {dag_data.py:22} INFO - Message delivered to api [0]
[2024-11-30T12:54:42.230+0000] {dag_data.py:22} INFO - Message delivered to api [0]
[2024-11-30T12:54:42.230+0000] {dag_data.py:22} INFO - Message delivered to api [0]
[2024-11-30T12:54:42.231+0000] {dag_data.py:22} INFO - Message delivered to api [0]
[2024-11-30T12:54:42.231+0000] {dag_data.py:22} INFO - Message delivered to api [0]
[2024-11-30T12:54:42.231+0000] {dag_data.py:22} INFO - Message delivered to api [0]
[2024-11-30T12:54:42.232+0000] {dag_data.py:22} INFO - Message delivered to api [0]
[2024-11-30T12:54:42.232+0000] {dag_data.py:22} INFO - Message delivered to api [0]
[2024-11-30T12:54:42.232+0000] {dag_data.py:22} INFO - Message delivered to api [0]
[2024-11-30T12:54:42.233+0000] {dag_data.py:22} INFO - Message delivered to api [0]
[2024-11-30T12:54:42.233+0000] {dag_data.py:22} INFO - Message delivered to api [0]
[2024-11-30T12:54:42.233+0000] {dag_data.py:22} INFO - Message delivered to api [0]
[2024-11-30T12:54:42.233+0000] {dag_data.py:22} INFO - Message delivered to api [0]
[2024-11-30T12:54:42.234+0000] {dag_data.py:22} INFO - Message delivered to api [0]
[2024-11-30T12:54:42.234+0000] {dag_data.py:22} INFO - Message delivered to api [0]
[2024-11-30T12:54:42.234+0000] {dag_data.py:22} INFO - Message delivered to api [0]
[2024-11-30T12:54:42.235+0000] {dag_data.py:22} INFO - Message delivered to api [0]
[2024-11-30T12:54:42.235+0000] {dag_data.py:22} INFO - Message delivered to api [0]
[2024-11-30T12:54:42.235+0000] {dag_data.py:22} INFO - Message delivered to api [0]
[2024-11-30T12:54:42.236+0000] {dag_data.py:22} INFO - Message delivered to api [0]
[2024-11-30T12:54:42.236+0000] {dag_data.py:22} INFO - Message delivered to api [0]
[2024-11-30T12:54:42.236+0000] {dag_data.py:22} INFO - Message delivered to api [0]
[2024-11-30T12:54:42.236+0000] {dag_data.py:22} INFO - Message delivered to api [0]
[2024-11-30T12:54:42.237+0000] {dag_data.py:22} INFO - Message delivered to api [0]
[2024-11-30T12:54:42.237+0000] {dag_data.py:22} INFO - Message delivered to api [0]
[2024-11-30T12:54:42.237+0000] {dag_data.py:22} INFO - Message delivered to api [0]
[2024-11-30T12:54:42.238+0000] {dag_data.py:22} INFO - Message delivered to api [0]
[2024-11-30T12:54:42.238+0000] {dag_data.py:22} INFO - Message delivered to api [0]
[2024-11-30T12:54:42.238+0000] {dag_data.py:22} INFO - Message delivered to api [0]
[2024-11-30T12:54:42.239+0000] {dag_data.py:22} INFO - Message delivered to api [0]
[2024-11-30T12:54:42.239+0000] {dag_data.py:22} INFO - Message delivered to api [0]
[2024-11-30T12:54:42.239+0000] {dag_data.py:22} INFO - Message delivered to api [0]
[2024-11-30T12:54:42.240+0000] {dag_data.py:22} INFO - Message delivered to api [0]
[2024-11-30T12:54:42.240+0000] {dag_data.py:22} INFO - Message delivered to api [0]
[2024-11-30T12:54:42.240+0000] {dag_data.py:22} INFO - Message delivered to api [0]
[2024-11-30T12:54:42.240+0000] {dag_data.py:22} INFO - Message delivered to api [0]
[2024-11-30T12:54:42.241+0000] {dag_data.py:22} INFO - Message delivered to api [0]
[2024-11-30T12:54:42.241+0000] {dag_data.py:22} INFO - Message delivered to api [0]
[2024-11-30T12:54:42.242+0000] {dag_data.py:22} INFO - Message delivered to api [0]
[2024-11-30T12:54:42.242+0000] {dag_data.py:22} INFO - Message delivered to api [0]
[2024-11-30T12:54:42.243+0000] {dag_data.py:22} INFO - Message delivered to api [0]
[2024-11-30T12:54:42.244+0000] {dag_data.py:22} INFO - Message delivered to api [0]
[2024-11-30T12:54:42.244+0000] {dag_data.py:22} INFO - Message delivered to api [0]
[2024-11-30T12:54:42.245+0000] {dag_data.py:22} INFO - Message delivered to api [0]
[2024-11-30T12:54:42.246+0000] {dag_data.py:22} INFO - Message delivered to api [0]
[2024-11-30T12:54:42.246+0000] {dag_data.py:22} INFO - Message delivered to api [0]
[2024-11-30T12:54:42.247+0000] {dag_data.py:22} INFO - Message delivered to api [0]
[2024-11-30T12:54:42.247+0000] {dag_data.py:22} INFO - Message delivered to api [0]
[2024-11-30T12:54:42.248+0000] {dag_data.py:22} INFO - Message delivered to api [0]
[2024-11-30T12:54:42.248+0000] {dag_data.py:22} INFO - Message delivered to api [0]
[2024-11-30T12:54:42.249+0000] {dag_data.py:22} INFO - Message delivered to api [0]
[2024-11-30T12:54:42.249+0000] {dag_data.py:22} INFO - Message delivered to api [0]
[2024-11-30T12:54:42.250+0000] {dag_data.py:22} INFO - Message delivered to api [0]
[2024-11-30T12:54:42.250+0000] {dag_data.py:22} INFO - Message delivered to api [0]
[2024-11-30T12:54:42.251+0000] {dag_data.py:22} INFO - Message delivered to api [0]
[2024-11-30T12:54:42.251+0000] {dag_data.py:22} INFO - Message delivered to api [0]
[2024-11-30T12:54:42.252+0000] {dag_data.py:22} INFO - Message delivered to api [0]
[2024-11-30T12:54:42.252+0000] {dag_data.py:22} INFO - Message delivered to api [0]
[2024-11-30T12:54:42.253+0000] {dag_data.py:22} INFO - Message delivered to api [0]
[2024-11-30T12:54:42.253+0000] {dag_data.py:22} INFO - Message delivered to api [0]
[2024-11-30T12:54:42.254+0000] {dag_data.py:22} INFO - Message delivered to api [0]
[2024-11-30T12:54:42.254+0000] {dag_data.py:22} INFO - Message delivered to api [0]
[2024-11-30T12:54:42.254+0000] {dag_data.py:22} INFO - Message delivered to api [0]
[2024-11-30T12:54:42.255+0000] {dag_data.py:22} INFO - Message delivered to api [0]
[2024-11-30T12:54:42.255+0000] {dag_data.py:22} INFO - Message delivered to api [0]
[2024-11-30T12:54:42.256+0000] {dag_data.py:22} INFO - Message delivered to api [0]
[2024-11-30T12:54:42.256+0000] {dag_data.py:22} INFO - Message delivered to api [0]
[2024-11-30T12:54:42.256+0000] {dag_data.py:22} INFO - Message delivered to api [0]
[2024-11-30T12:54:42.257+0000] {dag_data.py:22} INFO - Message delivered to api [0]
[2024-11-30T12:54:42.257+0000] {dag_data.py:22} INFO - Message delivered to api [0]
[2024-11-30T12:54:42.258+0000] {dag_data.py:22} INFO - Message delivered to api [0]
[2024-11-30T12:54:42.258+0000] {dag_data.py:22} INFO - Message delivered to api [0]
[2024-11-30T12:54:42.258+0000] {dag_data.py:22} INFO - Message delivered to api [0]
[2024-11-30T12:54:42.259+0000] {dag_data.py:22} INFO - Message delivered to api [0]
[2024-11-30T12:54:42.260+0000] {dag_data.py:22} INFO - Message delivered to api [0]
[2024-11-30T12:54:42.260+0000] {dag_data.py:22} INFO - Message delivered to api [0]
[2024-11-30T12:54:42.261+0000] {dag_data.py:22} INFO - Message delivered to api [0]
[2024-11-30T12:54:42.261+0000] {dag_data.py:22} INFO - Message delivered to api [0]
[2024-11-30T12:54:42.261+0000] {dag_data.py:22} INFO - Message delivered to api [0]
[2024-11-30T12:54:42.262+0000] {dag_data.py:22} INFO - Message delivered to api [0]
[2024-11-30T12:54:42.262+0000] {dag_data.py:22} INFO - Message delivered to api [0]
[2024-11-30T12:54:42.263+0000] {dag_data.py:22} INFO - Message delivered to api [0]
[2024-11-30T12:54:42.263+0000] {dag_data.py:22} INFO - Message delivered to api [0]
[2024-11-30T12:54:42.264+0000] {dag_data.py:22} INFO - Message delivered to api [0]
[2024-11-30T12:54:42.264+0000] {dag_data.py:22} INFO - Message delivered to api [0]
[2024-11-30T12:54:42.265+0000] {dag_data.py:22} INFO - Message delivered to api [0]
[2024-11-30T12:54:42.265+0000] {dag_data.py:22} INFO - Message delivered to api [0]
[2024-11-30T12:54:42.266+0000] {dag_data.py:22} INFO - Message delivered to api [0]
[2024-11-30T12:54:42.266+0000] {dag_data.py:22} INFO - Message delivered to api [0]
[2024-11-30T12:54:42.267+0000] {dag_data.py:22} INFO - Message delivered to api [0]
[2024-11-30T12:54:42.267+0000] {dag_data.py:22} INFO - Message delivered to api [0]
[2024-11-30T12:54:42.268+0000] {dag_data.py:22} INFO - Message delivered to api [0]
[2024-11-30T12:54:42.268+0000] {dag_data.py:22} INFO - Message delivered to api [0]
[2024-11-30T12:54:42.269+0000] {dag_data.py:22} INFO - Message delivered to api [0]
[2024-11-30T12:54:42.269+0000] {dag_data.py:22} INFO - Message delivered to api [0]
[2024-11-30T12:54:42.270+0000] {dag_data.py:22} INFO - Message delivered to api [0]
[2024-11-30T12:54:42.270+0000] {dag_data.py:22} INFO - Message delivered to api [0]
[2024-11-30T12:54:42.270+0000] {dag_data.py:22} INFO - Message delivered to api [0]
[2024-11-30T12:54:42.271+0000] {dag_data.py:22} INFO - Message delivered to api [0]
[2024-11-30T12:54:42.271+0000] {dag_data.py:22} INFO - Message delivered to api [0]
[2024-11-30T12:54:42.272+0000] {dag_data.py:22} INFO - Message delivered to api [0]
[2024-11-30T12:54:42.272+0000] {dag_data.py:22} INFO - Message delivered to api [0]
[2024-11-30T12:54:42.273+0000] {dag_data.py:22} INFO - Message delivered to api [0]
[2024-11-30T12:54:42.273+0000] {dag_data.py:22} INFO - Message delivered to api [0]
[2024-11-30T12:54:42.274+0000] {dag_data.py:22} INFO - Message delivered to api [0]
[2024-11-30T12:54:42.274+0000] {dag_data.py:22} INFO - Message delivered to api [0]
[2024-11-30T12:54:42.275+0000] {dag_data.py:22} INFO - Message delivered to api [0]
[2024-11-30T12:54:42.276+0000] {dag_data.py:22} INFO - Message delivered to api [0]
[2024-11-30T12:54:42.276+0000] {dag_data.py:22} INFO - Message delivered to api [0]
[2024-11-30T12:54:42.277+0000] {dag_data.py:22} INFO - Message delivered to api [0]
[2024-11-30T12:54:42.278+0000] {dag_data.py:22} INFO - Message delivered to api [0]
[2024-11-30T12:54:42.278+0000] {dag_data.py:22} INFO - Message delivered to api [0]
[2024-11-30T12:54:42.279+0000] {dag_data.py:22} INFO - Message delivered to api [0]
[2024-11-30T12:54:42.279+0000] {dag_data.py:22} INFO - Message delivered to api [0]
[2024-11-30T12:54:42.280+0000] {dag_data.py:22} INFO - Message delivered to api [0]
[2024-11-30T12:54:42.280+0000] {dag_data.py:22} INFO - Message delivered to api [0]
[2024-11-30T12:54:42.280+0000] {dag_data.py:22} INFO - Message delivered to api [0]
[2024-11-30T12:54:42.281+0000] {dag_data.py:22} INFO - Message delivered to api [0]
[2024-11-30T12:54:42.281+0000] {dag_data.py:22} INFO - Message delivered to api [0]
[2024-11-30T12:54:42.282+0000] {dag_data.py:22} INFO - Message delivered to api [0]
[2024-11-30T12:54:42.282+0000] {dag_data.py:22} INFO - Message delivered to api [0]
[2024-11-30T12:54:42.282+0000] {dag_data.py:22} INFO - Message delivered to api [0]
[2024-11-30T12:54:42.283+0000] {dag_data.py:22} INFO - Message delivered to api [0]
[2024-11-30T12:54:42.283+0000] {dag_data.py:22} INFO - Message delivered to api [0]
[2024-11-30T12:54:42.283+0000] {dag_data.py:22} INFO - Message delivered to api [0]
[2024-11-30T12:54:42.284+0000] {dag_data.py:22} INFO - Message delivered to api [0]
[2024-11-30T12:54:42.284+0000] {dag_data.py:22} INFO - Message delivered to api [0]
[2024-11-30T12:54:42.285+0000] {dag_data.py:22} INFO - Message delivered to api [0]
[2024-11-30T12:54:42.285+0000] {dag_data.py:22} INFO - Message delivered to api [0]
[2024-11-30T12:54:42.285+0000] {dag_data.py:22} INFO - Message delivered to api [0]
[2024-11-30T12:54:42.286+0000] {dag_data.py:22} INFO - Message delivered to api [0]
[2024-11-30T12:54:42.286+0000] {dag_data.py:22} INFO - Message delivered to api [0]
[2024-11-30T12:54:42.286+0000] {dag_data.py:22} INFO - Message delivered to api [0]
[2024-11-30T12:54:42.287+0000] {dag_data.py:22} INFO - Message delivered to api [0]
[2024-11-30T12:54:42.287+0000] {dag_data.py:22} INFO - Message delivered to api [0]
[2024-11-30T12:54:42.287+0000] {dag_data.py:22} INFO - Message delivered to api [0]
[2024-11-30T12:54:42.288+0000] {dag_data.py:22} INFO - Message delivered to api [0]
[2024-11-30T12:54:42.288+0000] {dag_data.py:22} INFO - Message delivered to api [0]
[2024-11-30T12:54:42.288+0000] {dag_data.py:22} INFO - Message delivered to api [0]
[2024-11-30T12:54:42.289+0000] {dag_data.py:22} INFO - Message delivered to api [0]
[2024-11-30T12:54:42.289+0000] {dag_data.py:22} INFO - Message delivered to api [0]
[2024-11-30T12:54:42.289+0000] {dag_data.py:22} INFO - Message delivered to api [0]
[2024-11-30T12:54:42.290+0000] {dag_data.py:22} INFO - Message delivered to api [0]
[2024-11-30T12:54:42.290+0000] {dag_data.py:22} INFO - Message delivered to api [0]
[2024-11-30T12:54:42.290+0000] {dag_data.py:22} INFO - Message delivered to api [0]
[2024-11-30T12:54:42.290+0000] {dag_data.py:22} INFO - Message delivered to api [0]
[2024-11-30T12:54:42.291+0000] {dag_data.py:22} INFO - Message delivered to api [0]
[2024-11-30T12:54:42.291+0000] {dag_data.py:22} INFO - Message delivered to api [0]
[2024-11-30T12:54:42.291+0000] {dag_data.py:22} INFO - Message delivered to api [0]
[2024-11-30T12:54:42.292+0000] {dag_data.py:22} INFO - Message delivered to api [0]
[2024-11-30T12:54:42.292+0000] {dag_data.py:22} INFO - Message delivered to api [0]
[2024-11-30T12:54:42.293+0000] {dag_data.py:22} INFO - Message delivered to api [0]
[2024-11-30T12:54:42.293+0000] {dag_data.py:22} INFO - Message delivered to api [0]
[2024-11-30T12:54:42.293+0000] {dag_data.py:22} INFO - Message delivered to api [0]
[2024-11-30T12:54:42.293+0000] {dag_data.py:22} INFO - Message delivered to api [0]
[2024-11-30T12:54:42.294+0000] {dag_data.py:22} INFO - Message delivered to api [0]
[2024-11-30T12:54:42.294+0000] {dag_data.py:22} INFO - Message delivered to api [0]
[2024-11-30T12:54:42.295+0000] {dag_data.py:22} INFO - Message delivered to api [0]
[2024-11-30T12:54:42.295+0000] {dag_data.py:22} INFO - Message delivered to api [0]
[2024-11-30T12:54:42.295+0000] {dag_data.py:22} INFO - Message delivered to api [0]
[2024-11-30T12:54:42.296+0000] {dag_data.py:22} INFO - Message delivered to api [0]
[2024-11-30T12:54:42.296+0000] {dag_data.py:22} INFO - Message delivered to api [0]
[2024-11-30T12:54:42.296+0000] {dag_data.py:22} INFO - Message delivered to api [0]
[2024-11-30T12:54:42.297+0000] {dag_data.py:22} INFO - Message delivered to api [0]
[2024-11-30T12:54:42.297+0000] {dag_data.py:22} INFO - Message delivered to api [0]
[2024-11-30T12:54:42.297+0000] {dag_data.py:22} INFO - Message delivered to api [0]
[2024-11-30T12:54:42.298+0000] {dag_data.py:22} INFO - Message delivered to api [0]
[2024-11-30T12:54:42.298+0000] {dag_data.py:22} INFO - Message delivered to api [0]
[2024-11-30T12:54:42.298+0000] {dag_data.py:22} INFO - Message delivered to api [0]
[2024-11-30T12:54:42.299+0000] {dag_data.py:22} INFO - Message delivered to api [0]
[2024-11-30T12:54:42.299+0000] {dag_data.py:22} INFO - Message delivered to api [0]
[2024-11-30T12:54:42.299+0000] {dag_data.py:22} INFO - Message delivered to api [0]
[2024-11-30T12:54:42.300+0000] {dag_data.py:22} INFO - Message delivered to api [0]
[2024-11-30T12:54:42.300+0000] {dag_data.py:22} INFO - Message delivered to api [0]
[2024-11-30T12:54:42.300+0000] {dag_data.py:22} INFO - Message delivered to api [0]
[2024-11-30T12:54:42.301+0000] {dag_data.py:22} INFO - Message delivered to api [0]
[2024-11-30T12:54:42.301+0000] {dag_data.py:22} INFO - Message delivered to api [0]
[2024-11-30T12:54:42.301+0000] {dag_data.py:22} INFO - Message delivered to api [0]
[2024-11-30T12:54:42.301+0000] {dag_data.py:22} INFO - Message delivered to api [0]
[2024-11-30T12:54:42.302+0000] {dag_data.py:22} INFO - Message delivered to api [0]
[2024-11-30T12:54:42.302+0000] {dag_data.py:22} INFO - Message delivered to api [0]
[2024-11-30T12:54:42.302+0000] {dag_data.py:22} INFO - Message delivered to api [0]
[2024-11-30T12:54:42.303+0000] {dag_data.py:22} INFO - Message delivered to api [0]
[2024-11-30T12:54:42.303+0000] {dag_data.py:22} INFO - Message delivered to api [0]
[2024-11-30T12:54:42.303+0000] {dag_data.py:22} INFO - Message delivered to api [0]
[2024-11-30T12:54:42.304+0000] {dag_data.py:22} INFO - Message delivered to api [0]
[2024-11-30T12:54:42.304+0000] {dag_data.py:22} INFO - Message delivered to api [0]
[2024-11-30T12:54:42.304+0000] {dag_data.py:22} INFO - Message delivered to api [0]
[2024-11-30T12:54:42.305+0000] {dag_data.py:22} INFO - Message delivered to api [0]
[2024-11-30T12:54:42.305+0000] {dag_data.py:22} INFO - Message delivered to api [0]
[2024-11-30T12:54:42.305+0000] {dag_data.py:22} INFO - Message delivered to api [0]
[2024-11-30T12:54:42.306+0000] {dag_data.py:22} INFO - Message delivered to api [0]
[2024-11-30T12:54:42.306+0000] {dag_data.py:22} INFO - Message delivered to api [0]
[2024-11-30T12:54:42.307+0000] {dag_data.py:22} INFO - Message delivered to api [0]
[2024-11-30T12:54:42.307+0000] {dag_data.py:22} INFO - Message delivered to api [0]
[2024-11-30T12:54:42.307+0000] {dag_data.py:22} INFO - Message delivered to api [0]
[2024-11-30T12:54:42.308+0000] {dag_data.py:22} INFO - Message delivered to api [0]
[2024-11-30T12:54:42.308+0000] {dag_data.py:22} INFO - Message delivered to api [0]
[2024-11-30T12:54:42.308+0000] {dag_data.py:22} INFO - Message delivered to api [0]
[2024-11-30T12:54:42.309+0000] {dag_data.py:22} INFO - Message delivered to api [0]
[2024-11-30T12:54:42.309+0000] {dag_data.py:22} INFO - Message delivered to api [0]
[2024-11-30T12:54:42.310+0000] {dag_data.py:22} INFO - Message delivered to api [0]
[2024-11-30T12:54:42.310+0000] {dag_data.py:22} INFO - Message delivered to api [0]
[2024-11-30T12:54:42.310+0000] {dag_data.py:22} INFO - Message delivered to api [0]
[2024-11-30T12:54:42.311+0000] {dag_data.py:22} INFO - Message delivered to api [0]
[2024-11-30T12:54:42.311+0000] {dag_data.py:22} INFO - Message delivered to api [0]
[2024-11-30T12:54:42.312+0000] {dag_data.py:22} INFO - Message delivered to api [0]
[2024-11-30T12:54:42.312+0000] {dag_data.py:22} INFO - Message delivered to api [0]
[2024-11-30T12:54:42.313+0000] {dag_data.py:22} INFO - Message delivered to api [0]
[2024-11-30T12:54:42.313+0000] {dag_data.py:22} INFO - Message delivered to api [0]
[2024-11-30T12:54:42.313+0000] {dag_data.py:22} INFO - Message delivered to api [0]
[2024-11-30T12:54:42.314+0000] {dag_data.py:22} INFO - Message delivered to api [0]
[2024-11-30T12:54:42.315+0000] {dag_data.py:22} INFO - Message delivered to api [0]
[2024-11-30T12:54:42.315+0000] {dag_data.py:22} INFO - Message delivered to api [0]
[2024-11-30T12:54:42.316+0000] {dag_data.py:22} INFO - Message delivered to api [0]
[2024-11-30T12:54:42.316+0000] {dag_data.py:22} INFO - Message delivered to api [0]
[2024-11-30T12:54:42.317+0000] {dag_data.py:22} INFO - Message delivered to api [0]
[2024-11-30T12:54:42.317+0000] {dag_data.py:22} INFO - Message delivered to api [0]
[2024-11-30T12:54:42.318+0000] {dag_data.py:22} INFO - Message delivered to api [0]
[2024-11-30T12:54:42.318+0000] {dag_data.py:22} INFO - Message delivered to api [0]
[2024-11-30T12:54:42.318+0000] {dag_data.py:22} INFO - Message delivered to api [0]
[2024-11-30T12:54:42.319+0000] {dag_data.py:22} INFO - Message delivered to api [0]
[2024-11-30T12:54:42.319+0000] {dag_data.py:22} INFO - Message delivered to api [0]
[2024-11-30T12:54:42.320+0000] {dag_data.py:22} INFO - Message delivered to api [0]
[2024-11-30T12:54:42.320+0000] {dag_data.py:22} INFO - Message delivered to api [0]
[2024-11-30T12:54:42.321+0000] {dag_data.py:22} INFO - Message delivered to api [0]
[2024-11-30T12:54:42.321+0000] {dag_data.py:22} INFO - Message delivered to api [0]
[2024-11-30T12:54:42.322+0000] {dag_data.py:22} INFO - Message delivered to api [0]
[2024-11-30T12:54:42.322+0000] {dag_data.py:80} INFO - Toutes les donnes de sales.csv ont t publies avec succs.
[2024-11-30T12:54:42.324+0000] {python.py:240} INFO - Done. Returned value was: None
[2024-11-30T12:54:42.339+0000] {taskinstance.py:340} INFO - ::group::Post task execution logs
[2024-11-30T12:54:42.339+0000] {taskinstance.py:352} INFO - Marking task as SUCCESS. dag_id=dag1, task_id=process_task_tag2, run_id=manual__2024-11-30T12:44:35.201194+00:00, execution_date=20241130T124435, start_date=20241130T124441, end_date=20241130T125442
[2024-11-30T12:54:42.416+0000] {local_task_job_runner.py:266} INFO - Task exited with return code 0
[2024-11-30T12:54:42.440+0000] {taskinstance.py:3895} INFO - 0 downstream tasks scheduled from follow-on schedule check
[2024-11-30T12:54:42.443+0000] {local_task_job_runner.py:245} INFO - ::endgroup::
