[2024-12-02T19:37:22.264+0000] {local_task_job_runner.py:123} INFO - ::group::Pre task execution logs
[2024-12-02T19:37:22.305+0000] {taskinstance.py:2613} INFO - Dependencies all met for dep_context=non-requeueable deps ti=<TaskInstance: kafka_hive_pipeline_threaded.sync_producer_and_consumer manual__2024-12-02T19:37:15.732224+00:00 [queued]>
[2024-12-02T19:37:22.335+0000] {taskinstance.py:2613} INFO - Dependencies all met for dep_context=requeueable deps ti=<TaskInstance: kafka_hive_pipeline_threaded.sync_producer_and_consumer manual__2024-12-02T19:37:15.732224+00:00 [queued]>
[2024-12-02T19:37:22.336+0000] {taskinstance.py:2866} INFO - Starting attempt 1 of 1
[2024-12-02T19:37:22.406+0000] {taskinstance.py:2889} INFO - Executing <Task(PythonOperator): sync_producer_and_consumer> on 2024-12-02 19:37:15.732224+00:00
[2024-12-02T19:37:22.419+0000] {logging_mixin.py:190} WARNING - /home/airflow/.local/lib/python3.12/site-packages/airflow/task/task_runner/standard_task_runner.py:70 DeprecationWarning: This process (pid=2440) is multi-threaded, use of fork() may lead to deadlocks in the child.
[2024-12-02T19:37:22.419+0000] {standard_task_runner.py:104} INFO - Running: ['airflow', 'tasks', 'run', 'kafka_hive_pipeline_threaded', 'sync_producer_and_consumer', 'manual__2024-12-02T19:37:15.732224+00:00', '--job-id', '165', '--raw', '--subdir', 'DAGS_FOLDER/gestion_airflow.py', '--cfg-path', '/tmp/tmpx85zu5c3']
[2024-12-02T19:37:22.421+0000] {standard_task_runner.py:72} INFO - Started process 2454 to run task
[2024-12-02T19:37:22.422+0000] {standard_task_runner.py:105} INFO - Job 165: Subtask sync_producer_and_consumer
[2024-12-02T19:37:22.570+0000] {task_command.py:467} INFO - Running <TaskInstance: kafka_hive_pipeline_threaded.sync_producer_and_consumer manual__2024-12-02T19:37:15.732224+00:00 [running]> on host 45770b1a429e
[2024-12-02T19:37:22.761+0000] {taskinstance.py:3132} INFO - Exporting env vars: AIRFLOW_CTX_DAG_OWNER='airflow' AIRFLOW_CTX_DAG_ID='kafka_hive_pipeline_threaded' AIRFLOW_CTX_TASK_ID='sync_producer_and_consumer' AIRFLOW_CTX_EXECUTION_DATE='2024-12-02T19:37:15.732224+00:00' AIRFLOW_CTX_TRY_NUMBER='1' AIRFLOW_CTX_DAG_RUN_ID='manual__2024-12-02T19:37:15.732224+00:00'
[2024-12-02T19:37:22.763+0000] {taskinstance.py:731} INFO - ::endgroup::
[2024-12-02T19:37:22.851+0000] {csv_to_kafka_with_redis.py:50} INFO - Loaded CSV Data:
    Invoice ID Branch       City  ... gross margin percentage gross income Rating
0  750-67-8428      A     Yangon  ...                4.761905      26.1415    9.1
1  226-31-3081      C  Naypyitaw  ...                4.761905       3.8200    9.6
2  631-41-3108      A     Yangon  ...                4.761905      16.2155    7.4
3  123-19-1176      A     Yangon  ...                4.761905      23.2880    8.4
4  373-73-7910      A     Yangon  ...                4.761905      30.2085    5.3

[5 rows x 17 columns]
[2024-12-02T19:37:22.853+0000] {csv_to_kafka_with_redis.py:84} INFO - Row data before serialization: {'id': 'ab675c42-bd29-4666-8419-e96cf0d0edd4', 'invoice_id': '750-67-8428', 'branch': 'A', 'city': 'Yangon', 'customer_type': 'Member', 'gender': 'Female', 'product_line': 'Health and beauty', 'unit_price': 74.69, 'quantity': 7, 'tax_5_percent': 26.1415, 'total': 548.9715, 'date': '1/5/2019', 'time': '13:08', 'payment': 'Ewallet', 'cogs': 522.83, 'gross_margin_percentage': 4.761904762, 'gross_income': 26.1415, 'rating': 9.1}
[2024-12-02T19:37:22.874+0000] {csv_to_kafka_with_redis.py:84} INFO - Row data before serialization: {'id': '80a3d6a6-9198-4aa4-95f2-6188f737435c', 'invoice_id': '226-31-3081', 'branch': 'C', 'city': 'Naypyitaw', 'customer_type': 'Normal', 'gender': 'Female', 'product_line': 'Electronic accessories', 'unit_price': 15.28, 'quantity': 5, 'tax_5_percent': 3.82, 'total': 80.22, 'date': '3/8/2019', 'time': '10:29', 'payment': 'Cash', 'cogs': 76.4, 'gross_margin_percentage': 4.761904762, 'gross_income': 3.82, 'rating': 9.6}
[2024-12-02T19:37:22.876+0000] {csv_to_kafka_with_redis.py:84} INFO - Row data before serialization: {'id': '8050f1fc-ff58-43b5-86d7-5ee2381559a1', 'invoice_id': '631-41-3108', 'branch': 'A', 'city': 'Yangon', 'customer_type': 'Normal', 'gender': 'Male', 'product_line': 'Home and lifestyle', 'unit_price': 46.33, 'quantity': 7, 'tax_5_percent': 16.2155, 'total': 340.5255, 'date': '3/3/2019', 'time': '13:23', 'payment': 'Credit card', 'cogs': 324.31, 'gross_margin_percentage': 4.761904762, 'gross_income': 16.2155, 'rating': 7.4}
[2024-12-02T19:37:22.877+0000] {csv_to_kafka_with_redis.py:84} INFO - Row data before serialization: {'id': 'c290e7d8-8a92-4f32-b393-1cf4d9b25fcf', 'invoice_id': '123-19-1176', 'branch': 'A', 'city': 'Yangon', 'customer_type': 'Member', 'gender': 'Male', 'product_line': 'Health and beauty', 'unit_price': 58.22, 'quantity': 8, 'tax_5_percent': 23.288, 'total': 489.048, 'date': '1/27/2019', 'time': '20:33', 'payment': 'Ewallet', 'cogs': 465.76, 'gross_margin_percentage': 4.761904762, 'gross_income': 23.288, 'rating': 8.4}
[2024-12-02T19:37:22.879+0000] {csv_to_kafka_with_redis.py:84} INFO - Row data before serialization: {'id': '44c01fce-bcc6-4731-9c97-4b599383603e', 'invoice_id': '373-73-7910', 'branch': 'A', 'city': 'Yangon', 'customer_type': 'Normal', 'gender': 'Male', 'product_line': 'Sports and travel', 'unit_price': 86.31, 'quantity': 7, 'tax_5_percent': 30.2085, 'total': 634.3785, 'date': '2/8/2019', 'time': '10:37', 'payment': 'Ewallet', 'cogs': 604.17, 'gross_margin_percentage': 4.761904762, 'gross_income': 30.2085, 'rating': 5.3}
[2024-12-02T19:37:22.880+0000] {csv_to_kafka_with_redis.py:84} INFO - Row data before serialization: {'id': '95ba5883-5f80-41ea-9105-f45b70a67586', 'invoice_id': '699-14-3026', 'branch': 'C', 'city': 'Naypyitaw', 'customer_type': 'Normal', 'gender': 'Male', 'product_line': 'Electronic accessories', 'unit_price': 85.39, 'quantity': 7, 'tax_5_percent': 29.8865, 'total': 627.6165, 'date': '3/25/2019', 'time': '18:30', 'payment': 'Ewallet', 'cogs': 597.73, 'gross_margin_percentage': 4.761904762, 'gross_income': 29.8865, 'rating': 4.1}
[2024-12-02T19:37:22.881+0000] {csv_to_kafka_with_redis.py:84} INFO - Row data before serialization: {'id': '7b741a6b-b7bd-49c8-a1c6-f5e603ef458c', 'invoice_id': '355-53-5943', 'branch': 'A', 'city': 'Yangon', 'customer_type': 'Member', 'gender': 'Female', 'product_line': 'Electronic accessories', 'unit_price': 68.84, 'quantity': 6, 'tax_5_percent': 20.652, 'total': 433.692, 'date': '2/25/2019', 'time': '14:36', 'payment': 'Ewallet', 'cogs': 413.04, 'gross_margin_percentage': 4.761904762, 'gross_income': 20.652, 'rating': 5.8}
[2024-12-02T19:37:22.882+0000] {csv_to_kafka_with_redis.py:84} INFO - Row data before serialization: {'id': '6340ea1f-a4bb-4da0-808a-4199390df4c5', 'invoice_id': '315-22-5665', 'branch': 'C', 'city': 'Naypyitaw', 'customer_type': 'Normal', 'gender': 'Female', 'product_line': 'Home and lifestyle', 'unit_price': 73.56, 'quantity': 10, 'tax_5_percent': 36.78, 'total': 772.38, 'date': '2/24/2019', 'time': '11:38', 'payment': 'Ewallet', 'cogs': 735.6, 'gross_margin_percentage': 4.761904762, 'gross_income': 36.78, 'rating': 8.0}
[2024-12-02T19:37:22.884+0000] {csv_to_kafka_with_redis.py:84} INFO - Row data before serialization: {'id': '3fd0b6bd-44cd-47a9-aaee-b25f22bbc0ff', 'invoice_id': '665-32-9167', 'branch': 'A', 'city': 'Yangon', 'customer_type': 'Member', 'gender': 'Female', 'product_line': 'Health and beauty', 'unit_price': 36.26, 'quantity': 2, 'tax_5_percent': 3.626, 'total': 76.146, 'date': '1/10/2019', 'time': '17:15', 'payment': 'Credit card', 'cogs': 72.52, 'gross_margin_percentage': 4.761904762, 'gross_income': 3.626, 'rating': 7.2}
[2024-12-02T19:37:22.885+0000] {csv_to_kafka_with_redis.py:84} INFO - Row data before serialization: {'id': '80d37887-9d72-475d-a9e3-9c9afb2e670a', 'invoice_id': '692-92-5582', 'branch': 'B', 'city': 'Mandalay', 'customer_type': 'Member', 'gender': 'Female', 'product_line': 'Food and beverages', 'unit_price': 54.84, 'quantity': 3, 'tax_5_percent': 8.226, 'total': 172.746, 'date': '2/20/2019', 'time': '13:27', 'payment': 'Credit card', 'cogs': 164.52, 'gross_margin_percentage': 4.761904762, 'gross_income': 8.226, 'rating': 5.9}
[2024-12-02T19:37:22.887+0000] {csv_to_kafka_with_redis.py:84} INFO - Row data before serialization: {'id': 'f19e2efc-c7cd-4c56-95c0-53aeb2529a2c', 'invoice_id': '351-62-0822', 'branch': 'B', 'city': 'Mandalay', 'customer_type': 'Member', 'gender': 'Female', 'product_line': 'Fashion accessories', 'unit_price': 14.48, 'quantity': 4, 'tax_5_percent': 2.896, 'total': 60.816, 'date': '2/6/2019', 'time': '18:07', 'payment': 'Ewallet', 'cogs': 57.92, 'gross_margin_percentage': 4.761904762, 'gross_income': 2.896, 'rating': 4.5}
[2024-12-02T19:37:22.888+0000] {csv_to_kafka_with_redis.py:84} INFO - Row data before serialization: {'id': '1a7b352c-da98-4de1-828a-edbb6269a721', 'invoice_id': '529-56-3974', 'branch': 'B', 'city': 'Mandalay', 'customer_type': 'Member', 'gender': 'Male', 'product_line': 'Electronic accessories', 'unit_price': 25.51, 'quantity': 4, 'tax_5_percent': 5.102, 'total': 107.142, 'date': '3/9/2019', 'time': '17:03', 'payment': 'Cash', 'cogs': 102.04, 'gross_margin_percentage': 4.761904762, 'gross_income': 5.102, 'rating': 6.8}
[2024-12-02T19:37:22.889+0000] {csv_to_kafka_with_redis.py:84} INFO - Row data before serialization: {'id': 'e8f1c082-b828-4477-8248-a9c9e231b121', 'invoice_id': '365-64-0515', 'branch': 'A', 'city': 'Yangon', 'customer_type': 'Normal', 'gender': 'Female', 'product_line': 'Electronic accessories', 'unit_price': 46.95, 'quantity': 5, 'tax_5_percent': 11.7375, 'total': 246.4875, 'date': '2/12/2019', 'time': '10:25', 'payment': 'Ewallet', 'cogs': 234.75, 'gross_margin_percentage': 4.761904762, 'gross_income': 11.7375, 'rating': 7.1}
[2024-12-02T19:37:22.890+0000] {csv_to_kafka_with_redis.py:84} INFO - Row data before serialization: {'id': 'b7833127-5717-4e1c-89e9-aff6122f0f30', 'invoice_id': '252-56-2699', 'branch': 'A', 'city': 'Yangon', 'customer_type': 'Normal', 'gender': 'Male', 'product_line': 'Food and beverages', 'unit_price': 43.19, 'quantity': 10, 'tax_5_percent': 21.595, 'total': 453.495, 'date': '2/7/2019', 'time': '16:48', 'payment': 'Ewallet', 'cogs': 431.9, 'gross_margin_percentage': 4.761904762, 'gross_income': 21.595, 'rating': 8.2}
[2024-12-02T19:37:22.892+0000] {csv_to_kafka_with_redis.py:84} INFO - Row data before serialization: {'id': '7227b6f6-50a9-4985-af34-cb603a4a512f', 'invoice_id': '829-34-3910', 'branch': 'A', 'city': 'Yangon', 'customer_type': 'Normal', 'gender': 'Female', 'product_line': 'Health and beauty', 'unit_price': 71.38, 'quantity': 10, 'tax_5_percent': 35.69, 'total': 749.49, 'date': '3/29/2019', 'time': '19:21', 'payment': 'Cash', 'cogs': 713.8, 'gross_margin_percentage': 4.761904762, 'gross_income': 35.69, 'rating': 5.7}
[2024-12-02T19:37:22.893+0000] {csv_to_kafka_with_redis.py:84} INFO - Row data before serialization: {'id': '62a5669b-f828-48f2-a464-d85f3672208f', 'invoice_id': '299-46-1805', 'branch': 'B', 'city': 'Mandalay', 'customer_type': 'Member', 'gender': 'Female', 'product_line': 'Sports and travel', 'unit_price': 93.72, 'quantity': 6, 'tax_5_percent': 28.116, 'total': 590.436, 'date': '1/15/2019', 'time': '16:19', 'payment': 'Cash', 'cogs': 562.32, 'gross_margin_percentage': 4.761904762, 'gross_income': 28.116, 'rating': 4.5}
[2024-12-02T19:37:22.894+0000] {csv_to_kafka_with_redis.py:84} INFO - Row data before serialization: {'id': '24773230-05d1-4f80-a950-858d9634414d', 'invoice_id': '656-95-9349', 'branch': 'A', 'city': 'Yangon', 'customer_type': 'Member', 'gender': 'Female', 'product_line': 'Health and beauty', 'unit_price': 68.93, 'quantity': 7, 'tax_5_percent': 24.1255, 'total': 506.6355, 'date': '3/11/2019', 'time': '11:03', 'payment': 'Credit card', 'cogs': 482.51, 'gross_margin_percentage': 4.761904762, 'gross_income': 24.1255, 'rating': 4.6}
[2024-12-02T19:37:22.896+0000] {csv_to_kafka_with_redis.py:84} INFO - Row data before serialization: {'id': '57088f93-97ee-444c-b23d-ded680a27d78', 'invoice_id': '765-26-6951', 'branch': 'A', 'city': 'Yangon', 'customer_type': 'Normal', 'gender': 'Male', 'product_line': 'Sports and travel', 'unit_price': 72.61, 'quantity': 6, 'tax_5_percent': 21.783, 'total': 457.443, 'date': '1/1/2019', 'time': '10:39', 'payment': 'Credit card', 'cogs': 435.66, 'gross_margin_percentage': 4.761904762, 'gross_income': 21.783, 'rating': 6.9}
[2024-12-02T19:37:22.897+0000] {csv_to_kafka_with_redis.py:84} INFO - Row data before serialization: {'id': '4dad64d1-2a34-43b0-8767-fed3b4867c24', 'invoice_id': '329-62-1586', 'branch': 'A', 'city': 'Yangon', 'customer_type': 'Normal', 'gender': 'Male', 'product_line': 'Food and beverages', 'unit_price': 54.67, 'quantity': 3, 'tax_5_percent': 8.2005, 'total': 172.2105, 'date': '1/21/2019', 'time': '18:00', 'payment': 'Credit card', 'cogs': 164.01, 'gross_margin_percentage': 4.761904762, 'gross_income': 8.2005, 'rating': 8.6}
[2024-12-02T19:37:22.899+0000] {csv_to_kafka_with_redis.py:84} INFO - Row data before serialization: {'id': 'b49a4494-d07a-4f39-8c8d-87bf4c5380bf', 'invoice_id': '319-50-3348', 'branch': 'B', 'city': 'Mandalay', 'customer_type': 'Normal', 'gender': 'Female', 'product_line': 'Home and lifestyle', 'unit_price': 40.3, 'quantity': 2, 'tax_5_percent': 4.03, 'total': 84.63, 'date': '3/11/2019', 'time': '15:30', 'payment': 'Ewallet', 'cogs': 80.6, 'gross_margin_percentage': 4.761904762, 'gross_income': 4.03, 'rating': 4.4}
[2024-12-02T19:37:22.902+0000] {csv_to_kafka_with_redis.py:84} INFO - Row data before serialization: {'id': 'c52ae9d2-607a-48ce-b6f0-ccc6952312fc', 'invoice_id': '300-71-4605', 'branch': 'C', 'city': 'Naypyitaw', 'customer_type': 'Member', 'gender': 'Male', 'product_line': 'Electronic accessories', 'unit_price': 86.04, 'quantity': 5, 'tax_5_percent': 21.51, 'total': 451.71, 'date': '2/25/2019', 'time': '11:24', 'payment': 'Ewallet', 'cogs': 430.2, 'gross_margin_percentage': 4.761904762, 'gross_income': 21.51, 'rating': 4.8}
[2024-12-02T19:37:22.903+0000] {csv_to_kafka_with_redis.py:84} INFO - Row data before serialization: {'id': '320e7dd0-419f-43bf-ab1e-63a9a34d8ee6', 'invoice_id': '371-85-5789', 'branch': 'B', 'city': 'Mandalay', 'customer_type': 'Normal', 'gender': 'Male', 'product_line': 'Health and beauty', 'unit_price': 87.98, 'quantity': 3, 'tax_5_percent': 13.197, 'total': 277.137, 'date': '3/5/2019', 'time': '10:40', 'payment': 'Ewallet', 'cogs': 263.94, 'gross_margin_percentage': 4.761904762, 'gross_income': 13.197, 'rating': 5.1}
[2024-12-02T19:37:22.905+0000] {csv_to_kafka_with_redis.py:84} INFO - Row data before serialization: {'id': 'b0273663-d14c-423d-a8cf-5ed32f6411e3', 'invoice_id': '273-16-6619', 'branch': 'B', 'city': 'Mandalay', 'customer_type': 'Normal', 'gender': 'Male', 'product_line': 'Home and lifestyle', 'unit_price': 33.2, 'quantity': 2, 'tax_5_percent': 3.32, 'total': 69.72, 'date': '3/15/2019', 'time': '12:20', 'payment': 'Credit card', 'cogs': 66.4, 'gross_margin_percentage': 4.761904762, 'gross_income': 3.32, 'rating': 4.4}
[2024-12-02T19:37:22.906+0000] {csv_to_kafka_with_redis.py:84} INFO - Row data before serialization: {'id': '70a46ce2-31ef-4c9f-9dc4-33e3a86b7a58', 'invoice_id': '636-48-8204', 'branch': 'A', 'city': 'Yangon', 'customer_type': 'Normal', 'gender': 'Male', 'product_line': 'Electronic accessories', 'unit_price': 34.56, 'quantity': 5, 'tax_5_percent': 8.64, 'total': 181.44, 'date': '2/17/2019', 'time': '11:15', 'payment': 'Ewallet', 'cogs': 172.8, 'gross_margin_percentage': 4.761904762, 'gross_income': 8.64, 'rating': 9.9}
[2024-12-02T19:37:22.908+0000] {csv_to_kafka_with_redis.py:84} INFO - Row data before serialization: {'id': '579a15ca-bca1-4881-ad78-56872bf73221', 'invoice_id': '549-59-1358', 'branch': 'A', 'city': 'Yangon', 'customer_type': 'Member', 'gender': 'Male', 'product_line': 'Sports and travel', 'unit_price': 88.63, 'quantity': 3, 'tax_5_percent': 13.2945, 'total': 279.1845, 'date': '3/2/2019', 'time': '17:36', 'payment': 'Ewallet', 'cogs': 265.89, 'gross_margin_percentage': 4.761904762, 'gross_income': 13.2945, 'rating': 6.0}
[2024-12-02T19:37:22.910+0000] {csv_to_kafka_with_redis.py:84} INFO - Row data before serialization: {'id': '3a982fe5-40de-43f2-a231-6e0795558c62', 'invoice_id': '227-03-5010', 'branch': 'A', 'city': 'Yangon', 'customer_type': 'Member', 'gender': 'Female', 'product_line': 'Home and lifestyle', 'unit_price': 52.59, 'quantity': 8, 'tax_5_percent': 21.036, 'total': 441.756, 'date': '3/22/2019', 'time': '19:20', 'payment': 'Credit card', 'cogs': 420.72, 'gross_margin_percentage': 4.761904762, 'gross_income': 21.036, 'rating': 8.5}
[2024-12-02T19:37:22.911+0000] {csv_to_kafka_with_redis.py:84} INFO - Row data before serialization: {'id': '7eafcd31-a3a4-46a1-ac6f-16e5f04f72f9', 'invoice_id': '649-29-6775', 'branch': 'B', 'city': 'Mandalay', 'customer_type': 'Normal', 'gender': 'Male', 'product_line': 'Fashion accessories', 'unit_price': 33.52, 'quantity': 1, 'tax_5_percent': 1.676, 'total': 35.196, 'date': '2/8/2019', 'time': '15:31', 'payment': 'Cash', 'cogs': 33.52, 'gross_margin_percentage': 4.761904762, 'gross_income': 1.676, 'rating': 6.7}
[2024-12-02T19:37:22.913+0000] {csv_to_kafka_with_redis.py:84} INFO - Row data before serialization: {'id': '1f4fabf6-8186-408f-a6c7-ad5f61e23ce1', 'invoice_id': '189-17-4241', 'branch': 'A', 'city': 'Yangon', 'customer_type': 'Normal', 'gender': 'Female', 'product_line': 'Fashion accessories', 'unit_price': 87.67, 'quantity': 2, 'tax_5_percent': 8.767, 'total': 184.107, 'date': '3/10/2019', 'time': '12:17', 'payment': 'Credit card', 'cogs': 175.34, 'gross_margin_percentage': 4.761904762, 'gross_income': 8.767, 'rating': 7.7}
[2024-12-02T19:37:22.915+0000] {csv_to_kafka_with_redis.py:84} INFO - Row data before serialization: {'id': '4975bcef-356c-4a10-93fb-9df225c5c95d', 'invoice_id': '145-94-9061', 'branch': 'B', 'city': 'Mandalay', 'customer_type': 'Normal', 'gender': 'Female', 'product_line': 'Food and beverages', 'unit_price': 88.36, 'quantity': 5, 'tax_5_percent': 22.09, 'total': 463.89, 'date': '1/25/2019', 'time': '19:48', 'payment': 'Cash', 'cogs': 441.8, 'gross_margin_percentage': 4.761904762, 'gross_income': 22.09, 'rating': 9.6}
[2024-12-02T19:37:22.917+0000] {csv_to_kafka_with_redis.py:84} INFO - Row data before serialization: {'id': 'aee54752-4334-4e5d-afad-24c60f6a65b1', 'invoice_id': '848-62-7243', 'branch': 'A', 'city': 'Yangon', 'customer_type': 'Normal', 'gender': 'Male', 'product_line': 'Health and beauty', 'unit_price': 24.89, 'quantity': 9, 'tax_5_percent': 11.2005, 'total': 235.2105, 'date': '3/15/2019', 'time': '15:36', 'payment': 'Cash', 'cogs': 224.01, 'gross_margin_percentage': 4.761904762, 'gross_income': 11.2005, 'rating': 7.4}
[2024-12-02T19:37:22.919+0000] {csv_to_kafka_with_redis.py:84} INFO - Row data before serialization: {'id': '46b18522-295c-4c09-8d39-2b7de5c055c2', 'invoice_id': '871-79-8483', 'branch': 'B', 'city': 'Mandalay', 'customer_type': 'Normal', 'gender': 'Male', 'product_line': 'Fashion accessories', 'unit_price': 94.13, 'quantity': 5, 'tax_5_percent': 23.5325, 'total': 494.1825, 'date': '2/25/2019', 'time': '19:39', 'payment': 'Credit card', 'cogs': 470.65, 'gross_margin_percentage': 4.761904762, 'gross_income': 23.5325, 'rating': 4.8}
[2024-12-02T19:37:22.921+0000] {csv_to_kafka_with_redis.py:84} INFO - Row data before serialization: {'id': 'f90c51ed-1c8a-4882-9742-f7867a68e791', 'invoice_id': '149-71-6266', 'branch': 'B', 'city': 'Mandalay', 'customer_type': 'Member', 'gender': 'Male', 'product_line': 'Sports and travel', 'unit_price': 78.07, 'quantity': 9, 'tax_5_percent': 35.1315, 'total': 737.7615, 'date': '1/28/2019', 'time': '12:43', 'payment': 'Cash', 'cogs': 702.63, 'gross_margin_percentage': 4.761904762, 'gross_income': 35.1315, 'rating': 4.5}
[2024-12-02T19:37:22.923+0000] {csv_to_kafka_with_redis.py:84} INFO - Row data before serialization: {'id': '16a14ba3-f0aa-481c-a2a3-bc8c99bf5713', 'invoice_id': '640-49-2076', 'branch': 'B', 'city': 'Mandalay', 'customer_type': 'Normal', 'gender': 'Male', 'product_line': 'Sports and travel', 'unit_price': 83.78, 'quantity': 8, 'tax_5_percent': 33.512, 'total': 703.752, 'date': '1/10/2019', 'time': '14:49', 'payment': 'Cash', 'cogs': 670.24, 'gross_margin_percentage': 4.761904762, 'gross_income': 33.512, 'rating': 5.1}
[2024-12-02T19:37:22.925+0000] {csv_to_kafka_with_redis.py:84} INFO - Row data before serialization: {'id': '9974781a-30bc-4dab-ab25-10e537fc6d9a', 'invoice_id': '595-11-5460', 'branch': 'A', 'city': 'Yangon', 'customer_type': 'Normal', 'gender': 'Male', 'product_line': 'Health and beauty', 'unit_price': 96.58, 'quantity': 2, 'tax_5_percent': 9.658, 'total': 202.818, 'date': '3/15/2019', 'time': '10:12', 'payment': 'Credit card', 'cogs': 193.16, 'gross_margin_percentage': 4.761904762, 'gross_income': 9.658, 'rating': 5.1}
[2024-12-02T19:37:22.927+0000] {csv_to_kafka_with_redis.py:84} INFO - Row data before serialization: {'id': '6c0a02f9-1fb2-4225-b0be-8ff066ede5f3', 'invoice_id': '183-56-6882', 'branch': 'C', 'city': 'Naypyitaw', 'customer_type': 'Member', 'gender': 'Female', 'product_line': 'Food and beverages', 'unit_price': 99.42, 'quantity': 4, 'tax_5_percent': 19.884, 'total': 417.564, 'date': '2/6/2019', 'time': '10:42', 'payment': 'Ewallet', 'cogs': 397.68, 'gross_margin_percentage': 4.761904762, 'gross_income': 19.884, 'rating': 7.5}
[2024-12-02T19:37:22.929+0000] {csv_to_kafka_with_redis.py:84} INFO - Row data before serialization: {'id': 'a34599b8-f257-4df4-b358-51387ac28f7f', 'invoice_id': '232-16-2483', 'branch': 'C', 'city': 'Naypyitaw', 'customer_type': 'Member', 'gender': 'Female', 'product_line': 'Sports and travel', 'unit_price': 68.12, 'quantity': 1, 'tax_5_percent': 3.406, 'total': 71.526, 'date': '1/7/2019', 'time': '12:28', 'payment': 'Ewallet', 'cogs': 68.12, 'gross_margin_percentage': 4.761904762, 'gross_income': 3.406, 'rating': 6.8}
[2024-12-02T19:37:22.931+0000] {csv_to_kafka_with_redis.py:84} INFO - Row data before serialization: {'id': 'ce4de6ee-4f0b-4791-885e-b1212f657afb', 'invoice_id': '129-29-8530', 'branch': 'A', 'city': 'Yangon', 'customer_type': 'Member', 'gender': 'Male', 'product_line': 'Sports and travel', 'unit_price': 62.62, 'quantity': 5, 'tax_5_percent': 15.655, 'total': 328.755, 'date': '3/10/2019', 'time': '19:15', 'payment': 'Ewallet', 'cogs': 313.1, 'gross_margin_percentage': 4.761904762, 'gross_income': 15.655, 'rating': 7.0}
[2024-12-02T19:37:22.933+0000] {csv_to_kafka_with_redis.py:84} INFO - Row data before serialization: {'id': '2f572510-3587-460b-8db3-b8f84cc0960f', 'invoice_id': '272-65-1806', 'branch': 'A', 'city': 'Yangon', 'customer_type': 'Normal', 'gender': 'Female', 'product_line': 'Electronic accessories', 'unit_price': 60.88, 'quantity': 9, 'tax_5_percent': 27.396, 'total': 575.316, 'date': '1/15/2019', 'time': '17:17', 'payment': 'Ewallet', 'cogs': 547.92, 'gross_margin_percentage': 4.761904762, 'gross_income': 27.396, 'rating': 4.7}
[2024-12-02T19:37:22.935+0000] {csv_to_kafka_with_redis.py:84} INFO - Row data before serialization: {'id': 'd1b9ace8-a6c6-422b-90f2-b9509970dd59', 'invoice_id': '333-73-7901', 'branch': 'C', 'city': 'Naypyitaw', 'customer_type': 'Normal', 'gender': 'Female', 'product_line': 'Health and beauty', 'unit_price': 54.92, 'quantity': 8, 'tax_5_percent': 21.968, 'total': 461.328, 'date': '3/23/2019', 'time': '13:24', 'payment': 'Ewallet', 'cogs': 439.36, 'gross_margin_percentage': 4.761904762, 'gross_income': 21.968, 'rating': 7.6}
[2024-12-02T19:37:22.937+0000] {csv_to_kafka_with_redis.py:84} INFO - Row data before serialization: {'id': 'ea0f27d4-9551-4b17-9ab7-2d29a0faf662', 'invoice_id': '777-82-7220', 'branch': 'B', 'city': 'Mandalay', 'customer_type': 'Member', 'gender': 'Male', 'product_line': 'Home and lifestyle', 'unit_price': 30.12, 'quantity': 8, 'tax_5_percent': 12.048, 'total': 253.008, 'date': '3/3/2019', 'time': '13:01', 'payment': 'Cash', 'cogs': 240.96, 'gross_margin_percentage': 4.761904762, 'gross_income': 12.048, 'rating': 7.7}
[2024-12-02T19:37:22.941+0000] {csv_to_kafka_with_redis.py:84} INFO - Row data before serialization: {'id': '2041e91e-cc1c-4f5f-afd9-0620c806fbe0', 'invoice_id': '280-35-5823', 'branch': 'B', 'city': 'Mandalay', 'customer_type': 'Member', 'gender': 'Female', 'product_line': 'Home and lifestyle', 'unit_price': 86.72, 'quantity': 1, 'tax_5_percent': 4.336, 'total': 91.056, 'date': '1/17/2019', 'time': '18:45', 'payment': 'Ewallet', 'cogs': 86.72, 'gross_margin_percentage': 4.761904762, 'gross_income': 4.336, 'rating': 7.9}
[2024-12-02T19:37:22.942+0000] {csv_to_kafka_with_redis.py:84} INFO - Row data before serialization: {'id': 'd737a8ef-f21b-4298-a62f-892635a327b9', 'invoice_id': '554-53-8700', 'branch': 'C', 'city': 'Naypyitaw', 'customer_type': 'Member', 'gender': 'Male', 'product_line': 'Home and lifestyle', 'unit_price': 56.11, 'quantity': 2, 'tax_5_percent': 5.611, 'total': 117.831, 'date': '2/2/2019', 'time': '10:11', 'payment': 'Cash', 'cogs': 112.22, 'gross_margin_percentage': 4.761904762, 'gross_income': 5.611, 'rating': 6.3}
[2024-12-02T19:37:22.944+0000] {csv_to_kafka_with_redis.py:84} INFO - Row data before serialization: {'id': 'd65f737c-320e-42bb-8817-8dd20e47326d', 'invoice_id': '354-25-5821', 'branch': 'B', 'city': 'Mandalay', 'customer_type': 'Member', 'gender': 'Female', 'product_line': 'Sports and travel', 'unit_price': 69.12, 'quantity': 6, 'tax_5_percent': 20.736, 'total': 435.456, 'date': '2/8/2019', 'time': '13:03', 'payment': 'Cash', 'cogs': 414.72, 'gross_margin_percentage': 4.761904762, 'gross_income': 20.736, 'rating': 5.6}
[2024-12-02T19:37:22.946+0000] {csv_to_kafka_with_redis.py:84} INFO - Row data before serialization: {'id': 'ea677612-172c-46f1-b4f9-c3779f6c785b', 'invoice_id': '228-96-1411', 'branch': 'C', 'city': 'Naypyitaw', 'customer_type': 'Member', 'gender': 'Female', 'product_line': 'Food and beverages', 'unit_price': 98.7, 'quantity': 8, 'tax_5_percent': 39.48, 'total': 829.08, 'date': '3/4/2019', 'time': '20:39', 'payment': 'Cash', 'cogs': 789.6, 'gross_margin_percentage': 4.761904762, 'gross_income': 39.48, 'rating': 7.6}
[2024-12-02T19:37:22.948+0000] {csv_to_kafka_with_redis.py:84} INFO - Row data before serialization: {'id': '768f9d53-2305-4ae3-8051-6946a341bbb4', 'invoice_id': '617-15-4209', 'branch': 'C', 'city': 'Naypyitaw', 'customer_type': 'Member', 'gender': 'Male', 'product_line': 'Health and beauty', 'unit_price': 15.37, 'quantity': 2, 'tax_5_percent': 1.537, 'total': 32.277, 'date': '3/16/2019', 'time': '19:47', 'payment': 'Cash', 'cogs': 30.74, 'gross_margin_percentage': 4.761904762, 'gross_income': 1.537, 'rating': 7.2}
[2024-12-02T19:37:22.950+0000] {csv_to_kafka_with_redis.py:84} INFO - Row data before serialization: {'id': '7ba1b3e4-cf8a-4a8b-912f-726762365386', 'invoice_id': '132-32-9879', 'branch': 'B', 'city': 'Mandalay', 'customer_type': 'Member', 'gender': 'Female', 'product_line': 'Electronic accessories', 'unit_price': 93.96, 'quantity': 4, 'tax_5_percent': 18.792, 'total': 394.632, 'date': '3/9/2019', 'time': '18:00', 'payment': 'Cash', 'cogs': 375.84, 'gross_margin_percentage': 4.761904762, 'gross_income': 18.792, 'rating': 9.5}
[2024-12-02T19:37:22.952+0000] {csv_to_kafka_with_redis.py:84} INFO - Row data before serialization: {'id': 'b1ed2f5d-eb4e-4118-9a18-41003a01a7da', 'invoice_id': '370-41-7321', 'branch': 'B', 'city': 'Mandalay', 'customer_type': 'Member', 'gender': 'Male', 'product_line': 'Health and beauty', 'unit_price': 56.69, 'quantity': 9, 'tax_5_percent': 25.5105, 'total': 535.7205, 'date': '2/27/2019', 'time': '17:24', 'payment': 'Credit card', 'cogs': 510.21, 'gross_margin_percentage': 4.761904762, 'gross_income': 25.5105, 'rating': 8.4}
[2024-12-02T19:37:22.953+0000] {csv_to_kafka_with_redis.py:84} INFO - Row data before serialization: {'id': 'd3a3642d-4016-4d63-a471-008c7612c06a', 'invoice_id': '727-46-3608', 'branch': 'B', 'city': 'Mandalay', 'customer_type': 'Member', 'gender': 'Female', 'product_line': 'Food and beverages', 'unit_price': 20.01, 'quantity': 9, 'tax_5_percent': 9.0045, 'total': 189.0945, 'date': '2/6/2019', 'time': '15:47', 'payment': 'Ewallet', 'cogs': 180.09, 'gross_margin_percentage': 4.761904762, 'gross_income': 9.0045, 'rating': 4.1}
[2024-12-02T19:37:22.954+0000] {csv_to_kafka_with_redis.py:84} INFO - Row data before serialization: {'id': 'd59a03ab-2d68-4fd6-bcc4-701c16077613', 'invoice_id': '669-54-1719', 'branch': 'B', 'city': 'Mandalay', 'customer_type': 'Member', 'gender': 'Male', 'product_line': 'Electronic accessories', 'unit_price': 18.93, 'quantity': 6, 'tax_5_percent': 5.679, 'total': 119.259, 'date': '2/10/2019', 'time': '12:45', 'payment': 'Credit card', 'cogs': 113.58, 'gross_margin_percentage': 4.761904762, 'gross_income': 5.679, 'rating': 8.1}
[2024-12-02T19:37:22.956+0000] {csv_to_kafka_with_redis.py:84} INFO - Row data before serialization: {'id': '529cf950-45d9-487f-a7af-cac7cdb151cf', 'invoice_id': '574-22-5561', 'branch': 'C', 'city': 'Naypyitaw', 'customer_type': 'Member', 'gender': 'Female', 'product_line': 'Fashion accessories', 'unit_price': 82.63, 'quantity': 10, 'tax_5_percent': 41.315, 'total': 867.615, 'date': '3/19/2019', 'time': '17:08', 'payment': 'Ewallet', 'cogs': 826.3, 'gross_margin_percentage': 4.761904762, 'gross_income': 41.315, 'rating': 7.9}
[2024-12-02T19:37:23.169+0000] {hive.py:475} INFO - USE `default`
[2024-12-02T19:37:23.500+0000] {hive.py:475} INFO - 
    CREATE TABLE IF NOT EXISTS sales (
        id STRING,
        invoice_id STRING,
        branch STRING,
        city STRING,
        customer_type STRING,
        gender STRING,
        product_line STRING,
        unit_price FLOAT,
        quantity INT,
        tax_5_percent FLOAT,
        total FLOAT,
        `date` STRING,
        time STRING,
        payment STRING,
        cogs FLOAT,
        gross_margin_percentage FLOAT,
        gross_income FLOAT,
        rating FLOAT
    ) STORED AS ORC
    
[2024-12-02T19:37:23.546+0000] {kafka_to_hive_with_redis.py:70} INFO - Subscribed to topic 'topic-batch'
[2024-12-02T19:37:23.568+0000] {logging_mixin.py:190} WARNING - Exception in thread Thread-2 (consume_kafka_to_hive_with_redis):
[2024-12-02T19:37:23.569+0000] {logging_mixin.py:190} WARNING - Traceback (most recent call last):
[2024-12-02T19:37:23.571+0000] {logging_mixin.py:190} WARNING -   File "/usr/local/lib/python3.12/threading.py", line 1075, in _bootstrap_inner
[2024-12-02T19:37:23.573+0000] {logging_mixin.py:190} WARNING -     self.run()
[2024-12-02T19:37:23.574+0000] {logging_mixin.py:190} WARNING -   File "/usr/local/lib/python3.12/threading.py", line 1012, in run
[2024-12-02T19:37:23.575+0000] {logging_mixin.py:190} WARNING -     self._target(*self._args, **self._kwargs)
[2024-12-02T19:37:23.576+0000] {logging_mixin.py:190} WARNING -   File "/opt/airflow/dags/kafka_to_hive_with_redis.py", line 86, in consume_kafka_to_hive_with_redis
[2024-12-02T19:37:23.583+0000] {logging_mixin.py:190} WARNING -     if msg.error().code() == KafkaException._PARTITION_EOF:
[2024-12-02T19:37:23.585+0000] {logging_mixin.py:190} WARNING -                              ^^^^^^^^^^^^^^^^^^^^^^^^^^^^^
[2024-12-02T19:37:23.586+0000] {logging_mixin.py:190} WARNING - AttributeError: type object 'KafkaException' has no attribute '_PARTITION_EOF'
[2024-12-02T19:37:24.792+0000] {csv_to_kafka_with_redis.py:94} INFO - Batch 1 envoyé à Kafka.
[2024-12-02T19:37:24.795+0000] {csv_to_kafka_with_redis.py:98} INFO - Redis batch status: READY
[2024-12-02T19:37:24.796+0000] {csv_to_kafka_with_redis.py:102} INFO - En attente du consommateur...
[2024-12-02T19:37:25.797+0000] {csv_to_kafka_with_redis.py:102} INFO - En attente du consommateur...
[2024-12-02T19:37:26.800+0000] {csv_to_kafka_with_redis.py:102} INFO - En attente du consommateur...
[2024-12-02T19:37:27.801+0000] {csv_to_kafka_with_redis.py:102} INFO - En attente du consommateur...
[2024-12-02T19:37:28.803+0000] {csv_to_kafka_with_redis.py:102} INFO - En attente du consommateur...
[2024-12-02T19:37:29.804+0000] {csv_to_kafka_with_redis.py:102} INFO - En attente du consommateur...
[2024-12-02T19:37:30.806+0000] {csv_to_kafka_with_redis.py:102} INFO - En attente du consommateur...
[2024-12-02T19:37:31.807+0000] {csv_to_kafka_with_redis.py:102} INFO - En attente du consommateur...
[2024-12-02T19:37:32.810+0000] {csv_to_kafka_with_redis.py:102} INFO - En attente du consommateur...
[2024-12-02T19:37:33.811+0000] {csv_to_kafka_with_redis.py:102} INFO - En attente du consommateur...
[2024-12-02T19:37:34.813+0000] {csv_to_kafka_with_redis.py:102} INFO - En attente du consommateur...
[2024-12-02T19:37:35.815+0000] {csv_to_kafka_with_redis.py:102} INFO - En attente du consommateur...
[2024-12-02T19:37:36.815+0000] {csv_to_kafka_with_redis.py:102} INFO - En attente du consommateur...
[2024-12-02T19:37:37.817+0000] {csv_to_kafka_with_redis.py:102} INFO - En attente du consommateur...
[2024-12-02T19:37:38.818+0000] {csv_to_kafka_with_redis.py:102} INFO - En attente du consommateur...
[2024-12-02T19:37:39.820+0000] {csv_to_kafka_with_redis.py:102} INFO - En attente du consommateur...
[2024-12-02T19:37:40.821+0000] {csv_to_kafka_with_redis.py:102} INFO - En attente du consommateur...
[2024-12-02T19:37:41.823+0000] {csv_to_kafka_with_redis.py:102} INFO - En attente du consommateur...
[2024-12-02T19:37:42.824+0000] {csv_to_kafka_with_redis.py:102} INFO - En attente du consommateur...
[2024-12-02T19:37:43.826+0000] {csv_to_kafka_with_redis.py:102} INFO - En attente du consommateur...
[2024-12-02T19:37:44.827+0000] {csv_to_kafka_with_redis.py:102} INFO - En attente du consommateur...
[2024-12-02T19:37:45.829+0000] {csv_to_kafka_with_redis.py:102} INFO - En attente du consommateur...
[2024-12-02T19:37:46.831+0000] {csv_to_kafka_with_redis.py:102} INFO - En attente du consommateur...
[2024-12-02T19:37:47.833+0000] {csv_to_kafka_with_redis.py:102} INFO - En attente du consommateur...
[2024-12-02T19:37:48.834+0000] {csv_to_kafka_with_redis.py:102} INFO - En attente du consommateur...
[2024-12-02T19:37:49.836+0000] {csv_to_kafka_with_redis.py:102} INFO - En attente du consommateur...
[2024-12-02T19:37:50.838+0000] {csv_to_kafka_with_redis.py:102} INFO - En attente du consommateur...
[2024-12-02T19:37:51.839+0000] {csv_to_kafka_with_redis.py:102} INFO - En attente du consommateur...
[2024-12-02T19:37:52.841+0000] {csv_to_kafka_with_redis.py:102} INFO - En attente du consommateur...
[2024-12-02T19:37:53.843+0000] {csv_to_kafka_with_redis.py:102} INFO - En attente du consommateur...
[2024-12-02T19:37:54.844+0000] {csv_to_kafka_with_redis.py:102} INFO - En attente du consommateur...
[2024-12-02T19:37:55.846+0000] {csv_to_kafka_with_redis.py:102} INFO - En attente du consommateur...
[2024-12-02T19:37:56.847+0000] {csv_to_kafka_with_redis.py:102} INFO - En attente du consommateur...
[2024-12-02T19:37:57.849+0000] {csv_to_kafka_with_redis.py:102} INFO - En attente du consommateur...
[2024-12-02T19:37:58.850+0000] {csv_to_kafka_with_redis.py:102} INFO - En attente du consommateur...
[2024-12-02T19:37:59.852+0000] {csv_to_kafka_with_redis.py:102} INFO - En attente du consommateur...
[2024-12-02T19:38:00.854+0000] {csv_to_kafka_with_redis.py:102} INFO - En attente du consommateur...
[2024-12-02T19:38:01.856+0000] {csv_to_kafka_with_redis.py:102} INFO - En attente du consommateur...
[2024-12-02T19:38:02.857+0000] {csv_to_kafka_with_redis.py:102} INFO - En attente du consommateur...
[2024-12-02T19:38:03.859+0000] {csv_to_kafka_with_redis.py:102} INFO - En attente du consommateur...
[2024-12-02T19:38:04.861+0000] {csv_to_kafka_with_redis.py:102} INFO - En attente du consommateur...
[2024-12-02T19:38:05.863+0000] {csv_to_kafka_with_redis.py:102} INFO - En attente du consommateur...
[2024-12-02T19:38:06.863+0000] {csv_to_kafka_with_redis.py:102} INFO - En attente du consommateur...
[2024-12-02T19:38:07.865+0000] {csv_to_kafka_with_redis.py:102} INFO - En attente du consommateur...
[2024-12-02T19:38:08.867+0000] {csv_to_kafka_with_redis.py:102} INFO - En attente du consommateur...
[2024-12-02T19:38:09.869+0000] {csv_to_kafka_with_redis.py:102} INFO - En attente du consommateur...
[2024-12-02T19:38:10.870+0000] {csv_to_kafka_with_redis.py:102} INFO - En attente du consommateur...
[2024-12-02T19:38:11.872+0000] {csv_to_kafka_with_redis.py:102} INFO - En attente du consommateur...
[2024-12-02T19:38:12.874+0000] {csv_to_kafka_with_redis.py:102} INFO - En attente du consommateur...
[2024-12-02T19:38:13.876+0000] {csv_to_kafka_with_redis.py:102} INFO - En attente du consommateur...
[2024-12-02T19:38:14.878+0000] {csv_to_kafka_with_redis.py:102} INFO - En attente du consommateur...
[2024-12-02T19:38:15.880+0000] {csv_to_kafka_with_redis.py:102} INFO - En attente du consommateur...
[2024-12-02T19:38:16.881+0000] {csv_to_kafka_with_redis.py:102} INFO - En attente du consommateur...
[2024-12-02T19:38:17.882+0000] {csv_to_kafka_with_redis.py:102} INFO - En attente du consommateur...
[2024-12-02T19:38:18.884+0000] {csv_to_kafka_with_redis.py:102} INFO - En attente du consommateur...
[2024-12-02T19:38:19.886+0000] {csv_to_kafka_with_redis.py:102} INFO - En attente du consommateur...
[2024-12-02T19:38:20.890+0000] {csv_to_kafka_with_redis.py:102} INFO - En attente du consommateur...
[2024-12-02T19:38:21.892+0000] {csv_to_kafka_with_redis.py:102} INFO - En attente du consommateur...
[2024-12-02T19:38:22.893+0000] {csv_to_kafka_with_redis.py:102} INFO - En attente du consommateur...
[2024-12-02T19:38:23.895+0000] {csv_to_kafka_with_redis.py:102} INFO - En attente du consommateur...
[2024-12-02T19:38:24.897+0000] {csv_to_kafka_with_redis.py:102} INFO - En attente du consommateur...
[2024-12-02T19:38:25.898+0000] {csv_to_kafka_with_redis.py:102} INFO - En attente du consommateur...
[2024-12-02T19:38:26.900+0000] {csv_to_kafka_with_redis.py:102} INFO - En attente du consommateur...
[2024-12-02T19:38:27.902+0000] {csv_to_kafka_with_redis.py:102} INFO - En attente du consommateur...
[2024-12-02T19:38:28.904+0000] {csv_to_kafka_with_redis.py:102} INFO - En attente du consommateur...
[2024-12-02T19:38:29.906+0000] {csv_to_kafka_with_redis.py:102} INFO - En attente du consommateur...
[2024-12-02T19:38:30.907+0000] {csv_to_kafka_with_redis.py:102} INFO - En attente du consommateur...
[2024-12-02T19:38:31.909+0000] {csv_to_kafka_with_redis.py:102} INFO - En attente du consommateur...
[2024-12-02T19:38:32.911+0000] {csv_to_kafka_with_redis.py:102} INFO - En attente du consommateur...
[2024-12-02T19:38:33.913+0000] {csv_to_kafka_with_redis.py:102} INFO - En attente du consommateur...
[2024-12-02T19:38:34.915+0000] {csv_to_kafka_with_redis.py:102} INFO - En attente du consommateur...
[2024-12-02T19:38:35.916+0000] {csv_to_kafka_with_redis.py:102} INFO - En attente du consommateur...
[2024-12-02T19:38:36.917+0000] {csv_to_kafka_with_redis.py:102} INFO - En attente du consommateur...
[2024-12-02T19:38:37.919+0000] {csv_to_kafka_with_redis.py:102} INFO - En attente du consommateur...
[2024-12-02T19:38:38.921+0000] {csv_to_kafka_with_redis.py:102} INFO - En attente du consommateur...
[2024-12-02T19:38:39.923+0000] {csv_to_kafka_with_redis.py:102} INFO - En attente du consommateur...
[2024-12-02T19:38:40.925+0000] {csv_to_kafka_with_redis.py:102} INFO - En attente du consommateur...
[2024-12-02T19:38:41.926+0000] {csv_to_kafka_with_redis.py:102} INFO - En attente du consommateur...
[2024-12-02T19:38:42.928+0000] {csv_to_kafka_with_redis.py:102} INFO - En attente du consommateur...
[2024-12-02T19:38:43.906+0000] {local_task_job_runner.py:346} WARNING - State of this instance has been externally set to failed. Terminating instance.
[2024-12-02T19:38:43.908+0000] {local_task_job_runner.py:245} INFO - ::endgroup::
[2024-12-02T19:38:43.909+0000] {process_utils.py:132} INFO - Sending 15 to group 2454. PIDs of all processes in the group: [2454]
[2024-12-02T19:38:43.910+0000] {process_utils.py:87} INFO - Sending the signal 15 to group 2454
[2024-12-02T19:38:43.911+0000] {taskinstance.py:3093} ERROR - Received SIGTERM. Terminating subprocesses.
[2024-12-02T19:38:43.929+0000] {csv_to_kafka_with_redis.py:102} INFO - En attente du consommateur...
[2024-12-02T19:38:43.958+0000] {taskinstance.py:340} INFO - ::group::Post task execution logs
[2024-12-02T19:38:44.003+0000] {process_utils.py:80} INFO - Process psutil.Process(pid=2454, status='terminated', exitcode=0, started='19:37:21') (2454) terminated with exit code 0
