[2024-12-01T20:26:18.735+0000] {local_task_job_runner.py:123} INFO - ::group::Pre task execution logs
[2024-12-01T20:26:18.788+0000] {taskinstance.py:2613} INFO - Dependencies all met for dep_context=non-requeueable deps ti=<TaskInstance: consume_kafka_to_hive.consume_kafka_messages manual__2024-12-01T19:00:08.205422+00:00 [queued]>
[2024-12-01T20:26:18.814+0000] {taskinstance.py:2613} INFO - Dependencies all met for dep_context=requeueable deps ti=<TaskInstance: consume_kafka_to_hive.consume_kafka_messages manual__2024-12-01T19:00:08.205422+00:00 [queued]>
[2024-12-01T20:26:18.816+0000] {taskinstance.py:2866} INFO - Starting attempt 3 of 2
[2024-12-01T20:26:18.889+0000] {taskinstance.py:2889} INFO - Executing <Task(PythonOperator): consume_kafka_messages> on 2024-12-01 19:00:08.205422+00:00
[2024-12-01T20:26:18.902+0000] {standard_task_runner.py:72} INFO - Started process 95 to run task
[2024-12-01T20:26:18.931+0000] {standard_task_runner.py:104} INFO - Running: ['airflow', 'tasks', 'run', 'consume_kafka_to_hive', 'consume_kafka_messages', 'manual__2024-12-01T19:00:08.205422+00:00', '--job-id', '65', '--raw', '--subdir', 'DAGS_FOLDER/consume_kafka_to_hive.py', '--cfg-path', '/tmp/tmpi35fn5xc']
[2024-12-01T20:26:18.942+0000] {standard_task_runner.py:105} INFO - Job 65: Subtask consume_kafka_messages
[2024-12-01T20:26:19.238+0000] {task_command.py:467} INFO - Running <TaskInstance: consume_kafka_to_hive.consume_kafka_messages manual__2024-12-01T19:00:08.205422+00:00 [running]> on host 45770b1a429e
[2024-12-01T20:26:19.550+0000] {taskinstance.py:3132} INFO - Exporting env vars: AIRFLOW_CTX_DAG_OWNER='airflow' AIRFLOW_CTX_DAG_ID='consume_kafka_to_hive' AIRFLOW_CTX_TASK_ID='consume_kafka_messages' AIRFLOW_CTX_EXECUTION_DATE='2024-12-01T19:00:08.205422+00:00' AIRFLOW_CTX_TRY_NUMBER='3' AIRFLOW_CTX_DAG_RUN_ID='manual__2024-12-01T19:00:08.205422+00:00'
[2024-12-01T20:26:19.553+0000] {taskinstance.py:731} INFO - ::endgroup::
[2024-12-01T20:26:19.950+0000] {hive.py:475} INFO - USE `default`
[2024-12-01T20:26:20.281+0000] {hive.py:475} INFO - 
    CREATE TABLE IF NOT EXISTS sales (
        id STRING,
        invoice_id STRING,
        branch STRING,
        city STRING,
        customer_type STRING,
        gender STRING,
        product_line STRING,
        unit_price FLOAT,
        quantity INT,
        tax_5_percent FLOAT,
        total FLOAT,
        `date` STRING,
        time STRING,
        payment STRING,
        cogs FLOAT,
        gross_margin_percentage FLOAT,
        gross_income FLOAT,
        rating FLOAT
    ) STORED AS ORC
    
[2024-12-01T20:35:25.215+0000] {local_task_job_runner.py:127} ERROR - Received SIGTERM. Terminating subprocesses
[2024-12-01T20:35:25.222+0000] {process_utils.py:132} INFO - Sending 15 to group 95. PIDs of all processes in the group: [95]
[2024-12-01T20:35:25.225+0000] {process_utils.py:87} INFO - Sending the signal 15 to group 95
[2024-12-01T20:35:25.271+0000] {local_task_job_runner.py:127} ERROR - Received SIGTERM. Terminating subprocesses
