[2024-12-03T01:06:09.594+0000] {local_task_job_runner.py:123} INFO - ::group::Pre task execution logs
[2024-12-03T01:06:09.696+0000] {taskinstance.py:2613} INFO - Dependencies all met for dep_context=non-requeueable deps ti=<TaskInstance: kafka_hive_pipeline_threaded.sync_producer_and_consumer manual__2024-12-03T01:05:54.146030+00:00 [queued]>
[2024-12-03T01:06:09.776+0000] {taskinstance.py:2613} INFO - Dependencies all met for dep_context=requeueable deps ti=<TaskInstance: kafka_hive_pipeline_threaded.sync_producer_and_consumer manual__2024-12-03T01:05:54.146030+00:00 [queued]>
[2024-12-03T01:06:09.779+0000] {taskinstance.py:2866} INFO - Starting attempt 1 of 1
[2024-12-03T01:06:09.983+0000] {taskinstance.py:2889} INFO - Executing <Task(PythonOperator): sync_producer_and_consumer> on 2024-12-03 01:05:54.146030+00:00
[2024-12-03T01:06:10.043+0000] {standard_task_runner.py:104} INFO - Running: ['airflow', 'tasks', 'run', 'kafka_hive_pipeline_threaded', 'sync_producer_and_consumer', 'manual__2024-12-03T01:05:54.146030+00:00', '--job-id', '180', '--raw', '--subdir', 'DAGS_FOLDER/gestion_airflow.py', '--cfg-path', '/tmp/tmpy7case1e']
[2024-12-03T01:06:10.057+0000] {logging_mixin.py:190} WARNING - /home/airflow/.local/lib/python3.12/site-packages/airflow/task/task_runner/standard_task_runner.py:70 DeprecationWarning: This process (pid=477) is multi-threaded, use of fork() may lead to deadlocks in the child.
[2024-12-03T01:06:10.058+0000] {standard_task_runner.py:105} INFO - Job 180: Subtask sync_producer_and_consumer
[2024-12-03T01:06:10.059+0000] {standard_task_runner.py:72} INFO - Started process 491 to run task
[2024-12-03T01:06:10.723+0000] {task_command.py:467} INFO - Running <TaskInstance: kafka_hive_pipeline_threaded.sync_producer_and_consumer manual__2024-12-03T01:05:54.146030+00:00 [running]> on host 45770b1a429e
[2024-12-03T01:06:11.397+0000] {taskinstance.py:3132} INFO - Exporting env vars: AIRFLOW_CTX_DAG_OWNER='airflow' AIRFLOW_CTX_DAG_ID='kafka_hive_pipeline_threaded' AIRFLOW_CTX_TASK_ID='sync_producer_and_consumer' AIRFLOW_CTX_EXECUTION_DATE='2024-12-03T01:05:54.146030+00:00' AIRFLOW_CTX_TRY_NUMBER='1' AIRFLOW_CTX_DAG_RUN_ID='manual__2024-12-03T01:05:54.146030+00:00'
[2024-12-03T01:06:11.406+0000] {taskinstance.py:731} INFO - ::endgroup::
[2024-12-03T01:06:11.861+0000] {csv_to_kafka_with_redis.py:50} INFO - Loaded CSV Data:
    Invoice ID Branch       City  ... gross margin percentage gross income Rating
0  750-67-8428      A     Yangon  ...                4.761905      26.1415    9.1
1  226-31-3081      C  Naypyitaw  ...                4.761905       3.8200    9.6
2  631-41-3108      A     Yangon  ...                4.761905      16.2155    7.4
3  123-19-1176      A     Yangon  ...                4.761905      23.2880    8.4
4  373-73-7910      A     Yangon  ...                4.761905      30.2085    5.3

[5 rows x 17 columns]
[2024-12-03T01:06:11.874+0000] {csv_to_kafka_with_redis.py:84} INFO - Row data before serialization: {'id': '09711e89-d828-4c3b-9967-86dcd50b43fe', 'invoice_id': '750-67-8428', 'branch': 'A', 'city': 'Yangon', 'customer_type': 'Member', 'gender': 'Female', 'product_line': 'Health and beauty', 'unit_price': 74.69, 'quantity': 7, 'tax_5_percent': 26.1415, 'total': 548.9715, 'date': '1/5/2019', 'time': '13:08', 'payment': 'Ewallet', 'cogs': 522.83, 'gross_margin_percentage': 4.761904762, 'gross_income': 26.1415, 'rating': 9.1}
[2024-12-03T01:06:11.973+0000] {csv_to_kafka_with_redis.py:84} INFO - Row data before serialization: {'id': '5dd34fa2-f90e-4e6f-869f-5828ae1ba324', 'invoice_id': '226-31-3081', 'branch': 'C', 'city': 'Naypyitaw', 'customer_type': 'Normal', 'gender': 'Female', 'product_line': 'Electronic accessories', 'unit_price': 15.28, 'quantity': 5, 'tax_5_percent': 3.82, 'total': 80.22, 'date': '3/8/2019', 'time': '10:29', 'payment': 'Cash', 'cogs': 76.4, 'gross_margin_percentage': 4.761904762, 'gross_income': 3.82, 'rating': 9.6}
[2024-12-03T01:06:11.976+0000] {csv_to_kafka_with_redis.py:84} INFO - Row data before serialization: {'id': 'b9cc1786-7d15-46de-a0b0-3f720106c026', 'invoice_id': '631-41-3108', 'branch': 'A', 'city': 'Yangon', 'customer_type': 'Normal', 'gender': 'Male', 'product_line': 'Home and lifestyle', 'unit_price': 46.33, 'quantity': 7, 'tax_5_percent': 16.2155, 'total': 340.5255, 'date': '3/3/2019', 'time': '13:23', 'payment': 'Credit card', 'cogs': 324.31, 'gross_margin_percentage': 4.761904762, 'gross_income': 16.2155, 'rating': 7.4}
[2024-12-03T01:06:11.978+0000] {csv_to_kafka_with_redis.py:84} INFO - Row data before serialization: {'id': 'c064c165-f4b0-4c68-8679-fc1cd93f4b4d', 'invoice_id': '123-19-1176', 'branch': 'A', 'city': 'Yangon', 'customer_type': 'Member', 'gender': 'Male', 'product_line': 'Health and beauty', 'unit_price': 58.22, 'quantity': 8, 'tax_5_percent': 23.288, 'total': 489.048, 'date': '1/27/2019', 'time': '20:33', 'payment': 'Ewallet', 'cogs': 465.76, 'gross_margin_percentage': 4.761904762, 'gross_income': 23.288, 'rating': 8.4}
[2024-12-03T01:06:11.982+0000] {csv_to_kafka_with_redis.py:84} INFO - Row data before serialization: {'id': 'b035016a-b97e-431a-954d-c678bb17ab4c', 'invoice_id': '373-73-7910', 'branch': 'A', 'city': 'Yangon', 'customer_type': 'Normal', 'gender': 'Male', 'product_line': 'Sports and travel', 'unit_price': 86.31, 'quantity': 7, 'tax_5_percent': 30.2085, 'total': 634.3785, 'date': '2/8/2019', 'time': '10:37', 'payment': 'Ewallet', 'cogs': 604.17, 'gross_margin_percentage': 4.761904762, 'gross_income': 30.2085, 'rating': 5.3}
[2024-12-03T01:06:11.987+0000] {csv_to_kafka_with_redis.py:84} INFO - Row data before serialization: {'id': '6b166013-fadd-4a81-9d70-0829f49ff951', 'invoice_id': '699-14-3026', 'branch': 'C', 'city': 'Naypyitaw', 'customer_type': 'Normal', 'gender': 'Male', 'product_line': 'Electronic accessories', 'unit_price': 85.39, 'quantity': 7, 'tax_5_percent': 29.8865, 'total': 627.6165, 'date': '3/25/2019', 'time': '18:30', 'payment': 'Ewallet', 'cogs': 597.73, 'gross_margin_percentage': 4.761904762, 'gross_income': 29.8865, 'rating': 4.1}
[2024-12-03T01:06:11.990+0000] {csv_to_kafka_with_redis.py:84} INFO - Row data before serialization: {'id': '48823dee-7efc-4690-9469-765013f7d57c', 'invoice_id': '355-53-5943', 'branch': 'A', 'city': 'Yangon', 'customer_type': 'Member', 'gender': 'Female', 'product_line': 'Electronic accessories', 'unit_price': 68.84, 'quantity': 6, 'tax_5_percent': 20.652, 'total': 433.692, 'date': '2/25/2019', 'time': '14:36', 'payment': 'Ewallet', 'cogs': 413.04, 'gross_margin_percentage': 4.761904762, 'gross_income': 20.652, 'rating': 5.8}
[2024-12-03T01:06:11.995+0000] {csv_to_kafka_with_redis.py:84} INFO - Row data before serialization: {'id': '9cf46756-208e-4ca3-b8b1-3cebec667cbd', 'invoice_id': '315-22-5665', 'branch': 'C', 'city': 'Naypyitaw', 'customer_type': 'Normal', 'gender': 'Female', 'product_line': 'Home and lifestyle', 'unit_price': 73.56, 'quantity': 10, 'tax_5_percent': 36.78, 'total': 772.38, 'date': '2/24/2019', 'time': '11:38', 'payment': 'Ewallet', 'cogs': 735.6, 'gross_margin_percentage': 4.761904762, 'gross_income': 36.78, 'rating': 8.0}
[2024-12-03T01:06:12.001+0000] {csv_to_kafka_with_redis.py:84} INFO - Row data before serialization: {'id': 'ce30afce-7c32-415c-9684-fa9b6a868181', 'invoice_id': '665-32-9167', 'branch': 'A', 'city': 'Yangon', 'customer_type': 'Member', 'gender': 'Female', 'product_line': 'Health and beauty', 'unit_price': 36.26, 'quantity': 2, 'tax_5_percent': 3.626, 'total': 76.146, 'date': '1/10/2019', 'time': '17:15', 'payment': 'Credit card', 'cogs': 72.52, 'gross_margin_percentage': 4.761904762, 'gross_income': 3.626, 'rating': 7.2}
[2024-12-03T01:06:12.008+0000] {csv_to_kafka_with_redis.py:84} INFO - Row data before serialization: {'id': 'f97b8ee3-bcc0-4d0c-a498-1732db6d2f10', 'invoice_id': '692-92-5582', 'branch': 'B', 'city': 'Mandalay', 'customer_type': 'Member', 'gender': 'Female', 'product_line': 'Food and beverages', 'unit_price': 54.84, 'quantity': 3, 'tax_5_percent': 8.226, 'total': 172.746, 'date': '2/20/2019', 'time': '13:27', 'payment': 'Credit card', 'cogs': 164.52, 'gross_margin_percentage': 4.761904762, 'gross_income': 8.226, 'rating': 5.9}
[2024-12-03T01:06:12.012+0000] {csv_to_kafka_with_redis.py:84} INFO - Row data before serialization: {'id': 'af9881e4-15e2-4b7c-98d4-1666e46bdef0', 'invoice_id': '351-62-0822', 'branch': 'B', 'city': 'Mandalay', 'customer_type': 'Member', 'gender': 'Female', 'product_line': 'Fashion accessories', 'unit_price': 14.48, 'quantity': 4, 'tax_5_percent': 2.896, 'total': 60.816, 'date': '2/6/2019', 'time': '18:07', 'payment': 'Ewallet', 'cogs': 57.92, 'gross_margin_percentage': 4.761904762, 'gross_income': 2.896, 'rating': 4.5}
[2024-12-03T01:06:12.017+0000] {csv_to_kafka_with_redis.py:84} INFO - Row data before serialization: {'id': '3c41904f-ab68-4577-9510-8801256a8238', 'invoice_id': '529-56-3974', 'branch': 'B', 'city': 'Mandalay', 'customer_type': 'Member', 'gender': 'Male', 'product_line': 'Electronic accessories', 'unit_price': 25.51, 'quantity': 4, 'tax_5_percent': 5.102, 'total': 107.142, 'date': '3/9/2019', 'time': '17:03', 'payment': 'Cash', 'cogs': 102.04, 'gross_margin_percentage': 4.761904762, 'gross_income': 5.102, 'rating': 6.8}
[2024-12-03T01:06:12.023+0000] {csv_to_kafka_with_redis.py:84} INFO - Row data before serialization: {'id': '2b8d3574-5326-43ea-bacf-0cb7d71deb58', 'invoice_id': '365-64-0515', 'branch': 'A', 'city': 'Yangon', 'customer_type': 'Normal', 'gender': 'Female', 'product_line': 'Electronic accessories', 'unit_price': 46.95, 'quantity': 5, 'tax_5_percent': 11.7375, 'total': 246.4875, 'date': '2/12/2019', 'time': '10:25', 'payment': 'Ewallet', 'cogs': 234.75, 'gross_margin_percentage': 4.761904762, 'gross_income': 11.7375, 'rating': 7.1}
[2024-12-03T01:06:12.026+0000] {csv_to_kafka_with_redis.py:84} INFO - Row data before serialization: {'id': '68408578-1535-4e38-8888-0b5aeddbdcfe', 'invoice_id': '252-56-2699', 'branch': 'A', 'city': 'Yangon', 'customer_type': 'Normal', 'gender': 'Male', 'product_line': 'Food and beverages', 'unit_price': 43.19, 'quantity': 10, 'tax_5_percent': 21.595, 'total': 453.495, 'date': '2/7/2019', 'time': '16:48', 'payment': 'Ewallet', 'cogs': 431.9, 'gross_margin_percentage': 4.761904762, 'gross_income': 21.595, 'rating': 8.2}
[2024-12-03T01:06:12.029+0000] {csv_to_kafka_with_redis.py:84} INFO - Row data before serialization: {'id': 'b4e91e2f-9bf0-4753-a00b-fa5344e2db9b', 'invoice_id': '829-34-3910', 'branch': 'A', 'city': 'Yangon', 'customer_type': 'Normal', 'gender': 'Female', 'product_line': 'Health and beauty', 'unit_price': 71.38, 'quantity': 10, 'tax_5_percent': 35.69, 'total': 749.49, 'date': '3/29/2019', 'time': '19:21', 'payment': 'Cash', 'cogs': 713.8, 'gross_margin_percentage': 4.761904762, 'gross_income': 35.69, 'rating': 5.7}
[2024-12-03T01:06:12.032+0000] {csv_to_kafka_with_redis.py:84} INFO - Row data before serialization: {'id': 'ecbde59a-5dd1-47f6-a818-9f6b503636b0', 'invoice_id': '299-46-1805', 'branch': 'B', 'city': 'Mandalay', 'customer_type': 'Member', 'gender': 'Female', 'product_line': 'Sports and travel', 'unit_price': 93.72, 'quantity': 6, 'tax_5_percent': 28.116, 'total': 590.436, 'date': '1/15/2019', 'time': '16:19', 'payment': 'Cash', 'cogs': 562.32, 'gross_margin_percentage': 4.761904762, 'gross_income': 28.116, 'rating': 4.5}
[2024-12-03T01:06:12.035+0000] {csv_to_kafka_with_redis.py:84} INFO - Row data before serialization: {'id': '7ae17128-f911-4d03-8fb7-af5cf8f2b6e0', 'invoice_id': '656-95-9349', 'branch': 'A', 'city': 'Yangon', 'customer_type': 'Member', 'gender': 'Female', 'product_line': 'Health and beauty', 'unit_price': 68.93, 'quantity': 7, 'tax_5_percent': 24.1255, 'total': 506.6355, 'date': '3/11/2019', 'time': '11:03', 'payment': 'Credit card', 'cogs': 482.51, 'gross_margin_percentage': 4.761904762, 'gross_income': 24.1255, 'rating': 4.6}
[2024-12-03T01:06:12.037+0000] {csv_to_kafka_with_redis.py:84} INFO - Row data before serialization: {'id': '52098221-21c6-472b-a837-4c72fe054f7a', 'invoice_id': '765-26-6951', 'branch': 'A', 'city': 'Yangon', 'customer_type': 'Normal', 'gender': 'Male', 'product_line': 'Sports and travel', 'unit_price': 72.61, 'quantity': 6, 'tax_5_percent': 21.783, 'total': 457.443, 'date': '1/1/2019', 'time': '10:39', 'payment': 'Credit card', 'cogs': 435.66, 'gross_margin_percentage': 4.761904762, 'gross_income': 21.783, 'rating': 6.9}
[2024-12-03T01:06:12.040+0000] {csv_to_kafka_with_redis.py:84} INFO - Row data before serialization: {'id': '6ee7c6af-3a0c-4857-b84b-9a0e92c96216', 'invoice_id': '329-62-1586', 'branch': 'A', 'city': 'Yangon', 'customer_type': 'Normal', 'gender': 'Male', 'product_line': 'Food and beverages', 'unit_price': 54.67, 'quantity': 3, 'tax_5_percent': 8.2005, 'total': 172.2105, 'date': '1/21/2019', 'time': '18:00', 'payment': 'Credit card', 'cogs': 164.01, 'gross_margin_percentage': 4.761904762, 'gross_income': 8.2005, 'rating': 8.6}
[2024-12-03T01:06:12.043+0000] {csv_to_kafka_with_redis.py:84} INFO - Row data before serialization: {'id': '7cbec53a-cddb-4991-99f3-8dda064fb299', 'invoice_id': '319-50-3348', 'branch': 'B', 'city': 'Mandalay', 'customer_type': 'Normal', 'gender': 'Female', 'product_line': 'Home and lifestyle', 'unit_price': 40.3, 'quantity': 2, 'tax_5_percent': 4.03, 'total': 84.63, 'date': '3/11/2019', 'time': '15:30', 'payment': 'Ewallet', 'cogs': 80.6, 'gross_margin_percentage': 4.761904762, 'gross_income': 4.03, 'rating': 4.4}
[2024-12-03T01:06:12.048+0000] {csv_to_kafka_with_redis.py:84} INFO - Row data before serialization: {'id': '5ed8c17e-bd90-49a5-b2e8-48652510381f', 'invoice_id': '300-71-4605', 'branch': 'C', 'city': 'Naypyitaw', 'customer_type': 'Member', 'gender': 'Male', 'product_line': 'Electronic accessories', 'unit_price': 86.04, 'quantity': 5, 'tax_5_percent': 21.51, 'total': 451.71, 'date': '2/25/2019', 'time': '11:24', 'payment': 'Ewallet', 'cogs': 430.2, 'gross_margin_percentage': 4.761904762, 'gross_income': 21.51, 'rating': 4.8}
[2024-12-03T01:06:12.054+0000] {csv_to_kafka_with_redis.py:84} INFO - Row data before serialization: {'id': 'b0234945-8af0-489f-93a2-2dfa82d19295', 'invoice_id': '371-85-5789', 'branch': 'B', 'city': 'Mandalay', 'customer_type': 'Normal', 'gender': 'Male', 'product_line': 'Health and beauty', 'unit_price': 87.98, 'quantity': 3, 'tax_5_percent': 13.197, 'total': 277.137, 'date': '3/5/2019', 'time': '10:40', 'payment': 'Ewallet', 'cogs': 263.94, 'gross_margin_percentage': 4.761904762, 'gross_income': 13.197, 'rating': 5.1}
[2024-12-03T01:06:12.058+0000] {csv_to_kafka_with_redis.py:84} INFO - Row data before serialization: {'id': 'ae43b9ba-a0f7-4fda-a17a-ba1b178bc66f', 'invoice_id': '273-16-6619', 'branch': 'B', 'city': 'Mandalay', 'customer_type': 'Normal', 'gender': 'Male', 'product_line': 'Home and lifestyle', 'unit_price': 33.2, 'quantity': 2, 'tax_5_percent': 3.32, 'total': 69.72, 'date': '3/15/2019', 'time': '12:20', 'payment': 'Credit card', 'cogs': 66.4, 'gross_margin_percentage': 4.761904762, 'gross_income': 3.32, 'rating': 4.4}
[2024-12-03T01:06:12.062+0000] {csv_to_kafka_with_redis.py:84} INFO - Row data before serialization: {'id': '85673db5-ae63-4391-80f4-71e21092147e', 'invoice_id': '636-48-8204', 'branch': 'A', 'city': 'Yangon', 'customer_type': 'Normal', 'gender': 'Male', 'product_line': 'Electronic accessories', 'unit_price': 34.56, 'quantity': 5, 'tax_5_percent': 8.64, 'total': 181.44, 'date': '2/17/2019', 'time': '11:15', 'payment': 'Ewallet', 'cogs': 172.8, 'gross_margin_percentage': 4.761904762, 'gross_income': 8.64, 'rating': 9.9}
[2024-12-03T01:06:12.071+0000] {csv_to_kafka_with_redis.py:84} INFO - Row data before serialization: {'id': '386f97e0-1a4d-4c47-90d0-21f908611397', 'invoice_id': '549-59-1358', 'branch': 'A', 'city': 'Yangon', 'customer_type': 'Member', 'gender': 'Male', 'product_line': 'Sports and travel', 'unit_price': 88.63, 'quantity': 3, 'tax_5_percent': 13.2945, 'total': 279.1845, 'date': '3/2/2019', 'time': '17:36', 'payment': 'Ewallet', 'cogs': 265.89, 'gross_margin_percentage': 4.761904762, 'gross_income': 13.2945, 'rating': 6.0}
[2024-12-03T01:06:12.074+0000] {csv_to_kafka_with_redis.py:84} INFO - Row data before serialization: {'id': 'f7efac91-f5ba-4332-acee-d859c8eb2056', 'invoice_id': '227-03-5010', 'branch': 'A', 'city': 'Yangon', 'customer_type': 'Member', 'gender': 'Female', 'product_line': 'Home and lifestyle', 'unit_price': 52.59, 'quantity': 8, 'tax_5_percent': 21.036, 'total': 441.756, 'date': '3/22/2019', 'time': '19:20', 'payment': 'Credit card', 'cogs': 420.72, 'gross_margin_percentage': 4.761904762, 'gross_income': 21.036, 'rating': 8.5}
[2024-12-03T01:06:12.077+0000] {csv_to_kafka_with_redis.py:84} INFO - Row data before serialization: {'id': '35602363-ab92-4ef6-b3a8-5bcf35d6a008', 'invoice_id': '649-29-6775', 'branch': 'B', 'city': 'Mandalay', 'customer_type': 'Normal', 'gender': 'Male', 'product_line': 'Fashion accessories', 'unit_price': 33.52, 'quantity': 1, 'tax_5_percent': 1.676, 'total': 35.196, 'date': '2/8/2019', 'time': '15:31', 'payment': 'Cash', 'cogs': 33.52, 'gross_margin_percentage': 4.761904762, 'gross_income': 1.676, 'rating': 6.7}
[2024-12-03T01:06:12.086+0000] {csv_to_kafka_with_redis.py:84} INFO - Row data before serialization: {'id': '3db3a295-c99a-4a5d-ae6c-1bbae5bf1b38', 'invoice_id': '189-17-4241', 'branch': 'A', 'city': 'Yangon', 'customer_type': 'Normal', 'gender': 'Female', 'product_line': 'Fashion accessories', 'unit_price': 87.67, 'quantity': 2, 'tax_5_percent': 8.767, 'total': 184.107, 'date': '3/10/2019', 'time': '12:17', 'payment': 'Credit card', 'cogs': 175.34, 'gross_margin_percentage': 4.761904762, 'gross_income': 8.767, 'rating': 7.7}
[2024-12-03T01:06:12.089+0000] {csv_to_kafka_with_redis.py:84} INFO - Row data before serialization: {'id': '49a64e00-6553-44e8-887c-ee81d1417cbe', 'invoice_id': '145-94-9061', 'branch': 'B', 'city': 'Mandalay', 'customer_type': 'Normal', 'gender': 'Female', 'product_line': 'Food and beverages', 'unit_price': 88.36, 'quantity': 5, 'tax_5_percent': 22.09, 'total': 463.89, 'date': '1/25/2019', 'time': '19:48', 'payment': 'Cash', 'cogs': 441.8, 'gross_margin_percentage': 4.761904762, 'gross_income': 22.09, 'rating': 9.6}
[2024-12-03T01:06:12.093+0000] {csv_to_kafka_with_redis.py:84} INFO - Row data before serialization: {'id': '52a7a2dd-b2b2-4936-97cd-1b9bc1e239dd', 'invoice_id': '848-62-7243', 'branch': 'A', 'city': 'Yangon', 'customer_type': 'Normal', 'gender': 'Male', 'product_line': 'Health and beauty', 'unit_price': 24.89, 'quantity': 9, 'tax_5_percent': 11.2005, 'total': 235.2105, 'date': '3/15/2019', 'time': '15:36', 'payment': 'Cash', 'cogs': 224.01, 'gross_margin_percentage': 4.761904762, 'gross_income': 11.2005, 'rating': 7.4}
[2024-12-03T01:06:12.095+0000] {csv_to_kafka_with_redis.py:84} INFO - Row data before serialization: {'id': '8f5ee66b-b7b9-4454-b294-32f32ab68d7b', 'invoice_id': '871-79-8483', 'branch': 'B', 'city': 'Mandalay', 'customer_type': 'Normal', 'gender': 'Male', 'product_line': 'Fashion accessories', 'unit_price': 94.13, 'quantity': 5, 'tax_5_percent': 23.5325, 'total': 494.1825, 'date': '2/25/2019', 'time': '19:39', 'payment': 'Credit card', 'cogs': 470.65, 'gross_margin_percentage': 4.761904762, 'gross_income': 23.5325, 'rating': 4.8}
[2024-12-03T01:06:12.099+0000] {csv_to_kafka_with_redis.py:84} INFO - Row data before serialization: {'id': 'c33a2c68-9338-4d1b-967f-1d9dc0a61c2c', 'invoice_id': '149-71-6266', 'branch': 'B', 'city': 'Mandalay', 'customer_type': 'Member', 'gender': 'Male', 'product_line': 'Sports and travel', 'unit_price': 78.07, 'quantity': 9, 'tax_5_percent': 35.1315, 'total': 737.7615, 'date': '1/28/2019', 'time': '12:43', 'payment': 'Cash', 'cogs': 702.63, 'gross_margin_percentage': 4.761904762, 'gross_income': 35.1315, 'rating': 4.5}
[2024-12-03T01:06:12.105+0000] {csv_to_kafka_with_redis.py:84} INFO - Row data before serialization: {'id': '8adda4d6-fa09-4b51-81b4-3f1a660961b6', 'invoice_id': '640-49-2076', 'branch': 'B', 'city': 'Mandalay', 'customer_type': 'Normal', 'gender': 'Male', 'product_line': 'Sports and travel', 'unit_price': 83.78, 'quantity': 8, 'tax_5_percent': 33.512, 'total': 703.752, 'date': '1/10/2019', 'time': '14:49', 'payment': 'Cash', 'cogs': 670.24, 'gross_margin_percentage': 4.761904762, 'gross_income': 33.512, 'rating': 5.1}
[2024-12-03T01:06:12.108+0000] {csv_to_kafka_with_redis.py:84} INFO - Row data before serialization: {'id': 'b4f1c023-5705-42cf-b45e-9691b0086ebd', 'invoice_id': '595-11-5460', 'branch': 'A', 'city': 'Yangon', 'customer_type': 'Normal', 'gender': 'Male', 'product_line': 'Health and beauty', 'unit_price': 96.58, 'quantity': 2, 'tax_5_percent': 9.658, 'total': 202.818, 'date': '3/15/2019', 'time': '10:12', 'payment': 'Credit card', 'cogs': 193.16, 'gross_margin_percentage': 4.761904762, 'gross_income': 9.658, 'rating': 5.1}
[2024-12-03T01:06:12.111+0000] {csv_to_kafka_with_redis.py:84} INFO - Row data before serialization: {'id': '4b76daf3-e808-41a3-9005-c92ea2c9068d', 'invoice_id': '183-56-6882', 'branch': 'C', 'city': 'Naypyitaw', 'customer_type': 'Member', 'gender': 'Female', 'product_line': 'Food and beverages', 'unit_price': 99.42, 'quantity': 4, 'tax_5_percent': 19.884, 'total': 417.564, 'date': '2/6/2019', 'time': '10:42', 'payment': 'Ewallet', 'cogs': 397.68, 'gross_margin_percentage': 4.761904762, 'gross_income': 19.884, 'rating': 7.5}
[2024-12-03T01:06:12.115+0000] {csv_to_kafka_with_redis.py:84} INFO - Row data before serialization: {'id': '53862bcc-e837-4fba-b261-fd218baa2992', 'invoice_id': '232-16-2483', 'branch': 'C', 'city': 'Naypyitaw', 'customer_type': 'Member', 'gender': 'Female', 'product_line': 'Sports and travel', 'unit_price': 68.12, 'quantity': 1, 'tax_5_percent': 3.406, 'total': 71.526, 'date': '1/7/2019', 'time': '12:28', 'payment': 'Ewallet', 'cogs': 68.12, 'gross_margin_percentage': 4.761904762, 'gross_income': 3.406, 'rating': 6.8}
[2024-12-03T01:06:12.120+0000] {csv_to_kafka_with_redis.py:84} INFO - Row data before serialization: {'id': '76136dd1-5eca-4661-8919-2900d4be9cec', 'invoice_id': '129-29-8530', 'branch': 'A', 'city': 'Yangon', 'customer_type': 'Member', 'gender': 'Male', 'product_line': 'Sports and travel', 'unit_price': 62.62, 'quantity': 5, 'tax_5_percent': 15.655, 'total': 328.755, 'date': '3/10/2019', 'time': '19:15', 'payment': 'Ewallet', 'cogs': 313.1, 'gross_margin_percentage': 4.761904762, 'gross_income': 15.655, 'rating': 7.0}
[2024-12-03T01:06:12.123+0000] {csv_to_kafka_with_redis.py:84} INFO - Row data before serialization: {'id': 'd1fbb4bc-e2fa-4bba-bb1f-3ff5577f54f9', 'invoice_id': '272-65-1806', 'branch': 'A', 'city': 'Yangon', 'customer_type': 'Normal', 'gender': 'Female', 'product_line': 'Electronic accessories', 'unit_price': 60.88, 'quantity': 9, 'tax_5_percent': 27.396, 'total': 575.316, 'date': '1/15/2019', 'time': '17:17', 'payment': 'Ewallet', 'cogs': 547.92, 'gross_margin_percentage': 4.761904762, 'gross_income': 27.396, 'rating': 4.7}
[2024-12-03T01:06:12.126+0000] {csv_to_kafka_with_redis.py:84} INFO - Row data before serialization: {'id': '2aa1f090-cd1c-4587-aa61-272416e55a00', 'invoice_id': '333-73-7901', 'branch': 'C', 'city': 'Naypyitaw', 'customer_type': 'Normal', 'gender': 'Female', 'product_line': 'Health and beauty', 'unit_price': 54.92, 'quantity': 8, 'tax_5_percent': 21.968, 'total': 461.328, 'date': '3/23/2019', 'time': '13:24', 'payment': 'Ewallet', 'cogs': 439.36, 'gross_margin_percentage': 4.761904762, 'gross_income': 21.968, 'rating': 7.6}
[2024-12-03T01:06:12.129+0000] {csv_to_kafka_with_redis.py:84} INFO - Row data before serialization: {'id': '5699c4cb-cf69-4b6d-a1f0-f0e1b5fbd7d9', 'invoice_id': '777-82-7220', 'branch': 'B', 'city': 'Mandalay', 'customer_type': 'Member', 'gender': 'Male', 'product_line': 'Home and lifestyle', 'unit_price': 30.12, 'quantity': 8, 'tax_5_percent': 12.048, 'total': 253.008, 'date': '3/3/2019', 'time': '13:01', 'payment': 'Cash', 'cogs': 240.96, 'gross_margin_percentage': 4.761904762, 'gross_income': 12.048, 'rating': 7.7}
[2024-12-03T01:06:12.132+0000] {csv_to_kafka_with_redis.py:84} INFO - Row data before serialization: {'id': '55afcbcf-041b-448e-a427-1fbcbd473fb1', 'invoice_id': '280-35-5823', 'branch': 'B', 'city': 'Mandalay', 'customer_type': 'Member', 'gender': 'Female', 'product_line': 'Home and lifestyle', 'unit_price': 86.72, 'quantity': 1, 'tax_5_percent': 4.336, 'total': 91.056, 'date': '1/17/2019', 'time': '18:45', 'payment': 'Ewallet', 'cogs': 86.72, 'gross_margin_percentage': 4.761904762, 'gross_income': 4.336, 'rating': 7.9}
[2024-12-03T01:06:12.139+0000] {csv_to_kafka_with_redis.py:84} INFO - Row data before serialization: {'id': '4a7cd0a3-3df3-444d-b636-d2e5d98e48f5', 'invoice_id': '554-53-8700', 'branch': 'C', 'city': 'Naypyitaw', 'customer_type': 'Member', 'gender': 'Male', 'product_line': 'Home and lifestyle', 'unit_price': 56.11, 'quantity': 2, 'tax_5_percent': 5.611, 'total': 117.831, 'date': '2/2/2019', 'time': '10:11', 'payment': 'Cash', 'cogs': 112.22, 'gross_margin_percentage': 4.761904762, 'gross_income': 5.611, 'rating': 6.3}
[2024-12-03T01:06:12.143+0000] {csv_to_kafka_with_redis.py:84} INFO - Row data before serialization: {'id': '871e5e07-71cc-466f-b0e2-ecda792ab909', 'invoice_id': '354-25-5821', 'branch': 'B', 'city': 'Mandalay', 'customer_type': 'Member', 'gender': 'Female', 'product_line': 'Sports and travel', 'unit_price': 69.12, 'quantity': 6, 'tax_5_percent': 20.736, 'total': 435.456, 'date': '2/8/2019', 'time': '13:03', 'payment': 'Cash', 'cogs': 414.72, 'gross_margin_percentage': 4.761904762, 'gross_income': 20.736, 'rating': 5.6}
[2024-12-03T01:06:12.147+0000] {csv_to_kafka_with_redis.py:84} INFO - Row data before serialization: {'id': '0441b6c9-c485-418c-a645-963f282d7c0f', 'invoice_id': '228-96-1411', 'branch': 'C', 'city': 'Naypyitaw', 'customer_type': 'Member', 'gender': 'Female', 'product_line': 'Food and beverages', 'unit_price': 98.7, 'quantity': 8, 'tax_5_percent': 39.48, 'total': 829.08, 'date': '3/4/2019', 'time': '20:39', 'payment': 'Cash', 'cogs': 789.6, 'gross_margin_percentage': 4.761904762, 'gross_income': 39.48, 'rating': 7.6}
[2024-12-03T01:06:12.154+0000] {csv_to_kafka_with_redis.py:84} INFO - Row data before serialization: {'id': '4a919c6f-2ac2-405a-a7aa-489811f90d6a', 'invoice_id': '617-15-4209', 'branch': 'C', 'city': 'Naypyitaw', 'customer_type': 'Member', 'gender': 'Male', 'product_line': 'Health and beauty', 'unit_price': 15.37, 'quantity': 2, 'tax_5_percent': 1.537, 'total': 32.277, 'date': '3/16/2019', 'time': '19:47', 'payment': 'Cash', 'cogs': 30.74, 'gross_margin_percentage': 4.761904762, 'gross_income': 1.537, 'rating': 7.2}
[2024-12-03T01:06:12.159+0000] {csv_to_kafka_with_redis.py:84} INFO - Row data before serialization: {'id': 'f4e2486d-5647-47c5-8187-ba807fdcb38e', 'invoice_id': '132-32-9879', 'branch': 'B', 'city': 'Mandalay', 'customer_type': 'Member', 'gender': 'Female', 'product_line': 'Electronic accessories', 'unit_price': 93.96, 'quantity': 4, 'tax_5_percent': 18.792, 'total': 394.632, 'date': '3/9/2019', 'time': '18:00', 'payment': 'Cash', 'cogs': 375.84, 'gross_margin_percentage': 4.761904762, 'gross_income': 18.792, 'rating': 9.5}
[2024-12-03T01:06:12.163+0000] {csv_to_kafka_with_redis.py:84} INFO - Row data before serialization: {'id': 'f04ca954-a156-4fa9-b978-723e0abb8429', 'invoice_id': '370-41-7321', 'branch': 'B', 'city': 'Mandalay', 'customer_type': 'Member', 'gender': 'Male', 'product_line': 'Health and beauty', 'unit_price': 56.69, 'quantity': 9, 'tax_5_percent': 25.5105, 'total': 535.7205, 'date': '2/27/2019', 'time': '17:24', 'payment': 'Credit card', 'cogs': 510.21, 'gross_margin_percentage': 4.761904762, 'gross_income': 25.5105, 'rating': 8.4}
[2024-12-03T01:06:12.169+0000] {csv_to_kafka_with_redis.py:84} INFO - Row data before serialization: {'id': '8cb9286a-6bb3-4490-bb96-f0dae4082646', 'invoice_id': '727-46-3608', 'branch': 'B', 'city': 'Mandalay', 'customer_type': 'Member', 'gender': 'Female', 'product_line': 'Food and beverages', 'unit_price': 20.01, 'quantity': 9, 'tax_5_percent': 9.0045, 'total': 189.0945, 'date': '2/6/2019', 'time': '15:47', 'payment': 'Ewallet', 'cogs': 180.09, 'gross_margin_percentage': 4.761904762, 'gross_income': 9.0045, 'rating': 4.1}
[2024-12-03T01:06:12.173+0000] {csv_to_kafka_with_redis.py:84} INFO - Row data before serialization: {'id': 'd9136696-daf0-46ae-96bc-adeb97a9ba14', 'invoice_id': '669-54-1719', 'branch': 'B', 'city': 'Mandalay', 'customer_type': 'Member', 'gender': 'Male', 'product_line': 'Electronic accessories', 'unit_price': 18.93, 'quantity': 6, 'tax_5_percent': 5.679, 'total': 119.259, 'date': '2/10/2019', 'time': '12:45', 'payment': 'Credit card', 'cogs': 113.58, 'gross_margin_percentage': 4.761904762, 'gross_income': 5.679, 'rating': 8.1}
[2024-12-03T01:06:12.175+0000] {csv_to_kafka_with_redis.py:84} INFO - Row data before serialization: {'id': '5b6858c4-156c-48ed-900b-8aaa8ed87eab', 'invoice_id': '574-22-5561', 'branch': 'C', 'city': 'Naypyitaw', 'customer_type': 'Member', 'gender': 'Female', 'product_line': 'Fashion accessories', 'unit_price': 82.63, 'quantity': 10, 'tax_5_percent': 41.315, 'total': 867.615, 'date': '3/19/2019', 'time': '17:08', 'payment': 'Ewallet', 'cogs': 826.3, 'gross_margin_percentage': 4.761904762, 'gross_income': 41.315, 'rating': 7.9}
[2024-12-03T01:06:12.221+0000] {hive.py:475} INFO - USE `default`
[2024-12-03T01:06:12.645+0000] {csv_to_kafka_with_redis.py:94} INFO - Batch 1 envoyé à Kafka.
[2024-12-03T01:06:12.668+0000] {csv_to_kafka_with_redis.py:98} INFO - Redis batch status: READY
[2024-12-03T01:06:12.672+0000] {csv_to_kafka_with_redis.py:102} INFO - En attente du consommateur...
[2024-12-03T01:06:13.393+0000] {hive.py:475} INFO - 
    CREATE TABLE IF NOT EXISTS sales (
        id STRING,
        invoice_id STRING,
        branch STRING,
        city STRING,
        customer_type STRING,
        gender STRING,
        product_line STRING,
        unit_price FLOAT,
        quantity INT,
        tax_5_percent FLOAT,
        total FLOAT,
        `date` STRING,
        time STRING,
        payment STRING,
        cogs FLOAT,
        gross_margin_percentage FLOAT,
        gross_income FLOAT,
        rating FLOAT
    ) STORED AS ORC
    
[2024-12-03T01:06:13.609+0000] {kafka_to_hive_with_redis.py:71} INFO - Subscribed to topic 'topic-batch'
[2024-12-03T01:06:13.678+0000] {csv_to_kafka_with_redis.py:102} INFO - En attente du consommateur...
[2024-12-03T01:06:14.684+0000] {csv_to_kafka_with_redis.py:102} INFO - En attente du consommateur...
[2024-12-03T01:06:15.689+0000] {csv_to_kafka_with_redis.py:102} INFO - En attente du consommateur...
[2024-12-03T01:06:16.692+0000] {csv_to_kafka_with_redis.py:102} INFO - En attente du consommateur...
[2024-12-03T01:06:17.697+0000] {csv_to_kafka_with_redis.py:102} INFO - En attente du consommateur...
[2024-12-03T01:06:18.622+0000] {kafka_to_hive_with_redis.py:85} INFO - No message retrieved from Kafka.
[2024-12-03T01:06:18.702+0000] {csv_to_kafka_with_redis.py:102} INFO - En attente du consommateur...
[2024-12-03T01:06:19.707+0000] {csv_to_kafka_with_redis.py:102} INFO - En attente du consommateur...
[2024-12-03T01:06:20.710+0000] {csv_to_kafka_with_redis.py:102} INFO - En attente du consommateur...
[2024-12-03T01:06:21.713+0000] {csv_to_kafka_with_redis.py:102} INFO - En attente du consommateur...
[2024-12-03T01:06:22.716+0000] {csv_to_kafka_with_redis.py:102} INFO - En attente du consommateur...
[2024-12-03T01:06:23.625+0000] {kafka_to_hive_with_redis.py:85} INFO - No message retrieved from Kafka.
[2024-12-03T01:06:23.721+0000] {csv_to_kafka_with_redis.py:102} INFO - En attente du consommateur...
[2024-12-03T01:06:24.725+0000] {csv_to_kafka_with_redis.py:102} INFO - En attente du consommateur...
[2024-12-03T01:06:25.727+0000] {csv_to_kafka_with_redis.py:102} INFO - En attente du consommateur...
[2024-12-03T01:06:26.731+0000] {csv_to_kafka_with_redis.py:102} INFO - En attente du consommateur...
[2024-12-03T01:06:27.735+0000] {csv_to_kafka_with_redis.py:102} INFO - En attente du consommateur...
[2024-12-03T01:06:28.628+0000] {kafka_to_hive_with_redis.py:85} INFO - No message retrieved from Kafka.
[2024-12-03T01:06:28.736+0000] {csv_to_kafka_with_redis.py:102} INFO - En attente du consommateur...
[2024-12-03T01:06:29.739+0000] {csv_to_kafka_with_redis.py:102} INFO - En attente du consommateur...
[2024-12-03T01:06:30.742+0000] {csv_to_kafka_with_redis.py:102} INFO - En attente du consommateur...
[2024-12-03T01:06:31.745+0000] {csv_to_kafka_with_redis.py:102} INFO - En attente du consommateur...
[2024-12-03T01:06:32.749+0000] {csv_to_kafka_with_redis.py:102} INFO - En attente du consommateur...
[2024-12-03T01:06:33.630+0000] {kafka_to_hive_with_redis.py:85} INFO - No message retrieved from Kafka.
[2024-12-03T01:06:33.753+0000] {csv_to_kafka_with_redis.py:102} INFO - En attente du consommateur...
[2024-12-03T01:06:34.757+0000] {csv_to_kafka_with_redis.py:102} INFO - En attente du consommateur...
[2024-12-03T01:06:35.760+0000] {csv_to_kafka_with_redis.py:102} INFO - En attente du consommateur...
[2024-12-03T01:06:36.762+0000] {csv_to_kafka_with_redis.py:102} INFO - En attente du consommateur...
[2024-12-03T01:06:37.764+0000] {csv_to_kafka_with_redis.py:102} INFO - En attente du consommateur...
[2024-12-03T01:06:38.633+0000] {kafka_to_hive_with_redis.py:85} INFO - No message retrieved from Kafka.
[2024-12-03T01:06:38.769+0000] {csv_to_kafka_with_redis.py:102} INFO - En attente du consommateur...
[2024-12-03T01:06:39.772+0000] {csv_to_kafka_with_redis.py:102} INFO - En attente du consommateur...
[2024-12-03T01:06:40.776+0000] {csv_to_kafka_with_redis.py:102} INFO - En attente du consommateur...
[2024-12-03T01:06:41.778+0000] {csv_to_kafka_with_redis.py:102} INFO - En attente du consommateur...
[2024-12-03T01:06:42.782+0000] {csv_to_kafka_with_redis.py:102} INFO - En attente du consommateur...
[2024-12-03T01:06:43.638+0000] {kafka_to_hive_with_redis.py:85} INFO - No message retrieved from Kafka.
[2024-12-03T01:06:43.788+0000] {csv_to_kafka_with_redis.py:102} INFO - En attente du consommateur...
[2024-12-03T01:06:44.792+0000] {csv_to_kafka_with_redis.py:102} INFO - En attente du consommateur...
[2024-12-03T01:06:45.796+0000] {csv_to_kafka_with_redis.py:102} INFO - En attente du consommateur...
[2024-12-03T01:06:46.799+0000] {csv_to_kafka_with_redis.py:102} INFO - En attente du consommateur...
[2024-12-03T01:06:47.804+0000] {csv_to_kafka_with_redis.py:102} INFO - En attente du consommateur...
[2024-12-03T01:06:48.641+0000] {kafka_to_hive_with_redis.py:85} INFO - No message retrieved from Kafka.
[2024-12-03T01:06:48.808+0000] {csv_to_kafka_with_redis.py:102} INFO - En attente du consommateur...
[2024-12-03T01:06:49.812+0000] {csv_to_kafka_with_redis.py:102} INFO - En attente du consommateur...
[2024-12-03T01:06:50.815+0000] {csv_to_kafka_with_redis.py:102} INFO - En attente du consommateur...
[2024-12-03T01:06:51.819+0000] {csv_to_kafka_with_redis.py:102} INFO - En attente du consommateur...
[2024-12-03T01:06:51.847+0000] {local_task_job_runner.py:346} WARNING - State of this instance has been externally set to failed. Terminating instance.
[2024-12-03T01:06:51.856+0000] {local_task_job_runner.py:245} INFO - ::endgroup::
[2024-12-03T01:06:51.861+0000] {process_utils.py:132} INFO - Sending 15 to group 491. PIDs of all processes in the group: [491]
[2024-12-03T01:06:51.862+0000] {process_utils.py:87} INFO - Sending the signal 15 to group 491
[2024-12-03T01:06:51.864+0000] {taskinstance.py:3093} ERROR - Received SIGTERM. Terminating subprocesses.
[2024-12-03T01:06:51.998+0000] {taskinstance.py:340} INFO - ::group::Post task execution logs
[2024-12-03T01:06:52.038+0000] {process_utils.py:80} INFO - Process psutil.Process(pid=491, status='terminated', exitcode=0, started='01:06:09') (491) terminated with exit code 0
