[2024-12-01T23:53:38.136+0000] {local_task_job_runner.py:123} INFO - ::group::Pre task execution logs
[2024-12-01T23:53:38.171+0000] {taskinstance.py:2613} INFO - Dependencies all met for dep_context=non-requeueable deps ti=<TaskInstance: send_csv_to_kafka.send_csv_to_kafka manual__2024-12-01T23:53:29.427494+00:00 [queued]>
[2024-12-01T23:53:38.194+0000] {taskinstance.py:2613} INFO - Dependencies all met for dep_context=requeueable deps ti=<TaskInstance: send_csv_to_kafka.send_csv_to_kafka manual__2024-12-01T23:53:29.427494+00:00 [queued]>
[2024-12-01T23:53:38.195+0000] {taskinstance.py:2866} INFO - Starting attempt 1 of 2
[2024-12-01T23:53:38.250+0000] {taskinstance.py:2889} INFO - Executing <Task(PythonOperator): send_csv_to_kafka> on 2024-12-01 23:53:29.427494+00:00
[2024-12-01T23:53:38.263+0000] {standard_task_runner.py:104} INFO - Running: ['airflow', 'tasks', 'run', 'send_csv_to_kafka', 'send_csv_to_kafka', 'manual__2024-12-01T23:53:29.427494+00:00', '--job-id', '88', '--raw', '--subdir', 'DAGS_FOLDER/dag_shema.py', '--cfg-path', '/tmp/tmpzvk0di4e']
[2024-12-01T23:53:38.267+0000] {standard_task_runner.py:105} INFO - Job 88: Subtask send_csv_to_kafka
[2024-12-01T23:53:38.276+0000] {logging_mixin.py:190} WARNING - /home/airflow/.local/lib/python3.12/site-packages/airflow/task/task_runner/standard_task_runner.py:70 DeprecationWarning: This process (pid=199) is multi-threaded, use of fork() may lead to deadlocks in the child.
[2024-12-01T23:53:38.277+0000] {standard_task_runner.py:72} INFO - Started process 213 to run task
[2024-12-01T23:53:38.557+0000] {task_command.py:467} INFO - Running <TaskInstance: send_csv_to_kafka.send_csv_to_kafka manual__2024-12-01T23:53:29.427494+00:00 [running]> on host 45770b1a429e
[2024-12-01T23:53:38.904+0000] {taskinstance.py:3132} INFO - Exporting env vars: AIRFLOW_CTX_DAG_OWNER='airflow' AIRFLOW_CTX_DAG_ID='send_csv_to_kafka' AIRFLOW_CTX_TASK_ID='send_csv_to_kafka' AIRFLOW_CTX_EXECUTION_DATE='2024-12-01T23:53:29.427494+00:00' AIRFLOW_CTX_TRY_NUMBER='1' AIRFLOW_CTX_DAG_RUN_ID='manual__2024-12-01T23:53:29.427494+00:00'
[2024-12-01T23:53:38.908+0000] {taskinstance.py:731} INFO - ::endgroup::
[2024-12-01T23:53:39.142+0000] {dag_shema.py:42} INFO - Loaded CSV Data:
    Invoice ID Branch       City  ... gross margin percentage gross income Rating
0  750-67-8428      A     Yangon  ...                4.761905      26.1415    9.1
1  226-31-3081      C  Naypyitaw  ...                4.761905       3.8200    9.6
2  631-41-3108      A     Yangon  ...                4.761905      16.2155    7.4
3  123-19-1176      A     Yangon  ...                4.761905      23.2880    8.4
4  373-73-7910      A     Yangon  ...                4.761905      30.2085    5.3

[5 rows x 17 columns]
[2024-12-01T23:53:39.146+0000] {dag_shema.py:73} INFO - Row data before serialization: {'id': '8b233433-88fd-45bb-aa8a-c61e821f4769', 'invoice_id': '750-67-8428', 'branch': 'A', 'city': 'Yangon', 'customer_type': 'Member', 'gender': 'Female', 'product_line': 'Health and beauty', 'unit_price': 74.69, 'quantity': 7, 'tax_5_percent': 26.1415, 'total': 548.9715, 'date': '1/5/2019', 'time': '13:08', 'payment': 'Ewallet', 'cogs': 522.83, 'gross_margin_percentage': 4.761904762, 'gross_income': 26.1415, 'rating': 9.1}
[2024-12-01T23:53:39.587+0000] {dag_shema.py:73} INFO - Row data before serialization: {'id': 'a7973392-1e9a-4c44-82b0-17ae50f6e77e', 'invoice_id': '226-31-3081', 'branch': 'C', 'city': 'Naypyitaw', 'customer_type': 'Normal', 'gender': 'Female', 'product_line': 'Electronic accessories', 'unit_price': 15.28, 'quantity': 5, 'tax_5_percent': 3.82, 'total': 80.22, 'date': '3/8/2019', 'time': '10:29', 'payment': 'Cash', 'cogs': 76.4, 'gross_margin_percentage': 4.761904762, 'gross_income': 3.82, 'rating': 9.6}
[2024-12-01T23:53:39.589+0000] {dag_shema.py:73} INFO - Row data before serialization: {'id': '3dad0b5a-c1cd-4b4c-8afa-4aa1e4999a41', 'invoice_id': '631-41-3108', 'branch': 'A', 'city': 'Yangon', 'customer_type': 'Normal', 'gender': 'Male', 'product_line': 'Home and lifestyle', 'unit_price': 46.33, 'quantity': 7, 'tax_5_percent': 16.2155, 'total': 340.5255, 'date': '3/3/2019', 'time': '13:23', 'payment': 'Credit card', 'cogs': 324.31, 'gross_margin_percentage': 4.761904762, 'gross_income': 16.2155, 'rating': 7.4}
[2024-12-01T23:53:39.592+0000] {dag_shema.py:73} INFO - Row data before serialization: {'id': '7501e8fa-6fdd-469f-a71d-f318db1221ce', 'invoice_id': '123-19-1176', 'branch': 'A', 'city': 'Yangon', 'customer_type': 'Member', 'gender': 'Male', 'product_line': 'Health and beauty', 'unit_price': 58.22, 'quantity': 8, 'tax_5_percent': 23.288, 'total': 489.048, 'date': '1/27/2019', 'time': '20:33', 'payment': 'Ewallet', 'cogs': 465.76, 'gross_margin_percentage': 4.761904762, 'gross_income': 23.288, 'rating': 8.4}
[2024-12-01T23:53:39.595+0000] {dag_shema.py:73} INFO - Row data before serialization: {'id': '5b65ada4-dfa5-479e-8c99-37d4e60dbb46', 'invoice_id': '373-73-7910', 'branch': 'A', 'city': 'Yangon', 'customer_type': 'Normal', 'gender': 'Male', 'product_line': 'Sports and travel', 'unit_price': 86.31, 'quantity': 7, 'tax_5_percent': 30.2085, 'total': 634.3785, 'date': '2/8/2019', 'time': '10:37', 'payment': 'Ewallet', 'cogs': 604.17, 'gross_margin_percentage': 4.761904762, 'gross_income': 30.2085, 'rating': 5.3}
[2024-12-01T23:53:39.597+0000] {dag_shema.py:73} INFO - Row data before serialization: {'id': '96921077-13c7-4d8a-b906-c52f541dcbb1', 'invoice_id': '699-14-3026', 'branch': 'C', 'city': 'Naypyitaw', 'customer_type': 'Normal', 'gender': 'Male', 'product_line': 'Electronic accessories', 'unit_price': 85.39, 'quantity': 7, 'tax_5_percent': 29.8865, 'total': 627.6165, 'date': '3/25/2019', 'time': '18:30', 'payment': 'Ewallet', 'cogs': 597.73, 'gross_margin_percentage': 4.761904762, 'gross_income': 29.8865, 'rating': 4.1}
[2024-12-01T23:53:39.600+0000] {dag_shema.py:73} INFO - Row data before serialization: {'id': 'cafe7848-4aae-482a-adbe-82b46013bff4', 'invoice_id': '355-53-5943', 'branch': 'A', 'city': 'Yangon', 'customer_type': 'Member', 'gender': 'Female', 'product_line': 'Electronic accessories', 'unit_price': 68.84, 'quantity': 6, 'tax_5_percent': 20.652, 'total': 433.692, 'date': '2/25/2019', 'time': '14:36', 'payment': 'Ewallet', 'cogs': 413.04, 'gross_margin_percentage': 4.761904762, 'gross_income': 20.652, 'rating': 5.8}
[2024-12-01T23:53:39.602+0000] {dag_shema.py:73} INFO - Row data before serialization: {'id': 'e2f55bf3-8ca7-4634-bd7d-ab70b6c834ce', 'invoice_id': '315-22-5665', 'branch': 'C', 'city': 'Naypyitaw', 'customer_type': 'Normal', 'gender': 'Female', 'product_line': 'Home and lifestyle', 'unit_price': 73.56, 'quantity': 10, 'tax_5_percent': 36.78, 'total': 772.38, 'date': '2/24/2019', 'time': '11:38', 'payment': 'Ewallet', 'cogs': 735.6, 'gross_margin_percentage': 4.761904762, 'gross_income': 36.78, 'rating': 8.0}
[2024-12-01T23:53:39.605+0000] {dag_shema.py:73} INFO - Row data before serialization: {'id': '67ebedde-7209-4282-832f-08df01df640c', 'invoice_id': '665-32-9167', 'branch': 'A', 'city': 'Yangon', 'customer_type': 'Member', 'gender': 'Female', 'product_line': 'Health and beauty', 'unit_price': 36.26, 'quantity': 2, 'tax_5_percent': 3.626, 'total': 76.146, 'date': '1/10/2019', 'time': '17:15', 'payment': 'Credit card', 'cogs': 72.52, 'gross_margin_percentage': 4.761904762, 'gross_income': 3.626, 'rating': 7.2}
[2024-12-01T23:53:39.983+0000] {dag_shema.py:83} INFO - All data has been published to topic topic-hive.
[2024-12-01T23:53:39.986+0000] {python.py:240} INFO - Done. Returned value was: None
[2024-12-01T23:53:40.006+0000] {taskinstance.py:340} INFO - ::group::Post task execution logs
[2024-12-01T23:53:40.008+0000] {taskinstance.py:352} INFO - Marking task as SUCCESS. dag_id=send_csv_to_kafka, task_id=send_csv_to_kafka, run_id=manual__2024-12-01T23:53:29.427494+00:00, execution_date=20241201T235329, start_date=20241201T235338, end_date=20241201T235340
[2024-12-01T23:53:40.103+0000] {local_task_job_runner.py:266} INFO - Task exited with return code 0
[2024-12-01T23:53:40.137+0000] {taskinstance.py:3895} INFO - 0 downstream tasks scheduled from follow-on schedule check
[2024-12-01T23:53:40.140+0000] {local_task_job_runner.py:245} INFO - ::endgroup::
