[2024-12-07T00:00:08.444+0000] {local_task_job_runner.py:123} INFO - ::group::Pre task execution logs
[2024-12-07T00:00:08.472+0000] {taskinstance.py:2613} INFO - Dependencies all met for dep_context=non-requeueable deps ti=<TaskInstance: dag1.process_task_tag2 scheduled__2024-12-06T00:00:00+00:00 [queued]>
[2024-12-07T00:00:08.488+0000] {taskinstance.py:2613} INFO - Dependencies all met for dep_context=requeueable deps ti=<TaskInstance: dag1.process_task_tag2 scheduled__2024-12-06T00:00:00+00:00 [queued]>
[2024-12-07T00:00:08.489+0000] {taskinstance.py:2866} INFO - Starting attempt 1 of 1
[2024-12-07T00:00:08.540+0000] {taskinstance.py:2889} INFO - Executing <Task(PythonOperator): process_task_tag2> on 2024-12-06 00:00:00+00:00
[2024-12-07T00:00:08.552+0000] {logging_mixin.py:190} WARNING - /home/airflow/.local/lib/python3.12/site-packages/airflow/task/task_runner/standard_task_runner.py:70 DeprecationWarning: This process (pid=7556) is multi-threaded, use of fork() may lead to deadlocks in the child.
[2024-12-07T00:00:08.552+0000] {standard_task_runner.py:104} INFO - Running: ['airflow', 'tasks', 'run', 'dag1', 'process_task_tag2', 'scheduled__2024-12-06T00:00:00+00:00', '--job-id', '216', '--raw', '--subdir', 'DAGS_FOLDER/dag_data.py', '--cfg-path', '/tmp/tmpau9cojn8']
[2024-12-07T00:00:08.554+0000] {standard_task_runner.py:72} INFO - Started process 7570 to run task
[2024-12-07T00:00:08.554+0000] {standard_task_runner.py:105} INFO - Job 216: Subtask process_task_tag2
[2024-12-07T00:00:08.685+0000] {task_command.py:467} INFO - Running <TaskInstance: dag1.process_task_tag2 scheduled__2024-12-06T00:00:00+00:00 [running]> on host 45770b1a429e
[2024-12-07T00:00:08.919+0000] {taskinstance.py:3132} INFO - Exporting env vars: AIRFLOW_CTX_DAG_OWNER='admin' AIRFLOW_CTX_DAG_ID='dag1' AIRFLOW_CTX_TASK_ID='process_task_tag2' AIRFLOW_CTX_EXECUTION_DATE='2024-12-06T00:00:00+00:00' AIRFLOW_CTX_TRY_NUMBER='1' AIRFLOW_CTX_DAG_RUN_ID='scheduled__2024-12-06T00:00:00+00:00'
[2024-12-07T00:00:08.923+0000] {taskinstance.py:731} INFO - ::endgroup::
[2024-12-07T00:00:09.114+0000] {dag_data.py:49} INFO - Processing chunk:     Invoice ID Branch       City  ... gross margin percentage gross income Rating
0  750-67-8428      A     Yangon  ...                4.761905      26.1415    9.1
1  226-31-3081      C  Naypyitaw  ...                4.761905       3.8200    9.6
2  631-41-3108      A     Yangon  ...                4.761905      16.2155    7.4
3  123-19-1176      A     Yangon  ...                4.761905      23.2880    8.4
4  373-73-7910      A     Yangon  ...                4.761905      30.2085    5.3

[5 rows x 17 columns]
[2024-12-07T00:00:39.144+0000] {dag_data.py:49} INFO - Processing chunk:      Invoice ID Branch  ... gross income Rating
50  326-78-5178      C  ...      31.9900    9.5
51  162-48-8011      A  ...      11.1475    8.5
52  616-24-2851      B  ...       3.5740    6.5
53  778-71-5554      C  ...       0.7715    6.1
54  242-55-6721      B  ...       1.6160    6.5

[5 rows x 17 columns]
[2024-12-07T00:01:09.173+0000] {dag_data.py:49} INFO - Processing chunk:       Invoice ID Branch  ... gross income Rating
100  163-56-7055      C  ...       2.4355    4.1
101  189-98-2939      C  ...      35.3475    7.2
102  551-21-3069      C  ...      10.3815    4.9
103  212-62-1842      A  ...      17.4780    9.9
104  716-39-1409      B  ...      10.6225    8.0

[5 rows x 17 columns]
[2024-12-07T00:01:39.222+0000] {dag_data.py:49} INFO - Processing chunk:       Invoice ID Branch  ... gross income Rating
150  608-96-3517      B  ...       18.308    4.8
151  584-86-7256      C  ...       12.096    7.3
152  746-94-0204      A  ...       37.458    7.4
153  214-17-6927      C  ...        4.944    9.9
154  400-89-4171      C  ...       32.388    9.3

[5 rows x 17 columns]
[2024-12-07T00:02:09.272+0000] {dag_data.py:49} INFO - Processing chunk:       Invoice ID Branch  ... gross income Rating
200  606-80-4905      C  ...       5.7450    6.8
201  542-41-0513      B  ...      11.4980    6.6
202  426-39-2418      C  ...      21.4935    9.8
203  875-46-5808      B  ...      12.9500    8.7
204  394-43-4238      B  ...       4.4425    5.4

[5 rows x 17 columns]
[2024-12-07T00:02:39.304+0000] {dag_data.py:49} INFO - Processing chunk:       Invoice ID Branch  ... gross income Rating
250  845-51-0542      B  ...      20.9475    6.4
251  662-47-5456      C  ...      17.5950    8.4
252  883-17-4236      C  ...       1.4390    7.2
253  290-68-2984      A  ...       4.7500    5.2
254  704-11-6354      A  ...      23.5600    8.9

[5 rows x 17 columns]
[2024-12-07T00:03:09.339+0000] {dag_data.py:49} INFO - Processing chunk:       Invoice ID Branch  ... gross income Rating
300  446-47-6729      C  ...       9.9820    6.7
301  573-10-3877      B  ...       1.9505    4.7
302  735-06-4124      C  ...       2.4305    4.4
303  439-54-7422      A  ...      10.2380    4.7
304  396-90-2219      B  ...       5.9840    8.6

[5 rows x 17 columns]
[2024-12-07T00:03:39.384+0000] {dag_data.py:49} INFO - Processing chunk:       Invoice ID Branch  ... gross income Rating
350  860-79-0874      C  ...      49.6500    6.6
351  834-61-8124      A  ...      18.0915    5.5
352  115-99-4379      B  ...      19.1555    8.5
353  565-67-6697      B  ...      12.1500    4.8
354  320-49-6392      C  ...       1.5120    8.4

[5 rows x 17 columns]
[2024-12-07T00:04:09.423+0000] {dag_data.py:49} INFO - Processing chunk:       Invoice ID Branch  ... gross income Rating
400  110-05-6330      C  ...      11.8290    9.4
401  651-61-0874      C  ...       9.2440    6.2
402  236-86-3015      C  ...       0.6990    9.8
403  831-64-0259      B  ...       9.9375    9.6
404  587-03-7455      C  ...      34.2265    4.9

[5 rows x 17 columns]
[2024-12-07T00:04:39.457+0000] {dag_data.py:49} INFO - Processing chunk:       Invoice ID Branch  ... gross income Rating
450  891-01-7034      B  ...      22.4130    6.7
451  744-09-5786      B  ...       6.6030    7.6
452  727-17-0390      A  ...      15.9025    4.8
453  568-88-3448      A  ...       1.2500    5.5
454  187-83-5490      A  ...       4.1540    4.7

[5 rows x 17 columns]
[2024-12-07T00:05:09.482+0000] {dag_data.py:49} INFO - Processing chunk:       Invoice ID Branch  ... gross income Rating
500  277-63-2961      B  ...       3.6985    5.4
501  573-98-8548      C  ...       1.5950    9.1
502  620-02-2046      C  ...       6.9400    9.0
503  282-35-2475      B  ...       9.3310    6.3
504  511-54-3087      B  ...       4.4225    9.5

[5 rows x 17 columns]
[2024-12-07T00:05:39.505+0000] {dag_data.py:49} INFO - Processing chunk:       Invoice ID Branch  ... gross income Rating
550  747-58-7183      B  ...       8.5905    6.5
551  582-52-8065      B  ...      24.4395    8.9
552  210-57-1719      B  ...      26.2080    9.7
553  399-69-4630      C  ...       6.6630    8.6
554  134-75-2619      A  ...       6.7620    6.9

[5 rows x 17 columns]
[2024-12-07T00:06:09.552+0000] {dag_data.py:49} INFO - Processing chunk:       Invoice ID Branch  ... gross income Rating
600  219-61-4139      C  ...       4.1540    6.4
601  881-41-7302      C  ...       3.2495    4.5
602  373-09-4567      C  ...      38.7800    6.9
603  642-30-6693      B  ...      16.3530    7.8
604  484-22-8230      C  ...      18.1615    4.5

[5 rows x 17 columns]
[2024-12-07T00:06:39.591+0000] {dag_data.py:49} INFO - Processing chunk:       Invoice ID Branch  ... gross income Rating
650  369-82-2676      B  ...       18.915    7.8
651  563-47-4072      B  ...       16.743    9.9
652  742-04-5161      A  ...       36.390    7.3
653  149-15-7606      B  ...       16.794    5.1
654  133-77-3154      B  ...       12.036    9.4

[5 rows x 17 columns]
[2024-12-07T00:07:09.650+0000] {dag_data.py:49} INFO - Processing chunk:       Invoice ID Branch  ... gross income Rating
700  626-43-7888      C  ...      24.1640    9.6
701  176-64-7711      B  ...       4.8480    4.3
702  191-29-0321      B  ...       9.8850    5.0
703  729-06-2010      B  ...      36.2115    9.2
704  640-48-5028      B  ...      39.7755    6.3

[5 rows x 17 columns]
[2024-12-07T00:07:39.686+0000] {dag_data.py:49} INFO - Processing chunk:       Invoice ID Branch  ... gross income Rating
750  210-30-7976      B  ...       4.4640    4.1
751  585-86-8361      A  ...       6.8200    8.6
752  807-14-7833      A  ...       8.7100    7.0
753  775-72-1988      B  ...      18.3200    8.4
754  288-38-3758      C  ...      12.7305    7.4

[5 rows x 17 columns]
[2024-12-07T00:08:09.794+0000] {dag_data.py:49} INFO - Processing chunk:       Invoice ID Branch  ... gross income Rating
800  751-15-6198      B  ...       6.9030    7.9
801  324-41-6833      C  ...      12.0800    5.1
802  474-33-8305      C  ...      23.5865    6.9
803  759-29-9521      A  ...      22.0320    8.0
804  831-81-6575      B  ...      34.0155    8.0

[5 rows x 17 columns]
[2024-12-07T00:08:39.836+0000] {dag_data.py:49} INFO - Processing chunk:       Invoice ID Branch  ... gross income Rating
850  843-73-4724      A  ...       3.7050    9.2
851  409-33-9708      A  ...       9.8480    9.2
852  658-66-3967      C  ...      18.6165    5.0
853  866-70-2814      B  ...      26.3950   10.0
854  160-22-2687      A  ...      23.9875    8.8

[5 rows x 17 columns]
[2024-12-07T00:09:09.851+0000] {dag_data.py:49} INFO - Processing chunk:       Invoice ID Branch  ... gross income Rating
900  377-79-7592      C  ...      20.1780    7.5
901  509-10-0516      B  ...       9.1940    5.1
902  595-94-9924      A  ...       6.9325    4.2
903  865-41-9075      A  ...       4.0355    8.1
904  545-07-8534      C  ...       5.8320    6.0

[5 rows x 17 columns]
[2024-12-07T00:09:39.863+0000] {dag_data.py:49} INFO - Processing chunk:       Invoice ID Branch  ... gross income Rating
950  503-21-4385      B  ...       5.9865    9.3
951  305-89-2768      B  ...       3.2850    4.7
952  574-80-1489      B  ...      12.5700    8.7
953  784-08-0310      C  ...       4.2080    7.6
954  200-40-6154      B  ...      19.7730    5.7

[5 rows x 17 columns]
[2024-12-07T00:10:09.867+0000] {dag_data.py:22} INFO - Message delivered to api [0]
[2024-12-07T00:10:09.867+0000] {dag_data.py:22} INFO - Message delivered to api [0]
[2024-12-07T00:10:09.868+0000] {dag_data.py:22} INFO - Message delivered to api [0]
[2024-12-07T00:10:09.868+0000] {dag_data.py:22} INFO - Message delivered to api [0]
[2024-12-07T00:10:09.868+0000] {dag_data.py:22} INFO - Message delivered to api [0]
[2024-12-07T00:10:09.869+0000] {dag_data.py:22} INFO - Message delivered to api [0]
[2024-12-07T00:10:09.869+0000] {dag_data.py:22} INFO - Message delivered to api [0]
[2024-12-07T00:10:09.869+0000] {dag_data.py:22} INFO - Message delivered to api [0]
[2024-12-07T00:10:09.870+0000] {dag_data.py:22} INFO - Message delivered to api [0]
[2024-12-07T00:10:09.870+0000] {dag_data.py:22} INFO - Message delivered to api [0]
[2024-12-07T00:10:09.871+0000] {dag_data.py:22} INFO - Message delivered to api [0]
[2024-12-07T00:10:09.871+0000] {dag_data.py:22} INFO - Message delivered to api [0]
[2024-12-07T00:10:09.871+0000] {dag_data.py:22} INFO - Message delivered to api [0]
[2024-12-07T00:10:09.872+0000] {dag_data.py:22} INFO - Message delivered to api [0]
[2024-12-07T00:10:09.872+0000] {dag_data.py:22} INFO - Message delivered to api [0]
[2024-12-07T00:10:09.872+0000] {dag_data.py:22} INFO - Message delivered to api [0]
[2024-12-07T00:10:09.873+0000] {dag_data.py:22} INFO - Message delivered to api [0]
[2024-12-07T00:10:09.873+0000] {dag_data.py:22} INFO - Message delivered to api [0]
[2024-12-07T00:10:09.874+0000] {dag_data.py:22} INFO - Message delivered to api [0]
[2024-12-07T00:10:09.874+0000] {dag_data.py:22} INFO - Message delivered to api [0]
[2024-12-07T00:10:09.874+0000] {dag_data.py:22} INFO - Message delivered to api [0]
[2024-12-07T00:10:09.875+0000] {dag_data.py:22} INFO - Message delivered to api [0]
[2024-12-07T00:10:09.875+0000] {dag_data.py:22} INFO - Message delivered to api [0]
[2024-12-07T00:10:09.876+0000] {dag_data.py:22} INFO - Message delivered to api [0]
[2024-12-07T00:10:09.876+0000] {dag_data.py:22} INFO - Message delivered to api [0]
[2024-12-07T00:10:09.877+0000] {dag_data.py:22} INFO - Message delivered to api [0]
[2024-12-07T00:10:09.877+0000] {dag_data.py:22} INFO - Message delivered to api [0]
[2024-12-07T00:10:09.877+0000] {dag_data.py:22} INFO - Message delivered to api [0]
[2024-12-07T00:10:09.878+0000] {dag_data.py:22} INFO - Message delivered to api [0]
[2024-12-07T00:10:09.878+0000] {dag_data.py:22} INFO - Message delivered to api [0]
[2024-12-07T00:10:09.879+0000] {dag_data.py:22} INFO - Message delivered to api [0]
[2024-12-07T00:10:09.879+0000] {dag_data.py:22} INFO - Message delivered to api [0]
[2024-12-07T00:10:09.879+0000] {dag_data.py:22} INFO - Message delivered to api [0]
[2024-12-07T00:10:09.880+0000] {dag_data.py:22} INFO - Message delivered to api [0]
[2024-12-07T00:10:09.880+0000] {dag_data.py:22} INFO - Message delivered to api [0]
[2024-12-07T00:10:09.880+0000] {dag_data.py:22} INFO - Message delivered to api [0]
[2024-12-07T00:10:09.880+0000] {dag_data.py:22} INFO - Message delivered to api [0]
[2024-12-07T00:10:09.881+0000] {dag_data.py:22} INFO - Message delivered to api [0]
[2024-12-07T00:10:09.881+0000] {dag_data.py:22} INFO - Message delivered to api [0]
[2024-12-07T00:10:09.881+0000] {dag_data.py:22} INFO - Message delivered to api [0]
[2024-12-07T00:10:09.881+0000] {dag_data.py:22} INFO - Message delivered to api [0]
[2024-12-07T00:10:09.882+0000] {dag_data.py:22} INFO - Message delivered to api [0]
[2024-12-07T00:10:09.882+0000] {dag_data.py:22} INFO - Message delivered to api [0]
[2024-12-07T00:10:09.882+0000] {dag_data.py:22} INFO - Message delivered to api [0]
[2024-12-07T00:10:09.882+0000] {dag_data.py:22} INFO - Message delivered to api [0]
[2024-12-07T00:10:09.883+0000] {dag_data.py:22} INFO - Message delivered to api [0]
[2024-12-07T00:10:09.883+0000] {dag_data.py:22} INFO - Message delivered to api [0]
[2024-12-07T00:10:09.883+0000] {dag_data.py:22} INFO - Message delivered to api [0]
[2024-12-07T00:10:09.883+0000] {dag_data.py:22} INFO - Message delivered to api [0]
[2024-12-07T00:10:09.884+0000] {dag_data.py:22} INFO - Message delivered to api [0]
[2024-12-07T00:10:09.884+0000] {dag_data.py:22} INFO - Message delivered to api [0]
[2024-12-07T00:10:09.884+0000] {dag_data.py:22} INFO - Message delivered to api [0]
[2024-12-07T00:10:09.884+0000] {dag_data.py:22} INFO - Message delivered to api [0]
[2024-12-07T00:10:09.885+0000] {dag_data.py:22} INFO - Message delivered to api [0]
[2024-12-07T00:10:09.885+0000] {dag_data.py:22} INFO - Message delivered to api [0]
[2024-12-07T00:10:09.885+0000] {dag_data.py:22} INFO - Message delivered to api [0]
[2024-12-07T00:10:09.885+0000] {dag_data.py:22} INFO - Message delivered to api [0]
[2024-12-07T00:10:09.886+0000] {dag_data.py:22} INFO - Message delivered to api [0]
[2024-12-07T00:10:09.886+0000] {dag_data.py:22} INFO - Message delivered to api [0]
[2024-12-07T00:10:09.886+0000] {dag_data.py:22} INFO - Message delivered to api [0]
[2024-12-07T00:10:09.887+0000] {dag_data.py:22} INFO - Message delivered to api [0]
[2024-12-07T00:10:09.887+0000] {dag_data.py:22} INFO - Message delivered to api [0]
[2024-12-07T00:10:09.887+0000] {dag_data.py:22} INFO - Message delivered to api [0]
[2024-12-07T00:10:09.887+0000] {dag_data.py:22} INFO - Message delivered to api [0]
[2024-12-07T00:10:09.888+0000] {dag_data.py:22} INFO - Message delivered to api [0]
[2024-12-07T00:10:09.888+0000] {dag_data.py:22} INFO - Message delivered to api [0]
[2024-12-07T00:10:09.888+0000] {dag_data.py:22} INFO - Message delivered to api [0]
[2024-12-07T00:10:09.888+0000] {dag_data.py:22} INFO - Message delivered to api [0]
[2024-12-07T00:10:09.889+0000] {dag_data.py:22} INFO - Message delivered to api [0]
[2024-12-07T00:10:09.889+0000] {dag_data.py:22} INFO - Message delivered to api [0]
[2024-12-07T00:10:09.889+0000] {dag_data.py:22} INFO - Message delivered to api [0]
[2024-12-07T00:10:09.889+0000] {dag_data.py:22} INFO - Message delivered to api [0]
[2024-12-07T00:10:09.890+0000] {dag_data.py:22} INFO - Message delivered to api [0]
[2024-12-07T00:10:09.890+0000] {dag_data.py:22} INFO - Message delivered to api [0]
[2024-12-07T00:10:09.890+0000] {dag_data.py:22} INFO - Message delivered to api [0]
[2024-12-07T00:10:09.890+0000] {dag_data.py:22} INFO - Message delivered to api [0]
[2024-12-07T00:10:09.891+0000] {dag_data.py:22} INFO - Message delivered to api [0]
[2024-12-07T00:10:09.891+0000] {dag_data.py:22} INFO - Message delivered to api [0]
[2024-12-07T00:10:09.891+0000] {dag_data.py:22} INFO - Message delivered to api [0]
[2024-12-07T00:10:09.892+0000] {dag_data.py:22} INFO - Message delivered to api [0]
[2024-12-07T00:10:09.892+0000] {dag_data.py:22} INFO - Message delivered to api [0]
[2024-12-07T00:10:09.892+0000] {dag_data.py:22} INFO - Message delivered to api [0]
[2024-12-07T00:10:09.892+0000] {dag_data.py:22} INFO - Message delivered to api [0]
[2024-12-07T00:10:09.893+0000] {dag_data.py:22} INFO - Message delivered to api [0]
[2024-12-07T00:10:09.893+0000] {dag_data.py:22} INFO - Message delivered to api [0]
[2024-12-07T00:10:09.893+0000] {dag_data.py:22} INFO - Message delivered to api [0]
[2024-12-07T00:10:09.893+0000] {dag_data.py:22} INFO - Message delivered to api [0]
[2024-12-07T00:10:09.894+0000] {dag_data.py:22} INFO - Message delivered to api [0]
[2024-12-07T00:10:09.894+0000] {dag_data.py:22} INFO - Message delivered to api [0]
[2024-12-07T00:10:09.894+0000] {dag_data.py:22} INFO - Message delivered to api [0]
[2024-12-07T00:10:09.895+0000] {dag_data.py:22} INFO - Message delivered to api [0]
[2024-12-07T00:10:09.895+0000] {dag_data.py:22} INFO - Message delivered to api [0]
[2024-12-07T00:10:09.896+0000] {dag_data.py:22} INFO - Message delivered to api [0]
[2024-12-07T00:10:09.896+0000] {dag_data.py:22} INFO - Message delivered to api [0]
[2024-12-07T00:10:09.896+0000] {dag_data.py:22} INFO - Message delivered to api [0]
[2024-12-07T00:10:09.897+0000] {dag_data.py:22} INFO - Message delivered to api [0]
[2024-12-07T00:10:09.897+0000] {dag_data.py:22} INFO - Message delivered to api [0]
[2024-12-07T00:10:09.897+0000] {dag_data.py:22} INFO - Message delivered to api [0]
[2024-12-07T00:10:09.897+0000] {dag_data.py:22} INFO - Message delivered to api [0]
[2024-12-07T00:10:09.898+0000] {dag_data.py:22} INFO - Message delivered to api [0]
[2024-12-07T00:10:09.898+0000] {dag_data.py:22} INFO - Message delivered to api [0]
[2024-12-07T00:10:09.898+0000] {dag_data.py:22} INFO - Message delivered to api [0]
[2024-12-07T00:10:09.898+0000] {dag_data.py:22} INFO - Message delivered to api [0]
[2024-12-07T00:10:09.899+0000] {dag_data.py:22} INFO - Message delivered to api [0]
[2024-12-07T00:10:09.899+0000] {dag_data.py:22} INFO - Message delivered to api [0]
[2024-12-07T00:10:09.899+0000] {dag_data.py:22} INFO - Message delivered to api [0]
[2024-12-07T00:10:09.899+0000] {dag_data.py:22} INFO - Message delivered to api [0]
[2024-12-07T00:10:09.900+0000] {dag_data.py:22} INFO - Message delivered to api [0]
[2024-12-07T00:10:09.900+0000] {dag_data.py:22} INFO - Message delivered to api [0]
[2024-12-07T00:10:09.900+0000] {dag_data.py:22} INFO - Message delivered to api [0]
[2024-12-07T00:10:09.901+0000] {dag_data.py:22} INFO - Message delivered to api [0]
[2024-12-07T00:10:09.901+0000] {dag_data.py:22} INFO - Message delivered to api [0]
[2024-12-07T00:10:09.901+0000] {dag_data.py:22} INFO - Message delivered to api [0]
[2024-12-07T00:10:09.901+0000] {dag_data.py:22} INFO - Message delivered to api [0]
[2024-12-07T00:10:09.902+0000] {dag_data.py:22} INFO - Message delivered to api [0]
[2024-12-07T00:10:09.902+0000] {dag_data.py:22} INFO - Message delivered to api [0]
[2024-12-07T00:10:09.902+0000] {dag_data.py:22} INFO - Message delivered to api [0]
[2024-12-07T00:10:09.902+0000] {dag_data.py:22} INFO - Message delivered to api [0]
[2024-12-07T00:10:09.903+0000] {dag_data.py:22} INFO - Message delivered to api [0]
[2024-12-07T00:10:09.903+0000] {dag_data.py:22} INFO - Message delivered to api [0]
[2024-12-07T00:10:09.903+0000] {dag_data.py:22} INFO - Message delivered to api [0]
[2024-12-07T00:10:09.904+0000] {dag_data.py:22} INFO - Message delivered to api [0]
[2024-12-07T00:10:09.904+0000] {dag_data.py:22} INFO - Message delivered to api [0]
[2024-12-07T00:10:09.904+0000] {dag_data.py:22} INFO - Message delivered to api [0]
[2024-12-07T00:10:09.904+0000] {dag_data.py:22} INFO - Message delivered to api [0]
[2024-12-07T00:10:09.905+0000] {dag_data.py:22} INFO - Message delivered to api [0]
[2024-12-07T00:10:09.905+0000] {dag_data.py:22} INFO - Message delivered to api [0]
[2024-12-07T00:10:09.905+0000] {dag_data.py:22} INFO - Message delivered to api [0]
[2024-12-07T00:10:09.906+0000] {dag_data.py:22} INFO - Message delivered to api [0]
[2024-12-07T00:10:09.906+0000] {dag_data.py:22} INFO - Message delivered to api [0]
[2024-12-07T00:10:09.906+0000] {dag_data.py:22} INFO - Message delivered to api [0]
[2024-12-07T00:10:09.906+0000] {dag_data.py:22} INFO - Message delivered to api [0]
[2024-12-07T00:10:09.907+0000] {dag_data.py:22} INFO - Message delivered to api [0]
[2024-12-07T00:10:09.907+0000] {dag_data.py:22} INFO - Message delivered to api [0]
[2024-12-07T00:10:09.907+0000] {dag_data.py:22} INFO - Message delivered to api [0]
[2024-12-07T00:10:09.908+0000] {dag_data.py:22} INFO - Message delivered to api [0]
[2024-12-07T00:10:09.908+0000] {dag_data.py:22} INFO - Message delivered to api [0]
[2024-12-07T00:10:09.908+0000] {dag_data.py:22} INFO - Message delivered to api [0]
[2024-12-07T00:10:09.909+0000] {dag_data.py:22} INFO - Message delivered to api [0]
[2024-12-07T00:10:09.909+0000] {dag_data.py:22} INFO - Message delivered to api [0]
[2024-12-07T00:10:09.909+0000] {dag_data.py:22} INFO - Message delivered to api [0]
[2024-12-07T00:10:09.909+0000] {dag_data.py:22} INFO - Message delivered to api [0]
[2024-12-07T00:10:09.910+0000] {dag_data.py:22} INFO - Message delivered to api [0]
[2024-12-07T00:10:09.910+0000] {dag_data.py:22} INFO - Message delivered to api [0]
[2024-12-07T00:10:09.910+0000] {dag_data.py:22} INFO - Message delivered to api [0]
[2024-12-07T00:10:09.910+0000] {dag_data.py:22} INFO - Message delivered to api [0]
[2024-12-07T00:10:09.911+0000] {dag_data.py:22} INFO - Message delivered to api [0]
[2024-12-07T00:10:09.911+0000] {dag_data.py:22} INFO - Message delivered to api [0]
[2024-12-07T00:10:09.911+0000] {dag_data.py:22} INFO - Message delivered to api [0]
[2024-12-07T00:10:09.911+0000] {dag_data.py:22} INFO - Message delivered to api [0]
[2024-12-07T00:10:09.912+0000] {dag_data.py:22} INFO - Message delivered to api [0]
[2024-12-07T00:10:09.912+0000] {dag_data.py:22} INFO - Message delivered to api [0]
[2024-12-07T00:10:09.913+0000] {dag_data.py:22} INFO - Message delivered to api [0]
[2024-12-07T00:10:09.913+0000] {dag_data.py:22} INFO - Message delivered to api [0]
[2024-12-07T00:10:09.913+0000] {dag_data.py:22} INFO - Message delivered to api [0]
[2024-12-07T00:10:09.913+0000] {dag_data.py:22} INFO - Message delivered to api [0]
[2024-12-07T00:10:09.914+0000] {dag_data.py:22} INFO - Message delivered to api [0]
[2024-12-07T00:10:09.914+0000] {dag_data.py:22} INFO - Message delivered to api [0]
[2024-12-07T00:10:09.914+0000] {dag_data.py:22} INFO - Message delivered to api [0]
[2024-12-07T00:10:09.915+0000] {dag_data.py:22} INFO - Message delivered to api [0]
[2024-12-07T00:10:09.915+0000] {dag_data.py:22} INFO - Message delivered to api [0]
[2024-12-07T00:10:09.915+0000] {dag_data.py:22} INFO - Message delivered to api [0]
[2024-12-07T00:10:09.915+0000] {dag_data.py:22} INFO - Message delivered to api [0]
[2024-12-07T00:10:09.916+0000] {dag_data.py:22} INFO - Message delivered to api [0]
[2024-12-07T00:10:09.916+0000] {dag_data.py:22} INFO - Message delivered to api [0]
[2024-12-07T00:10:09.916+0000] {dag_data.py:22} INFO - Message delivered to api [0]
[2024-12-07T00:10:09.916+0000] {dag_data.py:22} INFO - Message delivered to api [0]
[2024-12-07T00:10:09.917+0000] {dag_data.py:22} INFO - Message delivered to api [0]
[2024-12-07T00:10:09.917+0000] {dag_data.py:22} INFO - Message delivered to api [0]
[2024-12-07T00:10:09.917+0000] {dag_data.py:22} INFO - Message delivered to api [0]
[2024-12-07T00:10:09.917+0000] {dag_data.py:22} INFO - Message delivered to api [0]
[2024-12-07T00:10:09.918+0000] {dag_data.py:22} INFO - Message delivered to api [0]
[2024-12-07T00:10:09.918+0000] {dag_data.py:22} INFO - Message delivered to api [0]
[2024-12-07T00:10:09.918+0000] {dag_data.py:22} INFO - Message delivered to api [0]
[2024-12-07T00:10:09.919+0000] {dag_data.py:22} INFO - Message delivered to api [0]
[2024-12-07T00:10:09.919+0000] {dag_data.py:22} INFO - Message delivered to api [0]
[2024-12-07T00:10:09.920+0000] {dag_data.py:22} INFO - Message delivered to api [0]
[2024-12-07T00:10:09.920+0000] {dag_data.py:22} INFO - Message delivered to api [0]
[2024-12-07T00:10:09.920+0000] {dag_data.py:22} INFO - Message delivered to api [0]
[2024-12-07T00:10:09.921+0000] {dag_data.py:22} INFO - Message delivered to api [0]
[2024-12-07T00:10:09.921+0000] {dag_data.py:22} INFO - Message delivered to api [0]
[2024-12-07T00:10:09.921+0000] {dag_data.py:22} INFO - Message delivered to api [0]
[2024-12-07T00:10:09.922+0000] {dag_data.py:22} INFO - Message delivered to api [0]
[2024-12-07T00:10:09.922+0000] {dag_data.py:22} INFO - Message delivered to api [0]
[2024-12-07T00:10:09.922+0000] {dag_data.py:22} INFO - Message delivered to api [0]
[2024-12-07T00:10:09.922+0000] {dag_data.py:22} INFO - Message delivered to api [0]
[2024-12-07T00:10:09.923+0000] {dag_data.py:22} INFO - Message delivered to api [0]
[2024-12-07T00:10:09.923+0000] {dag_data.py:22} INFO - Message delivered to api [0]
[2024-12-07T00:10:09.923+0000] {dag_data.py:22} INFO - Message delivered to api [0]
[2024-12-07T00:10:09.924+0000] {dag_data.py:22} INFO - Message delivered to api [0]
[2024-12-07T00:10:09.924+0000] {dag_data.py:22} INFO - Message delivered to api [0]
[2024-12-07T00:10:09.924+0000] {dag_data.py:22} INFO - Message delivered to api [0]
[2024-12-07T00:10:09.925+0000] {dag_data.py:22} INFO - Message delivered to api [0]
[2024-12-07T00:10:09.925+0000] {dag_data.py:22} INFO - Message delivered to api [0]
[2024-12-07T00:10:09.925+0000] {dag_data.py:22} INFO - Message delivered to api [0]
[2024-12-07T00:10:09.925+0000] {dag_data.py:22} INFO - Message delivered to api [0]
[2024-12-07T00:10:09.926+0000] {dag_data.py:22} INFO - Message delivered to api [0]
[2024-12-07T00:10:09.926+0000] {dag_data.py:22} INFO - Message delivered to api [0]
[2024-12-07T00:10:09.926+0000] {dag_data.py:22} INFO - Message delivered to api [0]
[2024-12-07T00:10:09.926+0000] {dag_data.py:22} INFO - Message delivered to api [0]
[2024-12-07T00:10:09.927+0000] {dag_data.py:22} INFO - Message delivered to api [0]
[2024-12-07T00:10:09.927+0000] {dag_data.py:22} INFO - Message delivered to api [0]
[2024-12-07T00:10:09.927+0000] {dag_data.py:22} INFO - Message delivered to api [0]
[2024-12-07T00:10:09.927+0000] {dag_data.py:22} INFO - Message delivered to api [0]
[2024-12-07T00:10:09.927+0000] {dag_data.py:22} INFO - Message delivered to api [0]
[2024-12-07T00:10:09.928+0000] {dag_data.py:22} INFO - Message delivered to api [0]
[2024-12-07T00:10:09.928+0000] {dag_data.py:22} INFO - Message delivered to api [0]
[2024-12-07T00:10:09.928+0000] {dag_data.py:22} INFO - Message delivered to api [0]
[2024-12-07T00:10:09.928+0000] {dag_data.py:22} INFO - Message delivered to api [0]
[2024-12-07T00:10:09.929+0000] {dag_data.py:22} INFO - Message delivered to api [0]
[2024-12-07T00:10:09.929+0000] {dag_data.py:22} INFO - Message delivered to api [0]
[2024-12-07T00:10:09.929+0000] {dag_data.py:22} INFO - Message delivered to api [0]
[2024-12-07T00:10:09.929+0000] {dag_data.py:22} INFO - Message delivered to api [0]
[2024-12-07T00:10:09.929+0000] {dag_data.py:22} INFO - Message delivered to api [0]
[2024-12-07T00:10:09.930+0000] {dag_data.py:22} INFO - Message delivered to api [0]
[2024-12-07T00:10:09.930+0000] {dag_data.py:22} INFO - Message delivered to api [0]
[2024-12-07T00:10:09.930+0000] {dag_data.py:22} INFO - Message delivered to api [0]
[2024-12-07T00:10:09.930+0000] {dag_data.py:22} INFO - Message delivered to api [0]
[2024-12-07T00:10:09.930+0000] {dag_data.py:22} INFO - Message delivered to api [0]
[2024-12-07T00:10:09.930+0000] {dag_data.py:22} INFO - Message delivered to api [0]
[2024-12-07T00:10:09.931+0000] {dag_data.py:22} INFO - Message delivered to api [0]
[2024-12-07T00:10:09.931+0000] {dag_data.py:22} INFO - Message delivered to api [0]
[2024-12-07T00:10:09.931+0000] {dag_data.py:22} INFO - Message delivered to api [0]
[2024-12-07T00:10:09.931+0000] {dag_data.py:22} INFO - Message delivered to api [0]
[2024-12-07T00:10:09.931+0000] {dag_data.py:22} INFO - Message delivered to api [0]
[2024-12-07T00:10:09.932+0000] {dag_data.py:22} INFO - Message delivered to api [0]
[2024-12-07T00:10:09.932+0000] {dag_data.py:22} INFO - Message delivered to api [0]
[2024-12-07T00:10:09.932+0000] {dag_data.py:22} INFO - Message delivered to api [0]
[2024-12-07T00:10:09.932+0000] {dag_data.py:22} INFO - Message delivered to api [0]
[2024-12-07T00:10:09.932+0000] {dag_data.py:22} INFO - Message delivered to api [0]
[2024-12-07T00:10:09.932+0000] {dag_data.py:22} INFO - Message delivered to api [0]
[2024-12-07T00:10:09.932+0000] {dag_data.py:22} INFO - Message delivered to api [0]
[2024-12-07T00:10:09.933+0000] {dag_data.py:22} INFO - Message delivered to api [0]
[2024-12-07T00:10:09.933+0000] {dag_data.py:22} INFO - Message delivered to api [0]
[2024-12-07T00:10:09.933+0000] {dag_data.py:22} INFO - Message delivered to api [0]
[2024-12-07T00:10:09.933+0000] {dag_data.py:22} INFO - Message delivered to api [0]
[2024-12-07T00:10:09.934+0000] {dag_data.py:22} INFO - Message delivered to api [0]
[2024-12-07T00:10:09.934+0000] {dag_data.py:22} INFO - Message delivered to api [0]
[2024-12-07T00:10:09.934+0000] {dag_data.py:22} INFO - Message delivered to api [0]
[2024-12-07T00:10:09.934+0000] {dag_data.py:22} INFO - Message delivered to api [0]
[2024-12-07T00:10:09.934+0000] {dag_data.py:22} INFO - Message delivered to api [0]
[2024-12-07T00:10:09.935+0000] {dag_data.py:22} INFO - Message delivered to api [0]
[2024-12-07T00:10:09.935+0000] {dag_data.py:22} INFO - Message delivered to api [0]
[2024-12-07T00:10:09.935+0000] {dag_data.py:22} INFO - Message delivered to api [0]
[2024-12-07T00:10:09.936+0000] {dag_data.py:22} INFO - Message delivered to api [0]
[2024-12-07T00:10:09.936+0000] {dag_data.py:22} INFO - Message delivered to api [0]
[2024-12-07T00:10:09.936+0000] {dag_data.py:22} INFO - Message delivered to api [0]
[2024-12-07T00:10:09.936+0000] {dag_data.py:22} INFO - Message delivered to api [0]
[2024-12-07T00:10:09.937+0000] {dag_data.py:22} INFO - Message delivered to api [0]
[2024-12-07T00:10:09.937+0000] {dag_data.py:22} INFO - Message delivered to api [0]
[2024-12-07T00:10:09.937+0000] {dag_data.py:22} INFO - Message delivered to api [0]
[2024-12-07T00:10:09.937+0000] {dag_data.py:22} INFO - Message delivered to api [0]
[2024-12-07T00:10:09.937+0000] {dag_data.py:22} INFO - Message delivered to api [0]
[2024-12-07T00:10:09.938+0000] {dag_data.py:22} INFO - Message delivered to api [0]
[2024-12-07T00:10:09.938+0000] {dag_data.py:22} INFO - Message delivered to api [0]
[2024-12-07T00:10:09.938+0000] {dag_data.py:22} INFO - Message delivered to api [0]
[2024-12-07T00:10:09.938+0000] {dag_data.py:22} INFO - Message delivered to api [0]
[2024-12-07T00:10:09.938+0000] {dag_data.py:22} INFO - Message delivered to api [0]
[2024-12-07T00:10:09.938+0000] {dag_data.py:22} INFO - Message delivered to api [0]
[2024-12-07T00:10:09.939+0000] {dag_data.py:22} INFO - Message delivered to api [0]
[2024-12-07T00:10:09.939+0000] {dag_data.py:22} INFO - Message delivered to api [0]
[2024-12-07T00:10:09.939+0000] {dag_data.py:22} INFO - Message delivered to api [0]
[2024-12-07T00:10:09.939+0000] {dag_data.py:22} INFO - Message delivered to api [0]
[2024-12-07T00:10:09.939+0000] {dag_data.py:22} INFO - Message delivered to api [0]
[2024-12-07T00:10:09.940+0000] {dag_data.py:22} INFO - Message delivered to api [0]
[2024-12-07T00:10:09.940+0000] {dag_data.py:22} INFO - Message delivered to api [0]
[2024-12-07T00:10:09.940+0000] {dag_data.py:22} INFO - Message delivered to api [0]
[2024-12-07T00:10:09.940+0000] {dag_data.py:22} INFO - Message delivered to api [0]
[2024-12-07T00:10:09.941+0000] {dag_data.py:22} INFO - Message delivered to api [0]
[2024-12-07T00:10:09.941+0000] {dag_data.py:22} INFO - Message delivered to api [0]
[2024-12-07T00:10:09.941+0000] {dag_data.py:22} INFO - Message delivered to api [0]
[2024-12-07T00:10:09.941+0000] {dag_data.py:22} INFO - Message delivered to api [0]
[2024-12-07T00:10:09.942+0000] {dag_data.py:22} INFO - Message delivered to api [0]
[2024-12-07T00:10:09.942+0000] {dag_data.py:22} INFO - Message delivered to api [0]
[2024-12-07T00:10:09.942+0000] {dag_data.py:22} INFO - Message delivered to api [0]
[2024-12-07T00:10:09.942+0000] {dag_data.py:22} INFO - Message delivered to api [0]
[2024-12-07T00:10:09.943+0000] {dag_data.py:22} INFO - Message delivered to api [0]
[2024-12-07T00:10:09.943+0000] {dag_data.py:22} INFO - Message delivered to api [0]
[2024-12-07T00:10:09.943+0000] {dag_data.py:22} INFO - Message delivered to api [0]
[2024-12-07T00:10:09.944+0000] {dag_data.py:22} INFO - Message delivered to api [0]
[2024-12-07T00:10:09.944+0000] {dag_data.py:22} INFO - Message delivered to api [0]
[2024-12-07T00:10:09.944+0000] {dag_data.py:22} INFO - Message delivered to api [0]
[2024-12-07T00:10:09.944+0000] {dag_data.py:22} INFO - Message delivered to api [0]
[2024-12-07T00:10:09.945+0000] {dag_data.py:22} INFO - Message delivered to api [0]
[2024-12-07T00:10:09.945+0000] {dag_data.py:22} INFO - Message delivered to api [0]
[2024-12-07T00:10:09.945+0000] {dag_data.py:22} INFO - Message delivered to api [0]
[2024-12-07T00:10:09.946+0000] {dag_data.py:22} INFO - Message delivered to api [0]
[2024-12-07T00:10:09.946+0000] {dag_data.py:22} INFO - Message delivered to api [0]
[2024-12-07T00:10:09.946+0000] {dag_data.py:22} INFO - Message delivered to api [0]
[2024-12-07T00:10:09.947+0000] {dag_data.py:22} INFO - Message delivered to api [0]
[2024-12-07T00:10:09.947+0000] {dag_data.py:22} INFO - Message delivered to api [0]
[2024-12-07T00:10:09.947+0000] {dag_data.py:22} INFO - Message delivered to api [0]
[2024-12-07T00:10:09.947+0000] {dag_data.py:22} INFO - Message delivered to api [0]
[2024-12-07T00:10:09.947+0000] {dag_data.py:22} INFO - Message delivered to api [0]
[2024-12-07T00:10:09.948+0000] {dag_data.py:22} INFO - Message delivered to api [0]
[2024-12-07T00:10:09.948+0000] {dag_data.py:22} INFO - Message delivered to api [0]
[2024-12-07T00:10:09.948+0000] {dag_data.py:22} INFO - Message delivered to api [0]
[2024-12-07T00:10:09.948+0000] {dag_data.py:22} INFO - Message delivered to api [0]
[2024-12-07T00:10:09.948+0000] {dag_data.py:22} INFO - Message delivered to api [0]
[2024-12-07T00:10:09.949+0000] {dag_data.py:22} INFO - Message delivered to api [0]
[2024-12-07T00:10:09.949+0000] {dag_data.py:22} INFO - Message delivered to api [0]
[2024-12-07T00:10:09.949+0000] {dag_data.py:22} INFO - Message delivered to api [0]
[2024-12-07T00:10:09.949+0000] {dag_data.py:22} INFO - Message delivered to api [0]
[2024-12-07T00:10:09.949+0000] {dag_data.py:22} INFO - Message delivered to api [0]
[2024-12-07T00:10:09.950+0000] {dag_data.py:22} INFO - Message delivered to api [0]
[2024-12-07T00:10:09.950+0000] {dag_data.py:22} INFO - Message delivered to api [0]
[2024-12-07T00:10:09.950+0000] {dag_data.py:22} INFO - Message delivered to api [0]
[2024-12-07T00:10:09.950+0000] {dag_data.py:22} INFO - Message delivered to api [0]
[2024-12-07T00:10:09.950+0000] {dag_data.py:22} INFO - Message delivered to api [0]
[2024-12-07T00:10:09.951+0000] {dag_data.py:22} INFO - Message delivered to api [0]
[2024-12-07T00:10:09.951+0000] {dag_data.py:22} INFO - Message delivered to api [0]
[2024-12-07T00:10:09.951+0000] {dag_data.py:22} INFO - Message delivered to api [0]
[2024-12-07T00:10:09.952+0000] {dag_data.py:22} INFO - Message delivered to api [0]
[2024-12-07T00:10:09.952+0000] {dag_data.py:22} INFO - Message delivered to api [0]
[2024-12-07T00:10:09.952+0000] {dag_data.py:22} INFO - Message delivered to api [0]
[2024-12-07T00:10:09.952+0000] {dag_data.py:22} INFO - Message delivered to api [0]
[2024-12-07T00:10:09.952+0000] {dag_data.py:22} INFO - Message delivered to api [0]
[2024-12-07T00:10:09.953+0000] {dag_data.py:22} INFO - Message delivered to api [0]
[2024-12-07T00:10:09.953+0000] {dag_data.py:22} INFO - Message delivered to api [0]
[2024-12-07T00:10:09.953+0000] {dag_data.py:22} INFO - Message delivered to api [0]
[2024-12-07T00:10:09.953+0000] {dag_data.py:22} INFO - Message delivered to api [0]
[2024-12-07T00:10:09.954+0000] {dag_data.py:22} INFO - Message delivered to api [0]
[2024-12-07T00:10:09.954+0000] {dag_data.py:22} INFO - Message delivered to api [0]
[2024-12-07T00:10:09.954+0000] {dag_data.py:22} INFO - Message delivered to api [0]
[2024-12-07T00:10:09.954+0000] {dag_data.py:22} INFO - Message delivered to api [0]
[2024-12-07T00:10:09.955+0000] {dag_data.py:22} INFO - Message delivered to api [0]
[2024-12-07T00:10:09.955+0000] {dag_data.py:22} INFO - Message delivered to api [0]
[2024-12-07T00:10:09.955+0000] {dag_data.py:22} INFO - Message delivered to api [0]
[2024-12-07T00:10:09.955+0000] {dag_data.py:22} INFO - Message delivered to api [0]
[2024-12-07T00:10:09.956+0000] {dag_data.py:22} INFO - Message delivered to api [0]
[2024-12-07T00:10:09.956+0000] {dag_data.py:22} INFO - Message delivered to api [0]
[2024-12-07T00:10:09.956+0000] {dag_data.py:22} INFO - Message delivered to api [0]
[2024-12-07T00:10:09.956+0000] {dag_data.py:22} INFO - Message delivered to api [0]
[2024-12-07T00:10:09.957+0000] {dag_data.py:22} INFO - Message delivered to api [0]
[2024-12-07T00:10:09.957+0000] {dag_data.py:22} INFO - Message delivered to api [0]
[2024-12-07T00:10:09.957+0000] {dag_data.py:22} INFO - Message delivered to api [0]
[2024-12-07T00:10:09.957+0000] {dag_data.py:22} INFO - Message delivered to api [0]
[2024-12-07T00:10:09.957+0000] {dag_data.py:22} INFO - Message delivered to api [0]
[2024-12-07T00:10:09.958+0000] {dag_data.py:22} INFO - Message delivered to api [0]
[2024-12-07T00:10:09.958+0000] {dag_data.py:22} INFO - Message delivered to api [0]
[2024-12-07T00:10:09.958+0000] {dag_data.py:22} INFO - Message delivered to api [0]
[2024-12-07T00:10:09.958+0000] {dag_data.py:22} INFO - Message delivered to api [0]
[2024-12-07T00:10:09.958+0000] {dag_data.py:22} INFO - Message delivered to api [0]
[2024-12-07T00:10:09.959+0000] {dag_data.py:22} INFO - Message delivered to api [0]
[2024-12-07T00:10:09.959+0000] {dag_data.py:22} INFO - Message delivered to api [0]
[2024-12-07T00:10:09.959+0000] {dag_data.py:22} INFO - Message delivered to api [0]
[2024-12-07T00:10:09.959+0000] {dag_data.py:22} INFO - Message delivered to api [0]
[2024-12-07T00:10:09.960+0000] {dag_data.py:22} INFO - Message delivered to api [0]
[2024-12-07T00:10:09.960+0000] {dag_data.py:22} INFO - Message delivered to api [0]
[2024-12-07T00:10:09.960+0000] {dag_data.py:22} INFO - Message delivered to api [0]
[2024-12-07T00:10:09.960+0000] {dag_data.py:22} INFO - Message delivered to api [0]
[2024-12-07T00:10:09.960+0000] {dag_data.py:22} INFO - Message delivered to api [0]
[2024-12-07T00:10:09.961+0000] {dag_data.py:22} INFO - Message delivered to api [0]
[2024-12-07T00:10:09.961+0000] {dag_data.py:22} INFO - Message delivered to api [0]
[2024-12-07T00:10:09.961+0000] {dag_data.py:22} INFO - Message delivered to api [0]
[2024-12-07T00:10:09.962+0000] {dag_data.py:22} INFO - Message delivered to api [0]
[2024-12-07T00:10:09.962+0000] {dag_data.py:22} INFO - Message delivered to api [0]
[2024-12-07T00:10:09.962+0000] {dag_data.py:22} INFO - Message delivered to api [0]
[2024-12-07T00:10:09.963+0000] {dag_data.py:22} INFO - Message delivered to api [0]
[2024-12-07T00:10:09.963+0000] {dag_data.py:22} INFO - Message delivered to api [0]
[2024-12-07T00:10:09.963+0000] {dag_data.py:22} INFO - Message delivered to api [0]
[2024-12-07T00:10:09.963+0000] {dag_data.py:22} INFO - Message delivered to api [0]
[2024-12-07T00:10:09.964+0000] {dag_data.py:22} INFO - Message delivered to api [0]
[2024-12-07T00:10:09.964+0000] {dag_data.py:22} INFO - Message delivered to api [0]
[2024-12-07T00:10:09.964+0000] {dag_data.py:22} INFO - Message delivered to api [0]
[2024-12-07T00:10:09.964+0000] {dag_data.py:22} INFO - Message delivered to api [0]
[2024-12-07T00:10:09.964+0000] {dag_data.py:22} INFO - Message delivered to api [0]
[2024-12-07T00:10:09.965+0000] {dag_data.py:22} INFO - Message delivered to api [0]
[2024-12-07T00:10:09.965+0000] {dag_data.py:22} INFO - Message delivered to api [0]
[2024-12-07T00:10:09.965+0000] {dag_data.py:22} INFO - Message delivered to api [0]
[2024-12-07T00:10:09.965+0000] {dag_data.py:22} INFO - Message delivered to api [0]
[2024-12-07T00:10:09.965+0000] {dag_data.py:22} INFO - Message delivered to api [0]
[2024-12-07T00:10:09.966+0000] {dag_data.py:22} INFO - Message delivered to api [0]
[2024-12-07T00:10:09.966+0000] {dag_data.py:22} INFO - Message delivered to api [0]
[2024-12-07T00:10:09.966+0000] {dag_data.py:22} INFO - Message delivered to api [0]
[2024-12-07T00:10:09.967+0000] {dag_data.py:22} INFO - Message delivered to api [0]
[2024-12-07T00:10:09.967+0000] {dag_data.py:22} INFO - Message delivered to api [0]
[2024-12-07T00:10:09.967+0000] {dag_data.py:22} INFO - Message delivered to api [0]
[2024-12-07T00:10:09.967+0000] {dag_data.py:22} INFO - Message delivered to api [0]
[2024-12-07T00:10:09.967+0000] {dag_data.py:22} INFO - Message delivered to api [0]
[2024-12-07T00:10:09.968+0000] {dag_data.py:22} INFO - Message delivered to api [0]
[2024-12-07T00:10:09.968+0000] {dag_data.py:22} INFO - Message delivered to api [0]
[2024-12-07T00:10:09.968+0000] {dag_data.py:22} INFO - Message delivered to api [0]
[2024-12-07T00:10:09.968+0000] {dag_data.py:22} INFO - Message delivered to api [0]
[2024-12-07T00:10:09.969+0000] {dag_data.py:22} INFO - Message delivered to api [0]
[2024-12-07T00:10:09.969+0000] {dag_data.py:22} INFO - Message delivered to api [0]
[2024-12-07T00:10:09.969+0000] {dag_data.py:22} INFO - Message delivered to api [0]
[2024-12-07T00:10:09.969+0000] {dag_data.py:22} INFO - Message delivered to api [0]
[2024-12-07T00:10:09.970+0000] {dag_data.py:22} INFO - Message delivered to api [0]
[2024-12-07T00:10:09.970+0000] {dag_data.py:22} INFO - Message delivered to api [0]
[2024-12-07T00:10:09.970+0000] {dag_data.py:22} INFO - Message delivered to api [0]
[2024-12-07T00:10:09.970+0000] {dag_data.py:22} INFO - Message delivered to api [0]
[2024-12-07T00:10:09.970+0000] {dag_data.py:22} INFO - Message delivered to api [0]
[2024-12-07T00:10:09.971+0000] {dag_data.py:22} INFO - Message delivered to api [0]
[2024-12-07T00:10:09.971+0000] {dag_data.py:22} INFO - Message delivered to api [0]
[2024-12-07T00:10:09.971+0000] {dag_data.py:22} INFO - Message delivered to api [0]
[2024-12-07T00:10:09.971+0000] {dag_data.py:22} INFO - Message delivered to api [0]
[2024-12-07T00:10:09.972+0000] {dag_data.py:22} INFO - Message delivered to api [0]
[2024-12-07T00:10:09.972+0000] {dag_data.py:22} INFO - Message delivered to api [0]
[2024-12-07T00:10:09.972+0000] {dag_data.py:22} INFO - Message delivered to api [0]
[2024-12-07T00:10:09.972+0000] {dag_data.py:22} INFO - Message delivered to api [0]
[2024-12-07T00:10:09.972+0000] {dag_data.py:22} INFO - Message delivered to api [0]
[2024-12-07T00:10:09.973+0000] {dag_data.py:22} INFO - Message delivered to api [0]
[2024-12-07T00:10:09.973+0000] {dag_data.py:22} INFO - Message delivered to api [0]
[2024-12-07T00:10:09.973+0000] {dag_data.py:22} INFO - Message delivered to api [0]
[2024-12-07T00:10:09.973+0000] {dag_data.py:22} INFO - Message delivered to api [0]
[2024-12-07T00:10:09.974+0000] {dag_data.py:22} INFO - Message delivered to api [0]
[2024-12-07T00:10:09.974+0000] {dag_data.py:22} INFO - Message delivered to api [0]
[2024-12-07T00:10:09.974+0000] {dag_data.py:22} INFO - Message delivered to api [0]
[2024-12-07T00:10:09.974+0000] {dag_data.py:22} INFO - Message delivered to api [0]
[2024-12-07T00:10:09.974+0000] {dag_data.py:22} INFO - Message delivered to api [0]
[2024-12-07T00:10:09.975+0000] {dag_data.py:22} INFO - Message delivered to api [0]
[2024-12-07T00:10:09.975+0000] {dag_data.py:22} INFO - Message delivered to api [0]
[2024-12-07T00:10:09.975+0000] {dag_data.py:22} INFO - Message delivered to api [0]
[2024-12-07T00:10:09.975+0000] {dag_data.py:22} INFO - Message delivered to api [0]
[2024-12-07T00:10:09.976+0000] {dag_data.py:22} INFO - Message delivered to api [0]
[2024-12-07T00:10:09.976+0000] {dag_data.py:22} INFO - Message delivered to api [0]
[2024-12-07T00:10:09.976+0000] {dag_data.py:22} INFO - Message delivered to api [0]
[2024-12-07T00:10:09.976+0000] {dag_data.py:22} INFO - Message delivered to api [0]
[2024-12-07T00:10:09.977+0000] {dag_data.py:22} INFO - Message delivered to api [0]
[2024-12-07T00:10:09.977+0000] {dag_data.py:22} INFO - Message delivered to api [0]
[2024-12-07T00:10:09.977+0000] {dag_data.py:22} INFO - Message delivered to api [0]
[2024-12-07T00:10:09.978+0000] {dag_data.py:22} INFO - Message delivered to api [0]
[2024-12-07T00:10:09.978+0000] {dag_data.py:22} INFO - Message delivered to api [0]
[2024-12-07T00:10:09.978+0000] {dag_data.py:22} INFO - Message delivered to api [0]
[2024-12-07T00:10:09.979+0000] {dag_data.py:22} INFO - Message delivered to api [0]
[2024-12-07T00:10:09.979+0000] {dag_data.py:22} INFO - Message delivered to api [0]
[2024-12-07T00:10:09.979+0000] {dag_data.py:22} INFO - Message delivered to api [0]
[2024-12-07T00:10:09.980+0000] {dag_data.py:22} INFO - Message delivered to api [0]
[2024-12-07T00:10:09.980+0000] {dag_data.py:22} INFO - Message delivered to api [0]
[2024-12-07T00:10:09.980+0000] {dag_data.py:22} INFO - Message delivered to api [0]
[2024-12-07T00:10:09.980+0000] {dag_data.py:22} INFO - Message delivered to api [0]
[2024-12-07T00:10:09.980+0000] {dag_data.py:22} INFO - Message delivered to api [0]
[2024-12-07T00:10:09.981+0000] {dag_data.py:22} INFO - Message delivered to api [0]
[2024-12-07T00:10:09.981+0000] {dag_data.py:22} INFO - Message delivered to api [0]
[2024-12-07T00:10:09.981+0000] {dag_data.py:22} INFO - Message delivered to api [0]
[2024-12-07T00:10:09.981+0000] {dag_data.py:22} INFO - Message delivered to api [0]
[2024-12-07T00:10:09.981+0000] {dag_data.py:22} INFO - Message delivered to api [0]
[2024-12-07T00:10:09.982+0000] {dag_data.py:22} INFO - Message delivered to api [0]
[2024-12-07T00:10:09.982+0000] {dag_data.py:22} INFO - Message delivered to api [0]
[2024-12-07T00:10:09.982+0000] {dag_data.py:22} INFO - Message delivered to api [0]
[2024-12-07T00:10:09.982+0000] {dag_data.py:22} INFO - Message delivered to api [0]
[2024-12-07T00:10:09.983+0000] {dag_data.py:22} INFO - Message delivered to api [0]
[2024-12-07T00:10:09.983+0000] {dag_data.py:22} INFO - Message delivered to api [0]
[2024-12-07T00:10:09.983+0000] {dag_data.py:22} INFO - Message delivered to api [0]
[2024-12-07T00:10:09.983+0000] {dag_data.py:22} INFO - Message delivered to api [0]
[2024-12-07T00:10:09.984+0000] {dag_data.py:22} INFO - Message delivered to api [0]
[2024-12-07T00:10:09.984+0000] {dag_data.py:22} INFO - Message delivered to api [0]
[2024-12-07T00:10:09.984+0000] {dag_data.py:22} INFO - Message delivered to api [0]
[2024-12-07T00:10:09.984+0000] {dag_data.py:22} INFO - Message delivered to api [0]
[2024-12-07T00:10:09.985+0000] {dag_data.py:22} INFO - Message delivered to api [0]
[2024-12-07T00:10:09.985+0000] {dag_data.py:22} INFO - Message delivered to api [0]
[2024-12-07T00:10:09.985+0000] {dag_data.py:22} INFO - Message delivered to api [0]
[2024-12-07T00:10:09.985+0000] {dag_data.py:22} INFO - Message delivered to api [0]
[2024-12-07T00:10:09.986+0000] {dag_data.py:22} INFO - Message delivered to api [0]
[2024-12-07T00:10:09.986+0000] {dag_data.py:22} INFO - Message delivered to api [0]
[2024-12-07T00:10:09.986+0000] {dag_data.py:22} INFO - Message delivered to api [0]
[2024-12-07T00:10:09.987+0000] {dag_data.py:22} INFO - Message delivered to api [0]
[2024-12-07T00:10:09.987+0000] {dag_data.py:22} INFO - Message delivered to api [0]
[2024-12-07T00:10:09.987+0000] {dag_data.py:22} INFO - Message delivered to api [0]
[2024-12-07T00:10:09.987+0000] {dag_data.py:22} INFO - Message delivered to api [0]
[2024-12-07T00:10:09.987+0000] {dag_data.py:22} INFO - Message delivered to api [0]
[2024-12-07T00:10:09.988+0000] {dag_data.py:22} INFO - Message delivered to api [0]
[2024-12-07T00:10:09.988+0000] {dag_data.py:22} INFO - Message delivered to api [0]
[2024-12-07T00:10:09.988+0000] {dag_data.py:22} INFO - Message delivered to api [0]
[2024-12-07T00:10:09.988+0000] {dag_data.py:22} INFO - Message delivered to api [0]
[2024-12-07T00:10:09.989+0000] {dag_data.py:22} INFO - Message delivered to api [0]
[2024-12-07T00:10:09.989+0000] {dag_data.py:22} INFO - Message delivered to api [0]
[2024-12-07T00:10:09.989+0000] {dag_data.py:22} INFO - Message delivered to api [0]
[2024-12-07T00:10:09.989+0000] {dag_data.py:22} INFO - Message delivered to api [0]
[2024-12-07T00:10:09.990+0000] {dag_data.py:22} INFO - Message delivered to api [0]
[2024-12-07T00:10:09.990+0000] {dag_data.py:22} INFO - Message delivered to api [0]
[2024-12-07T00:10:09.990+0000] {dag_data.py:22} INFO - Message delivered to api [0]
[2024-12-07T00:10:09.990+0000] {dag_data.py:22} INFO - Message delivered to api [0]
[2024-12-07T00:10:09.990+0000] {dag_data.py:22} INFO - Message delivered to api [0]
[2024-12-07T00:10:09.991+0000] {dag_data.py:22} INFO - Message delivered to api [0]
[2024-12-07T00:10:09.991+0000] {dag_data.py:22} INFO - Message delivered to api [0]
[2024-12-07T00:10:09.991+0000] {dag_data.py:22} INFO - Message delivered to api [0]
[2024-12-07T00:10:09.991+0000] {dag_data.py:22} INFO - Message delivered to api [0]
[2024-12-07T00:10:09.991+0000] {dag_data.py:22} INFO - Message delivered to api [0]
[2024-12-07T00:10:09.992+0000] {dag_data.py:22} INFO - Message delivered to api [0]
[2024-12-07T00:10:09.992+0000] {dag_data.py:22} INFO - Message delivered to api [0]
[2024-12-07T00:10:09.992+0000] {dag_data.py:22} INFO - Message delivered to api [0]
[2024-12-07T00:10:09.992+0000] {dag_data.py:22} INFO - Message delivered to api [0]
[2024-12-07T00:10:09.992+0000] {dag_data.py:22} INFO - Message delivered to api [0]
[2024-12-07T00:10:09.993+0000] {dag_data.py:22} INFO - Message delivered to api [0]
[2024-12-07T00:10:09.993+0000] {dag_data.py:22} INFO - Message delivered to api [0]
[2024-12-07T00:10:09.993+0000] {dag_data.py:22} INFO - Message delivered to api [0]
[2024-12-07T00:10:09.993+0000] {dag_data.py:22} INFO - Message delivered to api [0]
[2024-12-07T00:10:09.993+0000] {dag_data.py:22} INFO - Message delivered to api [0]
[2024-12-07T00:10:09.994+0000] {dag_data.py:22} INFO - Message delivered to api [0]
[2024-12-07T00:10:09.994+0000] {dag_data.py:22} INFO - Message delivered to api [0]
[2024-12-07T00:10:09.994+0000] {dag_data.py:22} INFO - Message delivered to api [0]
[2024-12-07T00:10:09.995+0000] {dag_data.py:22} INFO - Message delivered to api [0]
[2024-12-07T00:10:09.995+0000] {dag_data.py:22} INFO - Message delivered to api [0]
[2024-12-07T00:10:09.995+0000] {dag_data.py:22} INFO - Message delivered to api [0]
[2024-12-07T00:10:09.996+0000] {dag_data.py:22} INFO - Message delivered to api [0]
[2024-12-07T00:10:09.996+0000] {dag_data.py:22} INFO - Message delivered to api [0]
[2024-12-07T00:10:09.996+0000] {dag_data.py:22} INFO - Message delivered to api [0]
[2024-12-07T00:10:09.997+0000] {dag_data.py:22} INFO - Message delivered to api [0]
[2024-12-07T00:10:09.997+0000] {dag_data.py:22} INFO - Message delivered to api [0]
[2024-12-07T00:10:09.997+0000] {dag_data.py:22} INFO - Message delivered to api [0]
[2024-12-07T00:10:09.997+0000] {dag_data.py:22} INFO - Message delivered to api [0]
[2024-12-07T00:10:09.998+0000] {dag_data.py:22} INFO - Message delivered to api [0]
[2024-12-07T00:10:09.998+0000] {dag_data.py:22} INFO - Message delivered to api [0]
[2024-12-07T00:10:09.998+0000] {dag_data.py:22} INFO - Message delivered to api [0]
[2024-12-07T00:10:09.998+0000] {dag_data.py:22} INFO - Message delivered to api [0]
[2024-12-07T00:10:09.999+0000] {dag_data.py:22} INFO - Message delivered to api [0]
[2024-12-07T00:10:09.999+0000] {dag_data.py:22} INFO - Message delivered to api [0]
[2024-12-07T00:10:09.999+0000] {dag_data.py:22} INFO - Message delivered to api [0]
[2024-12-07T00:10:09.999+0000] {dag_data.py:22} INFO - Message delivered to api [0]
[2024-12-07T00:10:10.000+0000] {dag_data.py:22} INFO - Message delivered to api [0]
[2024-12-07T00:10:10.000+0000] {dag_data.py:22} INFO - Message delivered to api [0]
[2024-12-07T00:10:10.000+0000] {dag_data.py:22} INFO - Message delivered to api [0]
[2024-12-07T00:10:10.001+0000] {dag_data.py:22} INFO - Message delivered to api [0]
[2024-12-07T00:10:10.001+0000] {dag_data.py:22} INFO - Message delivered to api [0]
[2024-12-07T00:10:10.001+0000] {dag_data.py:22} INFO - Message delivered to api [0]
[2024-12-07T00:10:10.001+0000] {dag_data.py:22} INFO - Message delivered to api [0]
[2024-12-07T00:10:10.002+0000] {dag_data.py:22} INFO - Message delivered to api [0]
[2024-12-07T00:10:10.002+0000] {dag_data.py:22} INFO - Message delivered to api [0]
[2024-12-07T00:10:10.002+0000] {dag_data.py:22} INFO - Message delivered to api [0]
[2024-12-07T00:10:10.003+0000] {dag_data.py:22} INFO - Message delivered to api [0]
[2024-12-07T00:10:10.003+0000] {dag_data.py:22} INFO - Message delivered to api [0]
[2024-12-07T00:10:10.003+0000] {dag_data.py:22} INFO - Message delivered to api [0]
[2024-12-07T00:10:10.003+0000] {dag_data.py:22} INFO - Message delivered to api [0]
[2024-12-07T00:10:10.003+0000] {dag_data.py:22} INFO - Message delivered to api [0]
[2024-12-07T00:10:10.004+0000] {dag_data.py:22} INFO - Message delivered to api [0]
[2024-12-07T00:10:10.004+0000] {dag_data.py:22} INFO - Message delivered to api [0]
[2024-12-07T00:10:10.004+0000] {dag_data.py:22} INFO - Message delivered to api [0]
[2024-12-07T00:10:10.004+0000] {dag_data.py:22} INFO - Message delivered to api [0]
[2024-12-07T00:10:10.004+0000] {dag_data.py:22} INFO - Message delivered to api [0]
[2024-12-07T00:10:10.005+0000] {dag_data.py:22} INFO - Message delivered to api [0]
[2024-12-07T00:10:10.005+0000] {dag_data.py:22} INFO - Message delivered to api [0]
[2024-12-07T00:10:10.005+0000] {dag_data.py:22} INFO - Message delivered to api [0]
[2024-12-07T00:10:10.005+0000] {dag_data.py:22} INFO - Message delivered to api [0]
[2024-12-07T00:10:10.006+0000] {dag_data.py:22} INFO - Message delivered to api [0]
[2024-12-07T00:10:10.006+0000] {dag_data.py:22} INFO - Message delivered to api [0]
[2024-12-07T00:10:10.006+0000] {dag_data.py:22} INFO - Message delivered to api [0]
[2024-12-07T00:10:10.007+0000] {dag_data.py:22} INFO - Message delivered to api [0]
[2024-12-07T00:10:10.007+0000] {dag_data.py:22} INFO - Message delivered to api [0]
[2024-12-07T00:10:10.007+0000] {dag_data.py:22} INFO - Message delivered to api [0]
[2024-12-07T00:10:10.007+0000] {dag_data.py:22} INFO - Message delivered to api [0]
[2024-12-07T00:10:10.007+0000] {dag_data.py:22} INFO - Message delivered to api [0]
[2024-12-07T00:10:10.008+0000] {dag_data.py:22} INFO - Message delivered to api [0]
[2024-12-07T00:10:10.008+0000] {dag_data.py:22} INFO - Message delivered to api [0]
[2024-12-07T00:10:10.008+0000] {dag_data.py:22} INFO - Message delivered to api [0]
[2024-12-07T00:10:10.008+0000] {dag_data.py:22} INFO - Message delivered to api [0]
[2024-12-07T00:10:10.008+0000] {dag_data.py:22} INFO - Message delivered to api [0]
[2024-12-07T00:10:10.009+0000] {dag_data.py:22} INFO - Message delivered to api [0]
[2024-12-07T00:10:10.009+0000] {dag_data.py:22} INFO - Message delivered to api [0]
[2024-12-07T00:10:10.009+0000] {dag_data.py:22} INFO - Message delivered to api [0]
[2024-12-07T00:10:10.009+0000] {dag_data.py:22} INFO - Message delivered to api [0]
[2024-12-07T00:10:10.009+0000] {dag_data.py:22} INFO - Message delivered to api [0]
[2024-12-07T00:10:10.009+0000] {dag_data.py:22} INFO - Message delivered to api [0]
[2024-12-07T00:10:10.010+0000] {dag_data.py:22} INFO - Message delivered to api [0]
[2024-12-07T00:10:10.010+0000] {dag_data.py:22} INFO - Message delivered to api [0]
[2024-12-07T00:10:10.010+0000] {dag_data.py:22} INFO - Message delivered to api [0]
[2024-12-07T00:10:10.010+0000] {dag_data.py:22} INFO - Message delivered to api [0]
[2024-12-07T00:10:10.010+0000] {dag_data.py:22} INFO - Message delivered to api [0]
[2024-12-07T00:10:10.010+0000] {dag_data.py:22} INFO - Message delivered to api [0]
[2024-12-07T00:10:10.011+0000] {dag_data.py:22} INFO - Message delivered to api [0]
[2024-12-07T00:10:10.011+0000] {dag_data.py:22} INFO - Message delivered to api [0]
[2024-12-07T00:10:10.011+0000] {dag_data.py:22} INFO - Message delivered to api [0]
[2024-12-07T00:10:10.012+0000] {dag_data.py:22} INFO - Message delivered to api [0]
[2024-12-07T00:10:10.012+0000] {dag_data.py:22} INFO - Message delivered to api [0]
[2024-12-07T00:10:10.012+0000] {dag_data.py:22} INFO - Message delivered to api [0]
[2024-12-07T00:10:10.013+0000] {dag_data.py:22} INFO - Message delivered to api [0]
[2024-12-07T00:10:10.013+0000] {dag_data.py:22} INFO - Message delivered to api [0]
[2024-12-07T00:10:10.013+0000] {dag_data.py:22} INFO - Message delivered to api [0]
[2024-12-07T00:10:10.013+0000] {dag_data.py:22} INFO - Message delivered to api [0]
[2024-12-07T00:10:10.013+0000] {dag_data.py:22} INFO - Message delivered to api [0]
[2024-12-07T00:10:10.014+0000] {dag_data.py:22} INFO - Message delivered to api [0]
[2024-12-07T00:10:10.014+0000] {dag_data.py:22} INFO - Message delivered to api [0]
[2024-12-07T00:10:10.014+0000] {dag_data.py:22} INFO - Message delivered to api [0]
[2024-12-07T00:10:10.014+0000] {dag_data.py:22} INFO - Message delivered to api [0]
[2024-12-07T00:10:10.015+0000] {dag_data.py:22} INFO - Message delivered to api [0]
[2024-12-07T00:10:10.015+0000] {dag_data.py:22} INFO - Message delivered to api [0]
[2024-12-07T00:10:10.015+0000] {dag_data.py:22} INFO - Message delivered to api [0]
[2024-12-07T00:10:10.015+0000] {dag_data.py:22} INFO - Message delivered to api [0]
[2024-12-07T00:10:10.016+0000] {dag_data.py:22} INFO - Message delivered to api [0]
[2024-12-07T00:10:10.016+0000] {dag_data.py:22} INFO - Message delivered to api [0]
[2024-12-07T00:10:10.016+0000] {dag_data.py:22} INFO - Message delivered to api [0]
[2024-12-07T00:10:10.016+0000] {dag_data.py:22} INFO - Message delivered to api [0]
[2024-12-07T00:10:10.017+0000] {dag_data.py:22} INFO - Message delivered to api [0]
[2024-12-07T00:10:10.017+0000] {dag_data.py:22} INFO - Message delivered to api [0]
[2024-12-07T00:10:10.017+0000] {dag_data.py:22} INFO - Message delivered to api [0]
[2024-12-07T00:10:10.017+0000] {dag_data.py:22} INFO - Message delivered to api [0]
[2024-12-07T00:10:10.017+0000] {dag_data.py:22} INFO - Message delivered to api [0]
[2024-12-07T00:10:10.018+0000] {dag_data.py:22} INFO - Message delivered to api [0]
[2024-12-07T00:10:10.018+0000] {dag_data.py:22} INFO - Message delivered to api [0]
[2024-12-07T00:10:10.018+0000] {dag_data.py:22} INFO - Message delivered to api [0]
[2024-12-07T00:10:10.018+0000] {dag_data.py:22} INFO - Message delivered to api [0]
[2024-12-07T00:10:10.019+0000] {dag_data.py:22} INFO - Message delivered to api [0]
[2024-12-07T00:10:10.019+0000] {dag_data.py:22} INFO - Message delivered to api [0]
[2024-12-07T00:10:10.019+0000] {dag_data.py:22} INFO - Message delivered to api [0]
[2024-12-07T00:10:10.019+0000] {dag_data.py:22} INFO - Message delivered to api [0]
[2024-12-07T00:10:10.020+0000] {dag_data.py:22} INFO - Message delivered to api [0]
[2024-12-07T00:10:10.020+0000] {dag_data.py:22} INFO - Message delivered to api [0]
[2024-12-07T00:10:10.020+0000] {dag_data.py:22} INFO - Message delivered to api [0]
[2024-12-07T00:10:10.020+0000] {dag_data.py:22} INFO - Message delivered to api [0]
[2024-12-07T00:10:10.021+0000] {dag_data.py:22} INFO - Message delivered to api [0]
[2024-12-07T00:10:10.021+0000] {dag_data.py:22} INFO - Message delivered to api [0]
[2024-12-07T00:10:10.021+0000] {dag_data.py:22} INFO - Message delivered to api [0]
[2024-12-07T00:10:10.021+0000] {dag_data.py:22} INFO - Message delivered to api [0]
[2024-12-07T00:10:10.021+0000] {dag_data.py:22} INFO - Message delivered to api [0]
[2024-12-07T00:10:10.022+0000] {dag_data.py:22} INFO - Message delivered to api [0]
[2024-12-07T00:10:10.022+0000] {dag_data.py:22} INFO - Message delivered to api [0]
[2024-12-07T00:10:10.022+0000] {dag_data.py:22} INFO - Message delivered to api [0]
[2024-12-07T00:10:10.023+0000] {dag_data.py:22} INFO - Message delivered to api [0]
[2024-12-07T00:10:10.023+0000] {dag_data.py:22} INFO - Message delivered to api [0]
[2024-12-07T00:10:10.023+0000] {dag_data.py:22} INFO - Message delivered to api [0]
[2024-12-07T00:10:10.023+0000] {dag_data.py:22} INFO - Message delivered to api [0]
[2024-12-07T00:10:10.024+0000] {dag_data.py:22} INFO - Message delivered to api [0]
[2024-12-07T00:10:10.024+0000] {dag_data.py:22} INFO - Message delivered to api [0]
[2024-12-07T00:10:10.024+0000] {dag_data.py:22} INFO - Message delivered to api [0]
[2024-12-07T00:10:10.024+0000] {dag_data.py:22} INFO - Message delivered to api [0]
[2024-12-07T00:10:10.025+0000] {dag_data.py:22} INFO - Message delivered to api [0]
[2024-12-07T00:10:10.025+0000] {dag_data.py:22} INFO - Message delivered to api [0]
[2024-12-07T00:10:10.025+0000] {dag_data.py:22} INFO - Message delivered to api [0]
[2024-12-07T00:10:10.025+0000] {dag_data.py:22} INFO - Message delivered to api [0]
[2024-12-07T00:10:10.026+0000] {dag_data.py:22} INFO - Message delivered to api [0]
[2024-12-07T00:10:10.026+0000] {dag_data.py:22} INFO - Message delivered to api [0]
[2024-12-07T00:10:10.026+0000] {dag_data.py:22} INFO - Message delivered to api [0]
[2024-12-07T00:10:10.027+0000] {dag_data.py:22} INFO - Message delivered to api [0]
[2024-12-07T00:10:10.027+0000] {dag_data.py:22} INFO - Message delivered to api [0]
[2024-12-07T00:10:10.027+0000] {dag_data.py:22} INFO - Message delivered to api [0]
[2024-12-07T00:10:10.027+0000] {dag_data.py:22} INFO - Message delivered to api [0]
[2024-12-07T00:10:10.027+0000] {dag_data.py:22} INFO - Message delivered to api [0]
[2024-12-07T00:10:10.028+0000] {dag_data.py:22} INFO - Message delivered to api [0]
[2024-12-07T00:10:10.028+0000] {dag_data.py:22} INFO - Message delivered to api [0]
[2024-12-07T00:10:10.028+0000] {dag_data.py:22} INFO - Message delivered to api [0]
[2024-12-07T00:10:10.029+0000] {dag_data.py:22} INFO - Message delivered to api [0]
[2024-12-07T00:10:10.029+0000] {dag_data.py:22} INFO - Message delivered to api [0]
[2024-12-07T00:10:10.029+0000] {dag_data.py:22} INFO - Message delivered to api [0]
[2024-12-07T00:10:10.029+0000] {dag_data.py:22} INFO - Message delivered to api [0]
[2024-12-07T00:10:10.029+0000] {dag_data.py:22} INFO - Message delivered to api [0]
[2024-12-07T00:10:10.030+0000] {dag_data.py:22} INFO - Message delivered to api [0]
[2024-12-07T00:10:10.030+0000] {dag_data.py:22} INFO - Message delivered to api [0]
[2024-12-07T00:10:10.030+0000] {dag_data.py:22} INFO - Message delivered to api [0]
[2024-12-07T00:10:10.030+0000] {dag_data.py:22} INFO - Message delivered to api [0]
[2024-12-07T00:10:10.030+0000] {dag_data.py:22} INFO - Message delivered to api [0]
[2024-12-07T00:10:10.031+0000] {dag_data.py:22} INFO - Message delivered to api [0]
[2024-12-07T00:10:10.031+0000] {dag_data.py:22} INFO - Message delivered to api [0]
[2024-12-07T00:10:10.031+0000] {dag_data.py:22} INFO - Message delivered to api [0]
[2024-12-07T00:10:10.031+0000] {dag_data.py:22} INFO - Message delivered to api [0]
[2024-12-07T00:10:10.032+0000] {dag_data.py:22} INFO - Message delivered to api [0]
[2024-12-07T00:10:10.032+0000] {dag_data.py:22} INFO - Message delivered to api [0]
[2024-12-07T00:10:10.032+0000] {dag_data.py:22} INFO - Message delivered to api [0]
[2024-12-07T00:10:10.032+0000] {dag_data.py:22} INFO - Message delivered to api [0]
[2024-12-07T00:10:10.032+0000] {dag_data.py:22} INFO - Message delivered to api [0]
[2024-12-07T00:10:10.033+0000] {dag_data.py:22} INFO - Message delivered to api [0]
[2024-12-07T00:10:10.033+0000] {dag_data.py:22} INFO - Message delivered to api [0]
[2024-12-07T00:10:10.033+0000] {dag_data.py:22} INFO - Message delivered to api [0]
[2024-12-07T00:10:10.033+0000] {dag_data.py:22} INFO - Message delivered to api [0]
[2024-12-07T00:10:10.034+0000] {dag_data.py:22} INFO - Message delivered to api [0]
[2024-12-07T00:10:10.034+0000] {dag_data.py:22} INFO - Message delivered to api [0]
[2024-12-07T00:10:10.034+0000] {dag_data.py:22} INFO - Message delivered to api [0]
[2024-12-07T00:10:10.034+0000] {dag_data.py:22} INFO - Message delivered to api [0]
[2024-12-07T00:10:10.034+0000] {dag_data.py:22} INFO - Message delivered to api [0]
[2024-12-07T00:10:10.035+0000] {dag_data.py:22} INFO - Message delivered to api [0]
[2024-12-07T00:10:10.035+0000] {dag_data.py:22} INFO - Message delivered to api [0]
[2024-12-07T00:10:10.035+0000] {dag_data.py:22} INFO - Message delivered to api [0]
[2024-12-07T00:10:10.035+0000] {dag_data.py:22} INFO - Message delivered to api [0]
[2024-12-07T00:10:10.036+0000] {dag_data.py:22} INFO - Message delivered to api [0]
[2024-12-07T00:10:10.036+0000] {dag_data.py:22} INFO - Message delivered to api [0]
[2024-12-07T00:10:10.036+0000] {dag_data.py:22} INFO - Message delivered to api [0]
[2024-12-07T00:10:10.036+0000] {dag_data.py:22} INFO - Message delivered to api [0]
[2024-12-07T00:10:10.037+0000] {dag_data.py:22} INFO - Message delivered to api [0]
[2024-12-07T00:10:10.037+0000] {dag_data.py:22} INFO - Message delivered to api [0]
[2024-12-07T00:10:10.037+0000] {dag_data.py:22} INFO - Message delivered to api [0]
[2024-12-07T00:10:10.037+0000] {dag_data.py:22} INFO - Message delivered to api [0]
[2024-12-07T00:10:10.037+0000] {dag_data.py:22} INFO - Message delivered to api [0]
[2024-12-07T00:10:10.037+0000] {dag_data.py:22} INFO - Message delivered to api [0]
[2024-12-07T00:10:10.038+0000] {dag_data.py:22} INFO - Message delivered to api [0]
[2024-12-07T00:10:10.038+0000] {dag_data.py:22} INFO - Message delivered to api [0]
[2024-12-07T00:10:10.038+0000] {dag_data.py:22} INFO - Message delivered to api [0]
[2024-12-07T00:10:10.038+0000] {dag_data.py:22} INFO - Message delivered to api [0]
[2024-12-07T00:10:10.038+0000] {dag_data.py:22} INFO - Message delivered to api [0]
[2024-12-07T00:10:10.039+0000] {dag_data.py:22} INFO - Message delivered to api [0]
[2024-12-07T00:10:10.039+0000] {dag_data.py:22} INFO - Message delivered to api [0]
[2024-12-07T00:10:10.039+0000] {dag_data.py:22} INFO - Message delivered to api [0]
[2024-12-07T00:10:10.039+0000] {dag_data.py:22} INFO - Message delivered to api [0]
[2024-12-07T00:10:10.039+0000] {dag_data.py:22} INFO - Message delivered to api [0]
[2024-12-07T00:10:10.040+0000] {dag_data.py:22} INFO - Message delivered to api [0]
[2024-12-07T00:10:10.040+0000] {dag_data.py:22} INFO - Message delivered to api [0]
[2024-12-07T00:10:10.040+0000] {dag_data.py:22} INFO - Message delivered to api [0]
[2024-12-07T00:10:10.040+0000] {dag_data.py:22} INFO - Message delivered to api [0]
[2024-12-07T00:10:10.040+0000] {dag_data.py:22} INFO - Message delivered to api [0]
[2024-12-07T00:10:10.041+0000] {dag_data.py:22} INFO - Message delivered to api [0]
[2024-12-07T00:10:10.041+0000] {dag_data.py:22} INFO - Message delivered to api [0]
[2024-12-07T00:10:10.041+0000] {dag_data.py:22} INFO - Message delivered to api [0]
[2024-12-07T00:10:10.041+0000] {dag_data.py:22} INFO - Message delivered to api [0]
[2024-12-07T00:10:10.041+0000] {dag_data.py:22} INFO - Message delivered to api [0]
[2024-12-07T00:10:10.042+0000] {dag_data.py:22} INFO - Message delivered to api [0]
[2024-12-07T00:10:10.042+0000] {dag_data.py:22} INFO - Message delivered to api [0]
[2024-12-07T00:10:10.042+0000] {dag_data.py:22} INFO - Message delivered to api [0]
[2024-12-07T00:10:10.042+0000] {dag_data.py:22} INFO - Message delivered to api [0]
[2024-12-07T00:10:10.043+0000] {dag_data.py:22} INFO - Message delivered to api [0]
[2024-12-07T00:10:10.043+0000] {dag_data.py:22} INFO - Message delivered to api [0]
[2024-12-07T00:10:10.043+0000] {dag_data.py:22} INFO - Message delivered to api [0]
[2024-12-07T00:10:10.043+0000] {dag_data.py:22} INFO - Message delivered to api [0]
[2024-12-07T00:10:10.043+0000] {dag_data.py:22} INFO - Message delivered to api [0]
[2024-12-07T00:10:10.044+0000] {dag_data.py:22} INFO - Message delivered to api [0]
[2024-12-07T00:10:10.044+0000] {dag_data.py:22} INFO - Message delivered to api [0]
[2024-12-07T00:10:10.044+0000] {dag_data.py:22} INFO - Message delivered to api [0]
[2024-12-07T00:10:10.044+0000] {dag_data.py:22} INFO - Message delivered to api [0]
[2024-12-07T00:10:10.044+0000] {dag_data.py:22} INFO - Message delivered to api [0]
[2024-12-07T00:10:10.045+0000] {dag_data.py:22} INFO - Message delivered to api [0]
[2024-12-07T00:10:10.045+0000] {dag_data.py:22} INFO - Message delivered to api [0]
[2024-12-07T00:10:10.045+0000] {dag_data.py:22} INFO - Message delivered to api [0]
[2024-12-07T00:10:10.046+0000] {dag_data.py:22} INFO - Message delivered to api [0]
[2024-12-07T00:10:10.046+0000] {dag_data.py:22} INFO - Message delivered to api [0]
[2024-12-07T00:10:10.047+0000] {dag_data.py:22} INFO - Message delivered to api [0]
[2024-12-07T00:10:10.047+0000] {dag_data.py:22} INFO - Message delivered to api [0]
[2024-12-07T00:10:10.047+0000] {dag_data.py:22} INFO - Message delivered to api [0]
[2024-12-07T00:10:10.047+0000] {dag_data.py:22} INFO - Message delivered to api [0]
[2024-12-07T00:10:10.048+0000] {dag_data.py:22} INFO - Message delivered to api [0]
[2024-12-07T00:10:10.048+0000] {dag_data.py:22} INFO - Message delivered to api [0]
[2024-12-07T00:10:10.048+0000] {dag_data.py:22} INFO - Message delivered to api [0]
[2024-12-07T00:10:10.048+0000] {dag_data.py:22} INFO - Message delivered to api [0]
[2024-12-07T00:10:10.048+0000] {dag_data.py:22} INFO - Message delivered to api [0]
[2024-12-07T00:10:10.049+0000] {dag_data.py:22} INFO - Message delivered to api [0]
[2024-12-07T00:10:10.049+0000] {dag_data.py:22} INFO - Message delivered to api [0]
[2024-12-07T00:10:10.049+0000] {dag_data.py:22} INFO - Message delivered to api [0]
[2024-12-07T00:10:10.049+0000] {dag_data.py:22} INFO - Message delivered to api [0]
[2024-12-07T00:10:10.049+0000] {dag_data.py:22} INFO - Message delivered to api [0]
[2024-12-07T00:10:10.050+0000] {dag_data.py:22} INFO - Message delivered to api [0]
[2024-12-07T00:10:10.050+0000] {dag_data.py:22} INFO - Message delivered to api [0]
[2024-12-07T00:10:10.050+0000] {dag_data.py:22} INFO - Message delivered to api [0]
[2024-12-07T00:10:10.051+0000] {dag_data.py:22} INFO - Message delivered to api [0]
[2024-12-07T00:10:10.051+0000] {dag_data.py:22} INFO - Message delivered to api [0]
[2024-12-07T00:10:10.051+0000] {dag_data.py:22} INFO - Message delivered to api [0]
[2024-12-07T00:10:10.051+0000] {dag_data.py:22} INFO - Message delivered to api [0]
[2024-12-07T00:10:10.052+0000] {dag_data.py:22} INFO - Message delivered to api [0]
[2024-12-07T00:10:10.052+0000] {dag_data.py:22} INFO - Message delivered to api [0]
[2024-12-07T00:10:10.052+0000] {dag_data.py:22} INFO - Message delivered to api [0]
[2024-12-07T00:10:10.052+0000] {dag_data.py:22} INFO - Message delivered to api [0]
[2024-12-07T00:10:10.053+0000] {dag_data.py:22} INFO - Message delivered to api [0]
[2024-12-07T00:10:10.053+0000] {dag_data.py:22} INFO - Message delivered to api [0]
[2024-12-07T00:10:10.053+0000] {dag_data.py:22} INFO - Message delivered to api [0]
[2024-12-07T00:10:10.054+0000] {dag_data.py:22} INFO - Message delivered to api [0]
[2024-12-07T00:10:10.054+0000] {dag_data.py:22} INFO - Message delivered to api [0]
[2024-12-07T00:10:10.054+0000] {dag_data.py:22} INFO - Message delivered to api [0]
[2024-12-07T00:10:10.054+0000] {dag_data.py:22} INFO - Message delivered to api [0]
[2024-12-07T00:10:10.055+0000] {dag_data.py:22} INFO - Message delivered to api [0]
[2024-12-07T00:10:10.055+0000] {dag_data.py:22} INFO - Message delivered to api [0]
[2024-12-07T00:10:10.055+0000] {dag_data.py:22} INFO - Message delivered to api [0]
[2024-12-07T00:10:10.055+0000] {dag_data.py:22} INFO - Message delivered to api [0]
[2024-12-07T00:10:10.056+0000] {dag_data.py:22} INFO - Message delivered to api [0]
[2024-12-07T00:10:10.056+0000] {dag_data.py:22} INFO - Message delivered to api [0]
[2024-12-07T00:10:10.057+0000] {dag_data.py:22} INFO - Message delivered to api [0]
[2024-12-07T00:10:10.057+0000] {dag_data.py:22} INFO - Message delivered to api [0]
[2024-12-07T00:10:10.057+0000] {dag_data.py:22} INFO - Message delivered to api [0]
[2024-12-07T00:10:10.057+0000] {dag_data.py:22} INFO - Message delivered to api [0]
[2024-12-07T00:10:10.057+0000] {dag_data.py:22} INFO - Message delivered to api [0]
[2024-12-07T00:10:10.058+0000] {dag_data.py:22} INFO - Message delivered to api [0]
[2024-12-07T00:10:10.058+0000] {dag_data.py:22} INFO - Message delivered to api [0]
[2024-12-07T00:10:10.058+0000] {dag_data.py:22} INFO - Message delivered to api [0]
[2024-12-07T00:10:10.058+0000] {dag_data.py:22} INFO - Message delivered to api [0]
[2024-12-07T00:10:10.058+0000] {dag_data.py:22} INFO - Message delivered to api [0]
[2024-12-07T00:10:10.059+0000] {dag_data.py:22} INFO - Message delivered to api [0]
[2024-12-07T00:10:10.059+0000] {dag_data.py:22} INFO - Message delivered to api [0]
[2024-12-07T00:10:10.059+0000] {dag_data.py:22} INFO - Message delivered to api [0]
[2024-12-07T00:10:10.059+0000] {dag_data.py:22} INFO - Message delivered to api [0]
[2024-12-07T00:10:10.059+0000] {dag_data.py:22} INFO - Message delivered to api [0]
[2024-12-07T00:10:10.060+0000] {dag_data.py:22} INFO - Message delivered to api [0]
[2024-12-07T00:10:10.060+0000] {dag_data.py:22} INFO - Message delivered to api [0]
[2024-12-07T00:10:10.060+0000] {dag_data.py:22} INFO - Message delivered to api [0]
[2024-12-07T00:10:10.060+0000] {dag_data.py:22} INFO - Message delivered to api [0]
[2024-12-07T00:10:10.061+0000] {dag_data.py:22} INFO - Message delivered to api [0]
[2024-12-07T00:10:10.061+0000] {dag_data.py:22} INFO - Message delivered to api [0]
[2024-12-07T00:10:10.061+0000] {dag_data.py:22} INFO - Message delivered to api [0]
[2024-12-07T00:10:10.061+0000] {dag_data.py:22} INFO - Message delivered to api [0]
[2024-12-07T00:10:10.062+0000] {dag_data.py:22} INFO - Message delivered to api [0]
[2024-12-07T00:10:10.062+0000] {dag_data.py:22} INFO - Message delivered to api [0]
[2024-12-07T00:10:10.062+0000] {dag_data.py:22} INFO - Message delivered to api [0]
[2024-12-07T00:10:10.063+0000] {dag_data.py:22} INFO - Message delivered to api [0]
[2024-12-07T00:10:10.063+0000] {dag_data.py:22} INFO - Message delivered to api [0]
[2024-12-07T00:10:10.063+0000] {dag_data.py:22} INFO - Message delivered to api [0]
[2024-12-07T00:10:10.063+0000] {dag_data.py:22} INFO - Message delivered to api [0]
[2024-12-07T00:10:10.063+0000] {dag_data.py:22} INFO - Message delivered to api [0]
[2024-12-07T00:10:10.064+0000] {dag_data.py:22} INFO - Message delivered to api [0]
[2024-12-07T00:10:10.064+0000] {dag_data.py:22} INFO - Message delivered to api [0]
[2024-12-07T00:10:10.064+0000] {dag_data.py:22} INFO - Message delivered to api [0]
[2024-12-07T00:10:10.064+0000] {dag_data.py:22} INFO - Message delivered to api [0]
[2024-12-07T00:10:10.065+0000] {dag_data.py:22} INFO - Message delivered to api [0]
[2024-12-07T00:10:10.065+0000] {dag_data.py:22} INFO - Message delivered to api [0]
[2024-12-07T00:10:10.065+0000] {dag_data.py:22} INFO - Message delivered to api [0]
[2024-12-07T00:10:10.065+0000] {dag_data.py:22} INFO - Message delivered to api [0]
[2024-12-07T00:10:10.065+0000] {dag_data.py:22} INFO - Message delivered to api [0]
[2024-12-07T00:10:10.066+0000] {dag_data.py:22} INFO - Message delivered to api [0]
[2024-12-07T00:10:10.066+0000] {dag_data.py:22} INFO - Message delivered to api [0]
[2024-12-07T00:10:10.066+0000] {dag_data.py:22} INFO - Message delivered to api [0]
[2024-12-07T00:10:10.067+0000] {dag_data.py:22} INFO - Message delivered to api [0]
[2024-12-07T00:10:10.067+0000] {dag_data.py:22} INFO - Message delivered to api [0]
[2024-12-07T00:10:10.067+0000] {dag_data.py:22} INFO - Message delivered to api [0]
[2024-12-07T00:10:10.067+0000] {dag_data.py:22} INFO - Message delivered to api [0]
[2024-12-07T00:10:10.067+0000] {dag_data.py:22} INFO - Message delivered to api [0]
[2024-12-07T00:10:10.068+0000] {dag_data.py:22} INFO - Message delivered to api [0]
[2024-12-07T00:10:10.068+0000] {dag_data.py:22} INFO - Message delivered to api [0]
[2024-12-07T00:10:10.068+0000] {dag_data.py:22} INFO - Message delivered to api [0]
[2024-12-07T00:10:10.068+0000] {dag_data.py:22} INFO - Message delivered to api [0]
[2024-12-07T00:10:10.068+0000] {dag_data.py:22} INFO - Message delivered to api [0]
[2024-12-07T00:10:10.069+0000] {dag_data.py:22} INFO - Message delivered to api [0]
[2024-12-07T00:10:10.069+0000] {dag_data.py:22} INFO - Message delivered to api [0]
[2024-12-07T00:10:10.069+0000] {dag_data.py:22} INFO - Message delivered to api [0]
[2024-12-07T00:10:10.069+0000] {dag_data.py:22} INFO - Message delivered to api [0]
[2024-12-07T00:10:10.069+0000] {dag_data.py:22} INFO - Message delivered to api [0]
[2024-12-07T00:10:10.070+0000] {dag_data.py:22} INFO - Message delivered to api [0]
[2024-12-07T00:10:10.070+0000] {dag_data.py:22} INFO - Message delivered to api [0]
[2024-12-07T00:10:10.070+0000] {dag_data.py:22} INFO - Message delivered to api [0]
[2024-12-07T00:10:10.070+0000] {dag_data.py:22} INFO - Message delivered to api [0]
[2024-12-07T00:10:10.071+0000] {dag_data.py:22} INFO - Message delivered to api [0]
[2024-12-07T00:10:10.071+0000] {dag_data.py:22} INFO - Message delivered to api [0]
[2024-12-07T00:10:10.071+0000] {dag_data.py:22} INFO - Message delivered to api [0]
[2024-12-07T00:10:10.071+0000] {dag_data.py:22} INFO - Message delivered to api [0]
[2024-12-07T00:10:10.071+0000] {dag_data.py:22} INFO - Message delivered to api [0]
[2024-12-07T00:10:10.072+0000] {dag_data.py:22} INFO - Message delivered to api [0]
[2024-12-07T00:10:10.072+0000] {dag_data.py:22} INFO - Message delivered to api [0]
[2024-12-07T00:10:10.072+0000] {dag_data.py:22} INFO - Message delivered to api [0]
[2024-12-07T00:10:10.072+0000] {dag_data.py:22} INFO - Message delivered to api [0]
[2024-12-07T00:10:10.072+0000] {dag_data.py:22} INFO - Message delivered to api [0]
[2024-12-07T00:10:10.073+0000] {dag_data.py:22} INFO - Message delivered to api [0]
[2024-12-07T00:10:10.073+0000] {dag_data.py:22} INFO - Message delivered to api [0]
[2024-12-07T00:10:10.073+0000] {dag_data.py:22} INFO - Message delivered to api [0]
[2024-12-07T00:10:10.073+0000] {dag_data.py:22} INFO - Message delivered to api [0]
[2024-12-07T00:10:10.073+0000] {dag_data.py:22} INFO - Message delivered to api [0]
[2024-12-07T00:10:10.074+0000] {dag_data.py:22} INFO - Message delivered to api [0]
[2024-12-07T00:10:10.074+0000] {dag_data.py:22} INFO - Message delivered to api [0]
[2024-12-07T00:10:10.074+0000] {dag_data.py:22} INFO - Message delivered to api [0]
[2024-12-07T00:10:10.074+0000] {dag_data.py:22} INFO - Message delivered to api [0]
[2024-12-07T00:10:10.075+0000] {dag_data.py:22} INFO - Message delivered to api [0]
[2024-12-07T00:10:10.075+0000] {dag_data.py:22} INFO - Message delivered to api [0]
[2024-12-07T00:10:10.075+0000] {dag_data.py:22} INFO - Message delivered to api [0]
[2024-12-07T00:10:10.076+0000] {dag_data.py:22} INFO - Message delivered to api [0]
[2024-12-07T00:10:10.076+0000] {dag_data.py:22} INFO - Message delivered to api [0]
[2024-12-07T00:10:10.076+0000] {dag_data.py:22} INFO - Message delivered to api [0]
[2024-12-07T00:10:10.076+0000] {dag_data.py:22} INFO - Message delivered to api [0]
[2024-12-07T00:10:10.076+0000] {dag_data.py:22} INFO - Message delivered to api [0]
[2024-12-07T00:10:10.077+0000] {dag_data.py:22} INFO - Message delivered to api [0]
[2024-12-07T00:10:10.077+0000] {dag_data.py:22} INFO - Message delivered to api [0]
[2024-12-07T00:10:10.077+0000] {dag_data.py:22} INFO - Message delivered to api [0]
[2024-12-07T00:10:10.078+0000] {dag_data.py:22} INFO - Message delivered to api [0]
[2024-12-07T00:10:10.078+0000] {dag_data.py:22} INFO - Message delivered to api [0]
[2024-12-07T00:10:10.079+0000] {dag_data.py:22} INFO - Message delivered to api [0]
[2024-12-07T00:10:10.079+0000] {dag_data.py:22} INFO - Message delivered to api [0]
[2024-12-07T00:10:10.080+0000] {dag_data.py:22} INFO - Message delivered to api [0]
[2024-12-07T00:10:10.080+0000] {dag_data.py:22} INFO - Message delivered to api [0]
[2024-12-07T00:10:10.080+0000] {dag_data.py:22} INFO - Message delivered to api [0]
[2024-12-07T00:10:10.080+0000] {dag_data.py:22} INFO - Message delivered to api [0]
[2024-12-07T00:10:10.080+0000] {dag_data.py:22} INFO - Message delivered to api [0]
[2024-12-07T00:10:10.081+0000] {dag_data.py:22} INFO - Message delivered to api [0]
[2024-12-07T00:10:10.081+0000] {dag_data.py:22} INFO - Message delivered to api [0]
[2024-12-07T00:10:10.081+0000] {dag_data.py:22} INFO - Message delivered to api [0]
[2024-12-07T00:10:10.081+0000] {dag_data.py:22} INFO - Message delivered to api [0]
[2024-12-07T00:10:10.082+0000] {dag_data.py:22} INFO - Message delivered to api [0]
[2024-12-07T00:10:10.082+0000] {dag_data.py:22} INFO - Message delivered to api [0]
[2024-12-07T00:10:10.082+0000] {dag_data.py:22} INFO - Message delivered to api [0]
[2024-12-07T00:10:10.082+0000] {dag_data.py:22} INFO - Message delivered to api [0]
[2024-12-07T00:10:10.082+0000] {dag_data.py:22} INFO - Message delivered to api [0]
[2024-12-07T00:10:10.082+0000] {dag_data.py:22} INFO - Message delivered to api [0]
[2024-12-07T00:10:10.083+0000] {dag_data.py:22} INFO - Message delivered to api [0]
[2024-12-07T00:10:10.083+0000] {dag_data.py:22} INFO - Message delivered to api [0]
[2024-12-07T00:10:10.083+0000] {dag_data.py:22} INFO - Message delivered to api [0]
[2024-12-07T00:10:10.083+0000] {dag_data.py:22} INFO - Message delivered to api [0]
[2024-12-07T00:10:10.084+0000] {dag_data.py:22} INFO - Message delivered to api [0]
[2024-12-07T00:10:10.084+0000] {dag_data.py:22} INFO - Message delivered to api [0]
[2024-12-07T00:10:10.084+0000] {dag_data.py:22} INFO - Message delivered to api [0]
[2024-12-07T00:10:10.085+0000] {dag_data.py:22} INFO - Message delivered to api [0]
[2024-12-07T00:10:10.085+0000] {dag_data.py:22} INFO - Message delivered to api [0]
[2024-12-07T00:10:10.085+0000] {dag_data.py:22} INFO - Message delivered to api [0]
[2024-12-07T00:10:10.085+0000] {dag_data.py:22} INFO - Message delivered to api [0]
[2024-12-07T00:10:10.086+0000] {dag_data.py:22} INFO - Message delivered to api [0]
[2024-12-07T00:10:10.086+0000] {dag_data.py:22} INFO - Message delivered to api [0]
[2024-12-07T00:10:10.086+0000] {dag_data.py:22} INFO - Message delivered to api [0]
[2024-12-07T00:10:10.086+0000] {dag_data.py:22} INFO - Message delivered to api [0]
[2024-12-07T00:10:10.087+0000] {dag_data.py:22} INFO - Message delivered to api [0]
[2024-12-07T00:10:10.087+0000] {dag_data.py:22} INFO - Message delivered to api [0]
[2024-12-07T00:10:10.087+0000] {dag_data.py:22} INFO - Message delivered to api [0]
[2024-12-07T00:10:10.087+0000] {dag_data.py:22} INFO - Message delivered to api [0]
[2024-12-07T00:10:10.088+0000] {dag_data.py:22} INFO - Message delivered to api [0]
[2024-12-07T00:10:10.088+0000] {dag_data.py:22} INFO - Message delivered to api [0]
[2024-12-07T00:10:10.088+0000] {dag_data.py:22} INFO - Message delivered to api [0]
[2024-12-07T00:10:10.088+0000] {dag_data.py:22} INFO - Message delivered to api [0]
[2024-12-07T00:10:10.088+0000] {dag_data.py:22} INFO - Message delivered to api [0]
[2024-12-07T00:10:10.089+0000] {dag_data.py:22} INFO - Message delivered to api [0]
[2024-12-07T00:10:10.089+0000] {dag_data.py:22} INFO - Message delivered to api [0]
[2024-12-07T00:10:10.089+0000] {dag_data.py:22} INFO - Message delivered to api [0]
[2024-12-07T00:10:10.089+0000] {dag_data.py:22} INFO - Message delivered to api [0]
[2024-12-07T00:10:10.090+0000] {dag_data.py:22} INFO - Message delivered to api [0]
[2024-12-07T00:10:10.090+0000] {dag_data.py:22} INFO - Message delivered to api [0]
[2024-12-07T00:10:10.090+0000] {dag_data.py:22} INFO - Message delivered to api [0]
[2024-12-07T00:10:10.090+0000] {dag_data.py:22} INFO - Message delivered to api [0]
[2024-12-07T00:10:10.091+0000] {dag_data.py:22} INFO - Message delivered to api [0]
[2024-12-07T00:10:10.091+0000] {dag_data.py:22} INFO - Message delivered to api [0]
[2024-12-07T00:10:10.091+0000] {dag_data.py:22} INFO - Message delivered to api [0]
[2024-12-07T00:10:10.091+0000] {dag_data.py:22} INFO - Message delivered to api [0]
[2024-12-07T00:10:10.091+0000] {dag_data.py:22} INFO - Message delivered to api [0]
[2024-12-07T00:10:10.092+0000] {dag_data.py:22} INFO - Message delivered to api [0]
[2024-12-07T00:10:10.092+0000] {dag_data.py:22} INFO - Message delivered to api [0]
[2024-12-07T00:10:10.092+0000] {dag_data.py:22} INFO - Message delivered to api [0]
[2024-12-07T00:10:10.092+0000] {dag_data.py:22} INFO - Message delivered to api [0]
[2024-12-07T00:10:10.092+0000] {dag_data.py:22} INFO - Message delivered to api [0]
[2024-12-07T00:10:10.093+0000] {dag_data.py:22} INFO - Message delivered to api [0]
[2024-12-07T00:10:10.093+0000] {dag_data.py:22} INFO - Message delivered to api [0]
[2024-12-07T00:10:10.093+0000] {dag_data.py:22} INFO - Message delivered to api [0]
[2024-12-07T00:10:10.093+0000] {dag_data.py:22} INFO - Message delivered to api [0]
[2024-12-07T00:10:10.093+0000] {dag_data.py:22} INFO - Message delivered to api [0]
[2024-12-07T00:10:10.094+0000] {dag_data.py:22} INFO - Message delivered to api [0]
[2024-12-07T00:10:10.094+0000] {dag_data.py:22} INFO - Message delivered to api [0]
[2024-12-07T00:10:10.094+0000] {dag_data.py:22} INFO - Message delivered to api [0]
[2024-12-07T00:10:10.095+0000] {dag_data.py:22} INFO - Message delivered to api [0]
[2024-12-07T00:10:10.095+0000] {dag_data.py:22} INFO - Message delivered to api [0]
[2024-12-07T00:10:10.095+0000] {dag_data.py:22} INFO - Message delivered to api [0]
[2024-12-07T00:10:10.096+0000] {dag_data.py:22} INFO - Message delivered to api [0]
[2024-12-07T00:10:10.096+0000] {dag_data.py:22} INFO - Message delivered to api [0]
[2024-12-07T00:10:10.096+0000] {dag_data.py:22} INFO - Message delivered to api [0]
[2024-12-07T00:10:10.097+0000] {dag_data.py:22} INFO - Message delivered to api [0]
[2024-12-07T00:10:10.097+0000] {dag_data.py:22} INFO - Message delivered to api [0]
[2024-12-07T00:10:10.097+0000] {dag_data.py:22} INFO - Message delivered to api [0]
[2024-12-07T00:10:10.097+0000] {dag_data.py:22} INFO - Message delivered to api [0]
[2024-12-07T00:10:10.097+0000] {dag_data.py:22} INFO - Message delivered to api [0]
[2024-12-07T00:10:10.098+0000] {dag_data.py:22} INFO - Message delivered to api [0]
[2024-12-07T00:10:10.098+0000] {dag_data.py:22} INFO - Message delivered to api [0]
[2024-12-07T00:10:10.098+0000] {dag_data.py:22} INFO - Message delivered to api [0]
[2024-12-07T00:10:10.098+0000] {dag_data.py:22} INFO - Message delivered to api [0]
[2024-12-07T00:10:10.099+0000] {dag_data.py:22} INFO - Message delivered to api [0]
[2024-12-07T00:10:10.099+0000] {dag_data.py:22} INFO - Message delivered to api [0]
[2024-12-07T00:10:10.099+0000] {dag_data.py:22} INFO - Message delivered to api [0]
[2024-12-07T00:10:10.099+0000] {dag_data.py:22} INFO - Message delivered to api [0]
[2024-12-07T00:10:10.099+0000] {dag_data.py:22} INFO - Message delivered to api [0]
[2024-12-07T00:10:10.100+0000] {dag_data.py:22} INFO - Message delivered to api [0]
[2024-12-07T00:10:10.100+0000] {dag_data.py:22} INFO - Message delivered to api [0]
[2024-12-07T00:10:10.100+0000] {dag_data.py:22} INFO - Message delivered to api [0]
[2024-12-07T00:10:10.100+0000] {dag_data.py:22} INFO - Message delivered to api [0]
[2024-12-07T00:10:10.100+0000] {dag_data.py:22} INFO - Message delivered to api [0]
[2024-12-07T00:10:10.101+0000] {dag_data.py:22} INFO - Message delivered to api [0]
[2024-12-07T00:10:10.101+0000] {dag_data.py:22} INFO - Message delivered to api [0]
[2024-12-07T00:10:10.101+0000] {dag_data.py:22} INFO - Message delivered to api [0]
[2024-12-07T00:10:10.101+0000] {dag_data.py:22} INFO - Message delivered to api [0]
[2024-12-07T00:10:10.102+0000] {dag_data.py:22} INFO - Message delivered to api [0]
[2024-12-07T00:10:10.102+0000] {dag_data.py:22} INFO - Message delivered to api [0]
[2024-12-07T00:10:10.102+0000] {dag_data.py:22} INFO - Message delivered to api [0]
[2024-12-07T00:10:10.102+0000] {dag_data.py:22} INFO - Message delivered to api [0]
[2024-12-07T00:10:10.102+0000] {dag_data.py:22} INFO - Message delivered to api [0]
[2024-12-07T00:10:10.103+0000] {dag_data.py:22} INFO - Message delivered to api [0]
[2024-12-07T00:10:10.103+0000] {dag_data.py:22} INFO - Message delivered to api [0]
[2024-12-07T00:10:10.103+0000] {dag_data.py:22} INFO - Message delivered to api [0]
[2024-12-07T00:10:10.103+0000] {dag_data.py:22} INFO - Message delivered to api [0]
[2024-12-07T00:10:10.104+0000] {dag_data.py:22} INFO - Message delivered to api [0]
[2024-12-07T00:10:10.104+0000] {dag_data.py:22} INFO - Message delivered to api [0]
[2024-12-07T00:10:10.104+0000] {dag_data.py:22} INFO - Message delivered to api [0]
[2024-12-07T00:10:10.104+0000] {dag_data.py:22} INFO - Message delivered to api [0]
[2024-12-07T00:10:10.104+0000] {dag_data.py:22} INFO - Message delivered to api [0]
[2024-12-07T00:10:10.105+0000] {dag_data.py:22} INFO - Message delivered to api [0]
[2024-12-07T00:10:10.105+0000] {dag_data.py:22} INFO - Message delivered to api [0]
[2024-12-07T00:10:10.105+0000] {dag_data.py:22} INFO - Message delivered to api [0]
[2024-12-07T00:10:10.105+0000] {dag_data.py:22} INFO - Message delivered to api [0]
[2024-12-07T00:10:10.106+0000] {dag_data.py:22} INFO - Message delivered to api [0]
[2024-12-07T00:10:10.106+0000] {dag_data.py:22} INFO - Message delivered to api [0]
[2024-12-07T00:10:10.106+0000] {dag_data.py:22} INFO - Message delivered to api [0]
[2024-12-07T00:10:10.107+0000] {dag_data.py:22} INFO - Message delivered to api [0]
[2024-12-07T00:10:10.107+0000] {dag_data.py:22} INFO - Message delivered to api [0]
[2024-12-07T00:10:10.107+0000] {dag_data.py:22} INFO - Message delivered to api [0]
[2024-12-07T00:10:10.107+0000] {dag_data.py:22} INFO - Message delivered to api [0]
[2024-12-07T00:10:10.108+0000] {dag_data.py:22} INFO - Message delivered to api [0]
[2024-12-07T00:10:10.108+0000] {dag_data.py:22} INFO - Message delivered to api [0]
[2024-12-07T00:10:10.108+0000] {dag_data.py:22} INFO - Message delivered to api [0]
[2024-12-07T00:10:10.108+0000] {dag_data.py:22} INFO - Message delivered to api [0]
[2024-12-07T00:10:10.109+0000] {dag_data.py:22} INFO - Message delivered to api [0]
[2024-12-07T00:10:10.109+0000] {dag_data.py:22} INFO - Message delivered to api [0]
[2024-12-07T00:10:10.109+0000] {dag_data.py:22} INFO - Message delivered to api [0]
[2024-12-07T00:10:10.109+0000] {dag_data.py:22} INFO - Message delivered to api [0]
[2024-12-07T00:10:10.110+0000] {dag_data.py:22} INFO - Message delivered to api [0]
[2024-12-07T00:10:10.110+0000] {dag_data.py:22} INFO - Message delivered to api [0]
[2024-12-07T00:10:10.110+0000] {dag_data.py:22} INFO - Message delivered to api [0]
[2024-12-07T00:10:10.110+0000] {dag_data.py:22} INFO - Message delivered to api [0]
[2024-12-07T00:10:10.111+0000] {dag_data.py:22} INFO - Message delivered to api [0]
[2024-12-07T00:10:10.111+0000] {dag_data.py:22} INFO - Message delivered to api [0]
[2024-12-07T00:10:10.111+0000] {dag_data.py:22} INFO - Message delivered to api [0]
[2024-12-07T00:10:10.111+0000] {dag_data.py:22} INFO - Message delivered to api [0]
[2024-12-07T00:10:10.112+0000] {dag_data.py:22} INFO - Message delivered to api [0]
[2024-12-07T00:10:10.112+0000] {dag_data.py:22} INFO - Message delivered to api [0]
[2024-12-07T00:10:10.112+0000] {dag_data.py:22} INFO - Message delivered to api [0]
[2024-12-07T00:10:10.113+0000] {dag_data.py:22} INFO - Message delivered to api [0]
[2024-12-07T00:10:10.113+0000] {dag_data.py:22} INFO - Message delivered to api [0]
[2024-12-07T00:10:10.113+0000] {dag_data.py:22} INFO - Message delivered to api [0]
[2024-12-07T00:10:10.113+0000] {dag_data.py:22} INFO - Message delivered to api [0]
[2024-12-07T00:10:10.114+0000] {dag_data.py:22} INFO - Message delivered to api [0]
[2024-12-07T00:10:10.114+0000] {dag_data.py:22} INFO - Message delivered to api [0]
[2024-12-07T00:10:10.114+0000] {dag_data.py:22} INFO - Message delivered to api [0]
[2024-12-07T00:10:10.115+0000] {dag_data.py:22} INFO - Message delivered to api [0]
[2024-12-07T00:10:10.115+0000] {dag_data.py:22} INFO - Message delivered to api [0]
[2024-12-07T00:10:10.115+0000] {dag_data.py:22} INFO - Message delivered to api [0]
[2024-12-07T00:10:10.115+0000] {dag_data.py:22} INFO - Message delivered to api [0]
[2024-12-07T00:10:10.116+0000] {dag_data.py:22} INFO - Message delivered to api [0]
[2024-12-07T00:10:10.116+0000] {dag_data.py:22} INFO - Message delivered to api [0]
[2024-12-07T00:10:10.116+0000] {dag_data.py:22} INFO - Message delivered to api [0]
[2024-12-07T00:10:10.117+0000] {dag_data.py:22} INFO - Message delivered to api [0]
[2024-12-07T00:10:10.117+0000] {dag_data.py:22} INFO - Message delivered to api [0]
[2024-12-07T00:10:10.117+0000] {dag_data.py:80} INFO - Toutes les donnes de sales.csv ont t publies avec succs.
[2024-12-07T00:10:10.118+0000] {python.py:240} INFO - Done. Returned value was: None
[2024-12-07T00:10:10.127+0000] {taskinstance.py:340} INFO - ::group::Post task execution logs
[2024-12-07T00:10:10.127+0000] {taskinstance.py:352} INFO - Marking task as SUCCESS. dag_id=dag1, task_id=process_task_tag2, run_id=scheduled__2024-12-06T00:00:00+00:00, execution_date=20241206T000000, start_date=20241207T000008, end_date=20241207T001010
[2024-12-07T00:10:10.196+0000] {local_task_job_runner.py:266} INFO - Task exited with return code 0
[2024-12-07T00:10:10.208+0000] {taskinstance.py:3895} INFO - 0 downstream tasks scheduled from follow-on schedule check
[2024-12-07T00:10:10.209+0000] {local_task_job_runner.py:245} INFO - ::endgroup::
